  dw ZombieCaterpillarDyingPart2frame000
  dw ZombieCaterpillarDyingPart2frame001
  dw ZombieCaterpillarDyingPart2frame002
  dw ZombieCaterpillarDyingPart2frame003
  dw ZombieCaterpillarDyingPart2frame004
  dw ZombieCaterpillarDyingPart2frame005
  dw ZombieCaterpillarDyingPart2frame006
  dw ZombieCaterpillarDyingPart2frame007
  dw ZombieCaterpillarDyingPart2frame008
  dw ZombieCaterpillarDyingPart2frame009
  dw ZombieCaterpillarDyingPart2frame010
  dw ZombieCaterpillarDyingPart2frame011
  dw ZombieCaterpillarDyingPart2frame012
  dw ZombieCaterpillarDyingPart2frame013
  dw ZombieCaterpillarDyingPart2frame014
  dw ZombieCaterpillarDyingPart2frame015
  dw ZombieCaterpillarDyingPart2frame016
  dw ZombieCaterpillarDyingPart2frame017
  dw ZombieCaterpillarDyingPart2frame018
  dw ZombieCaterpillarDyingPart2frame019
  dw ZombieCaterpillarDyingPart2frame020
  dw ZombieCaterpillarDyingPart2frame021
  dw ZombieCaterpillarDyingPart2frame022
  dw ZombieCaterpillarDyingPart2frame023
  dw ZombieCaterpillarDyingPart2frame024
  dw ZombieCaterpillarDyingPart2frame025

ZombieCaterpillarDyingPart2frame000:
  db 038h,02Fh,042h,019h
  db 042h
  db 000h,000h,0E7h,000h,000h
  db 000h,000h
  dw 00A80h,base+0176Eh
  dw 00A80h,base+0176Eh
  dw 00A80h,base+01778h
  dw 00A80h,base+01782h
  dw 00A80h,base+0178Ch
  dw 00A80h,base+01796h
  dw 00A80h,base+017A0h
  dw 00A80h,base+017AAh
  dw 00A80h,base+016AEh
  dw 00A80h,base+017B4h
  dw 00A80h,base+017BEh
  dw 00A80h,base+017C8h
  dw 00A80h,base+017D2h
  dw 00A80h,base+017DCh
  dw 00A80h,base+017E6h
  dw 00A80h,base+017F0h
  dw 00A80h,base+017FAh
  dw 00A80h,base+01804h
  dw 00A80h,base+0180Eh
  dw 00A80h,base+01818h
  dw 00A80h,base+01822h
  dw 00A80h,base+0182Ch
  dw 00A80h,base+01836h
  dw 00A80h,base+01840h
  dw 00A92h,base+0184Ah
  dw 00A80h,base+0176Bh
  dw 00A80h,base+0176Bh
  dw 00A80h,base+01854h
  dw 00A80h,base+0185Eh
  dw 00A80h,base+01868h
  dw 00A80h,base+01872h
  dw 00A80h,base+0169Bh
  dw 00A80h,base+0187Ch
  dw 00A80h,base+016AEh
  dw 00A80h,base+01886h
  dw 00A80h,base+01890h
  dw 00A80h,base+0189Ah
  dw 00A80h,base+018A4h
  dw 00A80h,base+018AEh
  dw 00A80h,base+018B8h
  dw 00A72h,base+018C2h
  dw 0040Eh,base+016C1h
  dw 00A72h,base+018CCh
  dw 0040Eh,base+016C1h
  dw 00A72h,base+018D6h
  dw 0040Eh,base+01779h
  dw 00A72h,base+018E0h
  dw 0040Eh,base+01783h
  dw 00A72h,base+018EAh
  dw 0040Eh,base+0170Eh
  dw 00A72h,base+018F4h
  dw 0040Eh,base+01797h
  dw 00A00h,base+018FEh

ZombieCaterpillarDyingPart2frame001:
  db 060h,020h,040h,048h
  db 04Ch
  db 000h,000h,0B8h,000h,000h
  db 000h,000h
  dw 00102h,base+00000h
  dw 0010Eh,base+00000h
  dw 00204h,base+016D0h
  dw 0026Ah,base+014DDh
  dw 00103h,base+00000h
  dw 00213h,base+01694h
  dw 00280h,base+01653h
  dw 0016Ah,base+00CD1h
  dw 00104h,base+0004Fh
  dw 00203h,base+014DDh
  dw 00279h,base+016F1h
  dw 00305h,base+00000h
  dw 00102h,base+0004Fh
  dw 0027Dh,base+00808h
  dw 00405h,base+017CCh
  dw 0017Bh,base+00D2Ch
  dw 00480h,base+017D6h
  dw 0047Eh,base+017E0h
  dw 0067Ch,base+017E8h
  dw 00204h,base+014CCh
  dw 0060Eh,base+017F2h
  dw 0026Fh,base+003A9h
  dw 00102h,base+00158h
  dw 00506h,base+017FBh
  dw 00108h,base+00000h
  dw 0036Eh,base+0127Ch
  dw 00102h,base+01271h
  dw 00102h,base+01271h
  dw 00506h,base+01805h
  dw 00207h,base+0180Bh
  dw 00203h,base+014CCh
  dw 0016Ch,base+003AAh
  dw 00104h,base+01271h
  dw 00405h,base+0180Fh
  dw 00208h,base+0167Fh
  dw 0026Fh,base+014CCh
  dw 00204h,base+014CCh
  dw 00405h,base+01819h
  dw 00108h,base+00001h
  dw 00270h,base+014CCh
  dw 00103h,base+00158h
  dw 00405h,base+01823h
  dw 00209h,base+014DDh
  dw 0016Fh,base+00158h
  dw 00203h,base+01271h
  dw 00680h,base+0199Dh
  dw 0067Ch,base+019A3h
  dw 00104h,base+003AAh
  dw 00512h,base+019D9h
  dw 00269h,base+01271h
  dw 00106h,base+01271h
  dw 00412h,base+019F2h
  dw 00168h,base+01271h
  dw 00107h,base+01271h
  dw 00312h,base+019FEh
  dw 00168h,base+003AAh
  dw 00106h,base+00158h
  dw 00312h,base+01A01h
  dw 0010Ah,base+003AAh
  dw 0035Fh,base+0003Dh
  dw 00105h,base+003AAh
  dw 00304h,base+01A01h
  dw 0030Fh,base+0127Ch
  dw 00208h,base+014DDh
  dw 00665h,base+01628h
  dw 00813h,base+0194Dh
  dw 00206h,base+014DDh
  dw 00967h,base+01633h
  dw 00E0Fh,base+01612h
  dw 00103h,base+01271h
  dw 00506h,base+019DEh
  dw 00A66h,base+01908h
  dw 01213h,base+01598h
  dw 0126Dh,base+015AAh
  dw 0257Fh,base+0145Dh
  dw 02880h,base+0136Dh
  dw 02A80h,base+01271h
  dw 02B80h,base+01119h
  dw 02B7Fh,base+01144h
  dw 02D80h,base+00FB1h
  dw 02D00h,base+00FDEh

ZombieCaterpillarDyingPart2frame002:
  db 070h,010h,042h,068h
  db 042h
  db 000h,000h,098h,000h,000h
  db 000h,000h
  dw 00102h,base+00158h
  dw 02F7Eh,base+00E97h
  dw 00102h,base+003AAh
  dw 0307Fh,base+00DA7h
  dw 03180h,base+00C81h
  dw 03280h,base+00A5Bh
  dw 03280h,base+00A8Dh
  dw 0337Fh,base+0095Ch
  dw 03480h,base+007F0h
  dw 03580h,base+00397h
  dw 03580h,base+003CCh
  dw 03580h,base+00401h
  dw 03580h,base+00436h
  dw 03680h,base+00037h
  dw 03680h,base+0006Dh
  dw 03681h,base+000A3h
  dw 03580h,base+0046Bh
  dw 03700h,base+00000h

ZombieCaterpillarDyingPart2frame003:
  db 03Ah,047h,042h,00Ah
  db 042h
  db 000h,000h,0F6h,000h,000h
  db 000h,000h
  dw 00B80h,base+01666h
  dw 00B80h,base+01666h
  dw 00B80h,base+01671h
  dw 00B80h,base+0167Ch
  dw 00B80h,base+01687h
  dw 00B80h,base+01692h
  dw 00B80h,base+0169Dh
  dw 00B80h,base+016A8h
  dw 00B80h,base+016B3h
  dw 00B80h,base+016BEh
  dw 00B80h,base+016C9h
  dw 00B80h,base+016D4h
  dw 00B80h,base+016DFh
  dw 00B80h,base+016EAh
  dw 00B80h,base+016F5h
  dw 00B80h,base+01700h
  dw 00B80h,base+0170Bh
  dw 00B80h,base+01716h
  dw 00B80h,base+01721h
  dw 00B80h,base+0172Ch
  dw 00B80h,base+01737h
  dw 00B80h,base+01742h
  dw 00B80h,base+0174Dh
  dw 00B80h,base+01758h
  dw 00B93h,base+01763h
  dw 00A80h,base+0176Bh
  dw 00A80h,base+0176Bh
  dw 00A80h,base+01854h
  dw 00A80h,base+0185Eh
  dw 00A80h,base+01868h
  dw 00A80h,base+01872h
  dw 00A80h,base+0169Bh
  dw 00A80h,base+0187Ch
  dw 00A80h,base+016AEh
  dw 00A80h,base+01886h
  dw 00A80h,base+01890h
  dw 00A80h,base+0189Ah
  dw 00A80h,base+018A4h
  dw 00A80h,base+018AEh
  dw 00A80h,base+018B8h
  dw 00A80h,base+018C2h
  dw 00A80h,base+018CCh
  dw 00A80h,base+018D6h
  dw 00A80h,base+018E0h
  dw 00A80h,base+018EAh
  dw 00A70h,base+018F4h
  dw 00A10h,base+0176Eh
  dw 00A70h,base+018FEh
  dw 00A10h,base+0176Eh
  dw 00A70h,base+01912h
  dw 00A10h,base+01778h
  dw 00A70h,base+0191Ch
  dw 00A10h,base+01782h
  dw 00A70h,base+01845h
  dw 00A80h,base+0178Ch
  dw 00A80h,base+01796h
  dw 00A80h,base+017A0h
  dw 00A80h,base+017AAh
  dw 00A80h,base+016AEh
  dw 00A80h,base+017B4h
  dw 00A80h,base+017BEh
  dw 00A80h,base+017C8h
  dw 00A80h,base+017D2h
  dw 00A80h,base+017DCh
  dw 00A80h,base+017E6h
  dw 00A80h,base+017F0h
  dw 00A80h,base+017FAh
  dw 00A80h,base+01804h
  dw 00A80h,base+0180Eh
  dw 00A80h,base+01818h
  dw 00A80h,base+01822h
  dw 00A80h,base+0182Ch
  dw 00A80h,base+01836h
  dw 00A80h,base+01840h
  dw 00A00h,base+0184Ah

ZombieCaterpillarDyingPart2frame004:
  db 060h,01Ah,040h,04Eh
  db 042h
  db 000h,000h,0B2h,000h,000h
  db 000h,000h
  dw 00614h,base+019A9h
  dw 0026Ch,base+01271h
  dw 00608h,base+019AFh
  dw 0010Ch,base+00158h
  dw 0016Ch,base+00158h
  dw 00607h,base+019B5h
  dw 0030Dh,base+01A04h
  dw 0026Ch,base+003A9h
  dw 00607h,base+019BBh
  dw 00102h,base+01271h
  dw 0010Bh,base+003AAh
  dw 00273h,base+01271h
  dw 00117h,base+01271h
  dw 00569h,base+0173Dh
  dw 00217h,base+014CCh
  dw 0056Ah,base+0173Dh
  dw 00116h,base+003AAh
  dw 0056Ah,base+0173Bh
  dw 00116h,base+003AAh
  dw 00580h,base+01863h
  dw 00561h,base+0186Dh
  dw 0011Fh,base+01271h
  dw 00562h,base+01877h
  dw 0011Eh,base+003AAh
  dw 00562h,base+01673h
  dw 0011Eh,base+003AAh
  dw 00580h,base+01881h
  dw 00569h,base+0043Ah
  dw 00113h,base+01271h
  dw 00203h,base+01A10h
  dw 0066Ah,base+0188Ah
  dw 00213h,base+014CCh
  dw 00203h,base+01A12h
  dw 00869h,base+01955h
  dw 00304h,base+01A07h
  dw 0030Fh,base+0127Ch
  dw 00E6Dh,base+01620h
  dw 00814h,base+0194Dh
  dw 00E6Ch,base+0162Eh
  dw 00E12h,base+0163Ch
  dw 0106Ch,base+01602h
  dw 01113h,base+014CCh
  dw 0126Dh,base+015BCh
  dw 0257Fh,base+01482h
  dw 02880h,base+01395h
  dw 02A80h,base+0129Bh
  dw 02B80h,base+0116Fh
  dw 02B7Fh,base+0119Ah
  dw 02D80h,base+0100Bh
  dw 02D00h,base+01038h

ZombieCaterpillarDyingPart2frame005:
  db 070h,010h,042h,068h
  db 046h
  db 000h,000h,098h,000h,000h
  db 000h,000h
  dw 02F80h,base+00EC6h
  dw 0307Fh,base+00DD7h
  dw 03180h,base+00CB2h
  dw 03280h,base+00ABFh
  dw 0327Fh,base+00AF1h
  dw 03480h,base+00824h
  dw 03480h,base+00858h
  dw 03580h,base+004A0h
  dw 03580h,base+004D5h
  dw 03580h,base+0050Ah
  dw 03580h,base+0053Fh
  dw 03680h,base+000D9h
  dw 03680h,base+0010Fh
  dw 03681h,base+00145h
  dw 03580h,base+0046Bh
  dw 03700h,base+00000h

ZombieCaterpillarDyingPart2frame006:
  db 052h,020h,044h,028h
  db 048h
  db 000h,000h,0D8h,000h,000h
  db 000h,000h
  dw 00102h,base+00000h
  dw 0017Ch,base+00000h
  dw 00103h,base+00000h
  dw 00213h,base+01694h
  dw 00103h,base+00693h
  dw 00105h,base+00001h
  dw 00177h,base+0004Fh
  dw 00304h,base+016ABh
  dw 00102h,base+0004Fh
  dw 00365h,base+00000h
  dw 00104h,base+0004Fh
  dw 00203h,base+014DDh
  dw 0020Dh,base+016F1h
  dw 0066Ch,base+019C1h
  dw 00305h,base+00000h
  dw 00102h,base+0004Fh
  dw 0020Fh,base+00808h
  dw 0046Eh,base+019F6h
  dw 00405h,base+017CCh
  dw 0010Dh,base+00D2Ch
  dw 0056Eh,base+019E3h
  dw 00412h,base+017D6h
  dw 00102h,base+00EA8h
  dw 0046Ch,base+00A71h
  dw 00413h,base+017E0h
  dw 0066Bh,base+019C7h
  dw 00614h,base+017E8h
  dw 00102h,base+00000h
  dw 0056Ah,base+019E8h
  dw 00614h,base+017F2h
  dw 00203h,base+019CCh
  dw 00468h,base+00808h
  dw 00506h,base+017FBh
  dw 0010Fh,base+00000h
  dw 00102h,base+00000h
  dw 00669h,base+019CDh
  dw 00506h,base+01805h
  dw 00210h,base+0180Bh
  dw 0076Ah,base+01965h
  dw 00405h,base+0180Fh
  dw 00211h,base+0167Fh
  dw 00102h,base+00001h
  dw 00102h,base+00000h
  dw 00366h,base+01A0Ah
  dw 00405h,base+01819h
  dw 00111h,base+00001h
  dw 00305h,base+01965h
  dw 00265h,base+01A0Bh
  dw 00405h,base+01823h
  dw 00212h,base+014DDh
  dw 00204h,base+0167Eh
  dw 00165h,base+00001h
  dw 00203h,base+0182Dh
  dw 00102h,base+00000h
  dw 00116h,base+00001h
  dw 00165h,base+00088h
  dw 00204h,base+014DDh
  dw 00216h,base+0167Eh
  dw 00266h,base+01765h
  dw 00281h,base+01841h
  dw 001A3h,base+00CD1h
  dw 00280h,base+0003Dh
  dw 00280h,base+0003Dh
  dw 00280h,base+0003Dh
  dw 00280h,base+0003Dh
  dw 00280h,base+0003Dh
  dw 00280h,base+014DDh
  dw 00280h,base+014DDh
  dw 00102h,base+00000h
  dw 0027Eh,base+014DDh
  dw 00380h,base+01877h
  dw 0047Fh,base+019FAh
  dw 00102h,base+00000h
  dw 0027Eh,base+00808h
  dw 00102h,base+00000h
  dw 0017Eh,base+00000h
  dw 00304h,base+016D0h
  dw 00100h,base+00000h

ZombieCaterpillarDyingPart2frame007:
  db 05Ah,01Fh,046h,049h
  db 086h
  db 000h,000h,0B7h,000h,000h
  db 000h,000h
  dw 00103h,base+00693h
  dw 00105h,base+00001h
  dw 00177h,base+0004Fh
  dw 00304h,base+016ABh
  dw 00102h,base+0004Fh
  dw 00379h,base+00000h
  dw 00676h,base+019C1h
  dw 0010Ch,base+00158h
  dw 00466h,base+019F6h
  dw 0010Fh,base+00158h
  dw 0010Bh,base+003AAh
  dw 00567h,base+019E3h
  dw 00119h,base+003AAh
  dw 00102h,base+00EA8h
  dw 00465h,base+00A71h
  dw 0011Ah,base+003AAh
  dw 00666h,base+019C7h
  dw 00119h,base+003AAh
  dw 00102h,base+00000h
  dw 00564h,base+019E8h
  dw 0011Ah,base+01271h
  dw 00203h,base+019CCh
  dw 0047Dh,base+00808h
  dw 00102h,base+00000h
  dw 0067Fh,base+019CDh
  dw 00780h,base+01965h
  dw 00102h,base+00001h
  dw 00102h,base+00000h
  dw 0037Ch,base+01A0Ah
  dw 00305h,base+01965h
  dw 0027Ch,base+01A0Bh
  dw 00204h,base+0167Eh
  dw 00180h,base+00001h
  dw 0017Fh,base+00088h
  dw 00280h,base+01765h
  dw 00280h,base+0003Dh
  dw 00280h,base+0003Dh
  dw 0027Bh,base+0003Dh
  dw 00368h,base+0003Dh
  dw 00317h,base+0127Ch
  dw 00666h,base+01628h
  dw 00718h,base+0196Ch
  dw 00967h,base+01633h
  dw 00E12h,base+0163Ch
  dw 00506h,base+0043Ah
  dw 00A66h,base+01908h
  dw 01113h,base+014CCh
  dw 0126Dh,base+01586h
  dw 0257Fh,base+014A7h
  dw 02880h,base+013BDh
  dw 02A80h,base+012C5h
  dw 02B80h,base+011C5h
  dw 02B7Fh,base+011F0h
  dw 02D80h,base+01065h
  dw 02D00h,base+01092h

ZombieCaterpillarDyingPart2frame008:
  db 070h,010h,042h,068h
  db 046h
  db 000h,000h,098h,000h,000h
  db 000h,000h
  dw 02F80h,base+00EF5h
  dw 0307Fh,base+00E07h
  dw 03180h,base+00CE3h
  dw 03280h,base+00B23h
  dw 03280h,base+00B55h
  dw 0337Fh,base+0098Fh
  dw 03480h,base+0088Ch
  dw 03580h,base+00574h
  dw 03580h,base+005A9h
  dw 03580h,base+005DEh
  dw 03580h,base+00613h
  dw 03680h,base+000D9h
  dw 03680h,base+0017Bh
  dw 03681h,base+001B1h
  dw 03580h,base+0046Bh
  dw 03700h,base+00000h

ZombieCaterpillarDyingPart2frame009:
  db 06Ah,03Ch,042h,00Ch
  db 048h
  db 000h,000h,0F4h,000h,000h
  db 000h,000h
  dw 00280h,base+014DDh
  dw 0027Eh,base+014DDh
  dw 00203h,base+014DDh
  dw 0017Eh,base+0004Fh
  dw 0037Fh,base+0167Eh
  dw 00481h,base+01688h
  dw 00203h,base+01694h
  dw 0017Eh,base+0004Fh
  dw 00102h,base+0004Fh
  dw 0017Ch,base+0004Fh
  dw 00102h,base+0004Fh
  dw 00380h,base+016ABh
  dw 0037Dh,base+0003Dh
  dw 00105h,base+00000h
  dw 00103h,base+00001h
  dw 00179h,base+003B2h
  dw 00304h,base+016CAh
  dw 00102h,base+00000h
  dw 0037Eh,base+016D0h
  dw 00680h,base+016D9h
  dw 00418h,base+016E4h
  dw 00167h,base+00001h
  dw 00519h,base+016EEh
  dw 00166h,base+00001h
  dw 00405h,base+00BCFh
  dw 00115h,base+01632h
  dw 00102h,base+0004Fh
  dw 00163h,base+00001h
  dw 0061Ah,base+01702h
  dw 00102h,base+00000h
  dw 00264h,base+0167Eh
  dw 00506h,base+0170Dh
  dw 00114h,base+0004Fh
  dw 00102h,base+00000h
  dw 00264h,base+00001h
  dw 00405h,base+01718h
  dw 00215h,base+0171Dh
  dw 00465h,base+01877h
  dw 00607h,base+01722h
  dw 00114h,base+0004Fh
  dw 00102h,base+0004Fh
  dw 00163h,base+0004Fh
  dw 0071Bh,base+0172Dh
  dw 00204h,base+00808h
  dw 00161h,base+0004Fh
  dw 00304h,base+01738h
  dw 00102h,base+0004Fh
  dw 00115h,base+00001h
  dw 00365h,base+0003Dh
  dw 00204h,base+01738h
  dw 00313h,base+01731h
  dw 00203h,base+01887h
  dw 00205h,base+014DDh
  dw 00162h,base+00000h
  dw 00103h,base+00001h
  dw 00213h,base+016D0h
  dw 00203h,base+01694h
  dw 00103h,base+00000h
  dw 00364h,base+016CAh
  dw 00115h,base+002D5h
  dw 00102h,base+00D2Ch
  dw 00469h,base+01622h
  dw 00217h,base+01765h
  dw 00480h,base+0162Fh
  dw 00480h,base+01605h
  dw 00680h,base+018BAh
  dw 00680h,base+018C4h
  dw 00102h,base+0004Fh
  dw 0057Dh,base+018D0h
  dw 00203h,base+018D7h
  dw 0057Eh,base+018DAh
  dw 00203h,base+0167Fh
  dw 0047Eh,base+0118Ah
  dw 00102h,base+00001h
  dw 0047Dh,base+018EFh
  dw 00203h,base+014DDh
  dw 0047Eh,base+018F9h
  dw 00102h,base+00001h
  dw 00102h,base+0004Fh
  dw 0027Ch,base+01056h
  dw 00204h,base+016D0h
  dw 00280h,base+014DDh
  dw 00212h,base+01653h
  dw 0026Eh,base+014DDh
  dw 00112h,base+00CD1h
  dw 00280h,base+014DDh
  dw 00102h,base+00000h
  dw 0027Eh,base+014DDh
  dw 00380h,base+01877h
  dw 0047Fh,base+019FAh
  dw 00102h,base+00000h
  dw 0027Eh,base+00808h
  dw 00102h,base+00000h
  dw 0017Eh,base+00000h
  dw 00304h,base+016D0h
  dw 0017Ch,base+00000h
  dw 0037Dh,base+0003Dh
  dw 00103h,base+00693h
  dw 00105h,base+00001h
  dw 00177h,base+0004Fh
  dw 00304h,base+016ABh
  dw 00102h,base+0004Fh
  dw 00379h,base+00000h
  dw 00682h,base+019C1h
  dw 00480h,base+019F6h
  dw 00580h,base+019E3h
  dw 00102h,base+00EA8h
  dw 0047Fh,base+00A71h
  dw 0067Fh,base+019C7h
  dw 00102h,base+00000h
  dw 0057Eh,base+019E8h
  dw 00203h,base+019CCh
  dw 0047Dh,base+00808h
  dw 00102h,base+00000h
  dw 0067Fh,base+019CDh
  dw 00780h,base+01965h
  dw 00102h,base+00001h
  dw 00102h,base+00000h
  dw 0037Ch,base+01A0Ah
  dw 00305h,base+01965h
  dw 0027Ch,base+01A0Bh
  dw 00204h,base+0167Eh
  dw 00180h,base+00001h
  dw 0017Fh,base+00088h
  dw 00200h,base+01765h

ZombieCaterpillarDyingPart2frame010:
  db 05Ah,020h,046h,048h
  db 05Eh
  db 000h,000h,0B8h,000h,000h
  db 000h,000h
  dw 00180h,base+00001h
  dw 0017Bh,base+00001h
  dw 00105h,base+003AAh
  dw 00102h,base+0004Fh
  dw 00178h,base+00001h
  dw 00105h,base+01271h
  dw 00102h,base+00000h
  dw 0027Eh,base+0167Eh
  dw 00102h,base+00000h
  dw 0027Eh,base+00001h
  dw 00480h,base+01877h
  dw 00102h,base+0004Fh
  dw 0017Eh,base+0004Fh
  dw 00204h,base+00808h
  dw 0017Ch,base+0004Fh
  dw 0027Ch,base+0003Dh
  dw 00203h,base+01887h
  dw 00205h,base+014DDh
  dw 00178h,base+00000h
  dw 00203h,base+01694h
  dw 00103h,base+00000h
  dw 00379h,base+016CAh
  dw 00102h,base+00D2Ch
  dw 00480h,base+01622h
  dw 00480h,base+0162Fh
  dw 00480h,base+01605h
  dw 00680h,base+019D3h
  dw 00680h,base+018C4h
  dw 0077Fh,base+01973h
  dw 00881h,base+0195Dh
  dw 00780h,base+0197Ah
  dw 00780h,base+01981h
  dw 00718h,base+01988h
  dw 00368h,base+0003Dh
  dw 00717h,base+0198Fh
  dw 00666h,base+01628h
  dw 00A18h,base+01926h
  dw 00967h,base+01633h
  dw 00E12h,base+0164Ah
  dw 00506h,base+0043Ah
  dw 00A66h,base+01908h
  dw 01113h,base+015E0h
  dw 0126Dh,base+01586h
  dw 0257Fh,base+014A7h
  dw 02880h,base+013BDh
  dw 02A80h,base+012C5h
  dw 02B80h,base+011C5h
  dw 02B7Fh,base+011F0h
  dw 02D80h,base+01065h
  dw 02D00h,base+010BFh

ZombieCaterpillarDyingPart2frame011:
  db 070h,010h,042h,068h
  db 046h
  db 000h,000h,098h,000h,000h
  db 000h,000h
  dw 02F80h,base+00F24h
  dw 0307Fh,base+00E07h
  dw 03180h,base+00CE3h
  dw 03280h,base+00B23h
  dw 03280h,base+00B55h
  dw 0337Fh,base+009C2h
  dw 03480h,base+008C0h
  dw 03580h,base+00574h
  dw 03580h,base+005A9h
  dw 03580h,base+005DEh
  dw 03580h,base+00613h
  dw 03680h,base+000D9h
  dw 03680h,base+001E7h
  dw 03681h,base+0021Dh
  dw 03580h,base+0046Bh
  dw 03700h,base+00000h

ZombieCaterpillarDyingPart2frame012:
  db 062h,035h,05Ch,011h
  db 080h
  db 000h,000h,0EFh,000h,000h
  db 000h,000h
  dw 00180h,base+00001h
  dw 00180h,base+00001h
  dw 00102h,base+0004Fh
  dw 0017Dh,base+00001h
  dw 00102h,base+00000h
  dw 0027Eh,base+0167Eh
  dw 00102h,base+00000h
  dw 0027Eh,base+00001h
  dw 00480h,base+01877h
  dw 00102h,base+0004Fh
  dw 0017Eh,base+0004Fh
  dw 00204h,base+00808h
  dw 0017Ch,base+0004Fh
  dw 0037Ch,base+0003Dh
  dw 00203h,base+01887h
  dw 00205h,base+014DDh
  dw 00178h,base+00000h
  dw 00203h,base+01694h
  dw 00103h,base+00000h
  dw 00319h,base+016CAh
  dw 00260h,base+014DDh
  dw 00102h,base+00D2Ch
  dw 0041Eh,base+01622h
  dw 00262h,base+014DDh
  dw 0041Eh,base+0162Fh
  dw 00102h,base+00000h
  dw 00260h,base+014DDh
  dw 0041Eh,base+01605h
  dw 00362h,base+01877h
  dw 0061Eh,base+018BAh
  dw 00462h,base+019FAh
  dw 0061Dh,base+018C4h
  dw 00102h,base+00000h
  dw 00261h,base+00808h
  dw 00102h,base+0004Fh
  dw 0051Bh,base+018D0h
  dw 00102h,base+00000h
  dw 00160h,base+00000h
  dw 00203h,base+018D7h
  dw 0051Bh,base+018DAh
  dw 00304h,base+016D0h
  dw 0015Fh,base+00000h
  dw 00203h,base+0167Fh
  dw 0041Ah,base+0118Ah
  dw 00364h,base+0003Dh
  dw 00102h,base+00001h
  dw 00417h,base+018EFh
  dw 00103h,base+00693h
  dw 00105h,base+00001h
  dw 0015Eh,base+0004Fh
  dw 00203h,base+014DDh
  dw 00416h,base+018F9h
  dw 00304h,base+016ABh
  dw 00102h,base+0004Fh
  dw 00362h,base+00000h
  dw 00102h,base+00001h
  dw 00102h,base+0004Fh
  dw 00213h,base+01056h
  dw 00669h,base+019C1h
  dw 00204h,base+016D0h
  dw 00215h,base+014DDh
  dw 0046Bh,base+019F6h
  dw 00215h,base+01653h
  dw 0056Bh,base+019E3h
  dw 00115h,base+00CD1h
  dw 00102h,base+00EA8h
  dw 0047Fh,base+00A71h
  dw 0067Fh,base+019C7h
  dw 00102h,base+00000h
  dw 0057Eh,base+019E8h
  dw 00203h,base+019CCh
  dw 0045Bh,base+00808h
  dw 00222h,base+014DDh
  dw 00102h,base+00000h
  dw 0065Ch,base+019CDh
  dw 00223h,base+014DDh
  dw 0075Dh,base+01965h
  dw 00102h,base+00000h
  dw 00221h,base+014DDh
  dw 00102h,base+00001h
  dw 00102h,base+00000h
  dw 00359h,base+01A0Ah
  dw 00323h,base+01877h
  dw 00305h,base+01965h
  dw 00258h,base+01A0Bh
  dw 00424h,base+019FAh
  dw 00204h,base+0167Eh
  dw 00157h,base+00001h
  dw 00102h,base+00000h
  dw 00227h,base+00808h
  dw 00157h,base+00088h
  dw 00102h,base+00000h
  dw 00126h,base+00000h
  dw 00258h,base+01765h
  dw 00304h,base+016D0h
  dw 0017Ch,base+00000h
  dw 0037Dh,base+0003Dh
  dw 00103h,base+00693h
  dw 00105h,base+00001h
  dw 00177h,base+0004Fh
  dw 00304h,base+016ABh
  dw 00102h,base+0004Fh
  dw 00379h,base+00000h
  dw 00682h,base+019C1h
  dw 00480h,base+019F6h
  dw 00580h,base+019E3h
  dw 00102h,base+00EA8h
  dw 0047Fh,base+00A71h
  dw 0067Fh,base+019C7h
  dw 00102h,base+00000h
  dw 0057Eh,base+019E8h
  dw 00203h,base+019CCh
  dw 0047Dh,base+00808h
  dw 00102h,base+00000h
  dw 0067Fh,base+019CDh
  dw 00780h,base+01965h
  dw 00102h,base+00001h
  dw 00102h,base+00000h
  dw 0037Ch,base+01A0Ah
  dw 00305h,base+01965h
  dw 0027Ch,base+01A0Bh
  dw 00204h,base+0167Eh
  dw 00180h,base+00001h
  dw 0017Fh,base+00088h
  dw 00200h,base+01765h

ZombieCaterpillarDyingPart2frame013:
  db 05Ah,01Bh,046h,04Dh
  db 058h
  db 000h,000h,0B3h,000h,000h
  db 000h,000h
  dw 00104h,base+003AAh
  dw 0027Bh,base+003A9h
  dw 00204h,base+01271h
  dw 0037Ch,base+01271h
  dw 00102h,base+01271h
  dw 00102h,base+003AAh
  dw 00102h,base+01271h
  dw 0017Ah,base+01271h
  dw 00104h,base+01271h
  dw 0017Ch,base+01271h
  dw 00204h,base+014CCh
  dw 00180h,base+01271h
  dw 00281h,base+014CCh
  dw 00180h,base+003AAh
  dw 0017Fh,base+003AAh
  dw 00180h,base+01271h
  dw 00182h,base+003AAh
  dw 00280h,base+00800h
  dw 00382h,base+01A0Dh
  dw 00178h,base+003AAh
  dw 00102h,base+003AAh
  dw 0017Eh,base+01271h
  dw 00102h,base+003AAh
  dw 0017Eh,base+00158h
  dw 00518h,base+019EDh
  dw 00368h,base+0003Dh
  dw 00417h,base+00E45h
  dw 00666h,base+01628h
  dw 00710h,base+01996h
  dw 00208h,base+014DDh
  dw 00967h,base+01633h
  dw 00E11h,base+01658h
  dw 00607h,base+01669h
  dw 00A66h,base+01908h
  dw 02580h,base+014CCh
  dw 0257Fh,base+014F1h
  dw 02880h,base+013E5h
  dw 02A80h,base+012EFh
  dw 02B80h,base+0121Bh
  dw 02B7Fh,base+01246h
  dw 02D80h,base+01065h
  dw 02D00h,base+010ECh

ZombieCaterpillarDyingPart2frame014:
  db 070h,010h,042h,068h
  db 046h
  db 000h,000h,098h,000h,000h
  db 000h,000h
  dw 02F80h,base+00F53h
  dw 0307Fh,base+00E37h
  dw 03180h,base+00D14h
  dw 03280h,base+00B87h
  dw 03280h,base+00BB9h
  dw 0337Fh,base+009F5h
  dw 03480h,base+008F4h
  dw 03580h,base+00648h
  dw 03580h,base+0067Dh
  dw 03580h,base+006B2h
  dw 03580h,base+006E7h
  dw 03680h,base+00253h
  dw 03680h,base+00289h
  dw 03681h,base+002BFh
  dw 03580h,base+0071Ch
  dw 03700h,base+00000h

ZombieCaterpillarDyingPart2frame015:
  db 02Ch,021h,060h,003h
  db 084h
  db 000h,000h,0FDh,000h,000h
  db 000h,000h
  dw 00180h,base+00001h
  dw 00180h,base+00001h
  dw 00102h,base+0004Fh
  dw 0017Dh,base+00001h
  dw 00102h,base+00000h
  dw 0027Eh,base+0167Eh
  dw 00102h,base+00000h
  dw 0027Eh,base+00001h
  dw 00480h,base+01877h
  dw 00102h,base+0004Fh
  dw 0017Eh,base+0004Fh
  dw 00204h,base+00808h
  dw 00171h,base+0004Fh
  dw 0010Bh,base+00001h
  dw 00275h,base+0003Dh
  dw 00107h,base+00001h
  dw 00203h,base+01887h
  dw 00205h,base+014DDh
  dw 00171h,base+00000h
  dw 00102h,base+0004Fh
  dw 00105h,base+00001h
  dw 00203h,base+01694h
  dw 00103h,base+00000h
  dw 00372h,base+016CAh
  dw 00102h,base+00000h
  dw 00205h,base+0167Eh
  dw 00102h,base+00D2Ch
  dw 00477h,base+01622h
  dw 00102h,base+00000h
  dw 00207h,base+00001h
  dw 00477h,base+0162Fh
  dw 00409h,base+01877h
  dw 00477h,base+01605h
  dw 00102h,base+0004Fh
  dw 00107h,base+0004Fh
  dw 00677h,base+018BAh
  dw 00204h,base+00808h
  dw 00105h,base+0004Fh
  dw 00677h,base+018C4h
  dw 00209h,base+0003Dh
  dw 00102h,base+0004Fh
  dw 00571h,base+018D0h
  dw 00203h,base+01887h
  dw 00205h,base+014DDh
  dw 00104h,base+00000h
  dw 00203h,base+018D7h
  dw 00571h,base+018DAh
  dw 00203h,base+01694h
  dw 00103h,base+00000h
  dw 00307h,base+016CAh
  dw 00203h,base+0167Fh
  dw 0046Fh,base+0118Ah
  dw 00102h,base+00D2Ch
  dw 0040Dh,base+01622h
  dw 00102h,base+00001h
  dw 00471h,base+018EFh
  dw 0040Ch,base+0162Fh
  dw 00203h,base+014DDh
  dw 00471h,base+018F9h
  dw 0040Dh,base+01605h
  dw 00102h,base+00001h
  dw 00102h,base+0004Fh
  dw 0026Fh,base+01056h
  dw 0060Dh,base+018BAh
  dw 00204h,base+016D0h
  dw 0026Fh,base+014DDh
  dw 00611h,base+018C4h
  dw 0026Fh,base+01653h
  dw 00102h,base+0004Fh
  dw 0050Fh,base+018D0h
  dw 0016Eh,base+00CD1h
  dw 00203h,base+018D7h
  dw 0057Eh,base+018DAh
  dw 00203h,base+0167Fh
  dw 0047Eh,base+0118Ah
  dw 00102h,base+00001h
  dw 0047Dh,base+018EFh
  dw 00203h,base+014DDh
  dw 0047Eh,base+018F9h
  dw 00102h,base+00001h
  dw 00102h,base+0004Fh
  dw 0027Ch,base+01056h
  dw 00204h,base+016D0h
  dw 00280h,base+014DDh
  dw 00280h,base+01653h
  dw 00100h,base+00CD1h

ZombieCaterpillarDyingPart2frame016:
  db 06Ah,025h,042h,04Bh
  db 058h
  db 000h,000h,0B5h,000h,000h
  db 000h,000h
  dw 00215h,base+014CCh
  dw 0026Bh,base+014DDh
  dw 00206h,base+01A06h
  dw 0010Fh,base+00158h
  dw 00271h,base+014DDh
  dw 0020Dh,base+003A9h
  dw 00203h,base+014DDh
  dw 00170h,base+0004Fh
  dw 0020Eh,base+014CCh
  dw 00372h,base+0167Eh
  dw 0020Dh,base+014CCh
  dw 00472h,base+01688h
  dw 0020Fh,base+01A02h
  dw 00203h,base+01694h
  dw 0016Eh,base+0004Fh
  dw 00210h,base+014CCh
  dw 00102h,base+0004Fh
  dw 0017Ch,base+0004Fh
  dw 00102h,base+0004Fh
  dw 00381h,base+016ABh
  dw 0027Ch,base+0003Dh
  dw 00105h,base+00000h
  dw 00103h,base+00001h
  dw 00179h,base+003B2h
  dw 00304h,base+016CAh
  dw 00102h,base+00000h
  dw 00366h,base+016D0h
  dw 00118h,base+01271h
  dw 00668h,base+016D9h
  dw 00102h,base+01271h
  dw 00116h,base+01271h
  dw 0046Ah,base+016E4h
  dw 00115h,base+00158h
  dw 0056Bh,base+016EEh
  dw 00106h,base+003AAh
  dw 0010Eh,base+003AAh
  dw 0066Bh,base+016F8h
  dw 00107h,base+01271h
  dw 0020Dh,base+014CCh
  dw 0066Ch,base+01702h
  dw 00108h,base+01271h
  dw 0010Ch,base+003AAh
  dw 00774h,base+0170Dh
  dw 0010Ch,base+003AAh
  dw 0076Bh,base+01718h
  dw 00214h,base+00800h
  dw 00969h,base+01944h
  dw 00717h,base+01996h
  dw 00A68h,base+01930h
  dw 00E12h,base+01658h
  dw 00506h,base+0043Ah
  dw 00A66h,base+0193Ah
  dw 01113h,base+015F1h
  dw 0126Dh,base+015CEh
  dw 0257Fh,base+01516h
  dw 02880h,base+0140Dh
  dw 02A80h,base+01319h
  dw 02B80h,base+011C5h
  dw 02B7Fh,base+011F0h
  dw 02D80h,base+01065h
  dw 02D80h,base+010BFh
  dw 02F80h,base+00F82h
  dw 0307Fh,base+00E07h
  dw 03180h,base+00D45h
  dw 03280h,base+00BEBh
  dw 03280h,base+00C1Dh
  dw 0337Fh,base+00A28h
  dw 03480h,base+00928h
  dw 03500h,base+00574h

ZombieCaterpillarDyingPart2frame017:
  db 070h,008h,042h,070h
  db 042h
  db 000h,000h,090h,000h,000h
  db 000h,000h
  dw 03580h,base+005A9h
  dw 03580h,base+005DEh
  dw 03580h,base+00613h
  dw 03680h,base+000D9h
  dw 03680h,base+001E7h
  dw 03681h,base+0021Dh
  dw 03580h,base+0046Bh
  dw 03700h,base+00000h

ZombieCaterpillarDyingPart2frame018:
  db 012h,019h,07Eh,008h
  db 08Ah
  db 000h,000h,0F8h,000h,000h
  db 000h,000h
  dw 00180h,base+00001h
  dw 00182h,base+00001h
  dw 0017Eh,base+00001h
  dw 00280h,base+01502h
  dw 00381h,base+016C9h
  dw 00100h,base+00000h

ZombieCaterpillarDyingPart2frame019:
  db 05Eh,026h,046h,042h
  db 096h
  db 000h,000h,0BEh,000h,000h
  db 000h,000h
  dw 00180h,base+00001h
  dw 0017Eh,base+00001h
  dw 00102h,base+00001h
  dw 0017Eh,base+00000h
  dw 00203h,base+016D0h
  dw 0017Dh,base+0004Fh
  dw 00203h,base+00001h
  dw 0017Dh,base+0004Fh
  dw 00481h,base+01797h
  dw 00102h,base+00000h
  dw 0017Ch,base+00000h
  dw 00103h,base+00000h
  dw 00280h,base+01694h
  dw 0027Dh,base+0003Dh
  dw 00104h,base+0004Fh
  dw 00203h,base+014DDh
  dw 00279h,base+016F1h
  dw 00305h,base+00000h
  dw 00102h,base+0004Fh
  dw 0027Dh,base+00808h
  dw 00405h,base+017CCh
  dw 0017Bh,base+00D2Ch
  dw 00480h,base+017D6h
  dw 0047Eh,base+017E0h
  dw 00680h,base+017E8h
  dw 0067Fh,base+017F2h
  dw 00506h,base+017FBh
  dw 0017Ah,base+00000h
  dw 00506h,base+01805h
  dw 0027Ah,base+0180Bh
  dw 00405h,base+0180Fh
  dw 0027Bh,base+0167Fh
  dw 00405h,base+01819h
  dw 0017Bh,base+00001h
  dw 00405h,base+01823h
  dw 0027Bh,base+014DDh
  dw 00203h,base+0182Dh
  dw 00102h,base+00000h
  dw 0017Bh,base+00001h
  dw 00204h,base+014DDh
  dw 0027Ch,base+0167Eh
  dw 00281h,base+01841h
  dw 0017Fh,base+00CD1h
  dw 00263h,base+0003Dh
  dw 00117h,base+00037h
  dw 00307h,base+0003Dh
  dw 00161h,base+00037h
  dw 00217h,base+00800h
  dw 00666h,base+01628h
  dw 0070Eh,base+01996h
  dw 0010Ah,base+01271h
  dw 00967h,base+01633h
  dw 00E10h,base+01658h
  dw 00102h,base+003AAh
  dw 00506h,base+0043Ah
  dw 00A66h,base+01908h
  dw 01112h,base+015F1h
  dw 0136Eh,base+01585h
  dw 0257Fh,base+0153Bh
  dw 02880h,base+01435h
  dw 02A80h,base+01343h
  dw 02A80h,base+011C5h
  dw 02B7Fh,base+011F0h
  dw 02D80h,base+01065h
  dw 02D00h,base+010BFh

ZombieCaterpillarDyingPart2frame020:
  db 070h,010h,042h,068h
  db 046h
  db 000h,000h,098h,000h,000h
  db 000h,000h
  dw 02F80h,base+00F82h
  dw 0307Fh,base+00E07h
  dw 03180h,base+00D45h
  dw 03280h,base+00C4Fh
  dw 03280h,base+00B55h
  dw 0337Fh,base+009C2h
  dw 03480h,base+008C0h
  dw 03580h,base+00574h
  dw 03580h,base+00751h
  dw 03580h,base+00786h
  dw 03580h,base+007BBh
  dw 03680h,base+002F5h
  dw 03680h,base+001E7h
  dw 03681h,base+0021Dh
  dw 03580h,base+0046Bh
  dw 03700h,base+00000h

ZombieCaterpillarDyingPart2frame021:
  db 064h,01Eh,05Ch,02Ch
  db 0B0h
  db 000h,000h,0D4h,000h,000h
  db 000h,000h
  dw 00280h,base+014DDh
  dw 0027Eh,base+014DDh
  dw 00203h,base+014DDh
  dw 0017Eh,base+0004Fh
  dw 0037Fh,base+0167Eh
  dw 00481h,base+01688h
  dw 00203h,base+01694h
  dw 0017Eh,base+0004Fh
  dw 00102h,base+0004Fh
  dw 0017Ch,base+0004Fh
  dw 00102h,base+0004Fh
  dw 00382h,base+016ABh
  dw 0017Bh,base+00037h
  dw 00105h,base+00000h
  dw 00103h,base+00001h
  dw 00179h,base+003B2h
  dw 00304h,base+016CAh
  dw 00102h,base+00000h
  dw 0037Eh,base+016D0h
  dw 00680h,base+016D9h
  dw 0047Fh,base+016E4h
  dw 0057Fh,base+016EEh
  dw 00405h,base+00BCFh
  dw 0017Ah,base+01632h
  dw 00680h,base+01702h
  dw 00506h,base+0170Dh
  dw 0017Ah,base+0004Fh
  dw 00405h,base+01718h
  dw 0027Ah,base+0171Dh
  dw 00607h,base+01722h
  dw 00179h,base+0004Fh
  dw 00780h,base+0172Dh
  dw 00304h,base+01738h
  dw 00102h,base+0004Fh
  dw 0017Ah,base+00001h
  dw 00204h,base+01738h
  dw 0037Dh,base+01731h
  dw 00103h,base+00001h
  dw 0027Dh,base+016D0h
  dw 00157h,base+002D5h
  dw 00129h,base+003AAh
  dw 00257h,base+01765h
  dw 00189h,base+01271h
  dw 00180h,base+00037h
  dw 00180h,base+00037h
  dw 0017Fh,base+00158h
  dw 00100h,base+01271h

ZombieCaterpillarDyingPart2frame022:
  db 06Ah,017h,042h,059h
  db 05Eh
  db 000h,000h,0A7h,000h,000h
  db 000h,000h
  dw 00180h,base+003AAh
  dw 00180h,base+01271h
  dw 00194h,base+00037h
  dw 00368h,base+0003Dh
  dw 00217h,base+00800h
  dw 00666h,base+01628h
  dw 00718h,base+01996h
  dw 00967h,base+01633h
  dw 00E12h,base+01658h
  dw 00506h,base+0043Ah
  dw 00A66h,base+01908h
  dw 01113h,base+015F1h
  dw 0126Dh,base+01586h
  dw 0257Fh,base+01560h
  dw 02880h,base+01435h
  dw 02A80h,base+01343h
  dw 02B80h,base+011C5h
  dw 02B7Fh,base+011F0h
  dw 02D80h,base+01065h
  dw 02D80h,base+010BFh
  dw 02F80h,base+00F82h
  dw 0307Fh,base+00E67h
  dw 03180h,base+00D76h
  dw 03280h,base+00C4Fh
  dw 03280h,base+00B55h
  dw 0337Fh,base+009C2h
  dw 03480h,base+008C0h
  dw 03500h,base+00574h

ZombieCaterpillarDyingPart2frame023:
  db 070h,008h,042h,070h
  db 042h
  db 000h,000h,090h,000h,000h
  db 000h,000h
  dw 03580h,base+005A9h
  dw 03580h,base+005DEh
  dw 03580h,base+00613h
  dw 03680h,base+000D9h
  dw 03680h,base+0032Bh
  dw 03681h,base+00361h
  dw 03580h,base+0046Bh
  dw 03700h,base+00000h

ZombieCaterpillarDyingPart2frame024:
  db 06Ah,014h,042h,05Ch
  db 086h
  db 000h,000h,0A4h,000h,000h
  db 000h,000h
  dw 00368h,base+0003Dh
  dw 00217h,base+00800h
  dw 00666h,base+01628h
  dw 00718h,base+01996h
  dw 00967h,base+01633h
  dw 00E12h,base+01658h
  dw 00506h,base+0043Ah
  dw 00A66h,base+01908h
  dw 01113h,base+015F1h
  dw 0126Dh,base+01586h
  dw 0257Fh,base+01560h
  dw 02880h,base+01435h
  dw 02A80h,base+01343h
  dw 02B80h,base+011C5h
  dw 02B7Fh,base+011F0h
  dw 02D80h,base+01065h
  dw 02D80h,base+010BFh
  dw 02F80h,base+00F82h
  dw 0307Fh,base+00E07h
  dw 03180h,base+00D45h
  dw 03280h,base+00C4Fh
  dw 03280h,base+00B55h
  dw 0337Fh,base+009C2h
  dw 03480h,base+008C0h
  dw 03500h,base+00574h

ZombieCaterpillarDyingPart2frame025:
  db 070h,01Ch,042h,05Ch
  db 086h
  db 000h,000h,0A4h,000h,000h
  db 000h,000h
  dw 00368h,base+0003Dh
  dw 00217h,base+00800h
  dw 00666h,base+01628h
  dw 00718h,base+01996h
  dw 00967h,base+01633h
  dw 00E12h,base+01658h
  dw 00506h,base+0043Ah
  dw 00A66h,base+01908h
  dw 01113h,base+015F1h
  dw 0126Dh,base+01586h
  dw 0257Fh,base+01560h
  dw 02880h,base+01435h
  dw 02A80h,base+01343h
  dw 02B80h,base+011C5h
  dw 02B7Fh,base+011F0h
  dw 02D80h,base+01065h
  dw 02D80h,base+010BFh
  dw 02F80h,base+00F82h
  dw 0307Fh,base+00E07h
  dw 03180h,base+00D45h
  dw 03280h,base+00C4Fh
  dw 03280h,base+00B55h
  dw 0337Fh,base+009C2h
  dw 03480h,base+008C0h
  dw 03580h,base+00574h
  dw 03580h,base+005A9h
  dw 03580h,base+005DEh
  dw 03580h,base+00613h
  dw 03680h,base+000D9h
  dw 03680h,base+001E7h
  dw 03681h,base+0021Dh
  dw 03580h,base+0046Bh
  dw 03700h,base+00000h


