  dw GoatAttackAndHitframe000
  dw GoatAttackAndHitframe001
  dw GoatAttackAndHitframe002
  dw GoatAttackAndHitframe003
  dw GoatAttackAndHitframe004
  dw GoatAttackAndHitframe005
  dw GoatAttackAndHitframe006
  dw GoatAttackAndHitframe007
  dw GoatAttackAndHitframe008
  dw GoatAttackAndHitframe009
  dw GoatAttackAndHitframe010
  dw GoatAttackAndHitframe011
  dw GoatAttackAndHitframe012
  dw GoatAttackAndHitframe013
  dw GoatAttackAndHitframe014
  dw GoatAttackAndHitframe015
  dw GoatAttackAndHitframe016
  dw GoatAttackAndHitframe017
  dw GoatAttackAndHitframe018
  dw GoatAttackAndHitframe019
  dw GoatAttackAndHitframe020
  dw GoatAttackAndHitframe021
  dw GoatAttackAndHitframe022
  dw GoatAttackAndHitframe023
  dw GoatAttackAndHitframe024
  dw GoatAttackAndHitframe025
  dw GoatAttackAndHitframe026
  dw GoatAttackAndHitframe027
  dw GoatAttackAndHitframe028
  dw GoatAttackAndHitframe029
  dw GoatAttackAndHitframe030
  dw GoatAttackAndHitframe031
  dw GoatAttackAndHitframe032
  dw GoatAttackAndHitframe033
  dw GoatAttackAndHitframe034
  dw GoatAttackAndHitframe035
  dw GoatAttackAndHitframe036
  dw GoatAttackAndHitframe037
  dw GoatAttackAndHitframe038
  dw GoatAttackAndHitframe039

GoatAttackAndHitframe000:
  db 028h,01Bh,066h,001h
  db 072h
  db 000h,000h,0FFh,000h,000h
  db 000h,000h
  dw 00280h,base+003CAh
  dw 00480h,base+038BDh
  dw 0077Fh,base+03657h
  dw 00C80h,base+03367h
  dw 00E80h,base+030EEh
  dw 00E80h,base+030FCh
  dw 00E7Fh,base+0310Ah
  dw 00F80h,base+02F3Bh
  dw 00F80h,base+02F4Ah
  dw 00E80h,base+03118h
  dw 00E7Fh,base+03126h
  dw 00E80h,base+03134h
  dw 00E80h,base+03142h
  dw 00D80h,base+032D8h
  dw 00D7Fh,base+032E5h
  dw 00D80h,base+032F2h
  dw 00D80h,base+032FFh
  dw 00C80h,base+03373h
  dw 00E7Fh,base+03150h
  dw 00F80h,base+02F59h
  dw 01080h,base+02DFBh
  dw 01011h,base+02E0Bh
  dw 0016Fh,base+00000h
  dw 01011h,base+02E1Bh
  dw 0026Eh,base+02D13h
  dw 01480h,base+02C8Ch
  dw 00E0Fh,base+0315Eh
  dw 00571h,base+02D36h
  dw 01480h,base+02CA0h
  dw 01300h,base+02CDCh

GoatAttackAndHitframe001:
  db 054h,01Bh,050h,01Ch
  db 064h
  db 000h,000h,0E4h,000h,000h
  db 000h,000h
  dw 01480h,base+02CB4h
  dw 01580h,base+02BF9h
  dw 01680h,base+02B75h
  dw 0167Fh,base+02B8Bh
  dw 01880h,base+02A72h
  dw 01880h,base+02A8Ah
  dw 01980h,base+0281Ah
  dw 0197Fh,base+02833h
  dw 01B80h,base+0224Eh
  dw 01B80h,base+02269h
  dw 01C80h,base+02152h
  dw 01C7Fh,base+0216Eh
  dw 01E80h,base+01EC5h
  dw 01F80h,base+01D51h
  dw 01F80h,base+01D70h
  dw 0207Fh,base+01C11h
  dw 02180h,base+019BFh
  dw 02180h,base+019E0h
  dw 0227Fh,base+0188Dh
  dw 0237Eh,base+017BBh
  dw 02680h,base+013F7h
  dw 0267Fh,base+0141Dh
  dw 02880h,base+010BBh
  dw 02880h,base+010E3h
  dw 02880h,base+0110Bh
  dw 0287Eh,base+01133h
  dw 02A00h,base+00DA6h

GoatAttackAndHitframe002:
  db 062h,01Bh,048h,037h
  db 04Eh
  db 000h,000h,0C9h,000h,000h
  db 000h,000h
  dw 02B80h,base+00BCDh
  dw 02B7Fh,base+00BF8h
  dw 02C80h,base+00A6Dh
  dw 02C80h,base+00A99h
  dw 02D80h,base+0095Fh
  dw 02D80h,base+0098Ch
  dw 00D10h,base+0330Ch
  dw 01D70h,base+02087h
  dw 00C10h,base+0337Fh
  dw 01E70h,base+01EE3h
  dw 00A10h,base+03422h
  dw 01E70h,base+01F01h
  dw 00910h,base+0347Ch
  dw 01E70h,base+01F1Fh
  dw 00910h,base+03485h
  dw 01E70h,base+01F3Dh
  dw 0090Fh,base+0348Eh
  dw 02072h,base+01C31h
  dw 0070Eh,base+0365Eh
  dw 02072h,base+01C51h
  dw 0070Eh,base+03665h
  dw 02072h,base+01C71h
  dw 0070Dh,base+0366Ch
  dw 02173h,base+01A01h
  dw 0070Dh,base+03673h
  dw 02173h,base+01A22h
  dw 0060Dh,base+037F4h
  dw 02173h,base+01A43h
  dw 0060Dh,base+037F4h
  dw 02172h,base+01A64h
  dw 0070Eh,base+0367Ah
  dw 02172h,base+01A85h
  dw 0070Eh,base+03681h
  dw 02172h,base+01AA6h
  dw 0060Eh,base+037FAh
  dw 02172h,base+01AC7h
  dw 0060Eh,base+03800h
  dw 02171h,base+01AE8h
  dw 0070Fh,base+03688h
  dw 02171h,base+01B09h
  dw 0070Fh,base+0368Fh
  dw 02171h,base+01B2Ah
  dw 0060Eh,base+03806h
  dw 02272h,base+018AFh
  dw 0060Eh,base+0380Ch
  dw 02271h,base+018D1h
  dw 0070Fh,base+03696h
  dw 02200h,base+018F3h

GoatAttackAndHitframe003:
  db 060h,01Bh,04Ah,052h
  db 04Ah
  db 000h,000h,0AEh,000h,000h
  db 000h,000h
  dw 0060Eh,base+03812h
  dw 02272h,base+01915h
  dw 0050Eh,base+03890h
  dw 01B1Ch,base+02284h
  dw 00656h,base+03818h
  dw 0050Eh,base+03895h
  dw 02272h,base+01937h
  dw 0050Eh,base+0389Ah
  dw 02273h,base+01959h
  dw 0040Dh,base+038C1h
  dw 02274h,base+0197Bh
  dw 0020Ch,base+003CAh
  dw 02181h,base+01B4Bh
  dw 02080h,base+01C91h
  dw 0191Ah,base+0284Ch
  dw 00666h,base+036A5h
  dw 0191Ah,base+02865h
  dw 00666h,base+036A5h
  dw 01F80h,base+01D8Fh
  dw 01F81h,base+01DAEh
  dw 01E7Fh,base+01F5Bh
  dw 01F80h,base+01DCDh
  dw 01F80h,base+01DECh
  dw 01E80h,base+01F79h
  dw 01E80h,base+01F97h
  dw 01E80h,base+01FB5h
  dw 01D80h,base+020A4h
  dw 01D7Fh,base+020C1h
  dw 01E80h,base+01FD3h
  dw 01D80h,base+020DEh
  dw 01D80h,base+020FBh
  dw 01C80h,base+0218Ah
  dw 01A80h,base+02542h
  dw 01A80h,base+0255Ch
  dw 01A80h,base+02576h
  dw 01A00h,base+02590h

GoatAttackAndHitframe004:
  db 034h,01Bh,066h,06Dh
  db 066h
  db 000h,000h,093h,000h,000h
  db 000h,000h
  dw 01A80h,base+025AAh
  dw 01A80h,base+025C4h
  dw 01A80h,base+025DEh
  dw 01A80h,base+025F8h
  dw 01A80h,base+02612h
  dw 00A0Bh,base+0342Ch
  dw 00F75h,base+02F68h
  dw 00A0Ch,base+03436h
  dw 00E74h,base+0316Ch
  dw 00A0Ch,base+03440h
  dw 00E75h,base+0317Ah
  dw 0090Bh,base+03497h
  dw 00E75h,base+03188h
  dw 0090Bh,base+034A0h
  dw 00405h,base+038C5h
  dw 00970h,base+034A9h
  dw 0090Bh,base+034B2h
  dw 00405h,base+038C9h
  dw 00970h,base+034BBh
  dw 0090Bh,base+034C4h
  dw 00102h,base+00000h
  dw 00203h,base+028C7h
  dw 00870h,base+0356Fh
  dw 0090Dh,base+034CDh
  dw 00203h,base+0001Dh
  dw 00871h,base+03577h
  dw 00710h,base+0369Dh
  dw 00770h,base+036A4h
  dw 00710h,base+01D1Dh
  dw 00671h,base+00434h
  dw 0060Fh,base+00434h
  dw 00671h,base+00281h
  dw 00610h,base+03579h
  dw 00570h,base+00AF2h
  dw 00610h,base+03579h
  dw 00571h,base+00AF2h
  dw 0050Fh,base+00AF2h
  dw 00471h,base+0056Fh
  dw 0050Fh,base+00AF2h
  dw 00471h,base+0056Fh
  dw 0050Fh,base+00AF2h
  dw 00571h,base+015CAh
  dw 0050Fh,base+0389Fh
  dw 00570h,base+038A4h
  dw 00610h,base+028A9h
  dw 00670h,base+0381Eh
  dw 0060Fh,base+00434h
  dw 00770h,base+01D1Dh
  dw 00710h,base+01D1Dh
  dw 00870h,base+0357Fh
  dw 00710h,base+01A5Dh
  dw 0086Fh,base+007BFh
  dw 00811h,base+02104h
  dw 00800h,base+02104h

GoatAttackAndHitframe005:
  db 026h,016h,064h,006h
  db 06Eh
  db 000h,000h,0FAh,000h,000h
  db 000h,000h
  dw 00280h,base+003CAh
  dw 00480h,base+00069h
  dw 0077Fh,base+004CBh
  dw 00C80h,base+0338Bh
  dw 00E80h,base+03196h
  dw 00E80h,base+004C4h
  dw 00E7Fh,base+004C4h
  dw 00F80h,base+02F77h
  dw 00F80h,base+02F77h
  dw 00E80h,base+00328h
  dw 00E7Fh,base+004C4h
  dw 00E80h,base+003CAh
  dw 00E80h,base+03196h
  dw 00D80h,base+00328h
  dw 00D7Fh,base+004C5h
  dw 00D80h,base+003CAh
  dw 00E80h,base+03196h
  dw 00E80h,base+00328h
  dw 00F7Fh,base+004C3h
  dw 01011h,base+003CAh
  dw 0016Fh,base+003CAh
  dw 01011h,base+003CAh
  dw 0026Fh,base+004D0h
  dw 01300h,base+02CEFh

GoatAttackAndHitframe006:
  db 05Ah,01Bh,052h,01Ch
  db 064h
  db 000h,000h,0E4h,000h,000h
  db 000h,000h
  dw 0137Fh,base+004BFh
  dw 01580h,base+003CAh
  dw 01680h,base+003CAh
  dw 01780h,base+00328h
  dw 0187Fh,base+00328h
  dw 01A80h,base+003CAh
  dw 01B80h,base+0229Fh
  dw 01B80h,base+00328h
  dw 01C7Fh,base+00328h
  dw 01E80h,base+003CAh
  dw 01F80h,base+01E0Bh
  dw 02080h,base+004B2h
  dw 0217Fh,base+004B1h
  dw 02380h,base+017DEh
  dw 02480h,base+01677h
  dw 02480h,base+00328h
  dw 0257Fh,base+004ADh
  dw 02680h,base+003CAh
  dw 02680h,base+003CAh
  dw 02780h,base+004ABh
  dw 0277Fh,base+00328h
  dw 02880h,base+003CAh
  dw 02980h,base+00F4Ah
  dw 0297Fh,base+004A9h
  dw 02A7Eh,base+00328h
  dw 02C80h,base+003CAh
  dw 02D00h,base+004A5h

GoatAttackAndHitframe007:
  db 074h,01Bh,048h,037h
  db 050h
  db 000h,000h,0C9h,000h,000h
  db 000h,000h
  dw 02E80h,base+0081Dh
  dw 02E80h,base+003CAh
  dw 02F80h,base+00761h
  dw 02F7Eh,base+00328h
  dw 0327Fh,base+00607h
  dw 03380h,base+003CAh
  dw 0347Fh,base+0049Eh
  dw 03580h,base+003CAh
  dw 03680h,base+00328h
  dw 01011h,base+00328h
  dw 0266Fh,base+004ACh
  dw 00F11h,base+004C3h
  dw 0266Fh,base+01443h
  dw 00D11h,base+00328h
  dw 01A1Bh,base+004B8h
  dw 00C54h,base+004C6h
  dw 00C10h,base+004C6h
  dw 01B1Ch,base+0229Fh
  dw 00C54h,base+003CAh
  dw 00A10h,base+003CAh
  dw 01B1Dh,base+0229Fh
  dw 00B53h,base+003CAh
  dw 00910h,base+003CAh
  dw 01B1Eh,base+003CAh
  dw 00B52h,base+004C7h
  dw 00910h,base+034D6h
  dw 01B1Eh,base+003CAh
  dw 00B52h,base+02646h
  dw 00910h,base+034D6h
  dw 01B1Fh,base+00328h
  dw 00A52h,base+0344Ah
  dw 0070Fh,base+00328h
  dw 01B20h,base+00328h
  dw 00951h,base+034D6h
  dw 0070Fh,base+003CAh
  dw 01B21h,base+00328h
  dw 00850h,base+003CAh
  dw 0070Fh,base+036ABh
  dw 01B21h,base+00328h
  dw 00850h,base+003CAh
  dw 0070Fh,base+036ABh
  dw 01B21h,base+00328h
  dw 00850h,base+003CAh
  dw 0060Fh,base+00328h
  dw 01B21h,base+00328h
  dw 00850h,base+003CAh
  dw 0060Fh,base+00328h
  dw 01B22h,base+00328h
  dw 0084Eh,base+004CAh
  dw 0070Fh,base+036ABh
  dw 01C23h,base+021A6h
  dw 0084Eh,base+03587h
  dw 0070Fh,base+036ABh
  dw 01C24h,base+021A6h
  dw 0074Dh,base+004CBh
  dw 0060Fh,base+00328h
  dw 01C24h,base+021A6h
  dw 0074Dh,base+004CBh
  dw 0060Fh,base+00328h
  dw 01C24h,base+021A6h
  dw 00700h,base+003CAh

GoatAttackAndHitframe008:
  db 07Ch,01Bh,044h,052h
  db 046h
  db 000h,000h,0AEh,000h,000h
  db 000h,000h
  dw 00710h,base+036ABh
  dw 01B24h,base+003CAh
  dw 0074Ch,base+003CAh
  dw 00710h,base+036ABh
  dw 01B25h,base+003CAh
  dw 0064Bh,base+00328h
  dw 00610h,base+00328h
  dw 01B25h,base+003CAh
  dw 0064Bh,base+00328h
  dw 00610h,base+00328h
  dw 01B25h,base+003CAh
  dw 0074Ah,base+004CBh
  dw 00711h,base+036ABh
  dw 01B25h,base+0229Fh
  dw 0074Bh,base+004CBh
  dw 00611h,base+004CCh
  dw 01A24h,base+004B8h
  dw 0074Bh,base+036ABh
  dw 00511h,base+00328h
  dw 01924h,base+00328h
  dw 0074Bh,base+036ABh
  dw 00511h,base+003CAh
  dw 01924h,base+00328h
  dw 0074Bh,base+036ABh
  dw 00511h,base+038A9h
  dw 01924h,base+0287Eh
  dw 0074Ch,base+036ABh
  dw 00410h,base+004CEh
  dw 01925h,base+0287Eh
  dw 0064Ch,base+004CCh
  dw 0020Fh,base+003CAh
  dw 01925h,base+0287Eh
  dw 0065Bh,base+004CCh
  dw 01925h,base+0287Eh
  dw 0065Bh,base+00328h
  dw 01925h,base+0287Eh
  dw 0065Bh,base+00328h
  dw 01925h,base+0287Eh
  dw 0065Bh,base+00328h
  dw 01924h,base+0287Eh
  dw 0075Ch,base+003CAh
  dw 01924h,base+0287Eh
  dw 0085Ch,base+03587h
  dw 01924h,base+0287Eh
  dw 0085Ch,base+004CAh
  dw 01924h,base+004B9h
  dw 0085Ch,base+004CAh
  dw 01923h,base+00328h
  dw 0095Ch,base+034D6h
  dw 01A24h,base+003CAh
  dw 0095Ch,base+034D6h
  dw 01A24h,base+003CAh
  dw 0095Ch,base+034D6h
  dw 01A25h,base+00328h
  dw 0075Bh,base+00328h
  dw 01A25h,base+00328h
  dw 0065Bh,base+004CCh
  dw 01A25h,base+00328h
  dw 0035Bh,base+003CAh
  dw 01A80h,base+00328h
  dw 01A80h,base+003CAh
  dw 01A00h,base+003CAh

GoatAttackAndHitframe009:
  db 034h,01Bh,066h,06Dh
  db 066h
  db 000h,000h,093h,000h,000h
  db 000h,000h
  dw 01A80h,base+003CAh
  dw 01A80h,base+003CAh
  dw 01A80h,base+003CAh
  dw 01A80h,base+0262Ch
  dw 01A80h,base+02646h
  dw 00A0Bh,base+003CAh
  dw 00F75h,base+003CAh
  dw 00A0Ch,base+003CAh
  dw 00E74h,base+00328h
  dw 00A0Ch,base+0344Ah
  dw 00E75h,base+031A4h
  dw 0090Bh,base+004C9h
  dw 00E75h,base+01459h
  dw 0090Bh,base+004C9h
  dw 00405h,base+004CEh
  dw 00970h,base+004C9h
  dw 0090Bh,base+004C9h
  dw 00405h,base+004CEh
  dw 00970h,base+034D6h
  dw 0090Bh,base+034D6h
  dw 00102h,base+003CAh
  dw 00203h,base+004D0h
  dw 00870h,base+003CAh
  dw 0090Dh,base+034D6h
  dw 00203h,base+038D8h
  dw 00871h,base+03587h
  dw 00710h,base+00328h
  dw 00770h,base+004CBh
  dw 00710h,base+003CAh
  dw 00671h,base+00328h
  dw 0060Fh,base+00328h
  dw 00671h,base+003CAh
  dw 00610h,base+03824h
  dw 00570h,base+004CDh
  dw 00610h,base+03824h
  dw 00571h,base+004CDh
  dw 0050Fh,base+004CDh
  dw 00471h,base+00069h
  dw 0050Fh,base+004CDh
  dw 00471h,base+00069h
  dw 0050Fh,base+004CDh
  dw 00571h,base+004CDh
  dw 0050Fh,base+00328h
  dw 00570h,base+00328h
  dw 00610h,base+003CAh
  dw 00670h,base+004CCh
  dw 0060Fh,base+00328h
  dw 00770h,base+003CAh
  dw 00710h,base+003CAh
  dw 00870h,base+03587h
  dw 00710h,base+00328h
  dw 0086Fh,base+003CAh
  dw 00811h,base+003CAh
  dw 00800h,base+003CAh

GoatAttackAndHitframe010:
  db 026h,016h,066h,006h
  db 072h
  db 000h,000h,0FAh,000h,000h
  db 000h,000h
  dw 00280h,base+038D8h
  dw 00380h,base+038D5h
  dw 0047Fh,base+00EF8h
  dw 00880h,base+0358Fh
  dw 00980h,base+03367h
  dw 00C80h,base+03397h
  dw 00D7Fh,base+03319h
  dw 00F80h,base+02F86h
  dw 00F7Fh,base+02F95h
  dw 01080h,base+02E2Bh
  dw 01080h,base+02E3Bh
  dw 00F7Fh,base+02FA4h
  dw 01080h,base+02E4Bh
  dw 00F80h,base+02FB3h
  dw 00E80h,base+031B2h
  dw 00E7Fh,base+031C0h
  dw 00E80h,base+031CEh
  dw 00E7Fh,base+031DCh
  dw 00E80h,base+031EAh
  dw 00D80h,base+03326h
  dw 00E80h,base+031F8h
  dw 00E00h,base+03206h

GoatAttackAndHitframe011:
  db 05Ch,01Bh,050h,01Ch
  db 064h
  db 000h,000h,0E4h,000h,000h
  db 000h,000h
  dw 01011h,base+02E5Bh
  dw 0016Fh,base+00000h
  dw 01280h,base+02D3Bh
  dw 0127Fh,base+02D4Dh
  dw 01580h,base+02C0Eh
  dw 01680h,base+02BA1h
  dw 0177Fh,base+02B02h
  dw 01980h,base+02897h
  dw 01A80h,base+02660h
  dw 01A7Fh,base+0267Ah
  dw 01C80h,base+021C2h
  dw 01D80h,base+02118h
  dw 01E7Fh,base+01FF1h
  dw 01F80h,base+01E2Ah
  dw 02080h,base+01CB1h
  dw 0217Fh,base+01B6Ch
  dw 02380h,base+01801h
  dw 02480h,base+0169Bh
  dw 02580h,base+01599h
  dw 0257Fh,base+015BEh
  dw 02780h,base+01223h
  dw 0277Fh,base+0124Ah
  dw 0287Eh,base+0115Bh
  dw 02A7Fh,base+00DD0h
  dw 02B80h,base+00C23h
  dw 02C80h,base+00AC5h
  dw 02D80h,base+009B9h
  dw 02E00h,base+0084Bh

GoatAttackAndHitframe012:
  db 080h,01Bh,042h,037h
  db 04Ah
  db 000h,000h,0C9h,000h,000h
  db 000h,000h
  dw 0327Fh,base+00639h
  dw 03580h,base+003FFh
  dw 0367Fh,base+0035Eh
  dw 03880h,base+00281h
  dw 03980h,base+001D6h
  dw 03A80h,base+00128h
  dw 03B80h,base+0003Ch
  dw 03B80h,base+00077h
  dw 01011h,base+02E6Bh
  dw 02A6Fh,base+00DFAh
  dw 00F11h,base+02FC2h
  dw 02B6Fh,base+00C4Eh
  dw 00C11h,base+033A3h
  dw 02B6Fh,base+00C79h
  dw 00A11h,base+03454h
  dw 02B6Fh,base+00CA4h
  dw 00911h,base+034DFh
  dw 01B1Ch,base+022BAh
  dw 00F53h,base+02FD1h
  dw 00811h,base+03597h
  dw 01B1Dh,base+022D5h
  dw 00E53h,base+03214h
  dw 00710h,base+036B2h
  dw 01B1Eh,base+022F0h
  dw 00D52h,base+03333h
  dw 00710h,base+036B9h
  dw 01B1Fh,base+0230Bh
  dw 00C51h,base+033AFh
  dw 00610h,base+0382Ah
  dw 01B21h,base+02326h
  dw 00A4Eh,base+0345Eh
  dw 00711h,base+036C0h
  dw 01B24h,base+02341h
  dw 0074Bh,base+036C7h
  dw 00711h,base+036CEh
  dw 01B25h,base+01AC7h
  dw 00749h,base+036D5h
  dw 00712h,base+036DCh
  dw 01B25h,base+01AE8h
  dw 00749h,base+036D5h
  dw 00712h,base+036E3h
  dw 01B25h,base+01B09h
  dw 00749h,base+036EAh
  dw 00712h,base+036F1h
  dw 01B25h,base+0235Ch
  dw 00749h,base+036F8h
  dw 00611h,base+03800h
  dw 01C26h,base+021DEh
  dw 00748h,base+036FFh
  dw 00712h,base+03706h
  dw 01C27h,base+018D1h
  dw 00747h,base+0370Dh
  dw 00712h,base+03714h
  dw 01C27h,base+018F3h
  dw 00747h,base+0371Bh
  dw 00712h,base+03722h
  dw 01C27h,base+01915h
  dw 00747h,base+0371Bh
  dw 00612h,base+0380Ch
  dw 01B27h,base+02284h
  dw 00700h,base+03729h

GoatAttackAndHitframe013:
  db 086h,01Bh,040h,052h
  db 040h
  db 000h,000h,0AEh,000h,000h
  db 000h,000h
  dw 00713h,base+03696h
  dw 01B28h,base+01937h
  dw 00645h,base+03830h
  dw 00613h,base+03836h
  dw 01B28h,base+01959h
  dw 00645h,base+0383Ch
  dw 00613h,base+03836h
  dw 01B28h,base+0197Bh
  dw 00646h,base+0383Ch
  dw 00512h,base+038AEh
  dw 01B28h,base+01B4Bh
  dw 00646h,base+03842h
  dw 00513h,base+038B3h
  dw 01A27h,base+01C91h
  dw 00646h,base+00281h
  dw 00413h,base+038CDh
  dw 01927h,base+0284Ch
  dw 00648h,base+00281h
  dw 00211h,base+004D0h
  dw 01927h,base+02865h
  dw 00659h,base+00281h
  dw 01927h,base+01D8Fh
  dw 00759h,base+03730h
  dw 01927h,base+01DAEh
  dw 00759h,base+03730h
  dw 01927h,base+028B0h
  dw 00759h,base+01D1Dh
  dw 01927h,base+028C9h
  dw 00759h,base+01A5Dh
  dw 01927h,base+028E2h
  dw 00759h,base+01A5Dh
  dw 01927h,base+028FBh
  dw 00759h,base+01A5Dh
  dw 01927h,base+02914h
  dw 00859h,base+0359Fh
  dw 01926h,base+0292Dh
  dw 0095Ah,base+034E8h
  dw 01926h,base+02946h
  dw 0095Ah,base+034F1h
  dw 01926h,base+0295Fh
  dw 0095Ah,base+034FAh
  dw 01927h,base+02978h
  dw 00759h,base+03737h
  dw 01927h,base+02991h
  dw 00658h,base+03848h
  dw 01A29h,base+02694h
  dw 00257h,base+0001Dh
  dw 01A80h,base+026AEh
  dw 01A80h,base+026C8h
  dw 01A80h,base+026E2h
  dw 01A80h,base+02542h
  dw 01A80h,base+0255Ch
  dw 01A80h,base+02576h
  dw 01A00h,base+02590h

GoatAttackAndHitframe014:
  db 034h,01Bh,066h,06Dh
  db 066h
  db 000h,000h,093h,000h,000h
  db 000h,000h
  dw 01A80h,base+025AAh
  dw 01A80h,base+025C4h
  dw 01A80h,base+025DEh
  dw 01A80h,base+025F8h
  dw 01A80h,base+02612h
  dw 00A0Bh,base+0342Ch
  dw 00F75h,base+02F68h
  dw 00A0Ch,base+03436h
  dw 00E74h,base+0316Ch
  dw 00A0Ch,base+03440h
  dw 00E75h,base+0317Ah
  dw 0090Bh,base+03497h
  dw 00E75h,base+03188h
  dw 0090Bh,base+034A0h
  dw 00405h,base+038C5h
  dw 00970h,base+034A9h
  dw 0090Bh,base+034B2h
  dw 00405h,base+038C9h
  dw 00970h,base+034BBh
  dw 0090Bh,base+034C4h
  dw 00102h,base+00000h
  dw 00203h,base+028C7h
  dw 00870h,base+0356Fh
  dw 0090Dh,base+034CDh
  dw 00203h,base+0001Dh
  dw 00871h,base+03577h
  dw 00710h,base+0369Dh
  dw 00770h,base+036A4h
  dw 00710h,base+01D1Dh
  dw 00671h,base+00434h
  dw 0060Fh,base+00434h
  dw 00671h,base+00281h
  dw 00610h,base+03579h
  dw 00570h,base+00AF2h
  dw 00610h,base+03579h
  dw 00571h,base+00AF2h
  dw 0050Fh,base+00AF2h
  dw 00471h,base+0056Fh
  dw 0050Fh,base+00AF2h
  dw 00471h,base+0056Fh
  dw 0050Fh,base+00AF2h
  dw 00571h,base+015CAh
  dw 0050Fh,base+0389Fh
  dw 00570h,base+038A4h
  dw 00610h,base+028A9h
  dw 00670h,base+0381Eh
  dw 0060Fh,base+00434h
  dw 00770h,base+01D1Dh
  dw 00710h,base+01D1Dh
  dw 00870h,base+0357Fh
  dw 00710h,base+01A5Dh
  dw 0086Fh,base+007BFh
  dw 00811h,base+02104h
  dw 00800h,base+02104h

GoatAttackAndHitframe015:
  db 028h,015h,064h,007h
  db 074h
  db 000h,000h,0F9h,000h,000h
  db 000h,000h
  dw 00280h,base+0002Fh
  dw 0037Fh,base+024D6h
  dw 00580h,base+0148Fh
  dw 0077Fh,base+0373Eh
  dw 00980h,base+03503h
  dw 00B80h,base+033EBh
  dw 00D7Fh,base+03340h
  dw 00E80h,base+03222h
  dw 00F80h,base+02FE0h
  dw 00F7Fh,base+02FEFh
  dw 01080h,base+02E7Bh
  dw 01080h,base+02E8Bh
  dw 0107Fh,base+02E9Bh
  dw 01080h,base+02EABh
  dw 00F7Fh,base+02FFEh
  dw 01080h,base+02EBBh
  dw 00F7Fh,base+0300Dh
  dw 00F80h,base+0301Ch
  dw 00F80h,base+0302Bh
  dw 00E7Fh,base+03230h
  dw 00F00h,base+0303Ah

GoatAttackAndHitframe016:
  db 068h,01Bh,044h,01Ch
  db 064h
  db 000h,000h,0E4h,000h,000h
  db 000h,000h
  dw 00F80h,base+03049h
  dw 00F10h,base+03058h
  dw 0016Fh,base+00000h
  dw 01380h,base+02D02h
  dw 0157Fh,base+02C23h
  dw 01780h,base+02B19h
  dw 01880h,base+02AA2h
  dw 0197Fh,base+029AAh
  dw 01B80h,base+02377h
  dw 01B7Fh,base+02392h
  dw 01D80h,base+02135h
  dw 01E80h,base+0200Fh
  dw 01F7Fh,base+01E49h
  dw 02080h,base+01CD1h
  dw 02180h,base+01B8Dh
  dw 0227Fh,base+0199Dh
  dw 02480h,base+016BFh
  dw 0257Fh,base+015E3h
  dw 02780h,base+01271h
  dw 0277Dh,base+01298h
  dw 02B7Fh,base+00CCFh
  dw 02C80h,base+00AF1h
  dw 02C80h,base+00B1Dh
  dw 02C7Fh,base+00B49h
  dw 02D7Dh,base+009E6h
  dw 03180h,base+006CFh
  dw 0327Fh,base+0066Bh
  dw 03400h,base+004D2h

GoatAttackAndHitframe017:
  db 086h,01Bh,03Ch,037h
  db 044h
  db 000h,000h,0C9h,000h,000h
  db 000h,000h
  dw 03580h,base+00434h
  dw 0377Fh,base+002F1h
  dw 03980h,base+0020Fh
  dw 03A80h,base+00162h
  dw 03B80h,base+000B2h
  dw 03C80h,base+00000h
  dw 01213h,base+02D5Fh
  dw 02A6Dh,base+00E24h
  dw 00F13h,base+03067h
  dw 02A6Dh,base+00E4Eh
  dw 00C13h,base+033BBh
  dw 02A6Eh,base+00E78h
  dw 00812h,base+035A7h
  dw 02B6Eh,base+00CFAh
  dw 00812h,base+035AFh
  dw 02B6Eh,base+00D25h
  dw 00712h,base+03745h
  dw 02B6Eh,base+00D50h
  dw 00712h,base+0374Ch
  dw 01B1Ch,base+023ADh
  dw 00F51h,base+02FD1h
  dw 00813h,base+035B7h
  dw 01B1Dh,base+023C8h
  dw 00E50h,base+03214h
  dw 00713h,base+03753h
  dw 01B1Eh,base+023E3h
  dw 00D4Fh,base+03333h
  dw 00713h,base+0375Ah
  dw 01B1Fh,base+022F0h
  dw 00C4Dh,base+033AFh
  dw 00814h,base+035BFh
  dw 01B21h,base+023FEh
  dw 00A4Bh,base+0345Eh
  dw 00714h,base+03761h
  dw 01B24h,base+02341h
  dw 00747h,base+036C7h
  dw 00815h,base+035C7h
  dw 01B25h,base+01AC7h
  dw 00746h,base+036D5h
  dw 00715h,base+03768h
  dw 01B25h,base+01AE8h
  dw 00746h,base+036D5h
  dw 00715h,base+0376Fh
  dw 01B25h,base+01B09h
  dw 00745h,base+036EAh
  dw 00716h,base+03776h
  dw 01B25h,base+01B2Ah
  dw 00745h,base+036F8h
  dw 00715h,base+0377Dh
  dw 01C26h,base+018AFh
  dw 00745h,base+036FFh
  dw 00715h,base+03696h
  dw 01C27h,base+018D1h
  dw 00744h,base+0370Dh
  dw 00615h,base+03836h
  dw 01C27h,base+018F3h
  dw 00745h,base+0371Bh
  dw 00514h,base+03890h
  dw 01C27h,base+01915h
  dw 00745h,base+0371Bh
  dw 00514h,base+038AEh
  dw 01B27h,base+02284h
  dw 00700h,base+03729h

GoatAttackAndHitframe018:
  db 088h,01Bh,03Eh,052h
  db 03Eh
  db 000h,000h,0AEh,000h,000h
  db 000h,000h
  dw 00414h,base+038D1h
  dw 01B28h,base+01937h
  dw 00645h,base+03830h
  dw 00313h,base+038C2h
  dw 01B28h,base+01959h
  dw 00645h,base+0383Ch
  dw 00213h,base+003CAh
  dw 01B28h,base+0197Bh
  dw 00658h,base+0383Ch
  dw 01B28h,base+01B4Bh
  dw 00659h,base+03842h
  dw 01A27h,base+01C91h
  dw 00659h,base+00281h
  dw 01927h,base+0284Ch
  dw 00659h,base+00281h
  dw 01927h,base+02865h
  dw 00659h,base+00281h
  dw 01927h,base+01D8Fh
  dw 00759h,base+03730h
  dw 01927h,base+01DAEh
  dw 00759h,base+03730h
  dw 01927h,base+028B0h
  dw 00759h,base+01D1Dh
  dw 01927h,base+028C9h
  dw 00759h,base+01A5Dh
  dw 01927h,base+028E2h
  dw 00759h,base+01A5Dh
  dw 01927h,base+028FBh
  dw 00759h,base+01A5Dh
  dw 01927h,base+02914h
  dw 00859h,base+0359Fh
  dw 01926h,base+0292Dh
  dw 0095Ah,base+034E8h
  dw 01926h,base+02946h
  dw 0095Ah,base+034F1h
  dw 01926h,base+0295Fh
  dw 0095Ah,base+034FAh
  dw 01927h,base+02978h
  dw 00759h,base+03737h
  dw 01927h,base+02991h
  dw 00658h,base+03848h
  dw 01A29h,base+02694h
  dw 00257h,base+0001Dh
  dw 01A80h,base+026AEh
  dw 01A80h,base+026C8h
  dw 01A80h,base+026E2h
  dw 01A80h,base+02542h
  dw 01A80h,base+0255Ch
  dw 01A80h,base+02576h
  dw 01A00h,base+02590h

GoatAttackAndHitframe019:
  db 034h,01Bh,066h,06Dh
  db 066h
  db 000h,000h,093h,000h,000h
  db 000h,000h
  dw 01A80h,base+025AAh
  dw 01A80h,base+025C4h
  dw 01A80h,base+025DEh
  dw 01A80h,base+025F8h
  dw 01A80h,base+02612h
  dw 00A0Bh,base+0342Ch
  dw 00F75h,base+02F68h
  dw 00A0Ch,base+03436h
  dw 00E74h,base+0316Ch
  dw 00A0Ch,base+03440h
  dw 00E75h,base+0317Ah
  dw 0090Bh,base+03497h
  dw 00E75h,base+03188h
  dw 0090Bh,base+034A0h
  dw 00405h,base+038C5h
  dw 00970h,base+034A9h
  dw 0090Bh,base+034B2h
  dw 00405h,base+038C9h
  dw 00970h,base+034BBh
  dw 0090Bh,base+034C4h
  dw 00102h,base+00000h
  dw 00203h,base+028C7h
  dw 00870h,base+0356Fh
  dw 0090Dh,base+034CDh
  dw 00203h,base+0001Dh
  dw 00871h,base+03577h
  dw 00710h,base+0369Dh
  dw 00770h,base+036A4h
  dw 00710h,base+01D1Dh
  dw 00671h,base+00434h
  dw 0060Fh,base+00434h
  dw 00671h,base+00281h
  dw 00610h,base+03579h
  dw 00570h,base+00AF2h
  dw 00610h,base+03579h
  dw 00571h,base+00AF2h
  dw 0050Fh,base+00AF2h
  dw 00471h,base+0056Fh
  dw 0050Fh,base+00AF2h
  dw 00471h,base+0056Fh
  dw 0050Fh,base+00AF2h
  dw 00571h,base+015CAh
  dw 0050Fh,base+0389Fh
  dw 00570h,base+038A4h
  dw 00610h,base+028A9h
  dw 00670h,base+0381Eh
  dw 0060Fh,base+00434h
  dw 00770h,base+01D1Dh
  dw 00710h,base+01D1Dh
  dw 00870h,base+0357Fh
  dw 00710h,base+01A5Dh
  dw 0086Fh,base+007BFh
  dw 00811h,base+02104h
  dw 00800h,base+02104h

GoatAttackAndHitframe020:
  db 026h,016h,066h,006h
  db 072h
  db 000h,000h,0FAh,000h,000h
  db 000h,000h
  dw 00280h,base+038D8h
  dw 00380h,base+038D5h
  dw 0047Fh,base+00EF8h
  dw 00880h,base+0358Fh
  dw 00980h,base+03367h
  dw 00C80h,base+03397h
  dw 00D7Fh,base+03319h
  dw 00F80h,base+02F86h
  dw 00F7Fh,base+02F95h
  dw 01080h,base+02E2Bh
  dw 01080h,base+02E3Bh
  dw 00F7Fh,base+02FA4h
  dw 01080h,base+02E4Bh
  dw 00F80h,base+02FB3h
  dw 00E80h,base+031B2h
  dw 00E7Fh,base+031C0h
  dw 00E80h,base+031CEh
  dw 00E7Fh,base+031DCh
  dw 00E80h,base+031EAh
  dw 00D80h,base+03326h
  dw 00E80h,base+031F8h
  dw 00E00h,base+03206h

GoatAttackAndHitframe021:
  db 05Ch,01Bh,050h,01Ch
  db 064h
  db 000h,000h,0E4h,000h,000h
  db 000h,000h
  dw 01011h,base+02E5Bh
  dw 0016Fh,base+00000h
  dw 01280h,base+02D3Bh
  dw 0127Fh,base+02D4Dh
  dw 01580h,base+02C0Eh
  dw 01680h,base+02BA1h
  dw 0177Fh,base+02B02h
  dw 01980h,base+02897h
  dw 01A80h,base+02660h
  dw 01A7Fh,base+0267Ah
  dw 01C80h,base+021C2h
  dw 01D80h,base+02118h
  dw 01E7Fh,base+01FF1h
  dw 01F80h,base+01E2Ah
  dw 02080h,base+01CB1h
  dw 0217Fh,base+01B6Ch
  dw 02380h,base+01801h
  dw 02480h,base+0169Bh
  dw 02580h,base+01599h
  dw 0257Fh,base+015BEh
  dw 02780h,base+012BFh
  dw 0277Fh,base+012E6h
  dw 0287Eh,base+01183h
  dw 02A7Fh,base+00EA2h
  dw 02B80h,base+00C23h
  dw 02C80h,base+00AC5h
  dw 02D80h,base+009B9h
  dw 02E00h,base+0084Bh

GoatAttackAndHitframe022:
  db 080h,01Bh,042h,037h
  db 04Ah
  db 000h,000h,0C9h,000h,000h
  db 000h,000h
  dw 0327Fh,base+00639h
  dw 03580h,base+003FFh
  dw 0367Fh,base+0035Eh
  dw 03880h,base+002B9h
  dw 03980h,base+00248h
  dw 03A80h,base+0019Ch
  dw 03B80h,base+000EDh
  dw 03B80h,base+00077h
  dw 01011h,base+02E6Bh
  dw 02A6Fh,base+00DFAh
  dw 00F11h,base+02FC2h
  dw 02B6Fh,base+00C4Eh
  dw 00C11h,base+033A3h
  dw 02B6Fh,base+00C79h
  dw 00A11h,base+03454h
  dw 02B6Fh,base+00CA4h
  dw 00911h,base+034DFh
  dw 01B1Ch,base+022BAh
  dw 00F53h,base+02FD1h
  dw 00811h,base+03597h
  dw 01B1Dh,base+022D5h
  dw 00E53h,base+03214h
  dw 00710h,base+036B2h
  dw 01B1Eh,base+022F0h
  dw 00D52h,base+03333h
  dw 00710h,base+036B9h
  dw 01B1Fh,base+0230Bh
  dw 00C51h,base+033AFh
  dw 00610h,base+0382Ah
  dw 01B21h,base+02326h
  dw 00A4Eh,base+0345Eh
  dw 00711h,base+036C0h
  dw 01B24h,base+02341h
  dw 0074Bh,base+036C7h
  dw 00711h,base+036CEh
  dw 01B25h,base+01AC7h
  dw 00749h,base+036D5h
  dw 00712h,base+036DCh
  dw 01B25h,base+01AE8h
  dw 00749h,base+036D5h
  dw 00712h,base+036E3h
  dw 01B25h,base+01B09h
  dw 00749h,base+036EAh
  dw 00712h,base+036F1h
  dw 01B25h,base+0235Ch
  dw 00749h,base+036F8h
  dw 00611h,base+03800h
  dw 01C26h,base+021DEh
  dw 00748h,base+036FFh
  dw 00712h,base+03706h
  dw 01C27h,base+018D1h
  dw 00747h,base+0370Dh
  dw 00712h,base+03714h
  dw 01C27h,base+018F3h
  dw 00747h,base+0371Bh
  dw 00712h,base+03722h
  dw 01C27h,base+01915h
  dw 00747h,base+0371Bh
  dw 00612h,base+0380Ch
  dw 01B27h,base+02284h
  dw 00700h,base+03729h

GoatAttackAndHitframe023:
  db 086h,01Bh,040h,052h
  db 040h
  db 000h,000h,0AEh,000h,000h
  db 000h,000h
  dw 00713h,base+03696h
  dw 01B28h,base+01937h
  dw 00645h,base+03830h
  dw 00613h,base+03836h
  dw 01B28h,base+01959h
  dw 00645h,base+0383Ch
  dw 00613h,base+03836h
  dw 01B28h,base+0197Bh
  dw 00646h,base+0383Ch
  dw 00512h,base+038AEh
  dw 01B28h,base+01B4Bh
  dw 00646h,base+03842h
  dw 00513h,base+038B3h
  dw 01A27h,base+01C91h
  dw 00646h,base+00281h
  dw 00413h,base+038CDh
  dw 01927h,base+0284Ch
  dw 00648h,base+00281h
  dw 00211h,base+004D0h
  dw 01927h,base+02865h
  dw 00659h,base+00281h
  dw 01927h,base+01D8Fh
  dw 00759h,base+03730h
  dw 01927h,base+01DAEh
  dw 00759h,base+03730h
  dw 01927h,base+028B0h
  dw 00759h,base+01D1Dh
  dw 01927h,base+028C9h
  dw 00759h,base+01A5Dh
  dw 01927h,base+028E2h
  dw 00759h,base+01A5Dh
  dw 01927h,base+028FBh
  dw 00759h,base+01A5Dh
  dw 01927h,base+02914h
  dw 00859h,base+0359Fh
  dw 01926h,base+0292Dh
  dw 0095Ah,base+034E8h
  dw 01926h,base+02946h
  dw 0095Ah,base+034F1h
  dw 01926h,base+0295Fh
  dw 0095Ah,base+034FAh
  dw 01927h,base+02978h
  dw 00759h,base+03737h
  dw 01927h,base+02991h
  dw 00658h,base+03848h
  dw 01A29h,base+02694h
  dw 00257h,base+0001Dh
  dw 01A80h,base+026AEh
  dw 01A80h,base+026C8h
  dw 01A80h,base+026E2h
  dw 01A80h,base+02542h
  dw 01A80h,base+0255Ch
  dw 01A80h,base+02576h
  dw 01A00h,base+02590h

GoatAttackAndHitframe024:
  db 034h,01Bh,066h,06Dh
  db 066h
  db 000h,000h,093h,000h,000h
  db 000h,000h
  dw 01A80h,base+025AAh
  dw 01A80h,base+025C4h
  dw 01A80h,base+025DEh
  dw 01A80h,base+025F8h
  dw 01A80h,base+02612h
  dw 00A0Bh,base+0342Ch
  dw 00F75h,base+02F68h
  dw 00A0Ch,base+03436h
  dw 00E74h,base+0316Ch
  dw 00A0Ch,base+03440h
  dw 00E75h,base+0317Ah
  dw 0090Bh,base+03497h
  dw 00E75h,base+03188h
  dw 0090Bh,base+034A0h
  dw 00405h,base+038C5h
  dw 00970h,base+034A9h
  dw 0090Bh,base+034B2h
  dw 00405h,base+038C9h
  dw 00970h,base+034BBh
  dw 0090Bh,base+034C4h
  dw 00102h,base+00000h
  dw 00203h,base+028C7h
  dw 00870h,base+0356Fh
  dw 0090Dh,base+034CDh
  dw 00203h,base+0001Dh
  dw 00871h,base+03577h
  dw 00710h,base+0369Dh
  dw 00770h,base+036A4h
  dw 00710h,base+01D1Dh
  dw 00671h,base+00434h
  dw 0060Fh,base+00434h
  dw 00671h,base+00281h
  dw 00610h,base+03579h
  dw 00570h,base+00AF2h
  dw 00610h,base+03579h
  dw 00571h,base+00AF2h
  dw 0050Fh,base+00AF2h
  dw 00471h,base+0056Fh
  dw 0050Fh,base+00AF2h
  dw 00471h,base+0056Fh
  dw 0050Fh,base+00AF2h
  dw 00571h,base+015CAh
  dw 0050Fh,base+0389Fh
  dw 00570h,base+038A4h
  dw 00610h,base+028A9h
  dw 00670h,base+0381Eh
  dw 0060Fh,base+00434h
  dw 00770h,base+01D1Dh
  dw 00710h,base+01D1Dh
  dw 00870h,base+0357Fh
  dw 00710h,base+01A5Dh
  dw 0086Fh,base+007BFh
  dw 00811h,base+02104h
  dw 00800h,base+02104h

GoatAttackAndHitframe025:
  db 026h,016h,064h,006h
  db 06Eh
  db 000h,000h,0FAh,000h,000h
  db 000h,000h
  dw 00280h,base+003CAh
  dw 00480h,base+038BDh
  dw 0077Fh,base+03657h
  dw 00C80h,base+03367h
  dw 00E80h,base+030EEh
  dw 00E80h,base+030FCh
  dw 00E7Fh,base+0310Ah
  dw 00F80h,base+02F3Bh
  dw 00F80h,base+02F4Ah
  dw 00E80h,base+03118h
  dw 00E7Fh,base+03126h
  dw 00E80h,base+03134h
  dw 00E80h,base+03142h
  dw 00D80h,base+032D8h
  dw 00D7Fh,base+032E5h
  dw 00D80h,base+032F2h
  dw 00E80h,base+0323Eh
  dw 00E80h,base+0324Ch
  dw 00F7Fh,base+03076h
  dw 01011h,base+02ECBh
  dw 0016Fh,base+00000h
  dw 01011h,base+02EDBh
  dw 0026Fh,base+02D13h
  dw 01300h,base+02D15h

GoatAttackAndHitframe026:
  db 05Ah,01Bh,052h,01Ch
  db 064h
  db 000h,000h,0E4h,000h,000h
  db 000h,000h
  dw 0137Fh,base+02D28h
  dw 01580h,base+02C38h
  dw 01680h,base+02BB7h
  dw 01780h,base+02B30h
  dw 0187Fh,base+02ABAh
  dw 01A80h,base+026FCh
  dw 01B80h,base+02419h
  dw 01B80h,base+02434h
  dw 01C7Fh,base+021FAh
  dw 01E80h,base+0202Dh
  dw 01F80h,base+01E68h
  dw 02080h,base+01CF1h
  dw 0217Fh,base+01BAEh
  dw 02380h,base+01824h
  dw 02480h,base+016E3h
  dw 02480h,base+01707h
  dw 0257Fh,base+01608h
  dw 02680h,base+01469h
  dw 02680h,base+0148Fh
  dw 02780h,base+0130Dh
  dw 0277Fh,base+01334h
  dw 02880h,base+011ABh
  dw 02980h,base+00F73h
  dw 0297Fh,base+00F9Ch
  dw 02A7Eh,base+00ECCh
  dw 02C80h,base+00B75h
  dw 02D00h,base+00A13h

GoatAttackAndHitframe027:
  db 074h,01Bh,048h,037h
  db 050h
  db 000h,000h,0C9h,000h,000h
  db 000h,000h
  dw 02E80h,base+00879h
  dw 02E80h,base+008A7h
  dw 02F80h,base+00790h
  dw 02F7Eh,base+007BFh
  dw 0327Fh,base+0069Dh
  dw 03380h,base+0056Eh
  dw 0347Fh,base+00506h
  dw 03580h,base+00469h
  dw 03680h,base+00394h
  dw 01011h,base+0095Fh
  dw 0266Fh,base+014B5h
  dw 00F11h,base+0098Ch
  dw 0266Fh,base+014DBh
  dw 00D11h,base+0330Ch
  dw 01A1Bh,base+02716h
  dw 00C54h,base+033C7h
  dw 00C10h,base+0337Fh
  dw 01B1Ch,base+0244Fh
  dw 00C54h,base+033D3h
  dw 00A10h,base+03422h
  dw 01B1Dh,base+0246Ah
  dw 00B53h,base+033F6h
  dw 00910h,base+0347Ch
  dw 01B1Eh,base+02485h
  dw 00B52h,base+03401h
  dw 00910h,base+03485h
  dw 01B1Eh,base+024A0h
  dw 00B52h,base+0340Ch
  dw 00910h,base+0348Eh
  dw 01B1Fh,base+01A64h
  dw 00A52h,base+03468h
  dw 0070Fh,base+0365Eh
  dw 01B20h,base+01A85h
  dw 00951h,base+0350Ch
  dw 0070Fh,base+03665h
  dw 01B21h,base+01AA6h
  dw 00850h,base+035CFh
  dw 0070Fh,base+0366Ch
  dw 01B21h,base+01AC7h
  dw 00850h,base+035D7h
  dw 0070Fh,base+03673h
  dw 01B21h,base+01AE8h
  dw 00850h,base+035DFh
  dw 0060Fh,base+037F4h
  dw 01B21h,base+01B09h
  dw 00850h,base+035E7h
  dw 0060Fh,base+037F4h
  dw 01B22h,base+01B2Ah
  dw 0084Eh,base+035EFh
  dw 0070Fh,base+0367Ah
  dw 01C23h,base+018AFh
  dw 0084Eh,base+035F7h
  dw 0070Fh,base+03681h
  dw 01C24h,base+018D1h
  dw 0074Dh,base+036EAh
  dw 0060Fh,base+037FAh
  dw 01C24h,base+018F3h
  dw 0074Dh,base+036EAh
  dw 0060Fh,base+03800h
  dw 01C24h,base+01915h
  dw 00700h,base+036F8h

GoatAttackAndHitframe028:
  db 07Ch,01Bh,044h,052h
  db 046h
  db 000h,000h,0AEh,000h,000h
  db 000h,000h
  dw 00710h,base+03688h
  dw 01B24h,base+02284h
  dw 0074Ch,base+036FFh
  dw 00710h,base+0368Fh
  dw 01B25h,base+01937h
  dw 0064Bh,base+0384Eh
  dw 00610h,base+03806h
  dw 01B25h,base+01959h
  dw 0064Bh,base+0384Eh
  dw 00610h,base+0380Ch
  dw 01B25h,base+0197Bh
  dw 0074Ah,base+0370Dh
  dw 00711h,base+03696h
  dw 01B25h,base+01B4Bh
  dw 0074Bh,base+03784h
  dw 00611h,base+03812h
  dw 01A24h,base+01C91h
  dw 0074Bh,base+0378Bh
  dw 00511h,base+03890h
  dw 01924h,base+0284Ch
  dw 0074Bh,base+03792h
  dw 00511h,base+03895h
  dw 01924h,base+02865h
  dw 0074Bh,base+03799h
  dw 00511h,base+0389Ah
  dw 01924h,base+01D8Fh
  dw 0074Ch,base+03730h
  dw 00410h,base+038C1h
  dw 01925h,base+01DAEh
  dw 0064Ch,base+036A5h
  dw 0020Fh,base+003CAh
  dw 01925h,base+028B0h
  dw 0065Bh,base+036A5h
  dw 01925h,base+028C9h
  dw 0065Bh,base+00434h
  dw 01925h,base+028E2h
  dw 0065Bh,base+00434h
  dw 01925h,base+028FBh
  dw 0065Bh,base+00434h
  dw 01924h,base+02914h
  dw 0075Ch,base+01D1Dh
  dw 01924h,base+0292Dh
  dw 0085Ch,base+0357Fh
  dw 01924h,base+029C3h
  dw 0085Ch,base+035FFh
  dw 01924h,base+029DCh
  dw 0085Ch,base+0359Fh
  dw 01923h,base+029F5h
  dw 0095Ch,base+03515h
  dw 01A24h,base+02730h
  dw 0095Ch,base+0351Eh
  dw 01A24h,base+0274Ah
  dw 0095Ch,base+034FAh
  dw 01A25h,base+026C8h
  dw 0075Bh,base+03737h
  dw 01A25h,base+026E2h
  dw 0065Bh,base+03854h
  dw 01A25h,base+02542h
  dw 0035Bh,base+000BAh
  dw 01A80h,base+0255Ch
  dw 01A80h,base+02576h
  dw 01A00h,base+02590h

GoatAttackAndHitframe029:
  db 034h,01Bh,066h,06Dh
  db 066h
  db 000h,000h,093h,000h,000h
  db 000h,000h
  dw 01A80h,base+025AAh
  dw 01A80h,base+025C4h
  dw 01A80h,base+025DEh
  dw 01A80h,base+025F8h
  dw 01A80h,base+02612h
  dw 00A0Bh,base+0342Ch
  dw 00F75h,base+02F68h
  dw 00A0Ch,base+03436h
  dw 00E74h,base+0316Ch
  dw 00A0Ch,base+03440h
  dw 00E75h,base+0317Ah
  dw 0090Bh,base+03497h
  dw 00E75h,base+03188h
  dw 0090Bh,base+034A0h
  dw 00405h,base+038C5h
  dw 00970h,base+034A9h
  dw 0090Bh,base+034B2h
  dw 00405h,base+038C9h
  dw 00970h,base+034BBh
  dw 0090Bh,base+034C4h
  dw 00102h,base+00000h
  dw 00203h,base+028C7h
  dw 00870h,base+0356Fh
  dw 0090Dh,base+034CDh
  dw 00203h,base+0001Dh
  dw 00871h,base+03577h
  dw 00710h,base+0369Dh
  dw 00770h,base+036A4h
  dw 00710h,base+01D1Dh
  dw 00671h,base+00434h
  dw 0060Fh,base+00434h
  dw 00671h,base+00281h
  dw 00610h,base+03579h
  dw 00570h,base+00AF2h
  dw 00610h,base+03579h
  dw 00571h,base+00AF2h
  dw 0050Fh,base+00AF2h
  dw 00471h,base+0056Fh
  dw 0050Fh,base+00AF2h
  dw 00471h,base+0056Fh
  dw 0050Fh,base+00AF2h
  dw 00571h,base+015CAh
  dw 0050Fh,base+0389Fh
  dw 00570h,base+038A4h
  dw 00610h,base+028A9h
  dw 00670h,base+0381Eh
  dw 0060Fh,base+00434h
  dw 00770h,base+01D1Dh
  dw 00710h,base+01D1Dh
  dw 00870h,base+0357Fh
  dw 00710h,base+01A5Dh
  dw 0086Fh,base+007BFh
  dw 00811h,base+02104h
  dw 00800h,base+02104h

GoatAttackAndHitframe030:
  db 02Ch,015h,066h,007h
  db 070h
  db 000h,000h,0F9h,000h,000h
  db 000h,000h
  dw 0027Fh,base+004D0h
  dw 00580h,base+038B8h
  dw 00780h,base+037A0h
  dw 00B80h,base+03417h
  dw 00D7Fh,base+0334Dh
  dw 00E80h,base+0325Ah
  dw 00E80h,base+03268h
  dw 00E80h,base+03276h
  dw 00F7Fh,base+03085h
  dw 01080h,base+02EEBh
  dw 01180h,base+02D95h
  dw 01112h,base+02DA6h
  dw 0016Eh,base+00000h
  dw 01112h,base+02DB7h
  dw 0026Dh,base+02D13h
  dw 01580h,base+02C4Dh
  dw 00F10h,base+03094h
  dw 00570h,base+02D36h
  dw 00E10h,base+03284h
  dw 00570h,base+02CAFh
  dw 00E11h,base+03292h
  dw 0036Eh,base+0239Dh
  dw 01013h,base+02EFBh
  dw 0026Dh,base+0001Dh
  dw 01080h,base+02F0Bh
  dw 01180h,base+02DC8h
  dw 01200h,base+02D71h

GoatAttackAndHitframe031:
  db 058h,01Bh,054h,01Ch
  db 064h
  db 000h,000h,0E4h,000h,000h
  db 000h,000h
  dw 01580h,base+02C62h
  dw 01680h,base+02BCDh
  dw 01780h,base+02B47h
  dw 0187Fh,base+02AD2h
  dw 01A80h,base+02764h
  dw 01B80h,base+024BBh
  dw 01B80h,base+024D6h
  dw 01C7Fh,base+02216h
  dw 01E80h,base+0204Bh
  dw 01F80h,base+01E87h
  dw 02080h,base+01D11h
  dw 0217Fh,base+01BCFh
  dw 02380h,base+01847h
  dw 02480h,base+0172Bh
  dw 02480h,base+0174Fh
  dw 0257Fh,base+0162Dh
  dw 02680h,base+01501h
  dw 02680h,base+01527h
  dw 02780h,base+0135Bh
  dw 0277Fh,base+01382h
  dw 02880h,base+011D3h
  dw 02980h,base+00FC5h
  dw 02980h,base+00FEEh
  dw 0297Fh,base+01017h
  dw 02A7Fh,base+00EF6h
  dw 02B7Fh,base+00D7Bh
  dw 02C00h,base+00BA1h

GoatAttackAndHitframe032:
  db 06Ch,01Bh,048h,037h
  db 052h
  db 000h,000h,0C9h,000h,000h
  db 000h,000h
  dw 02D80h,base+00A40h
  dw 02E80h,base+008D5h
  dw 02E80h,base+00903h
  dw 02E7Fh,base+00931h
  dw 02F7Fh,base+007EEh
  dw 0307Fh,base+00731h
  dw 0317Fh,base+00700h
  dw 03380h,base+005A1h
  dw 0337Fh,base+005D4h
  dw 03480h,base+0053Ah
  dw 01112h,base+02DD9h
  dw 0191Ah,base+02A0Eh
  dw 00954h,base+03469h
  dw 00F11h,base+030A3h
  dw 01A1Bh,base+0277Eh
  dw 00954h,base+03469h
  dw 00E11h,base+032A0h
  dw 01A1Bh,base+02798h
  dw 00954h,base+03527h
  dw 00C11h,base+033DFh
  dw 01A1Ch,base+02450h
  dw 00854h,base+03607h
  dw 00A0Fh,base+03472h
  dw 01B1Dh,base+0246Ah
  dw 00954h,base+03530h
  dw 0090Fh,base+03539h
  dw 01B1Dh,base+02485h
  dw 00954h,base+03542h
  dw 0080Fh,base+0360Fh
  dw 01B1Dh,base+024F1h
  dw 00954h,base+03527h
  dw 0080Fh,base+03617h
  dw 01B1Dh,base+01A64h
  dw 00954h,base+0354Bh
  dw 0080Fh,base+0361Fh
  dw 01B1Eh,base+01A85h
  dw 00854h,base+03627h
  dw 0070Eh,base+037A7h
  dw 01B1Eh,base+01AA6h
  dw 00854h,base+0362Fh
  dw 0060Eh,base+0382Ah
  dw 01B1Eh,base+01AC7h
  dw 00854h,base+03637h
  dw 0060Eh,base+0385Ah
  dw 01B1Eh,base+01AE8h
  dw 00853h,base+0363Fh
  dw 0070Fh,base+037AEh
  dw 01B1Eh,base+01B09h
  dw 00853h,base+03647h
  dw 0070Fh,base+037AEh
  dw 01B1Fh,base+01B2Ah
  dw 00752h,base+037B5h
  dw 0060Eh,base+00EF8h
  dw 01C20h,base+018AFh
  dw 00752h,base+037BCh
  dw 0060Eh,base+03860h
  dw 01C20h,base+018D1h
  dw 00751h,base+037C3h
  dw 0070Fh,base+037CAh
  dw 01C20h,base+018F3h
  dw 00700h,base+037D1h

GoatAttackAndHitframe033:
  db 06Eh,01Bh,046h,052h
  db 048h
  db 000h,000h,0AEh,000h,000h
  db 000h,000h
  dw 0070Fh,base+037D8h
  dw 01C20h,base+01915h
  dw 00751h,base+037DFh
  dw 0060Fh,base+03866h
  dw 01B21h,base+02284h
  dw 00650h,base+0384Eh
  dw 0060Fh,base+0386Ch
  dw 01B21h,base+01937h
  dw 0064Fh,base+0384Eh
  dw 00710h,base+037E6h
  dw 01B21h,base+01959h
  dw 0064Fh,base+0384Eh
  dw 00710h,base+0377Dh
  dw 01B21h,base+0197Bh
  dw 0064Fh,base+0384Eh
  dw 00610h,base+03872h
  dw 01B21h,base+01B4Bh
  dw 0064Fh,base+0384Eh
  dw 00611h,base+03836h
  dw 01A20h,base+01C91h
  dw 0064Fh,base+0384Eh
  dw 00611h,base+03878h
  dw 01920h,base+0284Ch
  dw 00650h,base+0387Eh
  dw 00510h,base+038AEh
  dw 01920h,base+02865h
  dw 00650h,base+03884h
  dw 00410h,base+038B3h
  dw 01920h,base+01D8Fh
  dw 00650h,base+03830h
  dw 00410h,base+038CDh
  dw 01920h,base+01DAEh
  dw 00652h,base+0388Ah
  dw 0020Eh,base+004D0h
  dw 01920h,base+028B0h
  dw 00660h,base+036A5h
  dw 01920h,base+028C9h
  dw 00660h,base+036A5h
  dw 01920h,base+028E2h
  dw 00660h,base+036A5h
  dw 0191Fh,base+028FBh
  dw 00761h,base+03730h
  dw 0191Fh,base+02914h
  dw 00761h,base+03730h
  dw 0191Fh,base+02A27h
  dw 00761h,base+01256h
  dw 0191Eh,base+02A40h
  dw 00862h,base+0357Fh
  dw 0191Eh,base+02A59h
  dw 00861h,base+0359Fh
  dw 01A1Eh,base+027B2h
  dw 00962h,base+03554h
  dw 01A1Eh,base+027CCh
  dw 00962h,base+03515h
  dw 01A1Eh,base+027E6h
  dw 00962h,base+0355Dh
  dw 01A1Eh,base+026E2h
  dw 00962h,base+03566h
  dw 01A1Eh,base+02542h
  dw 00862h,base+0364Fh
  dw 01A1Fh,base+0255Ch
  dw 00761h,base+037EDh
  dw 01A20h,base+02576h
  dw 00660h,base+0048Bh
  dw 01A00h,base+02590h

GoatAttackAndHitframe034:
  db 034h,01Bh,066h,06Dh
  db 066h
  db 000h,000h,093h,000h,000h
  db 000h,000h
  dw 01A80h,base+025AAh
  dw 01A80h,base+025C4h
  dw 01A80h,base+025DEh
  dw 01A80h,base+025F8h
  dw 01A80h,base+02612h
  dw 00A0Bh,base+0342Ch
  dw 00F75h,base+02F68h
  dw 00A0Ch,base+03436h
  dw 00E74h,base+0316Ch
  dw 00A0Ch,base+03440h
  dw 00E75h,base+0317Ah
  dw 0090Bh,base+03497h
  dw 00E75h,base+03188h
  dw 0090Bh,base+034A0h
  dw 00405h,base+038C5h
  dw 00970h,base+034A9h
  dw 0090Bh,base+034B2h
  dw 00405h,base+038C9h
  dw 00970h,base+034BBh
  dw 0090Bh,base+034C4h
  dw 00102h,base+00000h
  dw 00203h,base+028C7h
  dw 00870h,base+0356Fh
  dw 0090Dh,base+034CDh
  dw 00203h,base+0001Dh
  dw 00871h,base+03577h
  dw 00710h,base+0369Dh
  dw 00770h,base+036A4h
  dw 00710h,base+01D1Dh
  dw 00671h,base+00434h
  dw 0060Fh,base+00434h
  dw 00671h,base+00281h
  dw 00610h,base+03579h
  dw 00570h,base+00AF2h
  dw 00610h,base+03579h
  dw 00571h,base+00AF2h
  dw 0050Fh,base+00AF2h
  dw 00471h,base+0056Fh
  dw 0050Fh,base+00AF2h
  dw 00471h,base+0056Fh
  dw 0050Fh,base+00AF2h
  dw 00571h,base+015CAh
  dw 0050Fh,base+0389Fh
  dw 00570h,base+038A4h
  dw 00610h,base+028A9h
  dw 00670h,base+0381Eh
  dw 0060Fh,base+00434h
  dw 00770h,base+01D1Dh
  dw 00710h,base+01D1Dh
  dw 00870h,base+0357Fh
  dw 00710h,base+01A5Dh
  dw 0086Fh,base+007BFh
  dw 00811h,base+02104h
  dw 00800h,base+02104h

GoatAttackAndHitframe035:
  db 02Ah,015h,066h,007h
  db 070h
  db 000h,000h,0F9h,000h,000h
  db 000h,000h
  dw 0027Fh,base+004D0h
  dw 00580h,base+038B8h
  dw 00780h,base+037A0h
  dw 00B80h,base+03417h
  dw 00D7Fh,base+0334Dh
  dw 00E80h,base+0325Ah
  dw 00E80h,base+03268h
  dw 00E80h,base+03276h
  dw 00E7Fh,base+032AEh
  dw 00F80h,base+030B2h
  dw 00F80h,base+030C1h
  dw 01080h,base+02F1Bh
  dw 01011h,base+02F2Bh
  dw 0016Eh,base+00000h
  dw 01112h,base+02DEAh
  dw 0026Eh,base+02D13h
  dw 01480h,base+02CC8h
  dw 00E0Fh,base+032BCh
  dw 00571h,base+02D36h
  dw 00D0Fh,base+0335Ah
  dw 00570h,base+02CAFh
  dw 00E11h,base+032CAh
  dw 0036Fh,base+0239Dh
  dw 00F12h,base+030D0h
  dw 0026Eh,base+0001Dh
  dw 00F80h,base+030DFh
  dw 01200h,base+02D83h

GoatAttackAndHitframe036:
  db 058h,01Bh,054h,01Ch
  db 064h
  db 000h,000h,0E4h,000h,000h
  db 000h,000h
  dw 01580h,base+02C77h
  dw 01680h,base+02BE3h
  dw 01780h,base+02B5Eh
  dw 0187Fh,base+02AEAh
  dw 01A80h,base+02800h
  dw 01B80h,base+0250Ch
  dw 01B80h,base+02527h
  dw 01C7Fh,base+02232h
  dw 01E80h,base+02069h
  dw 01F80h,base+01EA6h
  dw 02080h,base+01D31h
  dw 0217Fh,base+01BF0h
  dw 02380h,base+0186Ah
  dw 02480h,base+01773h
  dw 02480h,base+01797h
  dw 0257Fh,base+01652h
  dw 02680h,base+0154Dh
  dw 02680h,base+01573h
  dw 02780h,base+013A9h
  dw 0277Fh,base+013D0h
  dw 02880h,base+011FBh
  dw 02980h,base+01040h
  dw 02980h,base+01069h
  dw 0297Fh,base+01092h
  dw 02A7Fh,base+00F20h
  dw 02B7Fh,base+00D7Bh
  dw 02C00h,base+00BA1h

GoatAttackAndHitframe037:
  db 06Ch,01Bh,048h,037h
  db 052h
  db 000h,000h,0C9h,000h,000h
  db 000h,000h
  dw 02D80h,base+00A40h
  dw 02E80h,base+008D5h
  dw 02E80h,base+00903h
  dw 02E7Fh,base+00931h
  dw 02F7Fh,base+007EEh
  dw 0307Fh,base+00731h
  dw 0317Fh,base+00700h
  dw 03380h,base+005A1h
  dw 0337Fh,base+005D4h
  dw 03480h,base+0053Ah
  dw 01112h,base+02DD9h
  dw 0191Ah,base+02A0Eh
  dw 00954h,base+03469h
  dw 00F11h,base+030A3h
  dw 01A1Bh,base+0277Eh
  dw 00954h,base+03469h
  dw 00E11h,base+032A0h
  dw 01A1Bh,base+02798h
  dw 00954h,base+03527h
  dw 00C11h,base+033DFh
  dw 01A1Ch,base+02450h
  dw 00854h,base+03607h
  dw 00A0Fh,base+03472h
  dw 01B1Dh,base+0246Ah
  dw 00954h,base+03530h
  dw 0090Fh,base+03539h
  dw 01B1Dh,base+02485h
  dw 00954h,base+03542h
  dw 0080Fh,base+0360Fh
  dw 01B1Dh,base+024F1h
  dw 00954h,base+03527h
  dw 0080Fh,base+03617h
  dw 01B1Dh,base+01A64h
  dw 00954h,base+0354Bh
  dw 0080Fh,base+0361Fh
  dw 01B1Eh,base+01A85h
  dw 00854h,base+03627h
  dw 0070Eh,base+037A7h
  dw 01B1Eh,base+01AA6h
  dw 00854h,base+0362Fh
  dw 0060Eh,base+0382Ah
  dw 01B1Eh,base+01AC7h
  dw 00854h,base+03637h
  dw 0060Eh,base+0385Ah
  dw 01B1Eh,base+01AE8h
  dw 00853h,base+0363Fh
  dw 0070Fh,base+037AEh
  dw 01B1Eh,base+01B09h
  dw 00853h,base+03647h
  dw 0070Fh,base+037AEh
  dw 01B1Fh,base+01B2Ah
  dw 00752h,base+037B5h
  dw 0060Eh,base+00EF8h
  dw 01C20h,base+018AFh
  dw 00752h,base+037BCh
  dw 0060Eh,base+03860h
  dw 01C20h,base+018D1h
  dw 00751h,base+037C3h
  dw 0070Fh,base+037CAh
  dw 01C20h,base+018F3h
  dw 00700h,base+037D1h

GoatAttackAndHitframe038:
  db 06Eh,01Bh,046h,052h
  db 048h
  db 000h,000h,0AEh,000h,000h
  db 000h,000h
  dw 0070Fh,base+037D8h
  dw 01C20h,base+01915h
  dw 00751h,base+037DFh
  dw 0060Fh,base+03866h
  dw 01B21h,base+02284h
  dw 00650h,base+0384Eh
  dw 0060Fh,base+0386Ch
  dw 01B21h,base+01937h
  dw 0064Fh,base+0384Eh
  dw 00710h,base+037E6h
  dw 01B21h,base+01959h
  dw 0064Fh,base+0384Eh
  dw 00710h,base+0377Dh
  dw 01B21h,base+0197Bh
  dw 0064Fh,base+0384Eh
  dw 00610h,base+03872h
  dw 01B21h,base+01B4Bh
  dw 0064Fh,base+0384Eh
  dw 00611h,base+03836h
  dw 01A20h,base+01C91h
  dw 0064Fh,base+0384Eh
  dw 00611h,base+03878h
  dw 01920h,base+0284Ch
  dw 00650h,base+0387Eh
  dw 00510h,base+038AEh
  dw 01920h,base+02865h
  dw 00650h,base+03884h
  dw 00410h,base+038B3h
  dw 01920h,base+01D8Fh
  dw 00650h,base+03830h
  dw 00410h,base+038CDh
  dw 01920h,base+01DAEh
  dw 00652h,base+0388Ah
  dw 0020Fh,base+004D0h
  dw 0181Fh,base+028B1h
  dw 00660h,base+036A5h
  dw 01920h,base+028C9h
  dw 00660h,base+036A5h
  dw 01920h,base+028E2h
  dw 00660h,base+036A5h
  dw 0191Fh,base+028FBh
  dw 00761h,base+03730h
  dw 0191Fh,base+02914h
  dw 00761h,base+03730h
  dw 0191Fh,base+02A27h
  dw 00761h,base+01256h
  dw 0191Eh,base+02A40h
  dw 00862h,base+0357Fh
  dw 0191Eh,base+02A59h
  dw 00861h,base+0359Fh
  dw 01A1Eh,base+027B2h
  dw 00962h,base+03554h
  dw 01A1Eh,base+027CCh
  dw 00962h,base+03515h
  dw 01A1Eh,base+027E6h
  dw 00962h,base+0355Dh
  dw 01A1Eh,base+026E2h
  dw 00962h,base+03566h
  dw 01A1Eh,base+02542h
  dw 00862h,base+0364Fh
  dw 01A1Fh,base+0255Ch
  dw 00761h,base+037EDh
  dw 01A20h,base+02576h
  dw 00660h,base+0048Bh
  dw 01A00h,base+02590h

GoatAttackAndHitframe039:
  db 034h,01Bh,066h,06Dh
  db 066h
  db 000h,000h,093h,000h,000h
  db 000h,000h
  dw 01A80h,base+025AAh
  dw 01A80h,base+025C4h
  dw 01A80h,base+025DEh
  dw 01A80h,base+025F8h
  dw 01A80h,base+02612h
  dw 00A0Bh,base+0342Ch
  dw 00F75h,base+02F68h
  dw 00A0Ch,base+03436h
  dw 00E74h,base+0316Ch
  dw 00A0Ch,base+03440h
  dw 00E75h,base+0317Ah
  dw 0090Bh,base+03497h
  dw 00E75h,base+03188h
  dw 0090Bh,base+034A0h
  dw 00405h,base+038C5h
  dw 00970h,base+034A9h
  dw 0090Bh,base+034B2h
  dw 00405h,base+038C9h
  dw 00970h,base+034BBh
  dw 0090Bh,base+034C4h
  dw 00102h,base+00000h
  dw 00203h,base+028C7h
  dw 00870h,base+0356Fh
  dw 0090Dh,base+034CDh
  dw 00203h,base+0001Dh
  dw 00871h,base+03577h
  dw 00710h,base+0369Dh
  dw 00770h,base+036A4h
  dw 00710h,base+01D1Dh
  dw 00671h,base+00434h
  dw 0060Fh,base+00434h
  dw 00671h,base+00281h
  dw 00610h,base+03579h
  dw 00570h,base+00AF2h
  dw 00610h,base+03579h
  dw 00571h,base+00AF2h
  dw 0050Fh,base+00AF2h
  dw 00471h,base+0056Fh
  dw 0050Fh,base+00AF2h
  dw 00471h,base+0056Fh
  dw 0050Fh,base+00AF2h
  dw 00571h,base+015CAh
  dw 0050Fh,base+0389Fh
  dw 00570h,base+038A4h
  dw 00610h,base+028A9h
  dw 00670h,base+0381Eh
  dw 0060Fh,base+00434h
  dw 00770h,base+01D1Dh
  dw 00710h,base+01D1Dh
  dw 00870h,base+0357Fh
  dw 00710h,base+01A5Dh
  dw 0086Fh,base+007BFh
  dw 00811h,base+02104h
  dw 00800h,base+02104h


