  dw ZombieCaterpillarIdleframe000
  dw ZombieCaterpillarIdleframe001
  dw ZombieCaterpillarIdleframe002
  dw ZombieCaterpillarIdleframe003
  dw ZombieCaterpillarIdleframe004
  dw ZombieCaterpillarIdleframe005
  dw ZombieCaterpillarIdleframe006
  dw ZombieCaterpillarIdleframe007
  dw ZombieCaterpillarIdleframe008
  dw ZombieCaterpillarIdleframe009
  dw ZombieCaterpillarIdleframe010
  dw ZombieCaterpillarIdleframe011
  dw ZombieCaterpillarIdleframe012
  dw ZombieCaterpillarIdleframe013
  dw ZombieCaterpillarIdleframe014
  dw ZombieCaterpillarIdleframe015
  dw ZombieCaterpillarIdleframe016
  dw ZombieCaterpillarIdleframe017

ZombieCaterpillarIdleframe000:
  db 032h,019h,064h,02Fh
  db 078h
  db 000h,000h,0D1h,000h,000h
  db 000h,000h
  dw 0037Dh,base+01656h
  dw 0067Fh,base+01650h
  dw 00880h,base+01648h
  dw 0097Fh,base+0163Fh
  dw 00B7Fh,base+01634h
  dw 00D80h,base+01627h
  dw 00E80h,base+01619h
  dw 00F7Fh,base+0160Ah
  dw 01080h,base+015AAh
  dw 0107Fh,base+014DDh
  dw 01280h,base+01491h
  dw 0137Fh,base+0146Bh
  dw 01580h,base+01387h
  dw 01580h,base+0139Ch
  dw 0167Fh,base+011B9h
  dw 01780h,base+00FEDh
  dw 01880h,base+00B55h
  dw 01880h,base+00B6Dh
  dw 01880h,base+00B85h
  dw 01880h,base+00B9Dh
  dw 01980h,base+00641h
  dw 01980h,base+0065Ah
  dw 01981h,base+00673h
  dw 01880h,base+00BB5h
  dw 01800h,base+00BCDh

ZombieCaterpillarIdleframe001:
  db 036h,020h,066h,048h
  db 066h
  db 000h,000h,0B8h,000h,000h
  db 000h,000h
  dw 01880h,base+00BE5h
  dw 01880h,base+00BFDh
  dw 01980h,base+0068Ch
  dw 01981h,base+006A5h
  dw 01980h,base+006BEh
  dw 01981h,base+006D7h
  dw 01881h,base+00C15h
  dw 01780h,base+01004h
  dw 01782h,base+0101Bh
  dw 01583h,base+013B1h
  dw 01381h,base+0147Eh
  dw 01281h,base+014B8h
  dw 01181h,base+014EFh
  dw 01080h,base+015BAh
  dw 0107Fh,base+015CAh
  dw 01180h,base+01500h
  dw 01180h,base+01511h
  dw 01180h,base+01522h
  dw 01180h,base+01533h
  dw 01180h,base+01544h
  dw 01180h,base+01555h
  dw 0117Ch,base+01566h
  dw 0157Fh,base+013C6h
  dw 0167Fh,base+011CFh
  dw 01680h,base+011E5h
  dw 0167Fh,base+011FBh
  dw 01780h,base+01032h
  dw 0167Fh,base+01211h
  dw 01780h,base+01049h
  dw 01780h,base+01060h
  dw 01880h,base+00C2Dh
  dw 01800h,base+00C45h

ZombieCaterpillarIdleframe002:
  db 046h,010h,05Eh,068h
  db 068h
  db 000h,000h,098h,000h,000h
  db 000h,000h
  dw 01980h,base+006F0h
  dw 01980h,base+00709h
  dw 01A80h,base+004D5h
  dw 01A80h,base+004EFh
  dw 01B80h,base+003FDh
  dw 01B80h,base+00418h
  dw 01C7Fh,base+003C5h
  dw 01D80h,base+002A3h
  dw 01D80h,base+002C0h
  dw 01E80h,base+0013Bh
  dw 01E80h,base+00159h
  dw 01E80h,base+00177h
  dw 01E80h,base+00195h
  dw 01E7Eh,base+001B3h
  dw 0207Eh,base+00023h
  dw 02300h,base+00000h

ZombieCaterpillarIdleframe003:
  db 032h,019h,064h,02Fh
  db 078h
  db 000h,000h,0D1h,000h,000h
  db 000h,000h
  dw 0037Dh,base+01656h
  dw 0067Fh,base+01650h
  dw 00880h,base+01648h
  dw 0097Fh,base+0163Fh
  dw 00B7Fh,base+01634h
  dw 00D80h,base+01627h
  dw 00E80h,base+01619h
  dw 00F7Fh,base+0160Ah
  dw 01080h,base+015AAh
  dw 0107Fh,base+014DDh
  dw 01380h,base+01491h
  dw 0147Fh,base+0142Fh
  dw 01580h,base+013DBh
  dw 01680h,base+01227h
  dw 0167Fh,base+0123Dh
  dw 01880h,base+00C5Dh
  dw 01880h,base+00B55h
  dw 01880h,base+00C75h
  dw 01880h,base+00B85h
  dw 01980h,base+00722h
  dw 01980h,base+0073Bh
  dw 01980h,base+00754h
  dw 01981h,base+0076Dh
  dw 01880h,base+00C8Dh
  dw 01800h,base+00CA5h

ZombieCaterpillarIdleframe004:
  db 036h,020h,066h,048h
  db 066h
  db 000h,000h,0B8h,000h,000h
  db 000h,000h
  dw 01880h,base+00CBDh
  dw 01880h,base+00CD5h
  dw 01980h,base+00786h
  dw 01981h,base+0079Fh
  dw 01980h,base+007B8h
  dw 01981h,base+007D1h
  dw 01881h,base+00CEDh
  dw 01780h,base+01077h
  dw 01782h,base+0108Eh
  dw 01583h,base+013F0h
  dw 01382h,base+014A4h
  dw 01181h,base+01577h
  dw 01080h,base+015DAh
  dw 01080h,base+015EAh
  dw 0107Fh,base+015CAh
  dw 01180h,base+01500h
  dw 01180h,base+01511h
  dw 01180h,base+01522h
  dw 01180h,base+01533h
  dw 01180h,base+01544h
  dw 01180h,base+01555h
  dw 0117Ch,base+01566h
  dw 0157Fh,base+013C6h
  dw 0167Fh,base+011CFh
  dw 01680h,base+011E5h
  dw 0167Fh,base+011FBh
  dw 01780h,base+01032h
  dw 0167Fh,base+01211h
  dw 01780h,base+01049h
  dw 01780h,base+01060h
  dw 01880h,base+00D05h
  dw 01800h,base+00D1Dh

ZombieCaterpillarIdleframe005:
  db 046h,010h,05Eh,068h
  db 068h
  db 000h,000h,098h,000h,000h
  db 000h,000h
  dw 01980h,base+007EAh
  dw 01980h,base+00803h
  dw 01A80h,base+00509h
  dw 01A80h,base+00523h
  dw 01B80h,base+00433h
  dw 01B7Fh,base+0044Eh
  dw 01D80h,base+002DDh
  dw 01D80h,base+002FAh
  dw 01D80h,base+00317h
  dw 01E7Fh,base+001D1h
  dw 01F80h,base+00043h
  dw 01F80h,base+00062h
  dw 01F80h,base+00081h
  dw 01F7Fh,base+000A0h
  dw 0207Eh,base+00023h
  dw 02300h,base+00000h

ZombieCaterpillarIdleframe006:
  db 032h,019h,064h,02Fh
  db 078h
  db 000h,000h,0D1h,000h,000h
  db 000h,000h
  dw 0037Dh,base+01656h
  dw 0067Fh,base+01650h
  dw 00880h,base+01648h
  dw 0097Fh,base+0163Fh
  dw 00B7Fh,base+01634h
  dw 00D80h,base+01627h
  dw 00E80h,base+01619h
  dw 00F7Fh,base+0160Ah
  dw 01080h,base+015AAh
  dw 0107Fh,base+014DDh
  dw 01380h,base+01491h
  dw 0147Fh,base+0142Fh
  dw 01580h,base+013DBh
  dw 01680h,base+01227h
  dw 0167Fh,base+01253h
  dw 01880h,base+00C5Dh
  dw 01880h,base+00B55h
  dw 01880h,base+00D35h
  dw 01880h,base+00D4Dh
  dw 01980h,base+0081Ch
  dw 01980h,base+00835h
  dw 01980h,base+0084Eh
  dw 01981h,base+00867h
  dw 01880h,base+00D65h
  dw 01800h,base+00D7Dh

ZombieCaterpillarIdleframe007:
  db 036h,020h,066h,048h
  db 066h
  db 000h,000h,0B8h,000h,000h
  db 000h,000h
  dw 01880h,base+00D95h
  dw 01980h,base+00880h
  dw 01980h,base+00899h
  dw 01A81h,base+0053Dh
  dw 01980h,base+008B2h
  dw 01981h,base+008CBh
  dw 01881h,base+00DADh
  dw 01780h,base+010A5h
  dw 01782h,base+010BCh
  dw 01683h,base+01269h
  dw 01382h,base+014B7h
  dw 01181h,base+014EFh
  dw 01080h,base+015BAh
  dw 0107Fh,base+015CAh
  dw 01180h,base+01500h
  dw 01180h,base+01511h
  dw 01180h,base+01522h
  dw 01180h,base+01533h
  dw 01180h,base+01544h
  dw 01180h,base+01555h
  dw 01180h,base+01566h
  dw 0117Ch,base+013CAh
  dw 0157Fh,base+01405h
  dw 0157Fh,base+0141Ah
  dw 01680h,base+0127Fh
  dw 0167Fh,base+01295h
  dw 01780h,base+010D3h
  dw 0167Fh,base+012ABh
  dw 01780h,base+010EAh
  dw 01780h,base+01101h
  dw 01880h,base+00D05h
  dw 01800h,base+00D1Dh

ZombieCaterpillarIdleframe008:
  db 046h,010h,05Eh,068h
  db 068h
  db 000h,000h,098h,000h,000h
  db 000h,000h
  dw 01980h,base+007EAh
  dw 01980h,base+00803h
  dw 01A80h,base+00509h
  dw 01A80h,base+00523h
  dw 01B80h,base+00433h
  dw 01B7Fh,base+0044Eh
  dw 01D80h,base+002DDh
  dw 01D80h,base+002FAh
  dw 01D80h,base+00317h
  dw 01E7Fh,base+001D1h
  dw 01F80h,base+00043h
  dw 01F80h,base+00062h
  dw 01F80h,base+00081h
  dw 01F7Fh,base+000A0h
  dw 0207Eh,base+00023h
  dw 02300h,base+00000h

ZombieCaterpillarIdleframe009:
  db 032h,018h,064h,030h
  db 078h
  db 000h,000h,0D0h,000h,000h
  db 000h,000h
  dw 0037Dh,base+01656h
  dw 0067Fh,base+01650h
  dw 00880h,base+01648h
  dw 0097Fh,base+0163Fh
  dw 00B7Fh,base+01634h
  dw 00D80h,base+01627h
  dw 00E80h,base+01619h
  dw 00F7Fh,base+0160Ah
  dw 01080h,base+015AAh
  dw 0127Fh,base+014DDh
  dw 01480h,base+01443h
  dw 0147Fh,base+01457h
  dw 01680h,base+012C1h
  dw 01680h,base+012D7h
  dw 0177Fh,base+01118h
  dw 01880h,base+00C5Dh
  dw 01880h,base+00DC5h
  dw 01880h,base+00C75h
  dw 01980h,base+008E4h
  dw 01980h,base+00722h
  dw 01980h,base+008FDh
  dw 01980h,base+00916h
  dw 01981h,base+0092Fh
  dw 01800h,base+00DDDh

ZombieCaterpillarIdleframe010:
  db 036h,020h,066h,048h
  db 066h
  db 000h,000h,0B8h,000h,000h
  db 000h,000h
  dw 01880h,base+00DF5h
  dw 01980h,base+00948h
  dw 01980h,base+00961h
  dw 01A80h,base+00557h
  dw 01A81h,base+00571h
  dw 01980h,base+0097Ah
  dw 01981h,base+00993h
  dw 01881h,base+00E0Dh
  dw 01780h,base+0112Fh
  dw 01882h,base+00E25h
  dw 01683h,base+012EDh
  dw 01383h,base+014CAh
  dw 01080h,base+015BAh
  dw 0107Fh,base+015CAh
  dw 01180h,base+01500h
  dw 01180h,base+01511h
  dw 01180h,base+01522h
  dw 01180h,base+01533h
  dw 01180h,base+01544h
  dw 01180h,base+01555h
  dw 01180h,base+01566h
  dw 0117Ch,base+013CAh
  dw 0157Fh,base+01405h
  dw 0157Fh,base+0141Ah
  dw 01680h,base+0127Fh
  dw 0167Fh,base+01303h
  dw 01680h,base+01319h
  dw 0167Fh,base+0132Fh
  dw 01780h,base+01146h
  dw 01880h,base+00E3Dh
  dw 01880h,base+00E55h
  dw 01800h,base+00E6Dh

ZombieCaterpillarIdleframe011:
  db 046h,010h,05Eh,068h
  db 068h
  db 000h,000h,098h,000h,000h
  db 000h,000h
  dw 01980h,base+009ACh
  dw 01980h,base+009C5h
  dw 01A80h,base+0058Bh
  dw 01A80h,base+005A5h
  dw 01B80h,base+00469h
  dw 01B7Fh,base+00484h
  dw 01D80h,base+00334h
  dw 01D80h,base+00351h
  dw 01D80h,base+0036Eh
  dw 01E7Fh,base+001EFh
  dw 01F80h,base+000BFh
  dw 01F80h,base+000DEh
  dw 01F80h,base+000FDh
  dw 01F7Fh,base+0011Ch
  dw 0207Eh,base+00023h
  dw 02300h,base+00000h

ZombieCaterpillarIdleframe012:
  db 032h,018h,064h,030h
  db 078h
  db 000h,000h,0D0h,000h,000h
  db 000h,000h
  dw 0037Dh,base+01656h
  dw 0067Fh,base+01650h
  dw 00880h,base+01648h
  dw 0097Fh,base+0163Fh
  dw 00B7Fh,base+01634h
  dw 00D80h,base+01627h
  dw 00E80h,base+01619h
  dw 00F7Fh,base+0160Ah
  dw 01080h,base+015AAh
  dw 0107Fh,base+014DDh
  dw 01380h,base+01491h
  dw 0147Fh,base+0142Fh
  dw 01580h,base+013DBh
  dw 01680h,base+01227h
  dw 0167Fh,base+01345h
  dw 01880h,base+00C5Dh
  dw 01880h,base+00B55h
  dw 01880h,base+00E85h
  dw 01880h,base+00B85h
  dw 01980h,base+009DEh
  dw 01980h,base+00641h
  dw 01980h,base+00754h
  dw 01981h,base+009F7h
  dw 01800h,base+00C8Dh

ZombieCaterpillarIdleframe013:
  db 036h,020h,066h,048h
  db 066h
  db 000h,000h,0B8h,000h,000h
  db 000h,000h
  dw 01880h,base+00CA5h
  dw 01980h,base+00A10h
  dw 01980h,base+00A29h
  dw 01A80h,base+005BFh
  dw 01A81h,base+005D9h
  dw 01980h,base+007B8h
  dw 01981h,base+00A42h
  dw 01881h,base+00E9Dh
  dw 01780h,base+0115Dh
  dw 01882h,base+00EB5h
  dw 01683h,base+0135Bh
  dw 01382h,base+014B7h
  dw 01181h,base+01588h
  dw 0107Fh,base+015FAh
  dw 01180h,base+01599h
  dw 01180h,base+01511h
  dw 01180h,base+01522h
  dw 01180h,base+01533h
  dw 01180h,base+01544h
  dw 01180h,base+01555h
  dw 01180h,base+01566h
  dw 0117Ch,base+013CAh
  dw 0157Fh,base+01405h
  dw 0157Fh,base+0141Ah
  dw 01680h,base+0127Fh
  dw 0167Fh,base+01303h
  dw 01680h,base+01319h
  dw 0167Fh,base+0132Fh
  dw 01780h,base+01146h
  dw 01880h,base+00E3Dh
  dw 01880h,base+00ECDh
  dw 01800h,base+00EE5h

ZombieCaterpillarIdleframe014:
  db 046h,010h,05Eh,068h
  db 068h
  db 000h,000h,098h,000h,000h
  db 000h,000h
  dw 01980h,base+00A5Bh
  dw 01980h,base+00A74h
  dw 01A80h,base+005F3h
  dw 01A80h,base+0060Dh
  dw 01B80h,base+0049Fh
  dw 01B80h,base+004BAh
  dw 01C7Fh,base+003E1h
  dw 01D80h,base+0038Bh
  dw 01D80h,base+003A8h
  dw 01E80h,base+0020Dh
  dw 01E80h,base+0022Bh
  dw 01E80h,base+00249h
  dw 01E80h,base+00267h
  dw 01E7Eh,base+00285h
  dw 0207Eh,base+00023h
  dw 02300h,base+00000h

ZombieCaterpillarIdleframe015:
  db 032h,018h,064h,030h
  db 078h
  db 000h,000h,0D0h,000h,000h
  db 000h,000h
  dw 0037Dh,base+01656h
  dw 0067Fh,base+01650h
  dw 00880h,base+01648h
  dw 0097Fh,base+0163Fh
  dw 00B7Fh,base+01634h
  dw 00D80h,base+01627h
  dw 00E80h,base+01619h
  dw 00F7Fh,base+0160Ah
  dw 01080h,base+015AAh
  dw 0107Fh,base+014DDh
  dw 01380h,base+01491h
  dw 0147Fh,base+0142Fh
  dw 01580h,base+013DBh
  dw 01680h,base+01227h
  dw 0167Fh,base+01345h
  dw 01880h,base+00EFDh
  dw 01880h,base+00F15h
  dw 01880h,base+00F2Dh
  dw 01880h,base+00F45h
  dw 01980h,base+00A8Dh
  dw 01980h,base+00AA6h
  dw 01980h,base+00ABFh
  dw 01981h,base+00AD8h
  dw 01800h,base+00F5Dh

ZombieCaterpillarIdleframe016:
  db 036h,020h,066h,048h
  db 066h
  db 000h,000h,0B8h,000h,000h
  db 000h,000h
  dw 01880h,base+00F75h
  dw 01880h,base+00F8Dh
  dw 01980h,base+00AF1h
  dw 01980h,base+00B0Ah
  dw 01A81h,base+00627h
  dw 01980h,base+00B23h
  dw 01981h,base+00B3Ch
  dw 01881h,base+00FA5h
  dw 01780h,base+01174h
  dw 01782h,base+010BCh
  dw 01683h,base+01269h
  dw 01382h,base+014B7h
  dw 01181h,base+014EFh
  dw 01080h,base+015BAh
  dw 0107Fh,base+015CAh
  dw 01180h,base+01500h
  dw 01180h,base+01511h
  dw 01180h,base+01522h
  dw 01180h,base+01533h
  dw 01180h,base+01544h
  dw 01180h,base+01555h
  dw 0117Ch,base+01566h
  dw 0157Fh,base+013C6h
  dw 0167Fh,base+011CFh
  dw 01680h,base+011E5h
  dw 0167Fh,base+01371h
  dw 01780h,base+0118Bh
  dw 0167Fh,base+01211h
  dw 01780h,base+011A2h
  dw 01880h,base+00FBDh
  dw 01880h,base+00FD5h
  dw 01800h,base+00EE5h

ZombieCaterpillarIdleframe017:
  db 046h,010h,05Eh,068h
  db 068h
  db 000h,000h,098h,000h,000h
  db 000h,000h
  dw 01980h,base+00A5Bh
  dw 01980h,base+00A74h
  dw 01A80h,base+005F3h
  dw 01A80h,base+0060Dh
  dw 01B80h,base+0049Fh
  dw 01B80h,base+004BAh
  dw 01C7Fh,base+003E1h
  dw 01D80h,base+0038Bh
  dw 01D80h,base+003A8h
  dw 01E80h,base+0020Dh
  dw 01E80h,base+0022Bh
  dw 01E80h,base+00249h
  dw 01E80h,base+00267h
  dw 01E7Eh,base+00285h
  dw 0207Eh,base+00023h
  dw 02300h,base+00000h


