; Sprite   : 0
; Mode     : Mode : 1 sprite               
; TGS size : 32
; Address  : Start + #0
sprite0tgs:
    db %00000000
    db %00000000
    db %00000000
    db %00000111
    db %00001000
    db %00001000
    db %00001000
    db %00001000
    db %00001000
    db %00001000
    db %00001000
    db %00001000
    db %00001000
    db %00001000
    db %00001000
    db %00001000
    db %00000000
    db %00000000
    db %00000000
    db %11111111
    db %00000000
    db %00000000
    db %00000000
    db %00000000
    db %00000000
    db %00000000
    db %00000000
    db %00000000
    db %00000000
    db %00000000
    db %00000000
    db %00000000

; Sprite   : 1
; Mode     : Mode : 1 sprite               
; TGS size : 32
; Address  : Start + #32
sprite1tgs:
    db %00000000
    db %00000000
    db %00000000
    db %11111111
    db %00000000
    db %00000000
    db %00000000
    db %00000000
    db %00000000
    db %00000000
    db %00000000
    db %00000000
    db %00000000
    db %00000000
    db %00000000
    db %00000000
    db %00000000
    db %00000000
    db %00000000
    db %11100000
    db %00010000
    db %00010000
    db %00010000
    db %00010000
    db %00010000
    db %00010000
    db %00010000
    db %00010000
    db %00010000
    db %00010000
    db %00010000
    db %00010000

; Sprite   : 2
; Mode     : Mode : 1 sprite               
; TGS size : 32
; Address  : Start + #64
sprite2tgs:
    db %00001000
    db %00001000
    db %00001000
    db %00001000
    db %00001000
    db %00001000
    db %00001000
    db %00001000
    db %00001000
    db %00001000
    db %00000111
    db %00000000
    db %00000000
    db %00000000
    db %00000000
    db %00000000
    db %00000000
    db %00000000
    db %00000000
    db %00000000
    db %00000000
    db %00000000
    db %00000000
    db %00000000
    db %00000000
    db %00000000
    db %11111111
    db %00000000
    db %00000000
    db %00000000
    db %00000000
    db %00000000

; Sprite   : 3
; Mode     : Mode : 1 sprite               
; TGS size : 32
; Address  : Start + #96
sprite3tgs:
    db %00000000
    db %00000000
    db %00000000
    db %00000000
    db %00000000
    db %00000000
    db %00000000
    db %00000000
    db %00000000
    db %00000000
    db %11111111
    db %00000000
    db %00000000
    db %00000000
    db %00000000
    db %00000000
    db %00010000
    db %00010000
    db %00010000
    db %00010000
    db %00010000
    db %00010000
    db %00010000
    db %00010000
    db %00010000
    db %00010000
    db %11100000
    db %00000000
    db %00000000
    db %00000000
    db %00000000
    db %00000000

; Sprite   : 0
; TCS size : 16
; Address  : Start + #128
sprite0tcs:
    db #00
    db #00
    db #00
    db #06
    db #06
    db #06
    db #06
    db #06
    db #06
    db #06
    db #06
    db #06
    db #06
    db #06
    db #06
    db #06

; Sprite   : 1
; TCS size : 16
; Address  : Start + #144
sprite1tcs:
    db #00
    db #00
    db #00
    db #06
    db #00
    db #00
    db #00
    db #00
    db #00
    db #00
    db #00
    db #00
    db #00
    db #00
    db #00
    db #00

; Sprite   : 2
; TCS size : 16
; Address  : Start + #160
sprite2tcs:
    db #06
    db #06
    db #06
    db #06
    db #06
    db #06
    db #06
    db #06
    db #06
    db #06
    db #06
    db #00
    db #00
    db #00
    db #00
    db #00

; Sprite   : 3
; TCS size : 16
; Address  : Start + #176
sprite3tcs:
    db #00
    db #00
    db #00
    db #00
    db #00
    db #00
    db #00
    db #00
    db #00
    db #00
    db #06
    db #00
    db #00
    db #00
    db #00
    db #00

; Color Palette
; Address  : Start + 192
pal:
    db #00,#00
    db #65,#07
    db #53,#06
    db #31,#06
    db #22,#02
    db #55,#05
    db #66,#06
    db #33,#03
    db #11,#01
    db #77,#07
    db #00,#00
    db #00,#00
    db #00,#00
    db #00,#00
    db #00,#00
    db #00,#00
