; Sprite   : 0
; Mode     : Mode : 1 sprite               
; TGS size : 32
; Address  : Start + #0
sprite0tgs:
    db %00000000
    db %00000000
    db %00000000
    db %00000000
    db %00000000
    db %00000000
    db %00000000
    db %00000000
    db %00000000
    db %00000000
    db %00000000
    db %00000000
    db %00000000
    db %00000000
    db %00000000
    db %00000000
    db %00000000
    db %00000000
    db %00000000
    db %00000000
    db %00000000
    db %00000000
    db %00000000
    db %00000000
    db %00000000
    db %00000000
    db %00000000
    db %00000000
    db %00000000
    db %00000000
    db %00000000
    db %00000000

; Sprite   : 1
; Mode     : Mode : 1 sprite               
; TGS size : 32
; Address  : Start + #32
sprite1tgs:
    db %00000000
    db %00000000
    db %00000000
    db %00000000
    db %00000000
    db %00000000
    db %00000000
    db %00000000
    db %00000000
    db %00000000
    db %00000000
    db %00000000
    db %00000000
    db %00000000
    db %00000000
    db %00000000
    db %00000000
    db %00000000
    db %00000000
    db %00000000
    db %00000000
    db %00000000
    db %00000000
    db %00000000
    db %00000000
    db %00000000
    db %00000000
    db %00000000
    db %00000000
    db %00000000
    db %00000000
    db %00000000

; Sprite   : 2
; Mode     : Mode : 1 sprite               
; TGS size : 32
; Address  : Start + #64
sprite2tgs:
    db %00000000
    db %00000000
    db %00000000
    db %00000000
    db %00000000
    db %00000000
    db %00000000
    db %00000000
    db %00000000
    db %00000000
    db %00000000
    db %00000000
    db %00000000
    db %00000000
    db %00000000
    db %00000000
    db %00000000
    db %00000000
    db %00000000
    db %00000000
    db %00000000
    db %00000000
    db %00000000
    db %00000000
    db %00000000
    db %00000000
    db %00000000
    db %00000000
    db %00000000
    db %00000000
    db %00000000
    db %00000000

; Sprite   : 3
; Mode     : Mode : 1 sprite               
; TGS size : 32
; Address  : Start + #96
sprite3tgs:
    db %00000000
    db %00000000
    db %00000000
    db %00000000
    db %00000000
    db %00000000
    db %00000000
    db %00000000
    db %00000000
    db %00000000
    db %00000000
    db %00000000
    db %00000000
    db %00000000
    db %00000000
    db %00000000
    db %00000000
    db %00000000
    db %00000000
    db %00000000
    db %00000000
    db %00000000
    db %00000000
    db %00000000
    db %00000000
    db %00000000
    db %00000000
    db %00000000
    db %00000000
    db %00000000
    db %00000000
    db %00000000

; Sprite   : 4
; Mode     : Mode : 1 sprite               
; TGS size : 32
; Address  : Start + #128
sprite4tgs:
    db %00000000
    db %00000000
    db %00000000
    db %00000000
    db %00000000
    db %00000000
    db %00000000
    db %00000000
    db %00000000
    db %00000000
    db %00000000
    db %00000000
    db %00000000
    db %00000000
    db %00000000
    db %00000000
    db %00000000
    db %00000000
    db %00000000
    db %00000000
    db %00000000
    db %00000000
    db %00000000
    db %00000000
    db %00000000
    db %00000000
    db %00000001
    db %00000011
    db %00000011
    db %00000111
    db %00001111
    db %00001111

; Sprite   : 5
; Mode     : Mode : 1 sprite               
; TGS size : 32
; Address  : Start + #160
sprite5tgs:
    db %00000000
    db %00000000
    db %00000000
    db %00000000
    db %00000000
    db %00000000
    db %00000011
    db %00111111
    db %01111111
    db %11111111
    db %11111111
    db %11111111
    db %11111111
    db %11111111
    db %11111111
    db %11111111
    db %00000000
    db %00000000
    db %00000000
    db %00000000
    db %00000000
    db %00000000
    db %11111000
    db %11111111
    db %11111111
    db %11111111
    db %11111111
    db %11111111
    db %11111111
    db %11111111
    db %11111111
    db %11111111

; Sprite   : 6
; Mode     : Mode : 1 sprite               
; TGS size : 32
; Address  : Start + #192
sprite6tgs:
    db %00000000
    db %00000000
    db %00000000
    db %00000000
    db %00000000
    db %00000000
    db %00000000
    db %10000000
    db %11110000
    db %11111100
    db %11111110
    db %11111111
    db %11111111
    db %11111111
    db %11111111
    db %11111111
    db %00000000
    db %00000000
    db %00000000
    db %00000000
    db %00000000
    db %00000000
    db %00000000
    db %00000000
    db %00000000
    db %00000000
    db %00000000
    db %00000000
    db %10000000
    db %11000000
    db %11100000
    db %11110000

; Sprite   : 7
; Mode     : Mode : 1 sprite               
; TGS size : 32
; Address  : Start + #224
sprite7tgs:
    db %00000000
    db %00000000
    db %00000000
    db %00000000
    db %00000000
    db %00000000
    db %00000000
    db %00000000
    db %00000000
    db %00000000
    db %00000000
    db %00000000
    db %00000000
    db %00000000
    db %00000000
    db %00000000
    db %00000000
    db %00000000
    db %00000000
    db %00000000
    db %00000000
    db %00000000
    db %00000000
    db %00000000
    db %00000000
    db %00000000
    db %00000000
    db %00000000
    db %00000000
    db %00000000
    db %00000000
    db %00000000

; Sprite   : 8
; Mode     : Mode : 1 sprite               
; TGS size : 32
; Address  : Start + #256
sprite8tgs:
    db %00000000
    db %00000000
    db %00000000
    db %00000000
    db %00000001
    db %00000011
    db %00000111
    db %00001111
    db %00011111
    db %00111111
    db %01111111
    db %11111111
    db %11111111
    db %11111111
    db %01111111
    db %00111111
    db %00011111
    db %00111111
    db %01111111
    db %11111111
    db %11111111
    db %11111111
    db %11111111
    db %11111111
    db %11111111
    db %11111111
    db %11111111
    db %11111111
    db %11111111
    db %11111111
    db %11111111
    db %11111111

; Sprite   : 9
; Mode     : Mode : 1 sprite               
; TGS size : 32
; Address  : Start + #288
sprite9tgs:
    db %11111111
    db %11111111
    db %11111111
    db %11111111
    db %11111111
    db %11111111
    db %11111111
    db %11111111
    db %11111111
    db %11111111
    db %11111111
    db %11111111
    db %11111111
    db %11111111
    db %11111111
    db %11111111
    db %11111111
    db %11111111
    db %11111111
    db %11111111
    db %11111111
    db %11111111
    db %11111111
    db %11111111
    db %11111111
    db %11111111
    db %11111111
    db %11111111
    db %11111111
    db %11111111
    db %11111111
    db %11111111

; Sprite   : 10
; Mode     : Mode : 1 sprite               
; TGS size : 32
; Address  : Start + #320
sprite10tgs:
    db %11111111
    db %11111111
    db %11111111
    db %11111111
    db %11111111
    db %11111111
    db %11111111
    db %11111111
    db %11111111
    db %11111111
    db %11111111
    db %11111111
    db %11111111
    db %11111111
    db %11111111
    db %11111111
    db %11111000
    db %11111100
    db %11111100
    db %11111110
    db %11111110
    db %11111110
    db %11111110
    db %11111110
    db %11111110
    db %11111110
    db %11111110
    db %11111110
    db %11111110
    db %11111100
    db %11111000
    db %11100000

; Sprite   : 11
; Mode     : Mode : 1 sprite               
; TGS size : 32
; Address  : Start + #352
sprite11tgs:
    db %00000000
    db %00000000
    db %00000000
    db %00000000
    db %00000000
    db %00000000
    db %00000000
    db %00000000
    db %00000000
    db %00000000
    db %00000000
    db %00000000
    db %00000000
    db %00000000
    db %00000000
    db %00000000
    db %00000000
    db %00000000
    db %00000000
    db %00000000
    db %00000000
    db %00000000
    db %00000000
    db %00000000
    db %00000000
    db %00000000
    db %00000000
    db %00000000
    db %00000000
    db %00000000
    db %00000000
    db %00000000

; Sprite   : 0
; TCS size : 16
; Address  : Start + #384
sprite0tcs:
    db #00
    db #00
    db #00
    db #00
    db #00
    db #00
    db #00
    db #00
    db #00
    db #00
    db #00
    db #00
    db #00
    db #00
    db #00
    db #00

; Sprite   : 1
; TCS size : 16
; Address  : Start + #400
sprite1tcs:
    db #00
    db #00
    db #00
    db #00
    db #00
    db #00
    db #00
    db #00
    db #00
    db #00
    db #00
    db #00
    db #00
    db #00
    db #00
    db #00

; Sprite   : 2
; TCS size : 16
; Address  : Start + #416
sprite2tcs:
    db #00
    db #00
    db #00
    db #00
    db #00
    db #00
    db #00
    db #00
    db #00
    db #00
    db #00
    db #00
    db #00
    db #00
    db #00
    db #00

; Sprite   : 3
; TCS size : 16
; Address  : Start + #432
sprite3tcs:
    db #00
    db #00
    db #00
    db #00
    db #00
    db #00
    db #00
    db #00
    db #00
    db #00
    db #00
    db #00
    db #00
    db #00
    db #00
    db #00

; Sprite   : 4
; TCS size : 16
; Address  : Start + #448
sprite4tcs:
    db #00
    db #00
    db #00
    db #00
    db #00
    db #00
    db #00
    db #00
    db #00
    db #00
    db #00
    db #00
    db #00
    db #00
    db #00
    db #00

; Sprite   : 5
; TCS size : 16
; Address  : Start + #464
sprite5tcs:
    db #00
    db #00
    db #00
    db #00
    db #00
    db #00
    db #09
    db #09
    db #09
    db #09
    db #09
    db #09
    db #09
    db #09
    db #09
    db #09

; Sprite   : 6
; TCS size : 16
; Address  : Start + #480
sprite6tcs:
    db #00
    db #00
    db #00
    db #00
    db #00
    db #00
    db #00
    db #09
    db #09
    db #09
    db #09
    db #09
    db #09
    db #09
    db #09
    db #09

; Sprite   : 7
; TCS size : 16
; Address  : Start + #496
sprite7tcs:
    db #00
    db #00
    db #00
    db #00
    db #00
    db #00
    db #00
    db #00
    db #00
    db #00
    db #00
    db #00
    db #00
    db #00
    db #00
    db #00

; Sprite   : 8
; TCS size : 16
; Address  : Start + #512
sprite8tcs:
    db #00
    db #00
    db #00
    db #00
    db #09
    db #09
    db #09
    db #09
    db #09
    db #09
    db #09
    db #09
    db #09
    db #09
    db #09
    db #09

; Sprite   : 9
; TCS size : 16
; Address  : Start + #528
sprite9tcs:
    db #09
    db #09
    db #09
    db #09
    db #09
    db #09
    db #09
    db #09
    db #09
    db #09
    db #09
    db #09
    db #09
    db #09
    db #09
    db #09

; Sprite   : 10
; TCS size : 16
; Address  : Start + #544
sprite10tcs:
    db #09
    db #09
    db #09
    db #09
    db #09
    db #09
    db #09
    db #09
    db #09
    db #09
    db #09
    db #09
    db #09
    db #09
    db #09
    db #09

; Sprite   : 11
; TCS size : 16
; Address  : Start + #560
sprite11tcs:
    db #00
    db #00
    db #00
    db #00
    db #00
    db #00
    db #00
    db #00
    db #00
    db #00
    db #00
    db #00
    db #00
    db #00
    db #00
    db #00

; Color Palette
; Address  : Start + 576
pal:
    db #47,#05
    db #34,#03
    db #20,#05
    db #12,#01
    db #20,#01
    db #00,#03
    db #50,#03
    db #73,#06
    db #00,#02
    db #77,#07
    db #40,#06
    db #23,#02
    db #45,#04
    db #70,#05
    db #70,#02
    db #00,#00
