  dw ryuPage0frame000
  dw ryuPage0frame001
  dw ryuPage0frame002
  dw ryuPage0frame003
  dw ryuPage0frame004
  dw ryuPage0frame005
  dw ryuPage0frame006
  dw ryuPage0frame007
  dw ryuPage0frame008
  dw ryuPage0frame009
  dw ryuPage0frame010
  dw ryuPage0frame011
  dw ryuPage0frame012
  dw ryuPage0frame013

ryuPage0frame000:
  db 02Eh,030h,082h,000h
  db 084h
  db 000h,000h,000h,000h,000h
  db 000h,000h
  dw 0157Fh,base+01D43h
  dw 01780h,base+00F7Fh
  dw 01780h,base+00F96h
  dw 01780h,base+00FADh
  dw 01780h,base+00FC4h
  dw 01780h,base+00FDBh
  dw 01780h,base+00FF2h
  dw 01780h,base+01009h
  dw 01780h,base+01020h
  dw 01780h,base+01037h
  dw 01780h,base+0104Eh
  dw 01780h,base+01065h
  dw 01780h,base+0107Ch
  dw 01780h,base+01093h
  dw 01780h,base+010AAh
  dw 01780h,base+010C1h
  dw 01780h,base+010D8h
  dw 01780h,base+010EFh
  dw 01780h,base+01106h
  dw 01780h,base+0111Dh
  dw 01780h,base+01134h
  dw 01780h,base+0114Bh
  dw 01780h,base+01162h
  dw 01780h,base+01179h
  dw 01780h,base+01190h
  dw 01780h,base+011A7h
  dw 01780h,base+011BEh
  dw 01780h,base+011D5h
  dw 01780h,base+011ECh
  dw 01780h,base+01203h
  dw 01780h,base+0121Ah
  dw 01780h,base+01231h
  dw 01780h,base+01248h
  dw 01780h,base+0125Fh
  dw 01780h,base+01276h
  dw 01780h,base+0128Dh
  dw 01780h,base+012A4h
  dw 01780h,base+012BBh
  dw 01780h,base+012D2h
  dw 01780h,base+012E9h
  dw 01780h,base+01300h
  dw 01780h,base+01317h
  dw 01780h,base+0132Eh
  dw 01780h,base+01345h
  dw 01780h,base+0135Ch
  dw 01780h,base+01373h
  dw 01781h,base+0138Ah
  dw 01500h,base+01D43h

ryuPage0frame001:
  db 02Eh,018h,082h,000h
  db 084h
  db 000h,000h,000h,000h,000h
  db 000h,000h
  dw 0157Fh,base+01D43h
  dw 01780h,base+00F7Fh
  dw 01780h,base+00F96h
  dw 01780h,base+00FADh
  dw 01780h,base+00FC4h
  dw 01780h,base+00FDBh
  dw 01780h,base+00FF2h
  dw 01780h,base+01009h
  dw 01780h,base+01020h
  dw 01780h,base+01037h
  dw 01780h,base+0104Eh
  dw 01780h,base+01065h
  dw 01780h,base+0107Ch
  dw 01780h,base+01093h
  dw 01780h,base+010AAh
  dw 01780h,base+010C1h
  dw 01780h,base+010D8h
  dw 01780h,base+010EFh
  dw 01780h,base+01106h
  dw 01780h,base+0111Dh
  dw 01780h,base+01134h
  dw 01780h,base+0114Bh
  dw 01780h,base+01162h
  dw 01700h,base+01179h

ryuPage0frame002:
  db 02Eh,018h,082h,018h
  db 082h
  db 000h,000h,0E8h,000h,000h
  db 000h,000h
  dw 01780h,base+01190h
  dw 01780h,base+011A7h
  dw 01780h,base+011BEh
  dw 01780h,base+011D5h
  dw 01780h,base+011ECh
  dw 01780h,base+01203h
  dw 01780h,base+0121Ah
  dw 01780h,base+01231h
  dw 01780h,base+01248h
  dw 01780h,base+0125Fh
  dw 01780h,base+01276h
  dw 01780h,base+0128Dh
  dw 01780h,base+012A4h
  dw 01780h,base+012BBh
  dw 01780h,base+012D2h
  dw 01780h,base+012E9h
  dw 01780h,base+01300h
  dw 01780h,base+01317h
  dw 01780h,base+0132Eh
  dw 01780h,base+01345h
  dw 01780h,base+0135Ch
  dw 01780h,base+01373h
  dw 01781h,base+0138Ah
  dw 01500h,base+01D43h

ryuPage0frame003:
  db 02Eh,030h,082h,000h
  db 084h
  db 000h,000h,000h,000h,000h
  db 000h,000h
  dw 0157Fh,base+01D58h
  dw 01780h,base+013A1h
  dw 01780h,base+013B8h
  dw 01780h,base+013CFh
  dw 01780h,base+013E6h
  dw 01780h,base+013FDh
  dw 01780h,base+01414h
  dw 01780h,base+0142Bh
  dw 01780h,base+01442h
  dw 01780h,base+01459h
  dw 01780h,base+01470h
  dw 01780h,base+01487h
  dw 01780h,base+0149Eh
  dw 01780h,base+014B5h
  dw 01780h,base+014CCh
  dw 01780h,base+014E3h
  dw 01780h,base+014FAh
  dw 01780h,base+01511h
  dw 01780h,base+01528h
  dw 01780h,base+0153Fh
  dw 01780h,base+01556h
  dw 01780h,base+0156Dh
  dw 01780h,base+01584h
  dw 01780h,base+0159Bh
  dw 01780h,base+015B2h
  dw 01780h,base+015C9h
  dw 01780h,base+015E0h
  dw 01780h,base+015F7h
  dw 01780h,base+0160Eh
  dw 01780h,base+01625h
  dw 01780h,base+0163Ch
  dw 01780h,base+01653h
  dw 01780h,base+0166Ah
  dw 01780h,base+01681h
  dw 01780h,base+01698h
  dw 01780h,base+016AFh
  dw 01780h,base+016C6h
  dw 01780h,base+016DDh
  dw 01780h,base+016F4h
  dw 01780h,base+0170Bh
  dw 01780h,base+01722h
  dw 01780h,base+01739h
  dw 01780h,base+01750h
  dw 01780h,base+01767h
  dw 01780h,base+0177Eh
  dw 01780h,base+01795h
  dw 01781h,base+017ACh
  dw 01500h,base+01D6Dh

ryuPage0frame004:
  db 030h,030h,080h,000h
  db 092h
  db 000h,000h,000h,000h,000h
  db 000h,000h
  dw 0067Fh,base+02822h
  dw 0087Eh,base+02603h
  dw 00C80h,base+02662h
  dw 00C7Fh,base+0266Eh
  dw 00E7Fh,base+02582h
  dw 01080h,base+02382h
  dw 0107Fh,base+02392h
  dw 01280h,base+02142h
  dw 0127Fh,base+02154h
  dw 01480h,base+01D82h
  dw 01480h,base+01D96h
  dw 0147Fh,base+01DAAh
  dw 01680h,base+017C3h
  dw 01680h,base+017D9h
  dw 01680h,base+017EFh
  dw 0167Fh,base+01805h
  dw 01880h,base+0037Fh
  dw 01880h,base+00397h
  dw 01880h,base+003AFh
  dw 01880h,base+003C7h
  dw 01880h,base+003DFh
  dw 01880h,base+003F7h
  dw 01880h,base+0040Fh
  dw 01880h,base+00427h
  dw 01880h,base+0043Fh
  dw 01880h,base+00457h
  dw 01880h,base+0046Fh
  dw 01880h,base+00487h
  dw 01880h,base+0049Fh
  dw 01880h,base+004B7h
  dw 01880h,base+004CFh
  dw 01881h,base+004E7h
  dw 01680h,base+0181Bh
  dw 01680h,base+01831h
  dw 01680h,base+01847h
  dw 01681h,base+0185Dh
  dw 01480h,base+01DBEh
  dw 01480h,base+01DD2h
  dw 01481h,base+01DE6h
  dw 01280h,base+02166h
  dw 01281h,base+02178h
  dw 01080h,base+023A2h
  dw 01081h,base+023B2h
  dw 00E81h,base+02590h
  dw 00C80h,base+0267Ah
  dw 00C82h,base+02686h
  dw 00881h,base+01B23h
  dw 00600h,base+02822h

ryuPage0frame005:
  db 030h,030h,080h,000h
  db 092h
  db 000h,000h,000h,000h,000h
  db 000h,000h
  dw 0067Fh,base+01C21h
  dw 0087Eh,base+027E2h
  dw 00C80h,base+02692h
  dw 00C7Fh,base+0269Eh
  dw 00E7Fh,base+0259Eh
  dw 01080h,base+023C2h
  dw 0107Fh,base+023D2h
  dw 01280h,base+0218Ah
  dw 0127Fh,base+0219Ch
  dw 01480h,base+01DFAh
  dw 01480h,base+01E0Eh
  dw 0147Fh,base+01E22h
  dw 01680h,base+01873h
  dw 01680h,base+01889h
  dw 01680h,base+0189Fh
  dw 0167Fh,base+018B5h
  dw 01880h,base+004FFh
  dw 01880h,base+00517h
  dw 01880h,base+0052Fh
  dw 01880h,base+00547h
  dw 01880h,base+0055Fh
  dw 01880h,base+00577h
  dw 01880h,base+0058Fh
  dw 01880h,base+005A7h
  dw 01880h,base+005BFh
  dw 01880h,base+005D7h
  dw 01880h,base+005EFh
  dw 01880h,base+00607h
  dw 01880h,base+0061Fh
  dw 01880h,base+00637h
  dw 01880h,base+0064Fh
  dw 01881h,base+00667h
  dw 01680h,base+018CBh
  dw 01680h,base+018E1h
  dw 01680h,base+018F7h
  dw 01681h,base+0190Dh
  dw 01480h,base+01E36h
  dw 01480h,base+01E4Ah
  dw 01481h,base+01E5Eh
  dw 01280h,base+021AEh
  dw 01281h,base+021C0h
  dw 01080h,base+023E2h
  dw 01081h,base+023F2h
  dw 00E81h,base+025ACh
  dw 00C80h,base+026AAh
  dw 00C82h,base+026B6h
  dw 00881h,base+01B23h
  dw 00600h,base+01C21h

ryuPage0frame006:
  db 030h,030h,080h,000h
  db 092h
  db 000h,000h,000h,000h,000h
  db 000h,000h
  dw 0067Fh,base+02229h
  dw 0087Eh,base+027EAh
  dw 00C80h,base+026C2h
  dw 00C7Fh,base+026CEh
  dw 00E7Fh,base+025BAh
  dw 01080h,base+02402h
  dw 0107Fh,base+02412h
  dw 01280h,base+021D2h
  dw 0127Fh,base+021E4h
  dw 01480h,base+01E72h
  dw 01480h,base+01E86h
  dw 0147Fh,base+01E9Ah
  dw 01680h,base+01923h
  dw 01680h,base+01939h
  dw 01680h,base+0194Fh
  dw 0167Fh,base+01965h
  dw 01880h,base+0067Fh
  dw 01880h,base+00697h
  dw 01880h,base+006AFh
  dw 01880h,base+006C7h
  dw 01880h,base+006DFh
  dw 01880h,base+006F7h
  dw 01880h,base+0070Fh
  dw 01880h,base+00727h
  dw 01880h,base+0073Fh
  dw 01880h,base+00757h
  dw 01880h,base+0076Fh
  dw 01880h,base+00787h
  dw 01880h,base+0079Fh
  dw 01880h,base+007B7h
  dw 01880h,base+007CFh
  dw 01881h,base+007E7h
  dw 01680h,base+0197Bh
  dw 01680h,base+01991h
  dw 01680h,base+019A7h
  dw 01681h,base+019BDh
  dw 01480h,base+01EAEh
  dw 01480h,base+01EC2h
  dw 01481h,base+01ED6h
  dw 01280h,base+021F6h
  dw 01281h,base+02208h
  dw 01080h,base+02422h
  dw 01081h,base+02432h
  dw 00E81h,base+025C8h
  dw 00C80h,base+026DAh
  dw 00C82h,base+026E6h
  dw 00881h,base+01B23h
  dw 00600h,base+02229h

ryuPage0frame007:
  db 030h,030h,080h,000h
  db 092h
  db 000h,000h,000h,000h,000h
  db 000h,000h
  dw 0067Fh,base+02828h
  dw 0087Eh,base+027F2h
  dw 00C80h,base+026F2h
  dw 00C7Fh,base+026FEh
  dw 00E7Fh,base+025D6h
  dw 01080h,base+02442h
  dw 0107Fh,base+02452h
  dw 01280h,base+0221Ah
  dw 0127Fh,base+0222Ch
  dw 01480h,base+01EEAh
  dw 01480h,base+01EFEh
  dw 0147Fh,base+01F12h
  dw 01680h,base+019D3h
  dw 01680h,base+019E9h
  dw 01680h,base+019FFh
  dw 0167Fh,base+01A15h
  dw 01880h,base+007FFh
  dw 01880h,base+00817h
  dw 01880h,base+0082Fh
  dw 01880h,base+00847h
  dw 01880h,base+0085Fh
  dw 01880h,base+00877h
  dw 01880h,base+0088Fh
  dw 01880h,base+008A7h
  dw 01880h,base+008BFh
  dw 01880h,base+008D7h
  dw 01880h,base+008EFh
  dw 01880h,base+00907h
  dw 01880h,base+0091Fh
  dw 01880h,base+00937h
  dw 01880h,base+0094Fh
  dw 01881h,base+00967h
  dw 01680h,base+01A2Bh
  dw 01680h,base+01A41h
  dw 01680h,base+01A57h
  dw 01681h,base+01A6Dh
  dw 01480h,base+01F26h
  dw 01480h,base+01F3Ah
  dw 01481h,base+01F4Eh
  dw 01280h,base+0223Eh
  dw 01281h,base+02250h
  dw 01080h,base+02462h
  dw 01081h,base+02472h
  dw 00E81h,base+025E4h
  dw 00C80h,base+0270Ah
  dw 00C82h,base+02716h
  dw 00881h,base+01B23h
  dw 00600h,base+02828h

ryuPage0frame008:
  db 030h,030h,080h,000h
  db 092h
  db 000h,000h,000h,000h,000h
  db 000h,000h
  dw 0067Fh,base+01BCAh
  dw 0087Eh,base+027FAh
  dw 00C80h,base+02722h
  dw 00C7Fh,base+0272Eh
  dw 00E7Fh,base+025F2h
  dw 01080h,base+02482h
  dw 0107Fh,base+02492h
  dw 01280h,base+02262h
  dw 0127Fh,base+02274h
  dw 01480h,base+01F62h
  dw 01480h,base+01F76h
  dw 0147Fh,base+01F8Ah
  dw 01680h,base+01A83h
  dw 01680h,base+01A99h
  dw 01680h,base+01AAFh
  dw 0167Fh,base+01AC5h
  dw 01880h,base+0097Fh
  dw 01880h,base+00997h
  dw 01880h,base+009AFh
  dw 01880h,base+009C7h
  dw 01880h,base+009DFh
  dw 01880h,base+009F7h
  dw 01880h,base+00A0Fh
  dw 01880h,base+00A27h
  dw 01880h,base+00A3Fh
  dw 01880h,base+00A57h
  dw 01880h,base+00A6Fh
  dw 01880h,base+00A87h
  dw 01880h,base+00A9Fh
  dw 01880h,base+00AB7h
  dw 01880h,base+00ACFh
  dw 01881h,base+00AE7h
  dw 01680h,base+01ADBh
  dw 01680h,base+01AF1h
  dw 01680h,base+01B07h
  dw 01681h,base+01B1Dh
  dw 01480h,base+01F9Eh
  dw 01480h,base+01FB2h
  dw 01481h,base+01FC6h
  dw 01280h,base+02286h
  dw 01281h,base+02298h
  dw 01080h,base+024A2h
  dw 01081h,base+024B2h
  dw 00E81h,base+02600h
  dw 00C80h,base+0273Ah
  dw 00C82h,base+02746h
  dw 00881h,base+01B23h
  dw 00600h,base+01BCAh

ryuPage0frame009:
  db 030h,030h,080h,000h
  db 092h
  db 000h,000h,000h,000h,000h
  db 000h,000h
  dw 0067Fh,base+01BCAh
  dw 0087Eh,base+02802h
  dw 00C80h,base+02752h
  dw 00C7Fh,base+0275Eh
  dw 00E7Fh,base+0260Eh
  dw 01080h,base+024C2h
  dw 0107Fh,base+024D2h
  dw 01280h,base+022AAh
  dw 0127Fh,base+022BCh
  dw 01480h,base+01FDAh
  dw 01480h,base+01FEEh
  dw 0147Fh,base+02002h
  dw 01680h,base+01B33h
  dw 01680h,base+01B49h
  dw 01680h,base+01B5Fh
  dw 0167Fh,base+01B75h
  dw 01880h,base+00AFFh
  dw 01880h,base+00B17h
  dw 01880h,base+00B2Fh
  dw 01880h,base+00B47h
  dw 01880h,base+00B5Fh
  dw 01880h,base+00B77h
  dw 01880h,base+00B8Fh
  dw 01880h,base+00BA7h
  dw 01880h,base+00BBFh
  dw 01880h,base+00BD7h
  dw 01880h,base+00BEFh
  dw 01880h,base+00C07h
  dw 01880h,base+00C1Fh
  dw 01880h,base+00C37h
  dw 01880h,base+00C4Fh
  dw 01881h,base+00C67h
  dw 01680h,base+01B8Bh
  dw 01680h,base+01BA1h
  dw 01680h,base+01BB7h
  dw 01681h,base+01BCDh
  dw 01480h,base+02016h
  dw 01480h,base+0202Ah
  dw 01481h,base+0203Eh
  dw 01280h,base+022CEh
  dw 01281h,base+022E0h
  dw 01080h,base+024E2h
  dw 01081h,base+024F2h
  dw 00E81h,base+0261Ch
  dw 00C80h,base+0276Ah
  dw 00C82h,base+02776h
  dw 00881h,base+01B23h
  dw 00600h,base+01BCAh

ryuPage0frame010:
  db 030h,030h,080h,000h
  db 092h
  db 000h,000h,000h,000h,000h
  db 000h,000h
  dw 0067Fh,base+02769h
  dw 0087Eh,base+0280Ah
  dw 00C80h,base+02782h
  dw 00C7Fh,base+0278Eh
  dw 00E7Fh,base+0262Ah
  dw 01080h,base+02502h
  dw 0107Fh,base+02512h
  dw 01280h,base+022F2h
  dw 0127Fh,base+02304h
  dw 01480h,base+02052h
  dw 01480h,base+02066h
  dw 0147Fh,base+0207Ah
  dw 01680h,base+01BE3h
  dw 01680h,base+01BF9h
  dw 01680h,base+01C0Fh
  dw 0167Fh,base+01C25h
  dw 01880h,base+00C7Fh
  dw 01880h,base+00C97h
  dw 01880h,base+00CAFh
  dw 01880h,base+00CC7h
  dw 01880h,base+00CDFh
  dw 01880h,base+00CF7h
  dw 01880h,base+00D0Fh
  dw 01880h,base+00D27h
  dw 01880h,base+00D3Fh
  dw 01880h,base+00D57h
  dw 01880h,base+00D6Fh
  dw 01880h,base+00D87h
  dw 01880h,base+00D9Fh
  dw 01880h,base+00DB7h
  dw 01880h,base+00DCFh
  dw 01881h,base+00DE7h
  dw 01680h,base+01C3Bh
  dw 01680h,base+01C51h
  dw 01680h,base+01C67h
  dw 01681h,base+01C7Dh
  dw 01480h,base+0208Eh
  dw 01480h,base+020A2h
  dw 01481h,base+020B6h
  dw 01280h,base+02316h
  dw 01281h,base+02328h
  dw 01080h,base+02522h
  dw 01081h,base+02532h
  dw 00E81h,base+02638h
  dw 00C80h,base+0279Ah
  dw 00C82h,base+027A6h
  dw 00881h,base+02812h
  dw 00600h,base+02769h

ryuPage0frame011:
  db 030h,030h,080h,000h
  db 092h
  db 000h,000h,000h,000h,000h
  db 000h,000h
  dw 0067Fh,base+02822h
  dw 0087Eh,base+0281Ah
  dw 00C80h,base+027B2h
  dw 00C7Fh,base+027BEh
  dw 00E7Fh,base+02646h
  dw 01080h,base+02542h
  dw 0107Fh,base+02552h
  dw 01280h,base+0233Ah
  dw 0127Fh,base+0234Ch
  dw 01480h,base+020CAh
  dw 01480h,base+020DEh
  dw 0147Fh,base+020F2h
  dw 01680h,base+01C93h
  dw 01680h,base+01CA9h
  dw 01680h,base+01CBFh
  dw 0167Fh,base+01CD5h
  dw 01880h,base+00DFFh
  dw 01880h,base+00E17h
  dw 01880h,base+00E2Fh
  dw 01880h,base+00E47h
  dw 01880h,base+00E5Fh
  dw 01880h,base+00E77h
  dw 01880h,base+00E8Fh
  dw 01880h,base+00EA7h
  dw 01880h,base+00EBFh
  dw 01880h,base+00ED7h
  dw 01880h,base+00EEFh
  dw 01880h,base+00F07h
  dw 01880h,base+00F1Fh
  dw 01880h,base+00F37h
  dw 01880h,base+00F4Fh
  dw 01881h,base+00F67h
  dw 01680h,base+01CEBh
  dw 01680h,base+01D01h
  dw 01680h,base+01D17h
  dw 01681h,base+01D2Dh
  dw 01480h,base+02106h
  dw 01480h,base+0211Ah
  dw 01481h,base+0212Eh
  dw 01280h,base+0235Eh
  dw 01281h,base+02370h
  dw 01080h,base+02562h
  dw 01081h,base+02572h
  dw 00E81h,base+02654h
  dw 00C80h,base+027CAh
  dw 00C82h,base+027D6h
  dw 00881h,base+02811h
  dw 00600h,base+02822h

ryuPage0frame012:
  db 002h,001h,0AEh,000h
  db 0AEh
  db 000h,000h,000h,000h,000h
  db 000h,000h
  dw 00100h,base+00380h

ryuPage0frame013:
  db 094h,014h,03Eh,000h
  db 04Ch
  db 000h,000h,000h,000h,000h
  db 000h,000h
  dw 00A28h,base+00179h
  dw 00911h,base+0001Eh
  dw 00A47h,base+00179h
  dw 00A21h,base+00007h
  dw 0225Fh,base+001C8h
  dw 01821h,base+00183h
  dw 02258h,base+001C8h
  dw 01F28h,base+0017Ch
  dw 02258h,base+001EAh
  dw 01F28h,base+00360h
  dw 02258h,base+0020Ch
  dw 02628h,base+00000h
  dw 02258h,base+0022Eh
  dw 02628h,base+00026h
  dw 02258h,base+00250h
  dw 02628h,base+0004Ch
  dw 02258h,base+00272h
  dw 02628h,base+00072h
  dw 02258h,base+00294h
  dw 02628h,base+00098h
  dw 02258h,base+002B6h
  dw 02628h,base+000BEh
  dw 02258h,base+002D8h
  dw 02628h,base+000E4h
  dw 02258h,base+002FAh
  dw 02628h,base+0010Ah
  dw 02258h,base+0031Ch
  dw 02628h,base+00130h
  dw 02258h,base+0033Eh
  dw 02628h,base+00156h
  dw 02258h,base+001C8h
  dw 02628h,base+0017Ch
  dw 02258h,base+001C8h
  dw 0262Fh,base+001A2h
  dw 00911h,base+001CFh
  dw 00A40h,base+001E0h
  dw 0111Fh,base+0017Ch
  dw 00710h,base+00091h
  dw 00911h,base+001CFh
  dw 00A47h,base+001E0h
  dw 00A18h,base+00179h
  dw 00710h,base+0001Eh
  dw 00911h,base+0001Eh
  dw 00A47h,base+00179h
  dw 00A18h,base+00179h
  dw 00710h,base+0001Eh
  dw 00911h,base+0001Eh
  dw 00A00h,base+00179h


