  dw ZombieCaterpillarDyingPart1frame000
  dw ZombieCaterpillarDyingPart1frame001
  dw ZombieCaterpillarDyingPart1frame002
  dw ZombieCaterpillarDyingPart1frame003
  dw ZombieCaterpillarDyingPart1frame004
  dw ZombieCaterpillarDyingPart1frame005
  dw ZombieCaterpillarDyingPart1frame006
  dw ZombieCaterpillarDyingPart1frame007
  dw ZombieCaterpillarDyingPart1frame008
  dw ZombieCaterpillarDyingPart1frame009
  dw ZombieCaterpillarDyingPart1frame010
  dw ZombieCaterpillarDyingPart1frame011
  dw ZombieCaterpillarDyingPart1frame012
  dw ZombieCaterpillarDyingPart1frame013
  dw ZombieCaterpillarDyingPart1frame014
  dw ZombieCaterpillarDyingPart1frame015
  dw ZombieCaterpillarDyingPart1frame016
  dw ZombieCaterpillarDyingPart1frame017
  dw ZombieCaterpillarDyingPart1frame018
  dw ZombieCaterpillarDyingPart1frame019
  dw ZombieCaterpillarDyingPart1frame020
  dw ZombieCaterpillarDyingPart1frame021
  dw ZombieCaterpillarDyingPart1frame022
  dw ZombieCaterpillarDyingPart1frame023
  dw ZombieCaterpillarDyingPart1frame024
  dw ZombieCaterpillarDyingPart1frame025
  dw ZombieCaterpillarDyingPart1frame026
  dw ZombieCaterpillarDyingPart1frame027
  dw ZombieCaterpillarDyingPart1frame028
  dw ZombieCaterpillarDyingPart1frame029
  dw ZombieCaterpillarDyingPart1frame030
  dw ZombieCaterpillarDyingPart1frame031
  dw ZombieCaterpillarDyingPart1frame032
  dw ZombieCaterpillarDyingPart1frame033
  dw ZombieCaterpillarDyingPart1frame034
  dw ZombieCaterpillarDyingPart1frame035
  dw ZombieCaterpillarDyingPart1frame036
  dw ZombieCaterpillarDyingPart1frame037
  dw ZombieCaterpillarDyingPart1frame038

ZombieCaterpillarDyingPart1frame000:
  db 032h,019h,064h,02Fh
  db 078h
  db 000h,000h,0D1h,000h,000h
  db 000h,000h
  dw 0037Dh,base+013DCh
  dw 0067Fh,base+03BD2h
  dw 00880h,base+03B7Bh
  dw 0097Fh,base+03B57h
  dw 00B7Fh,base+03B18h
  dw 00D80h,base+03AC0h
  dw 00E80h,base+03A7Ah
  dw 00F7Fh,base+039B7h
  dw 01080h,base+035B7h
  dw 0107Fh,base+035C7h
  dw 01380h,base+02AF7h
  dw 0147Fh,base+0293Fh
  dw 01580h,base+027C5h
  dw 01680h,base+0264Fh
  dw 0167Fh,base+02665h
  dw 01880h,base+022B6h
  dw 01880h,base+022CEh
  dw 01880h,base+022E6h
  dw 01880h,base+022FEh
  dw 01980h,base+02045h
  dw 01980h,base+0205Eh
  dw 01980h,base+02077h
  dw 01981h,base+02090h
  dw 01880h,base+02316h
  dw 01800h,base+0232Eh

ZombieCaterpillarDyingPart1frame001:
  db 036h,020h,066h,048h
  db 066h
  db 000h,000h,0B8h,000h,000h
  db 000h,000h
  dw 01880h,base+02346h
  dw 01980h,base+020A9h
  dw 01980h,base+020C2h
  dw 01A81h,base+01E3Dh
  dw 01980h,base+020DBh
  dw 01981h,base+020F4h
  dw 01881h,base+0235Eh
  dw 01780h,base+024F6h
  dw 01782h,base+0250Dh
  dw 01683h,base+0267Bh
  dw 01382h,base+02B0Ah
  dw 01181h,base+02EE0h
  dw 01080h,base+035D7h
  dw 0107Fh,base+035E7h
  dw 01180h,base+02EF1h
  dw 01180h,base+02F02h
  dw 01180h,base+02F13h
  dw 01180h,base+02F24h
  dw 01180h,base+02F35h
  dw 01180h,base+02F46h
  dw 01180h,base+02F57h
  dw 0117Ch,base+0289Bh
  dw 0157Fh,base+027DAh
  dw 0157Fh,base+027EFh
  dw 01680h,base+02691h
  dw 0167Fh,base+026A7h
  dw 01680h,base+026BDh
  dw 0167Fh,base+026D3h
  dw 01780h,base+02524h
  dw 01880h,base+02376h
  dw 01880h,base+0238Eh
  dw 01800h,base+023A6h

ZombieCaterpillarDyingPart1frame002:
  db 046h,010h,05Eh,068h
  db 068h
  db 000h,000h,098h,000h,000h
  db 000h,000h
  dw 01980h,base+0210Dh
  dw 01980h,base+02126h
  dw 01A80h,base+01E57h
  dw 01A80h,base+01E71h
  dw 01B80h,base+01B7Fh
  dw 01B80h,base+01B9Ah
  dw 01C7Fh,base+019F7h
  dw 01D80h,base+0192Ch
  dw 01D80h,base+01949h
  dw 01E80h,base+0176Ah
  dw 01E80h,base+01788h
  dw 01E80h,base+017A6h
  dw 01E80h,base+017C4h
  dw 01E7Eh,base+017E2h
  dw 0207Eh,base+0174Ah
  dw 02300h,base+00001h

ZombieCaterpillarDyingPart1frame003:
  db 02Ch,01Ah,06Eh,02Eh
  db 082h
  db 000h,000h,0D2h,000h,000h
  db 000h,000h
  dw 0037Dh,base+013DCh
  dw 0067Fh,base+03BD2h
  dw 00880h,base+03B7Bh
  dw 0097Fh,base+03B57h
  dw 00B7Fh,base+03B18h
  dw 00D80h,base+03AC0h
  dw 00E80h,base+03A7Ah
  dw 00F7Fh,base+039B7h
  dw 01080h,base+035B7h
  dw 0107Fh,base+035C7h
  dw 01280h,base+02AF7h
  dw 0127Fh,base+02D1Eh
  dw 01380h,base+02B1Dh
  dw 01380h,base+0264Fh
  dw 0137Fh,base+02665h
  dw 01480h,base+022B6h
  dw 01480h,base+022CEh
  dw 01480h,base+022E6h
  dw 01480h,base+022FEh
  dw 01480h,base+02953h
  dw 01580h,base+02804h
  dw 01580h,base+02819h
  dw 01581h,base+0282Eh
  dw 01480h,base+02967h
  dw 01480h,base+0297Bh
  dw 01500h,base+02843h

ZombieCaterpillarDyingPart1frame004:
  db 032h,020h,06Ah,048h
  db 070h
  db 000h,000h,0B8h,000h,000h
  db 000h,000h
  dw 01580h,base+02858h
  dw 01580h,base+0286Dh
  dw 01581h,base+02882h
  dw 01480h,base+0298Fh
  dw 01481h,base+029A3h
  dw 01381h,base+02B30h
  dw 01280h,base+02D30h
  dw 01282h,base+02D42h
  dw 01080h,base+035F7h
  dw 01080h,base+03607h
  dw 01180h,base+02F68h
  dw 01181h,base+02F79h
  dw 01080h,base+03617h
  dw 01080h,base+03627h
  dw 0107Fh,base+03637h
  dw 01180h,base+02F8Ah
  dw 01180h,base+02F9Bh
  dw 01180h,base+02F13h
  dw 01180h,base+02F24h
  dw 01180h,base+02F35h
  dw 01180h,base+02F46h
  dw 0117Ch,base+02F57h
  dw 0157Fh,base+02897h
  dw 0167Fh,base+026E9h
  dw 01680h,base+026FFh
  dw 0167Fh,base+02715h
  dw 01780h,base+0253Bh
  dw 0167Fh,base+0272Bh
  dw 01780h,base+02552h
  dw 01880h,base+023BEh
  dw 01880h,base+023D6h
  dw 01800h,base+023A6h

ZombieCaterpillarDyingPart1frame005:
  db 046h,010h,05Eh,068h
  db 068h
  db 000h,000h,098h,000h,000h
  db 000h,000h
  dw 01980h,base+0210Dh
  dw 01980h,base+02126h
  dw 01A80h,base+01E57h
  dw 01A80h,base+01E71h
  dw 01B80h,base+01B7Fh
  dw 01B80h,base+01B9Ah
  dw 01C7Fh,base+019F7h
  dw 01D80h,base+0192Ch
  dw 01D80h,base+01949h
  dw 01E80h,base+0176Ah
  dw 01E80h,base+01788h
  dw 01E80h,base+017A6h
  dw 01E80h,base+017C4h
  dw 01E7Eh,base+017E2h
  dw 0207Eh,base+0174Ah
  dw 02300h,base+00001h

ZombieCaterpillarDyingPart1frame006:
  db 028h,02Ah,07Ch,01Eh
  db 08Ah
  db 000h,000h,0E2h,000h,000h
  db 000h,000h
  dw 00203h,base+013D0h
  dw 0037Dh,base+03C7Ch
  dw 0077Eh,base+03B93h
  dw 00A7Fh,base+03B39h
  dw 00C7Fh,base+03AF4h
  dw 00D7Fh,base+03ACDh
  dw 00F7Fh,base+039C6h
  dw 01080h,base+03647h
  dw 01080h,base+03657h
  dw 0117Fh,base+02FACh
  dw 01280h,base+02D54h
  dw 01280h,base+02D66h
  dw 01380h,base+02B43h
  dw 01380h,base+02B56h
  dw 01380h,base+02B69h
  dw 01380h,base+02B7Ch
  dw 01480h,base+029B7h
  dw 01480h,base+029CBh
  dw 01480h,base+029DFh
  dw 01480h,base+029F3h
  dw 01480h,base+02A07h
  dw 01480h,base+02A1Bh
  dw 01480h,base+02A2Fh
  dw 01380h,base+02A43h
  dw 01380h,base+02A57h
  dw 01381h,base+028ACh
  dw 01280h,base+02D78h
  dw 01281h,base+02D8Ah
  dw 01180h,base+02FBDh
  dw 01180h,base+02FCEh
  dw 01180h,base+02FDFh
  dw 01180h,base+02FF0h
  dw 01180h,base+03001h
  dw 01180h,base+03012h
  dw 01180h,base+03023h
  dw 01180h,base+03034h
  dw 01080h,base+03667h
  dw 01080h,base+03677h
  dw 01080h,base+03687h
  dw 01080h,base+03697h
  dw 01080h,base+036A7h
  dw 01181h,base+03045h
  dw 01000h,base+036B7h

ZombieCaterpillarDyingPart1frame007:
  db 03Ah,020h,06Ah,048h
  db 082h
  db 000h,000h,0B8h,000h,000h
  db 000h,000h
  dw 01080h,base+036C7h
  dw 01080h,base+036D7h
  dw 01080h,base+036E7h
  dw 01080h,base+036F7h
  dw 01080h,base+03707h
  dw 01180h,base+03056h
  dw 01180h,base+03067h
  dw 01180h,base+03078h
  dw 01180h,base+03089h
  dw 01180h,base+0309Ah
  dw 01180h,base+030ABh
  dw 01180h,base+030BCh
  dw 01180h,base+030CDh
  dw 01080h,base+03717h
  dw 01080h,base+03727h
  dw 01080h,base+03737h
  dw 01080h,base+03747h
  dw 00F7Fh,base+039D5h
  dw 01080h,base+03757h
  dw 01080h,base+03767h
  dw 0107Fh,base+03777h
  dw 01180h,base+030DEh
  dw 0117Ah,base+030EFh
  dw 00506h,base+00519h
  dw 01179h,base+03100h
  dw 0187Fh,base+023EEh
  dw 01980h,base+0213Fh
  dw 0197Fh,base+02158h
  dw 01A80h,base+01E8Bh
  dw 01A7Fh,base+01EA5h
  dw 01B80h,base+01BB5h
  dw 01B80h,base+01BD0h
  dw 01B00h,base+01BEBh

ZombieCaterpillarDyingPart1frame008:
  db 046h,010h,05Eh,068h
  db 06Ah
  db 000h,000h,098h,000h,000h
  db 000h,000h
  dw 01B7Fh,base+01C06h
  dw 01C80h,base+01A13h
  dw 01B80h,base+01C21h
  dw 01B80h,base+01C3Ch
  dw 01B80h,base+01C57h
  dw 01B80h,base+01C72h
  dw 01C80h,base+01A2Fh
  dw 01C80h,base+01A4Bh
  dw 01C80h,base+01A67h
  dw 01D7Fh,base+01966h
  dw 01E80h,base+01800h
  dw 01E80h,base+0181Eh
  dw 01E80h,base+0183Ch
  dw 01E7Eh,base+0185Ah
  dw 0207Eh,base+0174Ah
  dw 02300h,base+00001h

ZombieCaterpillarDyingPart1frame009:
  db 026h,031h,084h,017h
  db 092h
  db 000h,000h,0E9h,000h,000h
  db 000h,000h
  dw 0047Eh,base+0003Fh
  dw 0077Fh,base+03B9Ah
  dw 0097Fh,base+03B60h
  dw 00A80h,base+03B43h
  dw 00B7Fh,base+03B23h
  dw 00C80h,base+03B00h
  dw 00D80h,base+03ADAh
  dw 00E7Fh,base+03A88h
  dw 00F80h,base+039E4h
  dw 00F80h,base+039F3h
  dw 01080h,base+03787h
  dw 01080h,base+03797h
  dw 01180h,base+03111h
  dw 01180h,base+03122h
  dw 01180h,base+03133h
  dw 01180h,base+03144h
  dw 0117Fh,base+03155h
  dw 01280h,base+02D9Ch
  dw 01280h,base+02DAEh
  dw 01380h,base+02B8Fh
  dw 01380h,base+02BA2h
  dw 01380h,base+02BB5h
  dw 01380h,base+02BC8h
  dw 01381h,base+02BDBh
  dw 01180h,base+03166h
  dw 01180h,base+03177h
  dw 01180h,base+03188h
  dw 01080h,base+037A7h
  dw 01080h,base+037B7h
  dw 01080h,base+037C7h
  dw 01080h,base+037D7h
  dw 01080h,base+037E7h
  dw 01080h,base+037F7h
  dw 01080h,base+03807h
  dw 01080h,base+03817h
  dw 0107Fh,base+03827h
  dw 01180h,base+03199h
  dw 01180h,base+031AAh
  dw 01180h,base+031BBh
  dw 01180h,base+031CCh
  dw 01180h,base+031DDh
  dw 01180h,base+031EEh
  dw 01180h,base+031FFh
  dw 01081h,base+03837h
  dw 00F80h,base+03A02h
  dw 00F80h,base+03A11h
  dw 00F80h,base+03A20h
  dw 00F80h,base+03A2Fh
  dw 00F00h,base+03A3Eh

ZombieCaterpillarDyingPart1frame010:
  db 03Ch,020h,06Ah,048h
  db 086h
  db 000h,000h,0B8h,000h,000h
  db 000h,000h
  dw 0107Fh,base+03847h
  dw 01180h,base+03210h
  dw 01180h,base+03221h
  dw 01180h,base+03232h
  dw 01180h,base+03243h
  dw 01180h,base+03254h
  dw 0117Fh,base+03265h
  dw 01280h,base+02DC0h
  dw 01280h,base+02DD2h
  dw 01280h,base+02DE4h
  dw 01180h,base+03276h
  dw 01181h,base+03287h
  dw 0107Fh,base+03857h
  dw 01180h,base+03298h
  dw 0117Fh,base+032A9h
  dw 01180h,base+032BAh
  dw 01180h,base+032CBh
  dw 0107Fh,base+03867h
  dw 01180h,base+032DCh
  dw 01180h,base+032EDh
  dw 01180h,base+032FEh
  dw 01180h,base+023F5h
  dw 01180h,base+02147h
  dw 0117Ah,base+02160h
  dw 00506h,base+00519h
  dw 01179h,base+01E94h
  dw 0187Fh,base+02406h
  dw 01980h,base+02171h
  dw 0197Fh,base+0218Ah
  dw 01A80h,base+01EBFh
  dw 01A7Fh,base+01ED9h
  dw 01B80h,base+01C8Dh
  dw 01A00h,base+01EF3h

ZombieCaterpillarDyingPart1frame011:
  db 046h,010h,05Eh,068h
  db 06Ah
  db 000h,000h,098h,000h,000h
  db 000h,000h
  dw 01A80h,base+01F0Dh
  dw 01A7Fh,base+01F27h
  dw 01B80h,base+01CA8h
  dw 01A80h,base+01F41h
  dw 01B80h,base+01CC3h
  dw 01B80h,base+01CDEh
  dw 01C80h,base+01A83h
  dw 01C80h,base+01A9Fh
  dw 01C80h,base+01ABBh
  dw 01D80h,base+01983h
  dw 01D7Fh,base+019A0h
  dw 01E80h,base+01878h
  dw 01E80h,base+01896h
  dw 01E7Eh,base+018B4h
  dw 0207Eh,base+0174Ah
  dw 02300h,base+00001h

ZombieCaterpillarDyingPart1frame012:
  db 026h,031h,084h,017h
  db 092h
  db 000h,000h,0E9h,000h,000h
  db 000h,000h
  dw 0047Eh,base+0003Fh
  dw 0077Fh,base+03B9Ah
  dw 0097Fh,base+03B60h
  dw 00A80h,base+03B43h
  dw 00B7Fh,base+03B23h
  dw 00C80h,base+03B00h
  dw 00D80h,base+03ADAh
  dw 00E7Fh,base+03A88h
  dw 00F80h,base+039E4h
  dw 00F80h,base+039F3h
  dw 01080h,base+03787h
  dw 01080h,base+03797h
  dw 01180h,base+03111h
  dw 01180h,base+03122h
  dw 01180h,base+03133h
  dw 01180h,base+03144h
  dw 0117Fh,base+03155h
  dw 01280h,base+02D9Ch
  dw 01280h,base+02DAEh
  dw 01380h,base+02B8Fh
  dw 01380h,base+02BA2h
  dw 01380h,base+02BB5h
  dw 01380h,base+02BC8h
  dw 01381h,base+02BDBh
  dw 01180h,base+03166h
  dw 01180h,base+03177h
  dw 01180h,base+03188h
  dw 01080h,base+037A7h
  dw 01080h,base+037B7h
  dw 01080h,base+037C7h
  dw 01080h,base+03877h
  dw 01080h,base+037E7h
  dw 01080h,base+037F7h
  dw 01080h,base+03887h
  dw 0107Fh,base+03897h
  dw 01180h,base+0330Fh
  dw 01180h,base+03199h
  dw 01180h,base+031AAh
  dw 01180h,base+03320h
  dw 01180h,base+031DDh
  dw 01180h,base+031EEh
  dw 01180h,base+031FFh
  dw 01081h,base+03837h
  dw 00F80h,base+03A02h
  dw 00F80h,base+03A11h
  dw 00F80h,base+03A20h
  dw 00F80h,base+03A2Fh
  dw 00F80h,base+03A3Eh
  dw 01000h,base+03847h

ZombieCaterpillarDyingPart1frame013:
  db 03Ch,020h,06Ah,048h
  db 084h
  db 000h,000h,0B8h,000h,000h
  db 000h,000h
  dw 01180h,base+03210h
  dw 01180h,base+03221h
  dw 01180h,base+03232h
  dw 01180h,base+03243h
  dw 01180h,base+03254h
  dw 0117Fh,base+03265h
  dw 01280h,base+02DC0h
  dw 01280h,base+02DD2h
  dw 01280h,base+02DE4h
  dw 01180h,base+03276h
  dw 01181h,base+03287h
  dw 01080h,base+03857h
  dw 01080h,base+03299h
  dw 0107Fh,base+032AAh
  dw 01080h,base+038A7h
  dw 0107Fh,base+038B7h
  dw 01080h,base+038C7h
  dw 01080h,base+038D7h
  dw 01180h,base+03331h
  dw 0117Fh,base+03342h
  dw 01280h,base+02394h
  dw 01280h,base+02DF6h
  dw 01280h,base+02E08h
  dw 0127Ah,base+02E1Ah
  dw 00507h,base+00519h
  dw 01178h,base+03353h
  dw 0197Fh,base+021A3h
  dw 01A80h,base+01F5Bh
  dw 0197Fh,base+021BCh
  dw 01A80h,base+01F75h
  dw 01A7Fh,base+01F8Fh
  dw 01B80h,base+01CF9h
  dw 01B00h,base+01D14h

ZombieCaterpillarDyingPart1frame014:
  db 046h,010h,05Eh,068h
  db 06Ah
  db 000h,000h,098h,000h,000h
  db 000h,000h
  dw 01B80h,base+01D2Fh
  dw 01A7Fh,base+01FA9h
  dw 01B80h,base+01D4Ah
  dw 01B80h,base+01D65h
  dw 01B80h,base+01D80h
  dw 01B80h,base+01D9Bh
  dw 01C80h,base+01AD7h
  dw 01C80h,base+01AF3h
  dw 01C80h,base+01B0Fh
  dw 01D80h,base+019BDh
  dw 01D7Fh,base+019DAh
  dw 01E80h,base+018D2h
  dw 01E80h,base+018F0h
  dw 01E7Eh,base+0190Eh
  dw 0207Eh,base+0174Ah
  dw 02300h,base+00001h

ZombieCaterpillarDyingPart1frame015:
  db 030h,02Ah,076h,01Eh
  db 084h
  db 000h,000h,0E2h,000h,000h
  db 000h,000h
  dw 00203h,base+013D0h
  dw 0037Dh,base+03C7Ch
  dw 0077Eh,base+03B93h
  dw 00A7Fh,base+03B39h
  dw 00C7Fh,base+03AF4h
  dw 00D7Fh,base+03ACDh
  dw 00F7Fh,base+039C6h
  dw 01080h,base+03647h
  dw 01080h,base+03657h
  dw 0117Fh,base+02FACh
  dw 01280h,base+02D54h
  dw 01280h,base+02D66h
  dw 01380h,base+02B43h
  dw 01380h,base+02B56h
  dw 01380h,base+02B69h
  dw 01380h,base+02B7Ch
  dw 01480h,base+029B7h
  dw 01480h,base+029CBh
  dw 01480h,base+029DFh
  dw 01480h,base+029F3h
  dw 01480h,base+02A07h
  dw 01480h,base+02A1Bh
  dw 01480h,base+02A2Fh
  dw 01480h,base+02A43h
  dw 01480h,base+02A57h
  dw 01581h,base+028ACh
  dw 01480h,base+02A6Bh
  dw 01481h,base+02A7Fh
  dw 01380h,base+02BEEh
  dw 01381h,base+02C01h
  dw 01281h,base+02E2Ch
  dw 01180h,base+03364h
  dw 01181h,base+03375h
  dw 01080h,base+038E7h
  dw 01080h,base+038F7h
  dw 01080h,base+03907h
  dw 01180h,base+03386h
  dw 01180h,base+03397h
  dw 01281h,base+02E3Eh
  dw 01180h,base+033A8h
  dw 01180h,base+033B9h
  dw 01180h,base+033CAh
  dw 01200h,base+02E50h

ZombieCaterpillarDyingPart1frame016:
  db 02Ah,020h,07Eh,048h
  db 084h
  db 000h,000h,0B8h,000h,000h
  db 000h,000h
  dw 01180h,base+033DBh
  dw 01180h,base+033ECh
  dw 01180h,base+033FDh
  dw 01281h,base+02E62h
  dw 01180h,base+0340Eh
  dw 01180h,base+0341Fh
  dw 01180h,base+03430h
  dw 01180h,base+03441h
  dw 01180h,base+03452h
  dw 01180h,base+03463h
  dw 01180h,base+03474h
  dw 01180h,base+03485h
  dw 01080h,base+03917h
  dw 01080h,base+03927h
  dw 01080h,base+03937h
  dw 01080h,base+03947h
  dw 01081h,base+03957h
  dw 00F80h,base+03A4Dh
  dw 00F80h,base+03A5Ch
  dw 00F80h,base+03A6Bh
  dw 01080h,base+03967h
  dw 01080h,base+03977h
  dw 0107Fh,base+03987h
  dw 01180h,base+03496h
  dw 01180h,base+034A7h
  dw 01180h,base+034B8h
  dw 01180h,base+034C9h
  dw 01180h,base+034DAh
  dw 0117Eh,base+034EBh
  dw 0137Fh,base+02C14h
  dw 0147Fh,base+02A93h
  dw 01500h,base+028C1h

ZombieCaterpillarDyingPart1frame017:
  db 050h,010h,05Eh,068h
  db 07Eh
  db 000h,000h,098h,000h,000h
  db 000h,000h
  dw 0157Fh,base+028D6h
  dw 01680h,base+02741h
  dw 0167Fh,base+02757h
  dw 01780h,base+02569h
  dw 01780h,base+02580h
  dw 01780h,base+02597h
  dw 0177Fh,base+025AEh
  dw 01880h,base+0241Eh
  dw 01880h,base+02436h
  dw 01980h,base+021D5h
  dw 01980h,base+021EEh
  dw 01980h,base+02207h
  dw 01980h,base+02220h
  dw 01975h,base+02239h
  dw 0247Eh,base+00000h
  dw 02800h,base+015C5h

ZombieCaterpillarDyingPart1frame018:
  db 03Ch,01Eh,060h,02Ah
  db 072h
  db 000h,000h,0D6h,000h,000h
  db 000h,000h
  dw 0067Fh,base+03BD8h
  dw 0077Eh,base+03BA1h
  dw 0097Fh,base+03B69h
  dw 00B80h,base+03B2Eh
  dw 00C80h,base+03B0Ch
  dw 00D7Fh,base+03AE7h
  dw 00E7Fh,base+03A96h
  dw 0107Fh,base+03997h
  dw 01180h,base+034FCh
  dw 0127Fh,base+02E74h
  dw 01380h,base+02C27h
  dw 01380h,base+02C3Ah
  dw 01380h,base+02C4Dh
  dw 01480h,base+02AA7h
  dw 0147Fh,base+02ABBh
  dw 01680h,base+0276Dh
  dw 01780h,base+025C5h
  dw 01780h,base+025DCh
  dw 01880h,base+0244Eh
  dw 01881h,base+02466h
  dw 01880h,base+0247Eh
  dw 01880h,base+02496h
  dw 01980h,base+02252h
  dw 01A80h,base+01FC3h
  dw 01B80h,base+01DB6h
  dw 01B80h,base+01DD1h
  dw 01C81h,base+01B2Bh
  dw 01B80h,base+01DECh
  dw 01C81h,base+01B47h
  dw 01B00h,base+01E07h

ZombieCaterpillarDyingPart1frame019:
  db 044h,020h,066h,048h
  db 066h
  db 000h,000h,0B8h,000h,000h
  db 000h,000h
  dw 01C81h,base+01B63h
  dw 01B81h,base+01E22h
  dw 01A81h,base+01FDDh
  dw 01982h,base+0226Bh
  dw 01881h,base+024AEh
  dw 01780h,base+025F3h
  dw 01781h,base+0260Ah
  dw 01680h,base+02783h
  dw 01681h,base+02799h
  dw 01681h,base+027AFh
  dw 01581h,base+028EBh
  dw 01481h,base+02ACFh
  dw 01381h,base+02C60h
  dw 01380h,base+02C73h
  dw 01381h,base+02C86h
  dw 01280h,base+02E86h
  dw 01380h,base+02C99h
  dw 01381h,base+02CACh
  dw 01380h,base+02CBFh
  dw 01381h,base+02CD2h
  dw 01280h,base+02E98h
  dw 01281h,base+02EAAh
  dw 01181h,base+0350Dh
  dw 01080h,base+039A7h
  dw 01180h,base+0351Eh
  dw 01180h,base+0352Fh
  dw 01180h,base+03540h
  dw 01180h,base+03551h
  dw 01180h,base+03562h
  dw 0117Fh,base+03562h
  dw 01180h,base+03573h
  dw 01100h,base+03584h

ZombieCaterpillarDyingPart1frame020:
  db 054h,010h,05Eh,068h
  db 084h
  db 000h,000h,098h,000h,000h
  db 000h,000h
  dw 01280h,base+02EBCh
  dw 0137Fh,base+02CE5h
  dw 01480h,base+02AE3h
  dw 01580h,base+02900h
  dw 0157Fh,base+02915h
  dw 01780h,base+02621h
  dw 01780h,base+02638h
  dw 01880h,base+024C6h
  dw 0187Fh,base+024DEh
  dw 01980h,base+02284h
  dw 01980h,base+0229Dh
  dw 01A80h,base+01FF7h
  dw 01A80h,base+02011h
  dw 01A72h,base+0202Bh
  dw 0287Eh,base+015EDh
  dw 02A00h,base+00001h

ZombieCaterpillarDyingPart1frame021:
  db 05Ch,00Fh,046h,059h
  db 086h
  db 000h,000h,0A7h,000h,000h
  db 000h,000h
  dw 0037Fh,base+0003Fh
  dw 0067Eh,base+01D00h
  dw 00979h,base+03B72h
  dw 00506h,base+00519h
  dw 00A6Ch,base+03B4Dh
  dw 00305h,base+013DCh
  dw 00507h,base+00519h
  dw 01371h,base+02CF8h
  dw 0247Fh,base+01726h
  dw 0277Fh,base+01665h
  dw 0297Fh,base+01521h
  dw 02A80h,base+013FBh
  dw 02B80h,base+012CEh
  dw 02B7Fh,base+012F9h
  dw 02D80h,base+01110h
  dw 02D7Fh,base+0113Dh
  dw 02E80h,base+00FA0h
  dw 02E00h,base+00FCEh

ZombieCaterpillarDyingPart1frame022:
  db 072h,010h,040h,068h
  db 046h
  db 000h,000h,098h,000h,000h
  db 000h,000h
  dw 02F80h,base+00EB5h
  dw 0307Fh,base+00DC5h
  dw 0317Fh,base+00CD0h
  dw 03380h,base+00AA4h
  dw 03380h,base+00AD7h
  dw 03480h,base+00938h
  dw 03480h,base+0096Ch
  dw 03580h,base+00475h
  dw 03580h,base+004AAh
  dw 03580h,base+004DFh
  dw 0357Fh,base+00514h
  dw 03780h,base+00038h
  dw 03781h,base+0006Fh
  dw 03680h,base+0014Bh
  dw 03680h,base+00181h
  dw 03800h,base+00000h

ZombieCaterpillarDyingPart1frame023:
  db 05Ch,00Eh,046h,05Ah
  db 086h
  db 000h,000h,0A6h,000h,000h
  db 000h,000h
  dw 0037Fh,base+0003Fh
  dw 0067Eh,base+01D00h
  dw 0096Bh,base+03B72h
  dw 00314h,base+013DCh
  dw 00A69h,base+03B4Dh
  dw 00711h,base+01726h
  dw 0116Eh,base+03595h
  dw 00E10h,base+03AA4h
  dw 0156Fh,base+0292Ah
  dw 0287Fh,base+01615h
  dw 02A7Eh,base+01425h
  dw 00102h,base+001F4h
  dw 02A7Eh,base+0144Fh
  dw 00102h,base+001F4h
  dw 02B7Eh,base+01324h
  dw 02D80h,base+0116Ah
  dw 02E80h,base+00FFCh
  dw 02E80h,base+0102Ah
  dw 02E00h,base+01058h

ZombieCaterpillarDyingPart1frame024:
  db 070h,010h,042h,068h
  db 046h
  db 000h,000h,098h,000h,000h
  db 000h,000h
  dw 02F80h,base+00EE4h
  dw 0307Fh,base+00DF5h
  dw 03180h,base+00D01h
  dw 03280h,base+00BD6h
  dw 03280h,base+00C08h
  dw 0337Fh,base+00B0Ah
  dw 03480h,base+009A0h
  dw 03580h,base+00549h
  dw 03580h,base+0057Eh
  dw 03580h,base+005B3h
  dw 03580h,base+005E8h
  dw 03680h,base+001B7h
  dw 03680h,base+001EDh
  dw 03681h,base+00223h
  dw 03580h,base+0061Dh
  dw 03700h,base+00000h

ZombieCaterpillarDyingPart1frame025:
  db 05Ch,00Dh,046h,05Bh
  db 086h
  db 000h,000h,0A5h,000h,000h
  db 000h,000h
  dw 0037Fh,base+0003Fh
  dw 00669h,base+01D00h
  dw 00315h,base+013DCh
  dw 00968h,base+03B72h
  dw 00717h,base+01726h
  dw 00A68h,base+03B4Dh
  dw 00E12h,base+03AA4h
  dw 0116Dh,base+03595h
  dw 01012h,base+01615h
  dw 0146Dh,base+0292Bh
  dw 02980h,base+0154Ah
  dw 02A80h,base+01479h
  dw 02A7Fh,base+014A3h
  dw 02C80h,base+0121Eh
  dw 02C7Fh,base+0124Ah
  dw 02E80h,base+01086h
  dw 02E00h,base+010B4h

ZombieCaterpillarDyingPart1frame026:
  db 072h,010h,040h,068h
  db 046h
  db 000h,000h,098h,000h,000h
  db 000h,000h
  dw 02F80h,base+00F13h
  dw 0307Fh,base+00E25h
  dw 0317Fh,base+00D32h
  dw 03380h,base+00B3Dh
  dw 03380h,base+00B70h
  dw 03480h,base+009D4h
  dw 03480h,base+00A08h
  dw 03580h,base+00652h
  dw 03580h,base+00687h
  dw 03580h,base+006BCh
  dw 0357Fh,base+006F1h
  dw 03780h,base+000A6h
  dw 03781h,base+000DDh
  dw 03680h,base+00259h
  dw 03680h,base+00181h
  dw 03800h,base+00000h

ZombieCaterpillarDyingPart1frame027:
  db 05Ch,00Ch,046h,05Ch
  db 086h
  db 000h,000h,0A4h,000h,000h
  db 000h,000h
  dw 00368h,base+0003Fh
  dw 00317h,base+013DCh
  dw 00666h,base+01D00h
  dw 00718h,base+01726h
  dw 00967h,base+03B72h
  dw 00E12h,base+03AA4h
  dw 00506h,base+00519h
  dw 00A67h,base+03B4Dh
  dw 01012h,base+01615h
  dw 0126Dh,base+02CF9h
  dw 02780h,base+0168Ch
  dw 02980h,base+01573h
  dw 02A7Fh,base+014CDh
  dw 02B80h,base+0134Fh
  dw 02C7Fh,base+01276h
  dw 02D80h,base+01197h
  dw 02E00h,base+010E2h

ZombieCaterpillarDyingPart1frame028:
  db 072h,010h,040h,068h
  db 046h
  db 000h,000h,098h,000h,000h
  db 000h,000h
  dw 02F80h,base+00F42h
  dw 0307Fh,base+00E55h
  dw 03180h,base+00D63h
  dw 03280h,base+00C3Ah
  dw 03280h,base+00C6Ch
  dw 0337Fh,base+00BA3h
  dw 03480h,base+00A3Ch
  dw 03580h,base+00726h
  dw 03580h,base+0075Bh
  dw 03580h,base+00790h
  dw 03580h,base+007C5h
  dw 03680h,base+0028Fh
  dw 0367Fh,base+002C5h
  dw 03781h,base+00114h
  dw 03680h,base+002FBh
  dw 03800h,base+00000h

ZombieCaterpillarDyingPart1frame029:
  db 05Ah,00Ch,046h,05Ch
  db 086h
  db 000h,000h,0A4h,000h,000h
  db 000h,000h
  dw 00368h,base+0003Fh
  dw 00317h,base+013DCh
  dw 00666h,base+01D00h
  dw 00718h,base+01726h
  dw 00967h,base+03B72h
  dw 00E12h,base+03AA4h
  dw 00506h,base+00519h
  dw 00A67h,base+03B4Dh
  dw 01012h,base+01615h
  dw 0126Dh,base+02CF9h
  dw 02580h,base+0168Ch
  dw 02780h,base+016B3h
  dw 0297Fh,base+0159Ch
  dw 02B80h,base+0137Ah
  dw 02B7Fh,base+013A5h
  dw 02D80h,base+011C4h
  dw 02D00h,base+011F1h

ZombieCaterpillarDyingPart1frame030:
  db 070h,010h,042h,068h
  db 046h
  db 000h,000h,098h,000h,000h
  db 000h,000h
  dw 02F80h,base+00F71h
  dw 0307Fh,base+00E85h
  dw 03180h,base+00D94h
  dw 03280h,base+00C3Ah
  dw 03280h,base+00C9Eh
  dw 0337Fh,base+00BA3h
  dw 03480h,base+00A70h
  dw 03580h,base+007FAh
  dw 03580h,base+0082Fh
  dw 03580h,base+00864h
  dw 03580h,base+00899h
  dw 03680h,base+00331h
  dw 03680h,base+00367h
  dw 03681h,base+0039Dh
  dw 0357Fh,base+008CEh
  dw 03800h,base+00000h

ZombieCaterpillarDyingPart1frame031:
  db 05Ah,00Ch,046h,05Ch
  db 086h
  db 000h,000h,0A4h,000h,000h
  db 000h,000h
  dw 00368h,base+0003Fh
  dw 00317h,base+013DCh
  dw 00666h,base+01D00h
  dw 00718h,base+01726h
  dw 00967h,base+03B72h
  dw 00E12h,base+03AA4h
  dw 00506h,base+00519h
  dw 00A67h,base+03B4Dh
  dw 01012h,base+01615h
  dw 0126Dh,base+02CF9h
  dw 02580h,base+0168Ch
  dw 02780h,base+016B3h
  dw 0297Fh,base+0159Ch
  dw 02B80h,base+0137Ah
  dw 02B7Fh,base+013A5h
  dw 02D80h,base+011C4h
  dw 02D00h,base+011F1h

ZombieCaterpillarDyingPart1frame032:
  db 070h,010h,042h,068h
  db 046h
  db 000h,000h,098h,000h,000h
  db 000h,000h
  dw 02F80h,base+00F71h
  dw 0307Fh,base+00E85h
  dw 03180h,base+00D94h
  dw 03280h,base+00C3Ah
  dw 03280h,base+00C9Eh
  dw 0337Fh,base+00BA3h
  dw 03480h,base+00A70h
  dw 03580h,base+007FAh
  dw 03580h,base+0082Fh
  dw 03580h,base+00864h
  dw 03580h,base+00899h
  dw 03680h,base+003D3h
  dw 03680h,base+00409h
  dw 03681h,base+0043Fh
  dw 03580h,base+00903h
  dw 03700h,base+00000h

ZombieCaterpillarDyingPart1frame033:
  db 030h,00Bh,040h,03Dh
  db 046h
  db 000h,000h,0C3h,000h,000h
  db 000h,000h
  dw 00280h,base+03BADh
  dw 0027Eh,base+03BADh
  dw 00203h,base+03BADh
  dw 0017Eh,base+001F4h
  dw 0037Fh,base+03BABh
  dw 00481h,base+03C70h
  dw 00203h,base+00037h
  dw 0017Eh,base+001F4h
  dw 00102h,base+001F4h
  dw 0017Ch,base+001F4h
  dw 00102h,base+001F4h
  dw 00391h,base+03C05h
  dw 0026Ch,base+03BADh
  dw 00105h,base+00000h
  dw 00103h,base+00001h
  dw 0010Ch,base+03B91h
  dw 0026Dh,base+03BADh
  dw 00304h,base+001F2h
  dw 00102h,base+00000h
  dw 0030Dh,base+03C3Eh
  dw 00102h,base+00000h
  dw 00200h,base+03BADh

ZombieCaterpillarDyingPart1frame034:
  db 05Eh,020h,042h,048h
  db 04Ah
  db 000h,000h,0B8h,000h,000h
  db 000h,000h
  dw 0060Fh,base+03BDEh
  dw 00371h,base+03BB0h
  dw 0040Fh,base+03C74h
  dw 00470h,base+03C2Dh
  dw 0050Fh,base+03C56h
  dw 00102h,base+00000h
  dw 0026Eh,base+001F4h
  dw 00405h,base+03C14h
  dw 0010Bh,base+03B92h
  dw 00102h,base+00000h
  dw 0016Dh,base+00000h
  dw 00611h,base+03BE4h
  dw 00304h,base+03C3Eh
  dw 0016Bh,base+00000h
  dw 00506h,base+03BB6h
  dw 0017Ah,base+001F4h
  dw 00405h,base+03BBDh
  dw 00209h,base+03BC2h
  dw 00103h,base+03B84h
  dw 00105h,base+00001h
  dw 00169h,base+001F4h
  dw 00607h,base+03B83h
  dw 00107h,base+001F4h
  dw 00304h,base+03C05h
  dw 00102h,base+001F4h
  dw 0036Ch,base+00000h
  dw 0070Dh,base+03BA8h
  dw 00673h,base+03BEAh
  dw 00304h,base+03C7Fh
  dw 00102h,base+001F4h
  dw 00109h,base+00001h
  dw 00471h,base+03C78h
  dw 00204h,base+03C7Fh
  dw 0030Bh,base+03BACh
  dw 00572h,base+03C5Bh
  dw 00103h,base+00001h
  dw 0020Bh,base+00038h
  dw 00102h,base+03B83h
  dw 00470h,base+03C52h
  dw 0010Fh,base+03C79h
  dw 00671h,base+03BF0h
  dw 0020Eh,base+03C8Eh
  dw 00102h,base+00000h
  dw 0057Eh,base+03BC6h
  dw 00203h,base+03BCBh
  dw 0047Dh,base+03BCEh
  dw 00102h,base+00000h
  dw 00671h,base+03B8Dh
  dw 0010Eh,base+0097Ch
  dw 00772h,base+03BAFh
  dw 0020Eh,base+03ABBh
  dw 00102h,base+00001h
  dw 00102h,base+00000h
  dw 0036Eh,base+03C82h
  dw 0020Eh,base+013D0h
  dw 00305h,base+03BADh
  dw 0026Eh,base+03C83h
  dw 0020Dh,base+012A2h
  dw 00305h,base+03C85h
  dw 0016Eh,base+00001h
  dw 0020Ch,base+00E63h
  dw 00206h,base+03ABBh
  dw 0010Dh,base+03C76h
  dw 0035Eh,base+0003Fh
  dw 00203h,base+013D0h
  dw 00207h,base+013D0h
  dw 00305h,base+013DCh
  dw 00205h,base+03ABBh
  dw 0020Dh,base+03C8Eh
  dw 00660h,base+01D00h
  dw 00506h,base+03C60h
  dw 00708h,base+01726h
  dw 00210h,base+012A2h
  dw 00963h,base+03B72h
  dw 01216h,base+02ECEh
  dw 00506h,base+00519h
  dw 00A64h,base+03B4Dh
  dw 01315h,base+02D0Bh
  dw 0126Ch,base+02CF9h
  dw 0267Eh,base+016DAh
  dw 02A81h,base+014F7h
  dw 02B81h,base+013D0h
  dw 02B80h,base+0137Ah
  dw 02B7Fh,base+013A5h
  dw 02D80h,base+011C4h
  dw 02D00h,base+011F1h

ZombieCaterpillarDyingPart1frame035:
  db 070h,010h,042h,068h
  db 046h
  db 000h,000h,098h,000h,000h
  db 000h,000h
  dw 02F80h,base+00F71h
  dw 0307Fh,base+00E85h
  dw 03180h,base+00D94h
  dw 03280h,base+00C3Ah
  dw 03280h,base+00C9Eh
  dw 0337Fh,base+00BA3h
  dw 03480h,base+00A70h
  dw 03580h,base+007FAh
  dw 03580h,base+0082Fh
  dw 03580h,base+00864h
  dw 03580h,base+00899h
  dw 03680h,base+003D3h
  dw 03680h,base+00409h
  dw 03681h,base+0043Fh
  dw 03580h,base+00903h
  dw 03700h,base+00000h

ZombieCaterpillarDyingPart1frame036:
  db 036h,02Bh,042h,029h
  db 048h
  db 000h,000h,0D7h,000h,000h
  db 000h,000h
  dw 00280h,base+03BADh
  dw 0027Dh,base+03BADh
  dw 00580h,base+03C65h
  dw 00580h,base+03C6Ah
  dw 00580h,base+03C6Fh
  dw 00680h,base+03BF6h
  dw 00680h,base+03BFCh
  dw 00680h,base+03C02h
  dw 00680h,base+00519h
  dw 00608h,base+03C08h
  dw 00178h,base+03B91h
  dw 00607h,base+03C0Eh
  dw 0037Eh,base+03C3Eh
  dw 00680h,base+03BDEh
  dw 0047Fh,base+03C74h
  dw 0057Fh,base+03C56h
  dw 0067Fh,base+03C14h
  dw 00680h,base+03BE4h
  dw 00780h,base+03BB6h
  dw 0077Fh,base+03BBDh
  dw 00814h,base+03B83h
  dw 0066Ch,base+03C1Ah
  dw 00714h,base+03BA8h
  dw 0066Ch,base+03C1Ah
  dw 00304h,base+03C7Fh
  dw 00310h,base+03C88h
  dw 0066Ch,base+03C20h
  dw 00204h,base+03C7Fh
  dw 00310h,base+03BACh
  dw 0066Dh,base+03C26h
  dw 00103h,base+00001h
  dw 00210h,base+00038h
  dw 0066Dh,base+03C2Ch
  dw 00113h,base+03C79h
  dw 0066Dh,base+03C32h
  dw 00213h,base+03C8Eh
  dw 00680h,base+03C38h
  dw 00680h,base+03C3Eh
  dw 0067Dh,base+00519h
  dw 00103h,base+03B84h
  dw 0067Ch,base+03C44h
  dw 00304h,base+03C05h
  dw 0067Bh,base+03C4Ah
  dw 00682h,base+03BEAh
  dw 00480h,base+03C78h
  dw 00580h,base+03C5Bh
  dw 00681h,base+03C50h
  dw 0067Fh,base+03BF0h
  dw 00780h,base+03BC4h
  dw 00780h,base+03BCBh
  dw 00881h,base+03B8Bh
  dw 00780h,base+03BAFh
  dw 00304h,base+001BDh
  dw 0037Ch,base+03C82h
  dw 00305h,base+03BADh
  dw 0027Ch,base+03C83h
  dw 00204h,base+03BABh
  dw 00180h,base+00001h
  dw 0017Fh,base+03C76h
  dw 00200h,base+03C8Eh

ZombieCaterpillarDyingPart1frame037:
  db 052h,00Bh,040h,055h
  db 046h
  db 000h,000h,0ABh,000h,000h
  db 000h,000h
  dw 0027Fh,base+012A2h
  dw 00310h,base+03C60h
  dw 00370h,base+03C62h
  dw 00110h,base+01111h
  dw 00370h,base+03C8Bh
  dw 00210h,base+03ABBh
  dw 00102h,base+0097Ch
  dw 0016Fh,base+01111h
  dw 0020Fh,base+012A2h
  dw 0016Eh,base+0097Ch
  dw 00103h,base+01111h
  dw 0030Fh,base+03C62h
  dw 0016Eh,base+0097Ch
  dw 00104h,base+01111h
  dw 0020Eh,base+03ABBh
  dw 00102h,base+0097Ch
  dw 0036Ch,base+03C62h
  dw 00205h,base+013D0h
  dw 0010Dh,base+012A3h
  dw 00102h,base+012A3h
  dw 0030Fh,base+02ECEh
  dw 0035Eh,base+0003Fh
  dw 0020Ah,base+00E63h
  dw 00306h,base+013DCh
  dw 00205h,base+03ABBh
  dw 0020Ch,base+013D0h
  dw 00660h,base+01D00h
  dw 00103h,base+01111h
  dw 00103h,base+012A3h
  dw 00709h,base+01726h
  dw 0010Fh,base+0097Ch
  dw 00962h,base+03B72h
  dw 00103h,base+01111h
  dw 00102h,base+0097Ch
  dw 00E12h,base+03AB2h
  dw 00506h,base+00519h
  dw 00A00h,base+03B4Dh

ZombieCaterpillarDyingPart1frame038:
  db 070h,018h,042h,060h
  db 04Ah
  db 000h,000h,0A0h,000h,000h
  db 000h,000h
  dw 01113h,base+035A6h
  dw 0126Ch,base+02CF9h
  dw 02680h,base+01700h
  dw 0287Dh,base+0163Dh
  dw 00103h,base+012A3h
  dw 02A7Dh,base+013D1h
  dw 00102h,base+0097Ch
  dw 02C7Eh,base+012A2h
  dw 00203h,base+013D0h
  dw 02B7Fh,base+013A5h
  dw 02D80h,base+011C4h
  dw 02D80h,base+011F1h
  dw 02F80h,base+00F71h
  dw 0307Fh,base+00E85h
  dw 03180h,base+00D94h
  dw 03280h,base+00C3Ah
  dw 03280h,base+00C9Eh
  dw 0337Fh,base+00BA3h
  dw 03480h,base+00A70h
  dw 03580h,base+007FAh
  dw 03580h,base+0082Fh
  dw 03580h,base+00864h
  dw 03580h,base+00899h
  dw 03680h,base+003D3h
  dw 03680h,base+00409h
  dw 03681h,base+0043Fh
  dw 03580h,base+00903h
  dw 03700h,base+00000h


