  dw TeleportPart1frame000
  dw TeleportPart1frame001
  dw TeleportPart1frame002
  dw TeleportPart1frame003
  dw TeleportPart1frame004
  dw TeleportPart1frame005
  dw TeleportPart1frame006
  dw TeleportPart1frame007
  dw TeleportPart1frame008
  dw TeleportPart1frame009
  dw TeleportPart1frame010
  dw TeleportPart1frame011
  dw TeleportPart1frame012
  dw TeleportPart1frame013
  dw TeleportPart1frame014
  dw TeleportPart1frame015
  dw TeleportPart1frame016
  dw TeleportPart1frame017
  dw TeleportPart1frame018
  dw TeleportPart1frame019
  dw TeleportPart1frame020
  dw TeleportPart1frame021
  dw TeleportPart1frame022
  dw TeleportPart1frame023
  dw TeleportPart1frame024
  dw TeleportPart1frame025
  dw TeleportPart1frame026
  dw TeleportPart1frame027
  dw TeleportPart1frame028
  dw TeleportPart1frame029
  dw TeleportPart1frame030
  dw TeleportPart1frame031
  dw TeleportPart1frame032
  dw TeleportPart1frame033
  dw TeleportPart1frame034
  dw TeleportPart1frame035
  dw TeleportPart1frame036
  dw TeleportPart1frame037
  dw TeleportPart1frame038
  dw TeleportPart1frame039
  dw TeleportPart1frame040
  dw TeleportPart1frame041
  dw TeleportPart1frame042
  dw TeleportPart1frame043
  dw TeleportPart1frame044
  dw TeleportPart1frame045
  dw TeleportPart1frame046
  dw TeleportPart1frame047
  dw TeleportPart1frame048
  dw TeleportPart1frame049
  dw TeleportPart1frame050
  dw TeleportPart1frame051
  dw TeleportPart1frame052
  dw TeleportPart1frame053
  dw TeleportPart1frame054
  dw TeleportPart1frame055
  dw TeleportPart1frame056
  dw TeleportPart1frame057
  dw TeleportPart1frame058
  dw TeleportPart1frame059
  dw TeleportPart1frame060
  dw TeleportPart1frame061
  dw TeleportPart1frame062
  dw TeleportPart1frame063
  dw TeleportPart1frame064

TeleportPart1frame000:
  db 026h,00Eh,06Ch,048h
  db 07Ah
  db 000h,000h,0B8h,000h,000h
  db 000h,000h
  dw 00680h,base+039E5h
  dw 00380h,base+019BBh
  dw 00307h,base+03CDBh
  dw 00279h,base+0005Eh
  dw 00207h,base+003DBh
  dw 00275h,base+00065h
  dw 00104h,base+0001Fh
  dw 00208h,base+03D20h
  dw 00378h,base+03CDEh
  dw 00209h,base+03D22h
  dw 00271h,base+00065h
  dw 00105h,base+0001Fh
  dw 0057Ah,base+03AFFh
  dw 00106h,base+00000h
  dw 0077Ah,base+03952h
  dw 00105h,base+0001Fh
  dw 00C7Eh,base+036BFh
  dw 00E80h,base+03525h
  dw 00F7Fh,base+03309h
  dw 01080h,base+031F9h
  dw 0117Eh,base+03061h
  dw 01300h,base+02C67h

TeleportPart1frame001:
  db 03Eh,00Ch,062h,056h
  db 066h
  db 000h,000h,0AAh,000h,000h
  db 000h,000h
  dw 00102h,base+0001Fh
  dw 01417h,base+02A9Bh
  dw 00166h,base+00005h
  dw 0171Ah,base+02484h
  dw 00166h,base+00000h
  dw 00607h,base+039EBh
  dw 01113h,base+03072h
  dw 00266h,base+014FFh
  dw 00406h,base+03C03h
  dw 0167Ah,base+02695h
  dw 00102h,base+0001Fh
  dw 00304h,base+03CE1h
  dw 01779h,base+0249Bh
  dw 00103h,base+00000h
  dw 00203h,base+00386h
  dw 0187Dh,base+01E84h
  dw 00304h,base+03CE1h
  dw 0177Bh,base+024B2h
  dw 01C7Eh,base+00889h
  dw 00102h,base+0001Fh
  dw 00304h,base+03209h
  dw 01516h,base+02879h
  dw 00366h,base+03CE4h
  dw 00203h,base+03D24h
  dw 01A7Dh,base+010D5h
  dw 01D80h,base+00492h
  dw 01D00h,base+004AFh

TeleportPart1frame002:
  db 040h,00Ch,060h,062h
  db 066h
  db 000h,000h,09Eh,000h,000h
  db 000h,000h
  dw 01D80h,base+004CCh
  dw 01D7Dh,base+004E9h
  dw 00103h,base+0001Fh
  dw 01A1Ch,base+010EFh
  dw 00164h,base+00048h
  dw 0191Bh,base+018C1h
  dw 00265h,base+00BC9h
  dw 0191Bh,base+018DAh
  dw 00265h,base+031C3h
  dw 0191Bh,base+018F3h
  dw 00262h,base+008DFh
  dw 00103h,base+0001Fh
  dw 0191Bh,base+0190Ch
  dw 00262h,base+03D26h
  dw 01C1Eh,base+008A5h
  dw 00262h,base+02B13h
  dw 00405h,base+03C07h
  dw 01819h,base+01E9Ch
  dw 00262h,base+00645h
  dw 01D1Eh,base+00506h
  dw 00262h,base+00BAAh
  dw 00405h,base+03C0Bh
  dw 01819h,base+01EB4h
  dw 00263h,base+00348h
  dw 01F00h,base+00100h

TeleportPart1frame003:
  db 040h,00Ch,060h,06Eh
  db 062h
  db 000h,000h,092h,000h,000h
  db 000h,000h
  dw 01F7Fh,base+0011Fh
  dw 00506h,base+03B04h
  dw 01A7Bh,base+01109h
  dw 00506h,base+03B09h
  dw 0197Ah,base+01925h
  dw 00506h,base+03B0Eh
  dw 0187Ah,base+01ECCh
  dw 00506h,base+03B13h
  dw 01516h,base+0288Eh
  dw 00264h,base+0046Fh
  dw 01E80h,base+002B2h
  dw 00203h,base+03D28h
  dw 01B7Dh,base+00A81h
  dw 00204h,base+014FFh
  dw 01980h,base+0193Eh
  dw 01981h,base+01957h
  dw 01880h,base+01EE4h
  dw 01881h,base+01EFCh
  dw 01600h,base+026ABh

TeleportPart1frame004:
  db 02Ch,00Eh,06Eh,07Ah
  db 070h
  db 000h,000h,086h,000h,000h
  db 000h,000h
  dw 01580h,base+028A3h
  dw 01112h,base+03083h
  dw 0026Eh,base+00025h
  dw 01013h,base+03209h
  dw 0016Dh,base+0001Fh
  dw 00F80h,base+03318h
  dw 00F80h,base+03327h
  dw 00F10h,base+03336h
  dw 0026Fh,base+03D2Ah
  dw 01011h,base+03219h
  dw 0026Fh,base+00044h
  dw 00A0Dh,base+0379Ch
  dw 00574h,base+03B18h
  dw 0050Bh,base+03B1Dh
  dw 00675h,base+039F1h
  dw 0040Ah,base+002B8h
  dw 00678h,base+039F7h
  dw 00308h,base+024AFh
  dw 00578h,base+02548h
  dw 00206h,base+00025h
  dw 0057Bh,base+03B22h
  dw 00405h,base+02CE0h
  dw 0047Dh,base+03C0Fh
  dw 00500h,base+03B27h

TeleportPart1frame005:
  db 024h,00Eh,06Eh,048h
  db 07Ah
  db 000h,000h,0B8h,000h,000h
  db 000h,000h
  dw 00580h,base+03B2Ch
  dw 00481h,base+03C13h
  dw 00207h,base+0015Dh
  dw 00180h,base+0001Fh
  dw 00174h,base+00005h
  dw 0010Ch,base+0001Fh
  dw 00379h,base+03CDEh
  dw 00102h,base+00000h
  dw 00206h,base+0009Dh
  dw 00271h,base+00065h
  dw 00106h,base+0001Fh
  dw 0067Fh,base+039FDh
  dw 00780h,base+03959h
  dw 00A7Eh,base+037A6h
  dw 00D7Fh,base+0363Dh
  dw 00F7Eh,base+03345h
  dw 01180h,base+03094h
  dw 01280h,base+02E7Bh
  dw 01200h,base+02E8Dh

TeleportPart1frame006:
  db 03Ch,00Ch,064h,056h
  db 06Ah
  db 000h,000h,0AAh,000h,000h
  db 000h,000h
  dw 0157Dh,base+028B8h
  dw 01880h,base+01F14h
  dw 01980h,base+01970h
  dw 00607h,base+03A03h
  dw 01214h,base+02E9Fh
  dw 00166h,base+00000h
  dw 00304h,base+00363h
  dw 01516h,base+028CDh
  dw 00266h,base+00044h
  dw 01C80h,base+008C1h
  dw 00304h,base+03209h
  dw 0187Ch,base+01F2Ch
  dw 0191Ah,base+01989h
  dw 00266h,base+003C5h
  dw 0191Bh,base+019A2h
  dw 00265h,base+00057h
  dw 0191Bh,base+019BBh
  dw 00166h,base+00008h
  dw 0191Ah,base+019D4h
  dw 00266h,base+0005Eh
  dw 0191Ah,base+019EDh
  dw 00200h,base+014FFh

TeleportPart1frame007:
  db 040h,00Ch,060h,062h
  db 068h
  db 000h,000h,09Eh,000h,000h
  db 000h,000h
  dw 0191Ah,base+01A06h
  dw 00265h,base+03D2Ch
  dw 01A1Bh,base+01123h
  dw 00265h,base+02639h
  dw 01A1Bh,base+0113Dh
  dw 00265h,base+03A55h
  dw 0191Bh,base+01A1Fh
  dw 00265h,base+03D2Eh
  dw 0191Bh,base+01A38h
  dw 00265h,base+02B77h
  dw 0191Bh,base+01A51h
  dw 00262h,base+03D30h
  dw 00103h,base+00005h
  dw 0191Bh,base+01A6Ah
  dw 00262h,base+03D26h
  dw 01C1Eh,base+008DDh
  dw 00262h,base+00C65h
  dw 01D1Eh,base+00523h
  dw 00262h,base+00AB2h
  dw 00405h,base+03C17h
  dw 01B7Bh,base+00A9Ch
  dw 00405h,base+03C1Bh
  dw 01B7Ch,base+00AB7h
  dw 00405h,base+03C1Fh
  dw 01A00h,base+01157h

TeleportPart1frame008:
  db 040h,00Ch,060h,06Eh
  db 062h
  db 000h,000h,092h,000h,000h
  db 000h,000h
  dw 01F7Fh,base+0013Eh
  dw 02081h,base+00000h
  dw 01F80h,base+0015Dh
  dw 01E80h,base+002D0h
  dw 00203h,base+0005Eh
  dw 01B7Dh,base+00AD2h
  dw 00203h,base+002B2h
  dw 01A7Dh,base+01171h
  dw 00204h,base+00490h
  dw 0197Ch,base+01A83h
  dw 00204h,base+00065h
  dw 0197Dh,base+01A9Ch
  dw 00104h,base+0001Fh
  dw 01880h,base+01F44h
  dw 01881h,base+01F5Ch
  dw 01314h,base+02C7Ah
  dw 0036Ch,base+03CE7h
  dw 01314h,base+02C8Dh
  dw 00200h,base+00C65h

TeleportPart1frame009:
  db 02Ch,00Eh,06Eh,07Ah
  db 06Eh
  db 000h,000h,086h,000h,000h
  db 000h,000h
  dw 01314h,base+02CA0h
  dw 0026Ch,base+03D2Ch
  dw 01114h,base+030A5h
  dw 0016Dh,base+00005h
  dw 00F13h,base+03354h
  dw 0016Dh,base+0001Fh
  dw 00F80h,base+03363h
  dw 00F80h,base+03372h
  dw 00F10h,base+03381h
  dw 00270h,base+00065h
  dw 00F10h,base+03390h
  dw 0026Fh,base+014FFh
  dw 00A0Bh,base+037B0h
  dw 00506h,base+03B31h
  dw 00170h,base+00000h
  dw 0050Bh,base+03B36h
  dw 00575h,base+03B3Bh
  dw 0040Ah,base+0299Bh
  dw 00578h,base+039F7h
  dw 00208h,base+001FEh
  dw 00578h,base+03B40h
  dw 00203h,base+00065h
  dw 00203h,base+03D2Ah
  dw 0057Dh,base+03B45h
  dw 00203h,base+0055Dh
  dw 0047Dh,base+03C23h
  dw 00203h,base+00065h
  dw 00300h,base+03CEAh

TeleportPart1frame010:
  db 028h,00Eh,06Ah,048h
  db 07Ah
  db 000h,000h,0B8h,000h,000h
  db 000h,000h
  dw 0047Eh,base+01DB0h
  dw 00580h,base+00EE8h
  dw 0057Eh,base+03B4Ah
  dw 0020Ch,base+00065h
  dw 00174h,base+00000h
  dw 0020Dh,base+0005Eh
  dw 0027Ah,base+0005Eh
  dw 00206h,base+00065h
  dw 00277h,base+00065h
  dw 00608h,base+03A09h
  dw 00177h,base+0001Fh
  dw 00A7Fh,base+037BAh
  dw 00B80h,base+0374Fh
  dw 00C7Ah,base+036CBh
  dw 00102h,base+0001Fh
  dw 00607h,base+03A0Fh
  dw 00A78h,base+037C4h
  dw 01281h,base+02EB1h
  dw 00506h,base+03B4Fh
  dw 00C7Ah,base+036D7h
  dw 01200h,base+02EC3h

TeleportPart1frame011:
  db 03Ch,00Ch,064h,056h
  db 06Ch
  db 000h,000h,0AAh,000h,000h
  db 000h,000h
  dw 0147Eh,base+02AAFh
  dw 01680h,base+026C1h
  dw 01619h,base+026D7h
  dw 00167h,base+0001Fh
  dw 01718h,base+024C9h
  dw 00268h,base+00645h
  dw 01B80h,base+00AEDh
  dw 00203h,base+000DBh
  dw 0187Ch,base+01F74h
  dw 01C80h,base+008F9h
  dw 01C80h,base+00915h
  dw 01A1Bh,base+0118Bh
  dw 00265h,base+0005Eh
  dw 0191Bh,base+01AB5h
  dw 00265h,base+03D2Ah
  dw 0191Bh,base+01ACEh
  dw 00264h,base+03D2Ch
  dw 01A1Ch,base+011A5h
  dw 00200h,base+03D2Ah

TeleportPart1frame012:
  db 040h,00Ch,060h,062h
  db 064h
  db 000h,000h,09Eh,000h,000h
  db 000h,000h
  dw 01A1Ch,base+011BFh
  dw 00264h,base+03D32h
  dw 01A1Ch,base+011D9h
  dw 00265h,base+008A7h
  dw 01A1Bh,base+011F3h
  dw 00265h,base+02B77h
  dw 01A1Bh,base+0120Dh
  dw 00265h,base+0007Bh
  dw 01A1Bh,base+01227h
  dw 00265h,base+004AFh
  dw 01A1Bh,base+01241h
  dw 00265h,base+008DFh
  dw 00203h,base+00578h
  dw 01718h,base+024E0h
  dw 00262h,base+031C3h
  dw 00102h,base+00000h
  dw 01B1Ch,base+00B08h
  dw 00262h,base+008A7h
  dw 01D1Eh,base+00540h
  dw 00262h,base+00C65h
  dw 00405h,base+03C17h
  dw 01819h,base+01F8Ch
  dw 00262h,base+00C65h
  dw 00405h,base+03C1Bh
  dw 01B7Ch,base+00B23h
  dw 00304h,base+02C68h
  dw 01B00h,base+00B3Eh

TeleportPart1frame013:
  db 040h,00Ch,060h,06Eh
  db 062h
  db 000h,000h,092h,000h,000h
  db 000h,000h
  dw 01F7Fh,base+0017Ch
  dw 01F81h,base+0019Bh
  dw 01E80h,base+002EEh
  dw 01E80h,base+0030Ch
  dw 00203h,base+0005Eh
  dw 01B7Dh,base+00B59h
  dw 00203h,base+002B2h
  dw 01A7Eh,base+0125Bh
  dw 00103h,base+00048h
  dw 0197Ch,base+01AE7h
  dw 00204h,base+00006h
  dw 0197Dh,base+01B00h
  dw 00103h,base+00005h
  dw 0197Dh,base+01B19h
  dw 00104h,base+00000h
  dw 01516h,base+028E2h
  dw 0026Ah,base+03D2Ah
  dw 01416h,base+02AC3h
  dw 0026Bh,base+0005Eh
  dw 01314h,base+02CB3h
  dw 00200h,base+00065h

TeleportPart1frame014:
  db 02Ch,00Eh,06Eh,07Ah
  db 06Eh
  db 000h,000h,086h,000h,000h
  db 000h,000h
  dw 01214h,base+02ED5h
  dw 0026Ch,base+014FFh
  dw 01214h,base+02EE7h
  dw 0016Ch,base+00000h
  dw 01114h,base+030B6h
  dw 0016Dh,base+0001Fh
  dw 00F80h,base+0339Fh
  dw 00F80h,base+033AEh
  dw 00F11h,base+033BDh
  dw 0016Fh,base+00000h
  dw 00809h,base+038CAh
  dw 00608h,base+03A15h
  dw 0016Eh,base+0001Fh
  dw 0070Ah,base+03960h
  dw 00677h,base+03A1Bh
  dw 0060Ah,base+03A21h
  dw 00676h,base+03A27h
  dw 0040Ah,base+03C27h
  dw 00578h,base+03B54h
  dw 00408h,base+03C2Bh
  dw 00578h,base+03B59h
  dw 00507h,base+03B5Eh
  dw 0047Bh,base+02EF9h
  dw 00305h,base+006DCh
  dw 0037Ch,base+029B4h
  dw 00203h,base+00065h
  dw 00300h,base+03CEAh

TeleportPart1frame015:
  db 02Ch,00Eh,066h,048h
  db 07Ah
  db 000h,000h,0B8h,000h,000h
  db 000h,000h
  dw 0047Eh,base+01FFDh
  dw 00508h,base+03B63h
  dw 00178h,base+00000h
  dw 00203h,base+0005Eh
  dw 00105h,base+0001Fh
  dw 00176h,base+0001Fh
  dw 00280h,base+00065h
  dw 0020Eh,base+0005Eh
  dw 00179h,base+0001Fh
  dw 00207h,base+03D2Ah
  dw 00177h,base+00000h
  dw 0047Fh,base+03C2Fh
  dw 00607h,base+03A2Dh
  dw 00277h,base+008A7h
  dw 00B7Ah,base+0375Ah
  dw 00203h,base+03D2Ah
  dw 00E7Dh,base+03533h
  dw 01380h,base+02CC6h
  dw 0080Ah,base+038D2h
  dw 00977h,base+03828h
  dw 0137Dh,base+02CD9h
  dw 00103h,base+00000h
  dw 00304h,base+00F40h
  dw 00F00h,base+033CCh

TeleportPart1frame016:
  db 03Ch,00Ch,064h,056h
  db 066h
  db 000h,000h,0AAh,000h,000h
  db 000h,000h
  dw 00203h,base+0005Eh
  dw 00304h,base+03CEDh
  dw 00F79h,base+033DBh
  dw 00506h,base+03B68h
  dw 0107Bh,base+03229h
  dw 00405h,base+03C33h
  dw 01113h,base+030C7h
  dw 00268h,base+0005Eh
  dw 01617h,base+026EDh
  dw 00369h,base+03CF0h
  dw 00304h,base+03CF3h
  dw 0177Ch,base+024F7h
  dw 01B80h,base+00B74h
  dw 01B80h,base+00B8Fh
  dw 01B80h,base+00BAAh
  dw 0197Fh,base+01B32h
  dw 01A1Bh,base+01275h
  dw 00164h,base+00000h
  dw 01B1Ch,base+00BC5h
  dw 00264h,base+014FFh
  dw 01B1Ch,base+00BE0h
  dw 00200h,base+03D2Ah

TeleportPart1frame017:
  db 040h,00Ch,060h,062h
  db 064h
  db 000h,000h,09Eh,000h,000h
  db 000h,000h
  dw 01B1Ch,base+00BFBh
  dw 00264h,base+00348h
  dw 01B1Ch,base+00C16h
  dw 00264h,base+00386h
  dw 01B1Ch,base+00C31h
  dw 00264h,base+03D34h
  dw 01819h,base+01FA4h
  dw 00204h,base+0007Bh
  dw 00164h,base+00005h
  dw 01A1Ch,base+0128Fh
  dw 00163h,base+00005h
  dw 01B1Ch,base+00C4Ch
  dw 00265h,base+00ED4h
  dw 01A1Bh,base+012A9h
  dw 00262h,base+01519h
  dw 00102h,base+00000h
  dw 01B1Ch,base+00C67h
  dw 00262h,base+00B74h
  dw 01D1Eh,base+0055Dh
  dw 00262h,base+03D36h
  dw 01D1Eh,base+0057Ah
  dw 00262h,base+008A7h
  dw 01D1Eh,base+00597h
  dw 00262h,base+01B30h
  dw 02000h,base+00020h

TeleportPart1frame018:
  db 03Eh,00Ch,062h,06Eh
  db 062h
  db 000h,000h,092h,000h,000h
  db 000h,000h
  dw 01F80h,base+001BAh
  dw 01E80h,base+0032Ah
  dw 01E80h,base+00348h
  dw 00203h,base+002D0h
  dw 01718h,base+0250Eh
  dw 00365h,base+002CDh
  dw 00203h,base+03B61h
  dw 01718h,base+02525h
  dw 00365h,base+00474h
  dw 00204h,base+03D38h
  dw 01617h,base+02703h
  dw 00266h,base+008DFh
  dw 00103h,base+00048h
  dw 01617h,base+02719h
  dw 00265h,base+00C65h
  dw 00204h,base+00006h
  dw 0197Dh,base+01B4Bh
  dw 00203h,base+0005Eh
  dw 0197Dh,base+01B64h
  dw 00204h,base+03D2Ah
  dw 01516h,base+028F7h
  dw 00267h,base+002D0h
  dw 00103h,base+0001Fh
  dw 01516h,base+0290Ch
  dw 0026Ah,base+000F8h
  dw 01415h,base+02AD7h
  dw 00200h,base+00065h

TeleportPart1frame019:
  db 02Eh,00Eh,06Ch,07Ah
  db 06Ch
  db 000h,000h,086h,000h,000h
  db 000h,000h
  dw 01415h,base+02AEBh
  dw 0026Ch,base+0005Eh
  dw 01113h,base+030D8h
  dw 0026Dh,base+00065h
  dw 01113h,base+030E9h
  dw 0026Eh,base+014FFh
  dw 00305h,base+00258h
  dw 00A0Dh,base+037CEh
  dw 0016Eh,base+00005h
  dw 00F12h,base+033EAh
  dw 0016Eh,base+0001Fh
  dw 00E7Fh,base+03541h
  dw 00809h,base+038DAh
  dw 00577h,base+03B6Dh
  dw 0070Ah,base+03967h
  dw 00477h,base+02348h
  dw 0060Ah,base+03A33h
  dw 00776h,base+0396Eh
  dw 0060Ah,base+03A39h
  dw 00677h,base+03A3Fh
  dw 00509h,base+03B72h
  dw 00578h,base+03B77h
  dw 00407h,base+03C37h
  dw 0047Bh,base+01DEEh
  dw 00881h,base+038E2h
  dw 00600h,base+03A45h

TeleportPart1frame020:
  db 02Ch,00Eh,066h,048h
  db 07Ch
  db 000h,000h,0B8h,000h,000h
  db 000h,000h
  dw 00104h,base+0001Fh
  dw 00179h,base+0001Fh
  dw 00307h,base+00085h
  dw 00379h,base+00366h
  dw 00208h,base+0005Eh
  dw 00376h,base+000B8h
  dw 00380h,base+03CF6h
  dw 00380h,base+03CE7h
  dw 00207h,base+0009Dh
  dw 0027Ah,base+00746h
  dw 00205h,base+00348h
  dw 0047Bh,base+03C3Bh
  dw 00A0Bh,base+037D8h
  dw 00103h,base+00005h
  dw 00171h,base+00000h
  dw 00E7Ch,base+0354Fh
  dw 00102h,base+00000h
  dw 0107Fh,base+03239h
  dw 01180h,base+030FAh
  dw 01280h,base+02EF9h
  dw 0090Ah,base+03831h
  dw 00973h,base+0383Ah
  dw 00103h,base+00000h
  dw 01300h,base+02CECh

TeleportPart1frame021:
  db 03Ch,00Ch,064h,056h
  db 066h
  db 000h,000h,0AAh,000h,000h
  db 000h,000h
  dw 00103h,base+00005h
  dw 00F10h,base+033F9h
  dw 0036Dh,base+0028Dh
  dw 01314h,base+02CFFh
  dw 00305h,base+03CF9h
  dw 00168h,base+00000h
  dw 01718h,base+0253Ch
  dw 00268h,base+00044h
  dw 01A80h,base+012C3h
  dw 01B80h,base+00C82h
  dw 01A80h,base+012DDh
  dw 00203h,base+00C65h
  dw 0187Dh,base+01FBCh
  dw 01B7Fh,base+00C9Dh
  dw 01A1Bh,base+012F7h
  dw 00165h,base+00000h
  dw 01A1Bh,base+01311h
  dw 00164h,base+00000h
  dw 01B1Dh,base+00CB8h
  dw 00163h,base+0001Fh
  dw 00203h,base+0007Bh
  dw 01800h,base+01FD4h

TeleportPart1frame022:
  db 040h,00Ch,060h,062h
  db 060h
  db 000h,000h,09Eh,000h,000h
  db 000h,000h
  dw 00102h,base+0001Fh
  dw 00203h,base+00645h
  dw 0181Ah,base+01FECh
  dw 00161h,base+0001Fh
  dw 01D1Fh,base+005B4h
  dw 00161h,base+00000h
  dw 00405h,base+03C3Fh
  dw 0187Bh,base+02004h
  dw 00405h,base+03C43h
  dw 0181Ah,base+0201Ch
  dw 00161h,base+00000h
  dw 00405h,base+03C47h
  dw 0187Dh,base+02034h
  dw 00203h,base+008DFh
  dw 01516h,base+02921h
  dw 00204h,base+008A7h
  dw 00163h,base+00000h
  dw 01B1Dh,base+00CD3h
  dw 00163h,base+00005h
  dw 01819h,base+0204Ch
  dw 00204h,base+00645h
  dw 00163h,base+00005h
  dw 01B1Dh,base+00CEEh
  dw 00161h,base+00048h
  dw 01A1Bh,base+0132Bh
  dw 00203h,base+00645h
  dw 00262h,base+00BC9h
  dw 00405h,base+03C4Bh
  dw 01819h,base+02064h
  dw 00262h,base+03D34h
  dw 00405h,base+02C67h
  dw 01819h,base+0207Ch
  dw 00200h,base+03D3Ah

TeleportPart1frame023:
  db 03Eh,00Ch,062h,06Eh
  db 062h
  db 000h,000h,092h,000h,000h
  db 000h,000h
  dw 01C1Dh,base+00931h
  dw 00263h,base+00044h
  dw 01F80h,base+001D9h
  dw 01F80h,base+001F8h
  dw 00203h,base+00645h
  dw 01B7Dh,base+00D09h
  dw 00204h,base+01B30h
  dw 01A7Ch,base+01345h
  dw 00204h,base+002B2h
  dw 0197Dh,base+01B7Dh
  dw 00103h,base+00048h
  dw 01617h,base+0272Fh
  dw 00265h,base+00AB2h
  dw 00205h,base+00006h
  dw 01516h,base+02936h
  dw 00266h,base+00E32h
  dw 00204h,base+0005Eh
  dw 0187Ch,base+02094h
  dw 00104h,base+00060h
  dw 0187Dh,base+020ACh
  dw 00103h,base+0001Fh
  dw 01415h,base+02AFFh
  dw 0036Bh,base+031C3h
  dw 01415h,base+02B13h
  dw 00200h,base+002B2h

TeleportPart1frame024:
  db 02Eh,00Eh,06Ch,07Ah
  db 06Ch
  db 000h,000h,086h,000h,000h
  db 000h,000h
  dw 00304h,base+03CFCh
  dw 01011h,base+03249h
  dw 0026Bh,base+0005Eh
  dw 01213h,base+02F0Bh
  dw 0036Eh,base+000C6h
  dw 01012h,base+03259h
  dw 0036Eh,base+00969h
  dw 01012h,base+03269h
  dw 0026Fh,base+008A7h
  dw 00F12h,base+03408h
  dw 0016Dh,base+0001Fh
  dw 00F7Fh,base+03417h
  dw 0090Ah,base+03843h
  dw 00607h,base+03A4Bh
  dw 0016Fh,base+0001Fh
  dw 0090Bh,base+0384Ch
  dw 00876h,base+038EAh
  dw 0070Bh,base+03975h
  dw 00776h,base+0397Ch
  dw 0060Ah,base+03A51h
  dw 00677h,base+03A57h
  dw 00509h,base+03B7Ch
  dw 00578h,base+03B81h
  dw 00B82h,base+03765h
  dw 00881h,base+038F2h
  dw 00500h,base+03B86h

TeleportPart1frame025:
  db 02Ch,00Eh,066h,048h
  db 07Ah
  db 000h,000h,0B8h,000h,000h
  db 000h,000h
  dw 00204h,base+0055Dh
  dw 0027Ah,base+0005Eh
  dw 00406h,base+016B5h
  dw 0037Ah,base+02FD8h
  dw 00408h,base+016CFh
  dw 00377h,base+03CDEh
  dw 00103h,base+00000h
  dw 00107h,base+00000h
  dw 00279h,base+00079h
  dw 00183h,base+03D44h
  dw 0027Bh,base+00A49h
  dw 00104h,base+0001Fh
  dw 00509h,base+03B8Bh
  dw 00172h,base+00005h
  dw 00B0Eh,base+03770h
  dw 00171h,base+00000h
  dw 00C7Dh,base+036E3h
  dw 01080h,base+03279h
  dw 01180h,base+0310Bh
  dw 01280h,base+02F1Dh
  dw 00607h,base+03A5Dh
  dw 00C76h,base+036EFh
  dw 00103h,base+00000h
  dw 01300h,base+02D12h

TeleportPart1frame026:
  db 040h,00Ch,060h,056h
  db 066h
  db 000h,000h,0AAh,000h,000h
  db 000h,000h
  dw 00103h,base+00005h
  dw 01317h,base+02D25h
  dw 00168h,base+0001Fh
  dw 00203h,base+0007Bh
  dw 01214h,base+02F2Fh
  dw 00169h,base+00008h
  dw 00203h,base+00645h
  dw 01314h,base+02D38h
  dw 00269h,base+000A3h
  dw 0197Fh,base+01B96h
  dw 01B80h,base+00D24h
  dw 01A7Fh,base+0135Fh
  dw 01C80h,base+0094Dh
  dw 0191Bh,base+01BAFh
  dw 00165h,base+00000h
  dw 0197Dh,base+01BC8h
  dw 00103h,base+00000h
  dw 01A1Bh,base+01379h
  dw 00162h,base+00000h
  dw 00203h,base+014FFh
  dw 01A1Ch,base+01393h
  dw 00161h,base+0001Fh
  dw 01E00h,base+00366h

TeleportPart1frame027:
  db 040h,00Ch,060h,062h
  db 064h
  db 000h,000h,09Eh,000h,000h
  db 000h,000h
  dw 01C80h,base+00969h
  dw 00203h,base+008A7h
  dw 0197Bh,base+01BE1h
  dw 00102h,base+0001Fh
  dw 00203h,base+00645h
  dw 0187Bh,base+020C4h
  dw 00102h,base+00005h
  dw 00203h,base+00386h
  dw 0187Bh,base+020DCh
  dw 00405h,base+03C4Fh
  dw 0187Bh,base+020F4h
  dw 00405h,base+03C53h
  dw 0187Bh,base+0210Ch
  dw 00102h,base+0001Fh
  dw 00203h,base+00645h
  dw 0187Dh,base+02124h
  dw 00203h,base+00386h
  dw 01516h,base+0294Bh
  dw 00204h,base+008A7h
  dw 00163h,base+00000h
  dw 00203h,base+0046Fh
  dw 0187Bh,base+0213Ch
  dw 00405h,base+03C57h
  dw 0187Bh,base+02154h
  dw 00405h,base+03C5Bh
  dw 0187Bh,base+0216Ch
  dw 01D00h,base+005D1h

TeleportPart1frame028:
  db 03Eh,00Ch,062h,06Eh
  db 062h
  db 000h,000h,092h,000h,000h
  db 000h,000h
  dw 01C1Dh,base+00985h
  dw 00263h,base+00058h
  dw 01F80h,base+00217h
  dw 01F80h,base+00236h
  dw 00203h,base+002D0h
  dw 01B7Dh,base+00D3Fh
  dw 00204h,base+0005Eh
  dw 01A7Ch,base+013ADh
  dw 00204h,base+014FFh
  dw 0197Dh,base+01BFAh
  dw 00103h,base+00048h
  dw 01617h,base+02745h
  dw 00265h,base+00AB2h
  dw 00205h,base+00006h
  dw 01516h,base+02960h
  dw 00266h,base+0070Bh
  dw 00204h,base+0005Eh
  dw 0187Ch,base+02184h
  dw 00204h,base+03D38h
  dw 01415h,base+02B27h
  dw 00368h,base+00ECEh
  dw 00103h,base+00048h
  dw 01315h,base+02D4Bh
  dw 00367h,base+02B77h
  dw 00204h,base+00025h
  dw 01315h,base+02D5Eh
  dw 00200h,base+03D3Ch

TeleportPart1frame029:
  db 02Eh,00Eh,06Ch,07Ah
  db 06Ch
  db 000h,000h,086h,000h,000h
  db 000h,000h
  dw 00304h,base+00C82h
  dw 00E11h,base+0355Dh
  dw 0026Bh,base+014FFh
  dw 01214h,base+02F41h
  dw 0026Dh,base+00065h
  dw 01013h,base+03289h
  dw 0026Dh,base+0005Eh
  dw 01013h,base+03299h
  dw 0016Eh,base+00008h
  dw 00E7Fh,base+0356Bh
  dw 00E7Fh,base+03579h
  dw 00A0Bh,base+037E2h
  dw 00406h,base+03C5Fh
  dw 0016Fh,base+0001Fh
  dw 0090Bh,base+03855h
  dw 00405h,base+03C63h
  dw 00371h,base+01EE4h
  dw 0080Bh,base+038FAh
  dw 00776h,base+03983h
  dw 0060Ah,base+03A63h
  dw 00577h,base+03B90h
  dw 00608h,base+03A69h
  dw 00679h,base+03A6Fh
  dw 00C82h,base+036FBh
  dw 00881h,base+03902h
  dw 00500h,base+02DC1h

TeleportPart1frame030:
  db 026h,00Eh,06Ch,048h
  db 07Ah
  db 000h,000h,0B8h,000h,000h
  db 000h,000h
  dw 00204h,base+0055Dh
  dw 0027Ah,base+0005Eh
  dw 00406h,base+02D10h
  dw 0017Ah,base+00008h
  dw 00102h,base+0001Fh
  dw 00280h,base+00D07h
  dw 00108h,base+00000h
  dw 00280h,base+00079h
  dw 0027Ch,base+014FFh
  dw 0017Fh,base+00000h
  dw 00408h,base+03C67h
  dw 00172h,base+0001Fh
  dw 00A0Eh,base+037ECh
  dw 0016Eh,base+00000h
  dw 00103h,base+00005h
  dw 00D7Dh,base+0364Ah
  dw 01180h,base+0311Ch
  dw 00506h,base+03B95h
  dw 00C7Ah,base+03707h
  dw 01280h,base+02F53h
  dw 00304h,base+03CE1h
  dw 00F7Ch,base+03426h
  dw 00203h,base+008A3h
  dw 01000h,base+032A9h

TeleportPart1frame031:
  db 03Eh,00Ch,060h,056h
  db 06Ah
  db 000h,000h,0AAh,000h,000h
  db 000h,000h
  dw 01517h,base+02975h
  dw 00269h,base+014FFh
  dw 01517h,base+0298Ah
  dw 00269h,base+03B61h
  dw 01617h,base+0275Bh
  dw 00269h,base+00433h
  dw 01980h,base+01C13h
  dw 01A7Fh,base+013C7h
  dw 01314h,base+02D71h
  dw 0066Ch,base+03A75h
  dw 01B7Fh,base+00D5Ah
  dw 01A1Bh,base+013E1h
  dw 00165h,base+00005h
  dw 00203h,base+00645h
  dw 01718h,base+02553h
  dw 00162h,base+00005h
  dw 00203h,base+014FFh
  dw 0197Dh,base+01C2Ch
  dw 00203h,base+00490h
  dw 00203h,base+00578h
  dw 0177Ah,base+0256Ah
  dw 00102h,base+00000h
  dw 01B00h,base+00D75h

TeleportPart1frame032:
  db 040h,00Ch,060h,062h
  db 064h
  db 000h,000h,09Eh,000h,000h
  db 000h,000h
  dw 00304h,base+003F9h
  dw 0187Ch,base+0219Ch
  dw 01B1Ch,base+00D90h
  dw 00262h,base+00BC9h
  dw 00102h,base+0001Fh
  dw 01B1Ch,base+00DABh
  dw 00262h,base+02B77h
  dw 00102h,base+00005h
  dw 01B1Ch,base+00DC6h
  dw 00262h,base+008A7h
  dw 00102h,base+00005h
  dw 00203h,base+00C65h
  dw 0181Ah,base+021B4h
  dw 00163h,base+0001Fh
  dw 00203h,base+00C65h
  dw 0187Dh,base+021CCh
  dw 00204h,base+00645h
  dw 0177Ch,base+02581h
  dw 01B80h,base+00DE1h
  dw 00203h,base+00578h
  dw 0197Ch,base+01C45h
  dw 00304h,base+00AB4h
  dw 01516h,base+0299Fh
  dw 00204h,base+001D9h
  dw 00161h,base+00000h
  dw 01D1Fh,base+005EEh
  dw 00161h,base+0001Fh
  dw 01D1Eh,base+0060Bh
  dw 00200h,base+00065h

TeleportPart1frame033:
  db 040h,00Ch,060h,06Eh
  db 060h
  db 000h,000h,092h,000h,000h
  db 000h,000h
  dw 01A1Bh,base+013FBh
  dw 00565h,base+0005Bh
  dw 0191Bh,base+01C5Eh
  dw 00566h,base+03B9Ah
  dw 00203h,base+00578h
  dw 01517h,base+029B4h
  dw 00565h,base+03B9Fh
  dw 00204h,base+00006h
  dw 01516h,base+029C9h
  dw 00567h,base+03BA4h
  dw 00103h,base+0001Fh
  dw 01516h,base+029DEh
  dw 00567h,base+03BA9h
  dw 00103h,base+00000h
  dw 01A81h,base+01415h
  dw 01980h,base+01C77h
  dw 01981h,base+01C90h
  dw 01880h,base+021E4h
  dw 01415h,base+02B3Bh
  dw 0036Ch,base+003FCh
  dw 01314h,base+02D84h
  dw 0036Ch,base+00F40h
  dw 01314h,base+02D97h
  dw 00200h,base+00BC9h

TeleportPart1frame034:
  db 02Eh,00Eh,06Ch,07Ah
  db 06Eh
  db 000h,000h,086h,000h,000h
  db 000h,000h
  dw 01215h,base+02F65h
  dw 0016Bh,base+0001Fh
  dw 01180h,base+0312Dh
  dw 01081h,base+032B9h
  dw 00E80h,base+03587h
  dw 00E80h,base+03595h
  dw 00E7Fh,base+035A3h
  dw 0127Fh,base+02F77h
  dw 0090Ch,base+0385Eh
  dw 00775h,base+0398Ah
  dw 0070Bh,base+03991h
  dw 00776h,base+03998h
  dw 0060Ah,base+03A7Bh
  dw 00578h,base+03BAEh
  dw 00407h,base+03C6Bh
  dw 00679h,base+03A81h
  dw 00C82h,base+03713h
  dw 00981h,base+03867h
  dw 00400h,base+00085h

TeleportPart1frame035:
  db 026h,00Eh,06Ch,048h
  db 07Ah
  db 000h,000h,0B8h,000h,000h
  db 000h,000h
  dw 00204h,base+000A8h
  dw 0027Ch,base+0005Eh
  dw 00204h,base+00645h
  dw 0017Ch,base+00008h
  dw 00288h,base+03D32h
  dw 00280h,base+00079h
  dw 00381h,base+03CFFh
  dw 00278h,base+00079h
  dw 0057Ch,base+00931h
  dw 00A80h,base+037F6h
  dw 00C7Dh,base+0371Fh
  dw 0107Fh,base+032C9h
  dw 01280h,base+02F89h
  dw 01280h,base+02F9Bh
  dw 01380h,base+02DAAh
  dw 01300h,base+02DBDh

TeleportPart1frame036:
  db 03Eh,00Ch,060h,056h
  db 066h
  db 000h,000h,0AAh,000h,000h
  db 000h,000h
  dw 00102h,base+0001Fh
  dw 01580h,base+029F3h
  dw 01680h,base+02771h
  dw 01617h,base+02787h
  dw 00268h,base+03D2Ch
  dw 01415h,base+02B4Fh
  dw 00203h,base+0009Bh
  dw 00268h,base+00645h
  dw 01B80h,base+00DFCh
  dw 01A7Fh,base+0142Fh
  dw 01617h,base+0279Dh
  dw 00204h,base+00B8Fh
  dw 00165h,base+0001Fh
  dw 00203h,base+00C9Dh
  dw 0167Bh,base+027B3h
  dw 00102h,base+0001Fh
  dw 00204h,base+00003h
  dw 01679h,base+027C9h
  dw 00506h,base+03BB3h
  dw 0177Ah,base+02598h
  dw 00203h,base+031C3h
  dw 01A80h,base+01449h
  dw 01A00h,base+01463h

TeleportPart1frame037:
  db 040h,00Ch,060h,062h
  db 066h
  db 000h,000h,09Eh,000h,000h
  db 000h,000h
  dw 01B1Ch,base+00E17h
  dw 00164h,base+0001Fh
  dw 01D7Dh,base+00628h
  dw 00103h,base+0001Fh
  dw 01D7Dh,base+00645h
  dw 00103h,base+00005h
  dw 01A1Bh,base+0147Dh
  dw 00262h,base+03D3Eh
  dw 00102h,base+0001Fh
  dw 01A1Ch,base+01497h
  dw 00264h,base+02650h
  dw 01A1Ch,base+014B1h
  dw 00264h,base+00065h
  dw 00203h,base+00645h
  dw 0187Dh,base+021FCh
  dw 01B80h,base+00E32h
  dw 00203h,base+00348h
  dw 0197Ch,base+01CA9h
  dw 01D1Eh,base+00662h
  dw 00161h,base+00000h
  dw 00405h,base+03C6Fh
  dw 0181Ah,base+02214h
  dw 00161h,base+0001Fh
  dw 01A1Bh,base+014CBh
  dw 00203h,base+003C0h
  dw 00200h,base+014FFh

TeleportPart1frame038:
  db 040h,00Ch,060h,06Eh
  db 060h
  db 000h,000h,092h,000h,000h
  db 000h,000h
  dw 02080h,base+00040h
  dw 01A1Bh,base+014E5h
  dw 00565h,base+03BB8h
  dw 00304h,base+03D02h
  dw 01C7Ch,base+009A1h
  dw 00204h,base+00025h
  dw 01415h,base+02B63h
  dw 00668h,base+03A87h
  dw 00103h,base+0001Fh
  dw 01416h,base+02B77h
  dw 00467h,base+03BA9h
  dw 00103h,base+00000h
  dw 01415h,base+02B8Bh
  dw 0056Ch,base+0142Ah
  dw 01980h,base+01CC2h
  dw 01980h,base+01CDBh
  dw 01981h,base+01CF4h
  dw 01415h,base+02B9Fh
  dw 0036Ch,base+03D05h
  dw 01314h,base+02DD0h
  dw 0036Ch,base+00662h
  dw 01214h,base+02FADh
  dw 00200h,base+003C5h

TeleportPart1frame039:
  db 02Eh,00Eh,06Ch,07Ah
  db 06Eh
  db 000h,000h,086h,000h,000h
  db 000h,000h
  dw 01214h,base+02FBFh
  dw 0026Ch,base+00044h
  dw 01113h,base+0313Eh
  dw 0026Dh,base+00BC9h
  dw 01113h,base+0314Fh
  dw 0026Eh,base+014FFh
  dw 00F12h,base+03435h
  dw 0016Eh,base+00000h
  dw 00F12h,base+03444h
  dw 0016Eh,base+0001Fh
  dw 00F10h,base+03453h
  dw 0026Fh,base+00065h
  dw 01011h,base+032D9h
  dw 0026Eh,base+014FFh
  dw 0090Ch,base+03870h
  dw 00775h,base+0399Fh
  dw 0080Bh,base+0390Ah
  dw 00776h,base+039A6h
  dw 0060Ah,base+03A8Dh
  dw 00578h,base+03BAEh
  dw 00407h,base+03C73h
  dw 0067Ah,base+03A93h
  dw 00B81h,base+0377Bh
  dw 00981h,base+03879h
  dw 00400h,base+01432h

TeleportPart1frame040:
  db 028h,00Eh,06Ah,048h
  db 07Ah
  db 000h,000h,0B8h,000h,000h
  db 000h,000h
  dw 00204h,base+0005Eh
  dw 0017Ch,base+0001Fh
  dw 00281h,base+003C5h
  dw 00107h,base+0001Fh
  dw 00174h,base+0001Fh
  dw 0010Ch,base+00000h
  dw 00174h,base+00000h
  dw 0010Ch,base+0001Fh
  dw 00379h,base+000B8h
  dw 00308h,base+03D08h
  dw 00277h,base+00079h
  dw 00508h,base+03BBDh
  dw 00175h,base+0001Fh
  dw 0080Ah,base+03912h
  dw 00275h,base+00A49h
  dw 00E7Dh,base+035B1h
  dw 00102h,base+00000h
  dw 00F7Eh,base+03462h
  dw 01180h,base+03160h
  dw 01280h,base+02FD1h
  dw 0137Fh,base+02DE3h
  dw 01400h,base+02BB3h

TeleportPart1frame041:
  db 040h,00Ch,060h,056h
  db 066h
  db 000h,000h,0AAh,000h,000h
  db 000h,000h
  dw 00102h,base+0001Fh
  dw 0157Dh,base+02A08h
  dw 00203h,base+00065h
  dw 0157Dh,base+02A1Dh
  dw 00203h,base+03D40h
  dw 0167Dh,base+027DFh
  dw 01A1Bh,base+014FFh
  dw 00167h,base+00000h
  dw 01819h,base+0222Ch
  dw 00167h,base+00005h
  dw 01819h,base+02244h
  dw 00166h,base+00000h
  dw 00304h,base+00275h
  dw 0167Ch,base+027F5h
  dw 01617h,base+0280Bh
  dw 00368h,base+03D0Bh
  dw 01718h,base+025AFh
  dw 00366h,base+03D02h
  dw 0191Ah,base+01D0Dh
  dw 00367h,base+00BF8h
  dw 0191Ah,base+01D26h
  dw 00204h,base+00578h
  dw 00163h,base+0001Fh
  dw 01B00h,base+00E4Dh

TeleportPart1frame042:
  db 040h,00Ch,060h,062h
  db 066h
  db 000h,000h,09Eh,000h,000h
  db 000h,000h
  dw 01A1Ch,base+01519h
  dw 00164h,base+0001Fh
  dw 01A1Bh,base+01533h
  dw 00262h,base+002B2h
  dw 00103h,base+00005h
  dw 01A1Bh,base+0154Dh
  dw 00265h,base+00645h
  dw 01A1Bh,base+01567h
  dw 00265h,base+02639h
  dw 01A1Bh,base+01581h
  dw 00264h,base+00645h
  dw 01B1Ch,base+00E68h
  dw 00264h,base+003C5h
  dw 01B80h,base+00E83h
  dw 01C7Eh,base+009BDh
  dw 00102h,base+0001Fh
  dw 00203h,base+00645h
  dw 0197Bh,base+01D3Fh
  dw 01E80h,base+00384h
  dw 00405h,base+03C77h
  dw 0181Ah,base+0225Ch
  dw 00161h,base+0001Fh
  dw 01D1Eh,base+0067Fh
  dw 00200h,base+014FFh

TeleportPart1frame043:
  db 040h,00Ch,060h,06Eh
  db 060h
  db 000h,000h,092h,000h,000h
  db 000h,000h
  dw 01D1Eh,base+0069Ch
  dw 00262h,base+0005Eh
  dw 02080h,base+00060h
  dw 01A1Bh,base+0159Bh
  dw 00565h,base+000BBh
  dw 00203h,base+00065h
  dw 01617h,base+02821h
  dw 00567h,base+03BC2h
  dw 00103h,base+0001Fh
  dw 01B7Dh,base+00E9Eh
  dw 00103h,base+00000h
  dw 01415h,base+02BC7h
  dw 0066Bh,base+03A99h
  dw 01B80h,base+00EB9h
  dw 01718h,base+025C6h
  dw 00266h,base+00BC9h
  dw 0191Bh,base+01D58h
  dw 00165h,base+0001Fh
  dw 01B80h,base+00ED4h
  dw 00204h,base+014FFh
  dw 0177Ch,base+025DDh
  dw 00105h,base+00000h
  dw 01213h,base+02FE3h
  dw 00300h,base+03D0Eh

TeleportPart1frame044:
  db 02Ch,00Eh,06Eh,07Ah
  db 06Eh
  db 000h,000h,086h,000h,000h
  db 000h,000h
  dw 01113h,base+03171h
  dw 0036Eh,base+03D11h
  dw 00F12h,base+03471h
  dw 0026Eh,base+008A7h
  dw 00F12h,base+03480h
  dw 0026Eh,base+00044h
  dw 00B0Ch,base+03786h
  dw 00205h,base+00523h
  dw 00270h,base+00A49h
  dw 00D0Fh,base+03657h
  dw 00371h,base+00F40h
  dw 00E0Fh,base+035BFh
  dw 00271h,base+008A7h
  dw 00E0Fh,base+035CDh
  dw 0026Fh,base+026D5h
  dw 0090Bh,base+03882h
  dw 00776h,base+039ADh
  dw 0070Bh,base+039B4h
  dw 00675h,base+03A9Fh
  dw 0060Ah,base+03AA5h
  dw 00678h,base+03AABh
  dw 00407h,base+03BD1h
  dw 0067Ah,base+03AB1h
  dw 00405h,base+03C7Bh
  dw 0067Ch,base+03AB7h
  dw 00981h,base+0388Bh
  dw 00500h,base+02EC8h

TeleportPart1frame045:
  db 026h,00Eh,06Ch,048h
  db 07Ah
  db 000h,000h,0B8h,000h,000h
  db 000h,000h
  dw 00205h,base+00058h
  dw 0017Ah,base+0001Fh
  dw 00382h,base+00085h
  dw 0017Bh,base+0001Fh
  dw 00180h,base+00000h
  dw 00106h,base+0001Fh
  dw 0017Eh,base+0001Fh
  dw 0047Fh,base+03C7Fh
  dw 00608h,base+03ABDh
  dw 00176h,base+0001Fh
  dw 00C7Fh,base+0372Bh
  dw 00506h,base+03BC7h
  dw 00879h,base+0391Ah
  dw 00F7Fh,base+0348Fh
  dw 0107Fh,base+032E9h
  dw 01280h,base+02FF5h
  dw 01380h,base+02DF6h
  dw 01300h,base+02E09h

TeleportPart1frame046:
  db 03Ch,00Ch,064h,056h
  db 066h
  db 000h,000h,0AAh,000h,000h
  db 000h,000h
  dw 00102h,base+0001Fh
  dw 01417h,base+02BDBh
  dw 00166h,base+0001Fh
  dw 00203h,base+00490h
  dw 01517h,base+02A32h
  dw 00166h,base+00000h
  dw 00203h,base+00144h
  dw 00203h,base+02650h
  dw 0147Ah,base+02BEFh
  dw 00203h,base+00C65h
  dw 0177Dh,base+025F4h
  dw 00203h,base+0005Eh
  dw 0187Fh,base+02274h
  dw 0197Fh,base+01D71h
  dw 01A80h,base+015B5h
  dw 01980h,base+01D8Ah
  dw 01A7Fh,base+015CFh
  dw 01A1Ch,base+015E9h
  dw 00164h,base+00000h
  dw 01B1Ch,base+00EEFh
  dw 00264h,base+014FFh
  dw 01B00h,base+00F0Ah

TeleportPart1frame047:
  db 040h,00Ch,060h,062h
  db 066h
  db 000h,000h,09Eh,000h,000h
  db 000h,000h
  dw 01718h,base+0260Bh
  dw 00204h,base+00578h
  dw 00161h,base+0001Fh
  dw 00103h,base+00000h
  dw 01A1Ch,base+01603h
  dw 00161h,base+00005h
  dw 00103h,base+0001Fh
  dw 01A1Bh,base+0161Dh
  dw 00265h,base+031C3h
  dw 01A1Bh,base+01637h
  dw 00265h,base+0007Bh
  dw 01A1Bh,base+01651h
  dw 00264h,base+03D34h
  dw 01B1Dh,base+00F25h
  dw 00163h,base+00000h
  dw 01B80h,base+00F40h
  dw 01C7Eh,base+009D9h
  dw 01E80h,base+003A2h
  dw 01E1Fh,base+003C0h
  dw 00161h,base+00000h
  dw 01D80h,base+006B9h
  dw 00405h,base+03C83h
  dw 01800h,base+0228Ch

TeleportPart1frame048:
  db 040h,00Ch,060h,06Eh
  db 060h
  db 000h,000h,092h,000h,000h
  db 000h,000h
  dw 01D1Eh,base+006D6h
  dw 00262h,base+014FFh
  dw 02080h,base+00080h
  dw 02080h,base+000A0h
  dw 01F81h,base+00255h
  dw 00102h,base+0001Fh
  dw 01C7Eh,base+009F5h
  dw 00103h,base+00000h
  dw 01B80h,base+00F5Bh
  dw 01819h,base+022A4h
  dw 00267h,base+00057h
  dw 01719h,base+02622h
  dw 00166h,base+00000h
  dw 01415h,base+02C03h
  dw 0046Ah,base+03C87h
  dw 01B80h,base+00F76h
  dw 00203h,base+014FFh
  dw 0197Dh,base+01DA3h
  dw 00104h,base+00000h
  dw 01314h,base+02E1Ch
  dw 00300h,base+03D14h

TeleportPart1frame049:
  db 02Eh,00Eh,06Ch,07Ah
  db 06Eh
  db 000h,000h,086h,000h,000h
  db 000h,000h
  dw 01113h,base+03182h
  dw 0036Eh,base+00C82h
  dw 00F12h,base+0349Eh
  dw 0026Eh,base+00645h
  dw 00F12h,base+034ADh
  dw 0026Eh,base+00433h
  dw 00F11h,base+034BCh
  dw 00270h,base+00A49h
  dw 00E0Fh,base+035DBh
  dw 0036Eh,base+031C3h
  dw 00103h,base+00000h
  dw 00E0Fh,base+035E9h
  dw 0026Eh,base+00A49h
  dw 00103h,base+0001Fh
  dw 00708h,base+039BBh
  dw 00978h,base+03894h
  dw 00609h,base+03AC3h
  dw 00776h,base+039C2h
  dw 0070Bh,base+039C9h
  dw 00675h,base+03AC9h
  dw 0060Bh,base+03ACFh
  dw 00577h,base+03BCCh
  dw 00509h,base+03BD1h
  dw 00478h,base+00D59h
  dw 00406h,base+03C8Bh
  dw 0047Bh,base+03C8Fh
  dw 00405h,base+03C93h
  dw 0047Ch,base+03C97h
  dw 00304h,base+03CF6h
  dw 00200h,base+003C5h

TeleportPart1frame050:
  db 026h,00Ah,06Ch,04Ch
  db 08Eh
  db 000h,000h,0B4h,000h,000h
  db 000h,000h
  dw 00176h,base+0001Fh
  dw 00409h,base+03587h
  dw 00176h,base+00000h
  dw 00609h,base+03AD5h
  dw 00275h,base+0005Eh
  dw 00D80h,base+03664h
  dw 00D7Eh,base+03671h
  dw 00F80h,base+034CBh
  dw 00F7Fh,base+034DAh
  dw 0117Fh,base+03193h
  dw 01280h,base+03007h
  dw 01300h,base+02E2Fh

TeleportPart1frame051:
  db 03Eh,00Ch,062h,056h
  db 066h
  db 000h,000h,0AAh,000h,000h
  db 000h,000h
  dw 00102h,base+0001Fh
  dw 0147Dh,base+02C17h
  dw 00103h,base+00000h
  dw 0147Dh,base+02C2Bh
  dw 00203h,base+01B30h
  dw 0157Dh,base+02A47h
  dw 00203h,base+03D42h
  dw 0177Dh,base+02639h
  dw 00203h,base+000F8h
  dw 0177Ch,base+02650h
  dw 00204h,base+00065h
  dw 0177Fh,base+02667h
  dw 0187Fh,base+022BCh
  dw 01980h,base+01DBCh
  dw 0191Ch,base+01DD5h
  dw 00163h,base+0001Fh
  dw 01A1Ch,base+0166Bh
  dw 00264h,base+03B61h
  dw 01E80h,base+003DEh
  dw 01E00h,base+003FCh

TeleportPart1frame052:
  db 040h,00Ch,060h,062h
  db 064h
  db 000h,000h,09Eh,000h,000h
  db 000h,000h
  dw 01E81h,base+0041Ah
  dw 01D80h,base+006F3h
  dw 01A1Ch,base+01685h
  dw 00164h,base+0001Fh
  dw 01A80h,base+0169Fh
  dw 01A80h,base+016B9h
  dw 01718h,base+0267Eh
  dw 00265h,base+00C65h
  dw 00103h,base+0001Fh
  dw 01A7Dh,base+016D3h
  dw 00102h,base+00005h
  dw 01B1Dh,base+00F91h
  dw 00161h,base+00005h
  dw 01D1Eh,base+00710h
  dw 00262h,base+03D34h
  dw 01D1Eh,base+0072Dh
  dw 00262h,base+03D30h
  dw 01D1Eh,base+0074Ah
  dw 00262h,base+03D34h
  dw 01D1Eh,base+00767h
  dw 00200h,base+03D3Ah

TeleportPart1frame053:
  db 040h,00Ch,060h,06Eh
  db 060h
  db 000h,000h,092h,000h,000h
  db 000h,000h
  dw 01D1Eh,base+00784h
  dw 00262h,base+000F8h
  dw 01D1Eh,base+007A1h
  dw 00263h,base+0003Eh
  dw 01F82h,base+00274h
  dw 01C81h,base+00A11h
  dw 01B80h,base+00FACh
  dw 01B80h,base+00FC7h
  dw 01B7Fh,base+00FE2h
  dw 0181Ah,base+022D4h
  dw 00165h,base+00005h
  dw 01A1Bh,base+016EDh
  dw 00165h,base+0001Fh
  dw 01C80h,base+00A2Dh
  dw 00204h,base+03D34h
  dw 0187Ch,base+022ECh
  dw 00105h,base+00000h
  dw 01600h,base+02837h

TeleportPart1frame054:
  db 02Eh,00Eh,06Ch,07Ah
  db 06Eh
  db 000h,000h,086h,000h,000h
  db 000h,000h
  dw 01113h,base+031A4h
  dw 0036Eh,base+017F1h
  dw 00304h,base+00386h
  dw 00708h,base+039D0h
  dw 00306h,base+00A7Bh
  dw 0026Eh,base+000DBh
  dw 00304h,base+03D17h
  dw 00809h,base+03922h
  dw 00204h,base+003A4h
  dw 0036Fh,base+02975h
  dw 00A0Bh,base+03800h
  dw 00406h,base+03C9Bh
  dw 00270h,base+005ECh
  dw 00E0Fh,base+035F7h
  dw 0036Eh,base+031C3h
  dw 00203h,base+03D2Ah
  dw 00E0Fh,base+03605h
  dw 0026Eh,base+00A49h
  dw 00203h,base+001FEh
  dw 0117Dh,base+031B5h
  dw 0090Bh,base+0389Dh
  dw 00876h,base+0392Ah
  dw 0080Dh,base+03932h
  dw 00574h,base+03BD6h
  dw 0070Bh,base+039D7h
  dw 00577h,base+03BDBh
  dw 00508h,base+03BE0h
  dw 00579h,base+03BE5h
  dw 00406h,base+01A55h
  dw 0047Bh,base+03C9Fh
  dw 00405h,base+03CA3h
  dw 0047Ch,base+03CA7h
  dw 00304h,base+000C6h
  dw 00200h,base+00065h

TeleportPart1frame055:
  db 028h,00Bh,06Ch,04Bh
  db 08Ch
  db 000h,000h,0B5h,000h,000h
  db 000h,000h
  dw 00177h,base+00000h
  dw 00209h,base+00490h
  dw 00276h,base+0005Eh
  dw 00509h,base+03BEAh
  dw 00476h,base+03CABh
  dw 0090Ah,base+038A6h
  dw 00203h,base+0055Dh
  dw 00272h,base+00141h
  dw 00D0Eh,base+0367Eh
  dw 00272h,base+00746h
  dw 00D0Fh,base+0368Bh
  dw 00170h,base+0001Fh
  dw 00E7Fh,base+03613h
  dw 00F7Fh,base+034E9h
  dw 01180h,base+031C6h
  dw 0127Fh,base+03019h
  dw 01300h,base+02E42h

TeleportPart1frame056:
  db 03Eh,00Ch,062h,056h
  db 06Ch
  db 000h,000h,0AAh,000h,000h
  db 000h,000h
  dw 0137Ch,base+02E55h
  dw 00203h,base+00079h
  dw 0147Dh,base+02C3Fh
  dw 01880h,base+02304h
  dw 01880h,base+0231Ch
  dw 01A7Fh,base+01707h
  dw 00203h,base+00065h
  dw 0187Dh,base+02334h
  dw 00203h,base+014FFh
  dw 01880h,base+0234Ch
  dw 01880h,base+02364h
  dw 0181Bh,base+0237Ch
  dw 00164h,base+0001Fh
  dw 0191Bh,base+01DEEh
  dw 00165h,base+00008h
  dw 01A1Bh,base+01721h
  dw 00264h,base+00328h
  dw 01E00h,base+00438h

TeleportPart1frame057:
  db 040h,00Ch,060h,062h
  db 064h
  db 000h,000h,09Eh,000h,000h
  db 000h,000h
  dw 01E7Eh,base+00456h
  dw 00102h,base+00000h
  dw 00203h,base+000A0h
  dw 01B7Bh,base+00FFDh
  dw 00102h,base+0001Fh
  dw 01E80h,base+00474h
  dw 00203h,base+008DFh
  dw 0181Ah,base+02394h
  dw 00161h,base+00000h
  dw 00102h,base+0001Fh
  dw 01B80h,base+01018h
  dw 01B1Dh,base+01033h
  dw 00161h,base+00000h
  dw 00102h,base+0001Fh
  dw 01B1Dh,base+0104Eh
  dw 00161h,base+00005h
  dw 00102h,base+00005h
  dw 01B1Ch,base+01069h
  dw 00262h,base+00490h
  dw 01D1Eh,base+007BEh
  dw 00262h,base+03D26h
  dw 01D1Eh,base+007DBh
  dw 00262h,base+009BDh
  dw 01D1Eh,base+007F8h
  dw 00262h,base+00348h
  dw 02000h,base+000C0h

TeleportPart1frame058:
  db 040h,00Ch,060h,06Eh
  db 062h
  db 000h,000h,092h,000h,000h
  db 000h,000h
  dw 00405h,base+03CAFh
  dw 01A7Ah,base+0173Bh
  dw 02081h,base+000E0h
  dw 00405h,base+03CB3h
  dw 01A7Dh,base+01755h
  dw 01C80h,base+00A49h
  dw 00203h,base+00C65h
  dw 0197Dh,base+01E07h
  dw 00203h,base+008DFh
  dw 01617h,base+0284Dh
  dw 00166h,base+00000h
  dw 00304h,base+003F9h
  dw 0157Ch,base+02A5Ch
  dw 01516h,base+02A71h
  dw 00304h,base+02784h
  dw 00167h,base+00000h
  dw 01A80h,base+0176Fh
  dw 01A82h,base+01789h
  dw 01881h,base+023ACh
  dw 01600h,base+02863h

TeleportPart1frame059:
  db 02Eh,00Eh,06Ch,07Ah
  db 06Eh
  db 000h,000h,086h,000h,000h
  db 000h,000h
  dw 00305h,base+00F40h
  dw 00C0Eh,base+03737h
  dw 0036Eh,base+03D1Ah
  dw 00204h,base+0070Bh
  dw 00B0Eh,base+03791h
  dw 0026Eh,base+00386h
  dw 00305h,base+00645h
  dw 00406h,base+034F0h
  dw 00407h,base+03CB7h
  dw 0026Eh,base+00433h
  dw 00F11h,base+034F8h
  dw 00270h,base+00A49h
  dw 00E0Fh,base+03621h
  dw 0036Eh,base+031C3h
  dw 00203h,base+03D2Ah
  dw 00E0Fh,base+0362Fh
  dw 0026Eh,base+00C65h
  dw 00203h,base+03D34h
  dw 00506h,base+03BEFh
  dw 00809h,base+0393Ah
  dw 0026Eh,base+000F8h
  dw 0080Ah,base+03942h
  dw 00977h,base+038AFh
  dw 0070Ch,base+039DEh
  dw 00675h,base+03ADBh
  dw 0060Bh,base+03AE1h
  dw 00577h,base+03BF4h
  dw 00508h,base+03BE0h
  dw 00579h,base+03BF9h
  dw 00406h,base+03CBBh
  dw 0047Bh,base+03CBFh
  dw 00305h,base+012C0h
  dw 0047Ch,base+03CA7h
  dw 00204h,base+00065h
  dw 00200h,base+00079h

TeleportPart1frame060:
  db 026h,00Eh,06Eh,048h
  db 07Eh
  db 000h,000h,0B8h,000h,000h
  db 000h,000h
  dw 0047Fh,base+0276Ah
  dw 00380h,base+03CEAh
  dw 00280h,base+03D34h
  dw 0027Fh,base+0003Eh
  dw 0037Fh,base+03D1Dh
  dw 00405h,base+03CC3h
  dw 00207h,base+00065h
  dw 00173h,base+00000h
  dw 00A0Dh,base+0380Ah
  dw 00272h,base+00141h
  dw 00C0Eh,base+03743h
  dw 00271h,base+03B61h
  dw 00D10h,base+03698h
  dw 00170h,base+00048h
  dw 00203h,base+0007Bh
  dw 00A0Dh,base+03814h
  dw 0016Fh,base+00000h
  dw 00F7Fh,base+03507h
  dw 01080h,base+032F9h
  dw 01180h,base+031D7h
  dw 01200h,base+0302Bh

TeleportPart1frame061:
  db 03Eh,00Ch,062h,056h
  db 06Ch
  db 000h,000h,0AAh,000h,000h
  db 000h,000h
  dw 01317h,base+02E68h
  dw 00168h,base+0001Fh
  dw 01417h,base+02C53h
  dw 00166h,base+00000h
  dw 0181Ah,base+023C4h
  dw 00266h,base+03D32h
  dw 0181Ah,base+023DCh
  dw 00266h,base+002B2h
  dw 0181Bh,base+023F4h
  dw 00164h,base+0001Fh
  dw 01A80h,base+017A3h
  dw 00203h,base+014FFh
  dw 01880h,base+0240Ch
  dw 0181Ah,base+02424h
  dw 00166h,base+00000h
  dw 0181Ah,base+0243Ch
  dw 00165h,base+00004h
  dw 01C80h,base+00A65h
  dw 01D7Fh,base+00815h
  dw 01D00h,base+00832h

TeleportPart1frame062:
  db 040h,00Ch,060h,062h
  db 064h
  db 000h,000h,09Eh,000h,000h
  db 000h,000h
  dw 00204h,base+00C65h
  dw 01A7Ch,base+017BDh
  dw 00203h,base+009BDh
  dw 01B7Bh,base+01084h
  dw 00102h,base+0001Fh
  dw 00204h,base+00645h
  dw 01A7Ah,base+017D7h
  dw 00102h,base+00005h
  dw 00203h,base+00C9Dh
  dw 01B7Bh,base+0109Fh
  dw 00102h,base+00005h
  dw 00304h,base+003DEh
  dw 01819h,base+02454h
  dw 00161h,base+00005h
  dw 00102h,base+00008h
  dw 01B1Dh,base+010BAh
  dw 00161h,base+00005h
  dw 00203h,base+03B61h
  dw 01A1Ch,base+017F1h
  dw 00161h,base+00048h
  dw 00203h,base+0161Bh
  dw 01A1Bh,base+0180Bh
  dw 00262h,base+03D3Ch
  dw 01D1Eh,base+0084Fh
  dw 00262h,base+00578h
  dw 01D1Eh,base+0086Ch
  dw 00262h,base+001F6h
  dw 00506h,base+03BFEh
  dw 01A7Ah,base+01825h
  dw 00405h,base+03CC7h
  dw 01A00h,base+0183Fh

TeleportPart1frame063:
  db 040h,00Ch,060h,06Eh
  db 062h
  db 000h,000h,092h,000h,000h
  db 000h,000h
  dw 00405h,base+02D47h
  dw 01A7Ah,base+01859h
  dw 01F81h,base+00293h
  dw 00405h,base+03CCBh
  dw 01A7Ah,base+01873h
  dw 00203h,base+014FFh
  dw 00203h,base+009BDh
  dw 0197Dh,base+01E20h
  dw 00203h,base+00C65h
  dw 0197Dh,base+01E39h
  dw 00304h,base+00E68h
  dw 0157Ch,base+02A86h
  dw 01981h,base+01E52h
  dw 01A80h,base+0188Dh
  dw 01A81h,base+018A7h
  dw 01981h,base+01E6Bh
  dw 01880h,base+0246Ch
  dw 00405h,base+01C42h
  dw 01200h,base+0303Dh

TeleportPart1frame064:
  db 02Eh,00Eh,06Ch,07Ah
  db 06Eh
  db 000h,000h,086h,000h,000h
  db 000h,000h
  dw 00304h,base+00275h
  dw 0127Dh,base+0304Fh
  dw 00203h,base+003C2h
  dw 00506h,base+02EC8h
  dw 00608h,base+03AE7h
  dw 0036Fh,base+005EBh
  dw 00F11h,base+03516h
  dw 00370h,base+03D02h
  dw 00204h,base+01016h
  dw 0090Ch,base+038B8h
  dw 00270h,base+00645h
  dw 00D10h,base+036A5h
  dw 0026Dh,base+001F6h
  dw 00203h,base+03D2Ah
  dw 00D0Fh,base+036B2h
  dw 0026Eh,base+00BC9h
  dw 01112h,base+031E8h
  dw 0026Eh,base+014FFh
  dw 00809h,base+0394Ah
  dw 00A78h,base+0381Eh
  dw 00609h,base+03AEDh
  dw 00978h,base+038C1h
  dw 00609h,base+03AF3h
  dw 00679h,base+03AF9h
  dw 00408h,base+03CCFh
  dw 00479h,base+03CD3h
  dw 00407h,base+03CD7h
  dw 0037Ah,base+030D8h
  dw 00306h,base+00577h
  dw 0027Bh,base+000F8h
  dw 00204h,base+00065h
  dw 00200h,base+00079h


