  dw VoodooWaspIdleframe000
  dw VoodooWaspIdleframe001
  dw VoodooWaspIdleframe002
  dw VoodooWaspIdleframe003
  dw VoodooWaspIdleframe004
  dw VoodooWaspIdleframe005
  dw VoodooWaspIdleframe006
  dw VoodooWaspIdleframe007
  dw VoodooWaspIdleframe008
  dw VoodooWaspIdleframe009
  dw VoodooWaspIdleframe010
  dw VoodooWaspIdleframe011
  dw VoodooWaspIdleframe012
  dw VoodooWaspIdleframe013
  dw VoodooWaspIdleframe014
  dw VoodooWaspIdleframe015
  dw VoodooWaspIdleframe016
  dw VoodooWaspIdleframe017
  dw VoodooWaspIdleframe018
  dw VoodooWaspIdleframe019
  dw VoodooWaspIdleframe020
  dw VoodooWaspIdleframe021
  dw VoodooWaspIdleframe022
  dw VoodooWaspIdleframe023
  dw VoodooWaspIdleframe024
  dw VoodooWaspIdleframe025
  dw VoodooWaspIdleframe026
  dw VoodooWaspIdleframe027
  dw VoodooWaspIdleframe028
  dw VoodooWaspIdleframe029

VoodooWaspIdleframe000:
  db 04Ch,014h,05Ch,034h
  db 094h
  db 000h,000h,0CCh,000h,000h
  db 000h,000h
  dw 0037Dh,base+00139h
  dw 0097Fh,base+0041Dh
  dw 00B7Eh,base+0015Fh
  dw 00E7Fh,base+00238h
  dw 0117Fh,base+001A7h
  dw 0127Fh,base+0015Fh
  dw 0127Fh,base+00171h
  dw 0127Fh,base+00183h
  dw 0107Fh,base+001DAh
  dw 00E7Fh,base+00246h
  dw 00D7Fh,base+0028Ch
  dw 00A7Fh,base+003F5h
  dw 00980h,base+00426h
  dw 00873h,base+00254h
  dw 0050Ch,base+004EAh
  dw 00E74h,base+00254h
  dw 0060Bh,base+004A8h
  dw 01076h,base+001EAh
  dw 0050Ah,base+004EFh
  dw 0117Ah,base+001B8h
  dw 00106h,base+0000Eh
  dw 0137Ah,base+00126h
  dw 00205h,base+00567h
  dw 01476h,base+00112h
  dw 00306h,base+00455h
  dw 00103h,base+0002Ah
  dw 01600h,base+000FCh

VoodooWaspIdleframe001:
  db 052h,01Ah,056h,048h
  db 05Ah
  db 000h,000h,0B8h,000h,000h
  db 000h,000h
  dw 0217Fh,base+00023h
  dw 02380h,base+00000h
  dw 00305h,base+00020h
  dw 01E7Ah,base+000C0h
  dw 00306h,base+005E5h
  dw 01E7Ah,base+000DEh
  dw 00206h,base+00000h
  dw 01F80h,base+00044h
  dw 01F81h,base+00063h
  dw 01F80h,base+00082h
  dw 01F80h,base+000A1h
  dw 00405h,base+00571h
  dw 0090Ah,base+0042Fh
  dw 01071h,base+001FAh
  dw 00305h,base+005E8h
  dw 0080Bh,base+0045Ch
  dw 01070h,base+0020Ah
  dw 00304h,base+005EBh
  dw 0090Dh,base+00438h
  dw 00F6Fh,base+0021Ah
  dw 00304h,base+005EEh
  dw 00C0Fh,base+002F4h
  dw 00D6Dh,base+00299h
  dw 00304h,base+005F1h
  dw 00D10h,base+002A6h
  dw 00C6Dh,base+00300h
  dw 00405h,base+00575h
  dw 00C10h,base+0030Ch
  dw 00A6Bh,base+003FFh
  dw 00B0Ch,base+003A8h
  dw 00203h,base+0008Dh
  dw 0030Ah,base+004F4h
  dw 00667h,base+004AEh
  dw 00304h,base+005F4h
  dw 00405h,base+0046Ah
  dw 00607h,base+004B4h
  dw 0020Ah,base+002FEh
  dw 00666h,base+004BAh
  dw 00203h,base+00021h
  dw 00203h,base+00300h
  dw 00203h,base+004F7h
  dw 00304h,base+005F7h
  dw 0050Eh,base+004F4h
  dw 00564h,base+004F9h
  dw 00204h,base+0000Bh
  dw 00203h,base+0016Fh
  dw 00204h,base+00139h
  dw 00204h,base+00300h
  dw 0040Eh,base+004F5h
  dw 00462h,base+00579h
  dw 00204h,base+00000h
  dw 00205h,base+00606h
  dw 00104h,base+0002Ah
  dw 00203h,base+0016Fh
  dw 0040Eh,base+0057Dh
  dw 00462h,base+00581h
  dw 00204h,base+00021h
  dw 00205h,base+00606h
  dw 00204h,base+004F7h
  dw 00203h,base+00530h
  dw 00203h,base+004F7h
  dw 0020Ch,base+002FEh
  dw 00461h,base+00585h
  dw 00104h,base+00001h
  dw 00205h,base+0016Fh
  dw 00204h,base+004F7h
  dw 00203h,base+00530h
  dw 00203h,base+00139h
  dw 0020Ch,base+00139h
  dw 00460h,base+00589h
  dw 00204h,base+003AEh
  dw 00207h,base+00300h
  dw 00103h,base+0002Ah
  dw 00204h,base+00530h
  dw 00203h,base+002FEh
  dw 0020Ch,base+002FEh
  dw 0035Fh,base+005FAh
  dw 00204h,base+00567h
  dw 00207h,base+004ACh
  dw 00103h,base+0002Ah
  dw 00204h,base+00000h
  dw 0050Fh,base+004FEh
  dw 0035Fh,base+005FDh
  dw 00203h,base+0016Fh
  dw 00208h,base+0012Bh
  dw 00104h,base+0002Ah
  dw 00204h,base+00093h
  dw 00203h,base+0008Dh
  dw 0020Bh,base+002FEh
  dw 0025Eh,base+0061Eh
  dw 00203h,base+00025h
  dw 00209h,base+00300h
  dw 00205h,base+004F7h
  dw 00204h,base+00025h
  dw 00203h,base+002FEh
  dw 0010Bh,base+0002Ah
  dw 0015Ch,base+00557h
  dw 00204h,base+00300h
  dw 00209h,base+0016Fh
  dw 00206h,base+00139h
  dw 00204h,base+00025h
  dw 00400h,base+00310h

VoodooWaspIdleframe002:
  db 002h,079h,000h,088h
  db 0FFh
  db 000h,000h,078h,000h,000h
  db 000h,000h

VoodooWaspIdleframe003:
  db 002h,079h,000h,088h
  db 0FFh
  db 000h,000h,078h,000h,000h
  db 000h,000h

VoodooWaspIdleframe004:
  db 002h,079h,000h,088h
  db 0FFh
  db 000h,000h,078h,000h,000h
  db 000h,000h

VoodooWaspIdleframe005:
  db 002h,079h,000h,088h
  db 0FFh
  db 000h,000h,078h,000h,000h
  db 000h,000h

VoodooWaspIdleframe006:
  db 002h,079h,000h,088h
  db 0FFh
  db 000h,000h,078h,000h,000h
  db 000h,000h

VoodooWaspIdleframe007:
  db 002h,079h,000h,088h
  db 0FFh
  db 000h,000h,078h,000h,000h
  db 000h,000h

VoodooWaspIdleframe008:
  db 002h,079h,000h,088h
  db 0FFh
  db 000h,000h,078h,000h,000h
  db 000h,000h

VoodooWaspIdleframe009:
  db 002h,079h,000h,088h
  db 0FFh
  db 000h,000h,078h,000h,000h
  db 000h,000h

VoodooWaspIdleframe010:
  db 002h,079h,000h,088h
  db 0FFh
  db 000h,000h,078h,000h,000h
  db 000h,000h

VoodooWaspIdleframe011:
  db 002h,079h,000h,088h
  db 0FFh
  db 000h,000h,078h,000h,000h
  db 000h,000h

VoodooWaspIdleframe012:
  db 002h,079h,000h,088h
  db 0FFh
  db 000h,000h,078h,000h,000h
  db 000h,000h

VoodooWaspIdleframe013:
  db 002h,079h,000h,088h
  db 0FFh
  db 000h,000h,078h,000h,000h
  db 000h,000h

VoodooWaspIdleframe014:
  db 002h,079h,000h,088h
  db 0FFh
  db 000h,000h,078h,000h,000h
  db 000h,000h

VoodooWaspIdleframe015:
  db 002h,079h,000h,088h
  db 0FFh
  db 000h,000h,078h,000h,000h
  db 000h,000h

VoodooWaspIdleframe016:
  db 002h,079h,000h,088h
  db 0FFh
  db 000h,000h,078h,000h,000h
  db 000h,000h

VoodooWaspIdleframe017:
  db 002h,079h,000h,088h
  db 0FFh
  db 000h,000h,078h,000h,000h
  db 000h,000h

VoodooWaspIdleframe018:
  db 042h,021h,060h,017h
  db 08Ah
  db 000h,000h,0E9h,000h,000h
  db 000h,000h
  dw 0017Fh,base+0000Eh
  dw 0027Fh,base+00025h
  dw 00480h,base+004DAh
  dw 00405h,base+004DAh
  dw 0017Bh,base+0006Dh
  dw 00405h,base+00242h
  dw 0027Ah,base+003AEh
  dw 00407h,base+003FFh
  dw 00279h,base+00181h
  dw 00407h,base+004DAh
  dw 00203h,base+003AEh
  dw 00276h,base+00181h
  dw 00308h,base+00056h
  dw 00478h,base+0017Ah
  dw 00308h,base+00056h
  dw 00478h,base+0017Fh
  dw 00304h,base+00056h
  dw 00104h,base+000AFh
  dw 00377h,base+003B3h
  dw 00406h,base+004DAh
  dw 00103h,base+00003h
  dw 00377h,base+00505h
  dw 00306h,base+003FFh
  dw 00103h,base+0000Eh
  dw 00277h,base+0006Dh
  dw 00306h,base+0016Eh
  dw 0057Ah,base+00503h
  dw 00306h,base+0016Eh
  dw 00479h,base+0058Dh
  dw 00307h,base+003FFh
  dw 00305h,base+005C9h
  dw 00274h,base+00530h
  dw 00307h,base+00455h
  dw 00304h,base+003FFh
  dw 00375h,base+0016Eh
  dw 00206h,base+00025h
  dw 0087Ah,base+00464h
  dw 00206h,base+00025h
  dw 0077Ah,base+0048Ch
  dw 00205h,base+0016Fh
  dw 00203h,base+003AEh
  dw 00577h,base+00241h
  dw 00306h,base+00455h
  dw 0077Ah,base+00493h
  dw 00205h,base+00300h
  dw 00203h,base+003AEh
  dw 00578h,base+00241h
  dw 00205h,base+00300h
  dw 0087Bh,base+0046Ch
  dw 00205h,base+00025h
  dw 00506h,base+003FEh
  dw 00275h,base+00025h
  dw 00206h,base+0016Fh
  dw 00405h,base+004DAh
  dw 00275h,base+00025h
  dw 00106h,base+0000Eh
  dw 00305h,base+0016Eh
  dw 00274h,base+00300h
  dw 00206h,base+00300h
  dw 00306h,base+00455h
  dw 00204h,base+00300h
  dw 00170h,base+00062h
  dw 00205h,base+00300h
  dw 00308h,base+003FFh
  dw 00103h,base+0000Eh
  dw 00170h,base+0006Dh
  dw 00205h,base+00530h
  dw 00208h,base+0016Fh
  dw 00103h,base+0000Eh
  dw 00270h,base+00181h
  dw 00204h,base+00530h
  dw 00209h,base+00530h
  dw 00103h,base+000AFh
  dw 0027Dh,base+00567h
  dw 00103h,base+000AFh
  dw 00281h,base+003AEh
  dw 00161h,base+0006Dh
  dw 0031Fh,base+00600h
  dw 00262h,base+00181h
  dw 0040Fh,base+00591h
  dw 0010Fh,base+0000Eh
  dw 00200h,base+00181h

VoodooWaspIdleframe019:
  db 04Ch,020h,05Ah,038h
  db 064h
  db 000h,000h,0C8h,000h,000h
  db 000h,000h
  dw 0050Ch,base+00508h
  dw 00311h,base+00603h
  dw 00267h,base+00181h
  dw 00107h,base+00003h
  dw 00312h,base+003FFh
  dw 00467h,base+0017Fh
  dw 00107h,base+0000Eh
  dw 00310h,base+0016Eh
  dw 00669h,base+004C0h
  dw 00106h,base+0006Dh
  dw 0030Bh,base+003FFh
  dw 00B69h,base+003B3h
  dw 00406h,base+00595h
  dw 00206h,base+004F7h
  dw 00309h,base+00455h
  dw 00A6Ah,base+003B3h
  dw 00304h,base+0010Fh
  dw 00509h,base+0050Dh
  dw 00308h,base+003FFh
  dw 00369h,base+00505h
  dw 00507h,base+00512h
  dw 00407h,base+00599h
  dw 00672h,base+004C6h
  dw 00307h,base+0000Bh
  dw 00C7Ah,base+00318h
  dw 00206h,base+00021h
  dw 00D80h,base+002B3h
  dw 00D80h,base+002C0h
  dw 00D80h,base+002CDh
  dw 00D80h,base+002DAh
  dw 00E80h,base+00262h
  dw 00E80h,base+00270h
  dw 00305h,base+005E8h
  dw 00A7Bh,base+00409h
  dw 00305h,base+00407h
  dw 00D7Bh,base+002E7h
  dw 00305h,base+005EEh
  dw 00E7Bh,base+0027Eh
  dw 00305h,base+00606h
  dw 00F7Bh,base+00229h
  dw 00102h,base+000C0h
  dw 00102h,base+000A5h
  dw 0117Ch,base+001C9h
  dw 00203h,base+00620h
  dw 01380h,base+00139h
  dw 0137Fh,base+0014Ch
  dw 00203h,base+00004h
  dw 0127Dh,base+00195h
  dw 00203h,base+00181h
  dw 00507h,base+00517h
  dw 00B75h,base+003BEh
  dw 00304h,base+00609h
  dw 00507h,base+0051Ch
  dw 00B74h,base+003C9h
  dw 00305h,base+00455h
  dw 00507h,base+00521h
  dw 00C73h,base+00324h
  dw 00305h,base+00455h
  dw 00203h,base+004BAh
  dw 00405h,base+0059Dh
  dw 00C72h,base+00330h
  dw 00305h,base+0060Ch
  dw 00304h,base+00300h
  dw 00405h,base+0059Dh
  dw 00C72h,base+0033Ch
  dw 00204h,base+00021h
  dw 00405h,base+005A1h
  dw 00405h,base+005A5h
  dw 00C72h,base+00348h
  dw 00204h,base+003E8h
  dw 00203h,base+0016Fh
  dw 00102h,base+0002Ah
  dw 00406h,base+005A9h
  dw 00C71h,base+00354h
  dw 00103h,base+0000Eh
  dw 00204h,base+0000Dh
  dw 00102h,base+0002Ah
  dw 00506h,base+00526h
  dw 00C71h,base+00360h
  dw 00103h,base+0000Eh
  dw 00204h,base+00021h
  dw 00102h,base+0002Ah
  dw 00506h,base+0052Bh
  dw 00C71h,base+0036Ch
  dw 00103h,base+0000Eh
  dw 00104h,base+0000Eh
  dw 00304h,base+0060Fh
  dw 00102h,base+0002Ah
  dw 00102h,base+0002Ah
  dw 00C00h,base+00378h

VoodooWaspIdleframe020:
  db 038h,015h,064h,058h
  db 064h
  db 000h,000h,0A8h,000h,000h
  db 000h,000h
  dw 00103h,base+0000Eh
  dw 00103h,base+0000Eh
  dw 00405h,base+0052Eh
  dw 00102h,base+0002Ah
  dw 00103h,base+0002Ah
  dw 00B70h,base+003D4h
  dw 00203h,base+00530h
  dw 00203h,base+00530h
  dw 00405h,base+005ADh
  dw 00102h,base+0002Ah
  dw 00103h,base+0002Ah
  dw 00C71h,base+00384h
  dw 00102h,base+0000Eh
  dw 00203h,base+00530h
  dw 00102h,base+0002Ah
  dw 00103h,base+0000Eh
  dw 00102h,base+0002Ah
  dw 00103h,base+0002Ah
  dw 00C74h,base+00390h
  dw 00102h,base+00003h
  dw 00102h,base+0002Ah
  dw 00103h,base+0000Eh
  dw 00102h,base+0002Ah
  dw 00103h,base+0002Ah
  dw 00C74h,base+0039Ch
  dw 00102h,base+0000Eh
  dw 00304h,base+00612h
  dw 00203h,base+004F7h
  dw 00104h,base+0002Ah
  dw 00B73h,base+003DFh
  dw 00102h,base+0000Eh
  dw 00304h,base+00612h
  dw 00203h,base+004F7h
  dw 00204h,base+004F7h
  dw 00B73h,base+003EAh
  dw 00506h,base+00530h
  dw 00203h,base+004F7h
  dw 00205h,base+004F7h
  dw 00A74h,base+00413h
  dw 00304h,base+00532h
  dw 00203h,base+004F7h
  dw 00206h,base+004F7h
  dw 00973h,base+00441h
  dw 00102h,base+0002Ah
  dw 00102h,base+0000Eh
  dw 00203h,base+004F7h
  dw 00207h,base+004F7h
  dw 00872h,base+00474h
  dw 00102h,base+0002Ah
  dw 00103h,base+0000Eh
  dw 00102h,base+0002Ah
  dw 00208h,base+004F7h
  dw 00771h,base+0049Ah
  dw 00102h,base+000C0h
  dw 00103h,base+0000Eh
  dw 00102h,base+0002Ah
  dw 00209h,base+004F7h
  dw 00572h,base+00535h
  dw 00103h,base+0000Eh
  dw 00103h,base+0002Ah
  dw 00108h,base+0002Ah
  dw 00572h,base+0053Ah
  dw 00103h,base+0000Eh
  dw 00103h,base+0002Ah
  dw 00108h,base+0002Ah
  dw 00572h,base+0053Fh
  dw 00103h,base+0000Eh
  dw 00203h,base+004F7h
  dw 00108h,base+0002Ah
  dw 00572h,base+00544h
  dw 00106h,base+000AFh
  dw 00208h,base+004F7h
  dw 00580h,base+00549h
  dw 00480h,base+005B1h
  dw 0047Fh,base+005B5h
  dw 00580h,base+0054Eh
  dw 0047Fh,base+005B9h
  dw 00580h,base+00553h
  dw 00400h,base+005BDh

VoodooWaspIdleframe021:
  db 046h,027h,060h,011h
  db 080h
  db 000h,000h,0EFh,000h,000h
  db 000h,000h
  dw 00180h,base+0000Eh
  dw 00280h,base+0016Fh
  dw 00280h,base+0016Fh
  dw 0027Fh,base+00025h
  dw 00380h,base+003FFh
  dw 00380h,base+003FFh
  dw 00307h,base+003FFh
  dw 00179h,base+0006Dh
  dw 00306h,base+00455h
  dw 0027Ah,base+003AEh
  dw 00306h,base+00455h
  dw 0027Ah,base+0006Dh
  dw 00506h,base+00495h
  dw 0027Ah,base+00181h
  dw 00880h,base+0047Ch
  dw 00305h,base+0016Eh
  dw 0037Bh,base+0016Eh
  dw 00305h,base+0016Eh
  dw 0047Bh,base+005C1h
  dw 00305h,base+0016Eh
  dw 0047Bh,base+005C5h
  dw 00305h,base+0016Eh
  dw 0027Ah,base+0006Dh
  dw 00406h,base+004DAh
  dw 00208h,base+00181h
  dw 00272h,base+00530h
  dw 00406h,base+004DAh
  dw 00208h,base+00181h
  dw 00272h,base+0016Fh
  dw 00406h,base+004DAh
  dw 00107h,base+0006Dh
  dw 00373h,base+0016Eh
  dw 00406h,base+004DAh
  dw 00106h,base+0006Dh
  dw 00374h,base+003FFh
  dw 00305h,base+003FFh
  dw 00206h,base+00567h
  dw 00475h,base+004DAh
  dw 00305h,base+003FFh
  dw 00206h,base+00567h
  dw 00375h,base+0016Eh
  dw 00305h,base+003FFh
  dw 00205h,base+00567h
  dw 00476h,base+004DAh
  dw 00305h,base+003FFh
  dw 00105h,base+0006Dh
  dw 00376h,base+00056h
  dw 00305h,base+003FFh
  dw 00104h,base+0006Dh
  dw 00377h,base+003FFh
  dw 00305h,base+00455h
  dw 00104h,base+00062h
  dw 00306h,base+0016Eh
  dw 00171h,base+00062h
  dw 00308h,base+00455h
  dw 00307h,base+003FFh
  dw 00271h,base+00567h
  dw 00304h,base+00455h
  dw 00104h,base+00004h
  dw 00208h,base+00025h
  dw 00170h,base+0006Dh
  dw 00304h,base+00455h
  dw 00103h,base+00004h
  dw 00209h,base+00300h
  dw 00270h,base+00181h
  dw 00204h,base+00300h
  dw 00103h,base+0006Dh
  dw 00209h,base+00530h
  dw 00270h,base+00181h
  dw 00204h,base+00300h
  dw 0010Ch,base+00062h
  dw 00271h,base+003AEh
  dw 00103h,base+0000Eh
  dw 0010Ch,base+00062h
  dw 00271h,base+003AEh
  dw 0010Fh,base+00003h
  dw 00571h,base+003B3h
  dw 0010Eh,base+00003h
  dw 0067Dh,base+003B3h
  dw 0097Eh,base+0044Ah
  dw 00A7Eh,base+0018Ah
  dw 0096Ah,base+0018Ah
  dw 00315h,base+00600h
  dw 0066Ch,base+0017Ah
  dw 0040Fh,base+00591h
  dw 00104h,base+000AFh
  dw 0066Eh,base+003B3h
  dw 0050Dh,base+00508h
  dw 00204h,base+00530h
  dw 00500h,base+00558h

VoodooWaspIdleframe022:
  db 040h,020h,05Ah,038h
  db 06Ch
  db 000h,000h,0C8h,000h,000h
  db 000h,000h
  dw 00108h,base+00003h
  dw 00378h,base+00455h
  dw 00106h,base+0000Eh
  dw 0047Ah,base+003FFh
  dw 00106h,base+0006Dh
  dw 00474h,base+004DAh
  dw 00406h,base+00595h
  dw 00206h,base+004F7h
  dw 00373h,base+003FFh
  dw 00304h,base+0010Fh
  dw 00509h,base+0050Dh
  dw 00471h,base+0047Fh
  dw 00507h,base+00512h
  dw 00407h,base+00599h
  dw 00672h,base+004C6h
  dw 00307h,base+0000Bh
  dw 00C7Ah,base+00318h
  dw 00206h,base+00021h
  dw 00D80h,base+002B3h
  dw 00D80h,base+002C0h
  dw 00D80h,base+002CDh
  dw 00D80h,base+002DAh
  dw 00E80h,base+00262h
  dw 00E80h,base+00270h
  dw 00305h,base+005E8h
  dw 00A7Bh,base+00409h
  dw 00305h,base+00407h
  dw 00D7Bh,base+002E7h
  dw 00305h,base+005EEh
  dw 00E7Bh,base+0027Eh
  dw 00305h,base+00606h
  dw 00F7Bh,base+00229h
  dw 00102h,base+000C0h
  dw 00102h,base+000A5h
  dw 0117Ch,base+001C9h
  dw 00203h,base+00620h
  dw 01380h,base+00139h
  dw 0137Fh,base+0014Ch
  dw 00203h,base+00004h
  dw 0127Dh,base+00195h
  dw 00203h,base+00181h
  dw 00507h,base+00517h
  dw 00B75h,base+003BEh
  dw 00304h,base+00609h
  dw 00507h,base+0051Ch
  dw 00B74h,base+003C9h
  dw 00305h,base+00455h
  dw 00507h,base+00521h
  dw 00C73h,base+00324h
  dw 00305h,base+00455h
  dw 00203h,base+004BAh
  dw 00405h,base+0059Dh
  dw 00C72h,base+00330h
  dw 00305h,base+0060Ch
  dw 00304h,base+00300h
  dw 00405h,base+0059Dh
  dw 00C72h,base+0033Ch
  dw 00204h,base+00021h
  dw 00405h,base+005A1h
  dw 00405h,base+005A5h
  dw 00C72h,base+00348h
  dw 00204h,base+003E8h
  dw 00203h,base+0016Fh
  dw 00102h,base+0002Ah
  dw 00406h,base+005A9h
  dw 00C71h,base+00354h
  dw 00103h,base+0000Eh
  dw 00204h,base+0000Dh
  dw 00102h,base+0002Ah
  dw 00506h,base+00526h
  dw 00C71h,base+00360h
  dw 00103h,base+0000Eh
  dw 00204h,base+00021h
  dw 00102h,base+0002Ah
  dw 00506h,base+0052Bh
  dw 00C71h,base+0036Ch
  dw 00103h,base+0000Eh
  dw 00104h,base+0000Eh
  dw 00304h,base+0060Fh
  dw 00102h,base+0002Ah
  dw 00102h,base+0002Ah
  dw 00C71h,base+00378h
  dw 00103h,base+0000Eh
  dw 00103h,base+0000Eh
  dw 00405h,base+0052Eh
  dw 00102h,base+0002Ah
  dw 00103h,base+0002Ah
  dw 00B00h,base+003D4h

VoodooWaspIdleframe023:
  db 038h,014h,064h,058h
  db 064h
  db 000h,000h,0A8h,000h,000h
  db 000h,000h
  dw 00203h,base+00530h
  dw 00203h,base+00530h
  dw 00405h,base+005ADh
  dw 00102h,base+0002Ah
  dw 00103h,base+0002Ah
  dw 00C71h,base+00384h
  dw 00102h,base+0000Eh
  dw 00203h,base+00530h
  dw 00102h,base+0002Ah
  dw 00103h,base+0000Eh
  dw 00102h,base+0002Ah
  dw 00103h,base+0002Ah
  dw 00C74h,base+00390h
  dw 00102h,base+00003h
  dw 00102h,base+0002Ah
  dw 00103h,base+0000Eh
  dw 00102h,base+0002Ah
  dw 00103h,base+0002Ah
  dw 00C74h,base+0039Ch
  dw 00102h,base+0000Eh
  dw 00304h,base+00612h
  dw 00203h,base+004F7h
  dw 00104h,base+0002Ah
  dw 00B73h,base+003DFh
  dw 00102h,base+0000Eh
  dw 00304h,base+00612h
  dw 00203h,base+004F7h
  dw 00204h,base+004F7h
  dw 00B73h,base+003EAh
  dw 00506h,base+00530h
  dw 00203h,base+004F7h
  dw 00205h,base+004F7h
  dw 00A74h,base+00413h
  dw 00304h,base+00532h
  dw 00203h,base+004F7h
  dw 00206h,base+004F7h
  dw 00973h,base+00441h
  dw 00102h,base+0002Ah
  dw 00102h,base+0000Eh
  dw 00203h,base+004F7h
  dw 00207h,base+004F7h
  dw 00872h,base+00474h
  dw 00102h,base+0002Ah
  dw 00103h,base+0000Eh
  dw 00102h,base+0002Ah
  dw 00208h,base+004F7h
  dw 00771h,base+0049Ah
  dw 00102h,base+000C0h
  dw 00103h,base+0000Eh
  dw 00102h,base+0002Ah
  dw 00209h,base+004F7h
  dw 00572h,base+00535h
  dw 00103h,base+0000Eh
  dw 00103h,base+0002Ah
  dw 00108h,base+0002Ah
  dw 00572h,base+0053Ah
  dw 00103h,base+0000Eh
  dw 00103h,base+0002Ah
  dw 00108h,base+0002Ah
  dw 00572h,base+0053Fh
  dw 00103h,base+0000Eh
  dw 00203h,base+004F7h
  dw 00108h,base+0002Ah
  dw 00572h,base+00544h
  dw 00106h,base+000AFh
  dw 00208h,base+004F7h
  dw 00580h,base+00549h
  dw 00480h,base+005B1h
  dw 0047Fh,base+005B5h
  dw 00580h,base+0054Eh
  dw 0047Fh,base+005B9h
  dw 00580h,base+00553h
  dw 00400h,base+005BDh

VoodooWaspIdleframe024:
  db 046h,028h,060h,010h
  db 07Eh
  db 000h,000h,0F0h,000h,000h
  db 000h,000h
  dw 00180h,base+0006Dh
  dw 00204h,base+00181h
  dw 0017Ch,base+0000Eh
  dw 00204h,base+00181h
  dw 0027Ch,base+0016Fh
  dw 00204h,base+0006Dh
  dw 0027Ch,base+0016Fh
  dw 00203h,base+003AEh
  dw 0037Dh,base+00455h
  dw 00680h,base+004CCh
  dw 00680h,base+004D2h
  dw 00203h,base+003AEh
  dw 0047Dh,base+005C9h
  dw 00203h,base+003AEh
  dw 00203h,base+00300h
  dw 00103h,base+0006Dh
  dw 00177h,base+0006Dh
  dw 00203h,base+003AEh
  dw 00204h,base+00025h
  dw 00479h,base+005CDh
  dw 00203h,base+003AEh
  dw 00205h,base+00025h
  dw 00378h,base+00180h
  dw 00203h,base+003AEh
  dw 00205h,base+00025h
  dw 00278h,base+0006Dh
  dw 00507h,base+0046Ch
  dw 00379h,base+003B3h
  dw 00607h,base+004D8h
  dw 00379h,base+00180h
  dw 00980h,base+00453h
  dw 00506h,base+00453h
  dw 0037Ah,base+005CAh
  dw 00406h,base+00453h
  dw 0037Ah,base+00455h
  dw 00406h,base+00453h
  dw 0037Ah,base+005D5h
  dw 00406h,base+00453h
  dw 0047Ah,base+004CEh
  dw 00405h,base+0048Ch
  dw 00506h,base+0055Dh
  dw 00175h,base+00004h
  dw 00102h,base+0006Dh
  dw 00203h,base+00025h
  dw 00203h,base+0006Dh
  dw 00203h,base+00300h
  dw 00275h,base+00567h
  dw 00102h,base+0006Dh
  dw 00507h,base+004D0h
  dw 00103h,base+00003h
  dw 00174h,base+0006Dh
  dw 0070Ch,base+004A1h
  dw 00274h,base+00567h
  dw 00304h,base+00615h
  dw 00306h,base+00180h
  dw 00203h,base+00530h
  dw 00173h,base+0006Dh
  dw 00304h,base+00615h
  dw 00206h,base+0006Dh
  dw 00203h,base+00530h
  dw 00204h,base+00567h
  dw 0036Fh,base+00455h
  dw 0050Bh,base+00562h
  dw 00103h,base+0000Eh
  dw 00102h,base+0006Dh
  dw 00471h,base+004DAh
  dw 0040Ah,base+005D1h
  dw 00103h,base+0000Eh
  dw 00102h,base+0006Dh
  dw 00373h,base+00056h
  dw 00209h,base+00181h
  dw 00102h,base+00003h
  dw 00475h,base+005D5h
  dw 0010Bh,base+0006Dh
  dw 0037Eh,base+00056h
  dw 00480h,base+003FFh
  dw 0047Eh,base+00242h
  dw 0057Fh,base+0046Eh
  dw 0057Fh,base+0046Eh
  dw 00579h,base+0046Eh
  dw 00106h,base+00003h
  dw 0057Ah,base+00495h
  dw 00106h,base+00003h
  dw 00379h,base+00056h
  dw 00206h,base+00530h
  dw 0037Ah,base+00056h
  dw 00205h,base+0016Fh
  dw 0026Ch,base+00025h
  dw 0030Fh,base+00600h
  dw 00172h,base+0000Eh
  dw 0040Dh,base+00591h
  dw 00200h,base+00300h

VoodooWaspIdleframe025:
  db 040h,020h,05Ah,038h
  db 064h
  db 000h,000h,0C8h,000h,000h
  db 000h,000h
  dw 0050Ch,base+00508h
  dw 00278h,base+00300h
  dw 00108h,base+00003h
  dw 00278h,base+0016Fh
  dw 00107h,base+0000Eh
  dw 00379h,base+00455h
  dw 00106h,base+0006Dh
  dw 00474h,base+004DAh
  dw 00406h,base+00595h
  dw 00206h,base+004F7h
  dw 00373h,base+003FFh
  dw 00304h,base+0010Fh
  dw 00509h,base+0050Dh
  dw 00471h,base+0047Fh
  dw 00507h,base+00512h
  dw 00407h,base+00599h
  dw 00672h,base+004C6h
  dw 00307h,base+0000Bh
  dw 00C7Ah,base+00318h
  dw 00206h,base+00021h
  dw 00D80h,base+002B3h
  dw 00D80h,base+002C0h
  dw 00D80h,base+002CDh
  dw 00D80h,base+002DAh
  dw 00E80h,base+00262h
  dw 00E80h,base+00270h
  dw 00305h,base+005E8h
  dw 00A7Bh,base+00409h
  dw 00305h,base+00407h
  dw 00D7Bh,base+002E7h
  dw 00305h,base+005EEh
  dw 00E7Bh,base+0027Eh
  dw 00305h,base+00606h
  dw 00F7Bh,base+00229h
  dw 00102h,base+000C0h
  dw 00102h,base+000A5h
  dw 0117Ch,base+001C9h
  dw 00203h,base+00620h
  dw 01380h,base+00139h
  dw 0137Fh,base+0014Ch
  dw 00203h,base+00004h
  dw 0127Dh,base+00195h
  dw 00203h,base+00181h
  dw 00507h,base+00517h
  dw 00B75h,base+003BEh
  dw 00304h,base+00609h
  dw 00507h,base+0051Ch
  dw 00B74h,base+003C9h
  dw 00305h,base+00455h
  dw 00507h,base+00521h
  dw 00C73h,base+00324h
  dw 00305h,base+00455h
  dw 00203h,base+004BAh
  dw 00405h,base+0059Dh
  dw 00C72h,base+00330h
  dw 00305h,base+0060Ch
  dw 00304h,base+00300h
  dw 00405h,base+0059Dh
  dw 00C72h,base+0033Ch
  dw 00204h,base+00021h
  dw 00405h,base+005A1h
  dw 00405h,base+005A5h
  dw 00C72h,base+00348h
  dw 00204h,base+003E8h
  dw 00203h,base+0016Fh
  dw 00102h,base+0002Ah
  dw 00406h,base+005A9h
  dw 00C71h,base+00354h
  dw 00103h,base+0000Eh
  dw 00204h,base+0000Dh
  dw 00102h,base+0002Ah
  dw 00506h,base+00526h
  dw 00C71h,base+00360h
  dw 00103h,base+0000Eh
  dw 00204h,base+00021h
  dw 00102h,base+0002Ah
  dw 00506h,base+0052Bh
  dw 00C71h,base+0036Ch
  dw 00103h,base+0000Eh
  dw 00104h,base+0000Eh
  dw 00304h,base+0060Fh
  dw 00102h,base+0002Ah
  dw 00102h,base+0002Ah
  dw 00C00h,base+00378h

VoodooWaspIdleframe026:
  db 038h,015h,064h,058h
  db 064h
  db 000h,000h,0A8h,000h,000h
  db 000h,000h
  dw 00103h,base+0000Eh
  dw 00103h,base+0000Eh
  dw 00405h,base+0052Eh
  dw 00102h,base+0002Ah
  dw 00103h,base+0002Ah
  dw 00B70h,base+003D4h
  dw 00203h,base+00530h
  dw 00203h,base+00530h
  dw 00405h,base+005ADh
  dw 00102h,base+0002Ah
  dw 00103h,base+0002Ah
  dw 00C71h,base+00384h
  dw 00102h,base+0000Eh
  dw 00203h,base+00530h
  dw 00102h,base+0002Ah
  dw 00103h,base+0000Eh
  dw 00102h,base+0002Ah
  dw 00103h,base+0002Ah
  dw 00C74h,base+00390h
  dw 00102h,base+00003h
  dw 00102h,base+0002Ah
  dw 00103h,base+0000Eh
  dw 00102h,base+0002Ah
  dw 00103h,base+0002Ah
  dw 00C74h,base+0039Ch
  dw 00102h,base+0000Eh
  dw 00304h,base+00612h
  dw 00203h,base+004F7h
  dw 00104h,base+0002Ah
  dw 00B73h,base+003DFh
  dw 00102h,base+0000Eh
  dw 00304h,base+00612h
  dw 00203h,base+004F7h
  dw 00204h,base+004F7h
  dw 00B73h,base+003EAh
  dw 00506h,base+00530h
  dw 00203h,base+004F7h
  dw 00205h,base+004F7h
  dw 00A74h,base+00413h
  dw 00304h,base+00532h
  dw 00203h,base+004F7h
  dw 00206h,base+004F7h
  dw 00973h,base+00441h
  dw 00102h,base+0002Ah
  dw 00102h,base+0000Eh
  dw 00203h,base+004F7h
  dw 00207h,base+004F7h
  dw 00872h,base+00474h
  dw 00102h,base+0002Ah
  dw 00103h,base+0000Eh
  dw 00102h,base+0002Ah
  dw 00208h,base+004F7h
  dw 00771h,base+0049Ah
  dw 00102h,base+000C0h
  dw 00103h,base+0000Eh
  dw 00102h,base+0002Ah
  dw 00209h,base+004F7h
  dw 00572h,base+00535h
  dw 00103h,base+0000Eh
  dw 00103h,base+0002Ah
  dw 00108h,base+0002Ah
  dw 00572h,base+0053Ah
  dw 00103h,base+0000Eh
  dw 00103h,base+0002Ah
  dw 00108h,base+0002Ah
  dw 00572h,base+0053Fh
  dw 00103h,base+0000Eh
  dw 00203h,base+004F7h
  dw 00108h,base+0002Ah
  dw 00572h,base+00544h
  dw 00106h,base+000AFh
  dw 00208h,base+004F7h
  dw 00580h,base+00549h
  dw 00480h,base+005B1h
  dw 0047Fh,base+005B5h
  dw 00580h,base+0054Eh
  dw 0047Fh,base+005B9h
  dw 00580h,base+00553h
  dw 00400h,base+005BDh

VoodooWaspIdleframe027:
  db 046h,022h,060h,016h
  db 08Ch
  db 000h,000h,0EAh,000h,000h
  db 000h,000h
  dw 00180h,base+0006Dh
  dw 0017Ch,base+0006Dh
  dw 00203h,base+00181h
  dw 0037Ch,base+00505h
  dw 00781h,base+0017Ch
  dw 0060Bh,base+004C0h
  dw 00278h,base+0016Fh
  dw 00307h,base+0017Ah
  dw 00379h,base+00455h
  dw 00407h,base+0017Ah
  dw 00379h,base+00455h
  dw 00203h,base+0006Dh
  dw 00204h,base+00181h
  dw 00379h,base+0016Eh
  dw 00203h,base+00181h
  dw 00203h,base+003AEh
  dw 00479h,base+004DAh
  dw 00205h,base+003AEh
  dw 00578h,base+00567h
  dw 00509h,base+00489h
  dw 00477h,base+005D9h
  dw 00509h,base+0056Ch
  dw 00407h,base+00242h
  dw 00271h,base+00567h
  dw 00407h,base+000F0h
  dw 00408h,base+003FFh
  dw 00272h,base+00181h
  dw 00406h,base+00242h
  dw 00407h,base+000F0h
  dw 00373h,base+00505h
  dw 00405h,base+00464h
  dw 00508h,base+00495h
  dw 00273h,base+0006Dh
  dw 00203h,base+00181h
  dw 00609h,base+004DEh
  dw 00374h,base+00505h
  dw 00204h,base+00181h
  dw 00508h,base+00495h
  dw 00273h,base+0006Dh
  dw 00205h,base+003AEh
  dw 00407h,base+003FFh
  dw 00374h,base+00180h
  dw 00205h,base+003AEh
  dw 00406h,base+004DAh
  dw 00475h,base+005DDh
  dw 00205h,base+00181h
  dw 00306h,base+00056h
  dw 00375h,base+0017Ah
  dw 00104h,base+0006Dh
  dw 00305h,base+003FFh
  dw 00476h,base+004BFh
  dw 00205h,base+003AEh
  dw 00305h,base+0016Eh
  dw 00476h,base+005E1h
  dw 00205h,base+00181h
  dw 00205h,base+0016Fh
  dw 00276h,base+0012Bh
  dw 00104h,base+0006Dh
  dw 00205h,base+00300h
  dw 00377h,base+00618h
  dw 00104h,base+0006Dh
  dw 00205h,base+00530h
  dw 00377h,base+0061Bh
  dw 00104h,base+00062h
  dw 00104h,base+0000Eh
  dw 0047Bh,base+003FDh
  dw 00204h,base+00530h
  dw 00203h,base+003AEh
  dw 00379h,base+00455h
  dw 00103h,base+0000Eh
  dw 00204h,base+003AEh
  dw 00305h,base+00455h
  dw 00373h,base+0016Eh
  dw 00204h,base+00530h
  dw 00104h,base+0006Dh
  dw 00878h,base+00484h
  dw 00108h,base+00003h
  dw 00778h,base+00484h
  dw 00108h,base+00003h
  dw 0077Fh,base+0023Fh
  dw 0077Eh,base+00163h
  dw 00668h,base+00163h
  dw 00316h,base+00600h
  dw 00600h,base+0046Eh

VoodooWaspIdleframe028:
  db 040h,020h,05Ah,038h
  db 062h
  db 000h,000h,0C8h,000h,000h
  db 000h,000h
  dw 00413h,base+00591h
  dw 0046Eh,base+003FFh
  dw 0050Eh,base+00508h
  dw 00103h,base+00003h
  dw 00373h,base+003FFh
  dw 00107h,base+00003h
  dw 00102h,base+00003h
  dw 00203h,base+0016Fh
  dw 00274h,base+00300h
  dw 00107h,base+0000Eh
  dw 00379h,base+003ABh
  dw 00107h,base+0006Dh
  dw 00373h,base+0016Eh
  dw 00406h,base+00595h
  dw 00207h,base+004F7h
  dw 00272h,base+00025h
  dw 00304h,base+0010Fh
  dw 00509h,base+0050Dh
  dw 00471h,base+0047Fh
  dw 00507h,base+00512h
  dw 00407h,base+00599h
  dw 00672h,base+004E4h
  dw 00307h,base+0000Bh
  dw 00C7Ah,base+00318h
  dw 00206h,base+00021h
  dw 00D80h,base+002B3h
  dw 00D80h,base+002C0h
  dw 00D80h,base+002CDh
  dw 00D80h,base+002DAh
  dw 00E80h,base+00262h
  dw 00E80h,base+00270h
  dw 00305h,base+005E8h
  dw 00A7Bh,base+00409h
  dw 00305h,base+00407h
  dw 00D7Bh,base+002E7h
  dw 00305h,base+005EEh
  dw 00E7Bh,base+0027Eh
  dw 00305h,base+00606h
  dw 00F7Bh,base+00229h
  dw 00102h,base+000C0h
  dw 00102h,base+000A5h
  dw 0117Ch,base+001C9h
  dw 00203h,base+00620h
  dw 01380h,base+00139h
  dw 0137Fh,base+0014Ch
  dw 00203h,base+00004h
  dw 0127Dh,base+00195h
  dw 00203h,base+00181h
  dw 00507h,base+00517h
  dw 00B75h,base+003BEh
  dw 00304h,base+00609h
  dw 00507h,base+0051Ch
  dw 00B74h,base+003C9h
  dw 00305h,base+00455h
  dw 00507h,base+00521h
  dw 00C73h,base+00324h
  dw 00305h,base+00455h
  dw 00203h,base+004BAh
  dw 00405h,base+0059Dh
  dw 00C72h,base+00330h
  dw 00305h,base+0060Ch
  dw 00304h,base+00300h
  dw 00405h,base+0059Dh
  dw 00C72h,base+0033Ch
  dw 00204h,base+00021h
  dw 00405h,base+005A1h
  dw 00405h,base+005A5h
  dw 00C72h,base+00348h
  dw 00204h,base+003E8h
  dw 00203h,base+0016Fh
  dw 00102h,base+0002Ah
  dw 00406h,base+005A9h
  dw 00C71h,base+00354h
  dw 00103h,base+0000Eh
  dw 00204h,base+0000Dh
  dw 00102h,base+0002Ah
  dw 00506h,base+00526h
  dw 00C71h,base+00360h
  dw 00103h,base+0000Eh
  dw 00204h,base+00021h
  dw 00102h,base+0002Ah
  dw 00506h,base+0052Bh
  dw 00C00h,base+0036Ch

VoodooWaspIdleframe029:
  db 038h,016h,064h,058h
  db 064h
  db 000h,000h,0A8h,000h,000h
  db 000h,000h
  dw 00103h,base+0000Eh
  dw 00104h,base+0000Eh
  dw 00304h,base+0060Fh
  dw 00102h,base+0002Ah
  dw 00102h,base+0002Ah
  dw 00C71h,base+00378h
  dw 00103h,base+0000Eh
  dw 00103h,base+0000Eh
  dw 00405h,base+0052Eh
  dw 00102h,base+0002Ah
  dw 00103h,base+0002Ah
  dw 00B70h,base+003D4h
  dw 00203h,base+00530h
  dw 00203h,base+00530h
  dw 00405h,base+005ADh
  dw 00102h,base+0002Ah
  dw 00103h,base+0002Ah
  dw 00C71h,base+00384h
  dw 00102h,base+0000Eh
  dw 00203h,base+00530h
  dw 00102h,base+0002Ah
  dw 00103h,base+0000Eh
  dw 00102h,base+0002Ah
  dw 00103h,base+0002Ah
  dw 00C74h,base+00390h
  dw 00102h,base+00003h
  dw 00102h,base+0002Ah
  dw 00103h,base+0000Eh
  dw 00102h,base+0002Ah
  dw 00103h,base+0002Ah
  dw 00C74h,base+0039Ch
  dw 00102h,base+0000Eh
  dw 00304h,base+00612h
  dw 00203h,base+004F7h
  dw 00104h,base+0002Ah
  dw 00B73h,base+003DFh
  dw 00102h,base+0000Eh
  dw 00304h,base+00612h
  dw 00203h,base+004F7h
  dw 00204h,base+004F7h
  dw 00B73h,base+003EAh
  dw 00506h,base+00530h
  dw 00203h,base+004F7h
  dw 00205h,base+004F7h
  dw 00A74h,base+00413h
  dw 00304h,base+00532h
  dw 00203h,base+004F7h
  dw 00206h,base+004F7h
  dw 00973h,base+00441h
  dw 00102h,base+0002Ah
  dw 00102h,base+0000Eh
  dw 00203h,base+004F7h
  dw 00207h,base+004F7h
  dw 00872h,base+00474h
  dw 00102h,base+0002Ah
  dw 00103h,base+0000Eh
  dw 00102h,base+0002Ah
  dw 00208h,base+004F7h
  dw 00771h,base+0049Ah
  dw 00102h,base+000C0h
  dw 00103h,base+0000Eh
  dw 00102h,base+0002Ah
  dw 00209h,base+004F7h
  dw 00572h,base+00535h
  dw 00103h,base+0000Eh
  dw 00103h,base+0002Ah
  dw 00108h,base+0002Ah
  dw 00572h,base+0053Ah
  dw 00103h,base+0000Eh
  dw 00103h,base+0002Ah
  dw 00108h,base+0002Ah
  dw 00572h,base+0053Fh
  dw 00103h,base+0000Eh
  dw 00203h,base+004F7h
  dw 00108h,base+0002Ah
  dw 00572h,base+00544h
  dw 00106h,base+000AFh
  dw 00208h,base+004F7h
  dw 00580h,base+00549h
  dw 00480h,base+005B1h
  dw 0047Fh,base+005B5h
  dw 00580h,base+0054Eh
  dw 0047Fh,base+005B9h
  dw 00580h,base+00553h
  dw 00400h,base+005BDh


