  dw GoatAttackframe000
  dw GoatAttackframe001
  dw GoatAttackframe002
  dw GoatAttackframe003
  dw GoatAttackframe004
  dw GoatAttackframe005
  dw GoatAttackframe006
  dw GoatAttackframe007
  dw GoatAttackframe008
  dw GoatAttackframe009
  dw GoatAttackframe010
  dw GoatAttackframe011
  dw GoatAttackframe012
  dw GoatAttackframe013
  dw GoatAttackframe014
  dw GoatAttackframe015
  dw GoatAttackframe016
  dw GoatAttackframe017
  dw GoatAttackframe018
  dw GoatAttackframe019
  dw GoatAttackframe020
  dw GoatAttackframe021
  dw GoatAttackframe022
  dw GoatAttackframe023

GoatAttackframe000:
  db 068h,020h,01Ah,000h
  db 03Ah
  db 000h,000h,000h,000h,000h
  db 000h,000h
  dw 00E18h,base+03219h
  dw 00304h,base+027BDh
  dw 00464h,base+0104Dh
  dw 01118h,base+02F04h
  dw 00865h,base+03979h
  dw 0171Ah,base+027BDh
  dw 00966h,base+03835h
  dw 0191Ah,base+02668h
  dw 00965h,base+03835h
  dw 02380h,base+0100Bh
  dw 02380h,base+0102Eh
  dw 02380h,base+01051h
  dw 02381h,base+01074h
  dw 0227Fh,base+01425h
  dw 0237Fh,base+01097h
  dw 0237Fh,base+010BAh
  dw 0247Fh,base+00E37h
  dw 02580h,base+00CA0h
  dw 0257Fh,base+00CC5h
  dw 0267Eh,base+00B70h
  dw 0297Fh,base+00535h
  dw 02B80h,base+00460h
  dw 02B7Fh,base+0048Bh
  dw 02C80h,base+00408h
  dw 02D80h,base+002FAh
  dw 02D80h,base+00327h
  dw 02025h,base+01B74h
  dw 0085Bh,base+03981h
  dw 02026h,base+01B94h
  dw 00859h,base+03989h
  dw 02129h,base+01733h
  dw 00655h,base+03C4Ah
  dw 0232Ch,base+010DDh
  dw 00553h,base+03CE6h
  dw 01B1Ch,base+025CAh
  dw 00812h,base+01077h
  dw 00452h,base+03D04h
  dw 01A1Ch,base+02600h
  dw 00913h,base+0383Eh
  dw 00351h,base+00A62h
  dw 0191Ch,base+02681h
  dw 00914h,base+03835h
  dw 00350h,base+03D14h
  dw 0171Ch,base+027D4h
  dw 00915h,base+03847h
  dw 0024Fh,base+03D20h
  dw 0171Ch,base+027EBh
  dw 00916h,base+03847h
  dw 0024Eh,base+0002Fh
  dw 0171Dh,base+02802h
  dw 00304h,base+00308h
  dw 0035Fh,base+0100Bh
  dw 0181Dh,base+026E5h
  dw 00305h,base+027BDh
  dw 00200h,base+0104Fh

GoatAttackframe001:
  db 06Ah,023h,00Ch,020h
  db 01Ah
  db 000h,000h,0E0h,000h,000h
  db 000h,000h
  dw 01880h,base+026FDh
  dw 01880h,base+02715h
  dw 01880h,base+0272Dh
  dw 01880h,base+02745h
  dw 0177Fh,base+02819h
  dw 01880h,base+0275Dh
  dw 01780h,base+02830h
  dw 0177Fh,base+02847h
  dw 01480h,base+02AA7h
  dw 01480h,base+02ABBh
  dw 0147Fh,base+02ACFh
  dw 01580h,base+02996h
  dw 01580h,base+029ABh
  dw 01112h,base+02F15h
  dw 0026Dh,base+00308h
  dw 01180h,base+02F26h
  dw 01180h,base+02F37h
  dw 0117Fh,base+02F48h
  dw 0127Fh,base+02D78h
  dw 01280h,base+02D8Ah
  dw 01280h,base+02D9Ch
  dw 01280h,base+02DAEh
  dw 01180h,base+02F59h
  dw 01180h,base+02F6Ah
  dw 01180h,base+02F7Bh
  dw 01126h,base+02F8Ch
  dw 0035Ah,base+000FDh
  dw 0111Ah,base+02F9Dh
  dw 00307h,base+000FDh
  dw 00A5Fh,base+03641h
  dw 01119h,base+02FAEh
  dw 01367h,base+02C0Fh
  dw 01119h,base+02FBFh
  dw 01466h,base+02AE3h
  dw 01219h,base+02DC0h
  dw 01667h,base+028BAh
  dw 01219h,base+02DD2h
  dw 01767h,base+0285Eh
  dw 01319h,base+02C22h
  dw 01867h,base+02775h
  dw 01319h,base+02C35h
  dw 00305h,base+005B6h
  dw 01562h,base+029C0h
  dw 01419h,base+02AF7h
  dw 00305h,base+03D17h
  dw 01662h,base+028D0h
  dw 01419h,base+02B0Bh
  dw 00304h,base+005B6h
  dw 01763h,base+02875h
  dw 01419h,base+02B1Fh
  dw 01C00h,base+00587h

GoatAttackframe002:
  db 07Eh,019h,00Ch,043h
  db 00Ch
  db 000h,000h,0BDh,000h,000h
  db 000h,000h
  dw 01319h,base+02C48h
  dw 01C67h,base+005B0h
  dw 0131Ah,base+02C5Bh
  dw 01C66h,base+0255Ah
  dw 0111Ah,base+02FD0h
  dw 01D66h,base+0224Bh
  dw 0101Ah,base+03047h
  dw 01D66h,base+02268h
  dw 0101Bh,base+03057h
  dw 01D65h,base+02285h
  dw 0101Bh,base+03067h
  dw 01D65h,base+022A2h
  dw 0101Ch,base+03077h
  dw 01D64h,base+022BFh
  dw 0101Ch,base+03087h
  dw 01D64h,base+022DCh
  dw 01019h,base+03097h
  dw 02067h,base+01BB4h
  dw 01019h,base+030A7h
  dw 02167h,base+01754h
  dw 01019h,base+030B7h
  dw 02167h,base+01775h
  dw 01019h,base+030C7h
  dw 02167h,base+01796h
  dw 01018h,base+030D7h
  dw 02368h,base+01100h
  dw 01018h,base+030E7h
  dw 02368h,base+01123h
  dw 01017h,base+030F7h
  dw 02469h,base+00E5Bh
  dw 01017h,base+03107h
  dw 02569h,base+00CEAh
  dw 01017h,base+03117h
  dw 02569h,base+00D0Fh
  dw 01216h,base+02DE4h
  dw 0266Ah,base+00B96h
  dw 01216h,base+02DF6h
  dw 0276Ah,base+009C3h
  dw 01316h,base+02C6Eh
  dw 0276Ah,base+009EAh
  dw 01316h,base+02C81h
  dw 0286Ah,base+0062Bh
  dw 01316h,base+02C94h
  dw 0286Ah,base+00653h
  dw 01316h,base+02CA7h
  dw 0296Ah,base+0055Eh
  dw 01317h,base+02CBAh
  dw 02869h,base+0067Bh
  dw 01317h,base+02CCDh
  dw 02800h,base+006A3h

GoatAttackframe003:
  db 084h,014h,00Ch,05Ch
  db 00Ch
  db 000h,000h,0A4h,000h,000h
  db 000h,000h
  dw 01317h,base+02CE0h
  dw 02869h,base+006CBh
  dw 01318h,base+02CF3h
  dw 02868h,base+006F3h
  dw 01318h,base+02D06h
  dw 02868h,base+0071Bh
  dw 01318h,base+02D19h
  dw 00607h,base+03C50h
  dw 02261h,base+01447h
  dw 01318h,base+02D2Ch
  dw 00607h,base+03C56h
  dw 02261h,base+01469h
  dw 01418h,base+02B33h
  dw 00608h,base+03C56h
  dw 02160h,base+017B7h
  dw 01418h,base+02B47h
  dw 00608h,base+03C5Ch
  dw 02160h,base+017D8h
  dw 01518h,base+029D5h
  dw 00609h,base+03C5Ch
  dw 0215Fh,base+017F9h
  dw 01518h,base+029EAh
  dw 0060Bh,base+03C62h
  dw 01F5Dh,base+01E54h
  dw 01518h,base+029FFh
  dw 0060Ah,base+03C68h
  dw 0205Eh,base+01BD4h
  dw 01518h,base+02A14h
  dw 0060Ah,base+03C68h
  dw 0205Eh,base+01BF4h
  dw 01518h,base+02A29h
  dw 00609h,base+03C68h
  dw 0215Fh,base+0181Ah
  dw 01418h,base+02B5Bh
  dw 00609h,base+03C68h
  dw 0215Fh,base+0183Bh
  dw 01418h,base+02B6Fh
  dw 00609h,base+03C6Eh
  dw 0215Fh,base+0185Ch
  dw 01117h,base+02FE1h
  dw 00709h,base+031B8h
  dw 02260h,base+0148Bh
  dw 01217h,base+02E08h
  dw 00709h,base+03B01h
  dw 02260h,base+014ADh
  dw 01217h,base+02E1Ah
  dw 00708h,base+03B08h
  dw 02361h,base+01146h
  dw 01217h,base+02E2Ch
  dw 00708h,base+004B6h
  dw 02361h,base+01169h
  dw 01217h,base+02E3Eh
  dw 02B69h,base+004B6h
  dw 01217h,base+02E50h
  dw 00607h,base+03C74h
  dw 02400h,base+00E7Fh

GoatAttackframe004:
  db 08Ch,018h,00Eh,070h
  db 00Eh
  db 000h,000h,090h,000h,000h
  db 000h,000h
  dw 01216h,base+02E62h
  dw 02A6Ah,base+004E1h
  dw 01216h,base+02E74h
  dw 02A6Ah,base+0050Bh
  dw 01316h,base+02D3Fh
  dw 02021h,base+01C14h
  dw 00949h,base+0197Ah
  dw 01316h,base+02D52h
  dw 01D1Eh,base+022F9h
  dw 00204h,base+03D22h
  dw 00948h,base+03763h
  dw 01416h,base+02B83h
  dw 01D1Eh,base+02316h
  dw 00204h,base+03D22h
  dw 00A48h,base+02ECEh
  dw 01416h,base+02B97h
  dw 01D1Eh,base+02333h
  dw 00204h,base+02590h
  dw 00B49h,base+03518h
  dw 01415h,base+02BABh
  dw 01C1Fh,base+02576h
  dw 00104h,base+00005h
  dw 00A48h,base+0364Bh
  dw 01415h,base+02BBFh
  dw 00A0Ch,base+03655h
  dw 00A0Bh,base+0365Fh
  dw 0050Ch,base+03CEBh
  dw 00B48h,base+03523h
  dw 01F21h,base+01E73h
  dw 00A0Bh,base+03669h
  dw 0040Dh,base+03CEBh
  dw 00A47h,base+03673h
  dw 01E23h,base+0215Bh
  dw 0070Ah,base+035E2h
  dw 0010Ch,base+00005h
  dw 00B48h,base+0352Eh
  dw 01D22h,base+02350h
  dw 0070Ah,base+035E2h
  dw 0010Dh,base+00005h
  dw 00B47h,base+03539h
  dw 01C22h,base+02592h
  dw 00718h,base+035E2h
  dw 00A46h,base+0330Ch
  dw 01C22h,base+025AEh
  dw 00719h,base+035E2h
  dw 00946h,base+0331Ah
  dw 01B21h,base+025E5h
  dw 0081Ah,base+00E9Ah
  dw 00845h,base+03328h
  dw 01A21h,base+0261Ah
  dw 0081Ch,base+03991h
  dw 00643h,base+03C20h
  dw 01A22h,base+02634h
  dw 0071Ch,base+03B0Fh
  dw 00542h,base+03CDAh
  dw 01A23h,base+0264Eh
  dw 0061Ch,base+02581h
  dw 00442h,base+031E8h
  dw 01923h,base+0269Ah
  dw 0051Bh,base+03B71h
  dw 00442h,base+031E8h
  dw 01923h,base+026B3h
  dw 0051Bh,base+03B71h
  dw 00442h,base+031E8h
  dw 01923h,base+026CCh
  dw 0061Ah,base+02581h
  dw 00544h,base+0179Ah
  dw 01822h,base+0278Dh
  dw 00619h,base+03C7Ah
  dw 00645h,base+03C80h
  dw 01821h,base+027A5h
  dw 0071Ah,base+03B0Fh
  dw 00546h,base+03A6Ch
  dw 01720h,base+0288Ch
  dw 0071Ah,base+02321h
  dw 00546h,base+03A6Ch
  dw 01620h,base+028E6h
  dw 0071Ah,base+03B16h
  dw 00500h,base+000FDh

GoatAttackframe005:
  db 068h,023h,028h,021h
  db 05Eh
  db 000h,000h,0DFh,000h,000h
  db 000h,000h
  dw 00380h,base+00A14h
  dw 0047Fh,base+03D08h
  dw 00680h,base+03C86h
  dw 00780h,base+03B1Dh
  dw 00780h,base+01330h
  dw 0080Ah,base+03999h
  dw 00276h,base+00001h
  dw 00D81h,base+0326Dh
  dw 00E80h,base+03227h
  dw 00E80h,base+03147h
  dw 00F80h,base+03147h
  dw 00F80h,base+03156h
  dw 00F80h,base+03165h
  dw 00F7Fh,base+03174h
  dw 00F80h,base+03183h
  dw 00F80h,base+03192h
  dw 00D80h,base+03192h
  dw 00D69h,base+0327Ah
  dw 00117h,base+00068h
  dw 00C69h,base+03398h
  dw 00218h,base+03D24h
  dw 00A68h,base+02AFDh
  dw 0021Eh,base+03D26h
  dw 00461h,base+0034Fh
  dw 0031Fh,base+00A62h
  dw 00461h,base+0034Fh
  dw 0041Fh,base+03D0Ch
  dw 00461h,base+0034Fh
  dw 00417h,base+03D0Ch
  dw 00308h,base+000FDh
  dw 00461h,base+00001h
  dw 0040Bh,base+02AA7h
  dw 00307h,base+000FDh
  dw 00A0Dh,base+03641h
  dw 0030Bh,base+00000h
  dw 00356h,base+02784h
  dw 0050Ah,base+02E93h
  dw 01316h,base+02C0Fh
  dw 00209h,base+00003h
  dw 00557h,base+03CF0h
  dw 0060Ah,base+0324Ah
  dw 0141Fh,base+02AE3h
  dw 00656h,base+02D84h
  dw 0080Ah,base+039A1h
  dw 0161Fh,base+028BAh
  dw 00757h,base+01330h
  dw 0080Ah,base+039A9h
  dw 0171Fh,base+0285Eh
  dw 00857h,base+03227h
  dw 0080Ah,base+039B1h
  dw 0181Eh,base+02775h
  dw 00A57h,base+0367Dh
  dw 0090Bh,base+03850h
  dw 00305h,base+005B6h
  dw 01519h,base+029C0h
  dw 00A57h,base+000B7h
  dw 0090Bh,base+03859h
  dw 00305h,base+03D17h
  dw 01619h,base+028D0h
  dw 00B57h,base+03544h
  dw 0090Bh,base+03862h
  dw 00304h,base+005B6h
  dw 01719h,base+02875h
  dw 00C58h,base+033A4h
  dw 0090Bh,base+0386Bh
  dw 02975h,base+00587h
  dw 0090Bh,base+0386Bh
  dw 02976h,base+005B0h
  dw 0070Bh,base+03B24h
  dw 02800h,base+00743h

GoatAttackframe006:
  db 08Ch,019h,00Eh,044h
  db 02Ah
  db 000h,000h,0BCh,000h,000h
  db 000h,000h
  dw 0070Bh,base+03B2Bh
  dw 02875h,base+0076Bh
  dw 0060Bh,base+03C8Ch
  dw 02875h,base+00793h
  dw 0060Ch,base+00BDCh
  dw 02774h,base+00A11h
  dw 0060Ch,base+00BDCh
  dw 02775h,base+00A38h
  dw 0040Ch,base+0034Fh
  dw 02574h,base+00D34h
  dw 0040Ch,base+0134Fh
  dw 02570h,base+00D59h
  dw 0020Dh,base+00000h
  dw 02773h,base+00A5Fh
  dw 0030Dh,base+00002h
  dw 02672h,base+00BBCh
  dw 0040Eh,base+00000h
  dw 02672h,base+00BE2h
  dw 0040Eh,base+00000h
  dw 02572h,base+00D7Eh
  dw 0040Dh,base+00000h
  dw 02223h,base+014CFh
  dw 00350h,base+00002h
  dw 0040Dh,base+00000h
  dw 02373h,base+0118Ch
  dw 0040Ch,base+0034Fh
  dw 02474h,base+00EA3h
  dw 0040Ch,base+0034Fh
  dw 02474h,base+00EC7h
  dw 0040Ch,base+0034Fh
  dw 02527h,base+00DA3h
  dw 0064Dh,base+03C92h
  dw 0040Bh,base+00001h
  dw 02627h,base+00C08h
  dw 0084Eh,base+039B9h
  dw 0070Bh,base+03B32h
  dw 02F75h,base+001B1h
  dw 0070Bh,base+03B39h
  dw 03075h,base+00031h
  dw 0080Bh,base+039C1h
  dw 03075h,base+00061h
  dw 0080Bh,base+039C9h
  dw 03075h,base+00091h
  dw 0080Bh,base+039C9h
  dw 03070h,base+000C1h
  dw 00305h,base+00168h
  dw 0080Ch,base+039C9h
  dw 0306Eh,base+000F1h
  dw 00506h,base+03CF5h
  dw 0080Ch,base+039D1h
  dw 0306Bh,base+00121h
  dw 01115h,base+02FF2h
  dw 0306Ah,base+00151h
  dw 01217h,base+02E86h
  dw 02F00h,base+001E0h

GoatAttackframe007:
  db 08Ch,017h,00Eh,05Dh
  db 00Eh
  db 000h,000h,0A3h,000h,000h
  db 000h,000h
  dw 00B0Dh,base+0354Fh
  dw 0050Ah,base+02E93h
  dw 02F69h,base+0020Fh
  dw 00C0Dh,base+033B0h
  dw 0040Ah,base+02AA7h
  dw 02F69h,base+0023Eh
  dw 00C0Eh,base+033BCh
  dw 00309h,base+02E3Bh
  dw 02F69h,base+0026Dh
  dw 00C0Eh,base+033C8h
  dw 00209h,base+00068h
  dw 02F69h,base+0029Ch
  dw 00D17h,base+03287h
  dw 02F6Ah,base+002CBh
  dw 00C16h,base+033D4h
  dw 00809h,base+03689h
  dw 02561h,base+00DC8h
  dw 00C14h,base+033E0h
  dw 00A0Dh,base+03687h
  dw 02360h,base+011AFh
  dw 00A13h,base+03691h
  dw 00A0Dh,base+0369Bh
  dw 02361h,base+011D2h
  dw 00304h,base+036B9h
  dw 0040Dh,base+00BBFh
  dw 00B0Eh,base+0355Ah
  dw 02265h,base+014F1h
  dw 0030Dh,base+02784h
  dw 00A0Eh,base+036A5h
  dw 02372h,base+011F5h
  dw 00A0Eh,base+036A5h
  dw 02372h,base+01218h
  dw 00A0Fh,base+036AFh
  dw 02371h,base+0123Bh
  dw 00A0Fh,base+036B9h
  dw 02372h,base+0125Eh
  dw 0090Eh,base+03874h
  dw 02372h,base+01281h
  dw 0080Dh,base+039D9h
  dw 0236Ch,base+012A4h
  dw 00307h,base+00A14h
  dw 0080Dh,base+039E1h
  dw 01F20h,base+01E92h
  dw 0034Bh,base+036B9h
  dw 00508h,base+03CFAh
  dw 0080Ch,base+039E9h
  dw 02062h,base+01C34h
  dw 00209h,base+00008h
  dw 0060Ah,base+02996h
  dw 0060Bh,base+03C98h
  dw 02061h,base+01C54h
  dw 0040Ah,base+03D0Ch
  dw 0070Ah,base+015EEh
  dw 0060Bh,base+03C9Eh
  dw 02061h,base+01C74h
  dw 00409h,base+0191Eh
  dw 0080Bh,base+039F1h
  dw 0070Bh,base+03B40h
  dw 01F61h,base+01EB1h
  dw 00509h,base+02E93h
  dw 0070Bh,base+02E89h
  dw 0070Bh,base+03B47h
  dw 02261h,base+01513h
  dw 00508h,base+00D80h
  dw 0080Ch,base+039F9h
  dw 0080Bh,base+03A01h
  dw 01516h,base+02A3Eh
  dw 00C4Bh,base+033ECh
  dw 00608h,base+02D84h
  dw 0080Ch,base+039F1h
  dw 0080Bh,base+03A01h
  dw 01213h,base+02E98h
  dw 00204h,base+03D22h
  dw 00C00h,base+033F8h

GoatAttackframe008:
  db 098h,015h,002h,073h
  db 012h
  db 000h,000h,08Dh,000h,000h
  db 000h,000h
  dw 00608h,base+02D84h
  dw 0080Ch,base+039F1h
  dw 0080Bh,base+03A01h
  dw 01213h,base+02E98h
  dw 00204h,base+03D22h
  dw 00C48h,base+033F8h
  dw 0080Ah,base+03A09h
  dw 0080Ch,base+03227h
  dw 0080Bh,base+03A11h
  dw 01213h,base+02EAAh
  dw 00204h,base+03D22h
  dw 00C48h,base+03404h
  dw 0080Ah,base+03A19h
  dw 0070Ch,base+02E89h
  dw 0080Bh,base+03A11h
  dw 01213h,base+02EBCh
  dw 00304h,base+03D1Ah
  dw 00C45h,base+03410h
  dw 00A0Dh,base+036C3h
  dw 0070Ch,base+015EEh
  dw 0080Bh,base+03A11h
  dw 01113h,base+03003h
  dw 00405h,base+03D10h
  dw 00C44h,base+0341Ch
  dw 00A0Dh,base+036CDh
  dw 0060Ch,base+007FDh
  dw 0080Ch,base+03A21h
  dw 01012h,base+03127h
  dw 00405h,base+0191Eh
  dw 00C43h,base+03428h
  dw 00A0Dh,base+036D7h
  dw 0080Dh,base+03A29h
  dw 0070Ch,base+03A11h
  dw 00F11h,base+031A1h
  dw 00607h,base+03CA4h
  dw 00B41h,base+03565h
  dw 00C0Eh,base+03434h
  dw 0090Dh,base+0387Dh
  dw 0050Eh,base+03A11h
  dw 00D0Fh,base+03294h
  dw 00607h,base+007FDh
  dw 00B41h,base+03570h
  dw 00C0Dh,base+03440h
  dw 00A0Fh,base+036E1h
  dw 0040Dh,base+03508h
  dw 00D0Fh,base+032A1h
  dw 00608h,base+007FDh
  dw 00B3Fh,base+0357Bh
  dw 00708h,base+01330h
  dw 00506h,base+00BDCh
  dw 00A0Fh,base+036EBh
  dw 0050Dh,base+031D5h
  dw 00C0Fh,base+0344Ch
  dw 00609h,base+007FDh
  dw 00A3Eh,base+036F5h
  dw 00809h,base+039F1h
  dw 00405h,base+0034Fh
  dw 00A0Fh,base+036FFh
  dw 0050Dh,base+00590h
  dw 00C0Dh,base+03458h
  dw 0090Ch,base+03886h
  dw 0093Dh,base+0388Fh
  dw 00809h,base+03A31h
  dw 00406h,base+0134Fh
  dw 0090Eh,base+03898h
  dw 0050Dh,base+03A6Ch
  dw 00C0Dh,base+03464h
  dw 0090Dh,base+038A1h
  dw 0083Ch,base+03A39h
  dw 0090Ah,base+038AAh
  dw 00205h,base+00001h
  dw 0080Eh,base+0313Dh
  dw 0050Eh,base+03A6Ch
  dw 00A0Bh,base+03709h
  dw 00A0Fh,base+03713h
  dw 0073Ch,base+03B4Eh
  dw 0080Fh,base+03341h
  dw 0070Ch,base+03B55h
  dw 0070Fh,base+03B5Ch
  dw 00A0Bh,base+0371Dh
  dw 00B0Fh,base+03586h
  dw 0073Ch,base+03B63h
  dw 00810h,base+03A41h
  dw 0050Bh,base+00BDCh
  dw 00710h,base+03B5Ch
  dw 0080Ah,base+03A49h
  dw 00B0Eh,base+03591h
  dw 0083Eh,base+03A51h
  dw 00710h,base+03AB9h
  dw 0040Ah,base+0134Fh
  dw 00711h,base+03B6Ah
  dw 0070Ah,base+03B71h
  dw 00A0Dh,base+03727h
  dw 0083Eh,base+03A51h
  dw 0071Ah,base+03B78h
  dw 00711h,base+03B7Fh
  dw 0070Ah,base+03B86h
  dw 00A0Dh,base+03731h
  dw 0083Fh,base+03A59h
  dw 00619h,base+03C43h
  dw 00711h,base+03B8Dh
  dw 0060Ah,base+03A49h
  dw 00A0Dh,base+0373Bh
  dw 0083Fh,base+03A61h
  dw 00619h,base+03CAAh
  dw 00711h,base+03B94h
  dw 0060Bh,base+03C7Ah
  dw 0090Bh,base+02AFDh
  dw 00941h,base+038B3h
  dw 00518h,base+034EBh
  dw 00710h,base+03B0Fh
  dw 0070Ch,base+03B0Fh
  dw 0090Bh,base+0313Eh
  dw 0085Ah,base+03A69h
  dw 0050Fh,base+01161h
  dw 0071Ah,base+02321h
  dw 00557h,base+03A6Ch
  dw 0050Fh,base+000FDh
  dw 0071Ah,base+03B15h
  dw 00500h,base+000FDh

GoatAttackframe009:
  db 06Eh,021h,030h,037h
  db 05Ah
  db 000h,000h,0C9h,000h,000h
  db 000h,000h
  dw 00374h,base+000FDh
  dw 00307h,base+000FDh
  dw 00A78h,base+03641h
  dw 01380h,base+02C0Fh
  dw 0147Fh,base+02AE3h
  dw 01680h,base+028BAh
  dw 01780h,base+0285Eh
  dw 01880h,base+02775h
  dw 00305h,base+005B6h
  dw 0157Bh,base+029C0h
  dw 00305h,base+03D17h
  dw 0167Bh,base+028D0h
  dw 00304h,base+005B6h
  dw 0177Ch,base+02875h
  dw 01C80h,base+00587h
  dw 01C81h,base+005B0h
  dw 01C80h,base+0255Ah
  dw 01D80h,base+0236Dh
  dw 01D81h,base+0238Ah
  dw 01D80h,base+023A7h
  dw 01D81h,base+023C4h
  dw 01D80h,base+023E1h
  dw 01D7Dh,base+023FEh
  dw 02080h,base+01C94h
  dw 02125h,base+0187Dh
  dw 0025Bh,base+0002Fh
  dw 02124h,base+0189Eh
  dw 0035Ch,base+00A62h
  dw 02124h,base+018BFh
  dw 0045Bh,base+0185Ch
  dw 02224h,base+01535h
  dw 0055Ch,base+039A9h
  dw 02324h,base+012C7h
  dw 0055Bh,base+039A9h
  dw 02425h,base+00EEBh
  dw 0065Bh,base+03CA4h
  dw 02425h,base+00F0Fh
  dw 0065Bh,base+02996h
  dw 02C7Fh,base+00434h
  dw 02D80h,base+00354h
  dw 02D7Dh,base+00381h
  dw 00203h,base+00003h
  dw 02D7Ch,base+003AEh
  dw 00304h,base+00000h
  dw 02D2Fh,base+003DBh
  dw 0044Dh,base+00A82h
  dw 03032h,base+00181h
  dw 00500h,base+039A9h

GoatAttackframe010:
  db 09Ch,00Ch,00Ah,058h
  db 02Eh
  db 000h,000h,0A8h,000h,000h
  db 000h,000h
  dw 03133h,base+00000h
  dw 0064Dh,base+02D84h
  dw 00506h,base+00BDDh
  dw 0292Ch,base+005D9h
  dw 0074Ch,base+01330h
  dw 00608h,base+02DC3h
  dw 0292Ch,base+00602h
  dw 0094Bh,base+038BCh
  dw 00709h,base+03B9Bh
  dw 0282Ch,base+007BBh
  dw 00A4Bh,base+03745h
  dw 0070Ah,base+03BA2h
  dw 0272Bh,base+00A86h
  dw 00A3Dh,base+0374Fh
  dw 0030Dh,base+03D1Dh
  dw 0070Bh,base+03B78h
  dw 0282Ch,base+007E3h
  dw 0093Ch,base+038C5h
  dw 0030Dh,base+015ABh
  dw 0070Bh,base+03AE1h
  dw 00607h,base+03C50h
  dw 02125h,base+018E0h
  dw 0093Bh,base+038CEh
  dw 0050Eh,base+03CFFh
  dw 0070Bh,base+03BA9h
  dw 00607h,base+03C56h
  dw 02225h,base+01557h
  dw 0093Bh,base+038D7h
  dw 0050Dh,base+00D80h
  dw 0080Ch,base+03A71h
  dw 00608h,base+03C56h
  dw 02125h,base+01901h
  dw 0073Ah,base+03BB0h
  dw 0050Dh,base+00D80h
  dw 0080Ch,base+03A79h
  dw 00608h,base+03C5Ch
  dw 02225h,base+01579h
  dw 0073Ah,base+03BB7h
  dw 0060Ch,base+02D84h
  dw 0090Dh,base+038E0h
  dw 00609h,base+03C5Ch
  dw 02125h,base+01922h
  dw 00539h,base+00A54h
  dw 0060Ch,base+02D84h
  dw 0090Dh,base+038E0h
  dw 0060Bh,base+03C62h
  dw 01F23h,base+01ED0h
  dw 00500h,base+00000h

GoatAttackframe011:
  db 0A2h,012h,006h,064h
  db 008h
  db 000h,000h,09Ch,000h,000h
  db 000h,000h
  dw 0070Dh,base+03BBEh
  dw 0080Dh,base+038E0h
  dw 0060Bh,base+03C68h
  dw 01F5Ah,base+01EEFh
  dw 0080Eh,base+03A09h
  dw 0080Dh,base+038E0h
  dw 0060Bh,base+03C68h
  dw 0205Ah,base+01CB4h
  dw 0080Fh,base+03A19h
  dw 0070Ch,base+03AB9h
  dw 0060Bh,base+03C68h
  dw 02025h,base+01CD4h
  dw 00235h,base+00068h
  dw 0070Fh,base+03BC5h
  dw 0070Ch,base+03BCCh
  dw 0060Bh,base+03C68h
  dw 02025h,base+01CF4h
  dw 00535h,base+01530h
  dw 00710h,base+03BD3h
  dw 00607h,base+032F5h
  dw 00204h,base+0002Fh
  dw 0060Ch,base+03C6Eh
  dw 01F23h,base+01F0Eh
  dw 00636h,base+02996h
  dw 00712h,base+03BDAh
  dw 00F15h,base+031B0h
  dw 01F23h,base+01F2Dh
  dw 00737h,base+015EEh
  dw 00709h,base+03140h
  dw 00208h,base+00068h
  dw 00F15h,base+031BFh
  dw 02023h,base+01D14h
  dw 00738h,base+02E89h
  dw 00608h,base+03141h
  dw 00309h,base+02E3Bh
  dw 00E13h,base+03235h
  dw 02124h,base+01943h
  dw 00738h,base+02E89h
  dw 00607h,base+00BDCh
  dw 0040Ch,base+02AA7h
  dw 00C11h,base+03470h
  dw 02224h,base+0159Bh
  dw 00739h,base+03BE1h
  dw 00406h,base+0034Fh
  dw 0050Ch,base+02E93h
  dw 00C10h,base+0347Ch
  dw 02325h,base+012EAh
  dw 0073Ah,base+03BE8h
  dw 00304h,base+00002h
  dw 0060Dh,base+02996h
  dw 00B10h,base+0359Ch
  dw 02325h,base+0130Dh
  dw 0073Eh,base+03BEFh
  dw 0060Ch,base+007FDh
  dw 00C11h,base+03488h
  dw 02325h,base+01330h
  dw 0063Dh,base+03CB0h
  dw 0080Dh,base+039F1h
  dw 00C11h,base+03494h
  dw 02225h,base+015BDh
  dw 0063Bh,base+0144Dh
  dw 00A0Fh,base+03759h
  dw 00C11h,base+034A0h
  dw 02224h,base+015DFh
  dw 0063Bh,base+03CB6h
  dw 00B10h,base+035A7h
  dw 00B11h,base+035B2h
  dw 02124h,base+01964h
  dw 0063Bh,base+03CBCh
  dw 00C10h,base+034ACh
  dw 00B11h,base+035BDh
  dw 01617h,base+028FCh
  dw 00A0Dh,base+03763h
  dw 0063Bh,base+036ECh
  dw 00C10h,base+034B8h
  dw 00B11h,base+035C8h
  dw 01617h,base+02912h
  dw 00A0Dh,base+02ECEh
  dw 0063Bh,base+03CC2h
  dw 00D10h,base+032AEh
  dw 00B11h,base+035D3h
  dw 01617h,base+02928h
  dw 00B0Dh,base+03518h
  dw 00600h,base+03CC8h

GoatAttackframe012:
  db 050h,021h,038h,037h
  db 05Ah
  db 000h,000h,0C9h,000h,000h
  db 000h,000h
  dw 00374h,base+000FDh
  dw 00307h,base+000FDh
  dw 00A78h,base+03641h
  dw 01380h,base+02C0Fh
  dw 0147Fh,base+02AE3h
  dw 01680h,base+028BAh
  dw 01780h,base+0285Eh
  dw 01880h,base+02775h
  dw 00305h,base+005B6h
  dw 0157Bh,base+029C0h
  dw 00305h,base+03D17h
  dw 0167Bh,base+028D0h
  dw 00304h,base+005B6h
  dw 0177Ch,base+02875h
  dw 01C80h,base+00587h
  dw 01C81h,base+005B0h
  dw 01C80h,base+0255Ah
  dw 01D80h,base+0236Dh
  dw 01D81h,base+0238Ah
  dw 01D80h,base+023A7h
  dw 01D81h,base+023C4h
  dw 01D80h,base+023E1h
  dw 01D7Dh,base+023FEh
  dw 02080h,base+01C94h
  dw 02180h,base+0187Dh
  dw 02180h,base+0189Eh
  dw 0217Fh,base+01985h
  dw 02280h,base+01601h
  dw 0237Fh,base+01353h
  dw 02480h,base+00F33h
  dw 02480h,base+00F0Fh
  dw 0257Fh,base+00DEDh
  dw 02680h,base+00C2Eh
  dw 02680h,base+00381h
  dw 02780h,base+00AADh
  dw 02780h,base+003DBh
  dw 02800h,base+0080Bh

GoatAttackframe013:
  db 058h,00Ch,038h,058h
  db 038h
  db 000h,000h,0A8h,000h,000h
  db 000h,000h
  dw 02881h,base+00005h
  dw 02880h,base+00833h
  dw 02880h,base+0085Bh
  dw 02881h,base+00883h
  dw 02780h,base+00AD4h
  dw 02880h,base+008ABh
  dw 00607h,base+03C50h
  dw 02179h,base+019A6h
  dw 00607h,base+03C56h
  dw 02279h,base+01623h
  dw 00608h,base+03C56h
  dw 02178h,base+019C7h
  dw 00608h,base+03C5Ch
  dw 02178h,base+019E8h
  dw 00609h,base+03C5Ch
  dw 02077h,base+01D34h
  dw 0060Bh,base+03C62h
  dw 01F00h,base+01F4Ch

GoatAttackframe014:
  db 07Ah,012h,028h,064h
  db 03Ch
  db 000h,000h,09Ch,000h,000h
  db 000h,000h
  dw 0060Bh,base+03C68h
  dw 01F75h,base+01F6Bh
  dw 0060Bh,base+03C68h
  dw 01F75h,base+01F8Ah
  dw 0060Bh,base+03C68h
  dw 01F75h,base+01FA9h
  dw 0060Bh,base+03C68h
  dw 01F75h,base+01FC8h
  dw 0060Ch,base+03C6Eh
  dw 01E73h,base+02179h
  dw 0070Dh,base+031B8h
  dw 02073h,base+01D54h
  dw 0070Dh,base+03B01h
  dw 02173h,base+01A09h
  dw 0070Ch,base+03B08h
  dw 02274h,base+01645h
  dw 0070Ch,base+004B6h
  dw 02274h,base+01667h
  dw 0070Bh,base+004B6h
  dw 02375h,base+01376h
  dw 0060Bh,base+03C74h
  dw 02375h,base+01399h
  dw 0060Bh,base+004E1h
  dw 02275h,base+01689h
  dw 0060Bh,base+03CCEh
  dw 02123h,base+01A2Ah
  dw 00452h,base+00A82h
  dw 0060Bh,base+03CD4h
  dw 02022h,base+01D74h
  dw 00553h,base+039A9h
  dw 0050Bh,base+03A01h
  dw 01516h,base+02A53h
  dw 00A0Ch,base+0376Dh
  dw 00653h,base+02D84h
  dw 0050Bh,base+03A01h
  dw 01517h,base+02A68h
  dw 0090Ah,base+038E9h
  dw 0074Ch,base+03BF6h
  dw 00208h,base+0002Fh
  dw 0050Bh,base+03A11h
  dw 01517h,base+02A7Dh
  dw 01255h,base+02ECEh
  dw 00309h,base+00A62h
  dw 0050Bh,base+03A11h
  dw 01617h,base+0293Eh
  dw 01200h,base+02EE0h

GoatAttackframe015:
  db 048h,01Bh,03Ah,037h
  db 05Ah
  db 000h,000h,0C9h,000h,000h
  db 000h,000h
  dw 00374h,base+000FDh
  dw 00307h,base+000FDh
  dw 00A78h,base+03641h
  dw 01380h,base+02C0Fh
  dw 0147Fh,base+02AE3h
  dw 01680h,base+028BAh
  dw 01780h,base+0285Eh
  dw 01880h,base+02775h
  dw 00305h,base+005B6h
  dw 0157Bh,base+029C0h
  dw 00305h,base+03D17h
  dw 0167Bh,base+028D0h
  dw 00304h,base+005B6h
  dw 0177Ch,base+02875h
  dw 01C80h,base+00587h
  dw 01C81h,base+005B0h
  dw 01C80h,base+0255Ah
  dw 01D80h,base+0236Dh
  dw 01D81h,base+0238Ah
  dw 01D80h,base+023A7h
  dw 01D81h,base+023C4h
  dw 01D80h,base+023E1h
  dw 01D7Dh,base+023FEh
  dw 02080h,base+01C94h
  dw 02180h,base+0187Dh
  dw 02180h,base+0189Eh
  dw 0217Fh,base+01985h
  dw 02280h,base+016ABh
  dw 0237Fh,base+013BCh
  dw 02480h,base+00F57h
  dw 02400h,base+00F0Fh

GoatAttackframe016:
  db 058h,01Bh,038h,052h
  db 03Ah
  db 000h,000h,0AEh,000h,000h
  db 000h,000h
  dw 0257Fh,base+00DEDh
  dw 02680h,base+00C2Eh
  dw 02680h,base+00381h
  dw 02780h,base+00AADh
  dw 02780h,base+003DBh
  dw 02880h,base+0080Bh
  dw 02881h,base+00005h
  dw 02880h,base+00833h
  dw 02880h,base+0085Bh
  dw 02881h,base+00883h
  dw 02780h,base+00AD4h
  dw 02880h,base+008ABh
  dw 00607h,base+03C50h
  dw 02179h,base+019A6h
  dw 00607h,base+03C56h
  dw 02279h,base+01623h
  dw 00608h,base+03C56h
  dw 02178h,base+019C7h
  dw 00608h,base+03C5Ch
  dw 02178h,base+019E8h
  dw 00609h,base+03C5Ch
  dw 02077h,base+01D34h
  dw 0060Bh,base+03C62h
  dw 01F75h,base+01F4Ch
  dw 0060Bh,base+03C68h
  dw 01F75h,base+01F6Bh
  dw 0060Bh,base+03C68h
  dw 01F75h,base+01FE7h
  dw 0060Bh,base+03C68h
  dw 01F75h,base+02006h
  dw 0060Bh,base+03C68h
  dw 01F75h,base+02025h
  dw 0060Ch,base+03C6Eh
  dw 01E73h,base+02197h
  dw 0070Dh,base+031B8h
  dw 01E73h,base+021B5h
  dw 0070Dh,base+03B01h
  dw 01E73h,base+01281h
  dw 0070Ch,base+03B08h
  dw 01F74h,base+02044h
  dw 0070Ch,base+004B6h
  dw 01F00h,base+02063h

GoatAttackframe017:
  db 060h,01Bh,03Ah,06Dh
  db 03Ah
  db 000h,000h,093h,000h,000h
  db 000h,000h
  dw 0070Bh,base+004B6h
  dw 02075h,base+01D94h
  dw 0060Bh,base+03C74h
  dw 02075h,base+01DB4h
  dw 0060Bh,base+004E1h
  dw 02075h,base+01DD4h
  dw 0060Bh,base+03CCEh
  dw 01F75h,base+02082h
  dw 0060Bh,base+03CD4h
  dw 01F75h,base+020A1h
  dw 0050Bh,base+03A01h
  dw 01516h,base+02A92h
  dw 0095Fh,base+0197Ah
  dw 0050Bh,base+03A01h
  dw 01213h,base+02A68h
  dw 00204h,base+03D22h
  dw 0095Eh,base+03763h
  dw 0050Bh,base+03A11h
  dw 01213h,base+02A7Dh
  dw 00204h,base+03D22h
  dw 00A5Eh,base+02ECEh
  dw 0050Bh,base+03A11h
  dw 01213h,base+02EF2h
  dw 00204h,base+02590h
  dw 00B5Eh,base+03518h
  dw 0050Bh,base+03A11h
  dw 01114h,base+03014h
  dw 00104h,base+00005h
  dw 00A5Dh,base+0364Bh
  dw 0050Ch,base+03A11h
  dw 00A0Bh,base+0365Fh
  dw 0050Ch,base+03CEBh
  dw 00B5Dh,base+03523h
  dw 0050Ch,base+03A11h
  dw 00A0Bh,base+03669h
  dw 0040Dh,base+03CEBh
  dw 00A5Ch,base+03673h
  dw 0050Eh,base+03A11h
  dw 0070Ah,base+035E2h
  dw 0010Ch,base+00005h
  dw 00B5Dh,base+0352Eh
  dw 0040Dh,base+03508h
  dw 0070Ah,base+035E2h
  dw 0010Dh,base+00005h
  dw 00B5Ch,base+03539h
  dw 0050Dh,base+031D5h
  dw 00718h,base+035E2h
  dw 00A5Bh,base+0330Ch
  dw 0050Dh,base+00590h
  dw 00719h,base+035E2h
  dw 0095Ah,base+0331Ah
  dw 0050Dh,base+03A6Ch
  dw 0081Ah,base+03A81h
  dw 00859h,base+03328h
  dw 0050Eh,base+03A6Ch
  dw 0071Bh,base+02321h
  dw 00656h,base+03C20h
  dw 0070Fh,base+03B5Ch
  dw 0071Ch,base+03B0Fh
  dw 00555h,base+03CDAh
  dw 00710h,base+03B5Ch
  dw 0061Ch,base+02581h
  dw 00454h,base+031E8h
  dw 00711h,base+03B6Ah
  dw 0051Bh,base+03B71h
  dw 00454h,base+031E8h
  dw 00711h,base+03B7Fh
  dw 0051Bh,base+03B71h
  dw 00454h,base+031E8h
  dw 00711h,base+03B8Dh
  dw 0061Ah,base+02581h
  dw 00555h,base+0179Ah
  dw 00711h,base+03B94h
  dw 00619h,base+03C7Ah
  dw 00656h,base+03C80h
  dw 00710h,base+03B0Fh
  dw 0071Ah,base+03B0Fh
  dw 00557h,base+03A6Ch
  dw 0050Fh,base+01161h
  dw 0071Ah,base+02321h
  dw 00557h,base+03A6Ch
  dw 0050Fh,base+000FDh
  dw 0071Ah,base+03B15h
  dw 00500h,base+000FDh

GoatAttackframe018:
  db 048h,01Bh,03Ah,037h
  db 05Ah
  db 000h,000h,0C9h,000h,000h
  db 000h,000h
  dw 00374h,base+000FDh
  dw 00307h,base+000FDh
  dw 00A78h,base+03641h
  dw 01380h,base+02C0Fh
  dw 0147Fh,base+02AE3h
  dw 01680h,base+028BAh
  dw 01780h,base+0285Eh
  dw 01880h,base+02775h
  dw 00305h,base+005B6h
  dw 0157Bh,base+029C0h
  dw 00305h,base+03D17h
  dw 0167Bh,base+028D0h
  dw 00304h,base+005B6h
  dw 0177Ch,base+02875h
  dw 01C80h,base+00587h
  dw 01C81h,base+005B0h
  dw 01C80h,base+0255Ah
  dw 01D80h,base+0236Dh
  dw 01D81h,base+0241Bh
  dw 01D80h,base+02438h
  dw 01D81h,base+02455h
  dw 01D80h,base+02472h
  dw 01D7Dh,base+0248Fh
  dw 02080h,base+01DF4h
  dw 02180h,base+01A4Bh
  dw 02180h,base+01A6Ch
  dw 0217Fh,base+01A8Dh
  dw 02280h,base+016CDh
  dw 0237Fh,base+013DFh
  dw 02480h,base+00F7Bh
  dw 02400h,base+00F9Fh

GoatAttackframe019:
  db 058h,01Bh,038h,052h
  db 03Ah
  db 000h,000h,0AEh,000h,000h
  db 000h,000h
  dw 0257Fh,base+00E12h
  dw 02680h,base+00C54h
  dw 02680h,base+00C7Ah
  dw 02780h,base+00AFBh
  dw 02780h,base+00B22h
  dw 02880h,base+008D3h
  dw 02881h,base+008FBh
  dw 02880h,base+00923h
  dw 02880h,base+0094Bh
  dw 02881h,base+00973h
  dw 02780h,base+00B49h
  dw 02880h,base+0099Bh
  dw 00607h,base+03C50h
  dw 02179h,base+01AAEh
  dw 00607h,base+03C56h
  dw 02279h,base+016EFh
  dw 00608h,base+03C56h
  dw 02178h,base+01ACFh
  dw 00608h,base+03C5Ch
  dw 02178h,base+01AF0h
  dw 00609h,base+03C5Ch
  dw 02077h,base+01E14h
  dw 0060Bh,base+03C62h
  dw 01F75h,base+020C0h
  dw 0060Bh,base+03C68h
  dw 01F75h,base+020DFh
  dw 0060Bh,base+03C68h
  dw 01F75h,base+020FEh
  dw 0060Bh,base+03C68h
  dw 01F75h,base+0211Dh
  dw 0060Bh,base+03C68h
  dw 01F75h,base+0213Ch
  dw 0060Ch,base+03C6Eh
  dw 01E73h,base+021D3h
  dw 0070Dh,base+031B8h
  dw 01E73h,base+021F1h
  dw 0070Dh,base+03B01h
  dw 01E73h,base+0220Fh
  dw 0070Dh,base+03B08h
  dw 01E73h,base+0222Dh
  dw 0070Eh,base+004B6h
  dw 01D00h,base+024ACh

GoatAttackframe020:
  db 060h,01Bh,03Ah,06Dh
  db 03Ah
  db 000h,000h,093h,000h,000h
  db 000h,000h
  dw 0070Eh,base+004B6h
  dw 01D72h,base+024C9h
  dw 0060Eh,base+03C74h
  dw 01D72h,base+024E6h
  dw 0060Eh,base+004E1h
  dw 01D72h,base+02503h
  dw 0060Dh,base+03CCEh
  dw 01D73h,base+02520h
  dw 0060Ah,base+03CD4h
  dw 00203h,base+000FDh
  dw 01D73h,base+0253Dh
  dw 0050Ah,base+03A01h
  dw 01617h,base+02954h
  dw 0095Fh,base+0197Ah
  dw 00509h,base+03A01h
  dw 01415h,base+02BD3h
  dw 00204h,base+03D22h
  dw 0095Eh,base+03763h
  dw 00509h,base+03A11h
  dw 01415h,base+02BE7h
  dw 00204h,base+03D22h
  dw 00A5Eh,base+02ECEh
  dw 00509h,base+03A11h
  dw 01415h,base+02BFBh
  dw 00204h,base+02590h
  dw 00B5Eh,base+03518h
  dw 00509h,base+03A11h
  dw 01316h,base+02D65h
  dw 00104h,base+00005h
  dw 00A5Dh,base+0364Bh
  dw 00509h,base+03A11h
  dw 00D0Eh,base+032BBh
  dw 0050Ch,base+03CEBh
  dw 00B5Dh,base+03523h
  dw 00509h,base+03A11h
  dw 00D0Eh,base+032C8h
  dw 0040Dh,base+03CEBh
  dw 00A5Ch,base+03673h
  dw 00509h,base+03A11h
  dw 00C0Fh,base+034C4h
  dw 0010Ch,base+00005h
  dw 00B5Dh,base+0352Eh
  dw 00408h,base+03508h
  dw 00C0Fh,base+034D0h
  dw 0010Dh,base+00005h
  dw 00B5Ch,base+03539h
  dw 00509h,base+031D5h
  dw 00B1Ch,base+035DEh
  dw 00A5Bh,base+0330Ch
  dw 00509h,base+00590h
  dw 00B1Dh,base+035E9h
  dw 0095Ah,base+0331Ah
  dw 0050Dh,base+03A6Ch
  dw 0081Ah,base+03A81h
  dw 00859h,base+03328h
  dw 0050Eh,base+03A6Ch
  dw 0071Bh,base+02321h
  dw 00656h,base+03C20h
  dw 0070Fh,base+03B5Ch
  dw 0071Ch,base+03B0Fh
  dw 00555h,base+03CDAh
  dw 00710h,base+03B5Ch
  dw 0061Ch,base+02581h
  dw 00454h,base+031E8h
  dw 00711h,base+03B6Ah
  dw 0051Bh,base+03B71h
  dw 00454h,base+031E8h
  dw 00711h,base+03B7Fh
  dw 0051Bh,base+03B71h
  dw 00454h,base+031E8h
  dw 00711h,base+03B8Dh
  dw 0061Ah,base+02581h
  dw 00555h,base+0179Ah
  dw 00711h,base+03B94h
  dw 00619h,base+03C7Ah
  dw 00656h,base+03C80h
  dw 00710h,base+03B0Fh
  dw 0071Ah,base+03B0Fh
  dw 00557h,base+03A6Ch
  dw 0050Fh,base+01161h
  dw 0071Ah,base+02321h
  dw 00557h,base+03A6Ch
  dw 0050Fh,base+000FDh
  dw 0071Ah,base+03B15h
  dw 00500h,base+000FDh

GoatAttackframe021:
  db 048h,01Bh,03Ah,037h
  db 05Ah
  db 000h,000h,0C9h,000h,000h
  db 000h,000h
  dw 00374h,base+000FDh
  dw 00307h,base+000FDh
  dw 00A78h,base+03641h
  dw 01380h,base+02C0Fh
  dw 0147Fh,base+02AE3h
  dw 01680h,base+028BAh
  dw 01780h,base+0285Eh
  dw 01880h,base+02775h
  dw 00305h,base+005B6h
  dw 0157Bh,base+029C0h
  dw 00305h,base+03D17h
  dw 0167Bh,base+028D0h
  dw 00304h,base+005B6h
  dw 0177Ch,base+02875h
  dw 01C80h,base+00587h
  dw 01C81h,base+005B0h
  dw 01C80h,base+0255Ah
  dw 01D80h,base+0236Dh
  dw 01D81h,base+0241Bh
  dw 01D80h,base+02438h
  dw 01D81h,base+02455h
  dw 01D80h,base+02472h
  dw 01D7Dh,base+0248Fh
  dw 02080h,base+01E34h
  dw 02180h,base+01B11h
  dw 02180h,base+01B32h
  dw 0217Fh,base+01B53h
  dw 02280h,base+01711h
  dw 0237Fh,base+01402h
  dw 02480h,base+00FC3h
  dw 02400h,base+00FE7h

GoatAttackframe022:
  db 0B2h,012h,002h,076h
  db 00Eh
  db 000h,000h,08Ah,000h,000h
  db 000h,000h
  dw 00D0Fh,base+032D5h
  dw 00C12h,base+034DCh
  dw 01618h,base+0296Ah
  dw 00A0Ch,base+0364Bh
  dw 0063Bh,base+0313Dh
  dw 00D0Fh,base+032E2h
  dw 00C12h,base+034E8h
  dw 00B0Ch,base+035F4h
  dw 00A0Ch,base+03777h
  dw 00B0Dh,base+03523h
  dw 00509h,base+00BDDh
  dw 00231h,base+00068h
  dw 00D0Fh,base+032EFh
  dw 00C12h,base+034F4h
  dw 00B0Ch,base+035FFh
  dw 00A0Dh,base+03781h
  dw 00A0Dh,base+03673h
  dw 00308h,base+00001h
  dw 00331h,base+02E3Bh
  dw 00D0Fh,base+032FCh
  dw 00C12h,base+034F4h
  dw 00A0Dh,base+0378Bh
  dw 0080Ch,base+03A89h
  dw 00B0Dh,base+0352Eh
  dw 00207h,base+00000h
  dw 0042Eh,base+02AA7h
  dw 00205h,base+0002Fh
  dw 00B0Eh,base+02C27h
  dw 00C12h,base+03500h
  dw 00A0Dh,base+03795h
  dw 0080Ch,base+03A91h
  dw 00C14h,base+0350Ch
  dw 0052Dh,base+02E93h
  dw 00406h,base+031B4h
  dw 00B0Fh,base+0360Ah
  dw 00F12h,base+031CEh
  dw 0090Eh,base+03796h
  dw 00509h,base+00BDDh
  dw 00D14h,base+03309h
  dw 0062Eh,base+03CA4h
  dw 00407h,base+0191Eh
  dw 00912h,base+02AFDh
  dw 00B0Ch,base+03615h
  dw 00B10h,base+03620h
  dw 00509h,base+00470h
  dw 00D14h,base+03316h
  dw 0062Dh,base+02D84h
  dw 00607h,base+03CA4h
  dw 00913h,base+02AFDh
  dw 00E0Fh,base+03243h
  dw 0090Dh,base+038F2h
  dw 00609h,base+00BDCh
  dw 00D14h,base+03323h
  dw 0062Dh,base+007FDh
  dw 0101Bh,base+03137h
  dw 0171Ch,base+028A3h
  dw 00507h,base+00BDDh
  dw 00708h,base+03BFDh
  dw 0060Ch,base+03C20h
  dw 0072Eh,base+01330h
  dw 00A1Bh,base+0379Fh
  dw 00E0Fh,base+03251h
  dw 0080Dh,base+03A99h
  dw 00506h,base+00000h
  dw 0090Ah,base+038FBh
  dw 0050Bh,base+03CDAh
  dw 0072Eh,base+01330h
  dw 00A1Ch,base+037A9h
  dw 00D0Eh,base+03330h
  dw 0080Eh,base+03AA1h
  dw 00405h,base+00001h
  dw 00A0Bh,base+037B3h
  dw 0040Ah,base+031E8h
  dw 0072Eh,base+03C04h
  dw 00A1Ch,base+037A9h
  dw 00D11h,base+03330h
  dw 0050Bh,base+03B71h
  dw 00305h,base+00000h
  dw 00A0Bh,base+037BDh
  dw 0040Ah,base+031E8h
  dw 0072Eh,base+003A7h
  dw 00A1Ch,base+037C7h
  dw 00D11h,base+03330h
  dw 0050Ch,base+03B71h
  dw 00204h,base+00003h
  dw 00F14h,base+031DDh
  dw 0082Fh,base+03AA9h
  dw 00A1Ch,base+037D1h
  dw 00D11h,base+0333Dh
  dw 00610h,base+02581h
  dw 00F14h,base+031ECh
  dw 0072Fh,base+03C0Bh
  dw 00A1Ch,base+037DBh
  dw 00D11h,base+0334Ah
  dw 00611h,base+03C7Ah
  dw 00E13h,base+0325Fh
  dw 00830h,base+03AB1h
  dw 0081Bh,base+03AB9h
  dw 00D10h,base+03357h
  dw 00712h,base+03B0Fh
  dw 00D14h,base+03364h
  dw 0072Fh,base+025DAh
  dw 0081Ch,base+03AC1h
  dw 00B0Fh,base+0362Bh
  dw 00712h,base+02321h
  dw 00D14h,base+03371h
  dw 00732h,base+0313Dh
  dw 00519h,base+00000h
  dw 00507h,base+000FDh
  dw 00408h,base+00001h
  dw 00712h,base+03B15h
  dw 00D15h,base+0337Eh
  dw 00600h,base+0313Dh

GoatAttackframe023:
  db 098h,012h,00Ah,076h
  db 028h
  db 000h,000h,08Ah,000h,000h
  db 000h,000h
  dw 00409h,base+0185Ch
  dw 0050Bh,base+03A11h
  dw 01618h,base+02980h
  dw 01146h,base+03025h
  dw 0030Dh,base+03D1Dh
  dw 0050Ah,base+039A9h
  dw 0050Ch,base+03A11h
  dw 00A0Bh,base+0365Fh
  dw 00A0Ch,base+037E5h
  dw 01146h,base+03036h
  dw 0030Dh,base+015ABh
  dw 0050Ah,base+039A9h
  dw 0050Ch,base+03A11h
  dw 00A0Bh,base+03669h
  dw 00A0Dh,base+037EFh
  dw 00F44h,base+031FBh
  dw 0050Eh,base+03CFFh
  dw 0050Ah,base+00D80h
  dw 0050Eh,base+03A11h
  dw 0070Ah,base+035E2h
  dw 0090Ch,base+03904h
  dw 00F44h,base+0320Ah
  dw 0050Dh,base+00D80h
  dw 0060Ch,base+02996h
  dw 0040Dh,base+03508h
  dw 0070Ah,base+035E2h
  dw 0090Dh,base+0390Dh
  dw 00D43h,base+0338Bh
  dw 0050Dh,base+00D80h
  dw 0060Ch,base+02D84h
  dw 0050Dh,base+031D5h
  dw 0070Ah,base+035E2h
  dw 0090Eh,base+03916h
  dw 00B42h,base+03636h
  dw 0070Ch,base+03440h
  dw 0070Dh,base+03C12h
  dw 0050Dh,base+00590h
  dw 0070Bh,base+035E2h
  dw 0080Eh,base+03917h
  dw 00A41h,base+037F9h
  dw 0080Ch,base+03AC9h
  dw 0070Dh,base+03C19h
  dw 0050Dh,base+03A6Ch
  dw 0090Dh,base+0391Fh
  dw 0060Dh,base+007FDh
  dw 00940h,base+03928h
  dw 0080Ch,base+03862h
  dw 0070Dh,base+03AD9h
  dw 0050Eh,base+02231h
  dw 0090Ch,base+03931h
  dw 0060Fh,base+02996h
  dw 0073Eh,base+03C20h
  dw 0080Ch,base+03AD1h
  dw 0080Ch,base+03AD9h
  dw 0070Fh,base+03C27h
  dw 0090Dh,base+0393Ah
  dw 0050Fh,base+02E93h
  dw 0063Dh,base+03CDAh
  dw 0080Dh,base+03AD1h
  dw 0070Bh,base+03C2Eh
  dw 00710h,base+03C35h
  dw 0090Ch,base+03943h
  dw 00410h,base+03D04h
  dw 0043Ch,base+031E8h
  dw 0080Dh,base+03AE1h
  dw 00709h,base+03C3Ch
  dw 00912h,base+0394Ch
  dw 0090Dh,base+03955h
  dw 0030Fh,base+03D1Dh
  dw 0043Dh,base+031E8h
  dw 0070Dh,base+03C43h
  dw 00608h,base+032F5h
  dw 00911h,base+0395Eh
  dw 00A1Dh,base+03803h
  dw 0043Dh,base+031E8h
  dw 0060Dh,base+03CE0h
  dw 00607h,base+03141h
  dw 00A12h,base+0380Dh
  dw 00A1Ch,base+03803h
  dw 0053Fh,base+0179Ah
  dw 0050Ch,base+00000h
  dw 00507h,base+00BDCh
  dw 00A12h,base+03817h
  dw 00A1Bh,base+03821h
  dw 00640h,base+03C80h
  dw 0050Dh,base+00BDDh
  dw 00206h,base+00003h
  dw 00A13h,base+0382Bh
  dw 0081Ah,base+03AE9h
  dw 00540h,base+03A6Ch
  dw 00513h,base+00BDDh
  dw 00913h,base+03967h
  dw 0081Ah,base+03AF1h
  dw 00540h,base+03A6Ch
  dw 00413h,base+0034Fh
  dw 00913h,base+03970h
  dw 0081Ah,base+03AF9h
  dw 00500h,base+000FDh


