  dw GoatDyingframe000
  dw GoatDyingframe001
  dw GoatDyingframe002
  dw GoatDyingframe003
  dw GoatDyingframe004
  dw GoatDyingframe005
  dw GoatDyingframe006
  dw GoatDyingframe007
  dw GoatDyingframe008
  dw GoatDyingframe009
  dw GoatDyingframe010
  dw GoatDyingframe011
  dw GoatDyingframe012
  dw GoatDyingframe013
  dw GoatDyingframe014
  dw GoatDyingframe015
  dw GoatDyingframe016
  dw GoatDyingframe017
  dw GoatDyingframe018
  dw GoatDyingframe019

GoatDyingframe000:
  db 036h,01Ch,06Eh,000h
  db 082h
  db 000h,000h,000h,000h,000h
  db 000h,000h
  dw 00D80h,base+02EDDh
  dw 00E80h,base+02E27h
  dw 00F7Fh,base+02D55h
  dw 01080h,base+02C55h
  dw 0107Fh,base+02C65h
  dw 01180h,base+02BCDh
  dw 01080h,base+02C75h
  dw 0107Fh,base+02C85h
  dw 01080h,base+02C95h
  dw 0107Fh,base+02CA5h
  dw 01180h,base+02BDEh
  dw 0127Fh,base+02B4Fh
  dw 01380h,base+02AF0h
  dw 01380h,base+02B03h
  dw 01380h,base+02B16h
  dw 00D0Fh,base+02EEAh
  dw 00470h,base+035A4h
  dw 00E10h,base+02E35h
  dw 00405h,base+035A8h
  dw 0026Bh,base+00079h
  dw 00E10h,base+02E43h
  dw 0076Fh,base+0331Fh
  dw 00F12h,base+02D64h
  dw 0066Eh,base+034DFh
  dw 00F14h,base+02D73h
  dw 0036Ch,base+00079h
  dw 00F7Fh,base+02D82h
  dw 01080h,base+02CB5h
  dw 0117Fh,base+02BEFh
  dw 01280h,base+02B61h
  dw 01280h,base+02B73h
  dw 0127Fh,base+02B85h
  dw 01480h,base+02A64h
  dw 01400h,base+02A78h

GoatDyingframe001:
  db 058h,01Bh,056h,01Ch
  db 06Ch
  db 000h,000h,0E4h,000h,000h
  db 000h,000h
  dw 01580h,base+02A3Ah
  dw 01680h,base+029B6h
  dw 0167Fh,base+029CCh
  dw 01780h,base+028D0h
  dw 0187Fh,base+02810h
  dw 0197Eh,base+0261Ch
  dw 01B7Fh,base+0213Ah
  dw 01D7Fh,base+01AC8h
  dw 01E80h,base+01924h
  dw 01F80h,base+017CFh
  dw 01F7Dh,base+017EEh
  dw 0237Fh,base+010F5h
  dw 02580h,base+00C86h
  dw 0267Fh,base+00C14h
  dw 02880h,base+00A87h
  dw 02980h,base+00991h
  dw 02980h,base+009BAh
  dw 02A80h,base+00895h
  dw 02A80h,base+008BFh
  dw 02A80h,base+008E9h
  dw 02B80h,base+006BCh
  dw 00F10h,base+02D91h
  dw 01B70h,base+02155h
  dw 00C0Fh,base+02F86h
  dw 01C71h,base+01DBAh
  dw 0090Fh,base+03150h
  dw 01D72h,base+01AE5h
  dw 0070Eh,base+03326h
  dw 01D72h,base+01B02h
  dw 0070Eh,base+0332Dh
  dw 01D71h,base+01B1Fh
  dw 0080Fh,base+0321Fh
  dw 01D00h,base+01B3Ch

GoatDyingframe002:
  db 066h,01Bh,050h,037h
  db 056h
  db 000h,000h,0C9h,000h,000h
  db 000h,000h
  dw 0070Fh,base+03334h
  dw 01D71h,base+01B59h
  dw 0070Fh,base+0333Bh
  dw 01D70h,base+01B76h
  dw 00710h,base+03342h
  dw 01D70h,base+01B93h
  dw 0070Fh,base+03349h
  dw 01F70h,base+0180Dh
  dw 00810h,base+03227h
  dw 01F70h,base+0182Ch
  dw 0070Fh,base+03350h
  dw 02071h,base+016AFh
  dw 0070Fh,base+03357h
  dw 02070h,base+016CFh
  dw 0070Fh,base+0335Eh
  dw 02171h,base+01523h
  dw 0070Fh,base+03365h
  dw 02171h,base+01544h
  dw 0060Eh,base+034E5h
  dw 02372h,base+01118h
  dw 0060Eh,base+034EBh
  dw 02372h,base+0113Bh
  dw 0060Eh,base+034F1h
  dw 02372h,base+0115Eh
  dw 0060Eh,base+034F7h
  dw 02472h,base+00F45h
  dw 0050Dh,base+03563h
  dw 02574h,base+00CABh
  dw 0040Ch,base+035ACh
  dw 02574h,base+00CD0h
  dw 0030Ch,base+035DCh
  dw 02575h,base+00CF5h
  dw 0020Ah,base+0038Bh
  dw 02780h,base+00B9Fh
  dw 01D1Eh,base+01BB0h
  dw 00962h,base+03159h
  dw 01D1Eh,base+01BCDh
  dw 00962h,base+00CECh
  dw 01D1Eh,base+01BEAh
  dw 00962h,base+03162h
  dw 01D1Fh,base+01C07h
  dw 00860h,base+0322Fh
  dw 01E20h,base+01942h
  dw 00860h,base+03237h
  dw 01D20h,base+00DF8h
  dw 00860h,base+0323Fh
  dw 01D20h,base+00E1Dh
  dw 00860h,base+03247h
  dw 01D20h,base+00E42h
  dw 00860h,base+0324Fh
  dw 01D21h,base+00E67h
  dw 0075Fh,base+0336Ch
  dw 01D21h,base+00E8Ch
  dw 00700h,base+03373h

GoatDyingframe003:
  db 056h,01Bh,060h,052h
  db 066h
  db 000h,000h,0AEh,000h,000h
  db 000h,000h
  dw 01D21h,base+00EB1h
  dw 0075Fh,base+0337Ah
  dw 01D21h,base+00ED6h
  dw 0075Fh,base+03381h
  dw 01D21h,base+00EFBh
  dw 0075Fh,base+03388h
  dw 01C22h,base+01DD6h
  dw 0065Fh,base+034FDh
  dw 01B21h,base+02170h
  dw 0065Fh,base+034FDh
  dw 01B21h,base+0218Bh
  dw 0065Fh,base+034FDh
  dw 01B21h,base+01FB3h
  dw 0065Fh,base+034FDh
  dw 01A21h,base+0242Eh
  dw 0065Fh,base+034FDh
  dw 01A21h,base+02448h
  dw 0065Fh,base+034FDh
  dw 01A21h,base+02462h
  dw 0065Fh,base+03503h
  dw 01921h,base+02635h
  dw 0065Fh,base+03509h
  dw 01921h,base+0264Eh
  dw 0065Eh,base+0350Fh
  dw 01A22h,base+0247Ch
  dw 0065Eh,base+03515h
  dw 01922h,base+02667h
  dw 0065Eh,base+033B3h
  dw 01A22h,base+02496h
  dw 0065Dh,base+033B3h
  dw 01B23h,base+021A6h
  dw 0065Dh,base+033B3h
  dw 01B22h,base+021C1h
  dw 0075Dh,base+006E7h
  dw 01C23h,base+01DF2h
  dw 0075Dh,base+006E7h
  dw 01C23h,base+01E0Eh
  dw 0075Dh,base+032C8h
  dw 01C22h,base+01E2Ah
  dw 0085Eh,base+030B5h
  dw 01C22h,base+01E46h
  dw 0085Eh,base+03257h
  dw 01C21h,base+01E62h
  dw 0095Fh,base+0316Bh
  dw 01C21h,base+01E7Eh
  dw 0095Eh,base+03174h
  dw 01D22h,base+01C24h
  dw 0095Eh,base+0317Dh
  dw 01D22h,base+01C41h
  dw 0095Eh,base+03186h
  dw 01D22h,base+01C5Eh
  dw 0085Eh,base+0325Fh
  dw 01D23h,base+01C7Bh
  dw 00700h,base+0338Fh

GoatDyingframe004:
  db 054h,01Bh,060h,06Dh
  db 060h
  db 000h,000h,093h,000h,000h
  db 000h,000h
  dw 01D24h,base+01C98h
  dw 0065Ch,base+0027Bh
  dw 00809h,base+03267h
  dw 01477h,base+02A8Ch
  dw 0080Bh,base+0326Fh
  dw 00203h,base+024AEh
  dw 00F73h,base+02DA0h
  dw 0070Ah,base+03396h
  dw 00203h,base+00079h
  dw 00F73h,base+02DAFh
  dw 0070Dh,base+0339Dh
  dw 00F73h,base+02DBEh
  dw 0070Eh,base+033A4h
  dw 00E73h,base+02E51h
  dw 0070Dh,base+03278h
  dw 00E73h,base+02E5Fh
  dw 0070Dh,base+0338Fh
  dw 00E74h,base+02E6Dh
  dw 0070Ch,base+03278h
  dw 00304h,base+02E98h
  dw 00A70h,base+030ECh
  dw 0080Ch,base+03277h
  dw 00305h,base+02E62h
  dw 00970h,base+0318Fh
  dw 0070Bh,base+033ABh
  dw 00305h,base+017AFh
  dw 00971h,base+03198h
  dw 0060Bh,base+0351Bh
  dw 00204h,base+02CF5h
  dw 00872h,base+0327Fh
  dw 0050Bh,base+02727h
  dw 00103h,base+00000h
  dw 00872h,base+03287h
  dw 0050Fh,base+02761h
  dw 00771h,base+033B2h
  dw 0050Fh,base+03568h
  dw 00671h,base+03521h
  dw 0050Fh,base+0356Dh
  dw 00671h,base+00B71h
  dw 00510h,base+01EADh
  dw 00570h,base+01EADh
  dw 00410h,base+005A7h
  dw 00570h,base+01EADh
  dw 00410h,base+035B0h
  dw 00471h,base+005A7h
  dw 0020Fh,base+00079h
  dw 00480h,base+005A7h
  dw 00580h,base+03572h
  dw 00580h,base+02761h
  dw 0067Fh,base+03527h
  dw 00780h,base+032E0h
  dw 00880h,base+030B5h
  dw 00880h,base+0055Ch
  dw 00800h,base+0328Fh

GoatDyingframe005:
  db 068h,01Ch,054h,000h
  db 09Ch
  db 000h,000h,000h,000h,000h
  db 000h,000h
  dw 00A7Fh,base+030F6h
  dw 00B7Eh,base+03052h
  dw 00E7Fh,base+02E7Bh
  dw 00F7Fh,base+02DCDh
  dw 0117Eh,base+02C00h
  dw 0137Fh,base+02B29h
  dw 0147Eh,base+02AA0h
  dw 0177Fh,base+028E7h
  dw 01872h,base+02828h
  dw 0020Dh,base+00079h
  dw 01A72h,base+024B0h
  dw 00406h,base+035B4h
  dw 00207h,base+00079h
  dw 01B72h,base+021DCh
  dw 00506h,base+01AC8h
  dw 00406h,base+035B0h
  dw 01E73h,base+01960h
  dw 02B80h,base+006E7h
  dw 02B80h,base+00712h
  dw 02B7Fh,base+0073Dh
  dw 02C80h,base+0055Ch
  dw 02C80h,base+00588h
  dw 02C80h,base+005B4h
  dw 02C80h,base+005E0h
  dw 01A1Dh,base+024CAh
  dw 00F62h,base+0054Dh
  dw 02829h,base+00AAFh
  dw 00456h,base+035B8h
  dw 0282Ah,base+00AD7h
  dw 00554h,base+03577h
  dw 02A2Ch,base+00913h
  dw 00553h,base+0357Ch
  dw 02B2Dh,base+00768h
  dw 00552h,base+03581h
  dw 02C2Eh,base+0060Ch
  dw 00552h,base+03586h
  dw 02B2Eh,base+00793h
  dw 00451h,base+035A4h
  dw 00E0Fh,base+02E89h
  dw 01D20h,base+01CB5h
  dw 00451h,base+035BCh
  dw 00D0Fh,base+02EF7h
  dw 01D20h,base+01CD2h
  dw 00400h,base+035C0h

GoatDyingframe006:
  db 06Ah,01Bh,054h,01Ch
  db 054h
  db 000h,000h,0E4h,000h,000h
  db 000h,000h
  dw 00C10h,base+02F92h
  dw 01C20h,base+01E9Ah
  dw 00250h,base+03577h
  dw 00A12h,base+03100h
  dw 01A1Eh,base+024E4h
  dw 00250h,base+035EBh
  dw 00813h,base+03297h
  dw 0191Dh,base+02680h
  dw 00350h,base+035DFh
  dw 00614h,base+0352Dh
  dw 0181Dh,base+02840h
  dw 0034Fh,base+035E2h
  dw 00515h,base+0358Bh
  dw 0171Ch,base+028FEh
  dw 00350h,base+027DBh
  dw 00318h,base+035E5h
  dw 01419h,base+02AB4h
  dw 0024Fh,base+00079h
  dw 00219h,base+0052Fh
  dw 01480h,base+02AC8h
  dw 0147Fh,base+02ADCh
  dw 01680h,base+029E2h
  dw 01780h,base+02915h
  dw 0177Fh,base+0292Ch
  dw 01980h,base+02699h
  dw 0197Fh,base+026B2h
  dw 01B80h,base+021F7h
  dw 01B80h,base+02212h
  dw 01C80h,base+01EB6h
  dw 01C80h,base+01ED2h
  dw 01D7Fh,base+01CEFh
  dw 01E80h,base+0197Eh
  dw 01E80h,base+0199Ch
  dw 01F80h,base+0184Bh
  dw 01F80h,base+0186Ah
  dw 01F80h,base+01889h
  dw 01F7Fh,base+018A8h
  dw 02080h,base+016EFh
  dw 0207Fh,base+0170Fh
  dw 02100h,base+01565h

GoatDyingframe007:
  db 04Ah,01Bh,074h,037h
  db 07Ch
  db 000h,000h,0C9h,000h,000h
  db 000h,000h
  dw 0207Fh,base+0172Fh
  dw 02180h,base+01586h
  dw 0217Fh,base+015A7h
  dw 02280h,base+01325h
  dw 02280h,base+01347h
  dw 02280h,base+01369h
  dw 02280h,base+0138Bh
  dw 0227Fh,base+013ADh
  dw 02380h,base+01181h
  dw 02380h,base+011A4h
  dw 0237Fh,base+011C7h
  dw 02480h,base+00F69h
  dw 02480h,base+00F8Dh
  dw 02480h,base+00FB1h
  dw 02480h,base+00FD5h
  dw 02480h,base+00FF9h
  dw 02480h,base+0101Dh
  dw 02480h,base+01041h
  dw 02580h,base+00D1Ah
  dw 02580h,base+00D3Fh
  dw 02580h,base+00D64h
  dw 02580h,base+00D89h
  dw 02580h,base+00DAEh
  dw 01C1Dh,base+01EEEh
  dw 00863h,base+0112Ah
  dw 01C1Dh,base+01F0Ah
  dw 00763h,base+033B9h
  dw 01C1Dh,base+01F26h
  dw 00763h,base+033C0h
  dw 01B1Dh,base+0222Dh
  dw 00700h,base+033C7h

GoatDyingframe008:
  db 052h,01Bh,06Ah,052h
  db 074h
  db 000h,000h,0AEh,000h,000h
  db 000h,000h
  dw 01B1Dh,base+02248h
  dw 00763h,base+033CEh
  dw 01B1Dh,base+02263h
  dw 00762h,base+033D5h
  dw 01B1Dh,base+0227Eh
  dw 00763h,base+033DCh
  dw 01B1Dh,base+02299h
  dw 00762h,base+033E3h
  dw 01C1Eh,base+01F42h
  dw 00762h,base+033EAh
  dw 01B1Eh,base+022B4h
  dw 00761h,base+033F1h
  dw 01C1Fh,base+01F5Eh
  dw 00761h,base+033F8h
  dw 01B1Fh,base+022CFh
  dw 00660h,base+034FDh
  dw 01C1Fh,base+01F7Ah
  dw 00761h,base+033FFh
  dw 01B1Fh,base+022EAh
  dw 00761h,base+03406h
  dw 01A1Fh,base+024FEh
  dw 00761h,base+0340Dh
  dw 0191Fh,base+026CBh
  dw 00760h,base+03414h
  dw 01920h,base+026E4h
  dw 00660h,base+03503h
  dw 0191Fh,base+026FDh
  dw 00761h,base+0341Bh
  dw 0191Fh,base+02716h
  dw 00761h,base+03422h
  dw 0191Fh,base+0272Fh
  dw 00661h,base+03521h
  dw 0191Eh,base+02748h
  dw 00762h,base+032E0h
  dw 0191Dh,base+02761h
  dw 00863h,base+030B5h
  dw 0191Ch,base+0277Ah
  dw 00964h,base+031A1h
  dw 0191Ch,base+02793h
  dw 00964h,base+031AAh
  dw 00809h,base+0329Fh
  dw 01012h,base+02CC5h
  dw 00965h,base+031B3h
  dw 00709h,base+03317h
  dw 01012h,base+02CD5h
  dw 00965h,base+031B3h
  dw 00709h,base+03429h
  dw 01012h,base+02CE5h
  dw 00965h,base+031B3h
  dw 00709h,base+03430h
  dw 01012h,base+02CF5h
  dw 00966h,base+031BCh
  dw 00608h,base+03533h
  dw 01013h,base+02D05h
  dw 00865h,base+031BDh
  dw 00608h,base+025CEh
  dw 01013h,base+02D15h
  dw 00765h,base+03437h
  dw 00608h,base+025CEh
  dw 00102h,base+00000h
  dw 00E12h,base+02E97h
  dw 00600h,base+03539h

GoatDyingframe009:
  db 044h,01Bh,06Ch,06Dh
  db 06Ch
  db 000h,000h,093h,000h,000h
  db 000h,000h
  dw 0060Bh,base+0353Fh
  dw 00D13h,base+02F04h
  dw 00462h,base+035C4h
  dw 0070Bh,base+0343Eh
  dw 00D14h,base+02F11h
  dw 00262h,base+00079h
  dw 0060Bh,base+030AFh
  dw 00C75h,base+02F9Eh
  dw 0060Ch,base+030AFh
  dw 00B74h,base+0305Dh
  dw 0060Ch,base+0351Bh
  dw 00B74h,base+03068h
  dw 0060Ch,base+0351Bh
  dw 00B74h,base+03073h
  dw 0060Dh,base+0351Bh
  dw 00A73h,base+0310Ah
  dw 0050Dh,base+03590h
  dw 00A73h,base+03114h
  dw 0050Dh,base+03595h
  dw 00A73h,base+030ECh
  dw 0050Eh,base+0359Ah
  dw 00971h,base+0318Fh
  dw 0060Fh,base+03289h
  dw 00971h,base+03198h
  dw 0060Fh,base+033B3h
  dw 00871h,base+0327Fh
  dw 0050Fh,base+0348Dh
  dw 00871h,base+03287h
  dw 00510h,base+0348Dh
  dw 00770h,base+033B2h
  dw 00510h,base+02FF9h
  dw 00671h,base+033B3h
  dw 0030Fh,base+00079h
  dw 00580h,base+01AC8h
  dw 00580h,base+00B4Ah
  dw 00580h,base+00B4Ah
  dw 00480h,base+035C8h
  dw 00480h,base+035C8h
  dw 00580h,base+03572h
  dw 00580h,base+02761h
  dw 0067Fh,base+03527h
  dw 00780h,base+032E0h
  dw 00880h,base+030B5h
  dw 00880h,base+0055Ch
  dw 00800h,base+0328Eh

GoatDyingframe010:
  db 05Ch,01Bh,066h,001h
  db 0B2h
  db 000h,000h,0FFh,000h,000h
  db 000h,000h
  dw 0017Fh,base+0001Dh
  dw 0037Eh,base+0038Ah
  dw 0057Fh,base+0359Fh
  dw 0077Fh,base+03445h
  dw 0087Eh,base+032A7h
  dw 00A7Fh,base+030F6h
  dw 00B7Eh,base+03052h
  dw 00E7Fh,base+02E7Bh
  dw 00F7Fh,base+02DCDh
  dw 0117Eh,base+02C00h
  dw 0137Fh,base+02B29h
  dw 0147Eh,base+02AA0h
  dw 0177Fh,base+028E7h
  dw 01872h,base+02828h
  dw 0020Dh,base+00079h
  dw 01A72h,base+024B0h
  dw 00406h,base+035B4h
  dw 00207h,base+00079h
  dw 01B72h,base+02305h
  dw 00506h,base+01AC8h
  dw 00406h,base+035B0h
  dw 01E73h,base+019BAh
  dw 02B80h,base+007BEh
  dw 02B80h,base+007E9h
  dw 02B7Fh,base+00814h
  dw 02C80h,base+00638h
  dw 02C80h,base+00664h
  dw 02B80h,base+0083Fh
  dw 02880h,base+00AFFh
  dw 01A1Bh,base+02518h
  dw 00D64h,base+02F1Eh
  dw 02A7Fh,base+0093Dh
  dw 02B00h,base+0086Ah

GoatDyingframe011:
  db 066h,01Bh,05Ch,01Ch
  db 062h
  db 000h,000h,0E4h,000h,000h
  db 000h,000h
  dw 02D7Fh,base+0052Fh
  dw 0292Ah,base+009E3h
  dw 00455h,base+035B8h
  dw 0292Bh,base+00A0Ch
  dw 00555h,base+03577h
  dw 0292Bh,base+00A35h
  dw 00554h,base+0357Ch
  dw 00E0Fh,base+02E89h
  dw 01B1Dh,base+02320h
  dw 00554h,base+03581h
  dw 00D0Fh,base+02EF7h
  dw 01B1Dh,base+0233Bh
  dw 00554h,base+03586h
  dw 00C10h,base+02F92h
  dw 0191Ch,base+027ACh
  dw 00454h,base+035A4h
  dw 00A12h,base+03100h
  dw 0181Ah,base+02858h
  dw 00454h,base+035BCh
  dw 00813h,base+03297h
  dw 01719h,base+02943h
  dw 00454h,base+035C0h
  dw 00614h,base+0352Dh
  dw 01719h,base+0295Ah
  dw 00253h,base+03577h
  dw 00515h,base+0358Bh
  dw 01718h,base+02971h
  dw 00254h,base+035EBh
  dw 00318h,base+035E5h
  dw 01314h,base+02B3Ch
  dw 00354h,base+035DFh
  dw 00217h,base+0052Fh
  dw 01516h,base+02A4Fh
  dw 0036Ah,base+035E2h
  dw 01980h,base+027C5h
  dw 01617h,base+029F8h
  dw 00268h,base+00079h
  dw 01880h,base+02870h
  dw 0187Fh,base+02888h
  dw 01A80h,base+02532h
  dw 01A80h,base+0254Ch
  dw 01B7Fh,base+02356h
  dw 01C80h,base+01F96h
  dw 01D80h,base+01D0Ch
  dw 01D80h,base+01D29h
  dw 01E80h,base+019D8h
  dw 01E80h,base+019F6h
  dw 01E80h,base+01A14h
  dw 01E00h,base+01A32h

GoatDyingframe012:
  db 04Ah,01Bh,078h,037h
  db 086h
  db 000h,000h,0C9h,000h,000h
  db 000h,000h
  dw 01E7Fh,base+01A50h
  dw 01F80h,base+018C7h
  dw 01F7Fh,base+018E6h
  dw 02080h,base+0174Fh
  dw 0207Fh,base+0176Fh
  dw 02180h,base+015C8h
  dw 0217Fh,base+015E9h
  dw 02280h,base+013CFh
  dw 02280h,base+013F1h
  dw 02280h,base+01413h
  dw 0217Fh,base+0160Ah
  dw 02280h,base+01435h
  dw 02280h,base+01457h
  dw 0227Fh,base+01479h
  dw 02380h,base+011EAh
  dw 02380h,base+0120Dh
  dw 02380h,base+01230h
  dw 02480h,base+01065h
  dw 0247Fh,base+01089h
  dw 02580h,base+00DD3h
  dw 02580h,base+00DF8h
  dw 02580h,base+00E1Dh
  dw 02580h,base+00E42h
  dw 02580h,base+00E67h
  dw 02580h,base+00E8Ch
  dw 02580h,base+00EB1h
  dw 02500h,base+00ED6h

GoatDyingframe013:
  db 058h,01Bh,06Ah,052h
  db 078h
  db 000h,000h,0AEh,000h,000h
  db 000h,000h
  dw 02580h,base+00EFBh
  dw 01C1Dh,base+01DD6h
  dw 00864h,base+0055Ch
  dw 01B1Ch,base+02170h
  dw 00864h,base+032AFh
  dw 01B1Ch,base+0218Bh
  dw 00863h,base+032B7h
  dw 01C1Dh,base+01FB2h
  dw 00863h,base+032BFh
  dw 01B1Dh,base+02371h
  dw 00762h,base+0344Ch
  dw 01C1Eh,base+01FCEh
  dw 00762h,base+033DCh
  dw 01C1Eh,base+01FEAh
  dw 00761h,base+033D5h
  dw 01C1Fh,base+02006h
  dw 00761h,base+03453h
  dw 01C1Fh,base+02022h
  dw 00760h,base+0345Ah
  dw 01D20h,base+01D46h
  dw 00660h,base+034FDh
  dw 01C1Fh,base+0203Eh
  dw 00760h,base+033FFh
  dw 01D20h,base+01D63h
  dw 00760h,base+033F1h
  dw 01C20h,base+0205Ah
  dw 00760h,base+033F8h
  dw 01C20h,base+02076h
  dw 00760h,base+03461h
  dw 01B20h,base+0238Ch
  dw 00660h,base+03545h
  dw 01A1Fh,base+02566h
  dw 00761h,base+03468h
  dw 0191Fh,base+027DEh
  dw 00760h,base+0346Fh
  dw 01A20h,base+02580h
  dw 00760h,base+03476h
  dw 01A20h,base+0259Ah
  dw 00660h,base+0354Bh
  dw 01A1Fh,base+025B4h
  dw 00761h,base+006E7h
  dw 01B1Eh,base+023A7h
  dw 00861h,base+032C7h
  dw 01C1Eh,base+02092h
  dw 00962h,base+031C5h
  dw 01C1Dh,base+020AEh
  dw 00963h,base+031CEh
  dw 0090Ah,base+031D7h
  dw 01213h,base+02B97h
  dw 00962h,base+031E0h
  dw 0090Bh,base+031E9h
  dw 01213h,base+02BA9h
  dw 00962h,base+031F2h
  dw 0080Ch,base+032CFh
  dw 01112h,base+02C11h
  dw 00900h,base+031F2h

GoatDyingframe014:
  db 05Eh,01Bh,05Ah,06Dh
  db 068h
  db 000h,000h,093h,000h,000h
  db 000h,000h
  dw 0080Dh,base+032D7h
  dw 01112h,base+02C22h
  dw 00960h,base+031F2h
  dw 0080Eh,base+032DFh
  dw 01112h,base+02C33h
  dw 0085Fh,base+032E7h
  dw 0090Fh,base+031FBh
  dw 00102h,base+00000h
  dw 00F10h,base+02DDCh
  dw 0085Bh,base+032E7h
  dw 00C15h,base+02FAAh
  dw 00102h,base+00000h
  dw 00D0Fh,base+02F2Bh
  dw 0075Ah,base+0347Dh
  dw 00C17h,base+02FB6h
  dw 00D10h,base+02F38h
  dw 00658h,base+02726h
  dw 00C19h,base+02FC2h
  dw 00C10h,base+02FCEh
  dw 00457h,base+0302Dh
  dw 00C19h,base+02FDAh
  dw 00C12h,base+02FE6h
  dw 00255h,base+00079h
  dw 00B1Ah,base+0307Eh
  dw 00B67h,base+03089h
  dw 00A19h,base+0311Eh
  dw 00B67h,base+03094h
  dw 00A19h,base+03128h
  dw 00B67h,base+0309Fh
  dw 00A19h,base+03132h
  dw 00B68h,base+030AAh
  dw 00719h,base+03484h
  dw 00A67h,base+0313Ch
  dw 00519h,base+000C4h
  dw 00981h,base+03204h
  dw 00880h,base+032EFh
  dw 00880h,base+032F7h
  dw 00780h,base+0348Bh
  dw 0077Fh,base+03492h
  dw 00780h,base+03499h
  dw 0077Fh,base+034A0h
  dw 0077Fh,base+0338Fh
  dw 00880h,base+032FFh
  dw 00780h,base+034A7h
  dw 0067Fh,base+03527h
  dw 00780h,base+032E0h
  dw 00880h,base+030B5h
  dw 00880h,base+0055Ch
  dw 00800h,base+0328Eh

GoatDyingframe015:
  db 066h,015h,04Eh,013h
  db 064h
  db 000h,000h,0EDh,000h,000h
  db 000h,000h
  dw 0047Fh,base+000C4h
  dw 00680h,base+03289h
  dw 00620h,base+03521h
  dw 0055Fh,base+00BD2h
  dw 00B19h,base+030B5h
  dw 00E67h,base+02EA5h
  dw 00C15h,base+02FF2h
  dw 0126Bh,base+02BBBh
  dw 00C11h,base+02FFEh
  dw 0166Fh,base+02A0Eh
  dw 02780h,base+00BC6h
  dw 0277Bh,base+00BEDh
  dw 02C7Eh,base+00690h
  dw 02E7Fh,base+00501h
  dw 03080h,base+00441h
  dw 03080h,base+00471h
  dw 0307Fh,base+004A1h
  dw 03180h,base+003DFh
  dw 03280h,base+00317h
  dw 03280h,base+00349h
  dw 03280h,base+0037Bh
  dw 00D0Fh,base+02F45h
  dw 02372h,base+01253h
  dw 0060Eh,base+03551h
  dw 02472h,base+010ADh
  dw 0040Fh,base+035CCh
  dw 02380h,base+01276h
  dw 02300h,base+01299h

GoatDyingframe016:
  db 056h,018h,05Eh,028h
  db 070h
  db 000h,000h,0D8h,000h,000h
  db 000h,000h
  dw 02281h,base+0149Bh
  dw 02180h,base+0162Bh
  dw 02181h,base+0164Ch
  dw 02081h,base+0178Fh
  dw 01A1Ch,base+025CEh
  dw 00364h,base+035E8h
  dw 01B81h,base+023C2h
  dw 01A80h,base+025E8h
  dw 01A7Fh,base+02602h
  dw 01B7Fh,base+023DDh
  dw 01C7Fh,base+020CAh
  dw 01819h,base+028A0h
  dw 00466h,base+02AFFh
  dw 0191Ah,base+027F7h
  dw 00464h,base+035D0h
  dw 01B1Ch,base+023F8h
  dw 00463h,base+035D0h
  dw 01C1Dh,base+020E6h
  dw 00462h,base+035D4h
  dw 02280h,base+014BDh
  dw 0227Fh,base+014DFh
  dw 0237Fh,base+012BCh
  dw 0247Fh,base+010D1h
  dw 02580h,base+00F20h
  dw 0267Fh,base+00C3Ah
  dw 02880h,base+00B27h
  dw 02880h,base+00B4Fh
  dw 0297Fh,base+00A5Eh
  dw 02A00h,base+00967h

GoatDyingframe017:
  db 096h,012h,032h,040h
  db 054h
  db 000h,000h,0C0h,000h,000h
  db 000h,000h
  dw 03070h,base+004D1h
  dw 0030Fh,base+00079h
  dw 03171h,base+00410h
  dw 0030Eh,base+00C5Dh
  dw 03271h,base+003ADh
  dw 0050Eh,base+00B4Ah
  dw 03472h,base+0027Ch
  dw 0050Dh,base+01AC8h
  dw 03673h,base+001DAh
  dw 0060Bh,base+03289h
  dw 03975h,base+001A1h
  dw 00709h,base+034AEh
  dw 03C77h,base+00165h
  dw 04680h,base+0011Fh
  dw 04780h,base+000D8h
  dw 04881h,base+00000h
  dw 04880h,base+00048h
  dw 04881h,base+00090h
  dw 03638h,base+00210h
  dw 01048h,base+02D25h
  dw 0363Ah,base+00246h
  dw 00E47h,base+02EB3h
  dw 0343Ah,base+002B0h
  dw 00D47h,base+02F52h
  dw 0333Ah,base+002E4h
  dw 00D47h,base+02F5Fh
  dw 00609h,base+03557h
  dw 02831h,base+00B77h
  dw 00C47h,base+0300Ah
  dw 0030Ah,base+00079h
  dw 02630h,base+00C60h
  dw 00B00h,base+030C0h

GoatDyingframe018:
  db 082h,01Bh,054h,052h
  db 056h
  db 000h,000h,0AEh,000h,000h
  db 000h,000h
  dw 0232Eh,base+012DFh
  dw 00B52h,base+030CBh
  dw 0232Fh,base+01302h
  dw 00B51h,base+030D6h
  dw 02230h,base+01501h
  dw 00A50h,base+03146h
  dw 02131h,base+0166Dh
  dw 0094Eh,base+0320Dh
  dw 02133h,base+0168Eh
  dw 0094Dh,base+03216h
  dw 02034h,base+017AFh
  dw 0084Dh,base+03307h
  dw 01F34h,base+01905h
  dw 0074Dh,base+034B5h
  dw 01E33h,base+01A6Eh
  dw 0074Ch,base+033FFh
  dw 01E35h,base+01A8Ch
  dw 0074Bh,base+034BCh
  dw 01E35h,base+01AAAh
  dw 0074Bh,base+034C3h
  dw 01D36h,base+01D80h
  dw 0064Bh,base+03509h
  dw 01C35h,base+02102h
  dw 0064Ah,base+03509h
  dw 01C36h,base+0211Eh
  dw 00749h,base+034CAh
  dw 01D37h,base+01D9Dh
  dw 0074Ah,base+034D1h
  dw 01B37h,base+02413h
  dw 0064Bh,base+0355Dh
  dw 01835h,base+028B8h
  dw 0074Bh,base+032C8h
  dw 01735h,base+02988h
  dw 0074Bh,base+032E0h
  dw 01735h,base+0299Fh
  dw 00749h,base+032E0h
  dw 00102h,base+00000h
  dw 01636h,base+02A24h
  dw 00748h,base+032C8h
  dw 00F10h,base+02DEBh
  dw 00628h,base+0027Bh
  dw 00748h,base+00C19h
  dw 00F38h,base+02DFAh
  dw 00749h,base+00C19h
  dw 00E37h,base+02EC1h
  dw 00849h,base+0330Fh
  dw 00D37h,base+02F6Ch
  dw 0084Ah,base+0330Fh
  dw 00C36h,base+03016h
  dw 0084Ah,base+03317h
  dw 00C36h,base+03022h
  dw 0074Ah,base+034D8h
  dw 00B36h,base+030E1h
  dw 00749h,base+03278h
  dw 00C37h,base+0302Eh
  dw 00600h,base+030AFh

GoatDyingframe019:
  db 084h,01Bh,04Ch,06Dh
  db 058h
  db 000h,000h,093h,000h,000h
  db 000h,000h
  dw 00C37h,base+0303Ah
  dw 00545h,base+02727h
  dw 00F3Bh,base+02E09h
  dw 00443h,base+035D8h
  dw 0113Eh,base+02C44h
  dw 00242h,base+00079h
  dw 01080h,base+02D35h
  dw 01080h,base+02D45h
  dw 00F81h,base+02E18h
  dw 00E1Dh,base+02ECFh
  dw 00163h,base+00340h
  dw 00D1Dh,base+02F79h
  dw 00164h,base+00340h
  dw 00C1Ch,base+03046h
  dw 00164h,base+00340h
  dw 00405h,base+0281Dh
  dw 00413h,base+000C4h
  dw 00104h,base+00340h
  dw 00165h,base+00340h
  dw 00317h,base+035B4h
  dw 00104h,base+00340h
  dw 00166h,base+00340h
  dw 00216h,base+00339h
  dw 00104h,base+00340h
  dw 00166h,base+007FFh
  dw 00216h,base+02614h
  dw 00104h,base+00340h
  dw 00167h,base+007FFh
  dw 00115h,base+00000h
  dw 00103h,base+00340h
  dw 0027Dh,base+035EDh
  dw 00103h,base+00322h
  dw 0017Dh,base+00340h
  dw 00103h,base+007FFh
  dw 0017Ch,base+00322h
  dw 00103h,base+00340h
  dw 0026Eh,base+035EDh
  dw 0010Fh,base+007FFh
  dw 00103h,base+00340h
  dw 0016Eh,base+00322h
  dw 0010Fh,base+007FFh
  dw 00102h,base+007FFh
  dw 00105h,base+00340h
  dw 0016Ah,base+007FFh
  dw 0010Eh,base+007FFh
  dw 00103h,base+00322h
  dw 00104h,base+00322h
  dw 00169h,base+00322h
  dw 00102h,base+007FFh
  dw 0010Dh,base+00340h
  dw 00203h,base+035EDh
  dw 00204h,base+0196Bh
  dw 0016Ah,base+00322h
  dw 00102h,base+007FFh
  dw 0020Dh,base+035EDh
  dw 00102h,base+00322h
  dw 00204h,base+0196Bh
  dw 0026Bh,base+0196Bh
  dw 00103h,base+00340h
  dw 0010Bh,base+00322h
  dw 00406h,base+00340h
  dw 0016Ch,base+00322h
  dw 00203h,base+035EDh
  dw 0020Ah,base+035EDh
  dw 00406h,base+00340h
  dw 0016Eh,base+00322h
  dw 00203h,base+0196Bh
  dw 00108h,base+00322h
  dw 00405h,base+00340h
  dw 00271h,base+00341h
  dw 00408h,base+00341h
  dw 0077Ah,base+00340h
  dw 00400h,base+01969h


