  dw ryuPage1frame000
  dw ryuPage1frame001
  dw ryuPage1frame002
  dw ryuPage1frame003
  dw ryuPage1frame004
  dw ryuPage1frame005
  dw ryuPage1frame006
  dw ryuPage1frame007
  dw ryuPage1frame008
  dw ryuPage1frame009
  dw ryuPage1frame010
  dw ryuPage1frame011
  dw ryuPage1frame012
  dw ryuPage1frame013
  dw ryuPage1frame014
  dw ryuPage1frame015
  dw ryuPage1frame016
  dw ryuPage1frame017
  dw ryuPage1frame018
  dw ryuPage1frame019
  dw ryuPage1frame020
  dw ryuPage1frame021
  dw ryuPage1frame022
  dw ryuPage1frame023
  dw ryuPage1frame024
  dw ryuPage1frame025
  dw ryuPage1frame026
  dw ryuPage1frame027
  dw ryuPage1frame028
  dw ryuPage1frame029
  dw ryuPage1frame030
  dw ryuPage1frame031
  dw ryuPage1frame032
  dw ryuPage1frame033
  dw ryuPage1frame034
  dw ryuPage1frame035
  dw ryuPage1frame036
  dw ryuPage1frame037
  dw ryuPage1frame038
  dw ryuPage1frame039
  dw ryuPage1frame040
  dw ryuPage1frame041
  dw ryuPage1frame042
  dw ryuPage1frame043
  dw ryuPage1frame044
  dw ryuPage1frame045
  dw ryuPage1frame046
  dw ryuPage1frame047
  dw ryuPage1frame048
  dw ryuPage1frame049
  dw ryuPage1frame050
  dw ryuPage1frame051
  dw ryuPage1frame052
  dw ryuPage1frame053
  dw ryuPage1frame054
  dw ryuPage1frame055
  dw ryuPage1frame056
  dw ryuPage1frame057
  dw ryuPage1frame058
  dw ryuPage1frame059
  dw ryuPage1frame060
  dw ryuPage1frame061
  dw ryuPage1frame062

ryuPage1frame000:
  db 026h,019h,06Ah,02Fh	;w=38,h=25,x=106,y=47
  db 07Ch			;o=124
  db 000h,000h,0D1h,000h,000h	;unused
  db 000h,000h			;unused
  dw 00179h,base+00000h		;d=121,p=1
  dw 00106h,base+00000h		;d=6,p=1
  dw 00179h,base+00000h		;d=121,p=1
  dw 00107h,base+00000h		;d=7,p=1
  dw 00179h,base+00000h		;d=121,p=1
  dw 00106h,base+00000h		;6,1
  dw 00179h,base+00006h		;121,1
  dw 00206h,base+00009h		;6,2
  dw 0027Ah,base+00008h
  dw 00106h,base+00000h
  dw 0027Ah,base+00008h
  dw 00105h,base+00000h
  dw 0027Bh,base+0000Fh
  dw 00105h,base+00006h
  dw 0027Bh,base+0001Fh
  dw 00105h,base+00006h
  dw 0017Bh,base+00008h
  dw 00105h,base+00006h
  dw 0017Bh,base+00008h
  dw 00105h,base+00006h
  dw 0017Bh,base+00008h
  dw 00105h,base+00006h
  dw 0017Bh,base+00008h
  dw 00105h,base+00006h
  dw 0017Bh,base+00008h
  dw 00105h,base+00006h
  dw 0027Bh,base+00008h
  dw 00105h,base+00006h
  dw 0027Bh,base+0001Fh
  dw 00105h,base+00008h
  dw 0027Bh,base+0001Fh
  dw 00105h,base+00008h
  dw 0027Bh,base+0001Fh
  dw 00205h,base+00008h
  dw 0037Bh,base+00011h
  dw 00205h,base+0001Fh
  dw 00305h,base+00011h
  dw 00376h,base+00019h
  dw 00204h,base+0001Fh
  dw 00405h,base+00145h
  dw 00777h,base+00192h
  dw 00304h,base+0008Ch
  dw 00C7Dh,base+03195h
  dw 01080h,base+0296Dh
  dw 01181h,base+0261Bh
  dw 01180h,base+0262Ch
  dw 01100h,base+0263Dh

ryuPage1frame001:
  db 044h,020h,066h,048h
  db 06Eh
  db 000h,000h,0B8h,000h,000h
  db 000h,000h
  dw 0127Fh,base+022A9h
  dw 01380h,base+01DC3h
  dw 0147Fh,base+01B93h
  dw 01580h,base+018C9h
  dw 0167Fh,base+0140Fh
  dw 01780h,base+00EC2h
  dw 01880h,base+00AA2h
  dw 01880h,base+00ABAh
  dw 01880h,base+00AD2h
  dw 01980h,base+00750h
  dw 01980h,base+00769h
  dw 01980h,base+00782h
  dw 01980h,base+0079Bh
  dw 01A80h,base+004ACh
  dw 01314h,base+00B92h
  dw 0066Ch,base+0019Bh
  dw 01315h,base+01DD6h
  dw 0056Ch,base+0001Eh
  dw 01216h,base+0101Bh
  dw 0036Ah,base+0152Ah
  dw 01217h,base+0115Dh
  dw 0026Ah,base+00054h
  dw 01116h,base+00BC3h
  dw 0036Ah,base+00017h
  dw 01015h,base+027D6h
  dw 0046Ah,base+00052h
  dw 01116h,base+0264Eh
  dw 0046Ah,base+005C2h
  dw 00406h,base+0005Fh
  dw 00B10h,base+03381h
  dw 0046Ah,base+005C2h
  dw 00408h,base+0001Ch
  dw 0090Eh,base+03637h
  dw 0046Ah,base+005C2h
  dw 0040Ah,base+00342h
  dw 0080Ch,base+036F4h
  dw 0046Ah,base+005C2h
  dw 0040Ah,base+002D6h
  dw 0080Dh,base+036FCh
  dw 00369h,base+001FEh
  dw 0030Bh,base+0005Ch
  dw 0080Ch,base+003E3h
  dw 00368h,base+002FBh
  dw 0040Ch,base+0074Fh
  dw 0090Ch,base+030DFh
  dw 00208h,base+00009h
  dw 00160h,base+00000h
  dw 0040Ch,base+00926h
  dw 0090Dh,base+03640h
  dw 00207h,base+00009h
  dw 0015Fh,base+00000h
  dw 0040Eh,base+037F2h
  dw 0090Ch,base+03649h
  dw 00206h,base+00009h
  dw 00260h,base+00000h
  dw 0040Eh,base+0385Fh
  dw 0090Ch,base+035FCh
  dw 00306h,base+00019h
  dw 00160h,base+00000h
  dw 0040Ch,base+001FEh
  dw 00C0Eh,base+031A1h
  dw 00405h,base+00019h
  dw 00261h,base+00000h
  dw 0030Ch,base+00054h
  dw 00C0Eh,base+02FB5h
  dw 00600h,base+0023Bh

ryuPage1frame002:
  db 04Ah,01Fh,05Ah,068h
  db 066h
  db 000h,000h,098h,000h,000h
  db 000h,000h
  dw 0030Ah,base+00018h
  dw 00E10h,base+02D3Fh
  dw 00563h,base+0000Ah
  dw 00102h,base+00000h
  dw 0040Ah,base+00019h
  dw 01011h,base+0297Dh
  dw 00463h,base+004DDh
  dw 00102h,base+00000h
  dw 0030Ah,base+00019h
  dw 01011h,base+0298Dh
  dw 00462h,base+0011Ch
  dw 0060Ch,base+00148h
  dw 01112h,base+0265Fh
  dw 00362h,base+00019h
  dw 0050Bh,base+00818h
  dw 01213h,base+022BBh
  dw 00361h,base+00019h
  dw 0060Bh,base+00342h
  dw 01674h,base+01425h
  dw 0060Ch,base+02A65h
  dw 00B0Ch,base+02E3Eh
  dw 00968h,base+03652h
  dw 00405h,base+0001Bh
  dw 00106h,base+00000h
  dw 00A10h,base+034F7h
  dw 00665h,base+033A7h
  dw 00102h,base+00000h
  dw 00103h,base+00001h
  dw 00106h,base+00000h
  dw 0090Fh,base+0224Ah
  dw 00766h,base+0099Eh
  dw 00102h,base+00000h
  dw 00103h,base+00001h
  dw 00105h,base+00000h
  dw 00A0Fh,base+03501h
  dw 00868h,base+004CDh
  dw 00104h,base+00008h
  dw 00105h,base+00000h
  dw 0090Dh,base+0365Bh
  dw 00A6Ch,base+0163Bh
  dw 00306h,base+00008h
  dw 0090Dh,base+03664h
  dw 00B6Eh,base+0338Ch
  dw 00105h,base+00006h
  dw 0080Bh,base+03704h
  dw 00E75h,base+02D4Dh
  dw 0050Ah,base+00413h
  dw 00F76h,base+02B7Dh
  dw 00409h,base+001FEh
  dw 01177h,base+02670h
  dw 00407h,base+00129h
  dw 01379h,base+01DE9h
  dw 01A80h,base+004C6h
  dw 01415h,base+006CEh
  dw 0056Ch,base+006C8h
  dw 01314h,base+01DFCh
  dw 0056Ch,base+00344h
  dw 01214h,base+022CDh
  dw 0056Ch,base+00931h
  dw 01215h,base+022DFh
  dw 0046Ch,base+003E8h
  dw 00F14h,base+02B8Ch
  dw 0046Ch,base+00011h
  dw 00E14h,base+02D5Bh
  dw 0046Ch,base+00011h
  dw 00D15h,base+02FA7h
  dw 0046Bh,base+0001Fh
  dw 00C15h,base+031ADh
  dw 0046Ch,base+00010h
  dw 00A15h,base+0350Bh
  dw 0036Bh,base+0001Eh
  dw 00815h,base+02A8Dh
  dw 00369h,base+00008h
  dw 00617h,base+0005Eh
  dw 00368h,base+03451h
  dw 00718h,base+003FBh
  dw 00367h,base+00445h
  dw 00718h,base+0249Eh
  dw 00467h,base+00011h
  dw 00719h,base+00BC3h
  dw 00400h,base+00010h

ryuPage1frame003:
  db 028h,01Bh,06Ah,02Dh
  db 07Ch
  db 000h,000h,0D3h,000h,000h
  db 000h,000h
  dw 00179h,base+00000h
  dw 00106h,base+00000h
  dw 00179h,base+00000h
  dw 00107h,base+00000h
  dw 00179h,base+00000h
  dw 00106h,base+00000h
  dw 00179h,base+00006h
  dw 00206h,base+00009h
  dw 0027Ah,base+00008h
  dw 00106h,base+00000h
  dw 0027Ah,base+00008h
  dw 00105h,base+00000h
  dw 0027Bh,base+0000Fh
  dw 00105h,base+00006h
  dw 0027Bh,base+0001Fh
  dw 00105h,base+00006h
  dw 0017Bh,base+00008h
  dw 00105h,base+00006h
  dw 0017Bh,base+00008h
  dw 00105h,base+00006h
  dw 0017Bh,base+00008h
  dw 00105h,base+00006h
  dw 0017Bh,base+00008h
  dw 00105h,base+00006h
  dw 0017Bh,base+00008h
  dw 00105h,base+00006h
  dw 0027Bh,base+00008h
  dw 00105h,base+00006h
  dw 0027Bh,base+0001Fh
  dw 00105h,base+00008h
  dw 0027Bh,base+0001Fh
  dw 00105h,base+00008h
  dw 0027Bh,base+0001Fh
  dw 00205h,base+00008h
  dw 0037Bh,base+00011h
  dw 00205h,base+0001Fh
  dw 0037Bh,base+00011h
  dw 00204h,base+0001Fh
  dw 00405h,base+00145h
  dw 00377h,base+00019h
  dw 00304h,base+0008Ch
  dw 00A7Dh,base+03515h
  dw 00F80h,base+02B9Bh
  dw 01081h,base+0299Dh
  dw 01080h,base+029ADh
  dw 01180h,base+02681h
  dw 0117Fh,base+02692h
  dw 01300h,base+01E0Fh

ryuPage1frame004:
  db 052h,020h,05Ch,048h
  db 06Ch
  db 000h,000h,0B8h,000h,000h
  db 000h,000h
  dw 0137Fh,base+01E22h
  dw 01580h,base+018DEh
  dw 0157Fh,base+018F3h
  dw 01780h,base+00ED9h
  dw 01780h,base+00EF0h
  dw 01880h,base+00AEAh
  dw 01880h,base+00B02h
  dw 01980h,base+007B4h
  dw 0197Fh,base+007CDh
  dw 01A80h,base+004E0h
  dw 01A80h,base+004FAh
  dw 01B80h,base+00209h
  dw 01B81h,base+00224h
  dw 01314h,base+01E35h
  dw 0076Ch,base+0017Eh
  dw 01315h,base+01E48h
  dw 0066Bh,base+00891h
  dw 01316h,base+01E5Bh
  dw 0066Bh,base+0310Dh
  dw 01216h,base+022F1h
  dw 0056Ah,base+025F2h
  dw 01217h,base+02303h
  dw 00469h,base+00052h
  dw 01117h,base+026A3h
  dw 00469h,base+00052h
  dw 01117h,base+026B4h
  dw 00469h,base+00052h
  dw 01117h,base+026C5h
  dw 00469h,base+0000Ah
  dw 00406h,base+0001Dh
  dw 00B12h,base+03397h
  dw 00368h,base+00028h
  dw 00407h,base+0006Ch
  dw 00911h,base+0366Dh
  dw 00368h,base+0000Ah
  dw 0030Ah,base+0005Fh
  dw 0080Eh,base+036F4h
  dw 00368h,base+0000Ah
  dw 0030Ah,base+0005Fh
  dw 0090Eh,base+03676h
  dw 00309h,base+00013h
  dw 0015Fh,base+00000h
  dw 0030Bh,base+0001Ch
  dw 0080Eh,base+00197h
  dw 00208h,base+00009h
  dw 0015Eh,base+00000h
  dw 0040Dh,base+03891h
  dw 0080Dh,base+022A3h
  dw 00306h,base+00019h
  dw 00360h,base+0005Eh
  dw 0040Dh,base+03895h
  dw 0080Dh,base+03641h
  dw 00306h,base+00019h
  dw 0025Fh,base+00009h
  dw 0040Dh,base+00092h
  dw 00A0Eh,base+0351Fh
  dw 00405h,base+00019h
  dw 00360h,base+0005Eh
  dw 0040Dh,base+03899h
  dw 00A0Fh,base+03170h
  dw 00663h,base+000A5h
  dw 0050Eh,base+00052h
  dw 00B0Fh,base+031A2h
  dw 0055Fh,base+03855h
  dw 00204h,base+00009h
  dw 0040Ch,base+00122h
  dw 00D11h,base+02FB4h
  dw 00400h,base+005C2h

ryuPage1frame005:
  db 04Eh,01Fh,058h,068h
  db 05Ah
  db 000h,000h,098h,000h,000h
  db 000h,000h
  dw 00910h,base+0367Fh
  dw 00E12h,base+02D69h
  dw 0045Eh,base+004DDh
  dw 0080Eh,base+00844h
  dw 01114h,base+026D6h
  dw 0045Eh,base+0011Ch
  dw 0070Eh,base+01FD6h
  dw 01114h,base+026E7h
  dw 0035Dh,base+00019h
  dw 0080Eh,base+00235h
  dw 01215h,base+02315h
  dw 0035Dh,base+00019h
  dw 00305h,base+0005Eh
  dw 00209h,base+00009h
  dw 01314h,base+01E6Eh
  dw 0035Eh,base+005C0h
  dw 00102h,base+00000h
  dw 00103h,base+00008h
  dw 00108h,base+00000h
  dw 01773h,base+00F07h
  dw 00104h,base+00001h
  dw 00209h,base+00009h
  dw 00B0Ch,base+02E3Eh
  dw 00B67h,base+033A2h
  dw 00104h,base+00008h
  dw 00208h,base+00009h
  dw 00A10h,base+02A5Ch
  dw 00867h,base+0370Ch
  dw 00209h,base+00006h
  dw 00910h,base+0287Eh
  dw 00867h,base+006D3h
  dw 00107h,base+00008h
  dw 00A10h,base+02896h
  dw 00B70h,base+006D2h
  dw 0090Eh,base+0265Dh
  dw 00D71h,base+02FC1h
  dw 0090Eh,base+03688h
  dw 00E72h,base+02D77h
  dw 0080Ch,base+03704h
  dw 01074h,base+029BDh
  dw 0060Bh,base+005C3h
  dw 01075h,base+029CDh
  dw 0050Ah,base+00413h
  dw 01176h,base+026F8h
  dw 00408h,base+00129h
  dw 01378h,base+01E81h
  dw 00507h,base+00CF6h
  dw 01479h,base+01BA7h
  dw 00507h,base+02D39h
  dw 01479h,base+01BBBh
  dw 00507h,base+00CFCh
  dw 0147Ah,base+01BCFh
  dw 00406h,base+00342h
  dw 0147Ah,base+01BE3h
  dw 00406h,base+0018Dh
  dw 00D10h,base+01E03h
  dw 0046Ah,base+003E8h
  dw 00506h,base+0006Bh
  dw 00C10h,base+031B9h
  dw 0046Bh,base+00011h
  dw 00406h,base+00236h
  dw 00A0Fh,base+03529h
  dw 0046Ch,base+00011h
  dw 00305h,base+0018Eh
  dw 00910h,base+0362Dh
  dw 0046Bh,base+0001Fh
  dw 00306h,base+00232h
  dw 0070Fh,base+003A5h
  dw 0046Ch,base+00010h
  dw 00305h,base+00237h
  dw 00510h,base+00038h
  dw 0036Bh,base+0001Eh
  dw 00305h,base+0018Eh
  dw 00510h,base+00019h
  dw 00369h,base+00008h
  dw 00517h,base+0005Eh
  dw 00368h,base+03451h
  dw 00618h,base+00105h
  dw 00367h,base+00445h
  dw 00718h,base+0249Eh
  dw 00467h,base+00011h
  dw 00719h,base+00BC3h
  dw 00400h,base+00010h

ryuPage1frame006:
  db 028h,01Ch,06Ah,02Ch
  db 07Ch
  db 000h,000h,0D4h,000h,000h
  db 000h,000h
  dw 00179h,base+00000h
  dw 00106h,base+00000h
  dw 00179h,base+00000h
  dw 00107h,base+00000h
  dw 00179h,base+00000h
  dw 00106h,base+00000h
  dw 00179h,base+00006h
  dw 00206h,base+00009h
  dw 0027Ah,base+00008h
  dw 00106h,base+00000h
  dw 0027Ah,base+00008h
  dw 00105h,base+00000h
  dw 0027Bh,base+0000Fh
  dw 00105h,base+00006h
  dw 0027Bh,base+0001Fh
  dw 00105h,base+00006h
  dw 0017Bh,base+00008h
  dw 00105h,base+00006h
  dw 0017Bh,base+00008h
  dw 00105h,base+00006h
  dw 0017Bh,base+00008h
  dw 00105h,base+00006h
  dw 0017Bh,base+00008h
  dw 00105h,base+00006h
  dw 0017Bh,base+00008h
  dw 00105h,base+00006h
  dw 0027Bh,base+00008h
  dw 00105h,base+00006h
  dw 0027Bh,base+0001Fh
  dw 00105h,base+00008h
  dw 0027Bh,base+0001Fh
  dw 00105h,base+00008h
  dw 0027Bh,base+0001Fh
  dw 00205h,base+00008h
  dw 0037Bh,base+00011h
  dw 00205h,base+0001Fh
  dw 0037Bh,base+00011h
  dw 00204h,base+0001Fh
  dw 0097Ch,base+00145h
  dw 00304h,base+0008Ch
  dw 00B7Dh,base+033ADh
  dw 00F80h,base+02BAAh
  dw 01081h,base+029DDh
  dw 01080h,base+029EDh
  dw 01180h,base+02709h
  dw 0117Fh,base+0271Ah
  dw 01380h,base+01E94h
  dw 01300h,base+01EA7h

ryuPage1frame007:
  db 058h,020h,058h,048h
  db 06Ah
  db 000h,000h,0B8h,000h,000h
  db 000h,000h
  dw 01580h,base+01908h
  dw 0157Fh,base+0191Dh
  dw 01780h,base+00F1Eh
  dw 01780h,base+00F35h
  dw 01880h,base+00B1Ah
  dw 01880h,base+00B32h
  dw 01980h,base+007E6h
  dw 0197Fh,base+007FFh
  dw 01A80h,base+00514h
  dw 01B80h,base+0023Fh
  dw 01B80h,base+0025Ah
  dw 01B81h,base+00275h
  dw 01314h,base+01EBAh
  dw 0066Ch,base+0380Dh
  dw 01314h,base+01ECDh
  dw 0076Ch,base+00147h
  dw 01315h,base+01EE0h
  dw 0076Bh,base+0019Bh
  dw 01316h,base+01EF3h
  dw 0066Bh,base+03813h
  dw 01216h,base+02327h
  dw 0056Ah,base+02257h
  dw 01118h,base+0272Bh
  dw 00468h,base+00065h
  dw 01118h,base+0273Ch
  dw 00468h,base+00132h
  dw 01018h,base+0264Fh
  dw 00468h,base+00132h
  dw 00405h,base+002A1h
  dw 00B13h,base+03381h
  dw 00468h,base+00132h
  dw 00307h,base+0000Eh
  dw 00911h,base+03637h
  dw 00468h,base+00052h
  dw 00309h,base+0001Dh
  dw 0080Fh,base+036F4h
  dw 00468h,base+005C2h
  dw 00309h,base+0018Eh
  dw 00910h,base+03676h
  dw 00366h,base+00122h
  dw 0040Bh,base+00342h
  dw 0090Fh,base+030D2h
  dw 00465h,base+0011Ch
  dw 0050Dh,base+03468h
  dw 0080Fh,base+00CD9h
  dw 00307h,base+00019h
  dw 0025Ch,base+00009h
  dw 0060Eh,base+00925h
  dw 0090Fh,base+0233Bh
  dw 00307h,base+00019h
  dw 0025Bh,base+00007h
  dw 0070Fh,base+037A4h
  dw 00910h,base+026B9h
  dw 00305h,base+00019h
  dw 00258h,base+00009h
  dw 00A12h,base+03533h
  dw 00B11h,base+033B8h
  dw 0075Ch,base+0038Eh
  dw 00A12h,base+0353Dh
  dw 00C12h,base+02DA2h
  dw 0065Ch,base+0023Bh
  dw 00911h,base+03691h
  dw 00E13h,base+02D85h
  dw 0055Ch,base+03855h
  dw 00810h,base+03714h
  dw 00F14h,base+02BB9h
  dw 00400h,base+004DDh

ryuPage1frame008:
  db 052h,01Fh,056h,068h
  db 056h
  db 000h,000h,098h,000h,000h
  db 000h,000h
  dw 00811h,base+00235h
  dw 00F14h,base+02BC8h
  dw 0045Bh,base+0011Ch
  dw 00305h,base+0005Eh
  dw 0020Bh,base+00009h
  dw 01115h,base+0274Dh
  dw 0035Bh,base+0011Ch
  dw 00102h,base+00000h
  dw 00103h,base+00008h
  dw 0010Bh,base+00000h
  dw 01115h,base+0275Eh
  dw 0035Bh,base+00019h
  dw 00104h,base+00001h
  dw 0020Bh,base+00009h
  dw 01216h,base+02339h
  dw 0025Bh,base+00009h
  dw 00104h,base+00008h
  dw 0020Bh,base+00009h
  dw 01214h,base+0234Bh
  dw 00460h,base+0083Fh
  dw 0020Bh,base+00006h
  dw 01314h,base+01F06h
  dw 00461h,base+001E6h
  dw 0010Bh,base+00008h
  dw 00A0Ch,base+03547h
  dw 00C73h,base+031C5h
  dw 00A0Fh,base+03551h
  dw 00A71h,base+0355Bh
  dw 00911h,base+0287Eh
  dw 0086Eh,base+004CDh
  dw 00911h,base+02EF5h
  dw 00A6Fh,base+0163Ch
  dw 00810h,base+003FDh
  dw 00B6Fh,base+02FC3h
  dw 00810h,base+000A9h
  dw 00C6Fh,base+025FDh
  dw 00810h,base+003C8h
  dw 00D70h,base+02FCEh
  dw 0070Fh,base+037ABh
  dw 00D71h,base+02FDBh
  dw 0060Dh,base+00230h
  dw 00F73h,base+02BD7h
  dw 0050Ch,base+00017h
  dw 00F74h,base+02BE6h
  dw 0030Bh,base+00017h
  dw 00F75h,base+02770h
  dw 0040Ah,base+00054h
  dw 01176h,base+0276Fh
  dw 00408h,base+00018h
  dw 01378h,base+01F19h
  dw 00507h,base+00144h
  dw 01479h,base+01BF7h
  dw 00508h,base+0006Bh
  dw 01379h,base+01F2Ch
  dw 00407h,base+0018Dh
  dw 00D0Fh,base+02FE8h
  dw 0046Bh,base+00011h
  dw 00406h,base+00232h
  dw 00C0Fh,base+031D1h
  dw 0046Ch,base+00011h
  dw 00306h,base+00007h
  dw 00A0Fh,base+03565h
  dw 0046Bh,base+0001Fh
  dw 00306h,base+00232h
  dw 00A0Fh,base+0356Fh
  dw 0046Ch,base+00010h
  dw 00205h,base+0000Eh
  dw 00910h,base+00876h
  dw 0036Bh,base+0001Eh
  dw 00206h,base+00007h
  dw 0070Fh,base+0285Fh
  dw 00369h,base+00008h
  dw 00508h,base+0005Eh
  dw 0060Fh,base+00148h
  dw 00368h,base+03451h
  dw 00618h,base+00105h
  dw 00367h,base+00445h
  dw 00718h,base+0249Eh
  dw 00467h,base+00011h
  dw 00719h,base+00BC3h
  dw 00400h,base+00010h

ryuPage1frame009:
  db 028h,01Eh,06Ah,02Ah
  db 07Ch
  db 000h,000h,0D6h,000h,000h
  db 000h,000h
  dw 00179h,base+00000h
  dw 00106h,base+00000h
  dw 00179h,base+00000h
  dw 00107h,base+00000h
  dw 00179h,base+00000h
  dw 00106h,base+00000h
  dw 00179h,base+00006h
  dw 00206h,base+00009h
  dw 0027Ah,base+00008h
  dw 00106h,base+00000h
  dw 0027Ah,base+00008h
  dw 00105h,base+00000h
  dw 0027Bh,base+0000Fh
  dw 00105h,base+00006h
  dw 0027Bh,base+0001Fh
  dw 00105h,base+00006h
  dw 0017Bh,base+00008h
  dw 00105h,base+00006h
  dw 0017Bh,base+00008h
  dw 00105h,base+00006h
  dw 0017Bh,base+00008h
  dw 00105h,base+00006h
  dw 0017Bh,base+00008h
  dw 00105h,base+00006h
  dw 0017Bh,base+00008h
  dw 00105h,base+00006h
  dw 0027Bh,base+00008h
  dw 00105h,base+00006h
  dw 0027Bh,base+0001Fh
  dw 00105h,base+00008h
  dw 0027Bh,base+0001Fh
  dw 00105h,base+00008h
  dw 0027Bh,base+0001Fh
  dw 00205h,base+00008h
  dw 0037Bh,base+00011h
  dw 00205h,base+0001Fh
  dw 0037Bh,base+00011h
  dw 00204h,base+0001Fh
  dw 0077Ch,base+00145h
  dw 00304h,base+0008Ch
  dw 0087Dh,base+0371Ch
  dw 00D80h,base+02FF5h
  dw 00E81h,base+0211Ah
  dw 00E80h,base+02D93h
  dw 00F80h,base+02BF5h
  dw 00F7Fh,base+02C04h
  dw 01180h,base+02780h
  dw 0127Fh,base+0235Dh
  dw 01480h,base+01C0Bh
  dw 01400h,base+01C1Fh

ryuPage1frame010:
  db 05Ah,020h,054h,048h
  db 068h
  db 000h,000h,0B8h,000h,000h
  db 000h,000h
  dw 01680h,base+0143Bh
  dw 01680h,base+01451h
  dw 01780h,base+00F4Ch
  dw 01780h,base+00F63h
  dw 01880h,base+00B4Ah
  dw 01880h,base+00B62h
  dw 0197Fh,base+00818h
  dw 01A80h,base+0052Eh
  dw 01A80h,base+00548h
  dw 01B80h,base+00290h
  dw 01C81h,base+00145h
  dw 01B80h,base+002ABh
  dw 01214h,base+0236Fh
  dw 0086Ch,base+03724h
  dw 01215h,base+02381h
  dw 0076Bh,base+037B2h
  dw 01216h,base+02393h
  dw 0066Ah,base+03819h
  dw 01217h,base+023A5h
  dw 0056Ah,base+0385Ah
  dw 01117h,base+02791h
  dw 00569h,base+00709h
  dw 01118h,base+027A2h
  dw 00468h,base+00065h
  dw 01018h,base+029FDh
  dw 00468h,base+00132h
  dw 01018h,base+02A0Dh
  dw 00468h,base+00132h
  dw 00306h,base+0001Dh
  dw 00912h,base+0366Dh
  dw 00467h,base+00052h
  dw 00409h,base+0005Eh
  dw 00811h,base+0372Ch
  dw 00366h,base+001FEh
  dw 0040Ah,base+0389Dh
  dw 00710h,base+02EE4h
  dw 00308h,base+00122h
  dw 0015Eh,base+00000h
  dw 0040Ah,base+038A1h
  dw 00911h,base+0369Ah
  dw 00207h,base+00009h
  dw 0015Dh,base+00000h
  dw 0050Bh,base+0385Fh
  dw 00A11h,base+02896h
  dw 00207h,base+00009h
  dw 0015Ch,base+00001h
  dw 0060Dh,base+0381Fh
  dw 00911h,base+02242h
  dw 00205h,base+00009h
  dw 00158h,base+00000h
  dw 00105h,base+00000h
  dw 0060Dh,base+005C3h
  dw 00A11h,base+03579h
  dw 00305h,base+00019h
  dw 00158h,base+00000h
  dw 00104h,base+00000h
  dw 0060Eh,base+02F37h
  dw 00A11h,base+03583h
  dw 0065Ch,base+000A5h
  dw 00B12h,base+01FC6h
  dw 00C12h,base+031DDh
  dw 0055Ch,base+03855h
  dw 00A11h,base+0339Eh
  dw 00D13h,base+03002h
  dw 0045Bh,base+004DDh
  dw 00A12h,base+0358Dh
  dw 00E13h,base+02DA1h
  dw 0045Ah,base+004DDh
  dw 00A12h,base+03597h
  dw 00F14h,base+02C13h
  dw 00300h,base+0011Ch

ryuPage1frame011:
  db 052h,01Fh,054h,068h
  db 054h
  db 000h,000h,098h,000h,000h
  db 000h,000h
  dw 00405h,base+0001Bh
  dw 0040Ch,base+00019h
  dw 01015h,base+02A1Dh
  dw 0035Ah,base+00019h
  dw 00102h,base+00000h
  dw 00103h,base+00001h
  dw 0010Bh,base+00000h
  dw 01216h,base+023B7h
  dw 0035Ah,base+00019h
  dw 00102h,base+00000h
  dw 00103h,base+00001h
  dw 0010Bh,base+00000h
  dw 01215h,base+023C9h
  dw 0035Ch,base+00884h
  dw 00104h,base+00008h
  dw 0010Bh,base+00000h
  dw 01214h,base+023DBh
  dw 0035Fh,base+001E7h
  dw 0030Ch,base+00008h
  dw 01314h,base+01F3Fh
  dw 00461h,base+00172h
  dw 0010Bh,base+00006h
  dw 00A0Ch,base+02EF5h
  dw 00C73h,base+031E9h
  dw 00A0Eh,base+0287Dh
  dw 00B72h,base+033C3h
  dw 0090Fh,base+03502h
  dw 00B71h,base+033CEh
  dw 00811h,base+003FDh
  dw 00A6Eh,base+035A1h
  dw 00812h,base+00557h
  dw 00A6Eh,base+01BAAh
  dw 00711h,base+003FDh
  dw 00A6Eh,base+006D4h
  dw 00812h,base+00557h
  dw 00A6Eh,base+035ABh
  dw 00711h,base+00E3Fh
  dw 00A6Eh,base+035B5h
  dw 00711h,base+00330h
  dw 00B6Fh,base+033D9h
  dw 00610h,base+03825h
  dw 00B70h,base+033E4h
  dw 0050Fh,base+00230h
  dw 00C71h,base+031F5h
  dw 0040Eh,base+00017h
  dw 00D72h,base+0300Fh
  dw 0040Dh,base+00017h
  dw 00E73h,base+02DAFh
  dw 0040Bh,base+00054h
  dw 01075h,base+02A2Dh
  dw 0040Ah,base+00099h
  dw 01176h,base+027B3h
  dw 00509h,base+03403h
  dw 01277h,base+023EDh
  dw 00509h,base+00235h
  dw 00D0Eh,base+0301Ch
  dw 0046Ah,base+00011h
  dw 00508h,base+0006Bh
  dw 00C0Eh,base+03201h
  dw 0046Ch,base+00011h
  dw 00306h,base+00237h
  dw 00C0Fh,base+0320Dh
  dw 0046Bh,base+0001Fh
  dw 00307h,base+0018Eh
  dw 00A0Eh,base+035BFh
  dw 0046Ch,base+00010h
  dw 00207h,base+0002Ch
  dw 0080Eh,base+03734h
  dw 0036Bh,base+0001Eh
  dw 00207h,base+00007h
  dw 0070Eh,base+037B9h
  dw 00369h,base+00008h
  dw 00509h,base+0005Eh
  dw 0060Eh,base+00148h
  dw 00368h,base+03451h
  dw 0060Bh,base+00105h
  dw 0030Dh,base+00019h
  dw 00367h,base+00445h
  dw 00718h,base+0249Eh
  dw 00467h,base+00011h
  dw 00719h,base+00BC3h
  dw 00400h,base+00010h

ryuPage1frame012:
  db 028h,01Ch,06Ah,02Ch
  db 07Ch
  db 000h,000h,0D4h,000h,000h
  db 000h,000h
  dw 00179h,base+00000h
  dw 00106h,base+00000h
  dw 00179h,base+00000h
  dw 00107h,base+00000h
  dw 00179h,base+00000h
  dw 00106h,base+00000h
  dw 00179h,base+00006h
  dw 00206h,base+00009h
  dw 0027Ah,base+00008h
  dw 00106h,base+00000h
  dw 0027Ah,base+00008h
  dw 00105h,base+00000h
  dw 0027Bh,base+0000Fh
  dw 00105h,base+00006h
  dw 0027Bh,base+0001Fh
  dw 00105h,base+00006h
  dw 0017Bh,base+00008h
  dw 00105h,base+00006h
  dw 0017Bh,base+00008h
  dw 00105h,base+00006h
  dw 0017Bh,base+00008h
  dw 00105h,base+00006h
  dw 0017Bh,base+00008h
  dw 00105h,base+00006h
  dw 0017Bh,base+00008h
  dw 00105h,base+00006h
  dw 0027Bh,base+00008h
  dw 00105h,base+00006h
  dw 0027Bh,base+0001Fh
  dw 00105h,base+00008h
  dw 0027Bh,base+0001Fh
  dw 00105h,base+00008h
  dw 0027Bh,base+0001Fh
  dw 00205h,base+00008h
  dw 0037Bh,base+00011h
  dw 00205h,base+0001Fh
  dw 0037Bh,base+00011h
  dw 00204h,base+0001Fh
  dw 0097Ch,base+00145h
  dw 00304h,base+0008Ch
  dw 00B7Dh,base+033ADh
  dw 00F80h,base+02BAAh
  dw 01081h,base+029DDh
  dw 01080h,base+029EDh
  dw 01180h,base+02709h
  dw 0117Fh,base+0271Ah
  dw 01380h,base+01E94h
  dw 01300h,base+01EA7h

ryuPage1frame013:
  db 058h,020h,058h,048h
  db 06Ah
  db 000h,000h,0B8h,000h,000h
  db 000h,000h
  dw 01580h,base+01908h
  dw 0157Fh,base+0191Dh
  dw 01780h,base+00F1Eh
  dw 01780h,base+00F35h
  dw 01880h,base+00B1Ah
  dw 01880h,base+00B32h
  dw 01980h,base+007E6h
  dw 0197Fh,base+007FFh
  dw 01A80h,base+00514h
  dw 01B80h,base+0023Fh
  dw 01B80h,base+0025Ah
  dw 01B81h,base+00275h
  dw 01314h,base+01EBAh
  dw 0066Ch,base+0380Dh
  dw 01314h,base+01ECDh
  dw 0076Ch,base+00147h
  dw 01315h,base+01EE0h
  dw 0076Bh,base+0019Bh
  dw 01316h,base+01EF3h
  dw 0066Bh,base+03813h
  dw 01216h,base+02327h
  dw 0056Ah,base+02257h
  dw 01118h,base+0272Bh
  dw 00468h,base+00065h
  dw 01118h,base+0273Ch
  dw 00468h,base+00132h
  dw 01018h,base+0264Fh
  dw 00468h,base+00132h
  dw 00405h,base+002A1h
  dw 00B13h,base+03381h
  dw 00468h,base+00132h
  dw 00307h,base+0000Eh
  dw 00911h,base+03637h
  dw 00468h,base+00052h
  dw 00309h,base+0001Dh
  dw 0080Fh,base+036F4h
  dw 00468h,base+005C2h
  dw 00309h,base+0018Eh
  dw 00910h,base+03676h
  dw 00366h,base+00122h
  dw 0040Bh,base+00342h
  dw 0090Fh,base+030D2h
  dw 00465h,base+0011Ch
  dw 0050Dh,base+03468h
  dw 0080Fh,base+00CD9h
  dw 00307h,base+00019h
  dw 0025Ch,base+00009h
  dw 0060Eh,base+00925h
  dw 0090Fh,base+0233Bh
  dw 00307h,base+00019h
  dw 0025Bh,base+00007h
  dw 0070Fh,base+037A4h
  dw 00910h,base+026B9h
  dw 00305h,base+00019h
  dw 00258h,base+00009h
  dw 00A12h,base+03533h
  dw 00B11h,base+033B8h
  dw 0075Ch,base+0038Eh
  dw 00A12h,base+0353Dh
  dw 00C12h,base+02DA2h
  dw 0065Ch,base+0023Bh
  dw 00911h,base+03691h
  dw 00E13h,base+02D85h
  dw 0055Ch,base+03855h
  dw 00810h,base+03714h
  dw 00F14h,base+02BB9h
  dw 00400h,base+004DDh

ryuPage1frame014:
  db 052h,01Fh,056h,068h
  db 056h
  db 000h,000h,098h,000h,000h
  db 000h,000h
  dw 00811h,base+00235h
  dw 00F14h,base+02BC8h
  dw 0045Bh,base+0011Ch
  dw 00305h,base+0005Eh
  dw 0020Bh,base+00009h
  dw 01115h,base+0274Dh
  dw 0035Bh,base+0011Ch
  dw 00102h,base+00000h
  dw 00103h,base+00008h
  dw 0010Bh,base+00000h
  dw 01115h,base+0275Eh
  dw 0035Bh,base+00019h
  dw 00104h,base+00001h
  dw 0020Bh,base+00009h
  dw 01216h,base+02339h
  dw 0025Bh,base+00009h
  dw 00104h,base+00008h
  dw 0020Bh,base+00009h
  dw 01214h,base+0234Bh
  dw 00460h,base+0083Fh
  dw 0020Bh,base+00006h
  dw 01314h,base+01F06h
  dw 00461h,base+001E6h
  dw 0010Bh,base+00008h
  dw 00A0Ch,base+03547h
  dw 00C73h,base+031C5h
  dw 00A0Fh,base+03551h
  dw 00A71h,base+0355Bh
  dw 00911h,base+0287Eh
  dw 0086Eh,base+004CDh
  dw 00911h,base+02EF5h
  dw 00A6Fh,base+0163Ch
  dw 00810h,base+003FDh
  dw 00B6Fh,base+02FC3h
  dw 00810h,base+000A9h
  dw 00C6Fh,base+025FDh
  dw 00810h,base+003C8h
  dw 00D70h,base+02FCEh
  dw 0070Fh,base+037ABh
  dw 00D71h,base+02FDBh
  dw 0060Dh,base+00230h
  dw 00F73h,base+02BD7h
  dw 0050Ch,base+00017h
  dw 00F74h,base+02BE6h
  dw 0030Bh,base+00017h
  dw 00F75h,base+02770h
  dw 0040Ah,base+00054h
  dw 01176h,base+0276Fh
  dw 00408h,base+00018h
  dw 01378h,base+01F19h
  dw 00507h,base+00144h
  dw 01479h,base+01BF7h
  dw 00508h,base+0006Bh
  dw 01379h,base+01F2Ch
  dw 00407h,base+0018Dh
  dw 00D0Fh,base+02FE8h
  dw 0046Bh,base+00011h
  dw 00406h,base+00232h
  dw 00C0Fh,base+031D1h
  dw 0046Ch,base+00011h
  dw 00306h,base+00007h
  dw 00A0Fh,base+03565h
  dw 0046Bh,base+0001Fh
  dw 00306h,base+00232h
  dw 00A0Fh,base+0356Fh
  dw 0046Ch,base+00010h
  dw 00205h,base+0000Eh
  dw 00910h,base+00876h
  dw 0036Bh,base+0001Eh
  dw 00206h,base+00007h
  dw 0070Fh,base+0285Fh
  dw 00369h,base+00008h
  dw 00508h,base+0005Eh
  dw 0060Fh,base+00148h
  dw 00368h,base+03451h
  dw 00618h,base+00105h
  dw 00367h,base+00445h
  dw 00718h,base+0249Eh
  dw 00467h,base+00011h
  dw 00719h,base+00BC3h
  dw 00400h,base+00010h

ryuPage1frame015:
  db 028h,01Bh,06Ah,02Dh
  db 07Ch
  db 000h,000h,0D3h,000h,000h
  db 000h,000h
  dw 00179h,base+00000h
  dw 00106h,base+00000h
  dw 00179h,base+00000h
  dw 00107h,base+00000h
  dw 00179h,base+00000h
  dw 00106h,base+00000h
  dw 00179h,base+00006h
  dw 00206h,base+00009h
  dw 0027Ah,base+00008h
  dw 00106h,base+00000h
  dw 0027Ah,base+00008h
  dw 00105h,base+00000h
  dw 0027Bh,base+0000Fh
  dw 00105h,base+00006h
  dw 0027Bh,base+0001Fh
  dw 00105h,base+00006h
  dw 0017Bh,base+00008h
  dw 00105h,base+00006h
  dw 0017Bh,base+00008h
  dw 00105h,base+00006h
  dw 0017Bh,base+00008h
  dw 00105h,base+00006h
  dw 0017Bh,base+00008h
  dw 00105h,base+00006h
  dw 0017Bh,base+00008h
  dw 00105h,base+00006h
  dw 0027Bh,base+00008h
  dw 00105h,base+00006h
  dw 0027Bh,base+0001Fh
  dw 00105h,base+00008h
  dw 0027Bh,base+0001Fh
  dw 00105h,base+00008h
  dw 0027Bh,base+0001Fh
  dw 00205h,base+00008h
  dw 0037Bh,base+00011h
  dw 00205h,base+0001Fh
  dw 0037Bh,base+00011h
  dw 00204h,base+0001Fh
  dw 00405h,base+00145h
  dw 00377h,base+00019h
  dw 00304h,base+0008Ch
  dw 00A7Dh,base+03515h
  dw 00F80h,base+02B9Bh
  dw 01081h,base+0299Dh
  dw 01080h,base+029ADh
  dw 01180h,base+02681h
  dw 0117Fh,base+02692h
  dw 01300h,base+01E0Fh

ryuPage1frame016:
  db 052h,020h,05Ch,048h
  db 06Ch
  db 000h,000h,0B8h,000h,000h
  db 000h,000h
  dw 0137Fh,base+01E22h
  dw 01580h,base+018DEh
  dw 0157Fh,base+018F3h
  dw 01780h,base+00ED9h
  dw 01780h,base+00EF0h
  dw 01880h,base+00AEAh
  dw 01880h,base+00B02h
  dw 01980h,base+007B4h
  dw 0197Fh,base+007CDh
  dw 01A80h,base+004E0h
  dw 01A80h,base+004FAh
  dw 01B80h,base+00209h
  dw 01B81h,base+00224h
  dw 01314h,base+01E35h
  dw 0076Ch,base+0017Eh
  dw 01315h,base+01E48h
  dw 0066Bh,base+00891h
  dw 01316h,base+01E5Bh
  dw 0066Bh,base+0310Dh
  dw 01216h,base+022F1h
  dw 0056Ah,base+025F2h
  dw 01217h,base+02303h
  dw 00469h,base+00052h
  dw 01117h,base+026A3h
  dw 00469h,base+00052h
  dw 01117h,base+026B4h
  dw 00469h,base+00052h
  dw 01117h,base+026C5h
  dw 00469h,base+0000Ah
  dw 00406h,base+0001Dh
  dw 00B12h,base+03397h
  dw 00368h,base+00028h
  dw 00407h,base+0006Ch
  dw 00911h,base+0366Dh
  dw 00368h,base+0000Ah
  dw 0030Ah,base+0005Fh
  dw 0080Eh,base+036F4h
  dw 00368h,base+0000Ah
  dw 0030Ah,base+0005Fh
  dw 0090Eh,base+03676h
  dw 00309h,base+00013h
  dw 0015Fh,base+00000h
  dw 0030Bh,base+0001Ch
  dw 0080Eh,base+00197h
  dw 00208h,base+00009h
  dw 0015Eh,base+00000h
  dw 0040Dh,base+03891h
  dw 0080Dh,base+022A3h
  dw 00306h,base+00019h
  dw 00360h,base+0005Eh
  dw 0040Dh,base+03895h
  dw 0080Dh,base+03641h
  dw 00306h,base+00019h
  dw 0025Fh,base+00009h
  dw 0040Dh,base+00092h
  dw 00A0Eh,base+0351Fh
  dw 00405h,base+00019h
  dw 00360h,base+0005Eh
  dw 0040Dh,base+03899h
  dw 00A0Fh,base+03170h
  dw 00663h,base+000A5h
  dw 0050Eh,base+00052h
  dw 00B0Fh,base+031A2h
  dw 0055Fh,base+03855h
  dw 00204h,base+00009h
  dw 0040Ch,base+00122h
  dw 00D11h,base+02FB4h
  dw 00400h,base+005C2h

ryuPage1frame017:
  db 04Eh,01Fh,058h,068h
  db 05Ah
  db 000h,000h,098h,000h,000h
  db 000h,000h
  dw 00910h,base+0367Fh
  dw 00E12h,base+02D69h
  dw 0045Eh,base+004DDh
  dw 0080Eh,base+00844h
  dw 01114h,base+026D6h
  dw 0045Eh,base+0011Ch
  dw 0070Eh,base+01FD6h
  dw 01114h,base+026E7h
  dw 0035Dh,base+00019h
  dw 0080Eh,base+00235h
  dw 01215h,base+02315h
  dw 0035Dh,base+00019h
  dw 00305h,base+0005Eh
  dw 00209h,base+00009h
  dw 01314h,base+01E6Eh
  dw 0035Eh,base+005C0h
  dw 00102h,base+00000h
  dw 00103h,base+00008h
  dw 00108h,base+00000h
  dw 01773h,base+00F07h
  dw 00104h,base+00001h
  dw 00209h,base+00009h
  dw 00B0Ch,base+02E3Eh
  dw 00B67h,base+033A2h
  dw 00104h,base+00008h
  dw 00208h,base+00009h
  dw 00A10h,base+02A5Ch
  dw 00867h,base+0370Ch
  dw 00209h,base+00006h
  dw 00910h,base+0287Eh
  dw 00867h,base+006D3h
  dw 00107h,base+00008h
  dw 00A10h,base+02896h
  dw 00B70h,base+006D2h
  dw 0090Eh,base+0265Dh
  dw 00D71h,base+02FC1h
  dw 0090Eh,base+03688h
  dw 00E72h,base+02D77h
  dw 0080Ch,base+03704h
  dw 01074h,base+029BDh
  dw 0060Bh,base+005C3h
  dw 01075h,base+029CDh
  dw 0050Ah,base+00413h
  dw 01176h,base+026F8h
  dw 00408h,base+00129h
  dw 01378h,base+01E81h
  dw 00507h,base+00CF6h
  dw 01479h,base+01BA7h
  dw 00507h,base+02D39h
  dw 01479h,base+01BBBh
  dw 00507h,base+00CFCh
  dw 0147Ah,base+01BCFh
  dw 00406h,base+00342h
  dw 0147Ah,base+01BE3h
  dw 00406h,base+0018Dh
  dw 00D10h,base+01E03h
  dw 0046Ah,base+003E8h
  dw 00506h,base+0006Bh
  dw 00C10h,base+031B9h
  dw 0046Bh,base+00011h
  dw 00406h,base+00236h
  dw 00A0Fh,base+03529h
  dw 0046Ch,base+00011h
  dw 00305h,base+0018Eh
  dw 00910h,base+0362Dh
  dw 0046Bh,base+0001Fh
  dw 00306h,base+00232h
  dw 0070Fh,base+003A5h
  dw 0046Ch,base+00010h
  dw 00305h,base+00237h
  dw 00510h,base+00038h
  dw 0036Bh,base+0001Eh
  dw 00305h,base+0018Eh
  dw 00510h,base+00019h
  dw 00369h,base+00008h
  dw 00517h,base+0005Eh
  dw 00368h,base+03451h
  dw 00618h,base+00105h
  dw 00367h,base+00445h
  dw 00718h,base+0249Eh
  dw 00467h,base+00011h
  dw 00719h,base+00BC3h
  dw 00400h,base+00010h

ryuPage1frame018:
  db 026h,017h,06Ah,031h
  db 07Ch
  db 000h,000h,0CFh,000h,000h
  db 000h,000h
  dw 00179h,base+00000h
  dw 00106h,base+00000h
  dw 00179h,base+00000h
  dw 00107h,base+00000h
  dw 00179h,base+00000h
  dw 00106h,base+00000h
  dw 00179h,base+00006h
  dw 00206h,base+00009h
  dw 0027Ah,base+00008h
  dw 00106h,base+00000h
  dw 0027Ah,base+00008h
  dw 00105h,base+00000h
  dw 0027Bh,base+0000Fh
  dw 00105h,base+00006h
  dw 0027Bh,base+0001Fh
  dw 00105h,base+00006h
  dw 0017Bh,base+00008h
  dw 00105h,base+00006h
  dw 0017Bh,base+00008h
  dw 00105h,base+00006h
  dw 0017Bh,base+00008h
  dw 00105h,base+00006h
  dw 0017Bh,base+00008h
  dw 00105h,base+00006h
  dw 0017Bh,base+00008h
  dw 00105h,base+00006h
  dw 0027Bh,base+00008h
  dw 00105h,base+00006h
  dw 0027Bh,base+0001Fh
  dw 00105h,base+00008h
  dw 0027Bh,base+0001Fh
  dw 00105h,base+00008h
  dw 0027Bh,base+0001Fh
  dw 00205h,base+00008h
  dw 0037Bh,base+00011h
  dw 00205h,base+0001Fh
  dw 00304h,base+00011h
  dw 00477h,base+00019h
  dw 00204h,base+0001Fh
  dw 00C7Ch,base+03219h
  dw 00304h,base+0008Ch
  dw 00C7Dh,base+03195h
  dw 01080h,base+0296Dh
  dw 01200h,base+023FFh

ryuPage1frame019:
  db 03Ah,020h,060h,048h
  db 06Eh
  db 000h,000h,0B8h,000h,000h
  db 000h,000h
  dw 01180h,base+027C4h
  dw 01280h,base+02411h
  dw 0127Fh,base+02423h
  dw 01380h,base+01F52h
  dw 0137Fh,base+01F65h
  dw 01480h,base+01C33h
  dw 0157Fh,base+01932h
  dw 01680h,base+01467h
  dw 01680h,base+0147Dh
  dw 01680h,base+01493h
  dw 01680h,base+014A9h
  dw 01780h,base+00F7Ah
  dw 01780h,base+00F91h
  dw 01780h,base+00FA8h
  dw 01780h,base+00FBFh
  dw 01780h,base+00FD6h
  dw 01780h,base+00FEDh
  dw 01781h,base+01004h
  dw 01780h,base+0101Bh
  dw 01780h,base+01032h
  dw 01780h,base+01049h
  dw 01112h,base+027D5h
  dw 0056Eh,base+03864h
  dw 01113h,base+027E6h
  dw 0046Eh,base+0017Fh
  dw 00405h,base+0000Eh
  dw 00B0Eh,base+03381h
  dw 0046Dh,base+0017Fh
  dw 00407h,base+00022h
  dw 0090Dh,base+03637h
  dw 0036Ch,base+00019h
  dw 00409h,base+0005Fh
  dw 0080Ah,base+036F4h
  dw 0046Dh,base+00019h
  dw 00409h,base+00145h
  dw 0080Ah,base+036FCh
  dw 0046Eh,base+0038Ch
  dw 00309h,base+00019h
  dw 00C77h,base+03225h
  dw 00309h,base+00019h
  dw 00C70h,base+03231h
  dw 00107h,base+00043h
  dw 00309h,base+00019h
  dw 00C70h,base+030ECh
  dw 00207h,base+00043h
  dw 0030Ah,base+00019h
  dw 00B6Fh,base+033EFh
  dw 00307h,base+00043h
  dw 0030Ah,base+00019h
  dw 00B00h,base+033FAh

ryuPage1frame020:
  db 03Ah,01Fh,060h,068h
  db 060h
  db 000h,000h,098h,000h,000h
  db 000h,000h
  dw 00408h,base+00042h
  dw 00207h,base+00009h
  dw 00D71h,base+03029h
  dw 00508h,base+000B9h
  dw 00107h,base+00000h
  dw 00C71h,base+0323Dh
  dw 00607h,base+00041h
  dw 00206h,base+00009h
  dw 00E73h,base+02DBDh
  dw 0090Ch,base+036A3h
  dw 00F74h,base+02C22h
  dw 0090Ch,base+036ACh
  dw 00E74h,base+02DCBh
  dw 01A80h,base+00562h
  dw 01A80h,base+0057Ch
  dw 01A80h,base+00596h
  dw 01116h,base+027F7h
  dw 0046Ah,base+002C9h
  dw 01115h,base+02808h
  dw 0056Ch,base+0118Ch
  dw 01014h,base+02A3Dh
  dw 0056Dh,base+03869h
  dw 01113h,base+02819h
  dw 0056Dh,base+00B8Dh
  dw 01881h,base+00B7Ah
  dw 01A81h,base+005B0h
  dw 01981h,base+00831h
  dw 00F10h,base+02C31h
  dw 00871h,base+000A6h
  dw 00E10h,base+02DD9h
  dw 00472h,base+00007h
  dw 00C0Eh,base+03249h
  dw 00574h,base+00111h
  dw 00A0Ch,base+035C9h
  dw 00575h,base+0018Eh
  dw 0080Ch,base+0373Ch
  dw 00474h,base+0001Fh
  dw 0080Ch,base+03744h
  dw 00475h,base+00111h
  dw 00304h,base+0001Fh
  dw 00207h,base+00009h
  dw 00475h,base+00111h
  dw 0030Ch,base+0008Ch
  dw 00374h,base+0001Fh
  dw 0030Ch,base+0018Eh
  dw 00474h,base+0001Fh
  dw 0040Ch,base+00232h
  dw 00475h,base+00111h
  dw 0030Ch,base+0008Ch
  dw 00374h,base+00008h
  dw 0030Ch,base+00007h
  dw 00373h,base+00011h
  dw 0040Dh,base+0005Fh
  dw 00472h,base+00011h
  dw 0050Eh,base+00021h
  dw 00471h,base+00011h
  dw 0060Eh,base+0024Eh
  dw 00572h,base+0001Eh
  dw 0060Dh,base+003FEh
  dw 00500h,base+00010h

ryuPage1frame021:
  db 022h,015h,06Ah,033h
  db 07Ch
  db 000h,000h,0CDh,000h,000h
  db 000h,000h
  dw 00179h,base+00000h
  dw 00106h,base+00000h
  dw 00179h,base+00000h
  dw 00107h,base+00000h
  dw 00179h,base+00000h
  dw 00106h,base+00000h
  dw 00179h,base+00006h
  dw 00206h,base+00009h
  dw 0027Ah,base+00008h
  dw 00106h,base+00000h
  dw 0027Ah,base+00008h
  dw 00105h,base+00000h
  dw 0027Bh,base+0000Fh
  dw 00105h,base+00006h
  dw 0027Bh,base+0001Fh
  dw 00105h,base+00006h
  dw 0017Bh,base+00008h
  dw 00105h,base+00006h
  dw 0017Bh,base+00008h
  dw 00105h,base+00006h
  dw 0017Bh,base+00008h
  dw 00105h,base+00006h
  dw 0017Bh,base+00008h
  dw 00105h,base+00006h
  dw 0017Bh,base+00008h
  dw 00105h,base+00006h
  dw 0027Bh,base+00008h
  dw 00105h,base+00006h
  dw 0027Bh,base+0001Fh
  dw 00105h,base+00008h
  dw 0027Bh,base+0001Fh
  dw 00105h,base+00008h
  dw 00204h,base+0001Fh
  dw 00477h,base+00019h
  dw 00205h,base+00008h
  dw 00B7Bh,base+03405h
  dw 00205h,base+0001Fh
  dw 00B7Bh,base+03410h
  dw 00204h,base+0001Fh
  dw 00D7Ch,base+03036h
  dw 00304h,base+0008Ch
  dw 00D00h,base+02F0Dh

ryuPage1frame022:
  db 032h,020h,068h,048h
  db 06Ch
  db 000h,000h,0B8h,000h,000h
  db 000h,000h
  dw 01280h,base+02435h
  dw 01281h,base+02447h
  dw 0127Fh,base+020CFh
  dw 01380h,base+01F78h
  dw 0137Fh,base+01D60h
  dw 01480h,base+01C47h
  dw 0147Fh,base+01C5Bh
  dw 01680h,base+014BFh
  dw 01680h,base+014D5h
  dw 01680h,base+014EBh
  dw 01680h,base+01501h
  dw 01680h,base+01517h
  dw 01780h,base+01060h
  dw 01780h,base+01077h
  dw 01780h,base+0108Eh
  dw 01780h,base+010A5h
  dw 01780h,base+010BCh
  dw 01781h,base+00BAAh
  dw 01680h,base+0152Dh
  dw 01780h,base+01032h
  dw 01780h,base+010D3h
  dw 01112h,base+027D5h
  dw 0056Eh,base+00BD4h
  dw 01112h,base+027E6h
  dw 0056Fh,base+03864h
  dw 00405h,base+0000Eh
  dw 00B0Dh,base+03381h
  dw 0056Eh,base+00019h
  dw 00407h,base+00022h
  dw 0090Bh,base+03637h
  dw 0056Eh,base+00019h
  dw 00409h,base+0005Fh
  dw 00809h,base+036F4h
  dw 0056Eh,base+0017Fh
  dw 00409h,base+00145h
  dw 0080Ah,base+036FCh
  dw 0036Eh,base+002FBh
  dw 00309h,base+00019h
  dw 00C77h,base+03255h
  dw 00309h,base+00019h
  dw 00C77h,base+03231h
  dw 00309h,base+00019h
  dw 00C77h,base+03261h
  dw 0030Ah,base+00019h
  dw 00B76h,base+030FAh
  dw 0030Ah,base+00019h
  dw 00B00h,base+0341Bh

ryuPage1frame023:
  db 03Ch,01Fh,062h,068h
  db 070h
  db 000h,000h,098h,000h,000h
  db 000h,000h
  dw 00207h,base+00009h
  dw 00D79h,base+03043h
  dw 00107h,base+00000h
  dw 00D78h,base+03050h
  dw 00206h,base+00009h
  dw 00E7Ah,base+02DE7h
  dw 00205h,base+0011Dh
  dw 00F7Bh,base+02C40h
  dw 00205h,base+0011Dh
  dw 00F7Bh,base+02C4Fh
  dw 00204h,base+00018h
  dw 00F76h,base+02C5Eh
  dw 00105h,base+00043h
  dw 00304h,base+002FBh
  dw 01077h,base+02A4Dh
  dw 00205h,base+00043h
  dw 00304h,base+00129h
  dw 01077h,base+02A5Dh
  dw 00708h,base+037C0h
  dw 0080Dh,base+01F07h
  dw 0046Bh,base+0009Bh
  dw 00708h,base+000B9h
  dw 0080Ch,base+03503h
  dw 0056Ch,base+0017Fh
  dw 00F14h,base+02C6Dh
  dw 0056Ch,base+0017Fh
  dw 00E14h,base+02DF5h
  dw 00509h,base+0386Eh
  dw 00163h,base+00000h
  dw 01014h,base+02A6Dh
  dw 00506h,base+002FCh
  dw 00466h,base+0005Dh
  dw 01D80h,base+000B4h
  dw 01C80h,base+00161h
  dw 01980h,base+0084Ah
  dw 01980h,base+00863h
  dw 01A81h,base+005CAh
  dw 01981h,base+0087Ch
  dw 01314h,base+01F8Bh
  dw 0046Dh,base+0001Fh
  dw 01113h,base+0282Ah
  dw 0046Eh,base+00111h
  dw 01012h,base+02A7Dh
  dw 00470h,base+00111h
  dw 00E11h,base+02E03h
  dw 00374h,base+0001Fh
  dw 0090Ch,base+036B5h
  dw 00474h,base+0001Fh
  dw 0040Ch,base+00232h
  dw 00475h,base+00111h
  dw 0030Ch,base+0008Ch
  dw 00374h,base+00008h
  dw 0030Ch,base+00007h
  dw 00373h,base+00011h
  dw 0040Dh,base+0005Fh
  dw 00472h,base+00011h
  dw 0050Eh,base+00021h
  dw 00471h,base+00011h
  dw 0060Eh,base+0024Eh
  dw 00572h,base+0001Eh
  dw 0060Dh,base+003FEh
  dw 00500h,base+00010h

ryuPage1frame024:
  db 020h,014h,06Ah,034h
  db 07Ch
  db 000h,000h,0CCh,000h,000h
  db 000h,000h
  dw 00179h,base+00000h
  dw 00106h,base+00000h
  dw 00179h,base+00000h
  dw 00107h,base+00000h
  dw 00179h,base+00000h
  dw 00106h,base+00000h
  dw 00179h,base+00006h
  dw 00206h,base+00009h
  dw 0027Ah,base+00008h
  dw 00106h,base+00000h
  dw 0027Ah,base+00008h
  dw 00105h,base+00000h
  dw 0027Bh,base+0000Fh
  dw 00105h,base+00006h
  dw 0027Bh,base+0001Fh
  dw 00105h,base+00006h
  dw 0017Bh,base+00008h
  dw 00105h,base+00006h
  dw 0017Bh,base+00008h
  dw 00105h,base+00006h
  dw 0017Bh,base+00008h
  dw 00105h,base+00006h
  dw 0017Bh,base+00008h
  dw 00105h,base+00006h
  dw 0017Bh,base+00008h
  dw 00105h,base+00006h
  dw 0027Bh,base+00008h
  dw 00105h,base+00006h
  dw 0027Bh,base+0001Fh
  dw 00105h,base+00008h
  dw 0027Bh,base+0001Fh
  dw 00105h,base+00008h
  dw 0027Bh,base+0001Fh
  dw 00205h,base+00008h
  dw 00305h,base+00011h
  dw 00376h,base+00019h
  dw 00205h,base+0001Fh
  dw 00B7Bh,base+03405h
  dw 00204h,base+0001Fh
  dw 00C00h,base+0326Dh

ryuPage1frame025:
  db 034h,020h,068h,048h
  db 06Ah
  db 000h,000h,0B8h,000h,000h
  db 000h,000h
  dw 00304h,base+0008Ch
  dw 00D7Dh,base+0305Dh
  dw 01280h,base+02459h
  dw 01281h,base+02447h
  dw 01280h,base+02096h
  dw 0127Fh,base+020A9h
  dw 01380h,base+01F9Eh
  dw 0137Fh,base+01FB1h
  dw 01480h,base+01C6Fh
  dw 0157Fh,base+01947h
  dw 01680h,base+01543h
  dw 01680h,base+01559h
  dw 01680h,base+0156Fh
  dw 01680h,base+01585h
  dw 01780h,base+010EAh
  dw 01780h,base+01101h
  dw 01780h,base+01118h
  dw 01780h,base+0112Fh
  dw 01780h,base+01146h
  dw 01880h,base+00B92h
  dw 01881h,base+00BAAh
  dw 01780h,base+0101Bh
  dw 01780h,base+0115Dh
  dw 01881h,base+00BC2h
  dw 01012h,base+027D6h
  dw 0056Eh,base+01DDDh
  dw 01012h,base+0264Fh
  dw 0056Eh,base+00019h
  dw 00305h,base+0000Eh
  dw 00B0Dh,base+03381h
  dw 0066Eh,base+0382Bh
  dw 00307h,base+0001Dh
  dw 0090Ch,base+03637h
  dw 0056Dh,base+00115h
  dw 00309h,base+00232h
  dw 0080Ah,base+036F4h
  dw 0056Dh,base+025F2h
  dw 00309h,base+038B5h
  dw 0080Bh,base+036FCh
  dw 0046Ch,base+00116h
  dw 0030Ah,base+0005Ch
  dw 0080Ah,base+003E3h
  dw 0046Ch,base+00116h
  dw 0020Ah,base+0011Dh
  dw 0090Ah,base+030DFh
  dw 0046Ch,base+001FEh
  dw 0020Ah,base+0011Dh
  dw 0090Ah,base+03640h
  dw 00400h,base+001FEh

ryuPage1frame026:
  db 03Ch,01Fh,066h,068h
  db 06Ch
  db 000h,000h,098h,000h,000h
  db 000h,000h
  dw 0020Bh,base+0011Dh
  dw 00809h,base+023B9h
  dw 0046Ch,base+00129h
  dw 0020Ah,base+0011Dh
  dw 00D76h,base+0306Ah
  dw 00209h,base+0005Ch
  dw 00E77h,base+02E11h
  dw 00209h,base+0005Ch
  dw 00E76h,base+02E1Fh
  dw 00209h,base+00009h
  dw 00E77h,base+02E2Dh
  dw 00209h,base+00009h
  dw 00E76h,base+02E3Bh
  dw 0030Ah,base+00019h
  dw 00E76h,base+02E3Bh
  dw 0030Ah,base+00019h
  dw 00E75h,base+02E3Bh
  dw 0040Bh,base+00019h
  dw 00E75h,base+02E49h
  dw 0030Bh,base+00019h
  dw 00F75h,base+02C7Ch
  dw 0030Bh,base+02177h
  dw 00405h,base+0000Fh
  dw 00A0Dh,base+035D3h
  dw 00163h,base+00000h
  dw 0030Bh,base+00043h
  dw 00405h,base+00627h
  dw 00A0Bh,base+035DDh
  dw 00365h,base+0005Eh
  dw 0080Bh,base+00043h
  dw 00405h,base+038A5h
  dw 00D70h,base+03077h
  dw 00F10h,base+02C8Bh
  dw 00D71h,base+03084h
  dw 01880h,base+001B9h
  dw 01880h,base+001D5h
  dw 01780h,base+01174h
  dw 01580h,base+0195Ch
  dw 01580h,base+017ABh
  dw 01580h,base+017C1h
  dw 01580h,base+017D7h
  dw 01581h,base+017EDh
  dw 01581h,base+01971h
  dw 01481h,base+01C83h
  dw 01382h,base+01FC4h
  dw 00709h,base+003A5h
  dw 00205h,base+00007h
  dw 0037Bh,base+00011h
  dw 00205h,base+0000Fh
  dw 0037Bh,base+00011h
  dw 00205h,base+0001Fh
  dw 0037Ah,base+00011h
  dw 00305h,base+00237h
  dw 0047Bh,base+0001Eh
  dw 00304h,base+0001Eh
  dw 0057Ch,base+00010h
  dw 00204h,base+0000Fh
  dw 00400h,base+00010h

ryuPage1frame027:
  db 024h,015h,06Ah,033h
  db 07Ch
  db 000h,000h,0CDh,000h,000h
  db 000h,000h
  dw 00179h,base+00000h
  dw 00106h,base+00000h
  dw 00179h,base+00000h
  dw 00107h,base+00000h
  dw 00179h,base+00000h
  dw 00106h,base+00000h
  dw 00179h,base+00006h
  dw 00206h,base+00009h
  dw 0027Ah,base+00008h
  dw 00106h,base+00000h
  dw 0027Ah,base+00008h
  dw 00105h,base+00000h
  dw 0027Bh,base+0000Fh
  dw 00105h,base+00006h
  dw 0027Bh,base+0001Fh
  dw 00105h,base+00006h
  dw 0017Bh,base+00008h
  dw 00105h,base+00006h
  dw 0017Bh,base+00008h
  dw 00105h,base+00006h
  dw 0017Bh,base+00008h
  dw 00105h,base+00006h
  dw 0017Bh,base+00008h
  dw 00105h,base+00006h
  dw 0017Bh,base+00008h
  dw 00105h,base+00006h
  dw 0027Bh,base+00008h
  dw 00105h,base+00006h
  dw 0027Bh,base+0001Fh
  dw 00105h,base+00008h
  dw 0027Bh,base+0001Fh
  dw 00105h,base+00008h
  dw 00205h,base+0001Fh
  dw 00376h,base+00019h
  dw 00205h,base+00008h
  dw 00B7Bh,base+03405h
  dw 00205h,base+0001Fh
  dw 00B7Bh,base+03426h
  dw 00204h,base+0001Fh
  dw 00D7Ch,base+03091h
  dw 00304h,base+0008Ch
  dw 00E00h,base+02E57h

ryuPage1frame028:
  db 036h,020h,068h,048h
  db 06Ch
  db 000h,000h,0B8h,000h,000h
  db 000h,000h
  dw 01180h,base+02435h
  dw 01281h,base+0246Bh
  dw 0117Fh,base+0283Bh
  dw 0137Fh,base+01FD7h
  dw 01480h,base+01C97h
  dw 0147Fh,base+01CABh
  dw 01580h,base+01986h
  dw 01580h,base+0199Bh
  dw 01680h,base+0159Bh
  dw 01680h,base+015B1h
  dw 01680h,base+015C7h
  dw 01780h,base+0118Bh
  dw 01780h,base+011A2h
  dw 01881h,base+00BDAh
  dw 01780h,base+011B9h
  dw 01880h,base+00BF2h
  dw 01880h,base+00C0Ah
  dw 01881h,base+00C22h
  dw 01780h,base+011D0h
  dw 01780h,base+011E7h
  dw 0187Fh,base+00C3Ah
  dw 01112h,base+0284Ch
  dw 0076Eh,base+037C7h
  dw 01113h,base+0264Eh
  dw 0066Dh,base+00148h
  dw 00406h,base+0018Dh
  dw 00B0Dh,base+03381h
  dw 0066Dh,base+0017Fh
  dw 00408h,base+002D6h
  dw 0090Ch,base+03637h
  dw 0066Ch,base+00148h
  dw 0040Ah,base+0005Ch
  dw 0080Ah,base+036F4h
  dw 0066Bh,base+03831h
  dw 0050Bh,base+0074Fh
  dw 0090Bh,base+036BEh
  dw 0056Ah,base+0383Dh
  dw 0050Ch,base+008D9h
  dw 0080Bh,base+0374Ch
  dw 00469h,base+01491h
  dw 0040Dh,base+004C6h
  dw 0080Bh,base+01035h
  dw 00368h,base+001FEh
  dw 0040Dh,base+00054h
  dw 0080Bh,base+0360Dh
  dw 00368h,base+00053h
  dw 0040Ch,base+00054h
  dw 0090Ch,base+036C7h
  dw 00368h,base+00017h
  dw 0030Ch,base+00055h
  dw 00A0Ch,base+03432h
  dw 00300h,base+00017h

ryuPage1frame029:
  db 044h,01Fh,062h,068h
  db 066h
  db 000h,000h,098h,000h,000h
  db 000h,000h
  dw 0040Dh,base+0005Ch
  dw 00A0Bh,base+03432h
  dw 00468h,base+00116h
  dw 0040Dh,base+00019h
  dw 00A0Bh,base+034F6h
  dw 00468h,base+00116h
  dw 0030Ch,base+00019h
  dw 00B0Ch,base+03431h
  dw 00467h,base+00116h
  dw 0040Dh,base+00019h
  dw 00B0Ch,base+00BC3h
  dw 00367h,base+0011Ch
  dw 0040Dh,base+00019h
  dw 00A0Ch,base+00BC3h
  dw 00367h,base+00019h
  dw 0030Dh,base+00019h
  dw 0090Ch,base+027A1h
  dw 00366h,base+00019h
  dw 0040Eh,base+00019h
  dw 0080Ch,base+03754h
  dw 00266h,base+00009h
  dw 0040Dh,base+00019h
  dw 0070Dh,base+02904h
  dw 00366h,base+00019h
  dw 0040Dh,base+00019h
  dw 0060Dh,base+027D1h
  dw 00407h,base+00019h
  dw 0015Fh,base+00000h
  dw 0040Dh,base+00019h
  dw 0060Dh,base+008D8h
  dw 00407h,base+00019h
  dw 0015Fh,base+00000h
  dw 0040Eh,base+00019h
  dw 0060Ch,base+00CC9h
  dw 00405h,base+005C2h
  dw 00361h,base+0001Ch
  dw 00203h,base+00009h
  dw 0010Bh,base+00006h
  dw 0060Ch,base+0017Fh
  dw 00766h,base+037CEh
  dw 00104h,base+00008h
  dw 0020Ah,base+00043h
  dw 0060Ch,base+00147h
  dw 00666h,base+01017h
  dw 00104h,base+00008h
  dw 0050Ah,base+00043h
  dw 0060Bh,base+003F6h
  dw 0056Bh,base+00019h
  dw 0080Bh,base+00043h
  dw 00E75h,base+02E65h
  dw 01880h,base+00C52h
  dw 01681h,base+015DDh
  dw 01580h,base+019B0h
  dw 01580h,base+019C5h
  dw 01580h,base+019DAh
  dw 01580h,base+019EFh
  dw 01580h,base+01A04h
  dw 01581h,base+01A19h
  dw 01380h,base+01FEAh
  dw 01182h,base+0285Dh
  dw 0090Bh,base+01FC4h
  dw 00376h,base+0000Fh
  dw 0060Ah,base+00148h
  dw 00380h,base+0000Fh
  dw 00381h,base+0000Fh
  dw 0027Fh,base+0000Fh
  dw 00380h,base+0000Fh
  dw 00300h,base+0000Fh

ryuPage1frame030:
  db 028h,017h,06Ah,031h
  db 07Ch
  db 000h,000h,0CFh,000h,000h
  db 000h,000h
  dw 00179h,base+00000h
  dw 00106h,base+00000h
  dw 00179h,base+00000h
  dw 00107h,base+00000h
  dw 00179h,base+00000h
  dw 00106h,base+00000h
  dw 00179h,base+00006h
  dw 00206h,base+00009h
  dw 0027Ah,base+00008h
  dw 00106h,base+00000h
  dw 0027Ah,base+00008h
  dw 00105h,base+00000h
  dw 0027Bh,base+0000Fh
  dw 00105h,base+00006h
  dw 0027Bh,base+0001Fh
  dw 00105h,base+00006h
  dw 0017Bh,base+00008h
  dw 00105h,base+00006h
  dw 0017Bh,base+00008h
  dw 00105h,base+00006h
  dw 0017Bh,base+00008h
  dw 00105h,base+00006h
  dw 0017Bh,base+00008h
  dw 00105h,base+00006h
  dw 0017Bh,base+00008h
  dw 00105h,base+00006h
  dw 0027Bh,base+00008h
  dw 00105h,base+00006h
  dw 0027Bh,base+0001Fh
  dw 00105h,base+00008h
  dw 0027Bh,base+0001Fh
  dw 00105h,base+00008h
  dw 00205h,base+0001Fh
  dw 00476h,base+00019h
  dw 00205h,base+00008h
  dw 00B7Bh,base+0343Ch
  dw 00205h,base+0001Fh
  dw 00C7Bh,base+03279h
  dw 00204h,base+0001Fh
  dw 00E7Ch,base+02E73h
  dw 00304h,base+0008Ch
  dw 00F7Dh,base+02C9Ah
  dw 01280h,base+0247Dh
  dw 01300h,base+01FFDh

ryuPage1frame031:
  db 03Ch,020h,066h,048h
  db 06Ch
  db 000h,000h,0B8h,000h,000h
  db 000h,000h
  dw 0137Fh,base+02010h
  dw 01480h,base+01CBFh
  dw 0147Fh,base+01CD3h
  dw 01680h,base+015F3h
  dw 01780h,base+011FEh
  dw 01880h,base+00C6Ah
  dw 01980h,base+00895h
  dw 01980h,base+008AEh
  dw 01A80h,base+005E4h
  dw 01A80h,base+005FEh
  dw 01A80h,base+00618h
  dw 01B80h,base+002C6h
  dw 01B80h,base+002E1h
  dw 01C80h,base+0017Dh
  dw 01314h,base+0069Ah
  dw 0086Dh,base+0375Ch
  dw 01213h,base+0248Fh
  dw 0096Dh,base+003A4h
  dw 01214h,base+024A1h
  dw 0086Ch,base+003A4h
  dw 01215h,base+024B3h
  dw 0076Bh,base+0375Bh
  dw 01116h,base+0284Ch
  dw 0066Ah,base+03837h
  dw 01118h,base+0264Eh
  dw 00468h,base+004DDh
  dw 00406h,base+0001Ch
  dw 00B12h,base+03381h
  dw 00468h,base+00116h
  dw 00408h,base+00342h
  dw 00910h,base+03637h
  dw 00469h,base+00065h
  dw 00309h,base+00090h
  dw 0080Eh,base+036F4h
  dw 00469h,base+001FEh
  dw 00309h,base+00019h
  dw 0080Eh,base+036FCh
  dw 00469h,base+001FEh
  dw 0030Ah,base+00019h
  dw 0070Dh,base+003E3h
  dw 00469h,base+00116h
  dw 0030Ah,base+00019h
  dw 0080Dh,base+02C1Ch
  dw 00468h,base+00116h
  dw 0030Ah,base+0005Ch
  dw 0090Eh,base+027A4h
  dw 00468h,base+00116h
  dw 0030Ah,base+00018h
  dw 0090Eh,base+00BC3h
  dw 00367h,base+0011Ch
  dw 0040Ah,base+0074Fh
  dw 00A0Fh,base+00BC3h
  dw 00367h,base+00019h
  dw 0040Ah,base+00129h
  dw 00A0Fh,base+00BC3h
  dw 00367h,base+00019h
  dw 00409h,base+00017h
  dw 00C11h,base+028A2h
  dw 00265h,base+00009h
  dw 0040Ah,base+00122h
  dw 00C11h,base+028A2h
  dw 00200h,base+00009h

ryuPage1frame032:
  db 04Ch,01Fh,05Eh,068h
  db 066h
  db 000h,000h,098h,000h,000h
  db 000h,000h
  dw 0040Ah,base+004C6h
  dw 00C11h,base+03285h
  dw 00306h,base+00019h
  dw 0015Eh,base+00000h
  dw 0040Bh,base+00019h
  dw 00C11h,base+03291h
  dw 00304h,base+00019h
  dw 0035Fh,base+0005Eh
  dw 0050Ch,base+00019h
  dw 00C11h,base+0329Dh
  dw 00662h,base+00116h
  dw 0050Dh,base+00019h
  dw 00B10h,base+03447h
  dw 00763h,base+0000Ah
  dw 0040Dh,base+00019h
  dw 00B10h,base+03452h
  dw 00462h,base+0000Ah
  dw 0050Dh,base+00019h
  dw 00B11h,base+0345Dh
  dw 00462h,base+00019h
  dw 0050Dh,base+00019h
  dw 00B11h,base+03468h
  dw 00462h,base+00103h
  dw 0050Dh,base+00019h
  dw 00A0Dh,base+035E7h
  dw 00666h,base+000FFh
  dw 00204h,base+00009h
  dw 00109h,base+00000h
  dw 01273h,base+024C5h
  dw 00103h,base+00000h
  dw 0010Ah,base+00000h
  dw 01273h,base+024D7h
  dw 00103h,base+00008h
  dw 00106h,base+00000h
  dw 0167Ah,base+01609h
  dw 00106h,base+00000h
  dw 01679h,base+0161Fh
  dw 00207h,base+0001Fh
  dw 01680h,base+01635h
  dw 01680h,base+0164Bh
  dw 01681h,base+01661h
  dw 0147Fh,base+01CE7h
  dw 0147Fh,base+01CFBh
  dw 01480h,base+01D0Fh
  dw 01280h,base+024E9h
  dw 01081h,base+02A8Dh
  dw 00D81h,base+0309Eh
  dw 00C80h,base+032A9h
  dw 00608h,base+002A1h
  dw 00579h,base+0024Fh
  dw 00308h,base+001F2h
  dw 00480h,base+0000Fh
  dw 00481h,base+0000Fh
  dw 00380h,base+0000Fh
  dw 00380h,base+0000Fh
  dw 00380h,base+0000Fh
  dw 00380h,base+0000Fh
  dw 0037Fh,base+0000Fh
  dw 00400h,base+0000Fh

ryuPage1frame033:
  db 026h,017h,06Ah,031h
  db 07Ch
  db 000h,000h,0CFh,000h,000h
  db 000h,000h
  dw 00179h,base+00000h
  dw 00106h,base+00000h
  dw 00179h,base+00000h
  dw 00107h,base+00000h
  dw 00179h,base+00000h
  dw 00106h,base+00000h
  dw 0017Ah,base+00006h
  dw 00105h,base+00000h
  dw 0027Ah,base+00008h
  dw 00106h,base+00000h
  dw 0027Ah,base+00008h
  dw 00105h,base+00000h
  dw 0027Bh,base+0000Fh
  dw 00105h,base+00006h
  dw 0027Bh,base+0001Fh
  dw 00105h,base+00006h
  dw 0017Bh,base+00008h
  dw 00105h,base+00006h
  dw 0017Bh,base+00008h
  dw 00105h,base+00006h
  dw 0017Bh,base+00008h
  dw 00105h,base+00006h
  dw 0017Bh,base+00008h
  dw 00105h,base+00006h
  dw 0017Bh,base+00008h
  dw 00105h,base+00006h
  dw 0027Bh,base+00008h
  dw 00105h,base+00006h
  dw 0027Bh,base+0001Fh
  dw 00105h,base+00008h
  dw 0027Bh,base+0001Fh
  dw 00105h,base+00008h
  dw 0027Bh,base+0001Fh
  dw 00205h,base+00008h
  dw 0037Bh,base+00011h
  dw 00205h,base+0001Fh
  dw 00305h,base+00011h
  dw 00376h,base+00019h
  dw 00204h,base+0001Fh
  dw 00C7Ch,base+03219h
  dw 00304h,base+0008Ch
  dw 00C7Dh,base+032B5h
  dw 01280h,base+024FBh
  dw 01200h,base+0250Dh

ryuPage1frame034:
  db 048h,020h,066h,048h
  db 06Eh
  db 000h,000h,0B8h,000h,000h
  db 000h,000h
  dw 0127Fh,base+02096h
  dw 01380h,base+02023h
  dw 0137Fh,base+02036h
  dw 01480h,base+01D23h
  dw 0157Fh,base+01A2Eh
  dw 01880h,base+00C82h
  dw 01980h,base+008C7h
  dw 01A80h,base+00632h
  dw 01A80h,base+0064Ch
  dw 01B80h,base+002FCh
  dw 01D80h,base+000D1h
  dw 01E80h,base+00000h
  dw 01E80h,base+0001Eh
  dw 01314h,base+00317h
  dw 00A6Ch,base+035F1h
  dw 01315h,base+00332h
  dw 0096Bh,base+036D0h
  dw 01315h,base+00199h
  dw 0096Ch,base+036D9h
  dw 01215h,base+00B93h
  dw 0086Bh,base+00112h
  dw 01216h,base+00C22h
  dw 0076Ah,base+037D5h
  dw 01219h,base+0251Fh
  dw 00467h,base+00065h
  dw 01219h,base+02531h
  dw 00467h,base+00132h
  dw 01219h,base+024B3h
  dw 00467h,base+00052h
  dw 00405h,base+0005Fh
  dw 00C15h,base+032C1h
  dw 00366h,base+00053h
  dw 00405h,base+0001Ch
  dw 00C15h,base+032CDh
  dw 00366h,base+00053h
  dw 00406h,base+00342h
  dw 00B14h,base+03381h
  dw 00366h,base+00053h
  dw 00408h,base+002D6h
  dw 00912h,base+03637h
  dw 00366h,base+001FEh
  dw 0030Ah,base+0005Ch
  dw 00810h,base+036F4h
  dw 00365h,base+00122h
  dw 0040Bh,base+0074Fh
  dw 00810h,base+036FCh
  dw 00365h,base+002FBh
  dw 0040Ch,base+00129h
  dw 0080Fh,base+003E3h
  dw 00364h,base+00019h
  dw 0040Dh,base+0011Ch
  dw 0090Fh,base+030DFh
  dw 00364h,base+00019h
  dw 0040Dh,base+00122h
  dw 0090Fh,base+03640h
  dw 00264h,base+00009h
  dw 0040Eh,base+001FEh
  dw 0080Eh,base+023B9h
  dw 00307h,base+00019h
  dw 0015Dh,base+00000h
  dw 0030Eh,base+00054h
  dw 0090Eh,base+035FCh
  dw 00405h,base+00019h
  dw 00300h,base+0005Eh

ryuPage1frame035:
  db 052h,01Fh,05Ah,068h
  db 066h
  db 000h,000h,098h,000h,000h
  db 000h,000h
  dw 0030Dh,base+00018h
  dw 00A10h,base+01048h
  dw 00662h,base+01DDCh
  dw 0040Eh,base+00019h
  dw 00A0Fh,base+00BC3h
  dw 00761h,base+000DBh
  dw 00102h,base+00000h
  dw 0030Eh,base+00019h
  dw 0090Fh,base+00BC3h
  dw 00460h,base+0000Ah
  dw 00611h,base+00148h
  dw 0090Fh,base+00BC3h
  dw 00460h,base+005C2h
  dw 00511h,base+00019h
  dw 0090Fh,base+00BC3h
  dw 0045Fh,base+00019h
  dw 00611h,base+00148h
  dw 00910h,base+00BC3h
  dw 0035Fh,base+00103h
  dw 00511h,base+00019h
  dw 0080Eh,base+00BC3h
  dw 00460h,base+00101h
  dw 00203h,base+00009h
  dw 0030Eh,base+00019h
  dw 0090Bh,base+02964h
  dw 00764h,base+00170h
  dw 00102h,base+00000h
  dw 00103h,base+00001h
  dw 0010Ch,base+00000h
  dw 0126Fh,base+02543h
  dw 00102h,base+00000h
  dw 00103h,base+00001h
  dw 0010Bh,base+00000h
  dw 01371h,base+02049h
  dw 00104h,base+00008h
  dw 0010Bh,base+00000h
  dw 01373h,base+0205Ch
  dw 0030Dh,base+00008h
  dw 01374h,base+0206Fh
  dw 00109h,base+00006h
  dw 01680h,base+01677h
  dw 01680h,base+0168Dh
  dw 01680h,base+016A3h
  dw 01580h,base+01A43h
  dw 01381h,base+02082h
  dw 01180h,base+0286Eh
  dw 01080h,base+02A9Dh
  dw 00E80h,base+02E81h
  dw 00D80h,base+030ABh
  dw 00E81h,base+02E8Fh
  dw 00A0Bh,base+003A5h
  dw 00275h,base+0000Fh
  dw 0090Bh,base+02860h
  dw 00275h,base+0000Fh
  dw 0060Bh,base+00237h
  dw 00375h,base+0000Fh
  dw 0030Bh,base+0000Fh
  dw 00375h,base+0000Fh
  dw 0030Bh,base+0000Fh
  dw 00374h,base+0000Fh
  dw 0040Bh,base+0005Dh
  dw 00475h,base+0000Fh
  dw 0040Bh,base+00019h
  dw 00474h,base+0000Fh
  dw 0050Bh,base+00019h
  dw 00575h,base+0024Fh
  dw 0050Bh,base+00019h
  dw 00500h,base+0024Fh

ryuPage1frame036:
  db 026h,016h,06Ah,032h
  db 07Ch
  db 000h,000h,0CEh,000h,000h
  db 000h,000h
  dw 00179h,base+00000h
  dw 00106h,base+00000h
  dw 00180h,base+00000h
  dw 00179h,base+00000h
  dw 00106h,base+00000h
  dw 0017Ah,base+00006h
  dw 00105h,base+00000h
  dw 0027Ah,base+00008h
  dw 00106h,base+00000h
  dw 0027Ah,base+00008h
  dw 00105h,base+00000h
  dw 0027Bh,base+0000Fh
  dw 00105h,base+00006h
  dw 0027Bh,base+0001Fh
  dw 00105h,base+00006h
  dw 0017Bh,base+00008h
  dw 00105h,base+00006h
  dw 0017Bh,base+00008h
  dw 00105h,base+00006h
  dw 0017Bh,base+00008h
  dw 00105h,base+00006h
  dw 0017Bh,base+00008h
  dw 00105h,base+00006h
  dw 0017Bh,base+00008h
  dw 00105h,base+00006h
  dw 0027Bh,base+00008h
  dw 00105h,base+00006h
  dw 0027Bh,base+0001Fh
  dw 00105h,base+00008h
  dw 0027Bh,base+0001Fh
  dw 00105h,base+00008h
  dw 0027Bh,base+0001Fh
  dw 00205h,base+00008h
  dw 00305h,base+00011h
  dw 00376h,base+00019h
  dw 00205h,base+0001Fh
  dw 00B7Bh,base+03405h
  dw 00204h,base+0001Fh
  dw 00C7Ch,base+032D9h
  dw 00304h,base+0008Ch
  dw 00D7Dh,base+0305Dh
  dw 01200h,base+02459h

ryuPage1frame037:
  db 03Ch,020h,066h,048h
  db 06Ch
  db 000h,000h,0B8h,000h,000h
  db 000h,000h
  dw 01280h,base+02447h
  dw 01380h,base+02095h
  dw 0137Fh,base+020A8h
  dw 01480h,base+01D37h
  dw 0147Fh,base+01D4Bh
  dw 01680h,base+016B9h
  dw 01780h,base+01215h
  dw 01880h,base+00C9Ah
  dw 01880h,base+00CB2h
  dw 01980h,base+008E0h
  dw 01980h,base+008F9h
  dw 01A80h,base+00666h
  dw 01A80h,base+00680h
  dw 01B80h,base+00317h
  dw 01B80h,base+00332h
  dw 01C81h,base+00199h
  dw 01213h,base+00B93h
  dw 0086Dh,base+0375Ch
  dw 01213h,base+00C22h
  dw 0096Dh,base+003A4h
  dw 01214h,base+0251Fh
  dw 0086Ch,base+0353Eh
  dw 01214h,base+02531h
  dw 0086Ch,base+00238h
  dw 01216h,base+024B3h
  dw 0066Ah,base+0383Dh
  dw 00405h,base+0005Fh
  dw 00C12h,base+032C1h
  dw 00569h,base+0116Fh
  dw 00405h,base+0001Ch
  dw 00C13h,base+032CDh
  dw 00368h,base+00053h
  dw 00406h,base+00342h
  dw 00B12h,base+03381h
  dw 00368h,base+00017h
  dw 00408h,base+002D6h
  dw 00910h,base+03637h
  dw 00368h,base+00017h
  dw 0030Ah,base+0005Ch
  dw 0080Eh,base+036F4h
  dw 00367h,base+001FEh
  dw 0040Bh,base+0074Fh
  dw 0080Eh,base+036FCh
  dw 00367h,base+001FEh
  dw 0040Ch,base+00129h
  dw 0080Dh,base+003E3h
  dw 00366h,base+001FEh
  dw 0040Dh,base+0011Ch
  dw 0090Dh,base+030DFh
  dw 00366h,base+002FBh
  dw 0040Dh,base+00122h
  dw 0090Dh,base+03640h
  dw 00366h,base+00019h
  dw 0040Eh,base+001FEh
  dw 0080Ch,base+023B9h
  dw 00366h,base+00019h
  dw 0030Eh,base+00054h
  dw 0090Ch,base+035FCh
  dw 00200h,base+00009h

ryuPage1frame038:
  db 050h,01Fh,05Ah,068h
  db 066h
  db 000h,000h,098h,000h,000h
  db 000h,000h
  dw 0030Dh,base+00018h
  dw 00A0Dh,base+01048h
  dw 00307h,base+00019h
  dw 0015Eh,base+00000h
  dw 0040Eh,base+00019h
  dw 00A0Dh,base+00BC3h
  dw 00407h,base+00019h
  dw 0015Ch,base+00000h
  dw 00102h,base+00000h
  dw 0030Eh,base+00019h
  dw 0090Dh,base+00BC3h
  dw 00405h,base+00019h
  dw 0035Dh,base+0001Ch
  dw 00611h,base+00148h
  dw 0090Dh,base+00BC3h
  dw 00762h,base+037DCh
  dw 00511h,base+00019h
  dw 0090Dh,base+00BC3h
  dw 00661h,base+01017h
  dw 00611h,base+00148h
  dw 0090Eh,base+00BC3h
  dw 00461h,base+00052h
  dw 00511h,base+00019h
  dw 0080Eh,base+00BC3h
  dw 00460h,base+00019h
  dw 00203h,base+00009h
  dw 0030Eh,base+00019h
  dw 0090Ch,base+02964h
  dw 00663h,base+03843h
  dw 00102h,base+00000h
  dw 00103h,base+00001h
  dw 0010Ch,base+00000h
  dw 0116Fh,base+0287Fh
  dw 00102h,base+00000h
  dw 00103h,base+00001h
  dw 0010Bh,base+00000h
  dw 01071h,base+02AADh
  dw 00104h,base+00008h
  dw 0010Ah,base+00000h
  dw 01174h,base+0125Fh
  dw 00307h,base+00008h
  dw 0167Ah,base+016CFh
  dw 00106h,base+00006h
  dw 01680h,base+016E5h
  dw 01680h,base+016FBh
  dw 01681h,base+01711h
  dw 01580h,base+01A58h
  dw 01580h,base+01A6Dh
  dw 01380h,base+020BBh
  dw 01280h,base+02555h
  dw 01081h,base+02ABDh
  dw 00F80h,base+02CA9h
  dw 00B0Eh,base+01FC6h
  dw 00273h,base+0000Fh
  dw 0090Dh,base+02861h
  dw 00274h,base+0000Fh
  dw 0060Ch,base+00148h
  dw 00275h,base+0000Fh
  dw 0030Bh,base+0000Eh
  dw 00375h,base+0000Fh
  dw 0030Bh,base+0000Fh
  dw 00375h,base+0000Fh
  dw 0030Bh,base+0000Fh
  dw 00374h,base+0000Fh
  dw 0040Bh,base+0005Dh
  dw 00475h,base+0000Fh
  dw 0040Bh,base+00019h
  dw 00474h,base+0000Fh
  dw 0050Bh,base+00019h
  dw 00575h,base+0024Fh
  dw 0050Bh,base+00019h
  dw 00500h,base+0024Fh

ryuPage1frame039:
  db 022h,014h,06Ah,034h
  db 07Ch
  db 000h,000h,0CCh,000h,000h
  db 000h,000h
  dw 00179h,base+00000h
  dw 00106h,base+00000h
  dw 00179h,base+00000h
  dw 00107h,base+00000h
  dw 00179h,base+00000h
  dw 00106h,base+00000h
  dw 00179h,base+00006h
  dw 00206h,base+00009h
  dw 0027Ah,base+00008h
  dw 00106h,base+00000h
  dw 0027Ah,base+00008h
  dw 00105h,base+00000h
  dw 0027Bh,base+0000Fh
  dw 00105h,base+00006h
  dw 0027Bh,base+0001Fh
  dw 00105h,base+00006h
  dw 0017Bh,base+00008h
  dw 00105h,base+00006h
  dw 0017Bh,base+00008h
  dw 00105h,base+00006h
  dw 0017Bh,base+00008h
  dw 00105h,base+00006h
  dw 0017Bh,base+00008h
  dw 00105h,base+00006h
  dw 0017Bh,base+00008h
  dw 00105h,base+00006h
  dw 0027Bh,base+00008h
  dw 00105h,base+00006h
  dw 0027Bh,base+0001Fh
  dw 00105h,base+00008h
  dw 0027Bh,base+0001Fh
  dw 00105h,base+00008h
  dw 00205h,base+0001Fh
  dw 00376h,base+00019h
  dw 00205h,base+00008h
  dw 00B7Bh,base+03405h
  dw 00205h,base+0001Fh
  dw 00B7Bh,base+03473h
  dw 00204h,base+0001Fh
  dw 00D00h,base+030B8h

ryuPage1frame040:
  db 038h,020h,066h,048h
  db 06Ah
  db 000h,000h,0B8h,000h,000h
  db 000h,000h
  dw 00304h,base+0008Ch
  dw 00E7Dh,base+02E57h
  dw 01280h,base+02435h
  dw 01280h,base+02447h
  dw 01380h,base+020CEh
  dw 0137Fh,base+020E1h
  dw 01480h,base+01D5Fh
  dw 0157Fh,base+01A82h
  dw 01680h,base+01727h
  dw 01680h,base+0173Dh
  dw 01780h,base+0122Ch
  dw 01780h,base+01243h
  dw 01880h,base+00CCAh
  dw 01880h,base+00CE2h
  dw 01880h,base+00CFAh
  dw 01980h,base+00912h
  dw 01980h,base+0092Bh
  dw 01980h,base+00944h
  dw 01980h,base+0095Dh
  dw 01A81h,base+0069Ah
  dw 01980h,base+00976h
  dw 01213h,base+011E6h
  dw 0066Dh,base+000C9h
  dw 01213h,base+00BC2h
  dw 0066Dh,base+02A39h
  dw 01113h,base+0284Ch
  dw 0066Dh,base+0017Fh
  dw 01114h,base+0264Eh
  dw 0066Ch,base+0382Bh
  dw 00406h,base+0001Ch
  dw 00B0Eh,base+03381h
  dw 0066Ch,base+008D6h
  dw 00408h,base+00342h
  dw 0090Dh,base+03637h
  dw 0056Bh,base+02988h
  dw 0040Ah,base+002D6h
  dw 0080Ch,base+036F4h
  dw 0046Ah,base+00116h
  dw 0030Ah,base+0005Ch
  dw 0080Ch,base+036FCh
  dw 00469h,base+00065h
  dw 0040Ch,base+0074Fh
  dw 0080Bh,base+003E3h
  dw 00469h,base+001FEh
  dw 0040Ch,base+00129h
  dw 0090Bh,base+030DFh
  dw 00468h,base+001FEh
  dw 0040Dh,base+0011Ch
  dw 0090Bh,base+03640h
  dw 00468h,base+001FEh
  dw 0040Dh,base+00122h
  dw 0090Bh,base+026AAh
  dw 00300h,base+001FEh

ryuPage1frame041:
  db 048h,01Fh,05Ch,068h
  db 066h
  db 000h,000h,098h,000h,000h
  db 000h,000h
  dw 0040Dh,base+001FEh
  dw 00A0Bh,base+035FBh
  dw 00368h,base+001FEh
  dw 0030Dh,base+00054h
  dw 00A0Bh,base+03605h
  dw 00368h,base+002FBh
  dw 0030Dh,base+00018h
  dw 00A0Bh,base+0360Fh
  dw 00365h,base+00019h
  dw 00610h,base+00148h
  dw 0090Bh,base+02E3Dh
  dw 00365h,base+00019h
  dw 00510h,base+00019h
  dw 0090Bh,base+02E3Dh
  dw 00264h,base+00009h
  dw 00611h,base+00148h
  dw 0090Bh,base+02E3Dh
  dw 00364h,base+00019h
  dw 00511h,base+00818h
  dw 0080Bh,base+01E6Dh
  dw 00363h,base+00019h
  dw 00612h,base+00342h
  dw 0080Bh,base+027A1h
  dw 00306h,base+00019h
  dw 0015Dh,base+00000h
  dw 00204h,base+00009h
  dw 0010Eh,base+00000h
  dw 0070Ah,base+02542h
  dw 00405h,base+00027h
  dw 0035Fh,base+0005Eh
  dw 00204h,base+00000h
  dw 0010Eh,base+00000h
  dw 0070Ah,base+02542h
  dw 00764h,base+000C9h
  dw 00204h,base+00000h
  dw 00103h,base+00000h
  dw 0020Ch,base+00043h
  dw 00609h,base+0024Fh
  dw 00765h,base+0000Ah
  dw 00406h,base+00007h
  dw 0040Bh,base+00043h
  dw 0070Ah,base+037E3h
  dw 00465h,base+00019h
  dw 00306h,base+0018Eh
  dw 0070Bh,base+00043h
  dw 00E70h,base+02E9Dh
  dw 00105h,base+00008h
  dw 01780h,base+0125Ah
  dw 01680h,base+01753h
  dw 01580h,base+01A97h
  dw 01580h,base+01AACh
  dw 01580h,base+01AC1h
  dw 01580h,base+01AD6h
  dw 01581h,base+01AEBh
  dw 01480h,base+01D73h
  dw 01381h,base+020F4h
  dw 01282h,base+02567h
  dw 00B0Dh,base+0347Eh
  dw 00374h,base+0000Fh
  dw 00506h,base+00019h
  dw 00406h,base+00145h
  dw 0037Ah,base+0000Fh
  dw 00406h,base+00237h
  dw 0037Ah,base+0000Fh
  dw 00306h,base+001F2h
  dw 00379h,base+0000Fh
  dw 00406h,base+00019h
  dw 0037Ah,base+0000Fh
  dw 00406h,base+00019h
  dw 00379h,base+0000Fh
  dw 00507h,base+00019h
  dw 00378h,base+0000Fh
  dw 00508h,base+00019h
  dw 00300h,base+0000Fh

ryuPage1frame042:
  db 026h,014h,06Ah,034h
  db 07Ch
  db 000h,000h,0CCh,000h,000h
  db 000h,000h
  dw 00179h,base+00000h
  dw 00106h,base+00000h
  dw 00179h,base+00000h
  dw 00107h,base+00000h
  dw 00179h,base+00000h
  dw 00106h,base+00000h
  dw 00179h,base+00006h
  dw 00206h,base+00009h
  dw 0027Ah,base+00008h
  dw 00106h,base+00000h
  dw 0027Ah,base+00008h
  dw 00105h,base+00000h
  dw 0027Bh,base+0000Fh
  dw 00105h,base+00006h
  dw 0027Bh,base+0001Fh
  dw 00105h,base+00006h
  dw 0017Bh,base+00008h
  dw 00105h,base+00006h
  dw 0017Bh,base+00008h
  dw 00105h,base+00006h
  dw 0017Bh,base+00008h
  dw 00105h,base+00006h
  dw 0017Bh,base+00008h
  dw 00105h,base+00006h
  dw 0017Bh,base+00008h
  dw 00105h,base+00006h
  dw 00206h,base+00008h
  dw 00275h,base+00009h
  dw 00105h,base+00006h
  dw 00205h,base+0001Fh
  dw 00576h,base+00065h
  dw 00105h,base+00008h
  dw 00204h,base+0001Fh
  dw 00777h,base+02BFCh
  dw 00104h,base+00008h
  dw 00D7Ch,base+030C5h
  dw 00205h,base+00008h
  dw 00C7Bh,base+032E5h
  dw 00205h,base+0001Fh
  dw 00C7Bh,base+032F1h
  dw 00204h,base+0001Fh
  dw 00F00h,base+02CB8h

ryuPage1frame043:
  db 034h,020h,068h,048h
  db 06Ah
  db 000h,000h,0B8h,000h,000h
  db 000h,000h
  dw 00304h,base+0008Ch
  dw 00F7Dh,base+02CC7h
  dw 01380h,base+02107h
  dw 01380h,base+0211Ah
  dw 01380h,base+0212Dh
  dw 01380h,base+02140h
  dw 0137Fh,base+02153h
  dw 01580h,base+01B00h
  dw 0157Fh,base+01B15h
  dw 01680h,base+01769h
  dw 01680h,base+0177Fh
  dw 01780h,base+01271h
  dw 01780h,base+01288h
  dw 01780h,base+0129Fh
  dw 01880h,base+00D12h
  dw 01880h,base+00D2Ah
  dw 01880h,base+00D42h
  dw 01881h,base+00D5Ah
  dw 01780h,base+012B6h
  dw 01780h,base+012CDh
  dw 01112h,base+02890h
  dw 0056Eh,base+0116Fh
  dw 01112h,base+028A1h
  dw 0066Eh,base+00BD4h
  dw 01113h,base+028B2h
  dw 0056Dh,base+01DDDh
  dw 00405h,base+00236h
  dw 00C0Eh,base+032FDh
  dw 0056Dh,base+0017Fh
  dw 00407h,base+0018Dh
  dw 00B0Dh,base+03489h
  dw 0056Ch,base+0011Bh
  dw 0040Ah,base+00342h
  dw 0080Ah,base+036FCh
  dw 0056Ch,base+025F2h
  dw 0030Bh,base+00019h
  dw 0080Ah,base+003E3h
  dw 0046Bh,base+00116h
  dw 0030Bh,base+00019h
  dw 0090Ah,base+030DFh
  dw 0046Bh,base+00116h
  dw 0030Bh,base+00019h
  dw 0090Ah,base+03640h
  dw 0046Bh,base+00116h
  dw 0030Bh,base+00019h
  dw 0090Ah,base+026AAh
  dw 0046Bh,base+001FEh
  dw 0030Bh,base+0005Ch
  dw 00E75h,base+02EABh
  dw 0030Ah,base+0011Dh
  dw 00F75h,base+02CD6h
  dw 0040Bh,base+00122h
  dw 00E00h,base+02EB9h

ryuPage1frame044:
  db 042h,01Fh,060h,068h
  db 068h
  db 000h,000h,098h,000h,000h
  db 000h,000h
  dw 0030Bh,base+00122h
  dw 00E75h,base+02EC7h
  dw 0030Bh,base+00129h
  dw 00E75h,base+02ED5h
  dw 0030Ah,base+0011Dh
  dw 00E75h,base+02EE3h
  dw 0030Bh,base+00125h
  dw 00E74h,base+02EF1h
  dw 0040Ch,base+00019h
  dw 00406h,base+0000Fh
  dw 0086Dh,base+01F41h
  dw 0040Dh,base+00019h
  dw 00407h,base+0000Fh
  dw 0086Ch,base+004ACh
  dw 0050Ch,base+004C8h
  dw 00408h,base+0000Fh
  dw 0080Bh,base+02E51h
  dw 00161h,base+00000h
  dw 0080Ch,base+004C8h
  dw 00308h,base+0000Fh
  dw 00809h,base+03764h
  dw 00362h,base+0005Eh
  dw 01015h,base+02ACDh
  dw 00B6Bh,base+03494h
  dw 01315h,base+02166h
  dw 00B6Bh,base+0349Fh
  dw 01C80h,base+001B5h
  dw 01C80h,base+001D1h
  dw 00304h,base+00019h
  dw 0177Ch,base+012E4h
  dw 00204h,base+00009h
  dw 0167Dh,base+01795h
  dw 00103h,base+00000h
  dw 0167Dh,base+017ABh
  dw 00103h,base+00001h
  dw 0167Eh,base+017C1h
  dw 00102h,base+00008h
  dw 01680h,base+017D7h
  dw 01681h,base+017EDh
  dw 01581h,base+01971h
  dw 01481h,base+01D87h
  dw 01381h,base+02179h
  dw 0060Bh,base+00148h
  dw 00203h,base+00009h
  dw 0047Dh,base+0018Eh
  dw 00203h,base+00009h
  dw 0047Dh,base+0018Eh
  dw 00203h,base+00009h
  dw 0047Eh,base+00237h
  dw 00102h,base+00000h
  dw 00480h,base+00010h
  dw 00480h,base+00023h
  dw 0047Fh,base+00011h
  dw 00580h,base+00019h
  dw 00580h,base+00019h
  dw 00580h,base+00019h
  dw 00400h,base+00019h

ryuPage1frame045:
  db 026h,017h,06Ah,031h
  db 07Ch
  db 000h,000h,0CFh,000h,000h
  db 000h,000h
  dw 00179h,base+00000h
  dw 00106h,base+00000h
  dw 00179h,base+00000h
  dw 00107h,base+00000h
  dw 00179h,base+00000h
  dw 00106h,base+00000h
  dw 00179h,base+00006h
  dw 00206h,base+00009h
  dw 0027Ah,base+00008h
  dw 00106h,base+00000h
  dw 0027Ah,base+00008h
  dw 00105h,base+00000h
  dw 0027Bh,base+0000Fh
  dw 00105h,base+00006h
  dw 0027Bh,base+0001Fh
  dw 00105h,base+00006h
  dw 0017Bh,base+00008h
  dw 00105h,base+00006h
  dw 0017Bh,base+00008h
  dw 00105h,base+00006h
  dw 0017Bh,base+00008h
  dw 00105h,base+00006h
  dw 0017Bh,base+00008h
  dw 00105h,base+00006h
  dw 0017Bh,base+00008h
  dw 00105h,base+00006h
  dw 0027Bh,base+00008h
  dw 00105h,base+00006h
  dw 0027Bh,base+0001Fh
  dw 00105h,base+00008h
  dw 0027Bh,base+0001Fh
  dw 00105h,base+00008h
  dw 00206h,base+0001Fh
  dw 00475h,base+00019h
  dw 00205h,base+00008h
  dw 00305h,base+00011h
  dw 00676h,base+002F6h
  dw 00205h,base+0001Fh
  dw 00C7Bh,base+03309h
  dw 00204h,base+0001Fh
  dw 00E7Ch,base+02EFFh
  dw 00304h,base+0008Ch
  dw 00E7Dh,base+02F0Dh
  dw 01280h,base+02459h
  dw 01200h,base+02579h

ryuPage1frame046:
  db 032h,020h,068h,048h
  db 06Eh
  db 000h,000h,0B8h,000h,000h
  db 000h,000h
  dw 0127Fh,base+0258Bh
  dw 01380h,base+0218Ch
  dw 0137Fh,base+0219Fh
  dw 01480h,base+01C47h
  dw 0147Fh,base+01C5Bh
  dw 01680h,base+01803h
  dw 01680h,base+01819h
  dw 01680h,base+0182Fh
  dw 01680h,base+01845h
  dw 01780h,base+012FBh
  dw 01780h,base+01312h
  dw 01780h,base+01329h
  dw 01780h,base+01340h
  dw 01881h,base+00D72h
  dw 01780h,base+01357h
  dw 01780h,base+0136Eh
  dw 01780h,base+01385h
  dw 01213h,base+00BC2h
  dw 0046Dh,base+001FEh
  dw 01113h,base+0284Ch
  dw 0046Dh,base+001FEh
  dw 01113h,base+0264Eh
  dw 0046Dh,base+038A9h
  dw 00406h,base+0001Ch
  dw 00B0Eh,base+03381h
  dw 0036Ch,base+0005Ch
  dw 00408h,base+00342h
  dw 0090Ch,base+03637h
  dw 0046Ch,base+0017Fh
  dw 0040Ah,base+002D6h
  dw 0080Bh,base+036F4h
  dw 0036Bh,base+00019h
  dw 0040Ah,base+00019h
  dw 0080Ah,base+036FCh
  dw 0046Ch,base+00116h
  dw 0040Bh,base+00019h
  dw 00D75h,base+030D2h
  dw 0040Bh,base+00019h
  dw 00D75h,base+030DFh
  dw 0040Bh,base+00019h
  dw 00D75h,base+030ECh
  dw 0040Bh,base+00054h
  dw 00D75h,base+030F9h
  dw 0030Bh,base+00054h
  dw 00C75h,base+03315h
  dw 0030Ah,base+00054h
  dw 00D76h,base+03106h
  dw 0030Ah,base+00054h
  dw 00D76h,base+03113h
  dw 00309h,base+00018h
  dw 00D00h,base+03120h

ryuPage1frame047:
  db 03Ch,01Fh,062h,068h
  db 062h
  db 000h,000h,098h,000h,000h
  db 000h,000h
  dw 00204h,base+00043h
  dw 00309h,base+00018h
  dw 00C73h,base+03321h
  dw 0070Ch,base+02813h
  dw 00D74h,base+0312Dh
  dw 0080Ch,base+00041h
  dw 00D74h,base+0313Ah
  dw 00B0Ch,base+000B7h
  dw 00E74h,base+02F1Bh
  dw 01A1Dh,base+006B4h
  dw 00163h,base+00000h
  dw 01114h,base+028C3h
  dw 00607h,base+006ACh
  dw 00365h,base+00019h
  dw 01E80h,base+0003Ch
  dw 01D80h,base+000EEh
  dw 01981h,base+0098Fh
  dw 0187Fh,base+00D8Ah
  dw 01980h,base+009A8h
  dw 01516h,base+01B2Ah
  dw 0036Ah,base+00020h
  dw 01516h,base+01B3Fh
  dw 0036Ah,base+02E38h
  dw 00103h,base+00000h
  dw 01213h,base+0259Dh
  dw 0036Ah,base+006F8h
  dw 00104h,base+00000h
  dw 01112h,base+028D4h
  dw 0046Dh,base+001FEh
  dw 00104h,base+00008h
  dw 00E0Fh,base+02F29h
  dw 0046Bh,base+0074Fh
  dw 00105h,base+00008h
  dw 00E10h,base+02F37h
  dw 00470h,base+002C9h
  dw 00407h,base+0074Fh
  dw 00609h,base+00148h
  dw 0046Fh,base+00342h
  dw 00511h,base+00019h
  dw 0046Ch,base+00236h
  dw 00714h,base+003A5h
  dw 0046Ch,base+00236h
  dw 00715h,base+003A5h
  dw 0036Bh,base+0000Eh
  dw 00715h,base+00209h
  dw 0036Ch,base+0001Dh
  dw 00614h,base+00199h
  dw 0036Ch,base+0001Dh
  dw 00614h,base+00022h
  dw 0046Dh,base+00145h
  dw 00513h,base+00199h
  dw 0046Eh,base+00236h
  dw 00313h,base+0000Eh
  dw 0036Eh,base+0018Eh
  dw 00112h,base+00008h
  dw 00380h,base+0001Ch
  dw 00380h,base+0005Fh
  dw 00480h,base+00237h
  dw 0047Fh,base+00019h
  dw 00500h,base+00019h

ryuPage1frame048:
  db 026h,019h,06Ah,02Fh
  db 07Ch
  db 000h,000h,0D1h,000h,000h
  db 000h,000h
  dw 00179h,base+00000h
  dw 00106h,base+00000h
  dw 00179h,base+00000h
  dw 00107h,base+00000h
  dw 00179h,base+00000h
  dw 00106h,base+00000h
  dw 00179h,base+00006h
  dw 00206h,base+00009h
  dw 0027Ah,base+00008h
  dw 00106h,base+00000h
  dw 0027Ah,base+00008h
  dw 00105h,base+00000h
  dw 0027Bh,base+0000Fh
  dw 00105h,base+00006h
  dw 0027Bh,base+0001Fh
  dw 00105h,base+00006h
  dw 0017Bh,base+00008h
  dw 00105h,base+00006h
  dw 0017Bh,base+00008h
  dw 00105h,base+00006h
  dw 0017Bh,base+00008h
  dw 00105h,base+00006h
  dw 0017Bh,base+00008h
  dw 00105h,base+00006h
  dw 0017Bh,base+00008h
  dw 00105h,base+00006h
  dw 0027Bh,base+00008h
  dw 00105h,base+00006h
  dw 0027Bh,base+0001Fh
  dw 00105h,base+00008h
  dw 0027Bh,base+0001Fh
  dw 00105h,base+00008h
  dw 0027Bh,base+0001Fh
  dw 00205h,base+00008h
  dw 0037Bh,base+00011h
  dw 00205h,base+0001Fh
  dw 00306h,base+00011h
  dw 00275h,base+00009h
  dw 00204h,base+0001Fh
  dw 00405h,base+00145h
  dw 00777h,base+00192h
  dw 00304h,base+0008Ch
  dw 00C7Dh,base+0332Dh
  dw 01080h,base+0296Dh
  dw 01181h,base+0261Bh
  dw 01180h,base+0262Ch
  dw 01100h,base+0263Dh

ryuPage1frame049:
  db 04Ah,020h,060h,048h
  db 06Eh
  db 000h,000h,0B8h,000h,000h
  db 000h,000h
  dw 0127Fh,base+022A9h
  dw 01380h,base+021B2h
  dw 0147Fh,base+01D9Bh
  dw 01580h,base+01B54h
  dw 0167Fh,base+0185Bh
  dw 01780h,base+0139Ch
  dw 01880h,base+00DA2h
  dw 0187Ch,base+00DBAh
  dw 00104h,base+0010Bh
  dw 01880h,base+00DD2h
  dw 0197Dh,base+009C1h
  dw 00103h,base+0010Bh
  dw 0197Eh,base+009DAh
  dw 00102h,base+0010Bh
  dw 0197Eh,base+009F3h
  dw 01B81h,base+0034Dh
  dw 01B80h,base+00368h
  dw 01415h,base+01DAFh
  dw 0066Ch,base+0019Bh
  dw 01315h,base+021C5h
  dw 0056Bh,base+0001Eh
  dw 01317h,base+021D8h
  dw 00369h,base+0152Ah
  dw 01318h,base+021EBh
  dw 00269h,base+00054h
  dw 01217h,base+025AFh
  dw 0036Ah,base+00017h
  dw 01015h,base+02ADDh
  dw 0046Ah,base+00052h
  dw 01116h,base+028E5h
  dw 0046Ah,base+005C2h
  dw 00406h,base+0036Eh
  dw 00B10h,base+03381h
  dw 0046Ah,base+005C2h
  dw 00508h,base+03873h
  dw 0090Eh,base+03637h
  dw 0046Ah,base+005C2h
  dw 0060Ah,base+0010Bh
  dw 0080Ch,base+036F4h
  dw 00469h,base+005C2h
  dw 0070Bh,base+021EBh
  dw 0080Dh,base+036FCh
  dw 00368h,base+001FEh
  dw 0080Ch,base+0376Ch
  dw 0080Ch,base+003E3h
  dw 00367h,base+002FBh
  dw 00608h,base+03849h
  dw 00105h,base+0010Bh
  dw 0090Ch,base+030DFh
  dw 00208h,base+00009h
  dw 0015Eh,base+00000h
  dw 00709h,base+037EAh
  dw 00205h,base+0010Bh
  dw 0090Dh,base+03640h
  dw 00207h,base+00009h
  dw 0015Eh,base+00000h
  dw 0070Ah,base+037F1h
  dw 00205h,base+0010Bh
  dw 0090Ch,base+03649h
  dw 00206h,base+00009h
  dw 00260h,base+00000h
  dw 0050Ah,base+03878h
  dw 00104h,base+0010Bh
  dw 0090Ch,base+035FCh
  dw 00306h,base+00019h
  dw 00160h,base+00000h
  dw 0040Ch,base+001FEh
  dw 00C0Eh,base+031A1h
  dw 00405h,base+00019h
  dw 00261h,base+00000h
  dw 0030Ch,base+00054h
  dw 00C0Eh,base+02FB5h
  dw 00600h,base+0023Bh

ryuPage1frame050:
  db 04Ah,01Fh,05Ah,068h
  db 066h
  db 000h,000h,098h,000h,000h
  db 000h,000h
  dw 0030Ah,base+00018h
  dw 00E10h,base+02D3Fh
  dw 00563h,base+0000Ah
  dw 00102h,base+00000h
  dw 0040Ah,base+00019h
  dw 01011h,base+0297Dh
  dw 00463h,base+004DDh
  dw 00102h,base+00000h
  dw 0030Ah,base+00019h
  dw 01011h,base+0298Dh
  dw 00462h,base+0011Ch
  dw 0060Ch,base+00148h
  dw 01112h,base+0265Fh
  dw 00362h,base+00019h
  dw 0050Bh,base+00818h
  dw 01213h,base+022BBh
  dw 00361h,base+00019h
  dw 0060Bh,base+00342h
  dw 01674h,base+01425h
  dw 0060Ch,base+02A65h
  dw 00B0Ch,base+02E3Eh
  dw 00968h,base+03652h
  dw 00405h,base+0001Bh
  dw 00106h,base+00000h
  dw 00A10h,base+034F7h
  dw 00665h,base+033A7h
  dw 00102h,base+00000h
  dw 00103h,base+00001h
  dw 00106h,base+00000h
  dw 0090Fh,base+0224Ah
  dw 00766h,base+0099Eh
  dw 00102h,base+00000h
  dw 00103h,base+00001h
  dw 00105h,base+00000h
  dw 00A0Fh,base+03501h
  dw 00868h,base+004CDh
  dw 00104h,base+00008h
  dw 00105h,base+00000h
  dw 0090Dh,base+0365Bh
  dw 00A6Ch,base+0163Bh
  dw 00306h,base+00008h
  dw 0090Dh,base+03664h
  dw 00B6Eh,base+0338Ch
  dw 00105h,base+00006h
  dw 0080Bh,base+03704h
  dw 00E75h,base+02D4Dh
  dw 0050Ah,base+00413h
  dw 00F76h,base+02CE5h
  dw 00409h,base+001FEh
  dw 01177h,base+028F6h
  dw 00407h,base+00129h
  dw 01379h,base+021FEh
  dw 01A80h,base+004C6h
  dw 01A81h,base+006CEh
  dw 01314h,base+01DFCh
  dw 0056Ch,base+00344h
  dw 01214h,base+022CDh
  dw 0056Ch,base+00931h
  dw 01215h,base+022DFh
  dw 0046Ch,base+003E8h
  dw 00F14h,base+02B8Ch
  dw 0046Ch,base+00011h
  dw 00E14h,base+02D5Bh
  dw 0046Ch,base+00011h
  dw 00D15h,base+02FA7h
  dw 0046Bh,base+0001Fh
  dw 00C15h,base+031ADh
  dw 0046Ch,base+00010h
  dw 00A15h,base+0350Bh
  dw 0036Bh,base+0001Eh
  dw 00815h,base+02A8Dh
  dw 00369h,base+00008h
  dw 00617h,base+0005Eh
  dw 00368h,base+03451h
  dw 00718h,base+003FBh
  dw 00367h,base+00445h
  dw 00718h,base+0249Eh
  dw 00467h,base+00011h
  dw 00719h,base+00BC3h
  dw 00400h,base+00010h

ryuPage1frame051:
  db 020h,01Ah,07Ah,02Eh
  db 090h
  db 000h,000h,0D2h,000h,000h
  db 000h,000h
  dw 00179h,base+00000h
  dw 00106h,base+00000h
  dw 00179h,base+00000h
  dw 00107h,base+00000h
  dw 00179h,base+00000h
  dw 00106h,base+00000h
  dw 00179h,base+00006h
  dw 00206h,base+00009h
  dw 0027Ah,base+00008h
  dw 00106h,base+00000h
  dw 0027Ah,base+00008h
  dw 00105h,base+00000h
  dw 0027Bh,base+0000Fh
  dw 00105h,base+00006h
  dw 0027Bh,base+0001Fh
  dw 00105h,base+00006h
  dw 0017Bh,base+00008h
  dw 00105h,base+00006h
  dw 0017Bh,base+00008h
  dw 00105h,base+00006h
  dw 0017Bh,base+00008h
  dw 00105h,base+00006h
  dw 0017Bh,base+00008h
  dw 00105h,base+00006h
  dw 0017Bh,base+00008h
  dw 00105h,base+00006h
  dw 0027Bh,base+00008h
  dw 00105h,base+00006h
  dw 0027Bh,base+0001Fh
  dw 00105h,base+00008h
  dw 0027Bh,base+0001Fh
  dw 00105h,base+00008h
  dw 0027Bh,base+0001Fh
  dw 00205h,base+00008h
  dw 0037Bh,base+00011h
  dw 00205h,base+0001Fh
  dw 0037Bh,base+00011h
  dw 00880h,base+0092Ch
  dw 00A80h,base+03619h
  dw 00B7Fh,base+034AAh
  dw 00D80h,base+03147h
  dw 00E7Fh,base+02F45h
  dw 01080h,base+02AEDh
  dw 01000h,base+02AFDh

ryuPage1frame052:
  db 050h,020h,068h,048h
  db 076h
  db 000h,000h,0B8h,000h,000h
  db 000h,000h
  dw 01380h,base+02211h
  dw 0137Fh,base+02224h
  dw 01580h,base+01B69h
  dw 0167Fh,base+01871h
  dw 01780h,base+013B3h
  dw 01880h,base+00DEAh
  dw 01880h,base+00E02h
  dw 0197Fh,base+00A0Ch
  dw 01A7Fh,base+006E8h
  dw 01C7Fh,base+001EDh
  dw 01D7Fh,base+0010Bh
  dw 00204h,base+0010Bh
  dw 01B7Bh,base+00383h
  dw 00205h,base+0010Bh
  dw 01B7Bh,base+0039Eh
  dw 00105h,base+0010Bh
  dw 01B7Bh,base+003B9h
  dw 00105h,base+0010Bh
  dw 01B7Bh,base+003D4h
  dw 00106h,base+0010Bh
  dw 01B7Ah,base+003EFh
  dw 00106h,base+0010Bh
  dw 01314h,base+02237h
  dw 0076Dh,base+036CEh
  dw 00304h,base+02238h
  dw 00D10h,base+02960h
  dw 0066Ch,base+00147h
  dw 00305h,base+038B8h
  dw 00C10h,base+03339h
  dw 0056Ah,base+0017Eh
  dw 00406h,base+0005Fh
  dw 00B11h,base+034B5h
  dw 00463h,base+00011h
  dw 00106h,base+0010Bh
  dw 00407h,base+0005Fh
  dw 00911h,base+02A5Fh
  dw 00462h,base+038ADh
  dw 00106h,base+0010Bh
  dw 00407h,base+0001Ch
  dw 00812h,base+03774h
  dw 00361h,base+00129h
  dw 00106h,base+0010Bh
  dw 00407h,base+00342h
  dw 00812h,base+00068h
  dw 00362h,base+001FEh
  dw 00105h,base+0010Bh
  dw 00408h,base+002D6h
  dw 00711h,base+037F8h
  dw 00367h,base+00002h
  dw 00308h,base+0005Ch
  dw 00711h,base+033BDh
  dw 00363h,base+00028h
  dw 00103h,base+0010Bh
  dw 00408h,base+0074Fh
  dw 00712h,base+01E46h
  dw 00366h,base+00028h
  dw 00408h,base+00926h
  dw 00812h,base+0377Ch
  dw 00365h,base+00028h
  dw 00409h,base+037F2h
  dw 00812h,base+031E4h
  dw 00365h,base+00028h
  dw 00409h,base+0385Fh
  dw 00912h,base+036E2h
  dw 00365h,base+00028h
  dw 00409h,base+001FEh
  dw 00912h,base+02CD7h
  dw 00365h,base+0011Ch
  dw 00308h,base+00054h
  dw 00B14h,base+034C0h
  dw 00264h,base+00009h
  dw 00307h,base+00018h
  dw 00C15h,base+03345h
  dw 00207h,base+00009h
  dw 00100h,base+00000h

ryuPage1frame053:
  db 054h,01Fh,064h,068h
  db 06Ah
  db 000h,000h,098h,000h,000h
  db 000h,000h
  dw 00102h,base+00000h
  dw 00407h,base+00019h
  dw 00D16h,base+03154h
  dw 00307h,base+00019h
  dw 0015Ah,base+00000h
  dw 00102h,base+00000h
  dw 00306h,base+00019h
  dw 00F18h,base+02CF4h
  dw 00305h,base+00019h
  dw 0025Ah,base+00000h
  dw 00608h,base+00148h
  dw 01019h,base+02B0Dh
  dw 00304h,base+00019h
  dw 0025Bh,base+00009h
  dw 00507h,base+00818h
  dw 0111Ah,base+02907h
  dw 0065Eh,base+004DDh
  dw 00607h,base+00342h
  dw 0121Bh,base+025C1h
  dw 0055Dh,base+00D33h
  dw 00608h,base+02A65h
  dw 0131Bh,base+0224Ah
  dw 0045Dh,base+00122h
  dw 00405h,base+0001Bh
  dw 00102h,base+00000h
  dw 00B0Dh,base+02A5Ch
  dw 0070Fh,base+005FCh
  dw 0045Dh,base+0074Fh
  dw 00102h,base+00000h
  dw 00103h,base+00001h
  dw 00C11h,base+03351h
  dw 0050Dh,base+00019h
  dw 0035Dh,base+00019h
  dw 00102h,base+00000h
  dw 00103h,base+00001h
  dw 00B11h,base+02A5Bh
  dw 0060Dh,base+03681h
  dw 0025Eh,base+00009h
  dw 00104h,base+00008h
  dw 00A12h,base+022B9h
  dw 0050Ah,base+0011Ah
  dw 00362h,base+00884h
  dw 00C14h,base+0335Dh
  dw 0050Ah,base+01C06h
  dw 00263h,base+00174h
  dw 00A13h,base+03623h
  dw 00508h,base+00687h
  dw 00466h,base+00172h
  dw 00713h,base+037FFh
  dw 00B6Dh,base+034CBh
  dw 00513h,base+00017h
  dw 00B6Dh,base+034D6h
  dw 00413h,base+00017h
  dw 00C6Dh,base+03369h
  dw 00413h,base+00054h
  dw 00C6Dh,base+03375h
  dw 00412h,base+00018h
  dw 00D6Eh,base+025FCh
  dw 00510h,base+000E9h
  dw 00E70h,base+0293Dh
  dw 00510h,base+00019h
  dw 00E71h,base+0294Eh
  dw 0040Dh,base+00019h
  dw 00F73h,base+026F9h
  dw 0040Ah,base+001F2h
  dw 01276h,base+01E81h
  dw 00408h,base+00111h
  dw 01278h,base+025D3h
  dw 00409h,base+0018Eh
  dw 01078h,base+02B1Dh
  dw 00408h,base+00111h
  dw 01078h,base+02B2Dh
  dw 00408h,base+00007h
  dw 01078h,base+02B3Dh
  dw 00408h,base+0018Eh
  dw 01078h,base+02B4Dh
  dw 00409h,base+00232h
  dw 00F76h,base+02D03h
  dw 0050Ah,base+00021h
  dw 00A0Ch,base+0362Dh
  dw 00368h,base+03451h
  dw 0070Ch,base+0005Dh
  dw 0090Ch,base+003A5h
  dw 00367h,base+00445h
  dw 0080Eh,base+01F05h
  dw 0070Ah,base+02569h
  dw 00468h,base+00011h
  dw 0060Eh,base+003FEh
  dw 0050Ah,base+00019h
  dw 00400h,base+00010h

ryuPage1frame054:
  db 024h,017h,082h,031h
  db 096h
  db 000h,000h,0CFh,000h,000h
  db 000h,000h
  dw 00106h,base+00008h
  dw 0017Ah,base+00008h
  dw 00106h,base+00008h
  dw 0017Ah,base+00008h
  dw 00106h,base+00008h
  dw 0017Ah,base+00008h
  dw 00106h,base+00008h
  dw 0017Ah,base+00008h
  dw 00106h,base+00008h
  dw 0017Ah,base+00006h
  dw 00106h,base+00008h
  dw 00279h,base+00006h
  dw 00107h,base+00000h
  dw 00279h,base+00006h
  dw 00107h,base+00000h
  dw 00279h,base+00006h
  dw 00107h,base+00000h
  dw 00279h,base+00006h
  dw 00108h,base+00000h
  dw 00178h,base+00000h
  dw 00108h,base+00000h
  dw 00178h,base+00001h
  dw 00108h,base+00000h
  dw 00178h,base+00008h
  dw 00108h,base+00000h
  dw 00178h,base+00008h
  dw 00108h,base+00000h
  dw 00178h,base+00008h
  dw 00108h,base+00001h
  dw 00179h,base+00008h
  dw 00107h,base+00008h
  dw 00175h,base+00008h
  dw 00304h,base+00019h
  dw 00102h,base+00008h
  dw 00304h,base+00019h
  dw 00174h,base+00008h
  dw 00B0Ch,base+034E1h
  dw 00173h,base+00008h
  dw 00E7Fh,base+02F53h
  dw 00E7Fh,base+02F61h
  dw 00F80h,base+02D12h
  dw 00F7Fh,base+02D21h
  dw 01000h,base+02B5Dh

ryuPage1frame055:
  db 064h,020h,062h,048h
  db 082h
  db 000h,000h,0B8h,000h,000h
  db 000h,000h
  dw 0117Fh,base+02918h
  dw 01377h,base+0225Dh
  dw 00209h,base+00717h
  dw 01675h,base+01887h
  dw 0050Bh,base+0387Dh
  dw 01774h,base+013CAh
  dw 00105h,base+00016h
  dw 00206h,base+00717h
  dw 0187Bh,base+00E1Ah
  dw 00205h,base+00717h
  dw 01974h,base+00A25h
  dw 00108h,base+00016h
  dw 00104h,base+00016h
  dw 01974h,base+00A3Eh
  dw 00109h,base+00016h
  dw 00103h,base+00016h
  dw 01A73h,base+00702h
  dw 0010Ah,base+00016h
  dw 00102h,base+00016h
  dw 01B74h,base+0040Ah
  dw 0010Ah,base+00016h
  dw 01E75h,base+0005Ah
  dw 0010Ch,base+00016h
  dw 01D74h,base+00128h
  dw 0010Ch,base+00016h
  dw 01E74h,base+00078h
  dw 0010Ch,base+00016h
  dw 01E74h,base+00096h
  dw 0010Ch,base+00016h
  dw 00405h,base+02B64h
  dw 0196Fh,base+00A57h
  dw 0010Ch,base+00016h
  dw 00406h,base+00016h
  dw 01879h,base+00E32h
  dw 00507h,base+03882h
  dw 00F11h,base+02D30h
  dw 00868h,base+0030Dh
  dw 00407h,base+03882h
  dw 00E12h,base+02F6Fh
  dw 00767h,base+036CEh
  dw 00407h,base+03882h
  dw 00E13h,base+02F7Dh
  dw 00665h,base+00147h
  dw 00508h,base+0074Fh
  dw 00D14h,base+03161h
  dw 00564h,base+0017Eh
  dw 00508h,base+00413h
  dw 00D15h,base+0316Eh
  dw 00459h,base+00011h
  dw 0010Ah,base+00016h
  dw 00408h,base+038B1h
  dw 00D16h,base+0317Bh
  dw 00458h,base+038ADh
  dw 0010Ah,base+00016h
  dw 00408h,base+00D3Eh
  dw 00B17h,base+034ECh
  dw 00357h,base+00129h
  dw 00109h,base+00016h
  dw 0050Ah,base+013B3h
  dw 00916h,base+036EBh
  dw 00358h,base+001FEh
  dw 00108h,base+00016h
  dw 00409h,base+001FEh
  dw 00817h,base+03784h
  dw 00358h,base+00002h
  dw 00108h,base+00016h
  dw 00309h,base+001FEh
  dw 00717h,base+03806h
  dw 00358h,base+00028h
  dw 00107h,base+00016h
  dw 00409h,base+00116h
  dw 00818h,base+0378Ch
  dw 00359h,base+00028h
  dw 00206h,base+00717h
  dw 00409h,base+00129h
  dw 00718h,base+003FDh
  dw 0035Ah,base+00028h
  dw 00105h,base+00016h
  dw 00309h,base+0011Dh
  dw 00818h,base+03794h
  dw 0035Fh,base+00028h
  dw 0030Ah,base+00019h
  dw 00717h,base+0056Fh
  dw 0035Ch,base+00028h
  dw 00203h,base+00009h
  dw 0030Ah,base+00019h
  dw 00817h,base+0379Ch
  dw 0035Bh,base+0011Ch
  dw 0060Ch,base+00148h
  dw 00A1Ah,base+0316Fh
  dw 0025Ah,base+00009h
  dw 0060Ch,base+005FCh
  dw 00A1Ah,base+02FB5h
  dw 00207h,base+00009h
  dw 00100h,base+00000h

ryuPage1frame056:
  db 05Eh,01Fh,068h,068h
  db 06Ah
  db 000h,000h,098h,000h,000h
  db 000h,000h
  dw 0050Ah,base+00068h
  dw 00D1Ch,base+03188h
  dw 00307h,base+00019h
  dw 00152h,base+00000h
  dw 0060Ah,base+00235h
  dw 00E1Eh,base+02F8Bh
  dw 00305h,base+00019h
  dw 00253h,base+00000h
  dw 00305h,base+0005Eh
  dw 00105h,base+00000h
  dw 00E1Eh,base+02F99h
  dw 00304h,base+00019h
  dw 00254h,base+00009h
  dw 00102h,base+00000h
  dw 00103h,base+00008h
  dw 00104h,base+00000h
  dw 0101Fh,base+02B6Dh
  dw 00658h,base+004DDh
  dw 00104h,base+00001h
  dw 00204h,base+00009h
  dw 01120h,base+02929h
  dw 00558h,base+00D33h
  dw 00104h,base+00008h
  dw 00203h,base+00009h
  dw 01221h,base+025E5h
  dw 0045Bh,base+00122h
  dw 00204h,base+00006h
  dw 00B0Ch,base+02E3Eh
  dw 00715h,base+0339Eh
  dw 0045Bh,base+0074Fh
  dw 00103h,base+00008h
  dw 00A0Eh,base+034F7h
  dw 00614h,base+00148h
  dw 0035Eh,base+00019h
  dw 0090Fh,base+0224Ah
  dw 00513h,base+00389h
  dw 0025Dh,base+00009h
  dw 00A11h,base+03501h
  dw 00410h,base+00114h
  dw 0035Fh,base+00884h
  dw 00911h,base+0365Bh
  dw 00510h,base+03887h
  dw 0025Eh,base+00174h
  dw 00912h,base+03664h
  dw 0050Eh,base+0388Ch
  dw 00460h,base+00172h
  dw 00812h,base+03704h
  dw 0050Ch,base+00344h
  dw 00662h,base+001E4h
  dw 00512h,base+00413h
  dw 0060Ah,base+0384Fh
  dw 00864h,base+006D3h
  dw 00412h,base+001FEh
  dw 00609h,base+00007h
  dw 00A65h,base+006D3h
  dw 00412h,base+00129h
  dw 00608h,base+00827h
  dw 00B66h,base+02FC3h
  dw 00513h,base+00CF6h
  dw 0126Dh,base+025F7h
  dw 00513h,base+02D39h
  dw 0116Eh,base+0293Ah
  dw 00412h,base+00019h
  dw 0116Eh,base+0294Bh
  dw 00413h,base+00019h
  dw 00F6Dh,base+026F9h
  dw 00510h,base+0009Ah
  dw 01271h,base+01E81h
  dw 0040Dh,base+0001Fh
  dw 01273h,base+025D3h
  dw 0040Eh,base+00111h
  dw 01072h,base+02B1Dh
  dw 0040Eh,base+0018Eh
  dw 01072h,base+02B2Dh
  dw 0040Eh,base+00232h
  dw 00F73h,base+02B3Dh
  dw 0040Dh,base+00111h
  dw 00D73h,base+02B4Dh
  dw 0040Eh,base+00007h
  dw 00B70h,base+02D03h
  dw 00610h,base+0005Eh
  dw 00A6Fh,base+0362Dh
  dw 00711h,base+003FBh
  dw 0096Eh,base+003A5h
  dw 00713h,base+0249Eh
  dw 0086Ch,base+02569h
  dw 00714h,base+00BC3h
  dw 00700h,base+0118Ah

ryuPage1frame057:
  db 032h,01Ah,068h,02Eh
  db 090h
  db 000h,000h,0D2h,000h,000h
  db 000h,000h
  dw 00179h,base+00000h
  dw 00106h,base+00000h
  dw 00179h,base+00000h
  dw 00107h,base+00000h
  dw 00179h,base+00000h
  dw 00106h,base+00000h
  dw 00179h,base+00006h
  dw 00206h,base+00009h
  dw 0027Ah,base+00008h
  dw 00106h,base+00000h
  dw 0027Ah,base+00008h
  dw 00105h,base+00000h
  dw 0027Bh,base+0000Fh
  dw 00105h,base+00006h
  dw 0027Bh,base+0001Fh
  dw 00105h,base+00006h
  dw 0017Bh,base+00008h
  dw 00105h,base+00006h
  dw 0017Bh,base+00008h
  dw 00105h,base+00006h
  dw 0017Bh,base+00008h
  dw 00105h,base+00006h
  dw 0017Bh,base+00008h
  dw 00105h,base+00006h
  dw 0017Bh,base+00008h
  dw 00105h,base+00006h
  dw 0027Bh,base+00008h
  dw 00105h,base+00006h
  dw 0027Bh,base+0001Fh
  dw 00105h,base+00008h
  dw 0027Bh,base+0001Fh
  dw 00105h,base+00008h
  dw 0027Bh,base+0001Fh
  dw 00205h,base+00008h
  dw 0037Bh,base+00011h
  dw 00205h,base+0001Fh
  dw 0037Bh,base+00011h
  dw 00880h,base+0092Ch
  dw 00A80h,base+03619h
  dw 00B7Fh,base+034AAh
  dw 00D80h,base+03147h
  dw 00E7Fh,base+02F45h
  dw 01077h,base+02AEDh
  dw 00306h,base+00003h
  dw 00103h,base+00003h
  dw 01000h,base+02AFDh

ryuPage1frame058:
  db 056h,020h,062h,048h
  db 066h
  db 000h,000h,0B8h,000h,000h
  db 000h,000h
  dw 00108h,base+00003h
  dw 01380h,base+02270h
  dw 01377h,base+02283h
  dw 00108h,base+00003h
  dw 01580h,base+01B7Eh
  dw 0167Fh,base+0189Dh
  dw 01780h,base+013E1h
  dw 01880h,base+00E4Ah
  dw 01880h,base+00E62h
  dw 01980h,base+00A0Ch
  dw 01980h,base+00A70h
  dw 01A80h,base+0071Ch
  dw 01A80h,base+00736h
  dw 01B80h,base+00425h
  dw 01B80h,base+00440h
  dw 01B80h,base+0045Bh
  dw 01B81h,base+00476h
  dw 01B80h,base+00491h
  dw 01314h,base+02296h
  dw 0076Dh,base+036CEh
  dw 01114h,base+0295Ch
  dw 0066Ch,base+00147h
  dw 00305h,base+0000Fh
  dw 00C10h,base+03339h
  dw 0056Ah,base+0017Eh
  dw 00406h,base+0005Fh
  dw 00B11h,base+034B5h
  dw 00469h,base+00011h
  dw 00407h,base+0005Fh
  dw 00911h,base+02A5Fh
  dw 00468h,base+038ADh
  dw 00407h,base+0001Ch
  dw 00812h,base+03774h
  dw 00367h,base+00129h
  dw 00407h,base+00342h
  dw 00812h,base+00068h
  dw 00367h,base+001FEh
  dw 00408h,base+002D6h
  dw 00711h,base+037F8h
  dw 00367h,base+00002h
  dw 00308h,base+0005Ch
  dw 00711h,base+033BDh
  dw 00366h,base+00028h
  dw 00408h,base+0074Fh
  dw 00712h,base+01E46h
  dw 0035Eh,base+00028h
  dw 00108h,base+00003h
  dw 00408h,base+00926h
  dw 00812h,base+0377Ch
  dw 0035Fh,base+00028h
  dw 00106h,base+00003h
  dw 00409h,base+037F2h
  dw 00812h,base+031E4h
  dw 00365h,base+00028h
  dw 00409h,base+0385Fh
  dw 00912h,base+036E2h
  dw 00365h,base+00028h
  dw 00409h,base+001FEh
  dw 00912h,base+02CD7h
  dw 00365h,base+0011Ch
  dw 00308h,base+00054h
  dw 00B14h,base+034C0h
  dw 00264h,base+00009h
  dw 00307h,base+00018h
  dw 00C15h,base+03345h
  dw 00207h,base+00009h
  dw 00100h,base+00000h

ryuPage1frame059:
  db 054h,01Fh,064h,068h
  db 06Ah
  db 000h,000h,098h,000h,000h
  db 000h,000h
  dw 00102h,base+00000h
  dw 00407h,base+00019h
  dw 00D16h,base+03154h
  dw 00307h,base+00019h
  dw 0015Ah,base+00000h
  dw 00102h,base+00000h
  dw 00306h,base+00019h
  dw 00F18h,base+02CF4h
  dw 00305h,base+00019h
  dw 0025Ah,base+00000h
  dw 00608h,base+00148h
  dw 01019h,base+02B0Dh
  dw 00304h,base+00019h
  dw 0025Bh,base+00009h
  dw 00507h,base+00818h
  dw 0111Ah,base+02907h
  dw 0065Eh,base+004DDh
  dw 00607h,base+00342h
  dw 0121Bh,base+025C1h
  dw 0055Dh,base+00D33h
  dw 00608h,base+02A65h
  dw 0131Bh,base+0224Ah
  dw 0045Dh,base+00122h
  dw 00405h,base+0001Bh
  dw 00102h,base+00000h
  dw 00B0Dh,base+02A5Ch
  dw 0070Fh,base+005FCh
  dw 0045Dh,base+0074Fh
  dw 00102h,base+00000h
  dw 00103h,base+00001h
  dw 00C11h,base+03351h
  dw 0050Dh,base+00019h
  dw 0035Dh,base+00019h
  dw 00102h,base+00000h
  dw 00103h,base+00001h
  dw 00B11h,base+02A5Bh
  dw 0060Dh,base+03681h
  dw 0025Eh,base+00009h
  dw 00104h,base+00008h
  dw 00A12h,base+022B9h
  dw 0050Ah,base+0011Ah
  dw 00362h,base+00884h
  dw 00C14h,base+0335Dh
  dw 0050Ah,base+01C06h
  dw 00263h,base+00174h
  dw 00A13h,base+03623h
  dw 00508h,base+00687h
  dw 00466h,base+00172h
  dw 00713h,base+037FFh
  dw 00B6Dh,base+034CBh
  dw 00513h,base+00017h
  dw 00B6Dh,base+034D6h
  dw 00413h,base+00017h
  dw 00C6Dh,base+03369h
  dw 00413h,base+00054h
  dw 00C6Dh,base+03375h
  dw 00412h,base+00018h
  dw 00D6Eh,base+025FCh
  dw 00510h,base+000E9h
  dw 00E70h,base+0293Dh
  dw 00510h,base+00019h
  dw 00E71h,base+0294Eh
  dw 0040Dh,base+00019h
  dw 00F73h,base+026F9h
  dw 0040Ah,base+001F2h
  dw 01276h,base+01E81h
  dw 00408h,base+00111h
  dw 01278h,base+025D3h
  dw 00409h,base+0018Eh
  dw 01078h,base+02B1Dh
  dw 00408h,base+00111h
  dw 01078h,base+02B2Dh
  dw 00408h,base+00007h
  dw 01078h,base+02B3Dh
  dw 00408h,base+0018Eh
  dw 01078h,base+02B4Dh
  dw 00409h,base+00232h
  dw 00F76h,base+02D03h
  dw 0050Ah,base+00021h
  dw 00A0Ch,base+0362Dh
  dw 00368h,base+03451h
  dw 0070Ch,base+0005Dh
  dw 0090Ch,base+003A5h
  dw 00367h,base+00445h
  dw 0080Eh,base+01F05h
  dw 0070Ah,base+02569h
  dw 00468h,base+00011h
  dw 0060Eh,base+003FEh
  dw 0050Ah,base+00019h
  dw 00400h,base+00010h

ryuPage1frame060:
  db 026h,019h,06Ah,02Fh
  db 07Ch
  db 000h,000h,0D1h,000h,000h
  db 000h,000h
  dw 00179h,base+00000h
  dw 00106h,base+00000h
  dw 00179h,base+00000h
  dw 00107h,base+00000h
  dw 00179h,base+00000h
  dw 00106h,base+00000h
  dw 00179h,base+00006h
  dw 00206h,base+00009h
  dw 0027Ah,base+00008h
  dw 00106h,base+00000h
  dw 0027Ah,base+00008h
  dw 00105h,base+00000h
  dw 0027Bh,base+0000Fh
  dw 00105h,base+00006h
  dw 0027Bh,base+0001Fh
  dw 00105h,base+00006h
  dw 0017Bh,base+00008h
  dw 00105h,base+00006h
  dw 0017Bh,base+00008h
  dw 00105h,base+00006h
  dw 0017Bh,base+00008h
  dw 00105h,base+00006h
  dw 0017Bh,base+00008h
  dw 00105h,base+00006h
  dw 0017Bh,base+00008h
  dw 00105h,base+00006h
  dw 0027Bh,base+00008h
  dw 00105h,base+00006h
  dw 0027Bh,base+0001Fh
  dw 00105h,base+00008h
  dw 0027Bh,base+0001Fh
  dw 00105h,base+00008h
  dw 0027Bh,base+0001Fh
  dw 00205h,base+00008h
  dw 0037Bh,base+00011h
  dw 00205h,base+0001Fh
  dw 00306h,base+00011h
  dw 00275h,base+00009h
  dw 00204h,base+0001Fh
  dw 00405h,base+00145h
  dw 00777h,base+00192h
  dw 00304h,base+0008Ch
  dw 00C7Dh,base+0332Dh
  dw 01080h,base+0296Dh
  dw 01181h,base+0261Bh
  dw 01180h,base+0262Ch
  dw 01100h,base+0263Dh

ryuPage1frame061:
  db 044h,020h,066h,048h
  db 06Eh
  db 000h,000h,0B8h,000h,000h
  db 000h,000h
  dw 0127Fh,base+022A9h
  dw 01380h,base+021B2h
  dw 0147Fh,base+01D9Bh
  dw 01580h,base+01B54h
  dw 0167Fh,base+018B3h
  dw 01780h,base+013F8h
  dw 01880h,base+00E7Ah
  dw 01880h,base+00E92h
  dw 01880h,base+00EAAh
  dw 01980h,base+00750h
  dw 01980h,base+00A89h
  dw 01980h,base+00782h
  dw 01980h,base+0079Bh
  dw 01A80h,base+004ACh
  dw 01314h,base+00B92h
  dw 0066Ch,base+0019Bh
  dw 01315h,base+01DD6h
  dw 0056Ch,base+0001Eh
  dw 01216h,base+0101Bh
  dw 0036Ah,base+0152Ah
  dw 01217h,base+02609h
  dw 0026Ah,base+00054h
  dw 01116h,base+00BC3h
  dw 0036Ah,base+00017h
  dw 01015h,base+027D6h
  dw 0046Ah,base+00052h
  dw 01116h,base+0264Eh
  dw 0046Ah,base+005C2h
  dw 00406h,base+0005Fh
  dw 00B10h,base+03381h
  dw 0046Ah,base+005C2h
  dw 00408h,base+0001Ch
  dw 0090Eh,base+03637h
  dw 0046Ah,base+005C2h
  dw 0040Ah,base+00342h
  dw 0080Ch,base+036F4h
  dw 0046Ah,base+005C2h
  dw 0040Ah,base+002D6h
  dw 0080Dh,base+036FCh
  dw 00369h,base+001FEh
  dw 0030Bh,base+0005Ch
  dw 0080Ch,base+003E3h
  dw 00368h,base+002FBh
  dw 0040Ch,base+0074Fh
  dw 0090Ch,base+030DFh
  dw 00208h,base+00009h
  dw 00160h,base+00000h
  dw 0040Ch,base+00926h
  dw 0090Dh,base+03640h
  dw 00207h,base+00009h
  dw 0015Fh,base+00000h
  dw 0040Eh,base+037F2h
  dw 0090Ch,base+03649h
  dw 00206h,base+00009h
  dw 00260h,base+00000h
  dw 0040Eh,base+0385Fh
  dw 0090Ch,base+035FCh
  dw 00306h,base+00019h
  dw 00160h,base+00000h
  dw 0040Ch,base+001FEh
  dw 00C0Eh,base+031A1h
  dw 00405h,base+00019h
  dw 00261h,base+00000h
  dw 0030Ch,base+00054h
  dw 00C0Eh,base+02FB5h
  dw 00600h,base+0023Bh

ryuPage1frame062:
  db 04Ah,01Fh,05Ah,068h
  db 066h
  db 000h,000h,098h,000h,000h
  db 000h,000h
  dw 0030Ah,base+00018h
  dw 00E10h,base+02D3Fh
  dw 00563h,base+0000Ah
  dw 00102h,base+00000h
  dw 0040Ah,base+00019h
  dw 01011h,base+0297Dh
  dw 00463h,base+004DDh
  dw 00102h,base+00000h
  dw 0030Ah,base+00019h
  dw 01011h,base+0298Dh
  dw 00462h,base+0011Ch
  dw 0060Ch,base+00148h
  dw 01112h,base+0265Fh
  dw 00362h,base+00019h
  dw 0050Bh,base+00818h
  dw 01213h,base+022BBh
  dw 00361h,base+00019h
  dw 0060Bh,base+00342h
  dw 01674h,base+01425h
  dw 0060Ch,base+02A65h
  dw 00B0Ch,base+02E3Eh
  dw 00968h,base+03652h
  dw 00405h,base+0001Bh
  dw 00106h,base+00000h
  dw 00A10h,base+034F7h
  dw 00665h,base+033A7h
  dw 00102h,base+00000h
  dw 00103h,base+00001h
  dw 00106h,base+00000h
  dw 0090Fh,base+0224Ah
  dw 00766h,base+0099Eh
  dw 00102h,base+00000h
  dw 00103h,base+00001h
  dw 00105h,base+00000h
  dw 00A0Fh,base+03501h
  dw 00868h,base+004CDh
  dw 00104h,base+00008h
  dw 00105h,base+00000h
  dw 0090Dh,base+0365Bh
  dw 00A6Ch,base+0163Bh
  dw 00306h,base+00008h
  dw 0090Dh,base+03664h
  dw 00B6Eh,base+0338Ch
  dw 00105h,base+00006h
  dw 0080Bh,base+03704h
  dw 00E75h,base+02D4Dh
  dw 0050Ah,base+00413h
  dw 00F76h,base+02CE5h
  dw 00409h,base+001FEh
  dw 01177h,base+028F6h
  dw 00407h,base+00129h
  dw 01379h,base+021FEh
  dw 01A80h,base+004C6h
  dw 01A81h,base+006CEh
  dw 01314h,base+01DFCh
  dw 0056Ch,base+00344h
  dw 01214h,base+022CDh
  dw 0056Ch,base+00931h
  dw 01215h,base+022DFh
  dw 0046Ch,base+003E8h
  dw 00F14h,base+02B8Ch
  dw 0046Ch,base+00011h
  dw 00E14h,base+02D5Bh
  dw 0046Ch,base+00011h
  dw 00D15h,base+02FA7h
  dw 0046Bh,base+0001Fh
  dw 00C15h,base+031ADh
  dw 0046Ch,base+00010h
  dw 00A15h,base+0350Bh
  dw 0036Bh,base+0001Eh
  dw 00815h,base+02A8Dh
  dw 00369h,base+00008h
  dw 00617h,base+0005Eh
  dw 00368h,base+03451h
  dw 00718h,base+003FBh
  dw 00367h,base+00445h
  dw 00718h,base+0249Eh
  dw 00467h,base+00011h
  dw 00719h,base+00BC3h
  dw 00400h,base+00010h


