; Sprite   : 0
; Mode     : Mode : 1 sprite               
; TGS size : 32
; Address  : Start + #0
sprite0tgs:
    db %00000000
    db %00000000
    db %00000110
    db %00000100
    db %00011000
    db %00010000
    db %00110000
    db %01100000
    db %11000000
    db %11000000
    db %10000000
    db %10000000
    db %01000000
    db %01000000
    db %00100000
    db %00110000
    db %00111000
    db %10010000
    db %00000000
    db %00000000
    db %00000000
    db %00000000
    db %00000000
    db %00000000
    db %00000000
    db %00000000
    db %00000000
    db %00000000
    db %00000000
    db %00000000
    db %00000000
    db %00000000

; Sprite   : 1
; Mode     : Mode : 1 sprite               
; TGS size : 32
; Address  : Start + #32
sprite1tgs:
    db %00011010
    db %00110111
    db %00100001
    db %00000000
    db %00000000
    db %00000000
    db %00000000
    db %00000000
    db %00000010
    db %00000111
    db %00001101
    db %00011001
    db %00011110
    db %10111001
    db %00110001
    db %00100000
    db %00000000
    db %11000000
    db %11100000
    db %01110000
    db %00000000
    db %00110100
    db %00000100
    db %00000110
    db %00000110
    db %00011110
    db %00001110
    db %10111110
    db %00111111
    db %11110111
    db %11101111
    db %11101111

; Sprite   : 2
; Mode     : Mode : 1 sprite               
; TGS size : 32
; Address  : Start + #64
sprite2tgs:
    db %00000000
    db %00000000
    db %00000000
    db %00000000
    db %00000000
    db %00011110
    db %00011111
    db %00110001
    db %00110001
    db %00111100
    db %00110110
    db %00110110
    db %11100011
    db %11100011
    db %11100111
    db %11111101
    db %00000000
    db %00000000
    db %00000000
    db %00000000
    db %00000000
    db %00000000
    db %00000000
    db %10000000
    db %11000000
    db %11111111
    db %00110000
    db %01111000
    db %11011000
    db %10001100
    db %00001110
    db %10000100

; Sprite   : 3
; Mode     : Mode : 1 sprite               
; TGS size : 32
; Address  : Start + #96
sprite3tgs:
    db %00000000
    db %00000000
    db %00000000
    db %00000000
    db %00000000
    db %00000000
    db %00000000
    db %00000000
    db %00000000
    db %00000000
    db %11000000
    db %11000000
    db %00110000
    db %00110000
    db %00001000
    db %00000110
    db %00000000
    db %00000000
    db %00000000
    db %00000000
    db %00000000
    db %00000000
    db %00000000
    db %00000000
    db %00000000
    db %00000000
    db %00000000
    db %00000000
    db %00000000
    db %00000000
    db %00000000
    db %00000000

; Sprite   : 4
; Mode     : Mode : 1 sprite               
; TGS size : 32
; Address  : Start + #128
sprite4tgs:
    db %00111000
    db %00011100
    db %00000111
    db %00000111
    db %00000100
    db %00001000
    db %00001000
    db %00011000
    db %00010000
    db %00000000
    db %00000000
    db %00000000
    db %00000000
    db %00000000
    db %00000000
    db %00000000
    db %00000000
    db %00000000
    db %00000000
    db %11000000
    db %11111110
    db %00111111
    db %00001111
    db %00000000
    db %00000000
    db %00000000
    db %00000000
    db %00000000
    db %00000000
    db %00000000
    db %00000000
    db %00000000

; Sprite   : 5
; Mode     : Mode : 1 sprite               
; TGS size : 32
; Address  : Start + #160
sprite5tgs:
    db %01100000
    db %11000000
    db %11000001
    db %10000011
    db %10001101
    db %11111111
    db %11111001
    db %01000001
    db %00000010
    db %00000000
    db %00000000
    db %00000000
    db %00000000
    db %00000000
    db %00000000
    db %00000000
    db %11111111
    db %11111111
    db %11111111
    db %11011111
    db %10000000
    db %00000000
    db %00000000
    db %00000000
    db %00000000
    db %00000000
    db %00000000
    db %00000000
    db %00000000
    db %00000000
    db %00000000
    db %00000000

; Sprite   : 6
; Mode     : Mode : 1 sprite               
; TGS size : 32
; Address  : Start + #192
sprite6tgs:
    db %11111000
    db %11111000
    db %11111000
    db %11110000
    db %00000000
    db %00000000
    db %00000000
    db %00000000
    db %00000000
    db %00000000
    db %00000000
    db %00000000
    db %00000000
    db %00000000
    db %00000000
    db %00000000
    db %11000100
    db %11000100
    db %01001100
    db %01001000
    db %01001000
    db %01000000
    db %01000000
    db %01000000
    db %01000000
    db %00000000
    db %00000000
    db %00000000
    db %00000000
    db %00000000
    db %00000000
    db %00000000

; Sprite   : 7
; Mode     : Mode : 1 sprite               
; TGS size : 32
; Address  : Start + #224
sprite7tgs:
    db %00000110
    db %00000011
    db %00000001
    db %00000001
    db %00000001
    db %00000001
    db %00000001
    db %00000000
    db %00000000
    db %00000000
    db %00000000
    db %00000000
    db %00000000
    db %00000000
    db %00000000
    db %00000000
    db %00000000
    db %00000000
    db %00000000
    db %00000000
    db %00000000
    db %00000000
    db %00000000
    db %00000000
    db %00000000
    db %00000000
    db %00000000
    db %00000000
    db %00000000
    db %00000000
    db %00000000
    db %00000000

; Sprite   : 8
; Mode     : Mode : 1 sprite               
; TGS size : 32
; Address  : Start + #256
sprite8tgs:
    db %00000000
    db %00000001
    db %00000110
    db %00001100
    db %00011000
    db %00110000
    db %00110000
    db %01100000
    db %11000000
    db %11000000
    db %10000000
    db %10000000
    db %11000000
    db %01000000
    db %01100000
    db %00110000
    db %00111000
    db %10010000
    db %00000000
    db %00000000
    db %00000000
    db %00000000
    db %00000000
    db %00000000
    db %00000000
    db %00000000
    db %00000000
    db %00000000
    db %00000000
    db %00000000
    db %00000000
    db %00000000

; Sprite   : 9
; Mode     : Mode : 1 sprite               
; TGS size : 32
; Address  : Start + #288
sprite9tgs:
    db %00011010
    db %00110111
    db %00100001
    db %00000000
    db %00000000
    db %00000000
    db %00000000
    db %00000000
    db %00000000
    db %00001111
    db %00111011
    db %00111011
    db %01111111
    db %11101101
    db %11001101
    db %10011000
    db %00000000
    db %11000000
    db %11100000
    db %01110100
    db %00000100
    db %00110101
    db %00000101
    db %00000101
    db %00000101
    db %11010111
    db %01100111
    db %01100111
    db %00110111
    db %11110111
    db %11001111
    db %10101111

; Sprite   : 10
; Mode     : Mode : 1 sprite               
; TGS size : 32
; Address  : Start + #320
sprite10tgs:
    db %00000000
    db %00000000
    db %00000000
    db %00000000
    db %00000000
    db %10000000
    db %10000001
    db %10000011
    db %10000111
    db %11111111
    db %11001111
    db %11001111
    db %11001110
    db %11011110
    db %11111110
    db %11110010
    db %00000000
    db %00000000
    db %00000000
    db %00000000
    db %00000000
    db %00110000
    db %11111100
    db %11110111
    db %10111011
    db %11101100
    db %10110110
    db %00011110
    db %00001101
    db %00000111
    db %00000011
    db %00000001

; Sprite   : 11
; Mode     : Mode : 1 sprite               
; TGS size : 32
; Address  : Start + #352
sprite11tgs:
    db %00000000
    db %00000000
    db %00000000
    db %00000000
    db %00000000
    db %00000000
    db %00000000
    db %00000000
    db %11000000
    db %11110000
    db %00011000
    db %00001000
    db %00000100
    db %10000100
    db %11000100
    db %11100110
    db %00000000
    db %00000000
    db %00000000
    db %00000000
    db %00000000
    db %00000000
    db %00000000
    db %00000000
    db %00000000
    db %00000000
    db %00000000
    db %00000000
    db %00000000
    db %00000000
    db %00000000
    db %00000000

; Sprite   : 12
; Mode     : Mode : 1 sprite               
; TGS size : 32
; Address  : Start + #384
sprite12tgs:
    db %00111000
    db %00011100
    db %00001111
    db %00011111
    db %00010000
    db %00110000
    db %00100000
    db %01000000
    db %11000000
    db %00000000
    db %00000000
    db %00000000
    db %00000000
    db %00000000
    db %00000000
    db %00000000
    db %00000001
    db %00000011
    db %00000010
    db %11000010
    db %11111110
    db %01111111
    db %00001111
    db %00000001
    db %00000001
    db %00000000
    db %00000000
    db %00000000
    db %00000000
    db %00000000
    db %00000000
    db %00000000

; Sprite   : 13
; Mode     : Mode : 1 sprite               
; TGS size : 32
; Address  : Start + #416
sprite13tgs:
    db %10010000
    db %00100000
    db %01100001
    db %01000011
    db %01001101
    db %11111110
    db %11111000
    db %00000000
    db %00000000
    db %00000000
    db %00000000
    db %00000000
    db %00000000
    db %00000000
    db %00000000
    db %00000000
    db %11011111
    db %00111111
    db %01111111
    db %10011111
    db %00000000
    db %00000000
    db %00000000
    db %00000000
    db %00000000
    db %00000000
    db %00000000
    db %00000000
    db %00000000
    db %00000000
    db %00000000
    db %00000000

; Sprite   : 14
; Mode     : Mode : 1 sprite               
; TGS size : 32
; Address  : Start + #448
sprite14tgs:
    db %11110011
    db %11110001
    db %11110001
    db %11100001
    db %00000001
    db %00000010
    db %00000010
    db %00000010
    db %00000010
    db %00000000
    db %00000000
    db %00000000
    db %00000000
    db %00000000
    db %00000000
    db %00000000
    db %00000000
    db %00000000
    db %00000000
    db %00000000
    db %00000000
    db %00000000
    db %00000000
    db %00000000
    db %00000000
    db %00000000
    db %00000000
    db %00000000
    db %00000000
    db %00000000
    db %00000000
    db %00000000

; Sprite   : 15
; Mode     : Mode : 1 sprite               
; TGS size : 32
; Address  : Start + #480
sprite15tgs:
    db %11100010
    db %01100010
    db %00100000
    db %00100000
    db %00100000
    db %00110000
    db %01011000
    db %01001000
    db %01001000
    db %00000000
    db %00000000
    db %00000000
    db %00000000
    db %00000000
    db %00000000
    db %00000000
    db %00000000
    db %00000000
    db %00000000
    db %00000000
    db %00000000
    db %00000000
    db %00000000
    db %00000000
    db %00000000
    db %00000000
    db %00000000
    db %00000000
    db %00000000
    db %00000000
    db %00000000
    db %00000000

; Sprite   : 16
; Mode     : Mode : 1 sprite               
; TGS size : 32
; Address  : Start + #512
sprite16tgs:
    db %00000000
    db %00000000
    db %00000011
    db %00000110
    db %00001100
    db %00011000
    db %00110000
    db %01110000
    db %01100000
    db %11000000
    db %11000000
    db %10000000
    db %00000000
    db %01000000
    db %01000000
    db %00100000
    db %00001111
    db %11111000
    db %10010000
    db %00000000
    db %00000000
    db %00000000
    db %00000000
    db %00000000
    db %00000000
    db %00000000
    db %00000000
    db %00000000
    db %00000000
    db %00000000
    db %00000001
    db %00000001

; Sprite   : 17
; Mode     : Mode : 1 sprite               
; TGS size : 32
; Address  : Start + #544
sprite17tgs:
    db %11100000
    db %00011010
    db %00110111
    db %00100001
    db %00000000
    db %00000000
    db %00000000
    db %00000000
    db %00000000
    db %00000000
    db %00111110
    db %11111111
    db %11111111
    db %11111110
    db %11101001
    db %10000001
    db %00000000
    db %00000000
    db %11000000
    db %11100000
    db %01110000
    db %00000000
    db %00111000
    db %00001000
    db %00001000
    db %00001000
    db %00011000
    db %00001000
    db %10101111
    db %11111111
    db %11111111
    db %11001111

; Sprite   : 18
; Mode     : Mode : 1 sprite               
; TGS size : 32
; Address  : Start + #576
sprite18tgs:
    db %00000000
    db %00000000
    db %00000000
    db %00000000
    db %00000000
    db %00000000
    db %00000001
    db %00000001
    db %00100011
    db %01110111
    db %11111110
    db %11111110
    db %11101100
    db %11111100
    db %11111100
    db %11111111
    db %00000000
    db %00000000
    db %00000000
    db %00000000
    db %00000000
    db %00000000
    db %11110000
    db %00110000
    db %00010000
    db %11111000
    db %00111000
    db %00011101
    db %00001111
    db %00011110
    db %11110010
    db %11000011

; Sprite   : 19
; Mode     : Mode : 1 sprite               
; TGS size : 32
; Address  : Start + #608
sprite19tgs:
    db %00000000
    db %00000000
    db %00000000
    db %00000000
    db %00000000
    db %00000000
    db %00000000
    db %00000000
    db %00000000
    db %00000000
    db %11110000
    db %11111100
    db %00000111
    db %00000001
    db %00000000
    db %00000000
    db %00000000
    db %00000000
    db %00000000
    db %00000000
    db %00000000
    db %00000000
    db %00000000
    db %00000000
    db %00000000
    db %00000000
    db %00000000
    db %00000000
    db %00000000
    db %11100000
    db %00111000
    db %00001111

; Sprite   : 20
; Mode     : Mode : 1 sprite               
; TGS size : 32
; Address  : Start + #640
sprite20tgs:
    db %01100000
    db %00110000
    db %00011000
    db %00111110
    db %00100011
    db %01000000
    db %11000000
    db %10000001
    db %00000001
    db %00000000
    db %00000000
    db %00000000
    db %00000000
    db %00000000
    db %00000000
    db %00000000
    db %00000110
    db %00001100
    db %00001100
    db %00011000
    db %10101000
    db %11111100
    db %01111111
    db %10010000
    db %00010000
    db %00000000
    db %00000000
    db %00000000
    db %00000000
    db %00000000
    db %00000000
    db %00000000

; Sprite   : 21
; Mode     : Mode : 1 sprite               
; TGS size : 32
; Address  : Start + #672
sprite21tgs:
    db %00000001
    db %00000001
    db %00000000
    db %00000010
    db %00000111
    db %00011010
    db %11111100
    db %00000000
    db %00000000
    db %00000000
    db %00000000
    db %00000000
    db %00000000
    db %00000000
    db %00000000
    db %00000000
    db %01011111
    db %10111111
    db %01111111
    db %10111111
    db %00000000
    db %00000000
    db %00000000
    db %00000000
    db %00000000
    db %00000000
    db %00000000
    db %00000000
    db %00000000
    db %00000000
    db %00000000
    db %00000000

; Sprite   : 22
; Mode     : Mode : 1 sprite               
; TGS size : 32
; Address  : Start + #704
sprite22tgs:
    db %11111110
    db %11111100
    db %11111100
    db %11101100
    db %00101000
    db %01001000
    db %01001000
    db %01010000
    db %01010000
    db %00000000
    db %00000000
    db %00000000
    db %00000000
    db %00000000
    db %00000000
    db %00000000
    db %00000011
    db %00000011
    db %00000010
    db %00000010
    db %00000100
    db %00000100
    db %00001100
    db %00001000
    db %00010000
    db %00000000
    db %00000000
    db %00000000
    db %00000000
    db %00000000
    db %00000000
    db %00000000

; Sprite   : 23
; Mode     : Mode : 1 sprite               
; TGS size : 32
; Address  : Start + #736
sprite23tgs:
    db %00000000
    db %00000000
    db %10000000
    db %10000000
    db %01000000
    db %01000000
    db %01100000
    db %00100000
    db %00100000
    db %00000000
    db %00000000
    db %00000000
    db %00000000
    db %00000000
    db %00000000
    db %00000000
    db %00000010
    db %00000001
    db %00000000
    db %00000000
    db %00000000
    db %00000000
    db %00000000
    db %00000000
    db %00000000
    db %00000000
    db %00000000
    db %00000000
    db %00000000
    db %00000000
    db %00000000
    db %00000000

; Sprite   : 24
; Mode     : Mode : 1 sprite               
; TGS size : 32
; Address  : Start + #768
sprite24tgs:
    db %00000000
    db %00000000
    db %00000001
    db %00000111
    db %00001100
    db %00011000
    db %00110000
    db %01100000
    db %01100000
    db %11000000
    db %10000000
    db %10000000
    db %00000000
    db %00000000
    db %00000000
    db %00000000
    db %00000000
    db %01111111
    db %11110000
    db %00100000
    db %00000000
    db %00000000
    db %00000000
    db %00000000
    db %00000000
    db %00000000
    db %00000000
    db %00000000
    db %00000001
    db %00000011
    db %00000111
    db %00001111

; Sprite   : 25
; Mode     : Mode : 1 sprite               
; TGS size : 32
; Address  : Start + #800
sprite25tgs:
    db %00000000
    db %11001100
    db %00110101
    db %01101111
    db %01000011
    db %00000000
    db %00000000
    db %00000000
    db %00000000
    db %00000000
    db %00000000
    db %00011000
    db %11111110
    db %11111111
    db %10111111
    db %01010011
    db %00000000
    db %00000000
    db %00000000
    db %10000000
    db %11000000
    db %11100000
    db %00010000
    db %01110000
    db %00010000
    db %00011000
    db %00011000
    db %00111001
    db %00011111
    db %01011111
    db %11111111
    db %11111111

; Sprite   : 26
; Mode     : Mode : 1 sprite               
; TGS size : 32
; Address  : Start + #832
sprite26tgs:
    db %00000000
    db %00000000
    db %00000000
    db %00000000
    db %00000000
    db %00000011
    db %00000111
    db %00000110
    db %11000110
    db %11111111
    db %11111110
    db %11111100
    db %11111000
    db %11111000
    db %11111000
    db %11111000
    db %00000000
    db %00000000
    db %00000000
    db %00000000
    db %00000000
    db %11000000
    db %01000000
    db %01100000
    db %00100000
    db %11110000
    db %00110000
    db %00111000
    db %00001000
    db %00001100
    db %00001110
    db %00001111

; Sprite   : 27
; Mode     : Mode : 1 sprite               
; TGS size : 32
; Address  : Start + #864
sprite27tgs:
    db %00000000
    db %00000000
    db %00000000
    db %00000000
    db %00000000
    db %00000000
    db %00000000
    db %00000000
    db %00000000
    db %00000000
    db %00000000
    db %00000000
    db %00000000
    db %00000000
    db %01110000
    db %11111110
    db %00000000
    db %00000000
    db %00000000
    db %00000000
    db %00000000
    db %00000000
    db %00000000
    db %00000000
    db %00000000
    db %00000000
    db %00000000
    db %00000000
    db %00000000
    db %00000000
    db %00000000
    db %00000000

; Sprite   : 28
; Mode     : Mode : 1 sprite               
; TGS size : 32
; Address  : Start + #896
sprite28tgs:
    db %00000000
    db %10000000
    db %01000001
    db %00100001
    db %00101011
    db %00000011
    db %00000010
    db %00000100
    db %00000100
    db %00000000
    db %00000000
    db %00000000
    db %00000000
    db %00000000
    db %00000000
    db %00000000
    db %01111000
    db %11111000
    db %11100000
    db %01000000
    db %10000000
    db %00000000
    db %11110000
    db %00111111
    db %00000000
    db %00000000
    db %00000000
    db %00000000
    db %00000000
    db %00000000
    db %00000000
    db %00000000

; Sprite   : 29
; Mode     : Mode : 1 sprite               
; TGS size : 32
; Address  : Start + #928
sprite29tgs:
    db %00001110
    db %00000101
    db %00000110
    db %00000001
    db %00001011
    db %00011110
    db %01101100
    db %10000000
    db %00000000
    db %00000000
    db %00000000
    db %00000000
    db %00000000
    db %00000000
    db %00000000
    db %00000000
    db %11111111
    db %01111111
    db %11111111
    db %11111111
    db %00000001
    db %00000001
    db %00000001
    db %00000011
    db %00000011
    db %00000000
    db %00000000
    db %00000000
    db %00000000
    db %00000000
    db %00000000
    db %00000000

; Sprite   : 30
; Mode     : Mode : 1 sprite               
; TGS size : 32
; Address  : Start + #960
sprite30tgs:
    db %11100011
    db %11111111
    db %11110000
    db %11100000
    db %00100000
    db %00100000
    db %00100000
    db %01100000
    db %01100000
    db %00000000
    db %00000000
    db %00000000
    db %00000000
    db %00000000
    db %00000000
    db %00000000
    db %11111100
    db %00011100
    db %00011010
    db %00010010
    db %00010011
    db %00100011
    db %00100001
    db %01000001
    db %01000000
    db %00000000
    db %00000000
    db %00000000
    db %00000000
    db %00000000
    db %00000000
    db %00000000

; Sprite   : 31
; Mode     : Mode : 1 sprite               
; TGS size : 32
; Address  : Start + #992
sprite31tgs:
    db %00011100
    db %00000111
    db %00000000
    db %00000000
    db %00000000
    db %00000000
    db %00000000
    db %00000000
    db %10000000
    db %00000000
    db %00000000
    db %00000000
    db %00000000
    db %00000000
    db %00000000
    db %00000000
    db %00000000
    db %00000000
    db %11100000
    db %01110000
    db %00011000
    db %00000100
    db %00000010
    db %00000001
    db %00000000
    db %00000000
    db %00000000
    db %00000000
    db %00000000
    db %00000000
    db %00000000
    db %00000000

; Sprite   : 32
; Mode     : Mode : 1 sprite               
; TGS size : 32
; Address  : Start + #1024
sprite32tgs:
    db %00000000
    db %00000000
    db %00000110
    db %00001000
    db %00010000
    db %00100000
    db %01000000
    db %11000000
    db %10000000
    db %00000000
    db %00000000
    db %00000000
    db %00000000
    db %00000000
    db %00000000
    db %00000000
    db %00011111
    db %11100000
    db %01000000
    db %00000000
    db %00000000
    db %00000000
    db %00000000
    db %00000000
    db %00000000
    db %00000000
    db %00000000
    db %00000000
    db %00000001
    db %00000011
    db %00001111
    db %00001110

; Sprite   : 33
; Mode     : Mode : 1 sprite               
; TGS size : 32
; Address  : Start + #1056
sprite33tgs:
    db %10111000
    db %01101010
    db %11011111
    db %10000111
    db %00000001
    db %00000000
    db %00000000
    db %00000000
    db %00000000
    db %00000000
    db %00011111
    db %00111011
    db %11100000
    db %11111000
    db %11111111
    db %00001111
    db %00000000
    db %00000000
    db %10000000
    db %11000000
    db %11100000
    db %00110000
    db %11110000
    db %00111000
    db %00111011
    db %00111011
    db %01111011
    db %00111011
    db %11111111
    db %11111111
    db %11111111
    db %00111111

; Sprite   : 34
; Mode     : Mode : 1 sprite               
; TGS size : 32
; Address  : Start + #1088
sprite34tgs:
    db %00000000
    db %00000000
    db %00000000
    db %00000000
    db %00000000
    db %00000011
    db %00000111
    db %00001100
    db %00001100
    db %00111111
    db %00111100
    db %01111000
    db %11111000
    db %11010000
    db %11110000
    db %11111011
    db %00000000
    db %00000000
    db %00000000
    db %00000000
    db %00000000
    db %10000000
    db %10000000
    db %11000000
    db %11000000
    db %11100000
    db %01100000
    db %00110001
    db %00111111
    db %00111110
    db %01111100
    db %11001110

; Sprite   : 35
; Mode     : Mode : 1 sprite               
; TGS size : 32
; Address  : Start + #1120
sprite35tgs:
    db %00000000
    db %00000000
    db %00000000
    db %00000000
    db %00000000
    db %00000000
    db %00000000
    db %00000000
    db %00000000
    db %00000000
    db %00000000
    db %11100000
    db %11110000
    db %00011000
    db %00001100
    db %00000110
    db %00000000
    db %00000000
    db %00000000
    db %00000000
    db %00000000
    db %00000000
    db %00000000
    db %00000000
    db %00000000
    db %00000000
    db %00000000
    db %00000000
    db %00000000
    db %00000000
    db %00000000
    db %00000000

; Sprite   : 36
; Mode     : Mode : 1 sprite               
; TGS size : 32
; Address  : Start + #1152
sprite36tgs:
    db %01000000
    db %00100000
    db %00010001
    db %00001101
    db %00000001
    db %00000010
    db %00000110
    db %00000100
    db %00000100
    db %00000000
    db %00000000
    db %00000000
    db %00000000
    db %00000000
    db %00000000
    db %00000000
    db %00011000
    db %01110000
    db %11100000
    db %00100000
    db %01000000
    db %11111000
    db %00111111
    db %00000000
    db %00000000
    db %00000000
    db %00000000
    db %00000000
    db %00000000
    db %00000000
    db %00000000
    db %00000000

; Sprite   : 37
; Mode     : Mode : 1 sprite               
; TGS size : 32
; Address  : Start + #1184
sprite37tgs:
    db %00000111
    db %00000011
    db %00000000
    db %00000101
    db %00001111
    db %00110111
    db %11111110
    db %00000000
    db %00000000
    db %00000000
    db %00000000
    db %00000000
    db %00000000
    db %00000000
    db %00000000
    db %00000000
    db %10111111
    db %01111111
    db %11111111
    db %11111111
    db %10000111
    db %00000001
    db %00000010
    db %00000010
    db %00000010
    db %00000000
    db %00000000
    db %00000000
    db %00000000
    db %00000000
    db %00000000
    db %00000000

; Sprite   : 38
; Mode     : Mode : 1 sprite               
; TGS size : 32
; Address  : Start + #1216
sprite38tgs:
    db %11111111
    db %11111100
    db %11111000
    db %11111000
    db %11110000
    db %00010000
    db %00010000
    db %00100000
    db %00100000
    db %00000000
    db %00000000
    db %00000000
    db %00000000
    db %00000000
    db %00000000
    db %00000000
    db %00001011
    db %00001101
    db %00001001
    db %00001001
    db %00011001
    db %00010000
    db %00110000
    db %00100000
    db %00100000
    db %00000000
    db %00000000
    db %00000000
    db %00000000
    db %00000000
    db %00000000
    db %00000000

; Sprite   : 39
; Mode     : Mode : 1 sprite               
; TGS size : 32
; Address  : Start + #1248
sprite39tgs:
    db %00000011
    db %00000001
    db %00000000
    db %00000000
    db %00000000
    db %10000000
    db %10000000
    db %10000000
    db %11000000
    db %00000000
    db %00000000
    db %00000000
    db %00000000
    db %00000000
    db %00000000
    db %00000000
    db %00000000
    db %10000000
    db %11000000
    db %01100000
    db %00110000
    db %00010000
    db %00001000
    db %00001000
    db %00001000
    db %00000000
    db %00000000
    db %00000000
    db %00000000
    db %00000000
    db %00000000
    db %00000000

; Sprite   : 40
; Mode     : Mode : 1 sprite               
; TGS size : 32
; Address  : Start + #1280
sprite40tgs:
    db %00000000
    db %00000001
    db %00000100
    db %00001000
    db %00010000
    db %00100000
    db %01100000
    db %01000000
    db %10000000
    db %10000000
    db %00000000
    db %00000000
    db %10000000
    db %00000000
    db %01000000
    db %00100000
    db %00110000
    db %00100000
    db %00000000
    db %00000000
    db %00000000
    db %00000000
    db %00000000
    db %00000000
    db %00000000
    db %00000000
    db %00000000
    db %00000000
    db %00000000
    db %00000001
    db %00000011
    db %00011111

; Sprite   : 41
; Mode     : Mode : 1 sprite               
; TGS size : 32
; Address  : Start + #1312
sprite41tgs:
    db %00110100
    db %01101111
    db %01000011
    db %00000000
    db %00000000
    db %00000000
    db %00000000
    db %00000000
    db %00000000
    db %00000000
    db %00000000
    db %00010000
    db %00111101
    db %01010011
    db %11100011
    db %01111111
    db %00000000
    db %10000000
    db %11000000
    db %11100000
    db %00010110
    db %01111110
    db %00011110
    db %00111110
    db %01111110
    db %01111110
    db %11011110
    db %11011110
    db %01111111
    db %11111111
    db %10011111
    db %01011111

; Sprite   : 42
; Mode     : Mode : 1 sprite               
; TGS size : 32
; Address  : Start + #1344
sprite42tgs:
    db %00000000
    db %00000000
    db %00000000
    db %00000000
    db %00000110
    db %00011111
    db %00011001
    db %01110000
    db %11110111
    db %11111111
    db %11111000
    db %11111100
    db %11111110
    db %11110110
    db %11100011
    db %11110111
    db %00000000
    db %00000000
    db %00000000
    db %00000000
    db %00000000
    db %00000000
    db %10000000
    db %11000000
    db %11000000
    db %11100000
    db %11110111
    db %11011111
    db %01111000
    db %01111100
    db %11110110
    db %00110010

; Sprite   : 43
; Mode     : Mode : 1 sprite               
; TGS size : 32
; Address  : Start + #1376
sprite43tgs:
    db %00000000
    db %00000000
    db %00000000
    db %00000000
    db %00000000
    db %00000000
    db %00000000
    db %00000000
    db %00000000
    db %00000000
    db %11000000
    db %11100000
    db %00110000
    db %00110000
    db %00011000
    db %00001100
    db %00000000
    db %00000000
    db %00000000
    db %00000000
    db %00000000
    db %00000000
    db %00000000
    db %00000000
    db %00000000
    db %00000000
    db %00000000
    db %00000000
    db %00000000
    db %00000000
    db %00000000
    db %00000000

; Sprite   : 44
; Mode     : Mode : 1 sprite               
; TGS size : 32
; Address  : Start + #1408
sprite44tgs:
    db %00110000
    db %00011000
    db %00001111
    db %00000111
    db %00001000
    db %00001000
    db %00011000
    db %00010000
    db %00010000
    db %00000000
    db %00000000
    db %00000000
    db %00000000
    db %00000000
    db %00000000
    db %00000000
    db %00111000
    db %11100000
    db %10000000
    db %10000000
    db %11111100
    db %01111111
    db %00001111
    db %00000000
    db %00000000
    db %00000000
    db %00000000
    db %00000000
    db %00000000
    db %00000000
    db %00000000
    db %00000000

; Sprite   : 45
; Mode     : Mode : 1 sprite               
; TGS size : 32
; Address  : Start + #1440
sprite45tgs:
    db %00011111
    db %00000001
    db %00000010
    db %00000111
    db %00011011
    db %11111111
    db %11111000
    db %11000000
    db %01000000
    db %00000000
    db %00000000
    db %00000000
    db %00000000
    db %00000000
    db %00000000
    db %00000000
    db %10111111
    db %01111111
    db %11111111
    db %11111111
    db %10010000
    db %00010000
    db %00100000
    db %00100000
    db %00100000
    db %00000000
    db %00000000
    db %00000000
    db %00000000
    db %00000000
    db %00000000
    db %00000000

; Sprite   : 46
; Mode     : Mode : 1 sprite               
; TGS size : 32
; Address  : Start + #1472
sprite46tgs:
    db %11111110
    db %11111010
    db %11111100
    db %11110100
    db %00001000
    db %00000000
    db %00000000
    db %00000000
    db %00000000
    db %00000000
    db %00000000
    db %00000000
    db %00000000
    db %00000000
    db %00000000
    db %00000000
    db %00010010
    db %00010100
    db %00010100
    db %00011000
    db %00111000
    db %00110000
    db %00110000
    db %00100000
    db %00100000
    db %00000000
    db %00000000
    db %00000000
    db %00000000
    db %00000000
    db %00000000
    db %00000000

; Sprite   : 47
; Mode     : Mode : 1 sprite               
; TGS size : 32
; Address  : Start + #1504
sprite47tgs:
    db %00001110
    db %00000110
    db %00000011
    db %00000001
    db %00000001
    db %00000001
    db %00000001
    db %00000001
    db %00000001
    db %00000000
    db %00000000
    db %00000000
    db %00000000
    db %00000000
    db %00000000
    db %00000000
    db %00000000
    db %00000000
    db %00000000
    db %00000000
    db %00000000
    db %00000000
    db %00000000
    db %00000000
    db %00000000
    db %00000000
    db %00000000
    db %00000000
    db %00000000
    db %00000000
    db %00000000
    db %00000000

; Sprite   : 48
; Mode     : Mode : 1 sprite               
; TGS size : 32
; Address  : Start + #1536
sprite48tgs:
    db %00000000
    db %00000000
    db %00000010
    db %00000100
    db %00001000
    db %00010000
    db %00110000
    db %01100000
    db %01000000
    db %11000000
    db %10000000
    db %10000000
    db %01000000
    db %01000000
    db %00100000
    db %00110000
    db %00111000
    db %10010000
    db %00000000
    db %00000000
    db %00000000
    db %00000000
    db %00000000
    db %00000000
    db %00000000
    db %00000000
    db %00000000
    db %00000000
    db %00000000
    db %00000000
    db %00000000
    db %00001111

; Sprite   : 49
; Mode     : Mode : 1 sprite               
; TGS size : 32
; Address  : Start + #1568
sprite49tgs:
    db %00011010
    db %00110111
    db %00100001
    db %00000000
    db %00000000
    db %00000000
    db %00000000
    db %00000000
    db %00000000
    db %00000000
    db %00000000
    db %00001000
    db %00011110
    db %10101001
    db %00000001
    db %11100000
    db %00000000
    db %11000000
    db %11100000
    db %01110000
    db %00000001
    db %00110001
    db %00001011
    db %00001111
    db %00001111
    db %00011101
    db %00001101
    db %00101101
    db %00111111
    db %11111111
    db %11011111
    db %10111111

; Sprite   : 50
; Mode     : Mode : 1 sprite               
; TGS size : 32
; Address  : Start + #1600
sprite50tgs:
    db %00000000
    db %00000000
    db %00000000
    db %00000000
    db %00001111
    db %10011111
    db %10110000
    db %00110000
    db %00110111
    db %01111111
    db %01101110
    db %01111110
    db %11111001
    db %11110001
    db %11100001
    db %11110110
    db %00000000
    db %00000000
    db %00000000
    db %00000000
    db %00000000
    db %10000000
    db %11100000
    db %00111000
    db %00011110
    db %10000111
    db %10001111
    db %11011000
    db %11110000
    db %11100000
    db %11100000
    db %11110000

; Sprite   : 51
; Mode     : Mode : 1 sprite               
; TGS size : 32
; Address  : Start + #1632
sprite51tgs:
    db %00000000
    db %00000000
    db %00000000
    db %00000000
    db %00000000
    db %00000000
    db %00000000
    db %00000000
    db %00000000
    db %00000000
    db %11000000
    db %11000000
    db %11100000
    db %10110000
    db %10011000
    db %00001000
    db %00000000
    db %00000000
    db %00000000
    db %00000000
    db %00000000
    db %00000000
    db %00000000
    db %00000000
    db %00000000
    db %00000000
    db %00000000
    db %00000000
    db %00000000
    db %00000000
    db %00000000
    db %00000000

; Sprite   : 52
; Mode     : Mode : 1 sprite               
; TGS size : 32
; Address  : Start + #1664
sprite52tgs:
    db %00111000
    db %00011101
    db %00000111
    db %00001111
    db %00010000
    db %00010000
    db %00100000
    db %00100000
    db %01000000
    db %00000000
    db %00000000
    db %00000000
    db %00000000
    db %00000000
    db %00000000
    db %00000000
    db %00111110
    db %11110000
    db %10000000
    db %11000000
    db %11111110
    db %00111111
    db %00001111
    db %00000001
    db %00000001
    db %00000000
    db %00000000
    db %00000000
    db %00000000
    db %00000000
    db %00000000
    db %00000000

; Sprite   : 53
; Mode     : Mode : 1 sprite               
; TGS size : 32
; Address  : Start + #1696
sprite53tgs:
    db %11111110
    db %00000111
    db %00000001
    db %00000011
    db %00001101
    db %11111111
    db %11111010
    db %00000010
    db %00000010
    db %00000000
    db %00000000
    db %00000000
    db %00000000
    db %00000000
    db %00000000
    db %00000000
    db %11011111
    db %11111111
    db %01111111
    db %11011111
    db %10000000
    db %00000000
    db %00000000
    db %00000000
    db %00000000
    db %00000000
    db %00000000
    db %00000000
    db %00000000
    db %00000000
    db %00000000
    db %00000000

; Sprite   : 54
; Mode     : Mode : 1 sprite               
; TGS size : 32
; Address  : Start + #1728
sprite54tgs:
    db %11111100
    db %11111000
    db %11111000
    db %11110001
    db %00000001
    db %00000000
    db %00000000
    db %00000000
    db %00000000
    db %00000000
    db %00000000
    db %00000000
    db %00000000
    db %00000000
    db %00000000
    db %00000000
    db %10110001
    db %10110001
    db %10100000
    db %00100000
    db %00100000
    db %00100000
    db %00100000
    db %01000000
    db %01000000
    db %00000000
    db %00000000
    db %00000000
    db %00000000
    db %00000000
    db %00000000
    db %00000000

; Sprite   : 55
; Mode     : Mode : 1 sprite               
; TGS size : 32
; Address  : Start + #1760
sprite55tgs:
    db %00001100
    db %00000110
    db %00000110
    db %00000010
    db %00000010
    db %00000110
    db %00000100
    db %00000100
    db %00000100
    db %00000000
    db %00000000
    db %00000000
    db %00000000
    db %00000000
    db %00000000
    db %00000000
    db %00000000
    db %00000000
    db %00000000
    db %00000000
    db %00000000
    db %00000000
    db %00000000
    db %00000000
    db %00000000
    db %00000000
    db %00000000
    db %00000000
    db %00000000
    db %00000000
    db %00000000
    db %00000000

; Sprite   : 56
; Mode     : Mode : 1 sprite               
; TGS size : 32
; Address  : Start + #1792
sprite56tgs:
    db %00000000
    db %00000000
    db %00000010
    db %00000100
    db %00001000
    db %00010000
    db %00110000
    db %01100000
    db %01000000
    db %11000000
    db %10000000
    db %10000000
    db %01000000
    db %01000000
    db %00100000
    db %00110000
    db %00111000
    db %10010000
    db %00000000
    db %00000000
    db %00000000
    db %00000000
    db %00000000
    db %00000000
    db %00000000
    db %00000000
    db %00000000
    db %00000000
    db %00000000
    db %00000000
    db %00000000
    db %00001111

; Sprite   : 57
; Mode     : Mode : 1 sprite               
; TGS size : 32
; Address  : Start + #1824
sprite57tgs:
    db %00011010
    db %00110111
    db %00100001
    db %00000000
    db %00000000
    db %00000000
    db %00000000
    db %00000000
    db %00000000
    db %00000000
    db %00000000
    db %00001000
    db %00011110
    db %10101001
    db %00000001
    db %11000000
    db %00000000
    db %11000000
    db %11100000
    db %01110000
    db %00000000
    db %00111000
    db %00001000
    db %00001000
    db %00001000
    db %00011000
    db %00001000
    db %00101000
    db %00111111
    db %11111111
    db %11001111
    db %10101111

; Sprite   : 58
; Mode     : Mode : 1 sprite               
; TGS size : 32
; Address  : Start + #1856
sprite58tgs:
    db %00000000
    db %00000000
    db %00000000
    db %00000000
    db %00000000
    db %00000000
    db %00000000
    db %00000000
    db %00010111
    db %00111111
    db %00111101
    db %00111111
    db %11111111
    db %11111111
    db %11111110
    db %11111100
    db %00000000
    db %00000000
    db %00000000
    db %00000000
    db %00000000
    db %00000000
    db %00000000
    db %01111110
    db %11111111
    db %10111100
    db %11100110
    db %11100110
    db %10110010
    db %10011011
    db %10001101
    db %11000111

; Sprite   : 59
; Mode     : Mode : 1 sprite               
; TGS size : 32
; Address  : Start + #1888
sprite59tgs:
    db %00000000
    db %00000000
    db %00000000
    db %00000000
    db %00000000
    db %00000000
    db %00000000
    db %00000000
    db %10000000
    db %11100000
    db %00111000
    db %00001110
    db %00000011
    db %00000001
    db %00000000
    db %10000000
    db %00000000
    db %00000000
    db %00000000
    db %00000000
    db %00000000
    db %00000000
    db %00000000
    db %00000000
    db %00000000
    db %00000000
    db %00000000
    db %00000000
    db %10000000
    db %11000000
    db %00100000
    db %00100000

; Sprite   : 60
; Mode     : Mode : 1 sprite               
; TGS size : 32
; Address  : Start + #1920
sprite60tgs:
    db %00111000
    db %00011111
    db %00011111
    db %00111011
    db %00100000
    db %01000000
    db %10000000
    db %00000000
    db %00000000
    db %00000000
    db %00000000
    db %00000000
    db %00000000
    db %00000000
    db %00000000
    db %00000000
    db %00111111
    db %11100000
    db %00000000
    db %11000000
    db %11111110
    db %00111111
    db %00101111
    db %00100000
    db %00010000
    db %00000000
    db %00000000
    db %00000000
    db %00000000
    db %00000000
    db %00000000
    db %00000000

; Sprite   : 61
; Mode     : Mode : 1 sprite               
; TGS size : 32
; Address  : Start + #1952
sprite61tgs:
    db %11111100
    db %00011111
    db %00000001
    db %00000011
    db %00001101
    db %11111111
    db %11111000
    db %10000000
    db %00000000
    db %00000000
    db %00000000
    db %00000000
    db %00000000
    db %00000000
    db %00000000
    db %00000000
    db %11011111
    db %11111111
    db %01111111
    db %11011111
    db %10000000
    db %00000000
    db %00000000
    db %00000000
    db %00000000
    db %00000000
    db %00000000
    db %00000000
    db %00000000
    db %00000000
    db %00000000
    db %00000000

; Sprite   : 62
; Mode     : Mode : 1 sprite               
; TGS size : 32
; Address  : Start + #1984
sprite62tgs:
    db %11111110
    db %11111110
    db %11111101
    db %11110101
    db %00000101
    db %00000101
    db %00000110
    db %00001010
    db %00001110
    db %00000000
    db %00000000
    db %00000000
    db %00000000
    db %00000000
    db %00000000
    db %00000000
    db %11000011
    db %10000001
    db %00000000
    db %00000000
    db %00000000
    db %00000000
    db %00000000
    db %00000001
    db %00000001
    db %00000000
    db %00000000
    db %00000000
    db %00000000
    db %00000000
    db %00000000
    db %00000000

; Sprite   : 63
; Mode     : Mode : 1 sprite               
; TGS size : 32
; Address  : Start + #2016
sprite63tgs:
    db %11000000
    db %11000000
    db %11100000
    db %01000000
    db %01100000
    db %11110000
    db %10010000
    db %00001000
    db %00001000
    db %00000000
    db %00000000
    db %00000000
    db %00000000
    db %00000000
    db %00000000
    db %00000000
    db %00110000
    db %00010000
    db %00001000
    db %00001000
    db %00000000
    db %00000000
    db %00000000
    db %00000000
    db %00000000
    db %00000000
    db %00000000
    db %00000000
    db %00000000
    db %00000000
    db %00000000
    db %00000000

; Sprite   : 64
; Mode     : Mode : 1 sprite               
; TGS size : 32
; Address  : Start + #2048
sprite64tgs:
    db %00000000
    db %00000000
    db %00000001
    db %00000110
    db %00001100
    db %00011000
    db %00010000
    db %00110000
    db %01100000
    db %11000000
    db %11000000
    db %10000000
    db %10000000
    db %01000000
    db %01000000
    db %00100000
    db %00001111
    db %01111000
    db %10010000
    db %00000000
    db %00000000
    db %00000000
    db %00000000
    db %00000000
    db %00000000
    db %00000000
    db %00000000
    db %00000000
    db %00000000
    db %00000000
    db %00000111
    db %01111111

; Sprite   : 65
; Mode     : Mode : 1 sprite               
; TGS size : 32
; Address  : Start + #2080
sprite65tgs:
    db %11100000
    db %00011010
    db %00110111
    db %00100001
    db %00000000
    db %00000000
    db %00000000
    db %00000000
    db %00000000
    db %00000000
    db %00000000
    db %00000000
    db %00001000
    db %00011110
    db %10101001
    db %11111001
    db %00000000
    db %00000000
    db %11000000
    db %11100000
    db %01110000
    db %00000000
    db %00111000
    db %00001000
    db %00001000
    db %00001000
    db %00011000
    db %00001000
    db %00101111
    db %00111111
    db %11111111
    db %11001111

; Sprite   : 66
; Mode     : Mode : 1 sprite               
; TGS size : 32
; Address  : Start + #2112
sprite66tgs:
    db %00000000
    db %00000000
    db %00000000
    db %00000000
    db %00000000
    db %00000000
    db %00000000
    db %00000000
    db %00100111
    db %00110111
    db %01111111
    db %01011111
    db %11011101
    db %11111101
    db %11111001
    db %11111011
    db %00000000
    db %00000000
    db %00000000
    db %00000000
    db %00000000
    db %00000000
    db %00000000
    db %11110000
    db %10110000
    db %00011000
    db %00001000
    db %10001101
    db %11001111
    db %01111110
    db %11110011
    db %11110001

; Sprite   : 67
; Mode     : Mode : 1 sprite               
; TGS size : 32
; Address  : Start + #2144
sprite67tgs:
    db %00000000
    db %00000000
    db %00000000
    db %00000000
    db %00000000
    db %00000000
    db %00000000
    db %00000000
    db %00000000
    db %00000000
    db %00000000
    db %11110000
    db %01111100
    db %00001110
    db %00000011
    db %00000000
    db %00000000
    db %00000000
    db %00000000
    db %00000000
    db %00000000
    db %00000000
    db %00000000
    db %00000000
    db %00000000
    db %00000000
    db %00000000
    db %00000000
    db %00000000
    db %00000000
    db %11000000
    db %11110000

; Sprite   : 68
; Mode     : Mode : 1 sprite               
; TGS size : 32
; Address  : Start + #2176
sprite68tgs:
    db %00110001
    db %00011111
    db %00111100
    db %00100111
    db %01000001
    db %10000000
    db %00000000
    db %00000000
    db %00000000
    db %00000000
    db %00000000
    db %00000000
    db %00000000
    db %00000000
    db %00000000
    db %00000000
    db %11110000
    db %00000000
    db %00000000
    db %00000000
    db %11000000
    db %11111110
    db %01011111
    db %01000010
    db %01000010
    db %00000000
    db %00000000
    db %00000000
    db %00000000
    db %00000000
    db %00000000
    db %00000000

; Sprite   : 69
; Mode     : Mode : 1 sprite               
; TGS size : 32
; Address  : Start + #2208
sprite69tgs:
    db %00111111
    db %00000011
    db %00000000
    db %00000001
    db %00000011
    db %00001101
    db %11111110
    db %00000000
    db %00000000
    db %00000000
    db %00000000
    db %00000000
    db %00000000
    db %00000000
    db %00000000
    db %00000000
    db %10101111
    db %11111111
    db %00111111
    db %01011111
    db %10000000
    db %00000000
    db %00000000
    db %00000000
    db %00000000
    db %00000000
    db %00000000
    db %00000000
    db %00000000
    db %00000000
    db %00000000
    db %00000000

; Sprite   : 70
; Mode     : Mode : 1 sprite               
; TGS size : 32
; Address  : Start + #2240
sprite70tgs:
    db %11111111
    db %11111110
    db %11111010
    db %11111110
    db %00011100
    db %00011100
    db %00011000
    db %00011000
    db %00011000
    db %00000000
    db %00000000
    db %00000000
    db %00000000
    db %00000000
    db %00000000
    db %00000000
    db %00011001
    db %00001000
    db %00000100
    db %00000110
    db %00000011
    db %00000001
    db %00000001
    db %00000010
    db %00000010
    db %00000000
    db %00000000
    db %00000000
    db %00000000
    db %00000000
    db %00000000
    db %00000000

; Sprite   : 71
; Mode     : Mode : 1 sprite               
; TGS size : 32
; Address  : Start + #2272
sprite71tgs:
    db %10000000
    db %10000000
    db %11000000
    db %10000000
    db %00000000
    db %00000000
    db %00000000
    db %10000000
    db %11000000
    db %00000000
    db %00000000
    db %00000000
    db %00000000
    db %00000000
    db %00000000
    db %00000000
    db %00111000
    db %00001100
    db %00000110
    db %00000011
    db %00000001
    db %00000000
    db %00000000
    db %00000000
    db %00000000
    db %00000000
    db %00000000
    db %00000000
    db %00000000
    db %00000000
    db %00000000
    db %00000000

; Sprite   : 72
; Mode     : Mode : 1 sprite               
; TGS size : 32
; Address  : Start + #2304
sprite72tgs:
    db %00000000
    db %00000000
    db %00000001
    db %00000111
    db %00001100
    db %00011000
    db %00110000
    db %01100000
    db %01100000
    db %11000000
    db %10000000
    db %10000000
    db %00000000
    db %00000000
    db %00000000
    db %00000001
    db %00000000
    db %01111111
    db %11110000
    db %00100000
    db %00000000
    db %00000000
    db %00000000
    db %00000000
    db %00000000
    db %00000000
    db %00000000
    db %00000001
    db %00000111
    db %00011110
    db %01110000
    db %11000001

; Sprite   : 73
; Mode     : Mode : 1 sprite               
; TGS size : 32
; Address  : Start + #2336
sprite73tgs:
    db %00000000
    db %11001110
    db %00110101
    db %01101111
    db %01000011
    db %00000000
    db %00000000
    db %00000000
    db %00000000
    db %00000000
    db %00000000
    db %10000000
    db %11100000
    db %00111000
    db %00111100
    db %01010111
    db %00000000
    db %00000000
    db %10000000
    db %11000000
    db %11100000
    db %11110000
    db %00010000
    db %01111000
    db %00011000
    db %00011000
    db %00011000
    db %00111001
    db %00011111
    db %01011111
    db %01111111
    db %11111111

; Sprite   : 74
; Mode     : Mode : 1 sprite               
; TGS size : 32
; Address  : Start + #2368
sprite74tgs:
    db %00000000
    db %00000000
    db %00000000
    db %00000000
    db %00000000
    db %00000000
    db %00000000
    db %11000001
    db %11000111
    db %11001111
    db %11101111
    db %11111111
    db %11111101
    db %11111001
    db %11111011
    db %11110011
    db %00000000
    db %00000000
    db %00000000
    db %00000000
    db %00000000
    db %00000000
    db %01000000
    db %11110000
    db %00110000
    db %00110000
    db %00011001
    db %10001111
    db %10011110
    db %11111100
    db %11100110
    db %11100110

; Sprite   : 75
; Mode     : Mode : 1 sprite               
; TGS size : 32
; Address  : Start + #2400
sprite75tgs:
    db %00000000
    db %00000000
    db %00000000
    db %00000000
    db %00000000
    db %00000000
    db %00000000
    db %00000000
    db %00000000
    db %00000000
    db %11100000
    db %11110000
    db %00011100
    db %00001110
    db %00000011
    db %00000001
    db %00000000
    db %00000000
    db %00000000
    db %00000000
    db %00000000
    db %00000000
    db %00000000
    db %00000000
    db %00000000
    db %00000000
    db %00000000
    db %00000000
    db %00000000
    db %00000000
    db %10000000
    db %11000000

; Sprite   : 76
; Mode     : Mode : 1 sprite               
; TGS size : 32
; Address  : Start + #2432
sprite76tgs:
    db %00000001
    db %00100010
    db %00010110
    db %00001100
    db %00001010
    db %00001001
    db %00000001
    db %00000001
    db %00000001
    db %00000000
    db %00000000
    db %00000000
    db %00000000
    db %00000000
    db %00000000
    db %00000000
    db %10000000
    db %00000000
    db %00000000
    db %00000000
    db %00000000
    db %10000000
    db %00111100
    db %00001111
    db %00000000
    db %00000000
    db %00000000
    db %00000000
    db %00000000
    db %00000000
    db %00000000
    db %00000000

; Sprite   : 77
; Mode     : Mode : 1 sprite               
; TGS size : 32
; Address  : Start + #2464
sprite77tgs:
    db %00000011
    db %00000001
    db %00000001
    db %00000001
    db %00000011
    db %00000111
    db %00011011
    db %11100000
    db %00000000
    db %00000000
    db %00000000
    db %00000000
    db %00000000
    db %00000000
    db %00000000
    db %00000000
    db %11111111
    db %01111111
    db %11111111
    db %11111111
    db %11000000
    db %10000000
    db %00000000
    db %00000000
    db %00000000
    db %00000000
    db %00000000
    db %00000000
    db %00000000
    db %00000000
    db %00000000
    db %00000000

; Sprite   : 78
; Mode     : Mode : 1 sprite               
; TGS size : 32
; Address  : Start + #2496
sprite78tgs:
    db %11111110
    db %11111010
    db %11111100
    db %11110100
    db %00101000
    db %00101000
    db %00110000
    db %01010000
    db %01100000
    db %00000000
    db %00000000
    db %00000000
    db %00000000
    db %00000000
    db %00000000
    db %00000000
    db %00110011
    db %00010011
    db %00011001
    db %00001001
    db %00001010
    db %00000110
    db %00000110
    db %00000110
    db %00000110
    db %00000000
    db %00000000
    db %00000000
    db %00000000
    db %00000000
    db %00000000
    db %00000000

; Sprite   : 79
; Mode     : Mode : 1 sprite               
; TGS size : 32
; Address  : Start + #2528
sprite79tgs:
    db %00000000
    db %00000000
    db %00000000
    db %00000000
    db %00000000
    db %00000000
    db %00000000
    db %00000000
    db %00000000
    db %00000000
    db %00000000
    db %00000000
    db %00000000
    db %00000000
    db %00000000
    db %00000000
    db %11110000
    db %00111000
    db %00001000
    db %00001000
    db %00000100
    db %00000110
    db %00000010
    db %00000010
    db %00000000
    db %00000000
    db %00000000
    db %00000000
    db %00000000
    db %00000000
    db %00000000
    db %00000000

; Sprite   : 80
; Mode     : Mode : 1 sprite               
; TGS size : 32
; Address  : Start + #2560
sprite80tgs:
    db %00000000
    db %00000000
    db %00000110
    db %00001000
    db %00010000
    db %00100000
    db %01000000
    db %11000000
    db %10000000
    db %00000000
    db %00000000
    db %00000000
    db %00000000
    db %00000000
    db %00000000
    db %00000000
    db %00011111
    db %11100000
    db %01000000
    db %00000000
    db %00000000
    db %00000000
    db %00000000
    db %00000000
    db %00000000
    db %00000000
    db %00000000
    db %00000000
    db %00000001
    db %00000001
    db %00000010
    db %00000110

; Sprite   : 81
; Mode     : Mode : 1 sprite               
; TGS size : 32
; Address  : Start + #2592
sprite81tgs:
    db %10011000
    db %01101011
    db %11011111
    db %10000111
    db %00000001
    db %00000000
    db %00000000
    db %00000000
    db %00000000
    db %00100000
    db %11111000
    db %11011100
    db %10100110
    db %01111110
    db %10100111
    db %00000111
    db %00000000
    db %00000000
    db %11000000
    db %11100000
    db %11110000
    db %00110000
    db %11110000
    db %00111000
    db %00111001
    db %00111001
    db %01111001
    db %00111001
    db %10111001
    db %11111111
    db %11111111
    db %00111111

; Sprite   : 82
; Mode     : Mode : 1 sprite               
; TGS size : 32
; Address  : Start + #2624
sprite82tgs:
    db %00000000
    db %00000000
    db %00000000
    db %00000000
    db %00000000
    db %00000000
    db %00011000
    db %10011111
    db %10011110
    db %10010111
    db %10111111
    db %10111111
    db %00111001
    db %11111001
    db %11111001
    db %11110111
    db %00000000
    db %00000000
    db %00000000
    db %00000000
    db %00000000
    db %00000000
    db %11000000
    db %11000000
    db %01100000
    db %00110000
    db %00110011
    db %00011111
    db %10111100
    db %11111000
    db %11001100
    db %01100100

; Sprite   : 83
; Mode     : Mode : 1 sprite               
; TGS size : 32
; Address  : Start + #2656
sprite83tgs:
    db %00000000
    db %00000000
    db %00000000
    db %00000000
    db %00000000
    db %00000000
    db %00000000
    db %00000000
    db %00000000
    db %00000000
    db %11100000
    db %11110000
    db %00011000
    db %00001110
    db %00000111
    db %00000001
    db %00000000
    db %00000000
    db %00000000
    db %00000000
    db %00000000
    db %00000000
    db %00000000
    db %00000000
    db %00000000
    db %00000000
    db %00000000
    db %00000000
    db %00000000
    db %00000000
    db %00000000
    db %11000000

; Sprite   : 84
; Mode     : Mode : 1 sprite               
; TGS size : 32
; Address  : Start + #2688
sprite84tgs:
    db %01000000
    db %00100000
    db %00010000
    db %00001100
    db %00000011
    db %00000010
    db %00000110
    db %00000110
    db %00000100
    db %00000000
    db %00000000
    db %00000000
    db %00000000
    db %00000000
    db %00000000
    db %00000000
    db %00000110
    db %00000110
    db %00000100
    db %00000100
    db %00000100
    db %11111000
    db %00111111
    db %00000000
    db %00000000
    db %00000000
    db %00000000
    db %00000000
    db %00000000
    db %00000000
    db %00000000
    db %00000000

; Sprite   : 85
; Mode     : Mode : 1 sprite               
; TGS size : 32
; Address  : Start + #2720
sprite85tgs:
    db %00000010
    db %00000011
    db %00000000
    db %00000101
    db %00001111
    db %00110111
    db %11111110
    db %00000000
    db %00000000
    db %00000000
    db %00000000
    db %00000000
    db %00000000
    db %00000000
    db %00000000
    db %00000000
    db %10111111
    db %01111111
    db %11111111
    db %11111111
    db %10000111
    db %00000010
    db %00000010
    db %00000110
    db %00000110
    db %00000000
    db %00000000
    db %00000000
    db %00000000
    db %00000000
    db %00000000
    db %00000000

; Sprite   : 86
; Mode     : Mode : 1 sprite               
; TGS size : 32
; Address  : Start + #2752
sprite86tgs:
    db %11111111
    db %11111001
    db %11111010
    db %11111010
    db %11100110
    db %00000110
    db %00000100
    db %00000000
    db %00000000
    db %00000000
    db %00000000
    db %00000000
    db %00000000
    db %00000000
    db %00000000
    db %00000000
    db %01100110
    db %00110110
    db %00010110
    db %00011110
    db %00001100
    db %00001100
    db %00001000
    db %00001000
    db %00001000
    db %00000000
    db %00000000
    db %00000000
    db %00000000
    db %00000000
    db %00000000
    db %00000000

; Sprite   : 87
; Mode     : Mode : 1 sprite               
; TGS size : 32
; Address  : Start + #2784
sprite87tgs:
    db %00000000
    db %00000000
    db %00000000
    db %00000000
    db %00000000
    db %00000000
    db %00000000
    db %00000000
    db %00000000
    db %00000000
    db %00000000
    db %00000000
    db %00000000
    db %00000000
    db %00000000
    db %00000000
    db %11100000
    db %00110000
    db %00011000
    db %00001000
    db %00001000
    db %00001000
    db %00000100
    db %00000100
    db %00000100
    db %00000000
    db %00000000
    db %00000000
    db %00000000
    db %00000000
    db %00000000
    db %00000000

; Sprite   : 88
; Mode     : Mode : 1 sprite               
; TGS size : 32
; Address  : Start + #2816
sprite88tgs:
    db %00000000
    db %00000001
    db %00000100
    db %00001000
    db %00010000
    db %00100000
    db %01100000
    db %01000000
    db %10000000
    db %10000000
    db %00000000
    db %00000000
    db %10000000
    db %00000000
    db %01000000
    db %00100000
    db %00110000
    db %00100000
    db %00000000
    db %00000000
    db %00000000
    db %00000000
    db %00000000
    db %00000000
    db %00000000
    db %00000000
    db %00000000
    db %00000000
    db %00000000
    db %00000001
    db %00000000
    db %00000000

; Sprite   : 89
; Mode     : Mode : 1 sprite               
; TGS size : 32
; Address  : Start + #2848
sprite89tgs:
    db %00110100
    db %01101111
    db %01000011
    db %00000000
    db %00000000
    db %00000000
    db %00000000
    db %00000000
    db %00000000
    db %00011100
    db %00010110
    db %00110110
    db %00111101
    db %01110011
    db %11000011
    db %11000001
    db %00000000
    db %10000000
    db %11000000
    db %11100000
    db %00010000
    db %01110000
    db %00011000
    db %00011111
    db %00011111
    db %00111111
    db %00011111
    db %01011111
    db %01111111
    db %11111111
    db %10011111
    db %01011111

; Sprite   : 90
; Mode     : Mode : 1 sprite               
; TGS size : 32
; Address  : Start + #2880
sprite90tgs:
    db %00000000
    db %00000000
    db %00000000
    db %00000000
    db %00000000
    db %00000000
    db %11100011
    db %10011110
    db %10011100
    db %10001110
    db %10011111
    db %10011011
    db %10111001
    db %11111001
    db %11110001
    db %11110111
    db %00000000
    db %00000000
    db %00000000
    db %00000000
    db %00000000
    db %00000000
    db %10000000
    db %11000000
    db %11000000
    db %01000000
    db %01101111
    db %00111110
    db %10111000
    db %11110000
    db %11011000
    db %11001000

; Sprite   : 91
; Mode     : Mode : 1 sprite               
; TGS size : 32
; Address  : Start + #2912
sprite91tgs:
    db %00000000
    db %00000000
    db %00000000
    db %00000000
    db %00000000
    db %00000000
    db %00000000
    db %00000000
    db %00000000
    db %00000000
    db %11000000
    db %11100000
    db %00110000
    db %00011000
    db %00001100
    db %00000110
    db %00000000
    db %00000000
    db %00000000
    db %00000000
    db %00000000
    db %00000000
    db %00000000
    db %00000000
    db %00000000
    db %00000000
    db %00000000
    db %00000000
    db %00000000
    db %00000000
    db %00000000
    db %00000000

; Sprite   : 92
; Mode     : Mode : 1 sprite               
; TGS size : 32
; Address  : Start + #2944
sprite92tgs:
    db %00110000
    db %00011000
    db %00001110
    db %00000111
    db %00000110
    db %00000110
    db %00000100
    db %00001100
    db %00001000
    db %00000000
    db %00000000
    db %00000000
    db %00000000
    db %00000000
    db %00000000
    db %00000000
    db %00000000
    db %00000000
    db %00000000
    db %10000000
    db %11111100
    db %01111111
    db %00001111
    db %00000000
    db %00000000
    db %00000000
    db %00000000
    db %00000000
    db %00000000
    db %00000000
    db %00000000
    db %00000000

; Sprite   : 93
; Mode     : Mode : 1 sprite               
; TGS size : 32
; Address  : Start + #2976
sprite93tgs:
    db %10000001
    db %11000000
    db %01000010
    db %01000111
    db %00111011
    db %11111111
    db %11111000
    db %00000000
    db %00000000
    db %00000000
    db %00000000
    db %00000000
    db %00000000
    db %00000000
    db %00000000
    db %00000000
    db %10111111
    db %01111111
    db %11111111
    db %11111111
    db %10011000
    db %00011000
    db %00010000
    db %00010000
    db %00010000
    db %00000000
    db %00000000
    db %00000000
    db %00000000
    db %00000000
    db %00000000
    db %00000000

; Sprite   : 94
; Mode     : Mode : 1 sprite               
; TGS size : 32
; Address  : Start + #3008
sprite94tgs:
    db %11111110
    db %11111000
    db %11111000
    db %11110000
    db %00000000
    db %00000000
    db %00000000
    db %00000000
    db %00000000
    db %00000000
    db %00000000
    db %00000000
    db %00000000
    db %00000000
    db %00000000
    db %00000000
    db %11001100
    db %11101100
    db %01111000
    db %01111000
    db %00011000
    db %00011000
    db %00010000
    db %00010000
    db %00110000
    db %00000000
    db %00000000
    db %00000000
    db %00000000
    db %00000000
    db %00000000
    db %00000000

; Sprite   : 95
; Mode     : Mode : 1 sprite               
; TGS size : 32
; Address  : Start + #3040
sprite95tgs:
    db %00000011
    db %00000001
    db %00000001
    db %00000000
    db %00000000
    db %00000000
    db %00000000
    db %00000000
    db %00000000
    db %00000000
    db %00000000
    db %00000000
    db %00000000
    db %00000000
    db %00000000
    db %00000000
    db %00000000
    db %00000000
    db %00000000
    db %10000000
    db %10000000
    db %10000000
    db %11000000
    db %11000000
    db %01000000
    db %00000000
    db %00000000
    db %00000000
    db %00000000
    db %00000000
    db %00000000
    db %00000000

; Sprite   : 0
; TCS size : 16
; Address  : Start + #3072
sprite0tcs:
    db #00
    db #00
    db #0F
    db #0F
    db #0F
    db #0F
    db #0F
    db #0F
    db #0F
    db #0F
    db #0F
    db #0F
    db #0F
    db #0F
    db #0F
    db #0F

; Sprite   : 1
; TCS size : 16
; Address  : Start + #3088
sprite1tcs:
    db #0F
    db #0F
    db #0F
    db #00
    db #00
    db #00
    db #00
    db #00
    db #0F
    db #0F
    db #0F
    db #0F
    db #00
    db #0F
    db #0F
    db #00

; Sprite   : 2
; TCS size : 16
; Address  : Start + #3104
sprite2tcs:
    db #00
    db #00
    db #00
    db #00
    db #00
    db #0F
    db #0F
    db #0F
    db #0F
    db #00
    db #0F
    db #0F
    db #0F
    db #0F
    db #0F
    db #0F

; Sprite   : 3
; TCS size : 16
; Address  : Start + #3120
sprite3tcs:
    db #00
    db #00
    db #00
    db #00
    db #00
    db #00
    db #00
    db #00
    db #00
    db #00
    db #0F
    db #0F
    db #0F
    db #0F
    db #0F
    db #0F

; Sprite   : 4
; TCS size : 16
; Address  : Start + #3136
sprite4tcs:
    db #0F
    db #0F
    db #0F
    db #0F
    db #00
    db #00
    db #00
    db #0F
    db #0F
    db #00
    db #00
    db #00
    db #00
    db #00
    db #00
    db #00

; Sprite   : 5
; TCS size : 16
; Address  : Start + #3152
sprite5tcs:
    db #00
    db #00
    db #0F
    db #0F
    db #0F
    db #0F
    db #0F
    db #0F
    db #0F
    db #00
    db #00
    db #00
    db #00
    db #00
    db #00
    db #00

; Sprite   : 6
; TCS size : 16
; Address  : Start + #3168
sprite6tcs:
    db #00
    db #00
    db #00
    db #00
    db #00
    db #00
    db #00
    db #00
    db #00
    db #00
    db #00
    db #00
    db #00
    db #00
    db #00
    db #00

; Sprite   : 7
; TCS size : 16
; Address  : Start + #3184
sprite7tcs:
    db #0F
    db #0F
    db #0F
    db #0F
    db #0F
    db #0F
    db #0F
    db #00
    db #00
    db #00
    db #00
    db #00
    db #00
    db #00
    db #00
    db #00

; Sprite   : 8
; TCS size : 16
; Address  : Start + #3200
sprite8tcs:
    db #00
    db #0F
    db #0F
    db #0F
    db #0F
    db #0F
    db #0F
    db #0F
    db #0F
    db #0F
    db #0F
    db #0F
    db #0F
    db #0F
    db #0F
    db #0F

; Sprite   : 9
; TCS size : 16
; Address  : Start + #3216
sprite9tcs:
    db #0F
    db #0F
    db #0F
    db #00
    db #00
    db #00
    db #00
    db #00
    db #00
    db #0F
    db #0F
    db #0F
    db #0F
    db #0F
    db #0F
    db #00

; Sprite   : 10
; TCS size : 16
; Address  : Start + #3232
sprite10tcs:
    db #00
    db #00
    db #00
    db #00
    db #00
    db #00
    db #0F
    db #0F
    db #0F
    db #0F
    db #0F
    db #0F
    db #00
    db #00
    db #00
    db #00

; Sprite   : 11
; TCS size : 16
; Address  : Start + #3248
sprite11tcs:
    db #00
    db #00
    db #00
    db #00
    db #00
    db #00
    db #00
    db #00
    db #0F
    db #0F
    db #0F
    db #0F
    db #0F
    db #0F
    db #0F
    db #0F

; Sprite   : 12
; TCS size : 16
; Address  : Start + #3264
sprite12tcs:
    db #00
    db #00
    db #0F
    db #0F
    db #00
    db #00
    db #00
    db #00
    db #00
    db #00
    db #00
    db #00
    db #00
    db #00
    db #00
    db #00

; Sprite   : 13
; TCS size : 16
; Address  : Start + #3280
sprite13tcs:
    db #00
    db #00
    db #0F
    db #0F
    db #0F
    db #0F
    db #0F
    db #00
    db #00
    db #00
    db #00
    db #00
    db #00
    db #00
    db #00
    db #00

; Sprite   : 14
; TCS size : 16
; Address  : Start + #3296
sprite14tcs:
    db #0F
    db #0F
    db #0F
    db #0F
    db #0F
    db #0F
    db #0F
    db #0F
    db #0F
    db #00
    db #00
    db #00
    db #00
    db #00
    db #00
    db #00

; Sprite   : 15
; TCS size : 16
; Address  : Start + #3312
sprite15tcs:
    db #0F
    db #0F
    db #0F
    db #0F
    db #0F
    db #0F
    db #0F
    db #0F
    db #0F
    db #00
    db #00
    db #00
    db #00
    db #00
    db #00
    db #00

; Sprite   : 16
; TCS size : 16
; Address  : Start + #3328
sprite16tcs:
    db #00
    db #00
    db #0F
    db #0F
    db #0F
    db #0F
    db #0F
    db #0F
    db #0F
    db #0F
    db #0F
    db #0F
    db #00
    db #0F
    db #00
    db #00

; Sprite   : 17
; TCS size : 16
; Address  : Start + #3344
sprite17tcs:
    db #0F
    db #0F
    db #0F
    db #0F
    db #00
    db #00
    db #00
    db #00
    db #00
    db #00
    db #0F
    db #0F
    db #0F
    db #00
    db #0F
    db #0F

; Sprite   : 18
; TCS size : 16
; Address  : Start + #3360
sprite18tcs:
    db #00
    db #00
    db #00
    db #00
    db #00
    db #00
    db #0F
    db #0F
    db #0F
    db #0F
    db #0F
    db #00
    db #00
    db #00
    db #00
    db #0F

; Sprite   : 19
; TCS size : 16
; Address  : Start + #3376
sprite19tcs:
    db #00
    db #00
    db #00
    db #00
    db #00
    db #00
    db #00
    db #00
    db #00
    db #00
    db #0F
    db #0F
    db #0F
    db #0F
    db #00
    db #00

; Sprite   : 20
; TCS size : 16
; Address  : Start + #3392
sprite20tcs:
    db #00
    db #00
    db #00
    db #0F
    db #0F
    db #00
    db #00
    db #0F
    db #0F
    db #00
    db #00
    db #00
    db #00
    db #00
    db #00
    db #00

; Sprite   : 21
; TCS size : 16
; Address  : Start + #3408
sprite21tcs:
    db #0F
    db #0F
    db #00
    db #00
    db #0F
    db #0F
    db #0F
    db #00
    db #00
    db #00
    db #00
    db #00
    db #00
    db #00
    db #00
    db #00

; Sprite   : 22
; TCS size : 16
; Address  : Start + #3424
sprite22tcs:
    db #00
    db #00
    db #00
    db #00
    db #00
    db #00
    db #00
    db #00
    db #0F
    db #00
    db #00
    db #00
    db #00
    db #00
    db #00
    db #00

; Sprite   : 23
; TCS size : 16
; Address  : Start + #3440
sprite23tcs:
    db #00
    db #00
    db #0F
    db #0F
    db #0F
    db #0F
    db #0F
    db #0F
    db #0F
    db #00
    db #00
    db #00
    db #00
    db #00
    db #00
    db #00

; Sprite   : 24
; TCS size : 16
; Address  : Start + #3456
sprite24tcs:
    db #00
    db #00
    db #0F
    db #0F
    db #0F
    db #0F
    db #0F
    db #0F
    db #0F
    db #0F
    db #0F
    db #0F
    db #00
    db #00
    db #00
    db #00

; Sprite   : 25
; TCS size : 16
; Address  : Start + #3472
sprite25tcs:
    db #00
    db #0F
    db #0F
    db #0F
    db #0F
    db #00
    db #00
    db #00
    db #00
    db #00
    db #00
    db #00
    db #00
    db #0F
    db #0F
    db #0F

; Sprite   : 26
; TCS size : 16
; Address  : Start + #3488
sprite26tcs:
    db #00
    db #00
    db #00
    db #00
    db #00
    db #0F
    db #0F
    db #0F
    db #0F
    db #0F
    db #0F
    db #0F
    db #0F
    db #00
    db #00
    db #00

; Sprite   : 27
; TCS size : 16
; Address  : Start + #3504
sprite27tcs:
    db #00
    db #00
    db #00
    db #00
    db #00
    db #00
    db #00
    db #00
    db #00
    db #00
    db #00
    db #00
    db #00
    db #00
    db #0F
    db #0F

; Sprite   : 28
; TCS size : 16
; Address  : Start + #3520
sprite28tcs:
    db #00
    db #00
    db #0F
    db #0F
    db #0F
    db #0F
    db #0F
    db #00
    db #0F
    db #00
    db #00
    db #00
    db #00
    db #00
    db #00
    db #00

; Sprite   : 29
; TCS size : 16
; Address  : Start + #3536
sprite29tcs:
    db #00
    db #0F
    db #00
    db #0F
    db #0F
    db #00
    db #00
    db #00
    db #00
    db #00
    db #00
    db #00
    db #00
    db #00
    db #00
    db #00

; Sprite   : 30
; TCS size : 16
; Address  : Start + #3552
sprite30tcs:
    db #0F
    db #0F
    db #00
    db #00
    db #00
    db #00
    db #00
    db #00
    db #0F
    db #00
    db #00
    db #00
    db #00
    db #00
    db #00
    db #00

; Sprite   : 31
; TCS size : 16
; Address  : Start + #3568
sprite31tcs:
    db #0F
    db #0F
    db #00
    db #00
    db #00
    db #00
    db #00
    db #00
    db #0F
    db #00
    db #00
    db #00
    db #00
    db #00
    db #00
    db #00

; Sprite   : 32
; TCS size : 16
; Address  : Start + #3584
sprite32tcs:
    db #00
    db #00
    db #0F
    db #0F
    db #0F
    db #0F
    db #0F
    db #0F
    db #0F
    db #00
    db #00
    db #00
    db #00
    db #00
    db #00
    db #00

; Sprite   : 33
; TCS size : 16
; Address  : Start + #3600
sprite33tcs:
    db #0F
    db #0F
    db #0F
    db #0F
    db #0F
    db #00
    db #00
    db #00
    db #00
    db #00
    db #0F
    db #0F
    db #00
    db #00
    db #0F
    db #0F

; Sprite   : 34
; TCS size : 16
; Address  : Start + #3616
sprite34tcs:
    db #00
    db #00
    db #00
    db #00
    db #00
    db #0F
    db #0F
    db #0F
    db #0F
    db #0F
    db #0F
    db #00
    db #00
    db #00
    db #00
    db #0F

; Sprite   : 35
; TCS size : 16
; Address  : Start + #3632
sprite35tcs:
    db #00
    db #00
    db #00
    db #00
    db #00
    db #00
    db #00
    db #00
    db #00
    db #00
    db #00
    db #0F
    db #0F
    db #0F
    db #0F
    db #0F

; Sprite   : 36
; TCS size : 16
; Address  : Start + #3648
sprite36tcs:
    db #00
    db #00
    db #0F
    db #0F
    db #0F
    db #0F
    db #00
    db #0F
    db #0F
    db #00
    db #00
    db #00
    db #00
    db #00
    db #00
    db #00

; Sprite   : 37
; TCS size : 16
; Address  : Start + #3664
sprite37tcs:
    db #0F
    db #0F
    db #00
    db #0F
    db #0F
    db #0F
    db #0F
    db #00
    db #00
    db #00
    db #00
    db #00
    db #00
    db #00
    db #00
    db #00

; Sprite   : 38
; TCS size : 16
; Address  : Start + #3680
sprite38tcs:
    db #0F
    db #00
    db #00
    db #00
    db #00
    db #0F
    db #0F
    db #0F
    db #0F
    db #00
    db #00
    db #00
    db #00
    db #00
    db #00
    db #00

; Sprite   : 39
; TCS size : 16
; Address  : Start + #3696
sprite39tcs:
    db #0F
    db #0F
    db #00
    db #00
    db #00
    db #00
    db #00
    db #00
    db #00
    db #00
    db #00
    db #00
    db #00
    db #00
    db #00
    db #00

; Sprite   : 40
; TCS size : 16
; Address  : Start + #3712
sprite40tcs:
    db #00
    db #0F
    db #0F
    db #0F
    db #0F
    db #0F
    db #0F
    db #0F
    db #0F
    db #0F
    db #00
    db #00
    db #0F
    db #00
    db #00
    db #00

; Sprite   : 41
; TCS size : 16
; Address  : Start + #3728
sprite41tcs:
    db #0F
    db #0F
    db #0F
    db #00
    db #00
    db #00
    db #00
    db #00
    db #00
    db #00
    db #00
    db #00
    db #0F
    db #0F
    db #0F
    db #0F

; Sprite   : 42
; TCS size : 16
; Address  : Start + #3744
sprite42tcs:
    db #00
    db #00
    db #00
    db #00
    db #0F
    db #0F
    db #0F
    db #0F
    db #0F
    db #0F
    db #00
    db #00
    db #0F
    db #0F
    db #0F
    db #0F

; Sprite   : 43
; TCS size : 16
; Address  : Start + #3760
sprite43tcs:
    db #00
    db #00
    db #00
    db #00
    db #00
    db #00
    db #00
    db #00
    db #00
    db #00
    db #0F
    db #0F
    db #0F
    db #0F
    db #0F
    db #0F

; Sprite   : 44
; TCS size : 16
; Address  : Start + #3776
sprite44tcs:
    db #00
    db #0F
    db #0F
    db #0F
    db #00
    db #00
    db #00
    db #0F
    db #0F
    db #00
    db #00
    db #00
    db #00
    db #00
    db #00
    db #00

; Sprite   : 45
; TCS size : 16
; Address  : Start + #3792
sprite45tcs:
    db #0F
    db #0F
    db #00
    db #0F
    db #0F
    db #0F
    db #0F
    db #00
    db #00
    db #00
    db #00
    db #00
    db #00
    db #00
    db #00
    db #00

; Sprite   : 46
; TCS size : 16
; Address  : Start + #3808
sprite46tcs:
    db #0F
    db #0F
    db #0F
    db #0F
    db #0F
    db #00
    db #00
    db #00
    db #00
    db #00
    db #00
    db #00
    db #00
    db #00
    db #00
    db #00

; Sprite   : 47
; TCS size : 16
; Address  : Start + #3824
sprite47tcs:
    db #0F
    db #0F
    db #0F
    db #0F
    db #0F
    db #0F
    db #0F
    db #0F
    db #0F
    db #00
    db #00
    db #00
    db #00
    db #00
    db #00
    db #00

; Sprite   : 48
; TCS size : 16
; Address  : Start + #3840
sprite48tcs:
    db #00
    db #00
    db #0F
    db #0F
    db #0F
    db #0F
    db #0F
    db #0F
    db #0F
    db #0F
    db #0F
    db #0F
    db #0F
    db #0F
    db #0F
    db #00

; Sprite   : 49
; TCS size : 16
; Address  : Start + #3856
sprite49tcs:
    db #0F
    db #0F
    db #0F
    db #00
    db #00
    db #00
    db #00
    db #00
    db #00
    db #00
    db #00
    db #00
    db #00
    db #0F
    db #0F
    db #00

; Sprite   : 50
; TCS size : 16
; Address  : Start + #3872
sprite50tcs:
    db #00
    db #00
    db #00
    db #00
    db #0F
    db #0F
    db #0F
    db #00
    db #0F
    db #0F
    db #00
    db #0F
    db #0F
    db #0F
    db #0F
    db #0F

; Sprite   : 51
; TCS size : 16
; Address  : Start + #3888
sprite51tcs:
    db #00
    db #00
    db #00
    db #00
    db #00
    db #00
    db #00
    db #00
    db #00
    db #00
    db #0F
    db #0F
    db #0F
    db #0F
    db #0F
    db #0F

; Sprite   : 52
; TCS size : 16
; Address  : Start + #3904
sprite52tcs:
    db #00
    db #0F
    db #0F
    db #0F
    db #00
    db #00
    db #00
    db #00
    db #00
    db #00
    db #00
    db #00
    db #00
    db #00
    db #00
    db #00

; Sprite   : 53
; TCS size : 16
; Address  : Start + #3920
sprite53tcs:
    db #00
    db #0F
    db #0F
    db #0F
    db #0F
    db #0F
    db #0F
    db #0F
    db #0F
    db #00
    db #00
    db #00
    db #00
    db #00
    db #00
    db #00

; Sprite   : 54
; TCS size : 16
; Address  : Start + #3936
sprite54tcs:
    db #00
    db #00
    db #0F
    db #0F
    db #0F
    db #00
    db #00
    db #00
    db #00
    db #00
    db #00
    db #00
    db #00
    db #00
    db #00
    db #00

; Sprite   : 55
; TCS size : 16
; Address  : Start + #3952
sprite55tcs:
    db #0F
    db #0F
    db #0F
    db #0F
    db #0F
    db #0F
    db #0F
    db #0F
    db #0F
    db #00
    db #00
    db #00
    db #00
    db #00
    db #00
    db #00

; Sprite   : 56
; TCS size : 16
; Address  : Start + #3968
sprite56tcs:
    db #00
    db #00
    db #0F
    db #0F
    db #0F
    db #0F
    db #0F
    db #0F
    db #0F
    db #0F
    db #0F
    db #0F
    db #0F
    db #0F
    db #0F
    db #00

; Sprite   : 57
; TCS size : 16
; Address  : Start + #3984
sprite57tcs:
    db #0F
    db #0F
    db #0F
    db #00
    db #00
    db #00
    db #00
    db #00
    db #00
    db #00
    db #00
    db #0F
    db #00
    db #0F
    db #0F
    db #00

; Sprite   : 58
; TCS size : 16
; Address  : Start + #4000
sprite58tcs:
    db #00
    db #00
    db #00
    db #00
    db #00
    db #00
    db #00
    db #00
    db #0F
    db #0F
    db #0F
    db #0F
    db #0F
    db #0F
    db #00
    db #00

; Sprite   : 59
; TCS size : 16
; Address  : Start + #4016
sprite59tcs:
    db #00
    db #00
    db #00
    db #00
    db #00
    db #00
    db #00
    db #00
    db #0F
    db #0F
    db #0F
    db #0F
    db #0F
    db #0F
    db #00
    db #00

; Sprite   : 60
; TCS size : 16
; Address  : Start + #4032
sprite60tcs:
    db #00
    db #0F
    db #0F
    db #0F
    db #00
    db #00
    db #00
    db #00
    db #00
    db #00
    db #00
    db #00
    db #00
    db #00
    db #00
    db #00

; Sprite   : 61
; TCS size : 16
; Address  : Start + #4048
sprite61tcs:
    db #00
    db #0F
    db #0F
    db #0F
    db #0F
    db #0F
    db #0F
    db #0F
    db #00
    db #00
    db #00
    db #00
    db #00
    db #00
    db #00
    db #00

; Sprite   : 62
; TCS size : 16
; Address  : Start + #4064
sprite62tcs:
    db #00
    db #00
    db #0F
    db #0F
    db #0F
    db #0F
    db #0F
    db #00
    db #00
    db #00
    db #00
    db #00
    db #00
    db #00
    db #00
    db #00

; Sprite   : 63
; TCS size : 16
; Address  : Start + #4080
sprite63tcs:
    db #00
    db #00
    db #00
    db #00
    db #0F
    db #0F
    db #0F
    db #0F
    db #0F
    db #00
    db #00
    db #00
    db #00
    db #00
    db #00
    db #00

; Sprite   : 64
; TCS size : 16
; Address  : Start + #4096
sprite64tcs:
    db #00
    db #00
    db #0F
    db #0F
    db #0F
    db #0F
    db #0F
    db #0F
    db #0F
    db #0F
    db #0F
    db #0F
    db #0F
    db #0F
    db #00
    db #00

; Sprite   : 65
; TCS size : 16
; Address  : Start + #4112
sprite65tcs:
    db #0F
    db #0F
    db #0F
    db #0F
    db #00
    db #00
    db #00
    db #00
    db #00
    db #00
    db #00
    db #00
    db #00
    db #00
    db #0F
    db #0F

; Sprite   : 66
; TCS size : 16
; Address  : Start + #4128
sprite66tcs:
    db #00
    db #00
    db #00
    db #00
    db #00
    db #00
    db #00
    db #00
    db #0F
    db #0F
    db #0F
    db #0F
    db #0F
    db #0F
    db #0F
    db #0F

; Sprite   : 67
; TCS size : 16
; Address  : Start + #4144
sprite67tcs:
    db #00
    db #00
    db #00
    db #00
    db #00
    db #00
    db #00
    db #00
    db #00
    db #00
    db #00
    db #0F
    db #0F
    db #0F
    db #0F
    db #00

; Sprite   : 68
; TCS size : 16
; Address  : Start + #4160
sprite68tcs:
    db #0F
    db #0F
    db #0F
    db #0F
    db #0F
    db #00
    db #00
    db #00
    db #00
    db #00
    db #00
    db #00
    db #00
    db #00
    db #00
    db #00

; Sprite   : 69
; TCS size : 16
; Address  : Start + #4176
sprite69tcs:
    db #0F
    db #0F
    db #00
    db #0F
    db #0F
    db #0F
    db #0F
    db #00
    db #00
    db #00
    db #00
    db #00
    db #00
    db #00
    db #00
    db #00

; Sprite   : 70
; TCS size : 16
; Address  : Start + #4192
sprite70tcs:
    db #0F
    db #0F
    db #0F
    db #0F
    db #00
    db #00
    db #00
    db #00
    db #00
    db #00
    db #00
    db #00
    db #00
    db #00
    db #00
    db #00

; Sprite   : 71
; TCS size : 16
; Address  : Start + #4208
sprite71tcs:
    db #00
    db #00
    db #00
    db #00
    db #00
    db #00
    db #00
    db #0F
    db #0F
    db #00
    db #00
    db #00
    db #00
    db #00
    db #00
    db #00

; Sprite   : 72
; TCS size : 16
; Address  : Start + #4224
sprite72tcs:
    db #00
    db #00
    db #0F
    db #0F
    db #0F
    db #0F
    db #0F
    db #0F
    db #0F
    db #0F
    db #0F
    db #00
    db #00
    db #00
    db #00
    db #0F

; Sprite   : 73
; TCS size : 16
; Address  : Start + #4240
sprite73tcs:
    db #00
    db #0F
    db #0F
    db #0F
    db #0F
    db #00
    db #00
    db #00
    db #00
    db #00
    db #00
    db #00
    db #00
    db #00
    db #00
    db #0F

; Sprite   : 74
; TCS size : 16
; Address  : Start + #4256
sprite74tcs:
    db #00
    db #00
    db #00
    db #00
    db #00
    db #00
    db #00
    db #0F
    db #0F
    db #0F
    db #0F
    db #0F
    db #0F
    db #0F
    db #0F
    db #0F

; Sprite   : 75
; TCS size : 16
; Address  : Start + #4272
sprite75tcs:
    db #00
    db #00
    db #00
    db #00
    db #00
    db #00
    db #00
    db #00
    db #00
    db #00
    db #0F
    db #0F
    db #0F
    db #0F
    db #0F
    db #0F

; Sprite   : 76
; TCS size : 16
; Address  : Start + #4288
sprite76tcs:
    db #0F
    db #0F
    db #0F
    db #0F
    db #0F
    db #0F
    db #0F
    db #0F
    db #0F
    db #00
    db #00
    db #00
    db #00
    db #00
    db #00
    db #00

; Sprite   : 77
; TCS size : 16
; Address  : Start + #4304
sprite77tcs:
    db #0F
    db #0F
    db #0F
    db #0F
    db #0F
    db #0F
    db #0F
    db #0F
    db #00
    db #00
    db #00
    db #00
    db #00
    db #00
    db #00
    db #00

; Sprite   : 78
; TCS size : 16
; Address  : Start + #4320
sprite78tcs:
    db #00
    db #00
    db #00
    db #00
    db #00
    db #00
    db #00
    db #00
    db #00
    db #00
    db #00
    db #00
    db #00
    db #00
    db #00
    db #00

; Sprite   : 79
; TCS size : 16
; Address  : Start + #4336
sprite79tcs:
    db #00
    db #00
    db #00
    db #00
    db #00
    db #00
    db #00
    db #00
    db #00
    db #00
    db #00
    db #00
    db #00
    db #00
    db #00
    db #00

; Sprite   : 80
; TCS size : 16
; Address  : Start + #4352
sprite80tcs:
    db #00
    db #00
    db #0F
    db #0F
    db #0F
    db #0F
    db #0F
    db #0F
    db #0F
    db #00
    db #00
    db #00
    db #00
    db #00
    db #00
    db #00

; Sprite   : 81
; TCS size : 16
; Address  : Start + #4368
sprite81tcs:
    db #0F
    db #0F
    db #0F
    db #0F
    db #0F
    db #00
    db #00
    db #00
    db #00
    db #00
    db #00
    db #00
    db #00
    db #00
    db #0F
    db #0F

; Sprite   : 82
; TCS size : 16
; Address  : Start + #4384
sprite82tcs:
    db #00
    db #00
    db #00
    db #00
    db #00
    db #00
    db #0F
    db #0F
    db #0F
    db #0F
    db #0F
    db #0F
    db #0F
    db #0F
    db #0F
    db #0F

; Sprite   : 83
; TCS size : 16
; Address  : Start + #4400
sprite83tcs:
    db #00
    db #00
    db #00
    db #00
    db #00
    db #00
    db #00
    db #00
    db #00
    db #00
    db #0F
    db #0F
    db #0F
    db #0F
    db #0F
    db #0F

; Sprite   : 84
; TCS size : 16
; Address  : Start + #4416
sprite84tcs:
    db #00
    db #00
    db #00
    db #0F
    db #0F
    db #0F
    db #00
    db #0F
    db #0F
    db #00
    db #00
    db #00
    db #00
    db #00
    db #00
    db #00

; Sprite   : 85
; TCS size : 16
; Address  : Start + #4432
sprite85tcs:
    db #00
    db #0F
    db #00
    db #0F
    db #0F
    db #0F
    db #0F
    db #00
    db #00
    db #00
    db #00
    db #00
    db #00
    db #00
    db #00
    db #00

; Sprite   : 86
; TCS size : 16
; Address  : Start + #4448
sprite86tcs:
    db #0F
    db #0F
    db #0F
    db #0F
    db #0F
    db #0F
    db #0F
    db #00
    db #00
    db #00
    db #00
    db #00
    db #00
    db #00
    db #00
    db #00

; Sprite   : 87
; TCS size : 16
; Address  : Start + #4464
sprite87tcs:
    db #00
    db #00
    db #00
    db #00
    db #00
    db #00
    db #00
    db #00
    db #00
    db #00
    db #00
    db #00
    db #00
    db #00
    db #00
    db #00

; Sprite   : 88
; TCS size : 16
; Address  : Start + #4480
sprite88tcs:
    db #00
    db #0F
    db #0F
    db #0F
    db #0F
    db #0F
    db #0F
    db #0F
    db #0F
    db #0F
    db #00
    db #00
    db #0F
    db #00
    db #0F
    db #0F

; Sprite   : 89
; TCS size : 16
; Address  : Start + #4496
sprite89tcs:
    db #0F
    db #0F
    db #0F
    db #00
    db #00
    db #00
    db #00
    db #00
    db #00
    db #00
    db #00
    db #00
    db #0F
    db #0F
    db #0F
    db #0F

; Sprite   : 90
; TCS size : 16
; Address  : Start + #4512
sprite90tcs:
    db #00
    db #00
    db #00
    db #00
    db #00
    db #00
    db #0F
    db #0F
    db #0F
    db #0F
    db #0F
    db #0F
    db #0F
    db #0F
    db #0F
    db #0F

; Sprite   : 91
; TCS size : 16
; Address  : Start + #4528
sprite91tcs:
    db #00
    db #00
    db #00
    db #00
    db #00
    db #00
    db #00
    db #00
    db #00
    db #00
    db #0F
    db #0F
    db #0F
    db #0F
    db #0F
    db #0F

; Sprite   : 92
; TCS size : 16
; Address  : Start + #4544
sprite92tcs:
    db #0F
    db #0F
    db #0F
    db #0F
    db #0F
    db #00
    db #00
    db #0F
    db #0F
    db #00
    db #00
    db #00
    db #00
    db #00
    db #00
    db #00

; Sprite   : 93
; TCS size : 16
; Address  : Start + #4560
sprite93tcs:
    db #0F
    db #00
    db #00
    db #0F
    db #0F
    db #0F
    db #0F
    db #00
    db #00
    db #00
    db #00
    db #00
    db #00
    db #00
    db #00
    db #00

; Sprite   : 94
; TCS size : 16
; Address  : Start + #4576
sprite94tcs:
    db #0F
    db #00
    db #0F
    db #00
    db #00
    db #00
    db #00
    db #00
    db #00
    db #00
    db #00
    db #00
    db #00
    db #00
    db #00
    db #00

; Sprite   : 95
; TCS size : 16
; Address  : Start + #4592
sprite95tcs:
    db #0F
    db #0F
    db #0F
    db #00
    db #00
    db #00
    db #00
    db #00
    db #00
    db #00
    db #00
    db #00
    db #00
    db #00
    db #00
    db #00

; Color Palette
; Address  : Start + 4608
pal:
    db #77,#04
    db #00,#00
    db #00,#00
    db #00,#00
    db #00,#00
    db #00,#00
    db #00,#00
    db #73,#06
    db #00,#00
    db #77,#07
    db #00,#00
    db #23,#02
    db #45,#04
    db #70,#05
    db #70,#02
    db #00,#00
