  dw GoatWalkAndAttackframe000
  dw GoatWalkAndAttackframe001
  dw GoatWalkAndAttackframe002
  dw GoatWalkAndAttackframe003
  dw GoatWalkAndAttackframe004
  dw GoatWalkAndAttackframe005
  dw GoatWalkAndAttackframe006
  dw GoatWalkAndAttackframe007
  dw GoatWalkAndAttackframe008
  dw GoatWalkAndAttackframe009
  dw GoatWalkAndAttackframe010
  dw GoatWalkAndAttackframe011
  dw GoatWalkAndAttackframe012
  dw GoatWalkAndAttackframe013
  dw GoatWalkAndAttackframe014
  dw GoatWalkAndAttackframe015
  dw GoatWalkAndAttackframe016
  dw GoatWalkAndAttackframe017
  dw GoatWalkAndAttackframe018
  dw GoatWalkAndAttackframe019
  dw GoatWalkAndAttackframe020
  dw GoatWalkAndAttackframe021
  dw GoatWalkAndAttackframe022
  dw GoatWalkAndAttackframe023
  dw GoatWalkAndAttackframe024
  dw GoatWalkAndAttackframe025
  dw GoatWalkAndAttackframe026
  dw GoatWalkAndAttackframe027
  dw GoatWalkAndAttackframe028
  dw GoatWalkAndAttackframe029
  dw GoatWalkAndAttackframe030
  dw GoatWalkAndAttackframe031
  dw GoatWalkAndAttackframe032
  dw GoatWalkAndAttackframe033
  dw GoatWalkAndAttackframe034
  dw GoatWalkAndAttackframe035
  dw GoatWalkAndAttackframe036
  dw GoatWalkAndAttackframe037
  dw GoatWalkAndAttackframe038
  dw GoatWalkAndAttackframe039
  dw GoatWalkAndAttackframe040
  dw GoatWalkAndAttackframe041
  dw GoatWalkAndAttackframe042
  dw GoatWalkAndAttackframe043
  dw GoatWalkAndAttackframe044

GoatWalkAndAttackframe000:
  db 02Ah,014h,066h,008h
  db 070h
  db 000h,000h,0F8h,000h,000h
  db 000h,000h
  dw 0027Fh,base+000DCh
  dw 00580h,base+039F3h
  dw 00780h,base+037D8h
  dw 00B80h,base+03272h
  dw 00D7Fh,base+03051h
  dw 00E80h,base+02ED7h
  dw 00E80h,base+02EE5h
  dw 00E80h,base+02EF3h
  dw 00E7Fh,base+02F01h
  dw 00F80h,base+02E23h
  dw 00F80h,base+02E32h
  dw 01080h,base+02DB3h
  dw 01011h,base+02DC3h
  dw 0016Eh,base+00000h
  dw 01112h,base+02C70h
  dw 0026Eh,base+03A59h
  dw 01480h,base+02900h
  dw 00E0Fh,base+02F0Fh
  dw 00571h,base+039F8h
  dw 00D0Fh,base+0305Eh
  dw 00570h,base+039FDh
  dw 00E11h,base+02F1Dh
  dw 0036Fh,base+009B7h
  dw 00F12h,base+02E41h
  dw 0026Eh,base+00011h
  dw 00F00h,base+02E50h

GoatWalkAndAttackframe001:
  db 056h,01Bh,056h,01Ch
  db 066h
  db 000h,000h,0E4h,000h,000h
  db 000h,000h
  dw 0127Fh,base+02BAAh
  dw 01580h,base+0282Eh
  dw 01680h,base+026FAh
  dw 01780h,base+025E6h
  dw 0187Fh,base+0238Eh
  dw 01A80h,base+01A83h
  dw 01B80h,base+0144Ah
  dw 01B80h,base+01465h
  dw 01C7Fh,base+0113Ah
  dw 01E80h,base+00E71h
  dw 01F80h,base+00D5Ah
  dw 02080h,base+00CBAh
  dw 0217Fh,base+00C57h
  dw 02380h,base+00B86h
  dw 02480h,base+00AAEh
  dw 02480h,base+00AD2h
  dw 0257Fh,base+00A3Fh
  dw 02680h,base+009CDh
  dw 02680h,base+009F3h
  dw 02780h,base+00958h
  dw 0277Fh,base+0097Fh
  dw 02880h,base+008E0h
  dw 02980h,base+0083Ch
  dw 02980h,base+00865h
  dw 0297Fh,base+0088Eh
  dw 02A7Fh,base+007BEh
  dw 02B00h,base+00691h

GoatWalkAndAttackframe002:
  db 06Ch,01Bh,048h,037h
  db 054h
  db 000h,000h,0C9h,000h,000h
  db 000h,000h
  dw 02C7Fh,base+00639h
  dw 02D80h,base+005B2h
  dw 02E80h,base+004FAh
  dw 02E80h,base+00528h
  dw 02E7Fh,base+00556h
  dw 02F7Fh,base+0040Fh
  dw 0307Fh,base+0034Fh
  dw 0317Fh,base+00165h
  dw 03380h,base+00068h
  dw 0337Fh,base+0009Bh
  dw 03480h,base+00000h
  dw 01112h,base+02C81h
  dw 0191Ah,base+01E93h
  dw 00954h,base+03528h
  dw 00F11h,base+02E5Fh
  dw 01A1Bh,base+01A9Dh
  dw 00954h,base+03528h
  dw 00E11h,base+02F2Bh
  dw 01A1Bh,base+01AB7h
  dw 00954h,base+03531h
  dw 00C11h,base+0312Eh
  dw 01A1Ch,base+01AD1h
  dw 00854h,base+03690h
  dw 00A0Fh,base+033E8h
  dw 01B1Dh,base+01480h
  dw 00954h,base+0353Ah
  dw 0090Fh,base+03543h
  dw 01B1Dh,base+0149Bh
  dw 00954h,base+0354Ch
  dw 0080Fh,base+03698h
  dw 01B1Dh,base+014B6h
  dw 00954h,base+03531h
  dw 0080Fh,base+036A0h
  dw 01B1Dh,base+014D1h
  dw 00954h,base+03555h
  dw 0080Fh,base+036A8h
  dw 01B1Eh,base+014ECh
  dw 00854h,base+036B0h
  dw 0070Eh,base+037DFh
  dw 01B1Eh,base+01507h
  dw 00854h,base+036B8h
  dw 0060Eh,base+03921h
  dw 01B1Eh,base+01522h
  dw 00854h,base+010C7h
  dw 0060Eh,base+03927h
  dw 01B1Eh,base+0153Dh
  dw 00853h,base+036C0h
  dw 0070Fh,base+037E6h
  dw 01B1Eh,base+01558h
  dw 00853h,base+036C8h
  dw 0070Fh,base+037E6h
  dw 01B1Fh,base+01573h
  dw 00752h,base+037EDh
  dw 0060Eh,base+007C0h
  dw 01C20h,base+01156h
  dw 00752h,base+037F4h
  dw 0060Eh,base+0392Dh
  dw 01C20h,base+01172h
  dw 00700h,base+037FBh

GoatWalkAndAttackframe003:
  db 06Eh,01Bh,046h,052h
  db 048h
  db 000h,000h,0AEh,000h,000h
  db 000h,000h
  dw 0070Fh,base+03802h
  dw 01C20h,base+0118Eh
  dw 00751h,base+03809h
  dw 0070Fh,base+03810h
  dw 01C20h,base+011AAh
  dw 00751h,base+03817h
  dw 0060Fh,base+03933h
  dw 01B21h,base+0158Eh
  dw 00650h,base+02045h
  dw 0060Fh,base+03939h
  dw 01B21h,base+015A9h
  dw 0064Fh,base+02045h
  dw 00710h,base+0381Eh
  dw 01B21h,base+015C4h
  dw 0064Fh,base+02045h
  dw 00710h,base+03825h
  dw 01B21h,base+015DFh
  dw 0064Fh,base+02045h
  dw 00610h,base+036F8h
  dw 01B21h,base+015FAh
  dw 0064Fh,base+02045h
  dw 00611h,base+0393Fh
  dw 01A20h,base+01AEBh
  dw 0064Fh,base+02045h
  dw 00611h,base+03945h
  dw 01920h,base+01EACh
  dw 00650h,base+0394Bh
  dw 00510h,base+03A02h
  dw 01920h,base+01EC5h
  dw 00650h,base+03951h
  dw 00410h,base+03438h
  dw 01920h,base+01EDEh
  dw 00650h,base+03957h
  dw 00410h,base+03A2Fh
  dw 01920h,base+01EF7h
  dw 00652h,base+0395Dh
  dw 0020Eh,base+000DCh
  dw 01920h,base+01F10h
  dw 00660h,base+03849h
  dw 01920h,base+01F29h
  dw 00660h,base+03849h
  dw 01920h,base+01F42h
  dw 00660h,base+03849h
  dw 0191Fh,base+01F5Bh
  dw 00761h,base+0382Ch
  dw 0191Fh,base+01F74h
  dw 00761h,base+0382Ch
  dw 0191Fh,base+01F8Dh
  dw 00761h,base+03833h
  dw 0191Eh,base+01FA6h
  dw 00861h,base+00EADh
  dw 01A1Fh,base+01B05h
  dw 00861h,base+036D0h
  dw 01A1Eh,base+01B1Fh
  dw 00962h,base+0355Eh
  dw 01A1Eh,base+01B39h
  dw 00962h,base+03567h
  dw 01A1Eh,base+01B53h
  dw 00962h,base+03570h
  dw 01A1Eh,base+01B6Dh
  dw 00962h,base+03579h
  dw 01A1Eh,base+01B87h
  dw 00862h,base+03367h
  dw 01A1Fh,base+01BA1h
  dw 00761h,base+02F85h
  dw 01A20h,base+01BBBh
  dw 00600h,base+00186h

GoatWalkAndAttackframe004:
  db 034h,01Bh,066h,06Dh
  db 066h
  db 000h,000h,093h,000h,000h
  db 000h,000h
  dw 01A80h,base+01BD5h
  dw 01A80h,base+01BEFh
  dw 01A80h,base+01C09h
  dw 01A80h,base+01C23h
  dw 01A80h,base+01C3Dh
  dw 00A0Bh,base+033F2h
  dw 00F75h,base+02E6Eh
  dw 00A0Ch,base+033FCh
  dw 00E74h,base+02F39h
  dw 00A0Ch,base+03406h
  dw 00E75h,base+02F47h
  dw 0090Bh,base+03582h
  dw 00E75h,base+02F55h
  dw 0090Bh,base+0358Bh
  dw 00405h,base+03A33h
  dw 00970h,base+03594h
  dw 0090Bh,base+0359Dh
  dw 00405h,base+03A37h
  dw 00970h,base+035A6h
  dw 0090Bh,base+035AFh
  dw 00102h,base+00000h
  dw 00203h,base+01412h
  dw 00970h,base+035B8h
  dw 0090Dh,base+035C1h
  dw 00203h,base+00011h
  dw 00871h,base+036D8h
  dw 00710h,base+0383Ah
  dw 00770h,base+03841h
  dw 00710h,base+016F6h
  dw 00771h,base+00118h
  dw 0060Fh,base+0121Ah
  dw 00771h,base+016F6h
  dw 00610h,base+029AAh
  dw 00670h,base+03849h
  dw 00610h,base+029AAh
  dw 00671h,base+029AAh
  dw 00510h,base+00B25h
  dw 00570h,base+00B25h
  dw 00510h,base+00B25h
  dw 00570h,base+00B25h
  dw 00510h,base+00B25h
  dw 00570h,base+00B25h
  dw 0050Fh,base+00FF0h
  dw 00670h,base+03963h
  dw 00610h,base+03969h
  dw 00670h,base+0396Fh
  dw 0060Fh,base+0121Ah
  dw 00770h,base+016F6h
  dw 00710h,base+016F6h
  dw 00770h,base+00118h
  dw 0070Fh,base+00118h
  dw 00870h,base+006BCh
  dw 00810h,base+00D7Fh
  dw 00800h,base+00D7Fh

GoatWalkAndAttackframe005:
  db 02Ah,014h,066h,008h
  db 070h
  db 000h,000h,0F8h,000h,000h
  db 000h,000h
  dw 0027Fh,base+000DCh
  dw 00580h,base+039F3h
  dw 00780h,base+037D8h
  dw 00B80h,base+03272h
  dw 00D7Fh,base+03051h
  dw 00E80h,base+02ED7h
  dw 00E80h,base+02EE5h
  dw 00E80h,base+02EF3h
  dw 00E7Fh,base+02F01h
  dw 00F80h,base+02E23h
  dw 00F80h,base+02E32h
  dw 01080h,base+02DB3h
  dw 01011h,base+02DC3h
  dw 0016Eh,base+00000h
  dw 01112h,base+02C70h
  dw 0026Eh,base+03A59h
  dw 01480h,base+02900h
  dw 00E0Fh,base+02F0Fh
  dw 00571h,base+039F8h
  dw 00D0Fh,base+0305Eh
  dw 00570h,base+039FDh
  dw 00E11h,base+02F1Dh
  dw 0036Fh,base+009B7h
  dw 00F12h,base+02E41h
  dw 0026Eh,base+00011h
  dw 00F00h,base+02E50h

GoatWalkAndAttackframe006:
  db 056h,01Bh,056h,01Ch
  db 066h
  db 000h,000h,0E4h,000h,000h
  db 000h,000h
  dw 0127Fh,base+02BAAh
  dw 01580h,base+0282Eh
  dw 01680h,base+026FAh
  dw 01780h,base+025E6h
  dw 0187Fh,base+0238Eh
  dw 01A80h,base+01A83h
  dw 01B80h,base+0144Ah
  dw 01B80h,base+01465h
  dw 01C7Fh,base+0113Ah
  dw 01E80h,base+00E71h
  dw 01F80h,base+00D5Ah
  dw 02080h,base+00CBAh
  dw 0217Fh,base+00C57h
  dw 02380h,base+00B86h
  dw 02480h,base+00AAEh
  dw 02480h,base+00AD2h
  dw 0257Fh,base+00A3Fh
  dw 02680h,base+009CDh
  dw 02680h,base+009F3h
  dw 02780h,base+00958h
  dw 0277Fh,base+0097Fh
  dw 02880h,base+008E0h
  dw 02980h,base+0083Ch
  dw 02980h,base+00865h
  dw 0297Fh,base+0088Eh
  dw 02A7Fh,base+007BEh
  dw 02B00h,base+00691h

GoatWalkAndAttackframe007:
  db 06Ch,01Bh,048h,037h
  db 054h
  db 000h,000h,0C9h,000h,000h
  db 000h,000h
  dw 02C7Fh,base+00639h
  dw 02D80h,base+005B2h
  dw 02E80h,base+004FAh
  dw 02E80h,base+00528h
  dw 02E7Fh,base+00556h
  dw 02F7Fh,base+0040Fh
  dw 0307Fh,base+0034Fh
  dw 0317Fh,base+00165h
  dw 03380h,base+00068h
  dw 0337Fh,base+0009Bh
  dw 03480h,base+00000h
  dw 01112h,base+02C81h
  dw 0191Ah,base+01E93h
  dw 00954h,base+03528h
  dw 00F11h,base+02E5Fh
  dw 01A1Bh,base+01A9Dh
  dw 00954h,base+03528h
  dw 00E11h,base+02F2Bh
  dw 01A1Bh,base+01AB7h
  dw 00954h,base+03531h
  dw 00C11h,base+0312Eh
  dw 01A1Ch,base+01AD1h
  dw 00854h,base+03690h
  dw 00A0Fh,base+033E8h
  dw 01B1Dh,base+01480h
  dw 00954h,base+0353Ah
  dw 0090Fh,base+03543h
  dw 01B1Dh,base+0149Bh
  dw 00954h,base+0354Ch
  dw 0080Fh,base+03698h
  dw 01B1Dh,base+014B6h
  dw 00954h,base+03531h
  dw 0080Fh,base+036A0h
  dw 01B1Dh,base+014D1h
  dw 00954h,base+03555h
  dw 0080Fh,base+036A8h
  dw 01B1Eh,base+014ECh
  dw 00854h,base+036B0h
  dw 0070Eh,base+037DFh
  dw 01B1Eh,base+01507h
  dw 00854h,base+036B8h
  dw 0060Eh,base+03921h
  dw 01B1Eh,base+01522h
  dw 00854h,base+010C7h
  dw 0060Eh,base+03927h
  dw 01B1Eh,base+0153Dh
  dw 00853h,base+036C0h
  dw 0070Fh,base+037E6h
  dw 01B1Eh,base+01558h
  dw 00853h,base+036C8h
  dw 0070Fh,base+037E6h
  dw 01B1Fh,base+01573h
  dw 00752h,base+037EDh
  dw 0060Eh,base+007C0h
  dw 01C20h,base+01156h
  dw 00752h,base+037F4h
  dw 0060Eh,base+0392Dh
  dw 01C20h,base+01172h
  dw 00700h,base+037FBh

GoatWalkAndAttackframe008:
  db 06Eh,01Bh,046h,052h
  db 048h
  db 000h,000h,0AEh,000h,000h
  db 000h,000h
  dw 0070Fh,base+03802h
  dw 01C20h,base+0118Eh
  dw 00751h,base+03809h
  dw 0070Fh,base+03810h
  dw 01C20h,base+011AAh
  dw 00751h,base+03817h
  dw 0060Fh,base+03933h
  dw 01B21h,base+0158Eh
  dw 00650h,base+02045h
  dw 0060Fh,base+03939h
  dw 01B21h,base+015A9h
  dw 0064Fh,base+02045h
  dw 00710h,base+0381Eh
  dw 01B21h,base+015C4h
  dw 0064Fh,base+02045h
  dw 00710h,base+03825h
  dw 01B21h,base+015DFh
  dw 0064Fh,base+02045h
  dw 00610h,base+036F8h
  dw 01B21h,base+015FAh
  dw 0064Fh,base+02045h
  dw 00611h,base+0393Fh
  dw 01A20h,base+01AEBh
  dw 0064Fh,base+02045h
  dw 00611h,base+03945h
  dw 01920h,base+01EACh
  dw 00650h,base+0394Bh
  dw 00510h,base+03A02h
  dw 01920h,base+01EC5h
  dw 00650h,base+03951h
  dw 00410h,base+03438h
  dw 01920h,base+01EDEh
  dw 00650h,base+03957h
  dw 00410h,base+03A2Fh
  dw 01920h,base+01EF7h
  dw 00652h,base+0395Dh
  dw 0020Eh,base+000DCh
  dw 01920h,base+01F10h
  dw 00660h,base+03849h
  dw 01920h,base+01F29h
  dw 00660h,base+03849h
  dw 01920h,base+01F42h
  dw 00660h,base+03849h
  dw 0191Fh,base+01F5Bh
  dw 00761h,base+0382Ch
  dw 0191Fh,base+01F74h
  dw 00761h,base+0382Ch
  dw 0191Fh,base+01F8Dh
  dw 00761h,base+03833h
  dw 0191Eh,base+01FA6h
  dw 00861h,base+00EADh
  dw 01A1Fh,base+01B05h
  dw 00861h,base+036D0h
  dw 01A1Eh,base+01B1Fh
  dw 00962h,base+0355Eh
  dw 01A1Eh,base+01B39h
  dw 00962h,base+03567h
  dw 01A1Eh,base+01B53h
  dw 00962h,base+03570h
  dw 01A1Eh,base+01B6Dh
  dw 00962h,base+03579h
  dw 01A1Eh,base+01B87h
  dw 00862h,base+03367h
  dw 01A1Fh,base+01BA1h
  dw 00761h,base+02F85h
  dw 01A20h,base+01BBBh
  dw 00600h,base+00186h

GoatWalkAndAttackframe009:
  db 034h,01Bh,066h,06Dh
  db 066h
  db 000h,000h,093h,000h,000h
  db 000h,000h
  dw 01A80h,base+01BD5h
  dw 01A80h,base+01BEFh
  dw 01A80h,base+01C09h
  dw 01A80h,base+01C23h
  dw 01A80h,base+01C3Dh
  dw 00A0Bh,base+033F2h
  dw 00F75h,base+02E6Eh
  dw 00A0Ch,base+033FCh
  dw 00E74h,base+02F39h
  dw 00A0Ch,base+03406h
  dw 00E75h,base+02F47h
  dw 0090Bh,base+03582h
  dw 00E75h,base+02F55h
  dw 0090Bh,base+0358Bh
  dw 00405h,base+03A33h
  dw 00970h,base+03594h
  dw 0090Bh,base+0359Dh
  dw 00405h,base+03A37h
  dw 00970h,base+035A6h
  dw 0090Bh,base+035AFh
  dw 00102h,base+00000h
  dw 00203h,base+01412h
  dw 00970h,base+035B8h
  dw 0090Dh,base+035C1h
  dw 00203h,base+00011h
  dw 00871h,base+036D8h
  dw 00710h,base+0383Ah
  dw 00770h,base+03841h
  dw 00710h,base+016F6h
  dw 00771h,base+00118h
  dw 0060Fh,base+0121Ah
  dw 00771h,base+016F6h
  dw 00610h,base+029AAh
  dw 00670h,base+03849h
  dw 00610h,base+029AAh
  dw 00671h,base+029AAh
  dw 00510h,base+00B25h
  dw 00570h,base+00B25h
  dw 00510h,base+00B25h
  dw 00570h,base+00B25h
  dw 00510h,base+00B25h
  dw 00570h,base+00B25h
  dw 0050Fh,base+00FF0h
  dw 00670h,base+03963h
  dw 00610h,base+03969h
  dw 00670h,base+0396Fh
  dw 0060Fh,base+0121Ah
  dw 00770h,base+016F6h
  dw 00710h,base+016F6h
  dw 00770h,base+00118h
  dw 0070Fh,base+00118h
  dw 00870h,base+006BCh
  dw 00810h,base+00D7Fh
  dw 00800h,base+00D7Fh

GoatWalkAndAttackframe010:
  db 02Ah,015h,066h,007h
  db 070h
  db 000h,000h,0F9h,000h,000h
  db 000h,000h
  dw 0027Fh,base+000DCh
  dw 00580h,base+039F3h
  dw 00780h,base+037D8h
  dw 00B80h,base+03272h
  dw 00D7Fh,base+03051h
  dw 00E80h,base+02ED7h
  dw 00E80h,base+02EE5h
  dw 00E80h,base+02EF3h
  dw 00E7Fh,base+02F01h
  dw 00F80h,base+02E23h
  dw 00F80h,base+02E32h
  dw 01080h,base+02DB3h
  dw 01011h,base+02DC3h
  dw 0016Eh,base+00000h
  dw 01112h,base+02C70h
  dw 0026Eh,base+03A59h
  dw 01480h,base+02900h
  dw 00E0Fh,base+02F0Fh
  dw 00571h,base+039F8h
  dw 00D0Fh,base+0305Eh
  dw 00570h,base+039FDh
  dw 00E11h,base+02F1Dh
  dw 0036Fh,base+009B7h
  dw 00F12h,base+02E41h
  dw 0026Eh,base+00011h
  dw 00F80h,base+02E50h
  dw 01200h,base+02BAAh

GoatWalkAndAttackframe011:
  db 058h,01Bh,054h,01Ch
  db 064h
  db 000h,000h,0E4h,000h,000h
  db 000h,000h
  dw 01580h,base+0282Eh
  dw 01680h,base+026FAh
  dw 01780h,base+025E6h
  dw 0187Fh,base+0238Eh
  dw 01A80h,base+01A83h
  dw 01B80h,base+0144Ah
  dw 01B80h,base+01465h
  dw 01C7Fh,base+0113Ah
  dw 01E80h,base+00E71h
  dw 01F80h,base+00D5Ah
  dw 02080h,base+00CBAh
  dw 0217Fh,base+00C57h
  dw 02380h,base+00B86h
  dw 02480h,base+00AAEh
  dw 02480h,base+00AD2h
  dw 0257Fh,base+00A3Fh
  dw 02680h,base+009CDh
  dw 02680h,base+009F3h
  dw 02780h,base+00958h
  dw 0277Fh,base+0097Fh
  dw 02880h,base+008E0h
  dw 02980h,base+0083Ch
  dw 02980h,base+00865h
  dw 0297Fh,base+0088Eh
  dw 02A7Fh,base+007BEh
  dw 02B7Fh,base+00691h
  dw 02C00h,base+00639h

GoatWalkAndAttackframe012:
  db 06Ch,01Bh,048h,037h
  db 052h
  db 000h,000h,0C9h,000h,000h
  db 000h,000h
  dw 02D80h,base+005B2h
  dw 02E80h,base+004FAh
  dw 02E80h,base+00528h
  dw 02E7Fh,base+00556h
  dw 02F7Fh,base+0040Fh
  dw 0307Fh,base+0034Fh
  dw 0317Fh,base+00165h
  dw 03380h,base+00068h
  dw 0337Fh,base+0009Bh
  dw 03480h,base+00000h
  dw 01112h,base+02C81h
  dw 0191Ah,base+01E93h
  dw 00954h,base+03528h
  dw 00F11h,base+02E5Fh
  dw 01A1Bh,base+01A9Dh
  dw 00954h,base+03528h
  dw 00E11h,base+02F2Bh
  dw 01A1Bh,base+01AB7h
  dw 00954h,base+03531h
  dw 00C11h,base+0312Eh
  dw 01A1Ch,base+01AD1h
  dw 00854h,base+03690h
  dw 00A0Fh,base+033E8h
  dw 01B1Dh,base+01480h
  dw 00954h,base+0353Ah
  dw 0090Fh,base+03543h
  dw 01B1Dh,base+0149Bh
  dw 00954h,base+0354Ch
  dw 0080Fh,base+03698h
  dw 01B1Dh,base+014B6h
  dw 00954h,base+03531h
  dw 0080Fh,base+036A0h
  dw 01B1Dh,base+014D1h
  dw 00954h,base+03555h
  dw 0080Fh,base+036A8h
  dw 01B1Eh,base+014ECh
  dw 00854h,base+036B0h
  dw 0070Eh,base+037DFh
  dw 01B1Eh,base+01507h
  dw 00854h,base+036B8h
  dw 0060Eh,base+03921h
  dw 01B1Eh,base+01522h
  dw 00854h,base+010C7h
  dw 0060Eh,base+03927h
  dw 01B1Eh,base+0153Dh
  dw 00853h,base+036C0h
  dw 0070Fh,base+037E6h
  dw 01B1Eh,base+01558h
  dw 00853h,base+036C8h
  dw 0070Fh,base+037E6h
  dw 01B1Fh,base+01573h
  dw 00752h,base+037EDh
  dw 0060Eh,base+007C0h
  dw 01C20h,base+01156h
  dw 00752h,base+037F4h
  dw 0060Eh,base+0392Dh
  dw 01C20h,base+01172h
  dw 00751h,base+037FBh
  dw 0070Fh,base+03802h
  dw 01C20h,base+0118Eh
  dw 00700h,base+03809h

GoatWalkAndAttackframe013:
  db 06Eh,01Bh,046h,052h
  db 048h
  db 000h,000h,0AEh,000h,000h
  db 000h,000h
  dw 0070Fh,base+03810h
  dw 01C20h,base+011AAh
  dw 00751h,base+03817h
  dw 0060Fh,base+03933h
  dw 01B21h,base+0158Eh
  dw 00650h,base+02045h
  dw 0060Fh,base+03939h
  dw 01B21h,base+015A9h
  dw 0064Fh,base+02045h
  dw 00710h,base+0381Eh
  dw 01B21h,base+015C4h
  dw 0064Fh,base+02045h
  dw 00710h,base+03825h
  dw 01B21h,base+015DFh
  dw 0064Fh,base+02045h
  dw 00610h,base+036F8h
  dw 01B21h,base+015FAh
  dw 0064Fh,base+02045h
  dw 00611h,base+0393Fh
  dw 01A20h,base+01AEBh
  dw 0064Fh,base+02045h
  dw 00611h,base+03945h
  dw 01920h,base+01EACh
  dw 00650h,base+0394Bh
  dw 00510h,base+03A02h
  dw 01920h,base+01EC5h
  dw 00650h,base+03951h
  dw 00410h,base+03438h
  dw 01920h,base+01EDEh
  dw 00650h,base+03957h
  dw 00410h,base+03A2Fh
  dw 01920h,base+01EF7h
  dw 00652h,base+0395Dh
  dw 0020Fh,base+000DCh
  dw 0181Fh,base+01F11h
  dw 00660h,base+03849h
  dw 01920h,base+01F29h
  dw 00660h,base+03849h
  dw 01920h,base+01F42h
  dw 00660h,base+03849h
  dw 0191Fh,base+01F5Bh
  dw 00761h,base+0382Ch
  dw 0191Fh,base+01FBFh
  dw 00761h,base+0382Ch
  dw 0191Fh,base+01FD8h
  dw 00761h,base+03833h
  dw 0191Eh,base+01FF1h
  dw 00862h,base+00EADh
  dw 0191Eh,base+0200Ah
  dw 00861h,base+036D0h
  dw 01A1Eh,base+01C57h
  dw 00962h,base+0355Eh
  dw 01A1Eh,base+01C71h
  dw 00962h,base+03567h
  dw 01A1Eh,base+01C8Bh
  dw 00962h,base+03570h
  dw 01A1Eh,base+01CA5h
  dw 00962h,base+03579h
  dw 01A1Eh,base+01B6Dh
  dw 00862h,base+03367h
  dw 01A1Fh,base+01B87h
  dw 00761h,base+02F85h
  dw 01A20h,base+01BA1h
  dw 00660h,base+00186h
  dw 01A00h,base+01BBBh

GoatWalkAndAttackframe014:
  db 034h,01Bh,066h,06Dh
  db 066h
  db 000h,000h,093h,000h,000h
  db 000h,000h
  dw 01A80h,base+01BD5h
  dw 01A80h,base+01BEFh
  dw 01A80h,base+01C09h
  dw 01A80h,base+01C23h
  dw 01A80h,base+01C3Dh
  dw 00A0Bh,base+033F2h
  dw 00F75h,base+02E6Eh
  dw 00A0Ch,base+033FCh
  dw 00E74h,base+02F39h
  dw 00A0Ch,base+03406h
  dw 00E75h,base+02F47h
  dw 0090Bh,base+03582h
  dw 00E75h,base+02F55h
  dw 0090Bh,base+0358Bh
  dw 00405h,base+03A33h
  dw 00970h,base+03594h
  dw 0090Bh,base+0359Dh
  dw 00405h,base+03A37h
  dw 00970h,base+035A6h
  dw 0090Bh,base+035AFh
  dw 00102h,base+00000h
  dw 00203h,base+01412h
  dw 00870h,base+036E0h
  dw 0090Dh,base+035C1h
  dw 00203h,base+00011h
  dw 00871h,base+036E8h
  dw 00710h,base+0383Ah
  dw 00770h,base+03848h
  dw 00710h,base+016F6h
  dw 00671h,base+0121Ah
  dw 0060Fh,base+0121Ah
  dw 00671h,base+02DA3h
  dw 00610h,base+029AAh
  dw 00570h,base+00B25h
  dw 00610h,base+029AAh
  dw 00571h,base+00B25h
  dw 0050Fh,base+00B25h
  dw 00471h,base+01630h
  dw 0050Fh,base+00B25h
  dw 00471h,base+01630h
  dw 0050Fh,base+00B25h
  dw 00571h,base+03A07h
  dw 0050Fh,base+00FF0h
  dw 00570h,base+03A0Ch
  dw 00610h,base+03969h
  dw 00670h,base+03975h
  dw 0060Fh,base+0121Ah
  dw 00770h,base+016F6h
  dw 00710h,base+016F6h
  dw 00870h,base+00EADh
  dw 00710h,base+00118h
  dw 0086Fh,base+006BCh
  dw 00811h,base+00D7Fh
  dw 00800h,base+00D7Fh

GoatWalkAndAttackframe015:
  db 054h,011h,044h,00Bh
  db 088h
  db 000h,000h,0F5h,000h,000h
  db 000h,000h
  dw 0027Fh,base+00936h
  dw 0037Fh,base+0013Fh
  dw 0057Eh,base+03A11h
  dw 0077Fh,base+0384Fh
  dw 0087Bh,base+036F0h
  dw 00304h,base+00011h
  dw 00A7Bh,base+03410h
  dw 00F80h,base+02E7Dh
  dw 00F7Fh,base+02E8Ch
  dw 01180h,base+02C92h
  dw 0117Fh,base+02CA3h
  dw 0127Eh,base+02BBCh
  dw 0157Fh,base+02843h
  dw 0167Fh,base+02710h
  dw 01871h,base+023A6h
  dw 0020Eh,base+00011h
  dw 01971h,base+02023h
  dw 00406h,base+03A3Bh
  dw 00307h,base+00011h
  dw 01C72h,base+011C6h
  dw 00607h,base+00B24h
  dw 00406h,base+03A3Fh
  dw 01D00h,base+0106Fh

GoatWalkAndAttackframe016:
  db 06Ah,01Bh,034h,01Ch
  db 044h
  db 000h,000h,0E4h,000h,000h
  db 000h,000h
  dw 00B0Ch,base+0327Dh
  dw 01E73h,base+00E8Fh
  dw 02B80h,base+006BCh
  dw 02B80h,base+006E7h
  dw 02B80h,base+00712h
  dw 02B80h,base+0073Dh
  dw 02B80h,base+00768h
  dw 02A80h,base+007E8h
  dw 02B7Fh,base+00793h
  dw 02C7Fh,base+00665h
  dw 02E7Eh,base+00584h
  dw 0307Fh,base+0037Fh
  dw 0317Fh,base+00196h
  dw 0337Fh,base+000CEh
  dw 03480h,base+00034h
  dw 00D0Eh,base+0306Bh
  dw 02672h,base+00A19h
  dw 00C0Fh,base+0313Ah
  dw 02571h,base+00A64h
  dw 00B10h,base+03288h
  dw 02570h,base+00A89h
  dw 00A11h,base+0341Ah
  dw 0246Fh,base+00AF6h
  dw 00812h,base+036F8h
  dw 0236Eh,base+00BA9h
  dw 00613h,base+0397Bh
  dw 0226Dh,base+00C35h
  dw 00515h,base+03A16h
  dw 0206Bh,base+00CDAh
  dw 00419h,base+03A43h
  dw 01C68h,base+011E2h
  dw 0021Bh,base+000DCh
  dw 01980h,base+0203Ch
  dw 01880h,base+023BEh
  dw 01880h,base+023D6h
  dw 0187Fh,base+023EEh
  dw 01900h,base+02055h

GoatWalkAndAttackframe017:
  db 03Ch,01Bh,062h,037h
  db 06Ah
  db 000h,000h,0C9h,000h,000h
  db 000h,000h
  dw 01980h,base+0206Eh
  dw 01980h,base+02087h
  dw 01980h,base+020A0h
  dw 01980h,base+020B9h
  dw 0197Eh,base+020D2h
  dw 01B80h,base+01615h
  dw 01B7Fh,base+01630h
  dw 01C80h,base+011FEh
  dw 01C7Fh,base+0121Ah
  dw 01D80h,base+0108Ch
  dw 01E80h,base+00EADh
  dw 01E80h,base+00ECBh
  dw 01E80h,base+00EE9h
  dw 01E80h,base+00F07h
  dw 01E81h,base+00F25h
  dw 01D80h,base+010A9h
  dw 01D81h,base+010C6h
  dw 01C81h,base+01236h
  dw 01B80h,base+0164Bh
  dw 01B80h,base+01666h
  dw 01B80h,base+01681h
  dw 01B80h,base+0169Ch
  dw 01B7Fh,base+016B7h
  dw 01C80h,base+01252h
  dw 01C80h,base+0126Eh
  dw 01C80h,base+0128Ah
  dw 01C00h,base+012A6h

GoatWalkAndAttackframe018:
  db 038h,01Bh,066h,052h
  db 066h
  db 000h,000h,0AEh,000h,000h
  db 000h,000h
  dw 01C80h,base+012C2h
  dw 01B80h,base+016D2h
  dw 01B80h,base+016EDh
  dw 01B80h,base+01708h
  dw 01B80h,base+01723h
  dw 01B81h,base+0173Eh
  dw 01980h,base+020EBh
  dw 01980h,base+02104h
  dw 01980h,base+0211Dh
  dw 01980h,base+02136h
  dw 01980h,base+0214Fh
  dw 01980h,base+02168h
  dw 01980h,base+02181h
  dw 01980h,base+0219Ah
  dw 01980h,base+021B3h
  dw 01980h,base+021CCh
  dw 01980h,base+021E5h
  dw 01980h,base+021FEh
  dw 0197Fh,base+02217h
  dw 01A80h,base+01C57h
  dw 01A80h,base+01C71h
  dw 01A80h,base+01C8Bh
  dw 01A80h,base+01CA5h
  dw 01A80h,base+01B6Dh
  dw 01A80h,base+01B87h
  dw 01A80h,base+01BA1h
  dw 01A00h,base+01BBBh

GoatWalkAndAttackframe019:
  db 034h,01Bh,066h,06Dh
  db 066h
  db 000h,000h,093h,000h,000h
  db 000h,000h
  dw 01A80h,base+01BD5h
  dw 01A80h,base+01BEFh
  dw 01A80h,base+01C09h
  dw 01A80h,base+01C23h
  dw 01A80h,base+01C3Dh
  dw 00A0Bh,base+033F2h
  dw 00F75h,base+02E6Eh
  dw 00A0Ch,base+033FCh
  dw 00E74h,base+02F39h
  dw 00A0Ch,base+03406h
  dw 00E75h,base+02F47h
  dw 0090Bh,base+03582h
  dw 00E75h,base+02F55h
  dw 0090Bh,base+0358Bh
  dw 00405h,base+03A33h
  dw 00970h,base+03594h
  dw 0090Bh,base+0359Dh
  dw 00405h,base+03A37h
  dw 00970h,base+035A6h
  dw 0090Bh,base+035AFh
  dw 00102h,base+00000h
  dw 00203h,base+01412h
  dw 00870h,base+036E0h
  dw 0090Dh,base+035C1h
  dw 00203h,base+00011h
  dw 00871h,base+036E8h
  dw 00710h,base+0383Ah
  dw 00770h,base+03848h
  dw 00710h,base+016F6h
  dw 00671h,base+0121Ah
  dw 0060Fh,base+0121Ah
  dw 00671h,base+02DA3h
  dw 00610h,base+029AAh
  dw 00570h,base+00B25h
  dw 00610h,base+029AAh
  dw 00571h,base+00B25h
  dw 0050Fh,base+00B25h
  dw 00471h,base+01630h
  dw 0050Fh,base+00B25h
  dw 00471h,base+01630h
  dw 0050Fh,base+00B25h
  dw 00571h,base+03A07h
  dw 0050Fh,base+00FF0h
  dw 00570h,base+03A0Ch
  dw 00610h,base+03969h
  dw 00670h,base+03975h
  dw 0060Fh,base+0121Ah
  dw 00770h,base+016F6h
  dw 00710h,base+016F6h
  dw 00870h,base+00EADh
  dw 00710h,base+00118h
  dw 0086Fh,base+006BCh
  dw 00811h,base+00D7Fh
  dw 00800h,base+00D7Fh

GoatWalkAndAttackframe020:
  db 05Eh,00Bh,04Ch,011h
  db 078h
  db 000h,000h,0EFh,000h,000h
  db 000h,000h
  dw 00273h,base+00011h
  dw 0050Dh,base+00011h
  dw 0030Ah,base+02D91h
  dw 00369h,base+00011h
  dw 0050Eh,base+0063Ah
  dw 00308h,base+03864h
  dw 00569h,base+03A1Bh
  dw 0070Fh,base+0382Ch
  dw 00507h,base+03A20h
  dw 0070Bh,base+02FE8h
  dw 0055Fh,base+0078Eh
  dw 00708h,base+00118h
  dw 00308h,base+00011h
  dw 0166Fh,base+02726h
  dw 00C11h,base+009A6h
  dw 0166Eh,base+0273Ch
  dw 00E11h,base+02F63h
  dw 0176Fh,base+025FDh
  dw 0297Fh,base+008B7h
  dw 02A7Dh,base+00812h
  dw 02D7Eh,base+005DFh
  dw 02F00h,base+0043Eh

GoatWalkAndAttackframe021:
  db 066h,01Bh,04Ah,01Ch
  db 04Ch
  db 000h,000h,0E4h,000h,000h
  db 000h,000h
  dw 02F7Fh,base+0046Dh
  dw 03080h,base+003AFh
  dw 03180h,base+001C7h
  dw 03180h,base+001F8h
  dw 03180h,base+00229h
  dw 03180h,base+0025Ah
  dw 03280h,base+00101h
  dw 00C0Eh,base+03146h
  dw 02472h,base+00B1Ah
  dw 00B0Fh,base+03293h
  dw 02372h,base+00BCCh
  dw 00304h,base+00039h
  dw 0060Ah,base+03981h
  dw 02476h,base+00B3Eh
  dw 0060Bh,base+03981h
  dw 02375h,base+00BEFh
  dw 0060Ch,base+03987h
  dw 01315h,base+02A54h
  dw 00D5Fh,base+03078h
  dw 0060Ch,base+03987h
  dw 01316h,base+02A67h
  dw 00C5Eh,base+03152h
  dw 0060Dh,base+0398Dh
  dw 01217h,base+02BCEh
  dw 00A5Dh,base+03424h
  dw 0060Ch,base+03993h
  dw 01219h,base+02BE0h
  dw 0085Bh,base+03700h
  dw 0060Dh,base+03999h
  dw 0121Dh,base+02BF2h
  dw 00256h,base+0002Fh
  dw 01F80h,base+00D79h
  dw 01F80h,base+00D98h
  dw 01F80h,base+00DB7h
  dw 01F80h,base+00DD6h
  dw 01F81h,base+00DF5h
  dw 01E80h,base+00F43h
  dw 01E81h,base+00F61h
  dw 01D80h,base+010E3h
  dw 01D82h,base+01100h
  dw 01B83h,base+01759h
  dw 01800h,base+02406h

GoatWalkAndAttackframe022:
  db 036h,01Bh,060h,037h
  db 06Ch
  db 000h,000h,0C9h,000h,000h
  db 000h,000h
  dw 01480h,base+02914h
  dw 01480h,base+02928h
  dw 01480h,base+0293Ch
  dw 01480h,base+02950h
  dw 01480h,base+02964h
  dw 01480h,base+02978h
  dw 01480h,base+0298Ch
  dw 01480h,base+029A0h
  dw 0147Fh,base+029B4h
  dw 0157Fh,base+02858h
  dw 01680h,base+02752h
  dw 0167Fh,base+02768h
  dw 01780h,base+02614h
  dw 01780h,base+0262Bh
  dw 0177Fh,base+02642h
  dw 01880h,base+0241Eh
  dw 0197Fh,base+02230h
  dw 01A80h,base+01CBFh
  dw 01A80h,base+01CD9h
  dw 01A80h,base+01CF3h
  dw 01A80h,base+01D0Dh
  dw 01A7Fh,base+01D27h
  dw 01B80h,base+01774h
  dw 01B80h,base+0178Fh
  dw 01B80h,base+017AAh
  dw 01B80h,base+017C5h
  dw 01B00h,base+017E0h

GoatWalkAndAttackframe023:
  db 036h,01Bh,060h,052h
  db 060h
  db 000h,000h,0AEh,000h,000h
  db 000h,000h
  dw 01B80h,base+017FBh
  dw 01B80h,base+01816h
  dw 01B81h,base+01831h
  dw 01A80h,base+01D41h
  dw 01A80h,base+01D5Bh
  dw 01A80h,base+01D75h
  dw 01A80h,base+01D8Fh
  dw 01A80h,base+01DA9h
  dw 01981h,base+02249h
  dw 01880h,base+02436h
  dw 01880h,base+0244Eh
  dw 01880h,base+02466h
  dw 01881h,base+0247Eh
  dw 01680h,base+0277Eh
  dw 01680h,base+02794h
  dw 01681h,base+027AAh
  dw 01580h,base+0286Dh
  dw 01580h,base+02882h
  dw 01580h,base+02897h
  dw 01580h,base+028ACh
  dw 01680h,base+027C0h
  dw 01680h,base+027D6h
  dw 01680h,base+027ECh
  dw 01314h,base+02A7Ah
  dw 0026Ch,base+013F6h
  dw 01314h,base+02A8Dh
  dw 0036Dh,base+02AF2h
  dw 01214h,base+02C04h
  dw 0026Ch,base+01412h
  dw 01214h,base+02C16h
  dw 00200h,base+03343h

GoatWalkAndAttackframe024:
  db 032h,01Bh,066h,06Dh
  db 06Ah
  db 000h,000h,093h,000h,000h
  db 000h,000h
  dw 01315h,base+02AA0h
  dw 0026Bh,base+00011h
  dw 01380h,base+02AB3h
  dw 01380h,base+02AC6h
  dw 01380h,base+02AD9h
  dw 01380h,base+02AECh
  dw 01380h,base+02AFFh
  dw 00F10h,base+02E9Bh
  dw 00371h,base+01217h
  dw 00E0Fh,base+02F71h
  dw 00371h,base+02659h
  dw 00E10h,base+02F7Fh
  dw 00370h,base+03A53h
  dw 00E11h,base+02F8Dh
  dw 0026Fh,base+01B6Dh
  dw 00E11h,base+02F9Bh
  dw 0026Fh,base+00011h
  dw 00E80h,base+02FA9h
  dw 00E80h,base+02FB7h
  dw 00E80h,base+02FC5h
  dw 00E80h,base+02FD3h
  dw 00708h,base+03856h
  dw 00677h,base+0121Ah
  dw 00809h,base+00EADh
  dw 00677h,base+02DA3h
  dw 0080Ah,base+00EADh
  dw 00576h,base+0063Ah
  dw 0070Ah,base+016F6h
  dw 00576h,base+0063Ah
  dw 0070Ah,base+03833h
  dw 00576h,base+02D11h
  dw 0060Bh,base+0399Fh
  dw 00475h,base+01630h
  dw 0060Bh,base+039A5h
  dw 00574h,base+03A25h
  dw 0070Bh,base+0382Ch
  dw 00675h,base+03963h
  dw 0070Bh,base+0382Ch
  dw 00675h,base+0121Ah
  dw 0070Ah,base+03833h
  dw 00775h,base+016F6h
  dw 0070Bh,base+016F6h
  dw 00775h,base+00118h
  dw 0070Bh,base+00186h
  dw 00700h,base+00186h

GoatWalkAndAttackframe025:
  db 03Ch,00Ch,062h,010h
  db 068h
  db 000h,000h,0F0h,000h,000h
  db 000h,000h
  dw 0027Fh,base+00011h
  dw 0040Ch,base+02E16h
  dw 00474h,base+03A47h
  dw 0040Ah,base+01630h
  dw 00675h,base+039ABh
  dw 0060Bh,base+039B1h
  dw 0070Ah,base+0385Dh
  dw 0036Bh,base+00011h
  dw 0060Ch,base+039B7h
  dw 00708h,base+03864h
  dw 0056Ch,base+03A1Bh
  dw 0060Ch,base+039B7h
  dw 00E73h,base+02FE1h
  dw 0080Dh,base+03708h
  dw 00E73h,base+02FEFh
  dw 0080Dh,base+03710h
  dw 01073h,base+02DD3h
  dw 0080Dh,base+03710h
  dw 01073h,base+02DE3h
  dw 0090Dh,base+035CAh
  dw 01173h,base+02CB4h
  dw 0090Dh,base+035D3h
  dw 01173h,base+02CC5h
  dw 0090Fh,base+035D3h
  dw 00F00h,base+005F6h

GoatWalkAndAttackframe026:
  db 050h,01Bh,062h,01Ch
  db 064h
  db 000h,000h,0E4h,000h,000h
  db 000h,000h
  dw 0080Ch,base+03718h
  dw 01174h,base+02CD6h
  dw 0080Bh,base+03718h
  dw 01375h,base+02B12h
  dw 0090Bh,base+035DCh
  dw 01375h,base+02B25h
  dw 0090Ah,base+035E5h
  dw 01476h,base+029C8h
  dw 0090Ah,base+035EEh
  dw 01476h,base+029DCh
  dw 0090Ah,base+02C42h
  dw 01376h,base+02B38h
  dw 0090Bh,base+035F7h
  dw 01276h,base+02C28h
  dw 0080Ah,base+03720h
  dw 01376h,base+02B4Bh
  dw 0090Ah,base+03600h
  dw 01376h,base+02B5Eh
  dw 0090Ah,base+00F7Fh
  dw 01476h,base+029F0h
  dw 01E80h,base+00F7Fh
  dw 01E80h,base+00F9Dh
  dw 01E80h,base+00FBBh
  dw 01E80h,base+00FD9h
  dw 01E81h,base+00FF7h
  dw 01E80h,base+01015h
  dw 01E80h,base+01033h
  dw 01F7Fh,base+00E14h
  dw 01718h,base+02659h
  dw 00868h,base+03728h
  dw 01718h,base+02670h
  dw 00967h,base+03609h
  dw 01819h,base+02496h
  dw 00A67h,base+0342Eh
  dw 0181Ah,base+024AEh
  dw 00A66h,base+03438h
  dw 0181Ah,base+024C6h
  dw 00A66h,base+03442h
  dw 0181Bh,base+024DEh
  dw 00A64h,base+0344Ch
  dw 0191Ch,base+02262h
  dw 00A64h,base+03456h
  dw 0191Ch,base+0227Bh
  dw 00B64h,base+0329Eh
  dw 0191Dh,base+02294h
  dw 00B00h,base+032A9h

GoatWalkAndAttackframe027:
  db 072h,01Bh,058h,037h
  db 062h
  db 000h,000h,0C9h,000h,000h
  db 000h,000h
  dw 0191Dh,base+022ADh
  dw 00B62h,base+032B4h
  dw 0191Fh,base+022C6h
  dw 00B61h,base+032BFh
  dw 0191Fh,base+022DFh
  dw 00B61h,base+032CAh
  dw 01820h,base+024F6h
  dw 00B60h,base+032D5h
  dw 01820h,base+0250Eh
  dw 00C60h,base+0315Eh
  dw 01821h,base+02526h
  dw 00B5Eh,base+032E0h
  dw 01822h,base+0253Eh
  dw 00C5Eh,base+0316Ah
  dw 01823h,base+02556h
  dw 00B5Dh,base+032EBh
  dw 01823h,base+0256Eh
  dw 00C5Dh,base+03176h
  dw 01824h,base+02586h
  dw 00B5Ch,base+032F6h
  dw 01824h,base+0259Eh
  dw 00C5Bh,base+03182h
  dw 01925h,base+022F8h
  dw 00C5Bh,base+0318Eh
  dw 01926h,base+02311h
  dw 00C59h,base+0319Ah
  dw 01927h,base+0232Ah
  dw 00C59h,base+031A6h
  dw 01928h,base+02343h
  dw 00D58h,base+03085h
  dw 01928h,base+0235Ch
  dw 00D57h,base+03092h
  dw 01A29h,base+01DC3h
  dw 00E57h,base+02FFDh
  dw 01A2Ah,base+01DDDh
  dw 00D56h,base+0309Fh
  dw 01B2Ah,base+0184Ch
  dw 00E56h,base+0300Bh
  dw 01B2Bh,base+01867h
  dw 00D55h,base+030ACh
  dw 01B2Bh,base+01882h
  dw 00E55h,base+03019h
  dw 01B2Bh,base+0189Dh
  dw 00E55h,base+03027h
  dw 01B2Ch,base+018B8h
  dw 00C54h,base+031B2h
  dw 01B2Ch,base+018D3h
  dw 00C54h,base+031BEh
  dw 01B2Ch,base+018EEh
  dw 00C54h,base+031CAh
  dw 01C2Ch,base+012DEh
  dw 00B54h,base+03301h
  dw 01C2Dh,base+012FAh
  dw 00A00h,base+03460h

GoatWalkAndAttackframe028:
  db 06Ch,01Bh,05Ah,052h
  db 05Ah
  db 000h,000h,0AEh,000h,000h
  db 000h,000h
  dw 01B2Ch,base+01909h
  dw 00A54h,base+0346Ah
  dw 01B2Ch,base+01909h
  dw 00A54h,base+03474h
  dw 01B2Ch,base+01924h
  dw 00954h,base+03612h
  dw 01B2Dh,base+0193Fh
  dw 00853h,base+03730h
  dw 01B2Dh,base+0195Ah
  dw 00854h,base+03738h
  dw 01A2Ch,base+01DF7h
  dw 00854h,base+03740h
  dw 01A2Dh,base+01E11h
  dw 00754h,base+0386Bh
  dw 01A2Ch,base+01E2Bh
  dw 00754h,base+03872h
  dw 01A2Dh,base+01E45h
  dw 00653h,base+039BDh
  dw 01B2Dh,base+01975h
  dw 00553h,base+0316Ah
  dw 01B2Eh,base+01990h
  dw 00453h,base+03438h
  dw 01B2Dh,base+019ABh
  dw 00453h,base+03A4Bh
  dw 01B2Eh,base+019C6h
  dw 00252h,base+03A5Bh
  dw 01C2Eh,base+01316h
  dw 00252h,base+00936h
  dw 01C80h,base+01332h
  dw 01C80h,base+0134Eh
  dw 01C80h,base+0136Ah
  dw 01D81h,base+0111Dh
  dw 01C80h,base+01386h
  dw 01C80h,base+013A2h
  dw 01C80h,base+013BEh
  dw 01C80h,base+013DAh
  dw 01C80h,base+013F6h
  dw 01C80h,base+01412h
  dw 00102h,base+00000h
  dw 01A7Eh,base+01E5Fh
  dw 00102h,base+00000h
  dw 01718h,base+02687h
  dw 00268h,base+01412h
  dw 01718h,base+0269Eh
  dw 00200h,base+00011h

GoatWalkAndAttackframe029:
  db 03Ah,01Bh,064h,06Dh
  db 066h
  db 000h,000h,093h,000h,000h
  db 000h,000h
  dw 00B0Ch,base+0330Ch
  dw 00B0Ch,base+03317h
  dw 00268h,base+00011h
  dw 00B0Ch,base+03322h
  dw 00B0Dh,base+0332Dh
  dw 00167h,base+00000h
  dw 00B0Ch,base+03338h
  dw 00B74h,base+03343h
  dw 00B0Ch,base+0334Eh
  dw 00B74h,base+03359h
  dw 00A0Ch,base+0347Eh
  dw 00B74h,base+03364h
  dw 0090Ch,base+0361Bh
  dw 00B74h,base+0336Fh
  dw 0090Ch,base+03624h
  dw 00204h,base+00011h
  dw 00870h,base+03748h
  dw 0080Ch,base+03750h
  dw 00104h,base+00000h
  dw 00870h,base+03758h
  dw 00811h,base+03760h
  dw 0076Fh,base+03879h
  dw 00811h,base+03768h
  dw 0076Fh,base+03880h
  dw 00812h,base+03770h
  dw 0076Eh,base+0382Ch
  dw 00713h,base+03887h
  dw 0066Dh,base+0121Ah
  dw 00713h,base+0388Eh
  dw 0076Dh,base+0382Ch
  dw 00714h,base+016F6h
  dw 0076Dh,base+03833h
  dw 00613h,base+03849h
  dw 0086Dh,base+02C4Ch
  dw 00613h,base+03849h
  dw 0086Dh,base+006BCh
  dw 00614h,base+03849h
  dw 0076Ch,base+00118h
  dw 00614h,base+03849h
  dw 0076Ch,base+03895h
  dw 00615h,base+03849h
  dw 0066Bh,base+039C3h
  dw 00615h,base+03849h
  dw 0066Ah,base+039C9h
  dw 00716h,base+0145Eh
  dw 0066Ah,base+039CFh
  dw 00716h,base+0389Ch
  dw 00669h,base+039D5h
  dw 00817h,base+00EADh
  dw 00669h,base+039D5h
  dw 00816h,base+010C7h
  dw 0076Ah,base+038A3h
  dw 00816h,base+010C7h
  dw 0076Ah,base+038AAh
  dw 00816h,base+010C7h
  dw 0076Ah,base+038B1h
  dw 00816h,base+00D7Fh
  dw 00600h,base+00186h

GoatWalkAndAttackframe030:
  db 036h,010h,06Ch,00Ch
  db 072h
  db 000h,000h,0F4h,000h,000h
  db 000h,000h
  dw 00380h,base+00011h
  dw 0037Fh,base+004ABh
  dw 00580h,base+005A1h
  dw 0050Bh,base+0063Ah
  dw 00274h,base+0002Fh
  dw 0060Bh,base+02DA3h
  dw 00475h,base+03A4Fh
  dw 0060Bh,base+039DBh
  dw 00575h,base+03A16h
  dw 0060Ah,base+039DBh
  dw 00776h,base+038B8h
  dw 00607h,base+039B7h
  dw 00203h,base+00011h
  dw 00776h,base+038BFh
  dw 00607h,base+039B7h
  dw 00C78h,base+031D6h
  dw 00708h,base+038C6h
  dw 00E78h,base+03035h
  dw 00709h,base+038C6h
  dw 00D77h,base+030B9h
  dw 00709h,base+038C6h
  dw 00F77h,base+02EAAh
  dw 00709h,base+038C6h
  dw 01177h,base+02CE7h
  dw 00709h,base+038C6h
  dw 00203h,base+03A5Dh
  dw 00E74h,base+03043h
  dw 00709h,base+038C6h
  dw 00203h,base+03A5Dh
  dw 00F74h,base+02EB9h
  dw 00709h,base+038C6h
  dw 00102h,base+001EDh
  dw 01000h,base+02DF3h

GoatWalkAndAttackframe031:
  db 050h,01Bh,062h,01Ch
  db 06Ch
  db 000h,000h,0E4h,000h,000h
  db 000h,000h
  dw 0070Ah,base+038CDh
  dw 01176h,base+02CF8h
  dw 00708h,base+038D4h
  dw 01378h,base+02B71h
  dw 00708h,base+038DBh
  dw 01378h,base+02B84h
  dw 01B80h,base+019E1h
  dw 01B80h,base+019FCh
  dw 01B80h,base+01A17h
  dw 01B81h,base+01A32h
  dw 01A80h,base+01E79h
  dw 01B80h,base+01A4Dh
  dw 01112h,base+02D09h
  dw 0096Eh,base+0362Dh
  dw 01113h,base+02D1Ah
  dw 0096Dh,base+03636h
  dw 01213h,base+02C3Ah
  dw 0096Dh,base+0363Fh
  dw 01214h,base+02C4Ch
  dw 0096Ch,base+03648h
  dw 01314h,base+02B97h
  dw 0096Bh,base+03651h
  dw 01416h,base+02A04h
  dw 00869h,base+03778h
  dw 01517h,base+028C1h
  dw 00868h,base+03780h
  dw 01618h,base+02802h
  dw 00868h,base+03788h
  dw 01618h,base+02818h
  dw 00867h,base+03790h
  dw 01719h,base+026B5h
  dw 00867h,base+03798h
  dw 0171Ah,base+026CCh
  dw 00865h,base+037A0h
  dw 0181Bh,base+025B6h
  dw 00865h,base+037A8h
  dw 0181Bh,base+025CEh
  dw 00965h,base+0365Ah
  dw 0181Ch,base+024DEh
  dw 00863h,base+037B0h
  dw 0191Dh,base+02262h
  dw 00963h,base+03663h
  dw 0191Eh,base+0227Bh
  dw 00962h,base+0366Ch
  dw 0191Eh,base+02294h
  dw 00962h,base+03675h
  dw 0191Eh,base+022ADh
  dw 00A00h,base+03488h

GoatWalkAndAttackframe032:
  db 072h,01Bh,058h,037h
  db 060h
  db 000h,000h,0C9h,000h,000h
  db 000h,000h
  dw 0191Fh,base+022C6h
  dw 00A61h,base+03492h
  dw 01920h,base+022DFh
  dw 00A60h,base+0349Ch
  dw 01820h,base+024F6h
  dw 00A60h,base+034A6h
  dw 01820h,base+0250Eh
  dw 00A60h,base+034B0h
  dw 01821h,base+02526h
  dw 00A5Eh,base+034BAh
  dw 01822h,base+0253Eh
  dw 00A5Eh,base+034C4h
  dw 01823h,base+02556h
  dw 00A5Dh,base+034CEh
  dw 01823h,base+0256Eh
  dw 00A5Dh,base+034D8h
  dw 01824h,base+02586h
  dw 00A5Ch,base+034E2h
  dw 01824h,base+0259Eh
  dw 00A5Bh,base+034ECh
  dw 01925h,base+022F8h
  dw 00B5Bh,base+0337Ah
  dw 01926h,base+02311h
  dw 00A59h,base+034F6h
  dw 01927h,base+0232Ah
  dw 00B59h,base+03385h
  dw 01927h,base+02343h
  dw 00B59h,base+03390h
  dw 01927h,base+0235Ch
  dw 00B58h,base+0339Bh
  dw 01A29h,base+01DC3h
  dw 00B57h,base+033A6h
  dw 01A29h,base+01DDDh
  dw 00B57h,base+033B1h
  dw 01B2Ah,base+0184Ch
  dw 00B56h,base+033BCh
  dw 01B2Ah,base+01867h
  dw 00B56h,base+033C7h
  dw 01B2Ah,base+01882h
  dw 00C56h,base+031E2h
  dw 01B2Ah,base+0189Dh
  dw 00C56h,base+031EEh
  dw 01B2Bh,base+018B8h
  dw 00C55h,base+031FAh
  dw 01B2Bh,base+018D3h
  dw 00C55h,base+03206h
  dw 01B2Bh,base+018EEh
  dw 00D55h,base+030C6h
  dw 01C2Ch,base+012DEh
  dw 00C54h,base+03212h
  dw 01C2Ch,base+012FAh
  dw 00D55h,base+030D3h
  dw 01B2Bh,base+01909h
  dw 00D00h,base+030E0h

GoatWalkAndAttackframe033:
  db 070h,01Bh,05Ah,052h
  db 05Ah
  db 000h,000h,0AEh,000h,000h
  db 000h,000h
  dw 01B2Bh,base+01909h
  dw 00D55h,base+030EDh
  dw 01B2Ch,base+01924h
  dw 00C54h,base+0321Eh
  dw 01B2Ch,base+0193Fh
  dw 00C54h,base+0322Ah
  dw 01B2Ch,base+0195Ah
  dw 00B55h,base+033D2h
  dw 01A2Bh,base+01DF7h
  dw 00B55h,base+033DDh
  dw 01A2Bh,base+01E11h
  dw 00A56h,base+03500h
  dw 01A2Ah,base+01E2Bh
  dw 00A56h,base+0350Ah
  dw 01A2Bh,base+01E45h
  dw 00955h,base+0367Eh
  dw 01B2Bh,base+01975h
  dw 00855h,base+037B8h
  dw 01B2Bh,base+01990h
  dw 00856h,base+037C0h
  dw 01B2Bh,base+019ABh
  dw 00755h,base+038E2h
  dw 01B2Bh,base+019C6h
  dw 00755h,base+038E9h
  dw 01C2Bh,base+01316h
  dw 00755h,base+038F0h
  dw 01C2Bh,base+01332h
  dw 00755h,base+038F7h
  dw 01C2Ch,base+0134Eh
  dw 00554h,base+03730h
  dw 01C2Ch,base+0136Ah
  dw 00554h,base+03A2Ah
  dw 01D2Dh,base+0111Dh
  dw 00354h,base+0366Ch
  dw 01C2Ch,base+01386h
  dw 00354h,base+03A56h
  dw 01C2Dh,base+013A2h
  dw 00153h,base+0002Fh
  dw 01C80h,base+013BEh
  dw 01C80h,base+013DAh
  dw 01C80h,base+013F6h
  dw 01C80h,base+01412h
  dw 00102h,base+00000h
  dw 01A7Eh,base+01E5Fh
  dw 00102h,base+00000h
  dw 01718h,base+02687h
  dw 00268h,base+01412h
  dw 01718h,base+0269Eh
  dw 00268h,base+00011h
  dw 00B0Ch,base+0330Ch
  dw 00B0Ch,base+03317h
  dw 00200h,base+00011h

GoatWalkAndAttackframe034:
  db 03Ah,01Bh,064h,06Dh
  db 066h
  db 000h,000h,093h,000h,000h
  db 000h,000h
  dw 00B0Ch,base+03322h
  dw 00B0Dh,base+0332Dh
  dw 00167h,base+00000h
  dw 00B0Ch,base+03338h
  dw 00B74h,base+03343h
  dw 00B0Ch,base+0334Eh
  dw 00B74h,base+03359h
  dw 00A0Ch,base+0347Eh
  dw 00B74h,base+03364h
  dw 0090Ch,base+0361Bh
  dw 00B74h,base+0336Fh
  dw 0090Ch,base+03624h
  dw 00204h,base+00011h
  dw 00870h,base+03748h
  dw 0080Ch,base+03750h
  dw 00104h,base+00000h
  dw 00870h,base+03758h
  dw 00811h,base+03760h
  dw 0076Fh,base+03879h
  dw 00811h,base+03768h
  dw 0076Fh,base+03880h
  dw 00812h,base+03770h
  dw 0076Eh,base+0382Ch
  dw 00713h,base+03887h
  dw 0066Dh,base+0121Ah
  dw 00713h,base+0388Eh
  dw 0076Dh,base+0382Ch
  dw 00714h,base+016F6h
  dw 0066Dh,base+0121Ah
  dw 00613h,base+03849h
  dw 0076Dh,base+03833h
  dw 00613h,base+03849h
  dw 0086Dh,base+00EADh
  dw 00614h,base+03849h
  dw 0076Ch,base+00118h
  dw 00614h,base+03849h
  dw 0076Ch,base+016F6h
  dw 00614h,base+03849h
  dw 0076Ch,base+03895h
  dw 00615h,base+03849h
  dw 0066Bh,base+039C3h
  dw 00615h,base+03849h
  dw 0066Ah,base+039C9h
  dw 00716h,base+0145Eh
  dw 0066Ah,base+039CFh
  dw 00716h,base+0389Ch
  dw 00669h,base+039D5h
  dw 00817h,base+00EADh
  dw 00669h,base+039D5h
  dw 00816h,base+010C7h
  dw 0076Ah,base+038A3h
  dw 00816h,base+010C7h
  dw 0076Ah,base+038AAh
  dw 00816h,base+010C7h
  dw 0076Ah,base+038B1h
  dw 00816h,base+00D7Fh
  dw 00600h,base+00186h

GoatWalkAndAttackframe035:
  db 036h,010h,06Ch,00Ch
  db 072h
  db 000h,000h,0F4h,000h,000h
  db 000h,000h
  dw 00380h,base+00011h
  dw 0037Fh,base+004ABh
  dw 00580h,base+005A1h
  dw 0050Bh,base+0063Ah
  dw 00274h,base+0002Fh
  dw 0060Bh,base+02DA3h
  dw 00475h,base+03A4Fh
  dw 0060Bh,base+039DBh
  dw 00575h,base+03A16h
  dw 0060Ah,base+039DBh
  dw 00776h,base+038B8h
  dw 00607h,base+039B7h
  dw 00203h,base+00011h
  dw 00776h,base+038BFh
  dw 00607h,base+039B7h
  dw 00C78h,base+031D6h
  dw 00708h,base+038C6h
  dw 00E78h,base+03035h
  dw 00709h,base+038C6h
  dw 00D77h,base+030B9h
  dw 00709h,base+038C6h
  dw 00F77h,base+02EAAh
  dw 00709h,base+038C6h
  dw 01177h,base+02CE7h
  dw 00709h,base+038C6h
  dw 00203h,base+03A5Dh
  dw 00E74h,base+03043h
  dw 00709h,base+038C6h
  dw 00203h,base+03A5Dh
  dw 00F74h,base+02EB9h
  dw 00709h,base+038C6h
  dw 00102h,base+001EDh
  dw 01000h,base+02DF3h

GoatWalkAndAttackframe036:
  db 050h,01Bh,062h,01Ch
  db 06Ch
  db 000h,000h,0E4h,000h,000h
  db 000h,000h
  dw 0070Ah,base+038CDh
  dw 01176h,base+02CF8h
  dw 00708h,base+038D4h
  dw 01378h,base+02B71h
  dw 00708h,base+038DBh
  dw 01378h,base+02B84h
  dw 01B80h,base+019E1h
  dw 01B80h,base+019FCh
  dw 01B80h,base+01A17h
  dw 01B81h,base+01A32h
  dw 01A80h,base+01E79h
  dw 01B80h,base+01A4Dh
  dw 01112h,base+02D09h
  dw 0096Eh,base+0362Dh
  dw 01113h,base+02D1Ah
  dw 0096Dh,base+03636h
  dw 01213h,base+02C3Ah
  dw 0096Dh,base+0363Fh
  dw 01214h,base+02C4Ch
  dw 0096Ch,base+03648h
  dw 01314h,base+02B97h
  dw 0096Bh,base+03651h
  dw 01416h,base+02A04h
  dw 00869h,base+03778h
  dw 01517h,base+028C1h
  dw 00868h,base+03780h
  dw 01618h,base+02802h
  dw 00868h,base+03788h
  dw 01618h,base+02818h
  dw 00867h,base+03790h
  dw 01719h,base+026B5h
  dw 00867h,base+03798h
  dw 0171Ah,base+026CCh
  dw 00865h,base+037A0h
  dw 0181Bh,base+025B6h
  dw 00865h,base+037A8h
  dw 0181Bh,base+025CEh
  dw 00965h,base+0365Ah
  dw 0181Ch,base+024DEh
  dw 00863h,base+037B0h
  dw 0191Dh,base+02262h
  dw 00963h,base+03663h
  dw 0191Eh,base+0227Bh
  dw 00962h,base+0366Ch
  dw 0191Eh,base+02294h
  dw 00962h,base+03675h
  dw 0191Eh,base+022ADh
  dw 00A00h,base+03488h

GoatWalkAndAttackframe037:
  db 072h,01Bh,058h,037h
  db 060h
  db 000h,000h,0C9h,000h,000h
  db 000h,000h
  dw 0191Fh,base+022C6h
  dw 00A61h,base+03492h
  dw 01920h,base+022DFh
  dw 00A60h,base+0349Ch
  dw 01820h,base+024F6h
  dw 00A60h,base+034A6h
  dw 01820h,base+0250Eh
  dw 00A60h,base+034B0h
  dw 01821h,base+02526h
  dw 00A5Eh,base+034BAh
  dw 01822h,base+0253Eh
  dw 00A5Eh,base+034C4h
  dw 01823h,base+02556h
  dw 00A5Dh,base+034CEh
  dw 01823h,base+0256Eh
  dw 00A5Dh,base+034D8h
  dw 01824h,base+02586h
  dw 00A5Ch,base+034E2h
  dw 01824h,base+0259Eh
  dw 00A5Bh,base+034ECh
  dw 01925h,base+022F8h
  dw 00B5Bh,base+0337Ah
  dw 01926h,base+02311h
  dw 00A59h,base+034F6h
  dw 01927h,base+0232Ah
  dw 00B59h,base+03385h
  dw 01927h,base+02343h
  dw 00B59h,base+03390h
  dw 01927h,base+0235Ch
  dw 00B58h,base+0339Bh
  dw 01A29h,base+01DC3h
  dw 00B57h,base+033A6h
  dw 01A29h,base+01DDDh
  dw 00B57h,base+033B1h
  dw 01B2Ah,base+0184Ch
  dw 00B56h,base+033BCh
  dw 01B2Ah,base+01867h
  dw 00B56h,base+033C7h
  dw 01B2Ah,base+01882h
  dw 00C56h,base+031E2h
  dw 01B2Ah,base+0189Dh
  dw 00C56h,base+031EEh
  dw 01B2Bh,base+018B8h
  dw 00C55h,base+031FAh
  dw 01B2Bh,base+018D3h
  dw 00C55h,base+03206h
  dw 01B2Bh,base+018EEh
  dw 00D55h,base+030C6h
  dw 01C2Ch,base+012DEh
  dw 00C54h,base+03212h
  dw 01C2Ch,base+012FAh
  dw 00D55h,base+030D3h
  dw 01B2Bh,base+01909h
  dw 00D00h,base+030E0h

GoatWalkAndAttackframe038:
  db 070h,01Bh,05Ah,052h
  db 05Ah
  db 000h,000h,0AEh,000h,000h
  db 000h,000h
  dw 01B2Bh,base+01909h
  dw 00D55h,base+030EDh
  dw 01B2Ch,base+01924h
  dw 00C54h,base+0321Eh
  dw 01B2Ch,base+0193Fh
  dw 00C54h,base+0322Ah
  dw 01B2Ch,base+0195Ah
  dw 00B55h,base+033D2h
  dw 01A2Bh,base+01DF7h
  dw 00B55h,base+033DDh
  dw 01A2Bh,base+01E11h
  dw 00A56h,base+03500h
  dw 01A2Ah,base+01E2Bh
  dw 00A56h,base+0350Ah
  dw 01A2Bh,base+01E45h
  dw 00955h,base+0367Eh
  dw 01B2Bh,base+01975h
  dw 00855h,base+037B8h
  dw 01B2Bh,base+01990h
  dw 00856h,base+037C0h
  dw 01B2Bh,base+019ABh
  dw 00755h,base+038E2h
  dw 01B2Bh,base+019C6h
  dw 00755h,base+038E9h
  dw 01C2Bh,base+01316h
  dw 00755h,base+038F0h
  dw 01C2Bh,base+01332h
  dw 00755h,base+038F7h
  dw 01C2Ch,base+0134Eh
  dw 00554h,base+03730h
  dw 01C2Ch,base+0136Ah
  dw 00554h,base+03A2Ah
  dw 01D2Dh,base+0111Dh
  dw 00354h,base+0366Ch
  dw 01C2Ch,base+01386h
  dw 00354h,base+03A56h
  dw 01C2Dh,base+013A2h
  dw 00153h,base+0002Fh
  dw 01C80h,base+013BEh
  dw 01C80h,base+013DAh
  dw 01C80h,base+013F6h
  dw 01C80h,base+01412h
  dw 00102h,base+00000h
  dw 01A7Eh,base+01E5Fh
  dw 00102h,base+00000h
  dw 01718h,base+02687h
  dw 00268h,base+01412h
  dw 01718h,base+0269Eh
  dw 00268h,base+00011h
  dw 00B0Ch,base+0330Ch
  dw 00B0Ch,base+03317h
  dw 00200h,base+00011h

GoatWalkAndAttackframe039:
  db 03Ah,01Bh,064h,06Dh
  db 066h
  db 000h,000h,093h,000h,000h
  db 000h,000h
  dw 00B0Ch,base+03322h
  dw 00B0Dh,base+0332Dh
  dw 00167h,base+00000h
  dw 00B0Ch,base+03338h
  dw 00B74h,base+03343h
  dw 00B0Ch,base+0334Eh
  dw 00B74h,base+03359h
  dw 00A0Ch,base+0347Eh
  dw 00B74h,base+03364h
  dw 0090Ch,base+0361Bh
  dw 00B74h,base+0336Fh
  dw 0090Ch,base+03624h
  dw 00204h,base+00011h
  dw 00870h,base+03748h
  dw 0080Ch,base+03750h
  dw 00104h,base+00000h
  dw 00870h,base+03758h
  dw 00811h,base+03760h
  dw 0076Fh,base+03879h
  dw 00811h,base+03768h
  dw 0076Fh,base+03880h
  dw 00812h,base+03770h
  dw 0076Eh,base+0382Ch
  dw 00713h,base+03887h
  dw 0066Dh,base+0121Ah
  dw 00713h,base+0388Eh
  dw 0076Dh,base+0382Ch
  dw 00714h,base+016F6h
  dw 0066Dh,base+0121Ah
  dw 00613h,base+03849h
  dw 0076Dh,base+03833h
  dw 00613h,base+03849h
  dw 0086Dh,base+00EADh
  dw 00614h,base+03849h
  dw 0076Ch,base+00118h
  dw 00614h,base+03849h
  dw 0076Ch,base+016F6h
  dw 00614h,base+03849h
  dw 0076Ch,base+03895h
  dw 00615h,base+03849h
  dw 0066Bh,base+039C3h
  dw 00615h,base+03849h
  dw 0066Ah,base+039C9h
  dw 00716h,base+0145Eh
  dw 0066Ah,base+039CFh
  dw 00716h,base+0389Ch
  dw 00669h,base+039D5h
  dw 00817h,base+00EADh
  dw 00669h,base+039D5h
  dw 00816h,base+010C7h
  dw 0076Ah,base+038A3h
  dw 00816h,base+010C7h
  dw 0076Ah,base+038AAh
  dw 00816h,base+010C7h
  dw 0076Ah,base+038B1h
  dw 00816h,base+00D7Fh
  dw 00600h,base+00186h

GoatWalkAndAttackframe040:
  db 064h,013h,04Eh,009h
  db 080h
  db 000h,000h,0F7h,000h,000h
  db 000h,000h
  dw 0037Dh,base+00011h
  dw 00774h,base+038FEh
  dw 0050Bh,base+00011h
  dw 00875h,base+037C8h
  dw 0050Ah,base+0063Ah
  dw 00A75h,base+03514h
  dw 0070Bh,base+0382Ch
  dw 00A16h,base+0351Eh
  dw 0055Fh,base+0078Eh
  dw 00708h,base+00118h
  dw 00D11h,base+030FAh
  dw 00D66h,base+03107h
  dw 02780h,base+009A6h
  dw 01112h,base+02D2Bh
  dw 0156Eh,base+028D6h
  dw 02880h,base+00908h
  dw 0287Bh,base+00930h
  dw 02D7Eh,base+0060Ch
  dw 02F80h,base+0049Ch
  dw 02F7Fh,base+004CBh
  dw 03080h,base+003DFh
  dw 03180h,base+0028Bh
  dw 03180h,base+002BCh
  dw 03180h,base+002EDh
  dw 03180h,base+0031Eh
  dw 03200h,base+00133h

GoatWalkAndAttackframe041:
  db 066h,01Bh,04Eh,01Ch
  db 04Eh
  db 000h,000h,0E4h,000h,000h
  db 000h,000h
  dw 00C0Eh,base+03236h
  dw 02472h,base+00B62h
  dw 00C0Fh,base+03242h
  dw 02372h,base+00C12h
  dw 00305h,base+00039h
  dw 00609h,base+02DA3h
  dw 00C10h,base+0324Eh
  dw 01467h,base+02A18h
  dw 0060Ah,base+03849h
  dw 00D12h,base+03114h
  dw 01163h,base+02D3Ch
  dw 0070Ah,base+03905h
  dw 00F17h,base+02EC8h
  dw 00D5Fh,base+03121h
  dw 0060Ah,base+039E1h
  dw 01018h,base+02E03h
  dw 00C5Dh,base+0325Ah
  dw 0070Bh,base+0390Ch
  dw 0101Ah,base+02E13h
  dw 00A5Bh,base+03424h
  dw 0060Bh,base+039E7h
  dw 0111Ch,base+02D4Dh
  dw 00858h,base+03700h
  dw 0070Ch,base+03913h
  dw 01121h,base+02D5Eh
  dw 00253h,base+0002Fh
  dw 0070Ch,base+0391Ah
  dw 01274h,base+02C5Eh
  dw 0060Dh,base+039EDh
  dw 01172h,base+02D6Fh
  dw 0080Fh,base+037D0h
  dw 01171h,base+02D80h
  dw 0090Fh,base+03687h
  dw 01171h,base+02D91h
  dw 00C0Fh,base+03266h
  dw 01171h,base+02DA2h
  dw 02080h,base+00CFAh
  dw 02180h,base+00C78h
  dw 02181h,base+00C99h
  dw 02080h,base+00D1Ah
  dw 02081h,base+00D3Ah
  dw 01F80h,base+00E33h
  dw 01F81h,base+00E52h
  dw 01E82h,base+01051h
  dw 01C81h,base+0142Eh
  dw 01B82h,base+01A68h
  dw 01982h,base+02375h
  dw 01782h,base+026E3h
  dw 01500h,base+028EBh

GoatWalkAndAttackframe042:
  db 036h,01Bh,060h,037h
  db 06Ch
  db 000h,000h,0C9h,000h,000h
  db 000h,000h
  dw 01480h,base+02A2Ch
  dw 01480h,base+02A40h
  dw 01480h,base+0293Ch
  dw 01480h,base+02950h
  dw 01480h,base+02964h
  dw 01480h,base+02978h
  dw 01480h,base+0298Ch
  dw 01480h,base+029A0h
  dw 0147Fh,base+029B4h
  dw 0157Fh,base+02858h
  dw 01680h,base+02752h
  dw 0167Fh,base+02768h
  dw 01780h,base+02614h
  dw 01780h,base+0262Bh
  dw 0177Fh,base+02642h
  dw 01880h,base+0241Eh
  dw 0197Fh,base+02230h
  dw 01A80h,base+01CBFh
  dw 01A80h,base+01CD9h
  dw 01A80h,base+01CF3h
  dw 01A80h,base+01D0Dh
  dw 01A7Fh,base+01D27h
  dw 01B80h,base+01774h
  dw 01B80h,base+0178Fh
  dw 01B80h,base+017AAh
  dw 01B80h,base+017C5h
  dw 01B00h,base+017E0h

GoatWalkAndAttackframe043:
  db 036h,01Bh,060h,052h
  db 060h
  db 000h,000h,0AEh,000h,000h
  db 000h,000h
  dw 01B80h,base+017FBh
  dw 01B80h,base+01816h
  dw 01B81h,base+01831h
  dw 01A80h,base+01D41h
  dw 01A80h,base+01D5Bh
  dw 01A80h,base+01D75h
  dw 01A80h,base+01D8Fh
  dw 01A80h,base+01DA9h
  dw 01981h,base+02249h
  dw 01880h,base+02436h
  dw 01880h,base+0244Eh
  dw 01880h,base+02466h
  dw 01881h,base+0247Eh
  dw 01680h,base+0277Eh
  dw 01680h,base+02794h
  dw 01681h,base+027AAh
  dw 01580h,base+0286Dh
  dw 01580h,base+02882h
  dw 01580h,base+02897h
  dw 01580h,base+028ACh
  dw 01680h,base+027C0h
  dw 01680h,base+027D6h
  dw 01680h,base+027ECh
  dw 01314h,base+02A7Ah
  dw 0026Ch,base+013F6h
  dw 01314h,base+02A8Dh
  dw 0036Dh,base+02AF2h
  dw 01214h,base+02C04h
  dw 0026Ch,base+01412h
  dw 01214h,base+02C16h
  dw 00200h,base+03343h

GoatWalkAndAttackframe044:
  db 032h,01Bh,066h,06Dh
  db 06Ah
  db 000h,000h,093h,000h,000h
  db 000h,000h
  dw 01315h,base+02AA0h
  dw 0026Bh,base+00011h
  dw 01380h,base+02AB3h
  dw 01380h,base+02AC6h
  dw 01380h,base+02AD9h
  dw 01380h,base+02AECh
  dw 01380h,base+02AFFh
  dw 00F10h,base+02E9Bh
  dw 00371h,base+01217h
  dw 00E0Fh,base+02F71h
  dw 00371h,base+02659h
  dw 00E10h,base+02F7Fh
  dw 00370h,base+03A53h
  dw 00E11h,base+02F8Dh
  dw 0026Fh,base+01B6Dh
  dw 00E11h,base+02F9Bh
  dw 0026Fh,base+00011h
  dw 00E80h,base+02FA9h
  dw 00E80h,base+02FB7h
  dw 00E80h,base+02FC5h
  dw 00E80h,base+02FD3h
  dw 00708h,base+03856h
  dw 00677h,base+0121Ah
  dw 00809h,base+00EADh
  dw 00677h,base+02DA3h
  dw 0080Ah,base+00EADh
  dw 00576h,base+0063Ah
  dw 0070Ah,base+016F6h
  dw 00576h,base+0063Ah
  dw 0070Ah,base+03833h
  dw 00576h,base+02D11h
  dw 0060Bh,base+0399Fh
  dw 00475h,base+01630h
  dw 0060Bh,base+039A5h
  dw 00574h,base+03A25h
  dw 0070Bh,base+0382Ch
  dw 00675h,base+03963h
  dw 0070Bh,base+0382Ch
  dw 00675h,base+0121Ah
  dw 0070Ah,base+03833h
  dw 00775h,base+016F6h
  dw 0070Bh,base+016F6h
  dw 00775h,base+00118h
  dw 0070Bh,base+00186h
  dw 00700h,base+00186h


