  dw VoodooWaspHitframe000
  dw VoodooWaspHitframe001
  dw VoodooWaspHitframe002
  dw VoodooWaspHitframe003
  dw VoodooWaspHitframe004
  dw VoodooWaspHitframe005
  dw VoodooWaspHitframe006
  dw VoodooWaspHitframe007
  dw VoodooWaspHitframe008
  dw VoodooWaspHitframe009
  dw VoodooWaspHitframe010
  dw VoodooWaspHitframe011
  dw VoodooWaspHitframe012
  dw VoodooWaspHitframe013
  dw VoodooWaspHitframe014
  dw VoodooWaspHitframe015
  dw VoodooWaspHitframe016
  dw VoodooWaspHitframe017
  dw VoodooWaspHitframe018
  dw VoodooWaspHitframe019
  dw VoodooWaspHitframe020
  dw VoodooWaspHitframe021
  dw VoodooWaspHitframe022
  dw VoodooWaspHitframe023
  dw VoodooWaspHitframe024
  dw VoodooWaspHitframe025
  dw VoodooWaspHitframe026

VoodooWaspHitframe000:
  db 04Eh,016h,060h,021h
  db 098h
  db 000h,000h,0DFh,000h,000h
  db 000h,000h
  dw 0027Ch,base+000B6h
  dw 0057Ah,base+0000Fh
  dw 00105h,base+00016h
  dw 0067Ah,base+00FB8h
  dw 00205h,base+0096Bh
  dw 0067Bh,base+00012h
  dw 00204h,base+00A7Ch
  dw 0077Bh,base+00EB5h
  dw 00304h,base+012E9h
  dw 0077Ch,base+00EB5h
  dw 00204h,base+00015h
  dw 0077Bh,base+00EBCh
  dw 00304h,base+0096Bh
  dw 0077Ch,base+00BBCh
  dw 00304h,base+00335h
  dw 0067Bh,base+00031h
  dw 00A80h,base+0096Bh
  dw 00304h,base+0096Bh
  dw 0050Ch,base+00014h
  dw 00270h,base+000D8h
  dw 00304h,base+00015h
  dw 0050Ah,base+00DD8h
  dw 00372h,base+00042h
  dw 0080Dh,base+00DBDh
  dw 00472h,base+00CC7h
  dw 00304h,base+0096Bh
  dw 00509h,base+00DD8h
  dw 00473h,base+000ECh
  dw 0080Bh,base+00DC5h
  dw 0050Dh,base+000EBh
  dw 00268h,base+000B6h
  dw 0070Ah,base+00EC3h
  dw 00409h,base+00043h
  dw 0066Dh,base+00EE7h
  dw 00203h,base+00016h
  dw 00405h,base+00CD7h
  dw 00509h,base+00042h
  dw 0086Fh,base+00DCDh
  dw 00607h,base+00DBEh
  dw 00507h,base+01114h
  dw 00972h,base+00010h
  dw 00607h,base+00FBEh
  dw 00405h,base+000ECh
  dw 00A73h,base+00B91h
  dw 00203h,base+00332h
  dw 00304h,base+0001Ch
  dw 00405h,base+00CC7h
  dw 00A68h,base+00203h
  dw 0030Ch,base+00505h
  dw 01575h,base+00332h
  dw 0040Bh,base+0088Ch
  dw 00506h,base+00FE2h
  dw 00D00h,base+006C7h

VoodooWaspHitframe001:
  db 040h,018h,05Ah,037h
  db 064h
  db 000h,000h,0C9h,000h,000h
  db 000h,000h
  dw 0050Ah,base+01119h
  dw 0117Ah,base+004B0h
  dw 00105h,base+000B7h
  dw 0107Bh,base+00549h
  dw 00105h,base+00004h
  dw 00E7Bh,base+0063Bh
  dw 00105h,base+00016h
  dw 00C75h,base+007BEh
  dw 00406h,base+01259h
  dw 00205h,base+00CF4h
  dw 00974h,base+00CE5h
  dw 00304h,base+00029h
  dw 00508h,base+0111Eh
  dw 00872h,base+00DD5h
  dw 00507h,base+01123h
  dw 00407h,base+0125Dh
  dw 00672h,base+00FC4h
  dw 00307h,base+00007h
  dw 00C7Ah,base+007CAh
  dw 00206h,base+0006Eh
  dw 00D80h,base+006D4h
  dw 00D80h,base+006E1h
  dw 00D80h,base+006EEh
  dw 00D80h,base+006FBh
  dw 00E80h,base+00649h
  dw 00E80h,base+00657h
  dw 00305h,base+012ECh
  dw 00A7Bh,base+00B9Bh
  dw 00305h,base+012EFh
  dw 00D7Bh,base+00708h
  dw 00305h,base+012F2h
  dw 00E7Bh,base+00665h
  dw 00305h,base+012F2h
  dw 00F7Bh,base+00569h
  dw 00102h,base+00042h
  dw 00102h,base+001D8h
  dw 01177h,base+004C1h
  dw 01B82h,base+00128h
  dw 01983h,base+001E1h
  dw 01782h,base+002C0h
  dw 00203h,base+01346h
  dw 0127Ch,base+003EAh
  dw 00304h,base+012F5h
  dw 01200h,base+003FCh

VoodooWaspHitframe002:
  db 038h,01Dh,064h,04Fh
  db 068h
  db 000h,000h,0B1h,000h,000h
  db 000h,000h
  dw 00305h,base+00CEEh
  dw 00507h,base+01128h
  dw 00C73h,base+007D6h
  dw 00305h,base+00CEEh
  dw 00708h,base+00ECAh
  dw 00C72h,base+007E2h
  dw 00305h,base+012F8h
  dw 00809h,base+00DDDh
  dw 00C72h,base+007EEh
  dw 00204h,base+0006Eh
  dw 0090Ah,base+00CEEh
  dw 00C72h,base+007FAh
  dw 00204h,base+0095Eh
  dw 00203h,base+000B6h
  dw 00608h,base+00FCAh
  dw 00C71h,base+00806h
  dw 00103h,base+00004h
  dw 00204h,base+00009h
  dw 00708h,base+00ED1h
  dw 00C71h,base+00812h
  dw 00103h,base+00004h
  dw 00204h,base+0006Eh
  dw 00708h,base+00ED8h
  dw 00C71h,base+0081Eh
  dw 00103h,base+00004h
  dw 00104h,base+00004h
  dw 00304h,base+012FBh
  dw 00102h,base+00003h
  dw 00102h,base+00003h
  dw 00C71h,base+0082Ah
  dw 00103h,base+00004h
  dw 00103h,base+00004h
  dw 00405h,base+01261h
  dw 00102h,base+00003h
  dw 00103h,base+00003h
  dw 00B70h,base+0094Ah
  dw 00203h,base+00F25h
  dw 00203h,base+00F25h
  dw 00405h,base+01261h
  dw 00102h,base+00003h
  dw 00103h,base+00003h
  dw 00C71h,base+00836h
  dw 00102h,base+00004h
  dw 00203h,base+00F25h
  dw 00305h,base+012FEh
  dw 00102h,base+00003h
  dw 00103h,base+00003h
  dw 00C74h,base+00842h
  dw 00102h,base+000B7h
  dw 00305h,base+012FEh
  dw 00102h,base+00003h
  dw 00103h,base+00003h
  dw 00C74h,base+0084Eh
  dw 00102h,base+00004h
  dw 00304h,base+01301h
  dw 00203h,base+00CF4h
  dw 00104h,base+00003h
  dw 00B73h,base+00955h
  dw 00102h,base+00004h
  dw 00304h,base+01301h
  dw 00203h,base+00CF4h
  dw 00204h,base+00196h
  dw 00B73h,base+00960h
  dw 00506h,base+0112Dh
  dw 00203h,base+00CF4h
  dw 00205h,base+00CF4h
  dw 00A74h,base+00BA5h
  dw 00304h,base+01227h
  dw 00203h,base+00CF4h
  dw 00206h,base+00CF4h
  dw 00973h,base+00CF7h
  dw 00102h,base+00003h
  dw 00102h,base+00004h
  dw 00203h,base+00CF4h
  dw 00207h,base+00CF4h
  dw 00872h,base+00DE5h
  dw 00102h,base+00003h
  dw 00103h,base+00004h
  dw 00102h,base+00003h
  dw 00208h,base+00CF4h
  dw 00771h,base+00EDFh
  dw 00102h,base+00042h
  dw 00103h,base+00004h
  dw 00102h,base+00003h
  dw 00209h,base+00CF4h
  dw 00572h,base+01132h
  dw 00103h,base+00004h
  dw 00103h,base+00003h
  dw 00108h,base+00003h
  dw 00572h,base+01137h
  dw 00103h,base+00004h
  dw 00103h,base+00003h
  dw 00108h,base+00003h
  dw 00572h,base+0113Ch
  dw 00103h,base+00004h
  dw 00203h,base+00CF4h
  dw 00108h,base+00003h
  dw 00572h,base+01141h
  dw 00106h,base+001ADh
  dw 00208h,base+01348h
  dw 00580h,base+01146h
  dw 00480h,base+01000h
  dw 0047Fh,base+01265h
  dw 00580h,base+0114Bh
  dw 0047Fh,base+01269h
  dw 00580h,base+01150h
  dw 00400h,base+0126Dh

VoodooWaspHitframe003:
  db 054h,019h,062h,026h
  db 08Eh
  db 000h,000h,0DAh,000h,000h
  db 000h,000h
  dw 00180h,base+001ADh
  dw 0017Fh,base+0000Bh
  dw 00207h,base+0001Ch
  dw 00378h,base+00CEEh
  dw 00307h,base+012E9h
  dw 00779h,base+00EE6h
  dw 00305h,base+00335h
  dw 0087Ah,base+00DEDh
  dw 00305h,base+0001Ch
  dw 0087Ah,base+0048Ch
  dw 00405h,base+0096Bh
  dw 0087Bh,base+00DF5h
  dw 00305h,base+00015h
  dw 0076Bh,base+0001Ah
  dw 0060Fh,base+00FD0h
  dw 00405h,base+0096Bh
  dw 0076Ch,base+0001Bh
  dw 0070Fh,base+00EEDh
  dw 00B73h,base+0096Bh
  dw 0050Dh,base+01155h
  dw 00304h,base+00015h
  dw 00773h,base+00C52h
  dw 00209h,base+00F25h
  dw 00A77h,base+00BAFh
  dw 00208h,base+00F91h
  dw 00A74h,base+00BB9h
  dw 00304h,base+0000Fh
  dw 00208h,base+0134Ah
  dw 0090Fh,base+00D00h
  dw 00464h,base+00042h
  dw 0070Dh,base+00EF4h
  dw 0080Ch,base+00DFDh
  dw 00666h,base+00043h
  dw 00304h,base+011CDh
  dw 0050Ah,base+0115Ah
  dw 00709h,base+00EFBh
  dw 00869h,base+00042h
  dw 00204h,base+00007h
  dw 00609h,base+00FD6h
  dw 00709h,base+00C4Fh
  dw 00869h,base+000E8h
  dw 00306h,base+01304h
  dw 00508h,base+0115Fh
  dw 00608h,base+00FDCh
  dw 00669h,base+00043h
  dw 00306h,base+00505h
  dw 00709h,base+00F02h
  dw 00607h,base+00FE2h
  dw 0056Bh,base+00043h
  dw 00205h,base+0006Eh
  dw 00709h,base+00F09h
  dw 00B0Ch,base+00976h
  dw 00A0Dh,base+00181h
  dw 0025Eh,base+000B6h
  dw 00809h,base+00E05h
  dw 01A77h,base+00179h
  dw 02280h,base+00000h
  dw 02081h,base+00022h
  dw 01C80h,base+000B8h
  dw 00304h,base+012ECh
  dw 01400h,base+003B0h

VoodooWaspHitframe004:
  db 036h,018h,062h,03Fh
  db 070h
  db 000h,000h,0C1h,000h,000h
  db 000h,000h
  dw 00304h,base+0006Eh
  dw 00B7Ch,base+00981h
  dw 00102h,base+00256h
  dw 00B7Eh,base+0098Ch
  dw 00C81h,base+0085Ah
  dw 00B7Fh,base+00997h
  dw 00C7Bh,base+00866h
  dw 00104h,base+00054h
  dw 00D7Bh,base+00715h
  dw 01280h,base+0040Eh
  dw 0127Fh,base+00420h
  dw 00206h,base+001ADh
  dw 00203h,base+00426h
  dw 00A77h,base+00BC3h
  dw 00206h,base+00F25h
  dw 00E7Ah,base+00673h
  dw 00103h,base+001ADh
  dw 0117Dh,base+004D2h
  dw 00103h,base+001ADh
  dw 0117Dh,base+004E3h
  dw 00203h,base+00F25h
  dw 00607h,base+00FE8h
  dw 00C76h,base+00872h
  dw 00405h,base+01271h
  dw 00809h,base+00E0Dh
  dw 00973h,base+00D09h
  dw 00304h,base+01307h
  dw 00304h,base+00E0Dh
  dw 00405h,base+003CCh
  dw 00974h,base+00D12h
  dw 00203h,base+00F25h
  dw 00304h,base+001E1h
  dw 00405h,base+0046Fh
  dw 00102h,base+00128h
  dw 00872h,base+00E15h
  dw 00204h,base+00F25h
  dw 00203h,base+00128h
  dw 00102h,base+0000Bh
  dw 00205h,base+0000Dh
  dw 00972h,base+00D1Bh
  dw 00204h,base+00F25h
  dw 0070Ah,base+00F10h
  dw 00972h,base+00D24h
  dw 00203h,base+001ADh
  dw 00405h,base+01275h
  dw 00306h,base+00757h
  dw 00A73h,base+00BCDh
  dw 00102h,base+00004h
  dw 00405h,base+01279h
  dw 00102h,base+00003h
  dw 00104h,base+00003h
  dw 00A74h,base+00BD7h
  dw 00708h,base+00F17h
  dw 00104h,base+00003h
  dw 00A74h,base+00BE1h
  dw 0090Ch,base+00D2Dh
  dw 00A74h,base+00BEBh
  dw 00304h,base+0130Ah
  dw 00508h,base+01164h
  dw 00B74h,base+009A2h
  dw 00305h,base+0103Dh
  dw 00407h,base+0127Dh
  dw 00B00h,base+009ADh

VoodooWaspHitframe005:
  db 030h,01Bh,06Ah,057h
  db 06Ah
  db 000h,000h,0A9h,000h,000h
  db 000h,000h
  dw 00304h,base+0130Dh
  dw 00203h,base+00042h
  dw 00205h,base+00CF4h
  dw 00B75h,base+009B8h
  dw 00203h,base+00F25h
  dw 00203h,base+00CF4h
  dw 00205h,base+00CF4h
  dw 00B75h,base+009C3h
  dw 00103h,base+001ADh
  dw 00103h,base+00003h
  dw 00205h,base+00CF4h
  dw 00B74h,base+009CEh
  dw 00204h,base+001ADh
  dw 00103h,base+00003h
  dw 00105h,base+00003h
  dw 00B74h,base+009D9h
  dw 00204h,base+00F25h
  dw 00102h,base+00003h
  dw 00207h,base+00042h
  dw 00A73h,base+00BF5h
  dw 00203h,base+00F25h
  dw 00203h,base+00042h
  dw 00207h,base+00042h
  dw 00A73h,base+00BFFh
  dw 00103h,base+001ADh
  dw 00203h,base+00042h
  dw 00207h,base+00CF4h
  dw 00B76h,base+009E4h
  dw 00203h,base+00CF4h
  dw 00207h,base+00CF4h
  dw 00B76h,base+009EFh
  dw 00203h,base+00CF4h
  dw 00207h,base+00CF4h
  dw 00B77h,base+009FAh
  dw 00102h,base+000D9h
  dw 00208h,base+00CF4h
  dw 00A78h,base+00C09h
  dw 00208h,base+00CF4h
  dw 00A78h,base+00C13h
  dw 00209h,base+00CF4h
  dw 00977h,base+00D36h
  dw 00209h,base+00CF4h
  dw 00977h,base+00D3Fh
  dw 0020Ah,base+00196h
  dw 00877h,base+00E1Dh
  dw 00109h,base+000D9h
  dw 00881h,base+00E25h
  dw 00780h,base+00F1Eh
  dw 00680h,base+00FEEh
  dw 00680h,base+00FF4h
  dw 00680h,base+00FFAh
  dw 00680h,base+01000h
  dw 00580h,base+01169h
  dw 00580h,base+0116Eh
  dw 0057Eh,base+01173h
  dw 00680h,base+01006h
  dw 0067Fh,base+0100Ch
  dw 00680h,base+01012h
  dw 00500h,base+01178h

VoodooWaspHitframe006:
  db 042h,017h,068h,020h
  db 07Ah
  db 000h,000h,0E0h,000h,000h
  db 000h,000h
  dw 00206h,base+012F2h
  dw 0017Ah,base+0005Fh
  dw 00204h,base+012F2h
  dw 0037Ch,base+01304h
  dw 00204h,base+012F2h
  dw 0037Ch,base+00140h
  dw 00203h,base+0006Eh
  dw 0047Dh,base+01281h
  dw 0057Fh,base+0117Dh
  dw 00203h,base+00000h
  dw 0027Dh,base+0096Bh
  dw 00203h,base+01325h
  dw 0027Dh,base+01076h
  dw 00203h,base+01325h
  dw 0017Dh,base+00004h
  dw 00203h,base+00F91h
  dw 0017Dh,base+00004h
  dw 00203h,base+0134Ch
  dw 0017Dh,base+00016h
  dw 00203h,base+00F25h
  dw 0027Dh,base+000D8h
  dw 00781h,base+00F25h
  dw 00680h,base+01018h
  dw 00781h,base+00F2Ch
  dw 00780h,base+00F33h
  dw 0070Fh,base+00F3Ah
  dw 00371h,base+00210h
  dw 0080Dh,base+00E2Dh
  dw 00673h,base+00DCFh
  dw 00607h,base+0101Eh
  dw 00104h,base+000DAh
  dw 00775h,base+007BFh
  dw 0070Ah,base+00F41h
  dw 00776h,base+00BB2h
  dw 00609h,base+01024h
  dw 00772h,base+00BB2h
  dw 00306h,base+00128h
  dw 00307h,base+008C0h
  dw 00770h,base+00BB2h
  dw 00306h,base+01310h
  dw 00203h,base+00426h
  dw 00307h,base+008C0h
  dw 00508h,base+0001Dh
  dw 00466h,base+0000Fh
  dw 00509h,base+01182h
  dw 00608h,base+0102Ah
  dw 00407h,base+01285h
  dw 00900h,base+00181h

VoodooWaspHitframe007:
  db 050h,018h,064h,037h
  db 068h
  db 000h,000h,0C9h,000h,000h
  db 000h,000h
  dw 0060Ah,base+01030h
  dw 00507h,base+01187h
  dw 00305h,base+0069Dh
  dw 00C69h,base+0087Eh
  dw 0080Ch,base+00E35h
  dw 00506h,base+0118Ch
  dw 0126Eh,base+00432h
  dw 00405h,base+01289h
  dw 00507h,base+003C9h
  dw 01974h,base+001FAh
  dw 00407h,base+01289h
  dw 00305h,base+000D6h
  dw 01975h,base+00213h
  dw 00208h,base+00865h
  dw 01216h,base+00444h
  dw 00764h,base+00328h
  dw 00206h,base+00580h
  dw 00F18h,base+00578h
  dw 00561h,base+01191h
  dw 00507h,base+01196h
  dw 00D79h,base+00722h
  dw 00607h,base+01036h
  dw 01278h,base+00456h
  dw 00305h,base+00CEEh
  dw 0177Bh,base+002D7h
  dw 00206h,base+00F25h
  dw 0187Ah,base+00290h
  dw 00205h,base+00F25h
  dw 01A7Bh,base+00193h
  dw 00104h,base+001ADh
  dw 00304h,base+00042h
  dw 00A0Bh,base+00C1Dh
  dw 00D6Dh,base+0072Fh
  dw 00102h,base+000B7h
  dw 00406h,base+000ECh
  dw 00A0Ch,base+00C27h
  dw 00809h,base+00E3Dh
  dw 00464h,base+00043h
  dw 00406h,base+000ECh
  dw 00B0Fh,base+00A05h
  dw 00708h,base+0058Fh
  dw 00462h,base+00042h
  dw 00204h,base+0000Dh
  dw 00D13h,base+0073Ch
  dw 00709h,base+0058Fh
  dw 0035Fh,base+00043h
  dw 01219h,base+00468h
  dw 00709h,base+0058Fh
  dw 0035Eh,base+00042h
  dw 00608h,base+0103Ch
  dw 00405h,base+0128Dh
  dw 0050Dh,base+0119Bh
  dw 00767h,base+0058Fh
  dw 00307h,base+00AF0h
  dw 00405h,base+01291h
  dw 0050Eh,base+011A0h
  dw 00666h,base+00329h
  dw 00206h,base+001ADh
  dw 00406h,base+01295h
  dw 0050Fh,base+011A0h
  dw 00664h,base+01042h
  dw 00307h,base+00CEEh
  dw 00406h,base+01299h
  dw 00510h,base+011A5h
  dw 00662h,base+000D0h
  dw 00306h,base+01313h
  dw 00304h,base+00042h
  dw 00105h,base+00003h
  dw 00510h,base+011AAh
  dw 00661h,base+000D0h
  dw 00305h,base+01316h
  dw 00305h,base+00042h
  dw 00105h,base+00003h
  dw 00611h,base+01048h
  dw 00660h,base+0104Eh
  dw 00105h,base+001E1h
  dw 00204h,base+000D8h
  dw 00206h,base+0000Dh
  dw 00712h,base+00F48h
  dw 0065Fh,base+0104Eh
  dw 00104h,base+001E1h
  dw 00204h,base+00042h
  dw 00307h,base+00C63h
  dw 00713h,base+00F4Fh
  dw 00600h,base+01054h

VoodooWaspHitframe008:
  db 056h,023h,064h,04Fh
  db 064h
  db 000h,000h,0B1h,000h,000h
  db 000h,000h
  dw 00203h,base+0102Ah
  dw 00304h,base+00468h
  dw 00308h,base+00042h
  dw 00814h,base+00E45h
  dw 0065Eh,base+0104Eh
  dw 00102h,base+00427h
  dw 00204h,base+0000Dh
  dw 00208h,base+0000Dh
  dw 00915h,base+00D48h
  dw 0065Dh,base+0105Ah
  dw 00102h,base+001E1h
  dw 00103h,base+00003h
  dw 00209h,base+00042h
  dw 00917h,base+00D51h
  dw 0055Bh,base+011AFh
  dw 00305h,base+01319h
  dw 00209h,base+000D8h
  dw 00972h,base+00D5Ah
  dw 00304h,base+0131Ch
  dw 00209h,base+00042h
  dw 00B74h,base+00A10h
  dw 00203h,base+00426h
  dw 00209h,base+00292h
  dw 00B74h,base+00A1Bh
  dw 0040Ch,base+0129Dh
  dw 00B75h,base+00A26h
  dw 0050Bh,base+011B4h
  dw 00B76h,base+00A31h
  dw 0030Ah,base+0131Fh
  dw 00B76h,base+00A3Ch
  dw 0010Bh,base+00003h
  dw 00B75h,base+00A47h
  dw 0010Bh,base+00042h
  dw 00B80h,base+00A52h
  dw 00B80h,base+00A5Dh
  dw 00B80h,base+00A68h
  dw 00B80h,base+00A73h
  dw 00B81h,base+00A7Eh
  dw 00A80h,base+00C31h
  dw 00A80h,base+00C3Bh
  dw 00A81h,base+00C45h
  dw 00980h,base+00D63h
  dw 00981h,base+00D6Ch
  dw 00880h,base+00E4Dh
  dw 00881h,base+00E55h
  dw 00780h,base+00F56h
  dw 00781h,base+00F5Dh
  dw 00680h,base+01060h
  dw 00680h,base+01066h
  dw 00680h,base+0106Ch
  dw 00580h,base+011B9h
  dw 0057Fh,base+011BEh
  dw 00580h,base+011C3h
  dw 0057Fh,base+011C8h
  dw 0067Fh,base+01072h
  dw 00680h,base+01078h
  dw 00680h,base+0107Eh
  dw 00400h,base+012A1h

VoodooWaspHitframe009:
  db 04Ch,019h,062h,026h
  db 072h
  db 000h,000h,0DAh,000h,000h
  db 000h,000h
  dw 00205h,base+012F2h
  dw 0027Ah,base+00000h
  dw 00305h,base+01322h
  dw 0037Bh,base+01325h
  dw 00304h,base+01328h
  dw 0057Ch,base+011CDh
  dw 00304h,base+00016h
  dw 0057Ch,base+011D2h
  dw 00304h,base+0132Bh
  dw 00204h,base+0006Eh
  dw 00177h,base+00016h
  dw 00203h,base+00000h
  dw 00102h,base+00179h
  dw 00104h,base+00001h
  dw 0010Ch,base+00016h
  dw 0026Bh,base+000B6h
  dw 00203h,base+00000h
  dw 00203h,base+0134Eh
  dw 0040Dh,base+012A5h
  dw 0036Eh,base+002D7h
  dw 00103h,base+00001h
  dw 0060Dh,base+01084h
  dw 00573h,base+011D7h
  dw 0060Ch,base+0108Ah
  dw 00574h,base+007BFh
  dw 0060Bh,base+01090h
  dw 00675h,base+00DFFh
  dw 0060Bh,base+01096h
  dw 00575h,base+00DD8h
  dw 0060Ah,base+0109Ch
  dw 00507h,base+011DCh
  dw 0076Fh,base+005D2h
  dw 0060Ah,base+010A2h
  dw 00406h,base+00CD7h
  dw 00970h,base+00181h
  dw 00609h,base+010A8h
  dw 00406h,base+01285h
  dw 00B71h,base+00A89h
  dw 00609h,base+010AEh
  dw 00304h,base+00344h
  dw 00F74h,base+00587h
  dw 00507h,base+011E1h
  dw 00304h,base+0132Eh
  dw 00F75h,base+00596h
  dw 00507h,base+011E6h
  dw 00203h,base+00016h
  dw 00D76h,base+00030h
  dw 00507h,base+011EBh
  dw 00B79h,base+00A94h
  dw 00506h,base+011F0h
  dw 00A7Ah,base+00C4Fh
  dw 00102h,base+000DAh
  dw 00C75h,base+0088Ah
  dw 0020Ah,base+0060Eh
  dw 00B75h,base+00A9Fh
  dw 0050Ch,base+011F5h
  dw 0090Bh,base+00D75h
  dw 00569h,base+00042h
  dw 0060Bh,base+010B4h
  dw 01374h,base+003C4h
  dw 00205h,base+001ADh
  dw 01C7Bh,base+000D4h
  dw 00207h,base+00F25h
  dw 01C00h,base+000F0h

VoodooWaspHitframe010:
  db 056h,018h,062h,03Fh
  db 062h
  db 000h,000h,0C1h,000h,000h
  db 000h,000h
  dw 00209h,base+00F25h
  dw 01315h,base+003D7h
  dw 00862h,base+00E5Dh
  dw 00203h,base+00F25h
  dw 00206h,base+00000h
  dw 01618h,base+0031Ch
  dw 00360h,base+00043h
  dw 00102h,base+000B7h
  dw 00406h,base+012A9h
  dw 00B0Ch,base+00AAAh
  dw 00B6Eh,base+00AB5h
  dw 00102h,base+00004h
  dw 00F12h,base+005A5h
  dw 00A6Bh,base+00AB5h
  dw 00205h,base+00F25h
  dw 00D12h,base+00749h
  dw 00A69h,base+00C59h
  dw 00205h,base+00F25h
  dw 00D14h,base+00756h
  dw 00967h,base+0043Ah
  dw 00105h,base+00004h
  dw 00203h,base+000D8h
  dw 00913h,base+00D7Eh
  dw 00965h,base+00C5Ah
  dw 00104h,base+00004h
  dw 00203h,base+000D8h
  dw 00A15h,base+00C63h
  dw 00964h,base+00D87h
  dw 00102h,base+00004h
  dw 00304h,base+00042h
  dw 00B18h,base+00AC0h
  dw 00862h,base+00E65h
  dw 00406h,base+00F13h
  dw 00506h,base+011FAh
  dw 00614h,base+010BAh
  dw 00861h,base+00E65h
  dw 00203h,base+0000Dh
  dw 00609h,base+010C0h
  dw 00515h,base+010BBh
  dw 0075Eh,base+00F64h
  dw 00203h,base+00042h
  dw 0070Ah,base+00F6Bh
  dw 00518h,base+008BFh
  dw 0025Bh,base+00016h
  dw 00506h,base+011FFh
  dw 00408h,base+012ADh
  dw 00672h,base+008C0h
  dw 00406h,base+0103Dh
  dw 00408h,base+00E75h
  dw 00772h,base+00D0Bh
  dw 00306h,base+01331h
  dw 00408h,base+00E75h
  dw 00773h,base+00D14h
  dw 00105h,base+00004h
  dw 00408h,base+01299h
  dw 00873h,base+00E15h
  dw 00104h,base+00004h
  dw 00203h,base+0000Dh
  dw 00206h,base+00292h
  dw 00972h,base+00D1Bh
  dw 00204h,base+000B6h
  dw 00203h,base+0000Dh
  dw 00207h,base+00042h
  dw 00972h,base+00D90h
  dw 00203h,base+000B6h
  dw 00204h,base+00042h
  dw 00207h,base+00292h
  dw 00A71h,base+00BCDh
  dw 00204h,base+00F25h
  dw 00204h,base+000D8h
  dw 00107h,base+00003h
  dw 00A71h,base+00BD7h
  dw 00104h,base+001ADh
  dw 00103h,base+00003h
  dw 00208h,base+00196h
  dw 00A74h,base+00BE1h
  dw 00204h,base+00042h
  dw 00208h,base+000D8h
  dw 00A74h,base+00BEBh
  dw 00203h,base+00CF4h
  dw 00209h,base+00042h
  dw 00B74h,base+009A2h
  dw 00103h,base+00003h
  dw 00209h,base+00292h
  dw 00B00h,base+009ADh

VoodooWaspHitframe011:
  db 030h,01Bh,06Ah,057h
  db 06Ah
  db 000h,000h,0A9h,000h,000h
  db 000h,000h
  dw 00102h,base+00003h
  dw 0020Ah,base+00042h
  dw 00B74h,base+009B8h
  dw 00102h,base+000D9h
  dw 0020Ah,base+00292h
  dw 00B76h,base+00ACBh
  dw 0010Ah,base+00003h
  dw 00B76h,base+009CEh
  dw 0010Ah,base+00003h
  dw 00B76h,base+009D9h
  dw 0010Bh,base+00003h
  dw 00A75h,base+00BF5h
  dw 0010Bh,base+00003h
  dw 00A75h,base+00BFFh
  dw 0010Bh,base+00042h
  dw 00B80h,base+009E4h
  dw 00B80h,base+00AD6h
  dw 00B81h,base+00AE1h
  dw 00A80h,base+00C6Dh
  dw 00A81h,base+00C77h
  dw 00980h,base+00D36h
  dw 00981h,base+00D3Fh
  dw 00880h,base+00E1Dh
  dw 00881h,base+00E25h
  dw 00780h,base+00F72h
  dw 00680h,base+00FEEh
  dw 00680h,base+00FF4h
  dw 00680h,base+00FFAh
  dw 00680h,base+01000h
  dw 00580h,base+01169h
  dw 00580h,base+0116Eh
  dw 0057Eh,base+01204h
  dw 00680h,base+01006h
  dw 0067Fh,base+0100Ch
  dw 00680h,base+010C6h
  dw 00500h,base+01178h

VoodooWaspHitframe012:
  db 054h,019h,062h,026h
  db 08Eh
  db 000h,000h,0DAh,000h,000h
  db 000h,000h
  dw 00180h,base+001ADh
  dw 0017Fh,base+0000Bh
  dw 00207h,base+0001Ch
  dw 00378h,base+00CEEh
  dw 00307h,base+012E9h
  dw 00779h,base+00EE6h
  dw 00305h,base+00335h
  dw 0087Ah,base+00DEDh
  dw 00305h,base+0001Ch
  dw 0087Ah,base+0048Ch
  dw 00405h,base+0096Bh
  dw 0087Bh,base+00DF5h
  dw 00305h,base+00015h
  dw 0076Bh,base+0001Ah
  dw 0060Fh,base+00FD0h
  dw 00405h,base+0096Bh
  dw 0076Ch,base+0001Bh
  dw 0070Fh,base+00EEDh
  dw 00B73h,base+0096Bh
  dw 0050Dh,base+01155h
  dw 00304h,base+00015h
  dw 00773h,base+00C52h
  dw 00209h,base+00F25h
  dw 00A77h,base+00BAFh
  dw 00208h,base+00F91h
  dw 00A74h,base+00BB9h
  dw 00304h,base+0000Fh
  dw 00208h,base+0134Ah
  dw 0090Fh,base+00D00h
  dw 00464h,base+00042h
  dw 0070Dh,base+00EF4h
  dw 0080Ch,base+00DFDh
  dw 00666h,base+00043h
  dw 00304h,base+011CDh
  dw 0050Ah,base+0115Ah
  dw 00709h,base+00EFBh
  dw 00869h,base+00042h
  dw 00204h,base+00007h
  dw 00609h,base+00FD6h
  dw 00709h,base+00C4Fh
  dw 00869h,base+000E8h
  dw 00306h,base+01304h
  dw 00508h,base+0115Fh
  dw 00608h,base+00FDCh
  dw 00669h,base+00043h
  dw 00306h,base+00505h
  dw 00709h,base+00F02h
  dw 00607h,base+00FE2h
  dw 0056Bh,base+00043h
  dw 00205h,base+0006Eh
  dw 00709h,base+00F09h
  dw 00B0Ch,base+00976h
  dw 00A0Dh,base+00181h
  dw 0025Eh,base+000B6h
  dw 00809h,base+00E05h
  dw 01A77h,base+00179h
  dw 02280h,base+00000h
  dw 02081h,base+00022h
  dw 01C80h,base+000B8h
  dw 00304h,base+012ECh
  dw 01400h,base+003B0h

VoodooWaspHitframe013:
  db 036h,018h,062h,03Fh
  db 070h
  db 000h,000h,0C1h,000h,000h
  db 000h,000h
  dw 00304h,base+0006Eh
  dw 00B7Ch,base+00981h
  dw 00102h,base+00256h
  dw 00B7Eh,base+0098Ch
  dw 00C81h,base+0085Ah
  dw 00B7Fh,base+00AECh
  dw 00C7Bh,base+00896h
  dw 00105h,base+00054h
  dw 00C7Ah,base+008A2h
  dw 00708h,base+00F79h
  dw 00A78h,base+00C81h
  dw 00708h,base+00F80h
  dw 00A77h,base+00C8Bh
  dw 00209h,base+001ADh
  dw 00A77h,base+00C95h
  dw 00208h,base+00F25h
  dw 00C78h,base+008AEh
  dw 00103h,base+001ADh
  dw 00304h,base+00022h
  dw 00D79h,base+00763h
  dw 00103h,base+001ADh
  dw 0117Dh,base+004F4h
  dw 00203h,base+00F25h
  dw 00203h,base+000C0h
  dw 00304h,base+00101h
  dw 00C76h,base+008BAh
  dw 00407h,base+01271h
  dw 00609h,base+00E0Fh
  dw 00771h,base+00D0Bh
  dw 00306h,base+01307h
  dw 00102h,base+00003h
  dw 00407h,base+003CCh
  dw 00772h,base+00D14h
  dw 00204h,base+00F25h
  dw 00203h,base+00CF4h
  dw 00407h,base+0046Fh
  dw 00872h,base+00E15h
  dw 00204h,base+00F25h
  dw 00203h,base+000D8h
  dw 00102h,base+0000Bh
  dw 00205h,base+0000Dh
  dw 00972h,base+00D1Bh
  dw 00204h,base+00F25h
  dw 00102h,base+00003h
  dw 00508h,base+01209h
  dw 00972h,base+00D24h
  dw 00203h,base+001ADh
  dw 00405h,base+012B1h
  dw 00306h,base+011FDh
  dw 00A73h,base+00BCDh
  dw 00102h,base+00004h
  dw 00405h,base+012B5h
  dw 00102h,base+00003h
  dw 00104h,base+00003h
  dw 00A74h,base+00BD7h
  dw 00406h,base+012B9h
  dw 00102h,base+00003h
  dw 00104h,base+00003h
  dw 00A74h,base+00BE1h
  dw 00406h,base+012BDh
  dw 00102h,base+00003h
  dw 00104h,base+00003h
  dw 00A74h,base+00BEBh
  dw 00305h,base+0130Ah
  dw 00407h,base+01295h
  dw 00B74h,base+00AF7h
  dw 00305h,base+0103Dh
  dw 00407h,base+00466h
  dw 00B00h,base+009ADh

VoodooWaspHitframe014:
  db 030h,01Bh,06Ah,057h
  db 06Ah
  db 000h,000h,0A9h,000h,000h
  db 000h,000h
  dw 00304h,base+0130Dh
  dw 00203h,base+00042h
  dw 00205h,base+00CF4h
  dw 00B75h,base+009B8h
  dw 00203h,base+00F25h
  dw 00203h,base+00196h
  dw 00205h,base+00CF4h
  dw 00B75h,base+009C3h
  dw 00103h,base+001ADh
  dw 00103h,base+00003h
  dw 00205h,base+00CF4h
  dw 00B74h,base+009CEh
  dw 00204h,base+001ADh
  dw 00103h,base+00003h
  dw 00105h,base+00003h
  dw 00B74h,base+00B02h
  dw 00204h,base+00F25h
  dw 00102h,base+00003h
  dw 00207h,base+00042h
  dw 00A73h,base+00BF5h
  dw 00203h,base+00F25h
  dw 00203h,base+00042h
  dw 00207h,base+00042h
  dw 00A73h,base+00BFFh
  dw 00103h,base+001ADh
  dw 00203h,base+00042h
  dw 00207h,base+00CF4h
  dw 00B76h,base+009E4h
  dw 00203h,base+00196h
  dw 00207h,base+00CF4h
  dw 00B76h,base+009EFh
  dw 00203h,base+00CF4h
  dw 00207h,base+00CF4h
  dw 00B77h,base+00B0Dh
  dw 00102h,base+000D9h
  dw 00208h,base+00CF4h
  dw 00A78h,base+00C09h
  dw 00208h,base+00CF4h
  dw 00A78h,base+00C77h
  dw 00209h,base+00196h
  dw 00977h,base+00D36h
  dw 00209h,base+00CF4h
  dw 00977h,base+00D99h
  dw 0020Ah,base+00CF4h
  dw 00877h,base+00E1Dh
  dw 00109h,base+000D9h
  dw 00881h,base+00E25h
  dw 00780h,base+00F72h
  dw 00680h,base+010CCh
  dw 00680h,base+00FF4h
  dw 00680h,base+00FFAh
  dw 00680h,base+01000h
  dw 00580h,base+01169h
  dw 00580h,base+0116Eh
  dw 0057Eh,base+01173h
  dw 00680h,base+01006h
  dw 0067Fh,base+010D2h
  dw 00680h,base+01012h
  dw 00500h,base+01178h

VoodooWaspHitframe015:
  db 038h,018h,066h,028h
  db 06Eh
  db 000h,000h,0D8h,000h,000h
  db 000h,000h
  dw 0037Fh,base+01179h
  dw 0047Fh,base+012C1h
  dw 00580h,base+0120Eh
  dw 0047Fh,base+012C5h
  dw 00580h,base+01213h
  dw 00480h,base+012C9h
  dw 0040Bh,base+012CDh
  dw 00106h,base+00003h
  dw 0016Fh,base+001ADh
  dw 0040Bh,base+012D1h
  dw 00203h,base+00CF4h
  dw 00103h,base+00003h
  dw 0026Eh,base+00F25h
  dw 0050Ch,base+01218h
  dw 00203h,base+00CF4h
  dw 00203h,base+00CF4h
  dw 0026Eh,base+00F25h
  dw 0050Ch,base+0121Dh
  dw 00203h,base+00CF4h
  dw 00203h,base+00CF4h
  dw 0026Eh,base+00F25h
  dw 0060Dh,base+010D8h
  dw 00102h,base+00003h
  dw 00203h,base+00CF4h
  dw 0036Eh,base+00F25h
  dw 0070Dh,base+00F87h
  dw 00102h,base+00003h
  dw 00203h,base+00CF4h
  dw 0046Eh,base+01228h
  dw 0080Dh,base+00E6Dh
  dw 00103h,base+00003h
  dw 00102h,base+00003h
  dw 0046Eh,base+01228h
  dw 0090Dh,base+00DA2h
  dw 00103h,base+00003h
  dw 00103h,base+00003h
  dw 0036Dh,base+00E7Ah
  dw 00A0Dh,base+00C9Fh
  dw 00103h,base+00003h
  dw 00103h,base+00003h
  dw 0046Dh,base+012D5h
  dw 00A0Dh,base+00CA9h
  dw 00103h,base+00003h
  dw 00103h,base+00003h
  dw 0056Dh,base+01222h
  dw 00B0Dh,base+00B18h
  dw 00203h,base+00CF4h
  dw 00103h,base+00003h
  dw 0056Dh,base+01222h
  dw 00B0Dh,base+00B23h
  dw 00405h,base+00E75h
  dw 00405h,base+01228h
  dw 00169h,base+000B7h
  dw 00B0Dh,base+00B2Eh
  dw 00405h,base+00E75h
  dw 00405h,base+01228h
  dw 00102h,base+00004h
  dw 00267h,base+00F25h
  dw 00C0Dh,base+008C6h
  dw 00405h,base+012D9h
  dw 00305h,base+00CEFh
  dw 00103h,base+00004h
  dw 00166h,base+00004h
  dw 00C0Dh,base+008D2h
  dw 00405h,base+00E75h
  dw 00102h,base+00004h
  dw 00103h,base+00003h
  dw 00203h,base+00F25h
  dw 00266h,base+00F25h
  dw 00C0Dh,base+008DEh
  dw 0080Ah,base+00E75h
  dw 00203h,base+00F25h
  dw 00266h,base+00F25h
  dw 00C0Eh,base+008EAh
  dw 00102h,base+00003h
  dw 00507h,base+01227h
  dw 00203h,base+0006Eh
  dw 00267h,base+00F25h
  dw 00C0Dh,base+008F6h
  dw 00102h,base+00003h
  dw 00506h,base+0122Ch
  dw 00304h,base+01334h
  dw 00200h,base+00F25h

VoodooWaspHitframe016:
  db 04Eh,018h,052h,040h
  db 068h
  db 000h,000h,0C0h,000h,000h
  db 000h,000h
  dw 00C0Dh,base+00902h
  dw 00708h,base+00F8Eh
  dw 00204h,base+000B6h
  dw 00267h,base+00BADh
  dw 00C0Dh,base+0090Eh
  dw 0090Ch,base+00DABh
  dw 00267h,base+0006Eh
  dw 00C0Eh,base+0091Ah
  dw 0070Ah,base+00F95h
  dw 00269h,base+000C0h
  dw 00B0Dh,base+00B39h
  dw 00609h,base+010DEh
  dw 0026Ah,base+0000Fh
  dw 00B0Dh,base+00B44h
  dw 00608h,base+010E4h
  dw 0026Bh,base+0000Fh
  dw 00B0Dh,base+00B4Fh
  dw 00607h,base+010EAh
  dw 0026Ch,base+0002Bh
  dw 00C0Dh,base+00926h
  dw 00607h,base+010F0h
  dw 0026Dh,base+00336h
  dw 00B0Ch,base+00B5Ah
  dw 00874h,base+00E7Dh
  dw 00B0Ch,base+00B65h
  dw 00875h,base+00CDBh
  dw 01213h,base+0047Ah
  dw 0026Dh,base+0085Ah
  dw 01113h,base+00505h
  dw 0026Eh,base+00244h
  dw 01012h,base+00559h
  dw 0026Fh,base+0076Fh
  dw 00F11h,base+005B4h
  dw 00205h,base+00006h
  dw 0015Bh,base+00001h
  dw 00611h,base+00341h
  dw 00D0Eh,base+00770h
  dw 00405h,base+012DDh
  dw 0025Bh,base+00000h
  dw 00A15h,base+00203h
  dw 00A0Bh,base+00CB3h
  dw 00405h,base+012E1h
  dw 0025Dh,base+012F2h
  dw 00C13h,base+00030h
  dw 00F10h,base+005C3h
  dw 0025Fh,base+012F2h
  dw 00D12h,base+0077Dh
  dw 00E0Fh,base+00681h
  dw 00161h,base+00001h
  dw 00C10h,base+00932h
  dw 00E0Fh,base+0068Fh
  dw 00164h,base+00001h
  dw 01B1Ch,base+00143h
  dw 00165h,base+00150h
  dw 01A1Bh,base+001ADh
  dw 00160h,base+00016h
  dw 0050Ah,base+01114h
  dw 01516h,base+00347h
  dw 00161h,base+00004h
  dw 01E1Fh,base+00042h
  dw 00163h,base+00004h
  dw 01517h,base+0035Ch
  dw 00506h,base+01231h
  dw 00167h,base+000B7h
  dw 00608h,base+0097Bh
  dw 0070Ch,base+00F9Ch
  dw 00600h,base+010F6h

VoodooWaspHitframe017:
  db 042h,00Ch,05Eh,058h
  db 078h
  db 000h,000h,0A8h,000h,000h
  db 000h,000h
  dw 0070Dh,base+00FA3h
  dw 00103h,base+00003h
  dw 0026Eh,base+001ADh
  dw 0080Fh,base+00E85h
  dw 0026Fh,base+00DAEh
  dw 00A11h,base+00CBDh
  dw 0026Bh,base+00F25h
  dw 00E16h,base+0069Dh
  dw 00169h,base+00004h
  dw 00B0Ch,base+00B70h
  dw 0030Bh,base+01193h
  dw 00566h,base+01236h
  dw 00D0Eh,base+0078Ah
  dw 0030Dh,base+00017h
  dw 00564h,base+0123Bh
  dw 00D0Eh,base+00797h
  dw 00410h,base+01192h
  dw 00363h,base+00505h
  dw 00A0Ch,base+005D2h
  dw 00477h,base+000D1h
  dw 00607h,base+00EE7h
  dw 0067Fh,base+010FCh
  dw 00680h,base+01042h
  dw 00581h,base+01240h
  dw 00300h,base+00CEEh

VoodooWaspHitframe018:
  db 038h,016h,066h,032h
  db 06Eh
  db 000h,000h,0CEh,000h,000h
  db 000h,000h
  dw 0037Fh,base+01179h
  dw 0047Fh,base+012C1h
  dw 00580h,base+0120Eh
  dw 0047Fh,base+012C5h
  dw 00580h,base+01213h
  dw 00480h,base+012C9h
  dw 0040Bh,base+012CDh
  dw 00106h,base+00003h
  dw 0016Fh,base+001ADh
  dw 0040Bh,base+012D1h
  dw 00203h,base+00CF4h
  dw 00103h,base+00003h
  dw 0026Eh,base+00F25h
  dw 0050Ch,base+01218h
  dw 00203h,base+00CF4h
  dw 00203h,base+00CF4h
  dw 0026Eh,base+00F25h
  dw 0050Ch,base+0121Dh
  dw 00203h,base+00CF4h
  dw 00203h,base+00CF4h
  dw 0026Eh,base+00F25h
  dw 0060Dh,base+010D8h
  dw 00102h,base+00003h
  dw 00203h,base+00CF4h
  dw 0036Eh,base+00F25h
  dw 0070Dh,base+00F87h
  dw 00102h,base+00003h
  dw 00203h,base+00CF4h
  dw 0046Eh,base+01228h
  dw 0080Dh,base+00E6Dh
  dw 00103h,base+00003h
  dw 00102h,base+00003h
  dw 0046Eh,base+01228h
  dw 0090Dh,base+00DA2h
  dw 00103h,base+00003h
  dw 00103h,base+00003h
  dw 0036Dh,base+00E7Ah
  dw 00A0Dh,base+00C9Fh
  dw 00103h,base+00003h
  dw 00103h,base+00003h
  dw 0046Dh,base+012D5h
  dw 00A0Dh,base+00CA9h
  dw 00103h,base+00003h
  dw 00103h,base+00003h
  dw 0056Dh,base+01222h
  dw 00B0Dh,base+00B18h
  dw 00203h,base+00CF4h
  dw 00103h,base+00003h
  dw 0056Dh,base+01222h
  dw 00B0Dh,base+00B23h
  dw 00405h,base+00E75h
  dw 00405h,base+01228h
  dw 00169h,base+000B7h
  dw 00B0Dh,base+00B2Eh
  dw 00405h,base+00E75h
  dw 00405h,base+01228h
  dw 00102h,base+00004h
  dw 00267h,base+00F25h
  dw 00C0Dh,base+008C6h
  dw 00405h,base+012D9h
  dw 00305h,base+00CEFh
  dw 00103h,base+00004h
  dw 00166h,base+00004h
  dw 00C0Dh,base+008D2h
  dw 00405h,base+00E75h
  dw 00102h,base+00004h
  dw 00103h,base+00003h
  dw 00203h,base+00F25h
  dw 00266h,base+00F25h
  dw 00C0Dh,base+008DEh
  dw 0080Ah,base+00E75h
  dw 00203h,base+00F25h
  dw 00200h,base+00F25h

VoodooWaspHitframe019:
  db 044h,018h,05Ch,048h
  db 066h
  db 000h,000h,0B8h,000h,000h
  db 000h,000h
  dw 00C0Eh,base+008EAh
  dw 00102h,base+00003h
  dw 00507h,base+01227h
  dw 00203h,base+0006Eh
  dw 00261h,base+00F25h
  dw 00106h,base+00337h
  dw 00C0Dh,base+008F6h
  dw 00102h,base+00003h
  dw 00506h,base+0122Ch
  dw 00304h,base+01334h
  dw 00261h,base+00F25h
  dw 00106h,base+00016h
  dw 00C0Dh,base+00902h
  dw 00708h,base+00F8Eh
  dw 00204h,base+000B6h
  dw 00261h,base+00BADh
  dw 00206h,base+00336h
  dw 00C0Dh,base+0090Eh
  dw 0090Ch,base+00DABh
  dw 00261h,base+0006Eh
  dw 00206h,base+00015h
  dw 00C0Eh,base+0091Ah
  dw 0070Ah,base+00F95h
  dw 00262h,base+000C0h
  dw 00207h,base+00015h
  dw 00B0Dh,base+00B39h
  dw 00609h,base+010DEh
  dw 00263h,base+0000Fh
  dw 00307h,base+012E9h
  dw 00B0Dh,base+00B44h
  dw 00608h,base+010E4h
  dw 00264h,base+0000Fh
  dw 00307h,base+0096Bh
  dw 00B0Dh,base+00B7Bh
  dw 00607h,base+010EAh
  dw 00266h,base+0002Bh
  dw 00306h,base+00015h
  dw 00C0Dh,base+0093Eh
  dw 00607h,base+010F0h
  dw 00266h,base+00336h
  dw 00407h,base+0096Bh
  dw 00B0Ch,base+00B5Ah
  dw 0086Ch,base+00E7Dh
  dw 00102h,base+00003h
  dw 00406h,base+00CD7h
  dw 00B0Ch,base+00B65h
  dw 0086Ch,base+00CDBh
  dw 00609h,base+01102h
  dw 01213h,base+0047Ah
  dw 00264h,base+0085Ah
  dw 00809h,base+00E8Dh
  dw 01113h,base+00505h
  dw 00264h,base+00244h
  dw 00304h,base+00042h
  dw 00506h,base+0001Ch
  dw 01012h,base+00559h
  dw 00265h,base+0076Fh
  dw 00304h,base+000EDh
  dw 00506h,base+00014h
  dw 00F11h,base+005B4h
  dw 00205h,base+00006h
  dw 00160h,base+00001h
  dw 00A0Ch,base+00CC7h
  dw 00D0Eh,base+00770h
  dw 00405h,base+012DDh
  dw 00262h,base+00000h
  dw 00405h,base+00042h
  dw 00509h,base+007BFh
  dw 00A0Bh,base+00CB3h
  dw 00405h,base+012E1h
  dw 00263h,base+012F2h
  dw 00506h,base+01114h
  dw 00407h,base+00014h
  dw 00F10h,base+005C3h
  dw 00265h,base+012F2h
  dw 00A0Ch,base+00CD1h
  dw 00E0Fh,base+00681h
  dw 00167h,base+00001h
  dw 0090Ah,base+00DB4h
  dw 00E0Fh,base+0068Fh
  dw 00168h,base+00001h
  dw 01718h,base+002EEh
  dw 00160h,base+00150h
  dw 0030Ah,base+004B2h
  dw 01516h,base+00371h
  dw 00161h,base+00016h
  dw 0070Dh,base+00060h
  dw 01112h,base+00516h
  dw 00162h,base+00004h
  dw 01D1Eh,base+0007Eh
  dw 00100h,base+00004h

VoodooWaspHitframe020:
  db 03Eh,009h,062h,060h
  db 062h
  db 000h,000h,0A0h,000h,000h
  db 000h,000h
  dw 01517h,base+00386h
  dw 00506h,base+01231h
  dw 00164h,base+000B7h
  dw 01217h,base+0048Ch
  dw 0066Bh,base+010F6h
  dw 00F15h,base+005D2h
  dw 00103h,base+00003h
  dw 0026Ah,base+001ADh
  dw 00709h,base+00EE6h
  dw 0030Ah,base+00016h
  dw 00273h,base+00DAEh
  dw 0060Dh,base+00341h
  dw 0026Fh,base+00F25h
  dw 00912h,base+0038Eh
  dw 0016Eh,base+00004h
  dw 00812h,base+00E95h
  dw 0056Fh,base+01236h
  dw 00612h,base+00EE7h
  dw 00582h,base+0123Bh
  dw 00300h,base+00505h

VoodooWaspHitframe021:
  db 042h,015h,05Ch,03Bh
  db 084h
  db 000h,000h,0C5h,000h,000h
  db 000h,000h
  dw 00180h,base+00003h
  dw 00280h,base+00CF4h
  dw 0027Dh,base+00CF4h
  dw 00203h,base+000D8h
  dw 00204h,base+00CF4h
  dw 00179h,base+000B7h
  dw 00103h,base+00003h
  dw 00204h,base+00CF4h
  dw 00102h,base+00004h
  dw 0016Ah,base+000D9h
  dw 0020Dh,base+01006h
  dw 00104h,base+00003h
  dw 00103h,base+00003h
  dw 00102h,base+00004h
  dw 00169h,base+000D9h
  dw 0030Dh,base+01337h
  dw 00205h,base+00042h
  dw 00103h,base+00003h
  dw 00102h,base+00004h
  dw 00169h,base+000D9h
  dw 0030Dh,base+0133Ah
  dw 00205h,base+00042h
  dw 00103h,base+00003h
  dw 00102h,base+00004h
  dw 00168h,base+000D9h
  dw 0040Eh,base+012E5h
  dw 00205h,base+00042h
  dw 00103h,base+00003h
  dw 00102h,base+00004h
  dw 00368h,base+01224h
  dw 0030Eh,base+0133Dh
  dw 00205h,base+00CF4h
  dw 00103h,base+00003h
  dw 00304h,base+00E7Ah
  dw 00166h,base+00004h
  dw 0030Eh,base+0000Bh
  dw 00204h,base+00CF4h
  dw 00204h,base+00CF4h
  dw 00304h,base+01340h
  dw 00166h,base+00004h
  dw 0030Eh,base+012CAh
  dw 00104h,base+00003h
  dw 00204h,base+00CF4h
  dw 00304h,base+01340h
  dw 00165h,base+001ADh
  dw 0040Fh,base+012C9h
  dw 00104h,base+00003h
  dw 00204h,base+00CF4h
  dw 00304h,base+01343h
  dw 00203h,base+00F25h
  dw 00162h,base+00004h
  dw 0050Fh,base+01245h
  dw 00104h,base+00003h
  dw 00204h,base+00CF4h
  dw 00204h,base+000B9h
  dw 00203h,base+00F25h
  dw 00262h,base+00F25h
  dw 0050Fh,base+0124Ah
  dw 00104h,base+00003h
  dw 00203h,base+00CF4h
  dw 00306h,base+01251h
  dw 00103h,base+00004h
  dw 00161h,base+00004h
  dw 0070Fh,base+00FAAh
  dw 00105h,base+00003h
  dw 00508h,base+0124Fh
  dw 00103h,base+00004h
  dw 00160h,base+00004h
  dw 00B0Fh,base+00B86h
  dw 00206h,base+00042h
  dw 00507h,base+01254h
  dw 00204h,base+00000h
  dw 00160h,base+00004h
  dw 00D0Fh,base+007A4h
  dw 00306h,base+00042h
  dw 00506h,base+00F90h
  dw 00305h,base+007F3h
  dw 00160h,base+00004h
  dw 00D10h,base+007B1h
  dw 00305h,base+00468h
  dw 0080Ah,base+00E9Dh
  dw 00261h,base+00022h
  dw 00E11h,base+006ABh
  dw 00304h,base+00468h
  dw 0060Ah,base+00F96h
  dw 00261h,base+00000h
  dw 00E12h,base+006B9h
  dw 0080Bh,base+00EA5h
  dw 00400h,base+0095Ch

VoodooWaspHitframe022:
  db 044h,018h,05Ch,050h
  db 05Ch
  db 000h,000h,0B0h,000h,000h
  db 000h,000h
  dw 00F13h,base+005E1h
  dw 00709h,base+00FB1h
  dw 00464h,base+0032Eh
  dw 00F14h,base+005F0h
  dw 00607h,base+01108h
  dw 00266h,base+0002Bh
  dw 00F13h,base+005FFh
  dw 00607h,base+0110Eh
  dw 00266h,base+00336h
  dw 00F13h,base+0060Eh
  dw 0086Ch,base+00E7Dh
  dw 00102h,base+00003h
  dw 00F12h,base+0061Dh
  dw 00A6Ch,base+00CDBh
  dw 01113h,base+00527h
  dw 00809h,base+00484h
  dw 00264h,base+00244h
  dw 01112h,base+00538h
  dw 0080Ah,base+00EADh
  dw 00264h,base+0076Fh
  dw 01A1Ch,base+001C7h
  dw 00205h,base+00006h
  dw 00160h,base+00001h
  dw 0191Ah,base+0022Ch
  dw 00405h,base+012DDh
  dw 00261h,base+00000h
  dw 0191Ah,base+00245h
  dw 00405h,base+012E1h
  dw 00262h,base+012F2h
  dw 01D1Eh,base+0009Bh
  dw 00263h,base+012F2h
  dw 01C1Dh,base+0010Ch
  dw 00164h,base+00001h
  dw 01B1Ch,base+0015Eh
  dw 00166h,base+00001h
  dw 0191Ah,base+0025Eh
  dw 00166h,base+00150h
  dw 0191Ah,base+00277h
  dw 00160h,base+00016h
  dw 00307h,base+004B2h
  dw 01819h,base+002A8h
  dw 00161h,base+00004h
  dw 01E1Fh,base+00060h
  dw 00162h,base+00004h
  dw 01718h,base+00305h
  dw 00506h,base+01231h
  dw 00163h,base+000B7h
  dw 01518h,base+0039Bh
  dw 00669h,base+010F6h
  dw 01217h,base+0049Eh
  dw 00103h,base+00003h
  dw 00268h,base+001ADh
  dw 00F15h,base+0062Ch
  dw 0026Dh,base+0134Eh
  dw 00709h,base+00EE6h
  dw 0030Ah,base+00016h
  dw 00273h,base+00F25h
  dw 0060Eh,base+00341h
  dw 0016Eh,base+00004h
  dw 00912h,base+0038Eh
  dw 00500h,base+01236h

VoodooWaspHitframe023:
  db 030h,002h,070h,068h
  db 070h
  db 000h,000h,098h,000h,000h
  db 000h,000h
  dw 00813h,base+00E95h
  dw 0056Eh,base+0123Bh
  dw 00614h,base+00EE7h
  dw 00300h,base+00505h

VoodooWaspHitframe024:
  db 042h,015h,05Ch,03Bh
  db 084h
  db 000h,000h,0C5h,000h,000h
  db 000h,000h
  dw 00180h,base+00003h
  dw 00280h,base+00CF4h
  dw 0027Dh,base+00CF4h
  dw 00203h,base+000D8h
  dw 00204h,base+00CF4h
  dw 00179h,base+000B7h
  dw 00103h,base+00003h
  dw 00204h,base+00CF4h
  dw 00102h,base+00004h
  dw 0016Ah,base+000D9h
  dw 0020Dh,base+01006h
  dw 00104h,base+00003h
  dw 00103h,base+00003h
  dw 00102h,base+00004h
  dw 00169h,base+000D9h
  dw 0030Dh,base+01337h
  dw 00205h,base+00042h
  dw 00103h,base+00003h
  dw 00102h,base+00004h
  dw 00169h,base+000D9h
  dw 0030Dh,base+0133Ah
  dw 00205h,base+00042h
  dw 00103h,base+00003h
  dw 00102h,base+00004h
  dw 00168h,base+000D9h
  dw 0040Eh,base+012E5h
  dw 00205h,base+00042h
  dw 00103h,base+00003h
  dw 00102h,base+00004h
  dw 00368h,base+01224h
  dw 0030Eh,base+0133Dh
  dw 00205h,base+00CF4h
  dw 00103h,base+00003h
  dw 00304h,base+00E7Ah
  dw 00166h,base+00004h
  dw 0030Eh,base+0000Bh
  dw 00204h,base+00CF4h
  dw 00204h,base+00CF4h
  dw 00304h,base+01340h
  dw 00166h,base+00004h
  dw 0030Eh,base+012CAh
  dw 00104h,base+00003h
  dw 00204h,base+00CF4h
  dw 00304h,base+01340h
  dw 00165h,base+001ADh
  dw 0040Fh,base+012C9h
  dw 00104h,base+00003h
  dw 00204h,base+00CF4h
  dw 00304h,base+01343h
  dw 00203h,base+00F25h
  dw 00162h,base+00004h
  dw 0050Fh,base+01245h
  dw 00104h,base+00003h
  dw 00204h,base+00CF4h
  dw 00204h,base+000B9h
  dw 00203h,base+00F25h
  dw 00262h,base+00F25h
  dw 0050Fh,base+0124Ah
  dw 00104h,base+00003h
  dw 00203h,base+00CF4h
  dw 00306h,base+01251h
  dw 00103h,base+00004h
  dw 00161h,base+00004h
  dw 0070Fh,base+00FAAh
  dw 00105h,base+00003h
  dw 00508h,base+0124Fh
  dw 00103h,base+00004h
  dw 00160h,base+00004h
  dw 00B0Fh,base+00B86h
  dw 00206h,base+00042h
  dw 00507h,base+01254h
  dw 00204h,base+00000h
  dw 00160h,base+00004h
  dw 00D0Fh,base+007A4h
  dw 00306h,base+00042h
  dw 00506h,base+00F90h
  dw 00305h,base+007F3h
  dw 00160h,base+00004h
  dw 00D10h,base+007B1h
  dw 00305h,base+00468h
  dw 0080Ah,base+00E9Dh
  dw 00261h,base+00022h
  dw 00E11h,base+006ABh
  dw 00304h,base+00468h
  dw 0060Ah,base+00F96h
  dw 00261h,base+00000h
  dw 00E12h,base+006B9h
  dw 0080Bh,base+00EA5h
  dw 00400h,base+0095Ch

VoodooWaspHitframe025:
  db 044h,018h,05Ch,050h
  db 05Ch
  db 000h,000h,0B0h,000h,000h
  db 000h,000h
  dw 00F13h,base+005E1h
  dw 00709h,base+00FB1h
  dw 00464h,base+0032Eh
  dw 00F14h,base+005F0h
  dw 00607h,base+01108h
  dw 00266h,base+0002Bh
  dw 00F13h,base+005FFh
  dw 00607h,base+0110Eh
  dw 00266h,base+00336h
  dw 00F13h,base+0060Eh
  dw 0086Ch,base+00E7Dh
  dw 00102h,base+00003h
  dw 00F12h,base+0061Dh
  dw 00A6Ch,base+00CDBh
  dw 01113h,base+00527h
  dw 00809h,base+00484h
  dw 00264h,base+00244h
  dw 01112h,base+00538h
  dw 0080Ah,base+00EADh
  dw 00264h,base+0076Fh
  dw 01A1Ch,base+001C7h
  dw 00205h,base+00006h
  dw 00160h,base+00001h
  dw 0191Ah,base+0022Ch
  dw 00405h,base+012DDh
  dw 00261h,base+00000h
  dw 0191Ah,base+00245h
  dw 00405h,base+012E1h
  dw 00262h,base+012F2h
  dw 01D1Eh,base+0009Bh
  dw 00263h,base+012F2h
  dw 01C1Dh,base+0010Ch
  dw 00164h,base+00001h
  dw 01B1Ch,base+0015Eh
  dw 00166h,base+00001h
  dw 0191Ah,base+0025Eh
  dw 00166h,base+00150h
  dw 0191Ah,base+00277h
  dw 00160h,base+00016h
  dw 00307h,base+004B2h
  dw 01819h,base+002A8h
  dw 00161h,base+00004h
  dw 01E1Fh,base+00060h
  dw 00162h,base+00004h
  dw 01718h,base+00305h
  dw 00506h,base+01231h
  dw 00163h,base+000B7h
  dw 01518h,base+0039Bh
  dw 00669h,base+010F6h
  dw 01217h,base+0049Eh
  dw 00103h,base+00003h
  dw 00268h,base+001ADh
  dw 00F15h,base+0062Ch
  dw 0026Dh,base+0134Eh
  dw 00709h,base+00EE6h
  dw 0030Ah,base+00016h
  dw 00273h,base+00F25h
  dw 0060Eh,base+00341h
  dw 0016Eh,base+00004h
  dw 00912h,base+0038Eh
  dw 00500h,base+01236h

VoodooWaspHitframe026:
  db 030h,002h,070h,068h
  db 070h
  db 000h,000h,098h,000h,000h
  db 000h,000h
  dw 00813h,base+00E95h
  dw 0056Eh,base+0123Bh
  dw 00614h,base+00EE7h
  dw 00300h,base+00505h


