  dw GoatIdleAndWalkframe000
  dw GoatIdleAndWalkframe001
  dw GoatIdleAndWalkframe002
  dw GoatIdleAndWalkframe003
  dw GoatIdleAndWalkframe004
  dw GoatIdleAndWalkframe005
  dw GoatIdleAndWalkframe006
  dw GoatIdleAndWalkframe007
  dw GoatIdleAndWalkframe008
  dw GoatIdleAndWalkframe009
  dw GoatIdleAndWalkframe010
  dw GoatIdleAndWalkframe011
  dw GoatIdleAndWalkframe012
  dw GoatIdleAndWalkframe013
  dw GoatIdleAndWalkframe014
  dw GoatIdleAndWalkframe015
  dw GoatIdleAndWalkframe016
  dw GoatIdleAndWalkframe017
  dw GoatIdleAndWalkframe018
  dw GoatIdleAndWalkframe019
  dw GoatIdleAndWalkframe020
  dw GoatIdleAndWalkframe021
  dw GoatIdleAndWalkframe022
  dw GoatIdleAndWalkframe023
  dw GoatIdleAndWalkframe024
  dw GoatIdleAndWalkframe025
  dw GoatIdleAndWalkframe026
  dw GoatIdleAndWalkframe027
  dw GoatIdleAndWalkframe028
  dw GoatIdleAndWalkframe029
  dw GoatIdleAndWalkframe030
  dw GoatIdleAndWalkframe031
  dw GoatIdleAndWalkframe032
  dw GoatIdleAndWalkframe033
  dw GoatIdleAndWalkframe034
  dw GoatIdleAndWalkframe035
  dw GoatIdleAndWalkframe036
  dw GoatIdleAndWalkframe037
  dw GoatIdleAndWalkframe038
  dw GoatIdleAndWalkframe039
  dw GoatIdleAndWalkframe040
  dw GoatIdleAndWalkframe041
  dw GoatIdleAndWalkframe042
  dw GoatIdleAndWalkframe043
  dw GoatIdleAndWalkframe044
  dw GoatIdleAndWalkframe045
  dw GoatIdleAndWalkframe046
  dw GoatIdleAndWalkframe047
  dw GoatIdleAndWalkframe048
  dw GoatIdleAndWalkframe049
  dw GoatIdleAndWalkframe050
  dw GoatIdleAndWalkframe051
  dw GoatIdleAndWalkframe052
  dw GoatIdleAndWalkframe053
  dw GoatIdleAndWalkframe054
  dw GoatIdleAndWalkframe055
  dw GoatIdleAndWalkframe056
  dw GoatIdleAndWalkframe057
  dw GoatIdleAndWalkframe058
  dw GoatIdleAndWalkframe059
  dw GoatIdleAndWalkframe060
  dw GoatIdleAndWalkframe061
  dw GoatIdleAndWalkframe062
  dw GoatIdleAndWalkframe063
  dw GoatIdleAndWalkframe064
  dw GoatIdleAndWalkframe065
  dw GoatIdleAndWalkframe066
  dw GoatIdleAndWalkframe067
  dw GoatIdleAndWalkframe068
  dw GoatIdleAndWalkframe069
  dw GoatIdleAndWalkframe070
  dw GoatIdleAndWalkframe071
  dw GoatIdleAndWalkframe072
  dw GoatIdleAndWalkframe073
  dw GoatIdleAndWalkframe074
  dw GoatIdleAndWalkframe075
  dw GoatIdleAndWalkframe076
  dw GoatIdleAndWalkframe077
  dw GoatIdleAndWalkframe078
  dw GoatIdleAndWalkframe079

GoatIdleAndWalkframe000:
  db 02Ah,015h,066h,007h
  db 070h
  db 000h,000h,0F9h,000h,000h
  db 000h,000h
  dw 0027Fh,base+02959h
  dw 00580h,base+03683h
  dw 00780h,base+034B0h
  dw 00B80h,base+02FF0h
  dw 00D7Fh,base+02F27h
  dw 00E80h,base+02DF3h
  dw 00E80h,base+02E01h
  dw 00E80h,base+02E0Fh
  dw 00E7Fh,base+02E1Dh
  dw 00F80h,base+02CE5h
  dw 00F80h,base+02CF4h
  dw 01080h,base+02C85h
  dw 01011h,base+02C95h
  dw 0016Eh,base+00000h
  dw 01112h,base+02C52h
  dw 0026Eh,base+036C8h
  dw 01480h,base+02B2Fh
  dw 00E0Fh,base+02E2Bh
  dw 00571h,base+03688h
  dw 00D0Fh,base+02F34h
  dw 00570h,base+0368Dh
  dw 00E11h,base+02E39h
  dw 0036Fh,base+02D1Dh
  dw 00F12h,base+02D03h
  dw 0026Eh,base+00014h
  dw 00F80h,base+02D12h
  dw 01200h,base+02C2Eh

GoatIdleAndWalkframe001:
  db 058h,01Bh,054h,01Ch
  db 064h
  db 000h,000h,0E4h,000h,000h
  db 000h,000h
  dw 01580h,base+02A72h
  dw 01680h,base+029EEh
  dw 01780h,base+0294Dh
  dw 0187Fh,base+02875h
  dw 01A80h,base+018DDh
  dw 01B80h,base+01037h
  dw 01B80h,base+01052h
  dw 01C7Fh,base+00D5Fh
  dw 01E80h,base+00D06h
  dw 01F80h,base+00CA9h
  dw 02080h,base+00C69h
  dw 0217Fh,base+00C27h
  dw 02380h,base+00B57h
  dw 02480h,base+00AC7h
  dw 02480h,base+00AEBh
  dw 0257Fh,base+00A7Dh
  dw 02680h,base+009BFh
  dw 02680h,base+009E5h
  dw 02780h,base+0094Ah
  dw 0277Fh,base+00971h
  dw 02880h,base+008D2h
  dw 02980h,base+0082Eh
  dw 02980h,base+00857h
  dw 0297Fh,base+00880h
  dw 02A7Fh,base+007B0h
  dw 02B7Fh,base+0072Fh
  dw 02C00h,base+00703h

GoatIdleAndWalkframe002:
  db 06Ch,01Bh,048h,037h
  db 052h
  db 000h,000h,0C9h,000h,000h
  db 000h,000h
  dw 02D80h,base+0064Fh
  dw 02E80h,base+004DFh
  dw 02E80h,base+0050Dh
  dw 02E7Fh,base+0053Bh
  dw 02F7Fh,base+00423h
  dw 0307Fh,base+00393h
  dw 0317Fh,base+002CFh
  dw 03380h,base+0016Dh
  dw 0337Fh,base+001A0h
  dw 03480h,base+00035h
  dw 01112h,base+00785h
  dw 0191Ah,base+01FABh
  dw 00954h,base+03150h
  dw 00F11h,base+02D21h
  dw 01A1Bh,base+018F7h
  dw 00954h,base+03150h
  dw 00E11h,base+02E47h
  dw 01A1Bh,base+01911h
  dw 00954h,base+03159h
  dw 00C11h,base+02F9Ch
  dw 01A1Ch,base+0192Bh
  dw 00854h,base+03348h
  dw 00A0Fh,base+03074h
  dw 01B1Dh,base+0106Dh
  dw 00954h,base+03162h
  dw 0090Fh,base+0316Bh
  dw 01B1Dh,base+01088h
  dw 00954h,base+03174h
  dw 0080Fh,base+03350h
  dw 01B1Dh,base+010A3h
  dw 00954h,base+03159h
  dw 0080Fh,base+03358h
  dw 01B1Dh,base+010BEh
  dw 00954h,base+0317Dh
  dw 0080Fh,base+03360h
  dw 01B1Eh,base+010D9h
  dw 00854h,base+03368h
  dw 0070Eh,base+034B7h
  dw 01B1Eh,base+010F4h
  dw 00854h,base+03370h
  dw 0060Eh,base+035CFh
  dw 01B1Eh,base+0110Fh
  dw 00854h,base+03378h
  dw 0060Eh,base+035D5h
  dw 01B1Eh,base+0112Ah
  dw 00853h,base+03380h
  dw 0070Fh,base+034BEh
  dw 01B1Eh,base+01145h
  dw 00853h,base+03388h
  dw 0070Fh,base+034BEh
  dw 01B1Fh,base+01160h
  dw 00752h,base+034C5h
  dw 0060Eh,base+007B2h
  dw 01C20h,base+00D7Bh
  dw 00752h,base+034CCh
  dw 0060Eh,base+035DBh
  dw 01C20h,base+00D97h
  dw 00751h,base+034D3h
  dw 0070Fh,base+034DAh
  dw 01C20h,base+00DB3h
  dw 00700h,base+034E1h

GoatIdleAndWalkframe003:
  db 06Eh,01Bh,046h,052h
  db 048h
  db 000h,000h,0AEh,000h,000h
  db 000h,000h
  dw 0070Fh,base+034E8h
  dw 01C20h,base+00DCFh
  dw 00751h,base+034EFh
  dw 0060Fh,base+035E1h
  dw 01B21h,base+0117Bh
  dw 00650h,base+035E7h
  dw 0060Fh,base+035EDh
  dw 01B21h,base+01196h
  dw 0064Fh,base+035E7h
  dw 00710h,base+034F6h
  dw 01B21h,base+011B1h
  dw 0064Fh,base+035E7h
  dw 00710h,base+034FDh
  dw 01B21h,base+011CCh
  dw 0064Fh,base+035E7h
  dw 00610h,base+035F3h
  dw 01B21h,base+011E7h
  dw 0064Fh,base+035E7h
  dw 00611h,base+035F9h
  dw 01A20h,base+01945h
  dw 0064Fh,base+035E7h
  dw 00611h,base+035FFh
  dw 01920h,base+01FC4h
  dw 00650h,base+03605h
  dw 00510h,base+03692h
  dw 01920h,base+01FDDh
  dw 00650h,base+0360Bh
  dw 00410h,base+036A1h
  dw 01920h,base+01FF6h
  dw 00650h,base+03611h
  dw 00410h,base+036A5h
  dw 01920h,base+0200Fh
  dw 00652h,base+03617h
  dw 0020Eh,base+02959h
  dw 01920h,base+02028h
  dw 00660h,base+03058h
  dw 01920h,base+02041h
  dw 00660h,base+03058h
  dw 01920h,base+0205Ah
  dw 00660h,base+03058h
  dw 0191Fh,base+02073h
  dw 00761h,base+03504h
  dw 0191Fh,base+0208Ch
  dw 00761h,base+03504h
  dw 0191Fh,base+020A5h
  dw 00761h,base+02F6Eh
  dw 0191Eh,base+020BEh
  dw 00862h,base+03390h
  dw 0191Eh,base+020D7h
  dw 00861h,base+03398h
  dw 01A1Eh,base+0195Fh
  dw 00962h,base+03186h
  dw 01A1Eh,base+01979h
  dw 00962h,base+0318Fh
  dw 01A1Eh,base+01993h
  dw 00962h,base+03198h
  dw 01A1Eh,base+019ADh
  dw 00962h,base+031A1h
  dw 01A1Eh,base+019C7h
  dw 00862h,base+033A0h
  dw 01A1Fh,base+019E1h
  dw 00761h,base+0350Bh
  dw 01A20h,base+019FBh
  dw 00660h,base+0008Ch
  dw 01A00h,base+01A15h

GoatIdleAndWalkframe004:
  db 034h,01Bh,066h,06Dh
  db 066h
  db 000h,000h,093h,000h,000h
  db 000h,000h
  dw 01A80h,base+01A2Fh
  dw 01A80h,base+01A49h
  dw 01A80h,base+01A63h
  dw 01A80h,base+01A7Dh
  dw 01A80h,base+01A97h
  dw 00A0Bh,base+0307Eh
  dw 00F75h,base+0244Ch
  dw 00A0Ch,base+03088h
  dw 00E74h,base+02E55h
  dw 00A0Ch,base+03092h
  dw 00E75h,base+02E63h
  dw 0090Bh,base+031AAh
  dw 00E75h,base+02E71h
  dw 0090Bh,base+031B3h
  dw 00405h,base+036A9h
  dw 00970h,base+030B1h
  dw 0090Bh,base+031BCh
  dw 00405h,base+036ADh
  dw 00970h,base+030BBh
  dw 0090Bh,base+031C5h
  dw 00102h,base+00000h
  dw 00203h,base+0203Fh
  dw 00870h,base+03217h
  dw 0090Dh,base+031CEh
  dw 00203h,base+00014h
  dw 00871h,base+033A8h
  dw 00710h,base+03512h
  dw 00770h,base+03519h
  dw 00710h,base+03520h
  dw 00671h,base+02FC6h
  dw 0060Fh,base+02FC6h
  dw 00671h,base+034AAh
  dw 00610h,base+0302Ch
  dw 00570h,base+03443h
  dw 00610h,base+0302Ch
  dw 00571h,base+03443h
  dw 0050Fh,base+03443h
  dw 00471h,base+0023Ah
  dw 0050Fh,base+03443h
  dw 00471h,base+0023Ah
  dw 0050Fh,base+03443h
  dw 00571h,base+03697h
  dw 0050Fh,base+0369Ch
  dw 00570h,base+0365Fh
  dw 00610h,base+0361Dh
  dw 00670h,base+03623h
  dw 0060Fh,base+02FC6h
  dw 00770h,base+03520h
  dw 00710h,base+03520h
  dw 00870h,base+03390h
  dw 00710h,base+03041h
  dw 0086Fh,base+004B0h
  dw 00811h,base+0199Ch
  dw 00800h,base+0199Ch

GoatIdleAndWalkframe005:
  db 02Ah,015h,066h,007h
  db 070h
  db 000h,000h,0F9h,000h,000h
  db 000h,000h
  dw 00280h,base+007B0h
  dw 00480h,base+036B1h
  dw 0057Fh,base+00C69h
  dw 00880h,base+033B0h
  dw 00980h,base+031D7h
  dw 00B80h,base+02FFBh
  dw 00D7Fh,base+02F41h
  dw 00E80h,base+02E7Fh
  dw 00E7Fh,base+02E0Fh
  dw 00F80h,base+02D30h
  dw 00F80h,base+02D3Fh
  dw 00F80h,base+02D4Eh
  dw 0107Fh,base+02CA5h
  dw 01112h,base+02C63h
  dw 0016Eh,base+00000h
  dw 01112h,base+02C52h
  dw 0026Eh,base+036C8h
  dw 01480h,base+02B43h
  dw 00E0Fh,base+02E2Bh
  dw 00570h,base+03688h
  dw 00E10h,base+02E8Dh
  dw 00570h,base+0368Dh
  dw 00E11h,base+02E9Bh
  dw 0036Fh,base+02D1Dh
  dw 00F12h,base+02D5Dh
  dw 0026Eh,base+00014h
  dw 00F00h,base+02D6Ch

GoatIdleAndWalkframe006:
  db 05Ah,01Bh,052h,01Ch
  db 064h
  db 000h,000h,0E4h,000h,000h
  db 000h,000h
  dw 01380h,base+02BCFh
  dw 01580h,base+02A87h
  dw 01680h,base+02A04h
  dw 0177Fh,base+02964h
  dw 01980h,base+020F0h
  dw 01A80h,base+01AB1h
  dw 01B80h,base+01202h
  dw 01B7Fh,base+0121Dh
  dw 01D80h,base+00D42h
  dw 01F80h,base+00CC8h
  dw 0207Fh,base+00C89h
  dw 02280h,base+00BE3h
  dw 02380h,base+00B7Ah
  dw 02480h,base+00B0Fh
  dw 0247Fh,base+00B33h
  dw 02680h,base+00A0Bh
  dw 02680h,base+00A31h
  dw 02680h,base+00A57h
  dw 0277Fh,base+00998h
  dw 02880h,base+008FAh
  dw 02880h,base+00922h
  dw 0297Fh,base+008A9h
  dw 02A80h,base+007DAh
  dw 02A7Fh,base+00804h
  dw 02B7Eh,base+0075Ah
  dw 02D80h,base+0067Ch
  dw 02D00h,base+006A9h

GoatIdleAndWalkframe007:
  db 06Eh,01Bh,046h,037h
  db 050h
  db 000h,000h,0C9h,000h,000h
  db 000h,000h
  dw 02E80h,base+00569h
  dw 02F80h,base+00452h
  dw 02F80h,base+00481h
  dw 02F7Eh,base+004B0h
  dw 0317Fh,base+00300h
  dw 03280h,base+00239h
  dw 0327Fh,base+0026Bh
  dw 03480h,base+00069h
  dw 03480h,base+0009Dh
  dw 01012h,base+02CB5h
  dw 0226Eh,base+00C05h
  dw 00F12h,base+02D7Bh
  dw 0191Ah,base+02109h
  dw 00954h,base+03150h
  dw 00D11h,base+02F4Eh
  dw 01A1Bh,base+01ACBh
  dw 00954h,base+03150h
  dw 00C11h,base+02FA8h
  dw 01A1Bh,base+01AE5h
  dw 00954h,base+03159h
  dw 00A10h,base+0309Ch
  dw 01B1Dh,base+01238h
  dw 00853h,base+03348h
  dw 00910h,base+031E0h
  dw 01B1Dh,base+01253h
  dw 00953h,base+03162h
  dw 00910h,base+031E9h
  dw 01B1Dh,base+0126Eh
  dw 00953h,base+03174h
  dw 0090Fh,base+031F2h
  dw 01C1Eh,base+00DEBh
  dw 00954h,base+03159h
  dw 0070Eh,base+03527h
  dw 01C1Eh,base+00E07h
  dw 00954h,base+0317Dh
  dw 0070Eh,base+0352Eh
  dw 01C1Fh,base+00E23h
  dw 00853h,base+03368h
  dw 0070Eh,base+03535h
  dw 01C1Fh,base+00E3Fh
  dw 00853h,base+03370h
  dw 0070Eh,base+0353Ch
  dw 01C1Fh,base+00E5Bh
  dw 00853h,base+03378h
  dw 0060Eh,base+03629h
  dw 01C1Fh,base+00E77h
  dw 00853h,base+03380h
  dw 0060Eh,base+03629h
  dw 01C1Fh,base+00E93h
  dw 00852h,base+03388h
  dw 0070Fh,base+03543h
  dw 01C20h,base+00EAFh
  dw 00751h,base+034C5h
  dw 0070Fh,base+0354Ah
  dw 01C20h,base+00ECBh
  dw 00750h,base+034CCh
  dw 00710h,base+034DAh
  dw 01C20h,base+00EE7h
  dw 00750h,base+034D3h
  dw 00710h,base+034E8h
  dw 01C20h,base+00F03h
  dw 00700h,base+034E1h

GoatIdleAndWalkframe008:
  db 070h,01Bh,044h,052h
  db 046h
  db 000h,000h,0AEh,000h,000h
  db 000h,000h
  dw 00610h,base+035E1h
  dw 01C20h,base+00F1Fh
  dw 00750h,base+034EFh
  dw 00610h,base+035EDh
  dw 01C21h,base+00F3Bh
  dw 0064Eh,base+035E7h
  dw 00711h,base+034F6h
  dw 01B21h,base+01289h
  dw 0064Eh,base+035E7h
  dw 00711h,base+03551h
  dw 01B21h,base+012A4h
  dw 0064Eh,base+035E7h
  dw 00611h,base+0362Fh
  dw 01B21h,base+012BFh
  dw 0064Eh,base+035E7h
  dw 00611h,base+035F9h
  dw 01B21h,base+012DAh
  dw 0064Eh,base+035E7h
  dw 00611h,base+035FFh
  dw 01A21h,base+01AFFh
  dw 0064Fh,base+035E7h
  dw 00510h,base+03692h
  dw 01A21h,base+01B19h
  dw 0064Fh,base+03605h
  dw 00410h,base+036A1h
  dw 01A21h,base+01B33h
  dw 0064Fh,base+0360Bh
  dw 00411h,base+036A5h
  dw 01920h,base+02122h
  dw 00651h,base+03611h
  dw 0020Fh,base+02959h
  dw 01820h,base+0288Dh
  dw 00660h,base+03617h
  dw 01820h,base+028A5h
  dw 00660h,base+03058h
  dw 01820h,base+028BDh
  dw 00660h,base+03058h
  dw 01920h,base+0213Bh
  dw 00660h,base+03058h
  dw 0191Fh,base+02154h
  dw 00761h,base+03504h
  dw 0191Fh,base+0216Dh
  dw 00761h,base+03504h
  dw 0191Fh,base+02186h
  dw 00761h,base+02F6Eh
  dw 0191Eh,base+0219Fh
  dw 00862h,base+03390h
  dw 0191Eh,base+021B8h
  dw 00862h,base+03398h
  dw 0191Dh,base+021D1h
  dw 00962h,base+03186h
  dw 01A1Eh,base+01B4Dh
  dw 00962h,base+0318Fh
  dw 01A1Eh,base+01B67h
  dw 00962h,base+03198h
  dw 01A1Eh,base+01B81h
  dw 00962h,base+031A1h
  dw 01A1Eh,base+01B9Bh
  dw 00862h,base+033A0h
  dw 01A1Fh,base+01BB5h
  dw 00761h,base+0350Bh
  dw 01A20h,base+01BCFh
  dw 00660h,base+0008Ch
  dw 01A00h,base+019FBh

GoatIdleAndWalkframe009:
  db 034h,01Bh,066h,06Dh
  db 066h
  db 000h,000h,093h,000h,000h
  db 000h,000h
  dw 01A80h,base+01BE9h
  dw 01A80h,base+01C03h
  dw 01A80h,base+01C1Dh
  dw 01A80h,base+01C37h
  dw 01A80h,base+01C51h
  dw 00A0Bh,base+030A6h
  dw 00F75h,base+02D8Ah
  dw 0090Bh,base+031FBh
  dw 00F75h,base+02D99h
  dw 0090Bh,base+03204h
  dw 00F75h,base+02DA8h
  dw 0090Bh,base+0320Dh
  dw 00F76h,base+02DB7h
  dw 0080Ah,base+033B8h
  dw 00F76h,base+02DC6h
  dw 0080Ah,base+033C0h
  dw 00405h,base+036A9h
  dw 00A71h,base+030B0h
  dw 0080Ah,base+033C8h
  dw 00405h,base+036ADh
  dw 00A71h,base+030BAh
  dw 0080Ah,base+033D0h
  dw 00102h,base+00000h
  dw 00203h,base+0203Fh
  dw 00972h,base+03216h
  dw 0070Bh,base+03558h
  dw 00204h,base+00014h
  dw 00871h,base+033A8h
  dw 00710h,base+03520h
  dw 00671h,base+02FC6h
  dw 0060Fh,base+02FC6h
  dw 00671h,base+034AAh
  dw 00610h,base+0302Ch
  dw 00570h,base+03443h
  dw 00610h,base+0302Ch
  dw 00571h,base+03443h
  dw 0050Fh,base+03443h
  dw 00471h,base+0023Ah
  dw 0050Fh,base+03443h
  dw 00471h,base+0023Ah
  dw 0050Fh,base+03443h
  dw 00571h,base+03697h
  dw 0050Fh,base+0369Ch
  dw 00570h,base+0365Fh
  dw 00610h,base+0361Dh
  dw 00670h,base+03623h
  dw 0060Fh,base+02FC6h
  dw 00770h,base+03520h
  dw 00710h,base+03520h
  dw 00870h,base+03390h
  dw 00710h,base+03041h
  dw 0086Fh,base+004B0h
  dw 00811h,base+0199Ch
  dw 00800h,base+0199Ch

GoatIdleAndWalkframe010:
  db 02Ah,014h,066h,008h
  db 070h
  db 000h,000h,0F8h,000h,000h
  db 000h,000h
  dw 0027Fh,base+02959h
  dw 00580h,base+03683h
  dw 00780h,base+034B0h
  dw 00B80h,base+02FF0h
  dw 00D7Fh,base+02F27h
  dw 00E80h,base+02DF3h
  dw 00E80h,base+02E01h
  dw 00E80h,base+02E0Fh
  dw 00E7Fh,base+02E1Dh
  dw 00F80h,base+02CE5h
  dw 00F80h,base+02CF4h
  dw 01080h,base+02C85h
  dw 01011h,base+02C95h
  dw 0016Eh,base+00000h
  dw 01112h,base+02C52h
  dw 0026Eh,base+036C8h
  dw 01480h,base+02B2Fh
  dw 00E0Fh,base+02E2Bh
  dw 00571h,base+03688h
  dw 00D0Fh,base+02F34h
  dw 00570h,base+0368Dh
  dw 00E11h,base+02E39h
  dw 0036Fh,base+02D1Dh
  dw 00F12h,base+02D03h
  dw 0026Eh,base+00014h
  dw 00F00h,base+02D12h

GoatIdleAndWalkframe011:
  db 056h,01Bh,056h,01Ch
  db 066h
  db 000h,000h,0E4h,000h,000h
  db 000h,000h
  dw 0127Fh,base+02C2Eh
  dw 01580h,base+02A72h
  dw 01680h,base+029EEh
  dw 01780h,base+0294Dh
  dw 0187Fh,base+02875h
  dw 01A80h,base+018DDh
  dw 01B80h,base+01037h
  dw 01B80h,base+01052h
  dw 01C7Fh,base+00D5Fh
  dw 01E80h,base+00D06h
  dw 01F80h,base+00CA9h
  dw 02080h,base+00C69h
  dw 0217Fh,base+00C48h
  dw 02380h,base+00B9Dh
  dw 02480h,base+00AC7h
  dw 02480h,base+00AEBh
  dw 0257Fh,base+00A7Dh
  dw 02680h,base+009BFh
  dw 02680h,base+009E5h
  dw 02780h,base+0094Ah
  dw 0277Fh,base+00971h
  dw 02880h,base+008D2h
  dw 02980h,base+0082Eh
  dw 02980h,base+00857h
  dw 0297Fh,base+00880h
  dw 02A7Fh,base+007B0h
  dw 02B00h,base+0072Fh

GoatIdleAndWalkframe012:
  db 06Eh,01Bh,048h,037h
  db 054h
  db 000h,000h,0C9h,000h,000h
  db 000h,000h
  dw 02D7Fh,base+006D6h
  dw 02E80h,base+00597h
  dw 02E80h,base+005C5h
  dw 02E80h,base+005F3h
  dw 02E7Fh,base+00621h
  dw 0307Fh,base+003C3h
  dw 0317Fh,base+00331h
  dw 0327Fh,base+0029Dh
  dw 03480h,base+000D1h
  dw 0347Fh,base+00105h
  dw 03580h,base+00000h
  dw 01112h,base+00785h
  dw 0191Ah,base+021EAh
  dw 00954h,base+0317Dh
  dw 00F12h,base+02D21h
  dw 0191Bh,base+02203h
  dw 00953h,base+03162h
  dw 00E11h,base+02E47h
  dw 01A1Ch,base+01C6Bh
  dw 00953h,base+0321Fh
  dw 00C11h,base+02F9Ch
  dw 01A1Ch,base+01C85h
  dw 00954h,base+03159h
  dw 00A10h,base+03074h
  dw 01A1Ch,base+01C9Fh
  dw 00954h,base+03228h
  dw 0090Fh,base+0316Bh
  dw 01B1Eh,base+012F5h
  dw 00953h,base+03162h
  dw 0080Fh,base+03350h
  dw 01B1Eh,base+01310h
  dw 00953h,base+03150h
  dw 0080Fh,base+03358h
  dw 01B1Eh,base+0132Bh
  dw 00953h,base+03231h
  dw 0080Fh,base+03360h
  dw 01B1Eh,base+01346h
  dw 00954h,base+0323Ah
  dw 0070Eh,base+034B7h
  dw 01B1Eh,base+01361h
  dw 00954h,base+03243h
  dw 0060Eh,base+035CFh
  dw 01B1Fh,base+010D9h
  dw 00853h,base+033D8h
  dw 0060Eh,base+035D5h
  dw 01B1Fh,base+0137Ch
  dw 00852h,base+033E0h
  dw 0070Fh,base+034BEh
  dw 01B1Fh,base+01397h
  dw 00852h,base+033E8h
  dw 0070Fh,base+034BEh
  dw 01B1Fh,base+013B2h
  dw 00852h,base+033F0h
  dw 0060Fh,base+007B2h
  dw 01B20h,base+013CDh
  dw 00751h,base+0355Fh
  dw 0060Eh,base+035DBh
  dw 01C21h,base+00F57h
  dw 00700h,base+03566h

GoatIdleAndWalkframe013:
  db 070h,01Bh,046h,052h
  db 048h
  db 000h,000h,0AEh,000h,000h
  db 000h,000h
  dw 0070Fh,base+034DAh
  dw 01C21h,base+00D7Bh
  dw 00750h,base+0356Dh
  dw 0070Fh,base+034E8h
  dw 01C21h,base+00D97h
  dw 00750h,base+03574h
  dw 0060Fh,base+035E1h
  dw 01B21h,base+013E8h
  dw 00750h,base+03574h
  dw 0060Fh,base+035EDh
  dw 01B21h,base+01403h
  dw 0074Fh,base+03574h
  dw 00710h,base+034F6h
  dw 01B21h,base+0141Eh
  dw 0074Fh,base+03574h
  dw 00710h,base+034FDh
  dw 01B21h,base+01439h
  dw 0074Fh,base+03574h
  dw 00610h,base+035F3h
  dw 01B21h,base+01454h
  dw 0074Fh,base+03574h
  dw 00610h,base+035F9h
  dw 01B21h,base+0146Fh
  dw 0074Fh,base+0357Bh
  dw 00611h,base+035FFh
  dw 01920h,base+0221Ch
  dw 00750h,base+03582h
  dw 00510h,base+03692h
  dw 01920h,base+01945h
  dw 00650h,base+03635h
  dw 00410h,base+036A1h
  dw 01920h,base+02235h
  dw 00650h,base+0363Bh
  dw 00410h,base+036A5h
  dw 01920h,base+0224Eh
  dw 00652h,base+034AAh
  dw 0020Eh,base+02959h
  dw 01920h,base+02267h
  dw 00660h,base+034AAh
  dw 01920h,base+02280h
  dw 00660h,base+034AAh
  dw 01920h,base+02299h
  dw 00660h,base+02FC6h
  dw 01920h,base+022B2h
  dw 00660h,base+02FC6h
  dw 0191Fh,base+022CBh
  dw 00761h,base+03520h
  dw 0191Fh,base+022E4h
  dw 00761h,base+03041h
  dw 0191Eh,base+022FDh
  dw 00862h,base+033F8h
  dw 0191Eh,base+02316h
  dw 00861h,base+03400h
  dw 01A1Fh,base+01CB9h
  dw 00861h,base+03408h
  dw 01A1Fh,base+01CD3h
  dw 00861h,base+03410h
  dw 01A1Fh,base+01CEDh
  dw 00861h,base+03418h
  dw 01A1Fh,base+01D07h
  dw 00861h,base+03420h
  dw 01A1Fh,base+019C7h
  dw 00861h,base+03428h
  dw 01A20h,base+01D21h
  dw 00660h,base+0008Ch
  dw 01A00h,base+01D3Bh

GoatIdleAndWalkframe014:
  db 034h,01Bh,066h,06Dh
  db 066h
  db 000h,000h,093h,000h,000h
  db 000h,000h
  dw 01A80h,base+01A15h
  dw 01A80h,base+01A2Fh
  dw 01A80h,base+01D55h
  dw 01A80h,base+01D6Fh
  dw 01A80h,base+01D89h
  dw 00B0Ch,base+03006h
  dw 00E74h,base+02EA9h
  dw 00B0Ch,base+03011h
  dw 00E74h,base+02EB7h
  dw 00B0Ch,base+0301Ch
  dw 00E74h,base+02EC5h
  dw 00A0Ch,base+030C4h
  dw 00E75h,base+02ED3h
  dw 0090Bh,base+0324Ch
  dw 00405h,base+036B5h
  dw 00970h,base+03255h
  dw 0090Bh,base+0325Eh
  dw 00405h,base+036B9h
  dw 00970h,base+03267h
  dw 0090Bh,base+03270h
  dw 00405h,base+036BDh
  dw 00970h,base+03279h
  dw 0090Ch,base+031C5h
  dw 00304h,base+036C5h
  dw 00871h,base+03430h
  dw 0080Dh,base+03438h
  dw 00102h,base+00000h
  dw 00871h,base+03440h
  dw 00710h,base+03520h
  dw 00671h,base+02FC6h
  dw 0060Fh,base+02FC6h
  dw 00671h,base+034AAh
  dw 00610h,base+0302Ch
  dw 00570h,base+03443h
  dw 00610h,base+0302Ch
  dw 00571h,base+03443h
  dw 0050Fh,base+03443h
  dw 00471h,base+0023Ah
  dw 0050Fh,base+03443h
  dw 00471h,base+0023Ah
  dw 0050Fh,base+03443h
  dw 00571h,base+03697h
  dw 0050Fh,base+0369Ch
  dw 00570h,base+0365Fh
  dw 00610h,base+0361Dh
  dw 00670h,base+03623h
  dw 0060Fh,base+02FC6h
  dw 00770h,base+03520h
  dw 00710h,base+03520h
  dw 00870h,base+03390h
  dw 00710h,base+03041h
  dw 0086Fh,base+004B0h
  dw 00811h,base+0199Ch
  dw 00800h,base+0199Ch

GoatIdleAndWalkframe015:
  db 02Ah,014h,066h,008h
  db 070h
  db 000h,000h,0F8h,000h,000h
  db 000h,000h
  dw 0027Fh,base+02959h
  dw 00580h,base+03683h
  dw 00780h,base+034B0h
  dw 00B80h,base+02FF0h
  dw 00D7Fh,base+02F27h
  dw 00E80h,base+02DF3h
  dw 00E80h,base+02E01h
  dw 00E80h,base+02E0Fh
  dw 00E7Fh,base+02E1Dh
  dw 00F80h,base+02CE5h
  dw 00F80h,base+02CF4h
  dw 01080h,base+02C85h
  dw 01011h,base+02C95h
  dw 0016Eh,base+00000h
  dw 01112h,base+02C52h
  dw 0026Eh,base+036C8h
  dw 01480h,base+02B2Fh
  dw 00E0Fh,base+02E2Bh
  dw 00571h,base+03688h
  dw 00D0Fh,base+02F34h
  dw 00570h,base+0368Dh
  dw 00E11h,base+02E39h
  dw 0036Fh,base+02D1Dh
  dw 00F12h,base+02D03h
  dw 0026Eh,base+00014h
  dw 00F00h,base+02D12h

GoatIdleAndWalkframe016:
  db 056h,01Bh,056h,01Ch
  db 066h
  db 000h,000h,0E4h,000h,000h
  db 000h,000h
  dw 0127Fh,base+02C2Eh
  dw 01580h,base+02A72h
  dw 01680h,base+029EEh
  dw 01780h,base+0294Dh
  dw 0187Fh,base+02875h
  dw 01A80h,base+018DDh
  dw 01B80h,base+01037h
  dw 01B80h,base+01052h
  dw 01C7Fh,base+00D5Fh
  dw 01E80h,base+00D06h
  dw 01F80h,base+00CA9h
  dw 02080h,base+00C69h
  dw 0217Fh,base+00C27h
  dw 02380h,base+00BC0h
  dw 02480h,base+00AC7h
  dw 02480h,base+00AEBh
  dw 0257Fh,base+00A7Dh
  dw 02680h,base+009BFh
  dw 02680h,base+009E5h
  dw 02780h,base+0094Ah
  dw 0277Fh,base+00971h
  dw 02880h,base+008D2h
  dw 02980h,base+0082Eh
  dw 02980h,base+00857h
  dw 0297Fh,base+00880h
  dw 02A7Fh,base+007B0h
  dw 02B00h,base+0072Fh

GoatIdleAndWalkframe017:
  db 06Eh,01Bh,048h,037h
  db 054h
  db 000h,000h,0C9h,000h,000h
  db 000h,000h
  dw 02C7Fh,base+00703h
  dw 02D80h,base+0064Fh
  dw 02E80h,base+004DFh
  dw 02E80h,base+0050Dh
  dw 02E7Fh,base+0053Bh
  dw 02F7Fh,base+00423h
  dw 0307Fh,base+003F3h
  dw 0317Fh,base+00362h
  dw 03380h,base+001D3h
  dw 0337Fh,base+00206h
  dw 03480h,base+00139h
  dw 02B2Ch,base+00785h
  dw 00954h,base+03150h
  dw 00F11h,base+02D21h
  dw 01A1Bh,base+01DA3h
  dw 00954h,base+03150h
  dw 00E11h,base+02E47h
  dw 01A1Bh,base+01DBDh
  dw 00954h,base+03159h
  dw 00C10h,base+02F9Ch
  dw 01B1Dh,base+0148Ah
  dw 00854h,base+03348h
  dw 00A0Fh,base+03074h
  dw 01B1Dh,base+014A5h
  dw 00954h,base+03162h
  dw 0090Fh,base+0316Bh
  dw 01B1Dh,base+014C0h
  dw 00954h,base+03174h
  dw 0080Fh,base+03350h
  dw 01B1Dh,base+014DBh
  dw 00954h,base+03159h
  dw 0080Fh,base+03358h
  dw 01B1Dh,base+014F6h
  dw 00954h,base+0317Dh
  dw 0080Fh,base+03360h
  dw 01B1Eh,base+01511h
  dw 00954h,base+03174h
  dw 0070Eh,base+034B7h
  dw 01B1Eh,base+0152Ch
  dw 00954h,base+03282h
  dw 0060Eh,base+035CFh
  dw 01B1Eh,base+01547h
  dw 00954h,base+0328Bh
  dw 0060Eh,base+035D5h
  dw 01B1Eh,base+01562h
  dw 00953h,base+03294h
  dw 0070Fh,base+034BEh
  dw 01B1Eh,base+0157Dh
  dw 00953h,base+0329Dh
  dw 0070Eh,base+034BEh
  dw 01C20h,base+00F73h
  dw 00852h,base+03448h
  dw 0060Eh,base+007B2h
  dw 01C20h,base+00DB3h
  dw 00852h,base+03450h
  dw 0060Eh,base+035DBh
  dw 01C20h,base+00F8Fh
  dw 00800h,base+03458h

GoatIdleAndWalkframe018:
  db 070h,01Bh,046h,052h
  db 048h
  db 000h,000h,0AEh,000h,000h
  db 000h,000h
  dw 0070Fh,base+034DAh
  dw 01C21h,base+00FABh
  dw 00750h,base+03566h
  dw 0070Fh,base+034E8h
  dw 01C21h,base+00FC7h
  dw 00750h,base+0356Dh
  dw 0060Fh,base+035E1h
  dw 01B21h,base+011B1h
  dw 00750h,base+03574h
  dw 0060Fh,base+035EDh
  dw 01B21h,base+01598h
  dw 0074Fh,base+03574h
  dw 00710h,base+034F6h
  dw 01B21h,base+015B3h
  dw 0074Fh,base+03574h
  dw 00710h,base+034FDh
  dw 01B21h,base+015CEh
  dw 0074Fh,base+03574h
  dw 00611h,base+035F3h
  dw 01A20h,base+01DD7h
  dw 0074Fh,base+03574h
  dw 00611h,base+035F9h
  dw 01A20h,base+01DF1h
  dw 0074Fh,base+03574h
  dw 00611h,base+035FFh
  dw 01920h,base+0232Fh
  dw 00750h,base+0357Bh
  dw 00510h,base+03692h
  dw 01920h,base+01FF6h
  dw 00750h,base+03582h
  dw 00410h,base+036A1h
  dw 01920h,base+0200Fh
  dw 00650h,base+03635h
  dw 00410h,base+036A5h
  dw 01920h,base+02028h
  dw 00652h,base+0363Bh
  dw 0020Eh,base+02959h
  dw 01920h,base+02041h
  dw 00660h,base+034AAh
  dw 01920h,base+0205Ah
  dw 00660h,base+034AAh
  dw 01920h,base+02073h
  dw 00660h,base+034AAh
  dw 01920h,base+0208Ch
  dw 00660h,base+02FC6h
  dw 01920h,base+02348h
  dw 00660h,base+02FC6h
  dw 0191Fh,base+02361h
  dw 00761h,base+03520h
  dw 0191Fh,base+0237Ah
  dw 00761h,base+03041h
  dw 0191Eh,base+02393h
  dw 00861h,base+033F8h
  dw 01A1Fh,base+01E0Bh
  dw 00861h,base+03400h
  dw 01A1Fh,base+01E25h
  dw 00861h,base+03408h
  dw 01A1Fh,base+01E3Fh
  dw 00861h,base+03410h
  dw 01A1Fh,base+019ADh
  dw 00861h,base+03418h
  dw 01A1Fh,base+01E59h
  dw 00861h,base+03420h
  dw 01A1Fh,base+01E73h
  dw 00861h,base+03428h
  dw 01A20h,base+01E8Dh
  dw 00600h,base+0008Ch

GoatIdleAndWalkframe019:
  db 034h,01Bh,066h,06Dh
  db 066h
  db 000h,000h,093h,000h,000h
  db 000h,000h
  dw 01A80h,base+01A15h
  dw 01A80h,base+01A2Fh
  dw 01A80h,base+01A49h
  dw 01A80h,base+01A63h
  dw 01A80h,base+01A7Dh
  dw 01A80h,base+01A97h
  dw 00A0Bh,base+0307Eh
  dw 00F75h,base+0244Ch
  dw 00A0Ch,base+03088h
  dw 00E74h,base+02E55h
  dw 00A0Ch,base+03092h
  dw 00E75h,base+02E63h
  dw 0090Bh,base+031AAh
  dw 00E75h,base+02E71h
  dw 0090Bh,base+031B3h
  dw 00405h,base+036A9h
  dw 00970h,base+030B1h
  dw 0090Bh,base+031BCh
  dw 00405h,base+036ADh
  dw 00970h,base+030BBh
  dw 0090Bh,base+031C5h
  dw 00102h,base+00000h
  dw 00203h,base+0203Fh
  dw 00871h,base+03217h
  dw 0080Ch,base+03438h
  dw 00203h,base+00014h
  dw 00871h,base+033A8h
  dw 00710h,base+03520h
  dw 00671h,base+02FC6h
  dw 0060Fh,base+02FC6h
  dw 00671h,base+034AAh
  dw 00610h,base+0302Ch
  dw 00570h,base+03443h
  dw 00610h,base+0302Ch
  dw 00571h,base+03443h
  dw 0050Fh,base+03443h
  dw 00471h,base+0023Ah
  dw 0050Fh,base+03443h
  dw 00471h,base+0023Ah
  dw 0050Fh,base+03443h
  dw 00571h,base+03697h
  dw 0050Fh,base+0369Ch
  dw 00570h,base+0365Fh
  dw 00610h,base+0361Dh
  dw 00670h,base+03623h
  dw 0060Fh,base+02FC6h
  dw 00770h,base+03520h
  dw 00710h,base+03520h
  dw 00870h,base+03390h
  dw 00710h,base+03041h
  dw 0086Fh,base+004B0h
  dw 00811h,base+0199Ch
  dw 00800h,base+0199Ch

GoatIdleAndWalkframe020:
  db 02Ah,014h,066h,008h
  db 070h
  db 000h,000h,0F8h,000h,000h
  db 000h,000h
  dw 0027Fh,base+02959h
  dw 00580h,base+03683h
  dw 00780h,base+034B0h
  dw 00B80h,base+02FF0h
  dw 00D7Fh,base+02F27h
  dw 00E80h,base+02DF3h
  dw 00E80h,base+02E01h
  dw 00E80h,base+02E0Fh
  dw 00E7Fh,base+02E1Dh
  dw 00F80h,base+02CE5h
  dw 00F80h,base+02CF4h
  dw 01080h,base+02C85h
  dw 01011h,base+02C95h
  dw 0016Eh,base+00000h
  dw 01112h,base+02C52h
  dw 0026Eh,base+036C8h
  dw 01480h,base+02B2Fh
  dw 00E0Fh,base+02E2Bh
  dw 00571h,base+03688h
  dw 00D0Fh,base+02F34h
  dw 00570h,base+0368Dh
  dw 00E11h,base+02E39h
  dw 0036Fh,base+02D1Dh
  dw 00F12h,base+02D03h
  dw 0026Eh,base+00014h
  dw 00F00h,base+02D12h

GoatIdleAndWalkframe021:
  db 056h,01Bh,056h,01Ch
  db 066h
  db 000h,000h,0E4h,000h,000h
  db 000h,000h
  dw 0127Fh,base+02C2Eh
  dw 01580h,base+02A72h
  dw 01680h,base+029EEh
  dw 01780h,base+0294Dh
  dw 0187Fh,base+02875h
  dw 01A80h,base+018DDh
  dw 01B80h,base+01037h
  dw 01B80h,base+01052h
  dw 01C7Fh,base+00D5Fh
  dw 01E80h,base+00D06h
  dw 01F80h,base+00CA9h
  dw 02080h,base+00C69h
  dw 0217Fh,base+00C27h
  dw 02380h,base+00B57h
  dw 02480h,base+00AC7h
  dw 02480h,base+00AEBh
  dw 0257Fh,base+00A7Dh
  dw 02680h,base+009BFh
  dw 02680h,base+009E5h
  dw 02780h,base+0094Ah
  dw 0277Fh,base+00971h
  dw 02880h,base+008D2h
  dw 02980h,base+0082Eh
  dw 02980h,base+00857h
  dw 0297Fh,base+00880h
  dw 02A7Fh,base+007B0h
  dw 02B00h,base+0072Fh

GoatIdleAndWalkframe022:
  db 06Ch,01Bh,048h,037h
  db 054h
  db 000h,000h,0C9h,000h,000h
  db 000h,000h
  dw 02C7Fh,base+00703h
  dw 02D80h,base+0064Fh
  dw 02E80h,base+004DFh
  dw 02E80h,base+0050Dh
  dw 02E7Fh,base+0053Bh
  dw 02F7Fh,base+00423h
  dw 0307Fh,base+00393h
  dw 0317Fh,base+002CFh
  dw 03380h,base+0016Dh
  dw 0337Fh,base+001A0h
  dw 03480h,base+00035h
  dw 01112h,base+00785h
  dw 0191Ah,base+01FABh
  dw 00954h,base+03150h
  dw 00F11h,base+02D21h
  dw 01A1Bh,base+018F7h
  dw 00954h,base+03150h
  dw 00E11h,base+02E47h
  dw 01A1Bh,base+01911h
  dw 00954h,base+03159h
  dw 00C11h,base+02F9Ch
  dw 01A1Ch,base+01EA7h
  dw 00854h,base+03348h
  dw 00A0Fh,base+03074h
  dw 01B1Dh,base+015E9h
  dw 00954h,base+03162h
  dw 0090Fh,base+0316Bh
  dw 01B1Dh,base+01604h
  dw 00954h,base+03174h
  dw 0080Fh,base+03350h
  dw 01B1Dh,base+0161Fh
  dw 00954h,base+03159h
  dw 0080Fh,base+03358h
  dw 01B1Dh,base+0163Ah
  dw 00954h,base+0317Dh
  dw 0080Fh,base+03360h
  dw 01B1Eh,base+01655h
  dw 00854h,base+03368h
  dw 0070Eh,base+034B7h
  dw 01B1Eh,base+01670h
  dw 00854h,base+03370h
  dw 0060Eh,base+035CFh
  dw 01B1Eh,base+0152Ch
  dw 00854h,base+03378h
  dw 0060Eh,base+035D5h
  dw 01B1Eh,base+0168Bh
  dw 00853h,base+03380h
  dw 0070Fh,base+034BEh
  dw 01B1Eh,base+016A6h
  dw 00853h,base+03388h
  dw 0070Fh,base+034BEh
  dw 01B1Fh,base+016C1h
  dw 00752h,base+034C5h
  dw 0060Eh,base+007B2h
  dw 01C20h,base+00D97h
  dw 00752h,base+034CCh
  dw 0060Eh,base+035DBh
  dw 01C20h,base+00DB3h
  dw 00700h,base+034D3h

GoatIdleAndWalkframe023:
  db 06Eh,01Bh,046h,052h
  db 048h
  db 000h,000h,0AEh,000h,000h
  db 000h,000h
  dw 0070Fh,base+034DAh
  dw 01C20h,base+00FE3h
  dw 00751h,base+034E1h
  dw 0070Fh,base+034E8h
  dw 01C20h,base+00FFFh
  dw 00751h,base+034EFh
  dw 0060Fh,base+035E1h
  dw 01B21h,base+016DCh
  dw 00650h,base+035E7h
  dw 0060Fh,base+035EDh
  dw 01B21h,base+011B1h
  dw 0064Fh,base+035E7h
  dw 00710h,base+034F6h
  dw 01B21h,base+01598h
  dw 0064Fh,base+035E7h
  dw 00710h,base+034FDh
  dw 01B21h,base+016F7h
  dw 0064Fh,base+035E7h
  dw 00610h,base+035F3h
  dw 01B21h,base+01712h
  dw 0064Fh,base+035E7h
  dw 00611h,base+035F9h
  dw 01A20h,base+01EC1h
  dw 0064Fh,base+035E7h
  dw 00611h,base+035FFh
  dw 01920h,base+01DF1h
  dw 00650h,base+03605h
  dw 00510h,base+03692h
  dw 01920h,base+023ACh
  dw 00650h,base+0360Bh
  dw 00410h,base+036A1h
  dw 01920h,base+023C5h
  dw 00650h,base+03611h
  dw 00410h,base+036A5h
  dw 01920h,base+0200Fh
  dw 00652h,base+03617h
  dw 0020Eh,base+02959h
  dw 01920h,base+02028h
  dw 00660h,base+03058h
  dw 01920h,base+02041h
  dw 00660h,base+03058h
  dw 0191Fh,base+0205Ah
  dw 00761h,base+03504h
  dw 0191Fh,base+02073h
  dw 00761h,base+03504h
  dw 0191Fh,base+0208Ch
  dw 00761h,base+02F6Eh
  dw 0191Eh,base+020A5h
  dw 00862h,base+03390h
  dw 0191Eh,base+020BEh
  dw 00762h,base+03041h
  dw 0191Dh,base+020D7h
  dw 00862h,base+033F8h
  dw 01A1Eh,base+0195Fh
  dw 00862h,base+03400h
  dw 01A1Eh,base+01979h
  dw 00862h,base+03408h
  dw 01A1Eh,base+01993h
  dw 00862h,base+03410h
  dw 01A1Eh,base+019ADh
  dw 00862h,base+03418h
  dw 01A1Eh,base+019C7h
  dw 00862h,base+03420h
  dw 01A1Eh,base+019E1h
  dw 00862h,base+03428h
  dw 01A1Fh,base+019FBh
  dw 00600h,base+0008Ch

GoatIdleAndWalkframe024:
  db 034h,01Bh,066h,06Dh
  db 066h
  db 000h,000h,093h,000h,000h
  db 000h,000h
  dw 01A80h,base+01A15h
  dw 01A80h,base+01A2Fh
  dw 01A80h,base+01A49h
  dw 01A80h,base+01A63h
  dw 01A80h,base+01A7Dh
  dw 01A80h,base+01A97h
  dw 00A0Bh,base+0307Eh
  dw 00F75h,base+0244Ch
  dw 00A0Ch,base+03088h
  dw 00E74h,base+02E55h
  dw 00A0Ch,base+03092h
  dw 00E75h,base+02E63h
  dw 0090Bh,base+031AAh
  dw 00E75h,base+02E71h
  dw 0090Bh,base+031B3h
  dw 00405h,base+036A9h
  dw 00970h,base+030B1h
  dw 0090Bh,base+031BCh
  dw 00405h,base+036ADh
  dw 00970h,base+030BBh
  dw 0090Bh,base+031C5h
  dw 00102h,base+00000h
  dw 00203h,base+0203Fh
  dw 00871h,base+03217h
  dw 0080Ch,base+03438h
  dw 00203h,base+00014h
  dw 00871h,base+033A8h
  dw 00710h,base+03520h
  dw 00671h,base+02FC6h
  dw 0060Fh,base+02FC6h
  dw 00671h,base+034AAh
  dw 00610h,base+0302Ch
  dw 00570h,base+03443h
  dw 00610h,base+0302Ch
  dw 00571h,base+03443h
  dw 0050Fh,base+03443h
  dw 00471h,base+0023Ah
  dw 0050Fh,base+03443h
  dw 00471h,base+0023Ah
  dw 0050Fh,base+03443h
  dw 00571h,base+03697h
  dw 0050Fh,base+0369Ch
  dw 00570h,base+0365Fh
  dw 00610h,base+0361Dh
  dw 00670h,base+03623h
  dw 0060Fh,base+02FC6h
  dw 00770h,base+03520h
  dw 00710h,base+03520h
  dw 00870h,base+03390h
  dw 00710h,base+03041h
  dw 0086Fh,base+004B0h
  dw 00811h,base+0199Ch
  dw 00800h,base+0199Ch

GoatIdleAndWalkframe025:
  db 02Ah,014h,066h,008h
  db 070h
  db 000h,000h,0F8h,000h,000h
  db 000h,000h
  dw 0027Fh,base+02959h
  dw 00580h,base+03683h
  dw 00780h,base+034B0h
  dw 00B80h,base+02FF0h
  dw 00D7Fh,base+02F27h
  dw 00E80h,base+02DF3h
  dw 00E80h,base+02E01h
  dw 00E80h,base+02E0Fh
  dw 00E7Fh,base+02E1Dh
  dw 00F80h,base+02CE5h
  dw 00F80h,base+02CF4h
  dw 01080h,base+02C85h
  dw 01011h,base+02C95h
  dw 0016Eh,base+00000h
  dw 01112h,base+02C52h
  dw 0026Eh,base+036C8h
  dw 01480h,base+02B2Fh
  dw 00E0Fh,base+02E2Bh
  dw 00571h,base+03688h
  dw 00D0Fh,base+02F34h
  dw 00570h,base+0368Dh
  dw 00E11h,base+02E39h
  dw 0036Fh,base+02D1Dh
  dw 00F12h,base+02D03h
  dw 0026Eh,base+00014h
  dw 00F00h,base+02D12h

GoatIdleAndWalkframe026:
  db 056h,01Bh,056h,01Ch
  db 066h
  db 000h,000h,0E4h,000h,000h
  db 000h,000h
  dw 0127Fh,base+02C2Eh
  dw 01580h,base+02A72h
  dw 01680h,base+029EEh
  dw 01780h,base+0294Dh
  dw 0187Fh,base+02875h
  dw 01A80h,base+018DDh
  dw 01B80h,base+01037h
  dw 01B80h,base+01052h
  dw 01C7Fh,base+00D5Fh
  dw 01E80h,base+00D06h
  dw 01F80h,base+00CA9h
  dw 02080h,base+00C69h
  dw 0217Fh,base+00C27h
  dw 02380h,base+00B57h
  dw 02480h,base+00AC7h
  dw 02480h,base+00AEBh
  dw 0257Fh,base+00A7Dh
  dw 02680h,base+009BFh
  dw 02680h,base+009E5h
  dw 02780h,base+0094Ah
  dw 0277Fh,base+00971h
  dw 02880h,base+008D2h
  dw 02980h,base+0082Eh
  dw 02980h,base+00857h
  dw 0297Fh,base+00880h
  dw 02A7Fh,base+007B0h
  dw 02B00h,base+0072Fh

GoatIdleAndWalkframe027:
  db 06Ch,01Bh,048h,037h
  db 054h
  db 000h,000h,0C9h,000h,000h
  db 000h,000h
  dw 02C7Fh,base+00703h
  dw 02D80h,base+0064Fh
  dw 02E80h,base+004DFh
  dw 02E80h,base+0050Dh
  dw 02E7Fh,base+0053Bh
  dw 02F7Fh,base+00423h
  dw 0307Fh,base+00393h
  dw 0317Fh,base+002CFh
  dw 03380h,base+0016Dh
  dw 0337Fh,base+001A0h
  dw 03480h,base+00035h
  dw 01112h,base+00785h
  dw 0191Ah,base+01FABh
  dw 00954h,base+03150h
  dw 00F11h,base+02D21h
  dw 01A1Bh,base+018F7h
  dw 00954h,base+03150h
  dw 00E11h,base+02E47h
  dw 01A1Bh,base+01911h
  dw 00954h,base+03159h
  dw 00C11h,base+02F9Ch
  dw 01A1Ch,base+01EA7h
  dw 00854h,base+03348h
  dw 00A0Fh,base+03074h
  dw 01B1Dh,base+015E9h
  dw 00954h,base+03162h
  dw 0090Fh,base+0316Bh
  dw 01B1Dh,base+01604h
  dw 00954h,base+03174h
  dw 0080Fh,base+03350h
  dw 01B1Dh,base+0161Fh
  dw 00954h,base+03159h
  dw 0080Fh,base+03358h
  dw 01B1Dh,base+0163Ah
  dw 00954h,base+0317Dh
  dw 0080Fh,base+03360h
  dw 01B1Eh,base+01655h
  dw 00854h,base+03368h
  dw 0070Eh,base+034B7h
  dw 01B1Eh,base+01670h
  dw 00854h,base+03370h
  dw 0060Eh,base+035CFh
  dw 01B1Eh,base+0152Ch
  dw 00854h,base+03378h
  dw 0060Eh,base+035D5h
  dw 01B1Eh,base+0168Bh
  dw 00853h,base+03380h
  dw 0070Fh,base+034BEh
  dw 01B1Eh,base+016A6h
  dw 00853h,base+03388h
  dw 0070Fh,base+034BEh
  dw 01B1Fh,base+016C1h
  dw 00752h,base+034C5h
  dw 0060Eh,base+007B2h
  dw 01C20h,base+00D97h
  dw 00752h,base+034CCh
  dw 0060Eh,base+035DBh
  dw 01C20h,base+00DB3h
  dw 00700h,base+034D3h

GoatIdleAndWalkframe028:
  db 06Eh,01Bh,046h,052h
  db 048h
  db 000h,000h,0AEh,000h,000h
  db 000h,000h
  dw 0070Fh,base+034DAh
  dw 01C20h,base+00FE3h
  dw 00751h,base+034E1h
  dw 0070Fh,base+034E8h
  dw 01C20h,base+00FFFh
  dw 00751h,base+034EFh
  dw 0060Fh,base+035E1h
  dw 01B21h,base+016DCh
  dw 00650h,base+035E7h
  dw 0060Fh,base+035EDh
  dw 01B21h,base+011B1h
  dw 0064Fh,base+035E7h
  dw 00710h,base+034F6h
  dw 01B21h,base+01598h
  dw 0064Fh,base+035E7h
  dw 00710h,base+034FDh
  dw 01B21h,base+016F7h
  dw 0064Fh,base+035E7h
  dw 00610h,base+035F3h
  dw 01B21h,base+01712h
  dw 0064Fh,base+035E7h
  dw 00611h,base+035F9h
  dw 01A20h,base+01EC1h
  dw 0064Fh,base+035E7h
  dw 00611h,base+035FFh
  dw 01920h,base+01DF1h
  dw 00650h,base+03605h
  dw 00510h,base+03692h
  dw 01920h,base+023ACh
  dw 00650h,base+0360Bh
  dw 00410h,base+036A1h
  dw 01920h,base+023C5h
  dw 00650h,base+03611h
  dw 00410h,base+036A5h
  dw 01920h,base+023DEh
  dw 00652h,base+03617h
  dw 0020Eh,base+02959h
  dw 01920h,base+02028h
  dw 00660h,base+03058h
  dw 01920h,base+02041h
  dw 00660h,base+03058h
  dw 01920h,base+0205Ah
  dw 00660h,base+03058h
  dw 0191Fh,base+02073h
  dw 00761h,base+03504h
  dw 0191Fh,base+0208Ch
  dw 00761h,base+03504h
  dw 0191Fh,base+020A5h
  dw 00761h,base+02F6Eh
  dw 0191Eh,base+020BEh
  dw 00862h,base+03390h
  dw 0191Eh,base+020D7h
  dw 00861h,base+03398h
  dw 01A1Eh,base+0195Fh
  dw 00962h,base+03186h
  dw 01A1Eh,base+01979h
  dw 00962h,base+0318Fh
  dw 01A1Eh,base+01993h
  dw 00962h,base+03198h
  dw 01A1Eh,base+019ADh
  dw 00962h,base+031A1h
  dw 01A1Eh,base+019C7h
  dw 00862h,base+033A0h
  dw 01A1Fh,base+019E1h
  dw 00761h,base+0350Bh
  dw 01A20h,base+019FBh
  dw 00600h,base+0008Ch

GoatIdleAndWalkframe029:
  db 034h,01Bh,066h,06Dh
  db 066h
  db 000h,000h,093h,000h,000h
  db 000h,000h
  dw 01A80h,base+01A15h
  dw 01A80h,base+01A2Fh
  dw 01A80h,base+01A49h
  dw 01A80h,base+01A63h
  dw 01A80h,base+01A7Dh
  dw 01A80h,base+01A97h
  dw 00A0Bh,base+0307Eh
  dw 00F75h,base+0244Ch
  dw 00A0Ch,base+03088h
  dw 00E74h,base+02E55h
  dw 00A0Ch,base+03092h
  dw 00E75h,base+02E63h
  dw 0090Bh,base+031AAh
  dw 00E75h,base+02E71h
  dw 0090Bh,base+031B3h
  dw 00405h,base+036A9h
  dw 00970h,base+030B1h
  dw 0090Bh,base+031BCh
  dw 00405h,base+036ADh
  dw 00970h,base+030BBh
  dw 0090Bh,base+031C5h
  dw 00102h,base+00000h
  dw 00203h,base+0203Fh
  dw 00871h,base+03217h
  dw 0080Ch,base+03438h
  dw 00203h,base+00014h
  dw 00871h,base+033A8h
  dw 00710h,base+03520h
  dw 00671h,base+02FC6h
  dw 0060Fh,base+02FC6h
  dw 00671h,base+034AAh
  dw 00610h,base+0302Ch
  dw 00570h,base+03443h
  dw 00610h,base+0302Ch
  dw 00571h,base+03443h
  dw 0050Fh,base+03443h
  dw 00471h,base+0023Ah
  dw 0050Fh,base+03443h
  dw 00471h,base+0023Ah
  dw 0050Fh,base+03443h
  dw 00571h,base+03697h
  dw 0050Fh,base+0369Ch
  dw 00570h,base+0365Fh
  dw 00610h,base+0361Dh
  dw 00670h,base+03623h
  dw 0060Fh,base+02FC6h
  dw 00770h,base+03520h
  dw 00710h,base+03520h
  dw 00870h,base+03390h
  dw 00710h,base+03041h
  dw 0086Fh,base+004B0h
  dw 00811h,base+0199Ch
  dw 00800h,base+0199Ch

GoatIdleAndWalkframe030:
  db 02Ah,015h,066h,007h
  db 070h
  db 000h,000h,0F9h,000h,000h
  db 000h,000h
  dw 0027Fh,base+02959h
  dw 00580h,base+03683h
  dw 00780h,base+034B0h
  dw 00B80h,base+02FF0h
  dw 00D7Fh,base+02F5Bh
  dw 00E80h,base+02EE1h
  dw 00E80h,base+02EEFh
  dw 00E80h,base+02EFDh
  dw 00E7Fh,base+02F0Bh
  dw 00F80h,base+02DD5h
  dw 00F80h,base+02CF4h
  dw 01080h,base+02C85h
  dw 01011h,base+02C95h
  dw 0016Eh,base+00000h
  dw 01112h,base+02C52h
  dw 0026Eh,base+036C8h
  dw 01480h,base+02B2Fh
  dw 00E0Fh,base+02E2Bh
  dw 00571h,base+03688h
  dw 00D0Fh,base+02F34h
  dw 00570h,base+0368Dh
  dw 00E11h,base+02E39h
  dw 0036Fh,base+02D1Dh
  dw 00F12h,base+02D03h
  dw 0026Eh,base+00014h
  dw 00F80h,base+02D12h
  dw 01200h,base+02C2Eh

GoatIdleAndWalkframe031:
  db 058h,01Bh,054h,01Ch
  db 064h
  db 000h,000h,0E4h,000h,000h
  db 000h,000h
  dw 01580h,base+02A72h
  dw 01680h,base+029EEh
  dw 01780h,base+0294Dh
  dw 0187Fh,base+02875h
  dw 01A80h,base+018DDh
  dw 01B80h,base+01037h
  dw 01B80h,base+01052h
  dw 01C7Fh,base+00D5Fh
  dw 01E80h,base+00D24h
  dw 01F80h,base+00CE7h
  dw 02080h,base+00C69h
  dw 0217Fh,base+00C27h
  dw 02380h,base+00B57h
  dw 02480h,base+00AC7h
  dw 02480h,base+00AEBh
  dw 0257Fh,base+00AA2h
  dw 02680h,base+009BFh
  dw 02680h,base+009E5h
  dw 02780h,base+0094Ah
  dw 0277Fh,base+00971h
  dw 02880h,base+008D2h
  dw 02980h,base+0082Eh
  dw 02980h,base+00857h
  dw 0297Fh,base+00880h
  dw 02A7Fh,base+007B0h
  dw 02B7Fh,base+0072Fh
  dw 02C00h,base+00703h

GoatIdleAndWalkframe032:
  db 06Ch,01Bh,048h,037h
  db 052h
  db 000h,000h,0C9h,000h,000h
  db 000h,000h
  dw 02D80h,base+0064Fh
  dw 02E80h,base+004DFh
  dw 02E80h,base+0050Dh
  dw 02E7Fh,base+0053Bh
  dw 02F7Fh,base+00423h
  dw 0307Fh,base+00393h
  dw 0317Fh,base+002CFh
  dw 03380h,base+0016Dh
  dw 0337Fh,base+001A0h
  dw 03480h,base+00035h
  dw 01112h,base+00785h
  dw 0191Ah,base+01FABh
  dw 00954h,base+03150h
  dw 00F11h,base+02D21h
  dw 01A1Bh,base+018F7h
  dw 00954h,base+03150h
  dw 00E11h,base+02E47h
  dw 01A1Bh,base+01911h
  dw 00954h,base+03159h
  dw 00C11h,base+02F9Ch
  dw 01A1Ch,base+0192Bh
  dw 00854h,base+03348h
  dw 00A0Fh,base+03074h
  dw 01B1Dh,base+0106Dh
  dw 00954h,base+03162h
  dw 0090Fh,base+0316Bh
  dw 01B1Dh,base+01088h
  dw 00954h,base+03174h
  dw 0080Fh,base+03350h
  dw 01B1Dh,base+010A3h
  dw 00954h,base+03159h
  dw 0080Fh,base+03358h
  dw 01B1Dh,base+010BEh
  dw 00954h,base+0317Dh
  dw 0080Fh,base+03360h
  dw 01B1Eh,base+010D9h
  dw 00854h,base+03368h
  dw 0070Eh,base+034B7h
  dw 01B1Eh,base+010F4h
  dw 00854h,base+03370h
  dw 0060Eh,base+035CFh
  dw 01B1Eh,base+0110Fh
  dw 00854h,base+03378h
  dw 0060Eh,base+035D5h
  dw 01B1Eh,base+0112Ah
  dw 00853h,base+03380h
  dw 0070Fh,base+034BEh
  dw 01B1Eh,base+01145h
  dw 00853h,base+03388h
  dw 0070Fh,base+034BEh
  dw 01B1Fh,base+01160h
  dw 00752h,base+034C5h
  dw 0060Eh,base+007B2h
  dw 01C20h,base+00D7Bh
  dw 00752h,base+034CCh
  dw 0060Eh,base+035DBh
  dw 01C20h,base+00D97h
  dw 00751h,base+034D3h
  dw 0070Fh,base+034DAh
  dw 01C20h,base+00DB3h
  dw 00700h,base+034E1h

GoatIdleAndWalkframe033:
  db 06Eh,01Bh,046h,052h
  db 048h
  db 000h,000h,0AEh,000h,000h
  db 000h,000h
  dw 0070Fh,base+034E8h
  dw 01C20h,base+00DCFh
  dw 00751h,base+034EFh
  dw 0060Fh,base+035E1h
  dw 01B21h,base+0117Bh
  dw 00650h,base+035E7h
  dw 0060Fh,base+035EDh
  dw 01B21h,base+01196h
  dw 0064Fh,base+035E7h
  dw 00710h,base+034F6h
  dw 01B21h,base+011B1h
  dw 0064Fh,base+035E7h
  dw 00710h,base+034FDh
  dw 01B21h,base+011CCh
  dw 0064Fh,base+035E7h
  dw 00610h,base+035F3h
  dw 01B21h,base+011E7h
  dw 0064Fh,base+035E7h
  dw 00611h,base+035F9h
  dw 01A20h,base+01945h
  dw 0064Fh,base+035E7h
  dw 00611h,base+035FFh
  dw 01920h,base+01FC4h
  dw 00650h,base+03605h
  dw 00510h,base+03692h
  dw 01920h,base+01FDDh
  dw 00650h,base+0360Bh
  dw 00410h,base+036A1h
  dw 01920h,base+01FF6h
  dw 00650h,base+03611h
  dw 00410h,base+036A5h
  dw 01920h,base+0200Fh
  dw 00652h,base+03617h
  dw 0020Fh,base+02959h
  dw 0181Fh,base+02029h
  dw 00660h,base+03058h
  dw 01920h,base+02041h
  dw 00660h,base+03058h
  dw 01920h,base+0205Ah
  dw 00660h,base+03058h
  dw 0191Fh,base+02073h
  dw 00761h,base+03504h
  dw 0191Fh,base+0208Ch
  dw 00761h,base+03504h
  dw 0191Fh,base+020A5h
  dw 00761h,base+02F6Eh
  dw 0191Eh,base+020BEh
  dw 00862h,base+03390h
  dw 0191Eh,base+020D7h
  dw 00861h,base+03398h
  dw 01A1Eh,base+0195Fh
  dw 00962h,base+03186h
  dw 01A1Eh,base+01979h
  dw 00962h,base+0318Fh
  dw 01A1Eh,base+01993h
  dw 00962h,base+03198h
  dw 01A1Eh,base+019ADh
  dw 00962h,base+031A1h
  dw 01A1Eh,base+019C7h
  dw 00862h,base+033A0h
  dw 01A1Fh,base+019E1h
  dw 00761h,base+0350Bh
  dw 01A20h,base+019FBh
  dw 00660h,base+0008Ch
  dw 01A00h,base+01A15h

GoatIdleAndWalkframe034:
  db 034h,01Bh,066h,06Dh
  db 066h
  db 000h,000h,093h,000h,000h
  db 000h,000h
  dw 01A80h,base+01A2Fh
  dw 01A81h,base+01A49h
  dw 01980h,base+023F7h
  dw 01980h,base+02410h
  dw 01980h,base+02429h
  dw 01980h,base+02442h
  dw 00A0Bh,base+030CEh
  dw 00E75h,base+02E55h
  dw 00A0Bh,base+030D8h
  dw 00E75h,base+02E63h
  dw 00A0Bh,base+030E2h
  dw 00E75h,base+02E71h
  dw 00A0Bh,base+030ECh
  dw 00405h,base+036A9h
  dw 00971h,base+032A6h
  dw 0090Ah,base+032AFh
  dw 00405h,base+036ADh
  dw 00871h,base+03460h
  dw 0090Ah,base+032B8h
  dw 00102h,base+00000h
  dw 00203h,base+0203Fh
  dw 00772h,base+03041h
  dw 0080Bh,base+03468h
  dw 00203h,base+00014h
  dw 00773h,base+03520h
  dw 0070Eh,base+02F6Eh
  dw 00672h,base+03058h
  dw 0070Eh,base+03504h
  dw 00673h,base+0302Ch
  dw 0050Eh,base+0026Bh
  dw 00572h,base+03443h
  dw 0050Eh,base+0026Bh
  dw 00572h,base+03443h
  dw 0050Eh,base+02FD8h
  dw 00572h,base+03443h
  dw 0050Eh,base+02FD8h
  dw 00572h,base+03443h
  dw 0050Dh,base+02FD8h
  dw 00673h,base+03641h
  dw 0050Dh,base+02FD8h
  dw 00673h,base+03647h
  dw 0060Ch,base+0364Dh
  dw 00774h,base+03520h
  dw 0060Ch,base+03653h
  dw 00773h,base+03520h
  dw 0070Dh,base+03504h
  dw 00773h,base+03041h
  dw 0070Dh,base+02F6Eh
  dw 00772h,base+03589h
  dw 0080Eh,base+03390h
  dw 00672h,base+0008Ch
  dw 00800h,base+0199Ch

GoatIdleAndWalkframe035:
  db 02Ch,016h,064h,006h
  db 070h
  db 000h,000h,0FAh,000h,000h
  db 000h,000h
  dw 0027Fh,base+02959h
  dw 00580h,base+03683h
  dw 00780h,base+034B0h
  dw 00B80h,base+02FF0h
  dw 00D7Fh,base+02F5Bh
  dw 00E80h,base+02EE1h
  dw 00E80h,base+02EEFh
  dw 00E80h,base+02EFDh
  dw 00E7Fh,base+02F0Bh
  dw 00F80h,base+02DD5h
  dw 00F80h,base+02CF4h
  dw 01080h,base+02C85h
  dw 01011h,base+02C95h
  dw 0016Eh,base+00000h
  dw 01112h,base+02C52h
  dw 0026Eh,base+036C8h
  dw 01480h,base+02B2Fh
  dw 00E0Fh,base+02E2Bh
  dw 00571h,base+03688h
  dw 00D0Fh,base+02F34h
  dw 00570h,base+0368Dh
  dw 00E11h,base+02E39h
  dw 0036Fh,base+02D1Dh
  dw 00F12h,base+02D03h
  dw 0026Eh,base+00014h
  dw 00F80h,base+02D12h
  dw 0127Fh,base+02C2Eh
  dw 01500h,base+02A72h

GoatIdleAndWalkframe036:
  db 05Ah,01Bh,052h,01Ch
  db 064h
  db 000h,000h,0E4h,000h,000h
  db 000h,000h
  dw 01680h,base+029EEh
  dw 01780h,base+0294Dh
  dw 0187Fh,base+02875h
  dw 01A80h,base+018DDh
  dw 01B80h,base+01037h
  dw 01B80h,base+01052h
  dw 01C7Fh,base+00D5Fh
  dw 01E80h,base+00D24h
  dw 01F80h,base+00CE7h
  dw 02080h,base+00C69h
  dw 0217Fh,base+00C27h
  dw 02380h,base+00B57h
  dw 02480h,base+00AC7h
  dw 02480h,base+00AEBh
  dw 0257Fh,base+00AA2h
  dw 02680h,base+009BFh
  dw 02680h,base+009E5h
  dw 02780h,base+0094Ah
  dw 0277Fh,base+00971h
  dw 02880h,base+008D2h
  dw 02980h,base+0082Eh
  dw 02980h,base+00857h
  dw 0297Fh,base+00880h
  dw 02A7Fh,base+007B0h
  dw 02B7Fh,base+0072Fh
  dw 02C7Fh,base+00703h
  dw 02D00h,base+0064Fh

GoatIdleAndWalkframe037:
  db 06Ch,01Bh,048h,037h
  db 052h
  db 000h,000h,0C9h,000h,000h
  db 000h,000h
  dw 02E80h,base+004DFh
  dw 02E80h,base+0050Dh
  dw 02E7Fh,base+0053Bh
  dw 02F7Fh,base+00423h
  dw 0307Fh,base+00393h
  dw 0317Fh,base+002CFh
  dw 03380h,base+0016Dh
  dw 0337Fh,base+001A0h
  dw 03480h,base+00035h
  dw 01112h,base+00785h
  dw 0191Ah,base+01FABh
  dw 00954h,base+03150h
  dw 00F11h,base+02D21h
  dw 01A1Bh,base+018F7h
  dw 00954h,base+03150h
  dw 00E11h,base+02E47h
  dw 01A1Bh,base+01911h
  dw 00954h,base+03159h
  dw 00C11h,base+02F9Ch
  dw 01A1Ch,base+0192Bh
  dw 00854h,base+03348h
  dw 00A0Fh,base+03074h
  dw 01B1Dh,base+0106Dh
  dw 00954h,base+03162h
  dw 0090Fh,base+0316Bh
  dw 01B1Dh,base+01088h
  dw 00954h,base+03174h
  dw 0080Fh,base+03350h
  dw 01B1Dh,base+010A3h
  dw 00954h,base+03159h
  dw 0080Fh,base+03358h
  dw 01B1Dh,base+010BEh
  dw 00954h,base+0317Dh
  dw 0080Fh,base+03360h
  dw 01B1Eh,base+010D9h
  dw 00854h,base+03368h
  dw 0070Eh,base+034B7h
  dw 01B1Eh,base+010F4h
  dw 00854h,base+03370h
  dw 0060Eh,base+035CFh
  dw 01B1Eh,base+0110Fh
  dw 00854h,base+03378h
  dw 0060Eh,base+035D5h
  dw 01B1Eh,base+0112Ah
  dw 00853h,base+03380h
  dw 0070Fh,base+034BEh
  dw 01B1Eh,base+01145h
  dw 00853h,base+03388h
  dw 0070Fh,base+034BEh
  dw 01B1Fh,base+01160h
  dw 00752h,base+034C5h
  dw 0060Eh,base+007B2h
  dw 01C20h,base+00D7Bh
  dw 00752h,base+034CCh
  dw 0060Eh,base+035DBh
  dw 01C20h,base+00D97h
  dw 00751h,base+034D3h
  dw 0070Fh,base+034DAh
  dw 01C20h,base+00DB3h
  dw 00751h,base+034E1h
  dw 0070Fh,base+034E8h
  dw 01C20h,base+00DCFh
  dw 00700h,base+034EFh

GoatIdleAndWalkframe038:
  db 06Eh,01Bh,046h,052h
  db 048h
  db 000h,000h,0AEh,000h,000h
  db 000h,000h
  dw 0060Fh,base+035E1h
  dw 01B21h,base+0117Bh
  dw 00650h,base+035E7h
  dw 0060Fh,base+035EDh
  dw 01B21h,base+01196h
  dw 0064Fh,base+035E7h
  dw 00710h,base+034F6h
  dw 01B21h,base+011B1h
  dw 0064Fh,base+035E7h
  dw 00710h,base+034FDh
  dw 01B21h,base+011CCh
  dw 0064Fh,base+035E7h
  dw 00610h,base+035F3h
  dw 01B21h,base+011E7h
  dw 0064Fh,base+035E7h
  dw 00611h,base+035F9h
  dw 01A20h,base+01945h
  dw 0064Fh,base+035E7h
  dw 00611h,base+035FFh
  dw 01920h,base+01FC4h
  dw 00650h,base+03605h
  dw 00510h,base+03692h
  dw 01920h,base+01FDDh
  dw 00650h,base+0360Bh
  dw 00410h,base+036A1h
  dw 01920h,base+01FF6h
  dw 00650h,base+03611h
  dw 00410h,base+036A5h
  dw 01920h,base+0200Fh
  dw 00652h,base+03617h
  dw 0020Fh,base+02959h
  dw 0181Fh,base+02029h
  dw 00660h,base+03058h
  dw 01920h,base+02041h
  dw 00660h,base+03058h
  dw 01920h,base+0205Ah
  dw 00660h,base+03058h
  dw 0191Fh,base+02073h
  dw 00761h,base+03504h
  dw 0191Fh,base+0208Ch
  dw 00761h,base+03504h
  dw 0191Fh,base+020A5h
  dw 00761h,base+02F6Eh
  dw 0191Eh,base+020BEh
  dw 00862h,base+03390h
  dw 0191Eh,base+020D7h
  dw 00861h,base+03398h
  dw 01A1Eh,base+0195Fh
  dw 00962h,base+03186h
  dw 01A1Eh,base+01979h
  dw 00962h,base+0318Fh
  dw 01A1Eh,base+01993h
  dw 00962h,base+03198h
  dw 01A1Eh,base+019ADh
  dw 00962h,base+031A1h
  dw 01A1Eh,base+019C7h
  dw 00862h,base+033A0h
  dw 01A1Fh,base+019E1h
  dw 00761h,base+0350Bh
  dw 01A20h,base+019FBh
  dw 00660h,base+0008Ch
  dw 01A80h,base+01A15h
  dw 01A00h,base+01EDBh

GoatIdleAndWalkframe039:
  db 034h,01Bh,066h,06Dh
  db 066h
  db 000h,000h,093h,000h,000h
  db 000h,000h
  dw 01A81h,base+01EF5h
  dw 01980h,base+0245Bh
  dw 01718h,base+0297Bh
  dw 00168h,base+00000h
  dw 01718h,base+02992h
  dw 00168h,base+00000h
  dw 01780h,base+029A9h
  dw 00A0Bh,base+030F6h
  dw 00C75h,base+02FB4h
  dw 00A0Bh,base+030D8h
  dw 00A76h,base+03100h
  dw 0090Ah,base+032C1h
  dw 00976h,base+032CAh
  dw 0090Ah,base+032D3h
  dw 00976h,base+032DCh
  dw 0090Ah,base+032E5h
  dw 00977h,base+032EEh
  dw 00809h,base+02B74h
  dw 00102h,base+00000h
  dw 00775h,base+03590h
  dw 0080Bh,base+03470h
  dw 00102h,base+00000h
  dw 00574h,base+03443h
  dw 0070Ch,base+03597h
  dw 00574h,base+03443h
  dw 0070Ch,base+03588h
  dw 00575h,base+03443h
  dw 0060Ah,base+034AAh
  dw 00677h,base+03641h
  dw 00509h,base+0026Bh
  dw 00677h,base+03659h
  dw 00508h,base+0026Bh
  dw 00778h,base+03520h
  dw 00508h,base+02FD8h
  dw 00778h,base+03041h
  dw 00507h,base+02FD8h
  dw 00879h,base+004B0h
  dw 00507h,base+02FD8h
  dw 00879h,base+0199Ch
  dw 00680h,base+0302Ch
  dw 00680h,base+0364Dh
  dw 0067Fh,base+03653h
  dw 00780h,base+03504h
  dw 0077Fh,base+02F6Eh
  dw 00880h,base+03390h
  dw 00800h,base+0199Ch

GoatIdleAndWalkframe040:
  db 02Ah,015h,066h,007h
  db 070h
  db 000h,000h,0F9h,000h,000h
  db 000h,000h
  dw 0027Fh,base+02959h
  dw 00580h,base+03683h
  dw 00780h,base+034B0h
  dw 00B80h,base+02FF0h
  dw 00D7Fh,base+02F5Bh
  dw 00E80h,base+02EE1h
  dw 00E80h,base+02EEFh
  dw 00E80h,base+02EFDh
  dw 00E7Fh,base+02F0Bh
  dw 00F80h,base+02DD5h
  dw 00F80h,base+02CF4h
  dw 01080h,base+02C85h
  dw 01011h,base+02C95h
  dw 0016Eh,base+00000h
  dw 01112h,base+02C52h
  dw 0026Eh,base+036C8h
  dw 01480h,base+02B2Fh
  dw 00E0Fh,base+02E2Bh
  dw 00571h,base+03688h
  dw 00D0Fh,base+02F34h
  dw 00570h,base+0368Dh
  dw 00E11h,base+02E39h
  dw 0036Fh,base+02D1Dh
  dw 00F12h,base+02D03h
  dw 0026Eh,base+00014h
  dw 00F80h,base+02D12h
  dw 01200h,base+02C2Eh

GoatIdleAndWalkframe041:
  db 058h,01Bh,054h,01Ch
  db 064h
  db 000h,000h,0E4h,000h,000h
  db 000h,000h
  dw 01580h,base+02A72h
  dw 01680h,base+029EEh
  dw 01780h,base+0294Dh
  dw 0187Fh,base+02875h
  dw 01A80h,base+018DDh
  dw 01B80h,base+01037h
  dw 01B80h,base+01052h
  dw 01C7Fh,base+00D5Fh
  dw 01E80h,base+00D24h
  dw 01F80h,base+00CE7h
  dw 02080h,base+00C69h
  dw 0217Fh,base+00C27h
  dw 02380h,base+00B57h
  dw 02480h,base+00AC7h
  dw 02480h,base+00AEBh
  dw 0257Fh,base+00AA2h
  dw 02680h,base+009BFh
  dw 02680h,base+009E5h
  dw 02780h,base+0094Ah
  dw 0277Fh,base+00971h
  dw 02880h,base+008D2h
  dw 02980h,base+0082Eh
  dw 02980h,base+00857h
  dw 0297Fh,base+00880h
  dw 02A7Fh,base+007B0h
  dw 02B7Fh,base+0072Fh
  dw 02C00h,base+00703h

GoatIdleAndWalkframe042:
  db 06Ch,01Bh,048h,037h
  db 052h
  db 000h,000h,0C9h,000h,000h
  db 000h,000h
  dw 02D80h,base+0064Fh
  dw 02E80h,base+004DFh
  dw 02E80h,base+0050Dh
  dw 02E7Fh,base+0053Bh
  dw 02F7Fh,base+00423h
  dw 0307Fh,base+00393h
  dw 0317Fh,base+002CFh
  dw 03380h,base+0016Dh
  dw 0337Fh,base+001A0h
  dw 03480h,base+00035h
  dw 01112h,base+00785h
  dw 0191Ah,base+01FABh
  dw 00954h,base+03150h
  dw 00F11h,base+02D21h
  dw 01A1Bh,base+018F7h
  dw 00954h,base+03150h
  dw 00E11h,base+02E47h
  dw 01A1Bh,base+01911h
  dw 00954h,base+03159h
  dw 00C11h,base+02F9Ch
  dw 01A1Ch,base+0192Bh
  dw 00854h,base+03348h
  dw 00A0Fh,base+03074h
  dw 01B1Dh,base+0106Dh
  dw 00954h,base+03162h
  dw 0090Fh,base+0316Bh
  dw 01B1Dh,base+01088h
  dw 00954h,base+03174h
  dw 0080Fh,base+03350h
  dw 01B1Dh,base+010A3h
  dw 00954h,base+03159h
  dw 0080Fh,base+03358h
  dw 01B1Dh,base+010BEh
  dw 00954h,base+0317Dh
  dw 0080Fh,base+03360h
  dw 01B1Eh,base+010D9h
  dw 00854h,base+03368h
  dw 0070Eh,base+034B7h
  dw 01B1Eh,base+010F4h
  dw 00854h,base+03370h
  dw 0060Eh,base+035CFh
  dw 01B1Eh,base+0110Fh
  dw 00854h,base+03378h
  dw 0060Eh,base+035D5h
  dw 01B1Eh,base+0112Ah
  dw 00853h,base+03380h
  dw 0070Fh,base+034BEh
  dw 01B1Eh,base+01145h
  dw 00853h,base+03388h
  dw 0070Fh,base+034BEh
  dw 01B1Fh,base+01160h
  dw 00752h,base+034C5h
  dw 0060Eh,base+007B2h
  dw 01C20h,base+00D7Bh
  dw 00752h,base+034CCh
  dw 0060Eh,base+035DBh
  dw 01C20h,base+00D97h
  dw 00751h,base+034D3h
  dw 0070Fh,base+034DAh
  dw 01C20h,base+00DB3h
  dw 00700h,base+034E1h

GoatIdleAndWalkframe043:
  db 06Eh,01Bh,046h,052h
  db 048h
  db 000h,000h,0AEh,000h,000h
  db 000h,000h
  dw 0070Fh,base+034E8h
  dw 01C20h,base+00DCFh
  dw 00751h,base+034EFh
  dw 0060Fh,base+035E1h
  dw 01B21h,base+0117Bh
  dw 00650h,base+035E7h
  dw 0060Fh,base+035EDh
  dw 01B21h,base+01196h
  dw 0064Fh,base+035E7h
  dw 00710h,base+034F6h
  dw 01B21h,base+011B1h
  dw 0064Fh,base+035E7h
  dw 00710h,base+034FDh
  dw 01B21h,base+011CCh
  dw 0064Fh,base+035E7h
  dw 00610h,base+035F3h
  dw 01B21h,base+011E7h
  dw 0064Fh,base+035E7h
  dw 00611h,base+035F9h
  dw 01A20h,base+01945h
  dw 0064Fh,base+035E7h
  dw 00611h,base+035FFh
  dw 01920h,base+01FC4h
  dw 00650h,base+03605h
  dw 00510h,base+03692h
  dw 01920h,base+01FDDh
  dw 00650h,base+0360Bh
  dw 00410h,base+036A1h
  dw 01920h,base+01FF6h
  dw 00650h,base+03611h
  dw 00410h,base+036A5h
  dw 01920h,base+0200Fh
  dw 00652h,base+03617h
  dw 0020Fh,base+02959h
  dw 0181Fh,base+02029h
  dw 00660h,base+03058h
  dw 01920h,base+02041h
  dw 00660h,base+03058h
  dw 01920h,base+0205Ah
  dw 00660h,base+03058h
  dw 0191Fh,base+02073h
  dw 00761h,base+03504h
  dw 0191Fh,base+0208Ch
  dw 00761h,base+03504h
  dw 0191Fh,base+020A5h
  dw 00761h,base+02F6Eh
  dw 0191Eh,base+020BEh
  dw 00862h,base+03390h
  dw 0191Eh,base+020D7h
  dw 00862h,base+03398h
  dw 0191Dh,base+02393h
  dw 00963h,base+03186h
  dw 0191Dh,base+02474h
  dw 00963h,base+0318Fh
  dw 0191Dh,base+0248Dh
  dw 00963h,base+03198h
  dw 0191Dh,base+024A6h
  dw 00963h,base+031A1h
  dw 0191Dh,base+019C8h
  dw 00863h,base+033A0h
  dw 0191Eh,base+024BFh
  dw 00762h,base+0350Bh
  dw 0191Fh,base+024D8h
  dw 00661h,base+0008Ch
  dw 01900h,base+024F1h

GoatIdleAndWalkframe044:
  db 032h,01Bh,068h,06Dh
  db 068h
  db 000h,000h,093h,000h,000h
  db 000h,000h
  dw 01980h,base+0250Ah
  dw 01981h,base+02523h
  dw 01880h,base+028D5h
  dw 01617h,base+02A1Ah
  dw 00169h,base+00000h
  dw 01617h,base+02A30h
  dw 00169h,base+00000h
  dw 01681h,base+02A46h
  dw 01580h,base+02A9Ch
  dw 01480h,base+02B57h
  dw 01481h,base+02B6Bh
  dw 01380h,base+02BE2h
  dw 01381h,base+02BF5h
  dw 00F11h,base+02DE4h
  dw 0016Fh,base+00000h
  dw 00E81h,base+02F19h
  dw 00D80h,base+02F68h
  dw 00C81h,base+02FC0h
  dw 00B80h,base+03027h
  dw 00A80h,base+0310Ah
  dw 00A80h,base+03114h
  dw 00A80h,base+0311Eh
  dw 00A80h,base+03128h
  dw 00980h,base+032F7h
  dw 00980h,base+03300h
  dw 0097Fh,base+03309h
  dw 00780h,base+03504h
  dw 0077Fh,base+02F6Eh
  dw 00880h,base+03390h
  dw 00800h,base+0199Ch

GoatIdleAndWalkframe045:
  db 02Ah,014h,066h,008h
  db 070h
  db 000h,000h,0F8h,000h,000h
  db 000h,000h
  dw 0027Fh,base+02959h
  dw 00580h,base+03683h
  dw 00780h,base+034B0h
  dw 00B80h,base+02FF0h
  dw 00D7Fh,base+02F5Bh
  dw 00E80h,base+02EE1h
  dw 00E80h,base+02EEFh
  dw 00E80h,base+02EFDh
  dw 00E7Fh,base+02F0Bh
  dw 00F80h,base+02DD5h
  dw 00F80h,base+02CF4h
  dw 01080h,base+02C85h
  dw 01011h,base+02C95h
  dw 0016Eh,base+00000h
  dw 01112h,base+02C52h
  dw 0026Eh,base+036C8h
  dw 01480h,base+02B2Fh
  dw 00E0Fh,base+02E2Bh
  dw 00571h,base+03688h
  dw 00D0Fh,base+02F34h
  dw 00570h,base+0368Dh
  dw 00E11h,base+02E39h
  dw 0036Fh,base+02D1Dh
  dw 00F12h,base+02D03h
  dw 0026Eh,base+00014h
  dw 00F00h,base+02D12h

GoatIdleAndWalkframe046:
  db 056h,01Bh,056h,01Ch
  db 066h
  db 000h,000h,0E4h,000h,000h
  db 000h,000h
  dw 0127Fh,base+02C2Eh
  dw 01580h,base+02A72h
  dw 01680h,base+029EEh
  dw 01780h,base+0294Dh
  dw 0187Fh,base+02875h
  dw 01A80h,base+018DDh
  dw 01B80h,base+01037h
  dw 01B80h,base+01052h
  dw 01C7Fh,base+00D5Fh
  dw 01E80h,base+00D24h
  dw 01F80h,base+00CE7h
  dw 02080h,base+00C69h
  dw 0217Fh,base+00C27h
  dw 02380h,base+00B57h
  dw 02480h,base+00AC7h
  dw 02480h,base+00AEBh
  dw 0257Fh,base+00AA2h
  dw 02680h,base+009BFh
  dw 02680h,base+009E5h
  dw 02780h,base+0094Ah
  dw 0277Fh,base+00971h
  dw 02880h,base+008D2h
  dw 02980h,base+0082Eh
  dw 02980h,base+00857h
  dw 0297Fh,base+00880h
  dw 02A7Fh,base+007B0h
  dw 02B00h,base+0072Fh

GoatIdleAndWalkframe047:
  db 06Ch,01Bh,048h,037h
  db 054h
  db 000h,000h,0C9h,000h,000h
  db 000h,000h
  dw 02C7Fh,base+00703h
  dw 02D80h,base+0064Fh
  dw 02E80h,base+004DFh
  dw 02E80h,base+0050Dh
  dw 02E7Fh,base+0053Bh
  dw 02F7Fh,base+00423h
  dw 0307Fh,base+00393h
  dw 0317Fh,base+002CFh
  dw 03380h,base+0016Dh
  dw 0337Fh,base+001A0h
  dw 03480h,base+00035h
  dw 01112h,base+00785h
  dw 0191Ah,base+01FABh
  dw 00954h,base+03150h
  dw 00F11h,base+02D21h
  dw 01A1Bh,base+018F7h
  dw 00954h,base+03150h
  dw 00E11h,base+02E47h
  dw 01A1Bh,base+01911h
  dw 00954h,base+03159h
  dw 00C11h,base+02F9Ch
  dw 01A1Ch,base+01F0Fh
  dw 00854h,base+03348h
  dw 00A0Fh,base+03074h
  dw 01B1Dh,base+0172Dh
  dw 00954h,base+03162h
  dw 0090Fh,base+0316Bh
  dw 01B1Dh,base+01748h
  dw 00954h,base+03174h
  dw 0080Fh,base+03350h
  dw 01B1Dh,base+01763h
  dw 00954h,base+03159h
  dw 0080Fh,base+03358h
  dw 01B1Dh,base+0177Eh
  dw 00954h,base+0317Dh
  dw 0080Fh,base+03360h
  dw 01B1Eh,base+01799h
  dw 00854h,base+03368h
  dw 0070Eh,base+034B7h
  dw 01B1Eh,base+017B4h
  dw 00854h,base+03370h
  dw 0060Eh,base+035CFh
  dw 01B1Eh,base+017CFh
  dw 00854h,base+03378h
  dw 0060Eh,base+035D5h
  dw 01B1Eh,base+017EAh
  dw 00853h,base+03380h
  dw 0070Fh,base+034BEh
  dw 01B1Eh,base+016A6h
  dw 00853h,base+03388h
  dw 0070Fh,base+034BEh
  dw 01B1Fh,base+01805h
  dw 00752h,base+034C5h
  dw 0060Eh,base+007B2h
  dw 01C20h,base+00D97h
  dw 00752h,base+034CCh
  dw 0060Eh,base+035DBh
  dw 01C20h,base+00DB3h
  dw 00700h,base+034D3h

GoatIdleAndWalkframe048:
  db 06Eh,01Bh,046h,052h
  db 048h
  db 000h,000h,0AEh,000h,000h
  db 000h,000h
  dw 0070Fh,base+034DAh
  dw 01C20h,base+00DCFh
  dw 00751h,base+034E1h
  dw 0070Fh,base+034E8h
  dw 01C20h,base+0101Bh
  dw 00751h,base+034EFh
  dw 0060Fh,base+035E1h
  dw 01B21h,base+01820h
  dw 00650h,base+035E7h
  dw 0060Fh,base+035EDh
  dw 01B21h,base+011B1h
  dw 0064Fh,base+035E7h
  dw 00710h,base+034F6h
  dw 01B21h,base+01598h
  dw 0064Fh,base+035E7h
  dw 00710h,base+034FDh
  dw 01B21h,base+0183Bh
  dw 0064Fh,base+035E7h
  dw 00610h,base+035F3h
  dw 01B21h,base+015CEh
  dw 0064Fh,base+035E7h
  dw 00611h,base+035F9h
  dw 01A20h,base+01F29h
  dw 0064Fh,base+035E7h
  dw 00611h,base+035FFh
  dw 01920h,base+0253Ch
  dw 00650h,base+03605h
  dw 00510h,base+03692h
  dw 01920h,base+02555h
  dw 00650h,base+0360Bh
  dw 00410h,base+036A1h
  dw 01920h,base+0256Eh
  dw 00650h,base+03611h
  dw 00410h,base+036A5h
  dw 01920h,base+02587h
  dw 00652h,base+03617h
  dw 0020Eh,base+02959h
  dw 01920h,base+025A0h
  dw 00660h,base+03058h
  dw 01920h,base+025B9h
  dw 00660h,base+03058h
  dw 01920h,base+025D2h
  dw 00660h,base+03058h
  dw 0191Fh,base+025EBh
  dw 00761h,base+03504h
  dw 0191Fh,base+02604h
  dw 00761h,base+03504h
  dw 0191Fh,base+0261Dh
  dw 00761h,base+02F6Eh
  dw 0191Eh,base+02636h
  dw 00862h,base+03390h
  dw 0191Eh,base+0264Fh
  dw 00862h,base+03398h
  dw 0191Dh,base+02668h
  dw 00963h,base+03186h
  dw 0191Dh,base+02681h
  dw 00963h,base+0318Fh
  dw 0191Dh,base+0269Ah
  dw 00963h,base+03198h
  dw 0191Dh,base+026B3h
  dw 00963h,base+031A1h
  dw 0191Dh,base+026CCh
  dw 00863h,base+033A0h
  dw 0191Eh,base+026E5h
  dw 00762h,base+0350Bh
  dw 0191Fh,base+026FEh
  dw 00600h,base+0008Ch

GoatIdleAndWalkframe049:
  db 032h,01Bh,068h,06Dh
  db 068h
  db 000h,000h,093h,000h,000h
  db 000h,000h
  dw 01980h,base+02717h
  dw 01980h,base+02730h
  dw 01980h,base+02749h
  dw 01981h,base+02762h
  dw 01880h,base+028EDh
  dw 01516h,base+02AB1h
  dw 0026Ah,base+0203Fh
  dw 01516h,base+02AC6h
  dw 0026Ah,base+0203Fh
  dw 01516h,base+02ADBh
  dw 0016Bh,base+00000h
  dw 01415h,base+02B7Fh
  dw 0016Bh,base+00000h
  dw 01481h,base+02B93h
  dw 01011h,base+02CC5h
  dw 00270h,base+0203Fh
  dw 00D0Eh,base+02F75h
  dw 00102h,base+00000h
  dw 00271h,base+0203Fh
  dw 00C0Fh,base+02FCCh
  dw 00171h,base+00000h
  dw 00C81h,base+02FD8h
  dw 00B80h,base+03032h
  dw 00A80h,base+03132h
  dw 00A81h,base+0313Ch
  dw 00980h,base+03312h
  dw 00980h,base+03312h
  dw 00980h,base+03312h
  dw 00980h,base+0331Bh
  dw 0097Fh,base+03324h
  dw 00A80h,base+03146h
  dw 00B7Fh,base+03032h
  dw 00C80h,base+02FD8h
  dw 00C7Fh,base+02FE4h
  dw 00D00h,base+02F82h

GoatIdleAndWalkframe050:
  db 02Ah,014h,066h,008h
  db 070h
  db 000h,000h,0F8h,000h,000h
  db 000h,000h
  dw 0027Fh,base+02959h
  dw 00580h,base+03683h
  dw 00780h,base+034B0h
  dw 00B80h,base+02FF0h
  dw 00D7Fh,base+02F5Bh
  dw 00E80h,base+02EE1h
  dw 00E80h,base+02EEFh
  dw 00E80h,base+02EFDh
  dw 00E7Fh,base+02F0Bh
  dw 00F80h,base+02DD5h
  dw 00F80h,base+02CF4h
  dw 01080h,base+02C85h
  dw 01011h,base+02C95h
  dw 0016Eh,base+00000h
  dw 01112h,base+02C52h
  dw 0026Eh,base+036C8h
  dw 01480h,base+02B2Fh
  dw 00E0Fh,base+02E2Bh
  dw 00571h,base+03688h
  dw 00D0Fh,base+02F34h
  dw 00570h,base+0368Dh
  dw 00E11h,base+02E39h
  dw 0036Fh,base+02D1Dh
  dw 00F12h,base+02D03h
  dw 0026Eh,base+00014h
  dw 00F00h,base+02D12h

GoatIdleAndWalkframe051:
  db 056h,01Bh,056h,01Ch
  db 066h
  db 000h,000h,0E4h,000h,000h
  db 000h,000h
  dw 0127Fh,base+02C2Eh
  dw 01580h,base+02A72h
  dw 01680h,base+029EEh
  dw 01780h,base+0294Dh
  dw 0187Fh,base+02875h
  dw 01A80h,base+018DDh
  dw 01B80h,base+01037h
  dw 01B80h,base+01052h
  dw 01C7Fh,base+00D5Fh
  dw 01E80h,base+00D24h
  dw 01F80h,base+00CE7h
  dw 02080h,base+00C69h
  dw 0217Fh,base+00C27h
  dw 02380h,base+00B57h
  dw 02480h,base+00AC7h
  dw 02480h,base+00AEBh
  dw 0257Fh,base+00AA2h
  dw 02680h,base+009BFh
  dw 02680h,base+009E5h
  dw 02780h,base+0094Ah
  dw 0277Fh,base+00971h
  dw 02880h,base+008D2h
  dw 02980h,base+0082Eh
  dw 02980h,base+00857h
  dw 0297Fh,base+00880h
  dw 02A7Fh,base+007B0h
  dw 02B00h,base+0072Fh

GoatIdleAndWalkframe052:
  db 06Ch,01Bh,048h,037h
  db 054h
  db 000h,000h,0C9h,000h,000h
  db 000h,000h
  dw 02C7Fh,base+00703h
  dw 02D80h,base+0064Fh
  dw 02E80h,base+004DFh
  dw 02E80h,base+0050Dh
  dw 02E7Fh,base+0053Bh
  dw 02F7Fh,base+00423h
  dw 0307Fh,base+00393h
  dw 0317Fh,base+002CFh
  dw 03380h,base+0016Dh
  dw 0337Fh,base+001A0h
  dw 03480h,base+00035h
  dw 01112h,base+00785h
  dw 0191Ah,base+01FABh
  dw 00954h,base+03150h
  dw 00F11h,base+02D21h
  dw 01A1Bh,base+018F7h
  dw 00954h,base+03150h
  dw 00E11h,base+02E47h
  dw 01A1Bh,base+01911h
  dw 00954h,base+03159h
  dw 00C11h,base+02F9Ch
  dw 01A1Ch,base+0192Bh
  dw 00854h,base+03348h
  dw 00A0Fh,base+03074h
  dw 01B1Dh,base+0106Dh
  dw 00954h,base+03162h
  dw 0090Fh,base+0316Bh
  dw 01B1Dh,base+01088h
  dw 00954h,base+03174h
  dw 0080Fh,base+03350h
  dw 01B1Dh,base+010A3h
  dw 00954h,base+03159h
  dw 0080Fh,base+03358h
  dw 01B1Dh,base+010BEh
  dw 00954h,base+0317Dh
  dw 0080Fh,base+03360h
  dw 01B1Eh,base+010D9h
  dw 00854h,base+03368h
  dw 0070Eh,base+034B7h
  dw 01B1Eh,base+010F4h
  dw 00854h,base+03370h
  dw 0060Eh,base+035CFh
  dw 01B1Eh,base+0110Fh
  dw 00854h,base+03378h
  dw 0060Eh,base+035D5h
  dw 01B1Eh,base+0112Ah
  dw 00853h,base+03380h
  dw 0070Fh,base+034BEh
  dw 01B1Eh,base+01145h
  dw 00853h,base+03388h
  dw 0070Fh,base+034BEh
  dw 01B1Fh,base+01160h
  dw 00752h,base+034C5h
  dw 0060Eh,base+007B2h
  dw 01C20h,base+00D7Bh
  dw 00752h,base+034CCh
  dw 0060Eh,base+035DBh
  dw 01C20h,base+00D97h
  dw 00700h,base+034D3h

GoatIdleAndWalkframe053:
  db 06Eh,01Bh,046h,052h
  db 048h
  db 000h,000h,0AEh,000h,000h
  db 000h,000h
  dw 0070Fh,base+034DAh
  dw 01C20h,base+00DB3h
  dw 00751h,base+034E1h
  dw 0070Fh,base+034E8h
  dw 01C20h,base+00DCFh
  dw 00751h,base+034EFh
  dw 0060Fh,base+035E1h
  dw 01B21h,base+0117Bh
  dw 00650h,base+035E7h
  dw 0060Fh,base+035EDh
  dw 01B21h,base+01196h
  dw 0064Fh,base+035E7h
  dw 00710h,base+034F6h
  dw 01B21h,base+011B1h
  dw 0064Fh,base+035E7h
  dw 00710h,base+034FDh
  dw 01B21h,base+011CCh
  dw 0064Fh,base+035E7h
  dw 00610h,base+035F3h
  dw 01B21h,base+011E7h
  dw 0064Fh,base+035E7h
  dw 00611h,base+035F9h
  dw 01A20h,base+01945h
  dw 0064Fh,base+035E7h
  dw 00611h,base+035FFh
  dw 01920h,base+01FC4h
  dw 00650h,base+03605h
  dw 00510h,base+03692h
  dw 01920h,base+01FDDh
  dw 00650h,base+0360Bh
  dw 00410h,base+036A1h
  dw 01920h,base+01FF6h
  dw 00650h,base+03611h
  dw 00410h,base+036A5h
  dw 01920h,base+0200Fh
  dw 00652h,base+03617h
  dw 0020Eh,base+02959h
  dw 01920h,base+02028h
  dw 00660h,base+03058h
  dw 01920h,base+02041h
  dw 00660h,base+03058h
  dw 01920h,base+0205Ah
  dw 00660h,base+03058h
  dw 0191Fh,base+02073h
  dw 00761h,base+03504h
  dw 0191Fh,base+0277Bh
  dw 00761h,base+03504h
  dw 0191Fh,base+02794h
  dw 00761h,base+02F6Eh
  dw 0191Eh,base+02636h
  dw 00862h,base+03390h
  dw 0191Eh,base+0264Fh
  dw 00862h,base+03398h
  dw 0191Dh,base+02668h
  dw 00963h,base+03186h
  dw 0191Dh,base+02681h
  dw 00963h,base+0318Fh
  dw 0191Dh,base+0269Ah
  dw 00963h,base+03198h
  dw 0191Dh,base+026B3h
  dw 00963h,base+031A1h
  dw 0191Dh,base+026CCh
  dw 00863h,base+033A0h
  dw 0191Eh,base+026E5h
  dw 00762h,base+0350Bh
  dw 0191Fh,base+026FEh
  dw 00600h,base+0008Ch

GoatIdleAndWalkframe054:
  db 032h,01Bh,068h,06Dh
  db 068h
  db 000h,000h,093h,000h,000h
  db 000h,000h
  dw 01980h,base+02717h
  dw 01980h,base+02730h
  dw 01980h,base+02749h
  dw 01981h,base+02762h
  dw 01880h,base+028EDh
  dw 01516h,base+02AB1h
  dw 0026Ah,base+0203Fh
  dw 01516h,base+02AC6h
  dw 0026Ah,base+0203Fh
  dw 01516h,base+02ADBh
  dw 0016Bh,base+00000h
  dw 01415h,base+02B7Fh
  dw 0016Bh,base+00000h
  dw 01481h,base+02B93h
  dw 01011h,base+02CC5h
  dw 00270h,base+0203Fh
  dw 00D0Eh,base+02F75h
  dw 00102h,base+00000h
  dw 00271h,base+0203Fh
  dw 00C0Fh,base+02FCCh
  dw 00171h,base+00000h
  dw 00C81h,base+02FD8h
  dw 00B80h,base+03032h
  dw 00A80h,base+03132h
  dw 00A81h,base+0313Ch
  dw 00980h,base+03312h
  dw 00980h,base+03312h
  dw 00980h,base+03312h
  dw 00980h,base+0331Bh
  dw 0097Fh,base+03324h
  dw 00A80h,base+03146h
  dw 00B7Fh,base+03032h
  dw 00C80h,base+02FD8h
  dw 00C7Fh,base+02FE4h
  dw 00D00h,base+02F82h

GoatIdleAndWalkframe055:
  db 02Ah,014h,066h,008h
  db 070h
  db 000h,000h,0F8h,000h,000h
  db 000h,000h
  dw 0027Fh,base+02959h
  dw 00580h,base+03683h
  dw 00780h,base+034B0h
  dw 00B80h,base+02FF0h
  dw 00D7Fh,base+02F5Bh
  dw 00E80h,base+02EE1h
  dw 00E80h,base+02EEFh
  dw 00E80h,base+02EFDh
  dw 00E7Fh,base+02F0Bh
  dw 00F80h,base+02DD5h
  dw 00F80h,base+02CF4h
  dw 01080h,base+02C85h
  dw 01011h,base+02C95h
  dw 0016Eh,base+00000h
  dw 01112h,base+02C52h
  dw 0026Eh,base+036C8h
  dw 01480h,base+02B2Fh
  dw 00E0Fh,base+02E2Bh
  dw 00571h,base+03688h
  dw 00D0Fh,base+02F34h
  dw 00570h,base+0368Dh
  dw 00E11h,base+02E39h
  dw 0036Fh,base+02D1Dh
  dw 00F12h,base+02D03h
  dw 0026Eh,base+00014h
  dw 00F00h,base+02D12h

GoatIdleAndWalkframe056:
  db 056h,01Bh,056h,01Ch
  db 066h
  db 000h,000h,0E4h,000h,000h
  db 000h,000h
  dw 0127Fh,base+02C2Eh
  dw 01580h,base+02A72h
  dw 01680h,base+029EEh
  dw 01780h,base+0294Dh
  dw 0187Fh,base+02875h
  dw 01A80h,base+018DDh
  dw 01B80h,base+01037h
  dw 01B80h,base+01052h
  dw 01C7Fh,base+00D5Fh
  dw 01E80h,base+00D24h
  dw 01F80h,base+00CE7h
  dw 02080h,base+00C69h
  dw 0217Fh,base+00C27h
  dw 02380h,base+00B57h
  dw 02480h,base+00AC7h
  dw 02480h,base+00AEBh
  dw 0257Fh,base+00AA2h
  dw 02680h,base+009BFh
  dw 02680h,base+009E5h
  dw 02780h,base+0094Ah
  dw 0277Fh,base+00971h
  dw 02880h,base+008D2h
  dw 02980h,base+0082Eh
  dw 02980h,base+00857h
  dw 0297Fh,base+00880h
  dw 02A7Fh,base+007B0h
  dw 02B00h,base+0072Fh

GoatIdleAndWalkframe057:
  db 06Ch,01Bh,048h,037h
  db 054h
  db 000h,000h,0C9h,000h,000h
  db 000h,000h
  dw 02C7Fh,base+00703h
  dw 02D80h,base+0064Fh
  dw 02E80h,base+004DFh
  dw 02E80h,base+0050Dh
  dw 02E7Fh,base+0053Bh
  dw 02F7Fh,base+00423h
  dw 0307Fh,base+00393h
  dw 0317Fh,base+002CFh
  dw 03380h,base+0016Dh
  dw 0337Fh,base+001A0h
  dw 03480h,base+00035h
  dw 01112h,base+00785h
  dw 0191Ah,base+01FABh
  dw 00954h,base+03150h
  dw 00F11h,base+02D21h
  dw 01A1Bh,base+018F7h
  dw 00954h,base+03150h
  dw 00E11h,base+02E47h
  dw 01A1Bh,base+01911h
  dw 00954h,base+03159h
  dw 00C11h,base+02F9Ch
  dw 01A1Ch,base+0192Bh
  dw 00854h,base+03348h
  dw 00A0Fh,base+03074h
  dw 01B1Dh,base+0106Dh
  dw 00954h,base+03162h
  dw 0090Fh,base+0316Bh
  dw 01B1Dh,base+01088h
  dw 00954h,base+03174h
  dw 0080Fh,base+03350h
  dw 01B1Dh,base+010A3h
  dw 00954h,base+03159h
  dw 0080Fh,base+03358h
  dw 01B1Dh,base+010BEh
  dw 00954h,base+0317Dh
  dw 0080Fh,base+03360h
  dw 01B1Eh,base+010D9h
  dw 00854h,base+03368h
  dw 0070Eh,base+034B7h
  dw 01B1Eh,base+010F4h
  dw 00854h,base+03370h
  dw 0060Eh,base+035CFh
  dw 01B1Eh,base+0110Fh
  dw 00854h,base+03378h
  dw 0060Eh,base+035D5h
  dw 01B1Eh,base+0112Ah
  dw 00853h,base+03380h
  dw 0070Fh,base+034BEh
  dw 01B1Eh,base+01145h
  dw 00853h,base+03388h
  dw 0070Fh,base+034BEh
  dw 01B1Fh,base+01160h
  dw 00752h,base+034C5h
  dw 0060Eh,base+007B2h
  dw 01C20h,base+00D7Bh
  dw 00752h,base+034CCh
  dw 0060Eh,base+035DBh
  dw 01C20h,base+00D97h
  dw 00700h,base+034D3h

GoatIdleAndWalkframe058:
  db 06Eh,01Bh,046h,052h
  db 048h
  db 000h,000h,0AEh,000h,000h
  db 000h,000h
  dw 0070Fh,base+034DAh
  dw 01C20h,base+00DB3h
  dw 00751h,base+034E1h
  dw 0070Fh,base+034E8h
  dw 01C20h,base+00DCFh
  dw 00751h,base+034EFh
  dw 0060Fh,base+035E1h
  dw 01B21h,base+0117Bh
  dw 00650h,base+035E7h
  dw 0060Fh,base+035EDh
  dw 01B21h,base+01196h
  dw 0064Fh,base+035E7h
  dw 00710h,base+034F6h
  dw 01B21h,base+011B1h
  dw 0064Fh,base+035E7h
  dw 00710h,base+034FDh
  dw 01B21h,base+011CCh
  dw 0064Fh,base+035E7h
  dw 00610h,base+035F3h
  dw 01B21h,base+011E7h
  dw 0064Fh,base+035E7h
  dw 00611h,base+035F9h
  dw 01A20h,base+01945h
  dw 0064Fh,base+035E7h
  dw 00611h,base+035FFh
  dw 01920h,base+01FC4h
  dw 00650h,base+03605h
  dw 00510h,base+03692h
  dw 01920h,base+01FDDh
  dw 00650h,base+0360Bh
  dw 00410h,base+036A1h
  dw 01920h,base+01FF6h
  dw 00650h,base+03611h
  dw 00410h,base+036A5h
  dw 01920h,base+0200Fh
  dw 00652h,base+03617h
  dw 0020Eh,base+02959h
  dw 01920h,base+02028h
  dw 00660h,base+03058h
  dw 01920h,base+02041h
  dw 00660h,base+03058h
  dw 01920h,base+0205Ah
  dw 00660h,base+03058h
  dw 0191Fh,base+02073h
  dw 00761h,base+03504h
  dw 0191Fh,base+0277Bh
  dw 00761h,base+03504h
  dw 0191Fh,base+02794h
  dw 00761h,base+02F6Eh
  dw 0191Eh,base+02636h
  dw 00862h,base+03390h
  dw 0191Eh,base+0264Fh
  dw 00862h,base+03398h
  dw 0191Dh,base+02668h
  dw 00963h,base+03186h
  dw 0191Dh,base+02681h
  dw 00963h,base+0318Fh
  dw 0191Dh,base+0269Ah
  dw 00963h,base+03198h
  dw 0191Dh,base+026B3h
  dw 00963h,base+031A1h
  dw 0191Dh,base+026CCh
  dw 00863h,base+033A0h
  dw 0191Eh,base+026E5h
  dw 00762h,base+0350Bh
  dw 0191Fh,base+026FEh
  dw 00600h,base+0008Ch

GoatIdleAndWalkframe059:
  db 032h,01Bh,068h,06Dh
  db 068h
  db 000h,000h,093h,000h,000h
  db 000h,000h
  dw 01980h,base+02717h
  dw 01980h,base+02730h
  dw 01980h,base+02749h
  dw 01981h,base+02762h
  dw 01880h,base+028EDh
  dw 01516h,base+02AB1h
  dw 0026Ah,base+0203Fh
  dw 01516h,base+02AC6h
  dw 0026Ah,base+0203Fh
  dw 01516h,base+02ADBh
  dw 0016Bh,base+00000h
  dw 01415h,base+02B7Fh
  dw 0016Bh,base+00000h
  dw 01481h,base+02B93h
  dw 01011h,base+02CC5h
  dw 00270h,base+0203Fh
  dw 00D0Eh,base+02F75h
  dw 00102h,base+00000h
  dw 00271h,base+0203Fh
  dw 00C0Fh,base+02FCCh
  dw 00171h,base+00000h
  dw 00C81h,base+02FD8h
  dw 00B80h,base+03032h
  dw 00A80h,base+03132h
  dw 00A81h,base+0313Ch
  dw 00980h,base+03312h
  dw 00980h,base+03312h
  dw 00980h,base+03312h
  dw 00980h,base+0331Bh
  dw 0097Fh,base+03324h
  dw 00A80h,base+03146h
  dw 00B7Fh,base+03032h
  dw 00C80h,base+02FD8h
  dw 00C7Fh,base+02FE4h
  dw 00D00h,base+02F82h

GoatIdleAndWalkframe060:
  db 02Ah,015h,066h,007h
  db 070h
  db 000h,000h,0F9h,000h,000h
  db 000h,000h
  dw 0027Fh,base+02959h
  dw 00580h,base+03683h
  dw 00780h,base+034B0h
  dw 00B80h,base+02FF0h
  dw 00D7Fh,base+02F5Bh
  dw 00E80h,base+02EE1h
  dw 00E80h,base+02EEFh
  dw 00E80h,base+02EFDh
  dw 00E7Fh,base+02F0Bh
  dw 00F80h,base+02DD5h
  dw 00F80h,base+02CF4h
  dw 01080h,base+02C85h
  dw 01011h,base+02C95h
  dw 0016Eh,base+00000h
  dw 01112h,base+02C52h
  dw 0026Eh,base+036C8h
  dw 01480h,base+02B2Fh
  dw 00E0Fh,base+02E2Bh
  dw 00571h,base+03688h
  dw 00D0Fh,base+02F34h
  dw 00570h,base+0368Dh
  dw 00E11h,base+02E39h
  dw 0036Fh,base+02D1Dh
  dw 00F12h,base+02D03h
  dw 0026Eh,base+00014h
  dw 00F80h,base+02D12h
  dw 01200h,base+02C2Eh

GoatIdleAndWalkframe061:
  db 058h,01Bh,054h,01Ch
  db 064h
  db 000h,000h,0E4h,000h,000h
  db 000h,000h
  dw 01580h,base+02A72h
  dw 01680h,base+029EEh
  dw 01780h,base+0294Dh
  dw 0187Fh,base+02875h
  dw 01A80h,base+018DDh
  dw 01B80h,base+01037h
  dw 01B80h,base+01052h
  dw 01C7Fh,base+00D5Fh
  dw 01E80h,base+00D24h
  dw 01F80h,base+00CE7h
  dw 02080h,base+00C69h
  dw 0217Fh,base+00C27h
  dw 02380h,base+00B57h
  dw 02480h,base+00AC7h
  dw 02480h,base+00AEBh
  dw 0257Fh,base+00AA2h
  dw 02680h,base+009BFh
  dw 02680h,base+009E5h
  dw 02780h,base+0094Ah
  dw 0277Fh,base+00971h
  dw 02880h,base+008D2h
  dw 02980h,base+0082Eh
  dw 02980h,base+00857h
  dw 0297Fh,base+00880h
  dw 02A7Fh,base+007B0h
  dw 02B7Fh,base+0072Fh
  dw 02C00h,base+00703h

GoatIdleAndWalkframe062:
  db 06Ch,01Bh,048h,037h
  db 052h
  db 000h,000h,0C9h,000h,000h
  db 000h,000h
  dw 02D80h,base+0064Fh
  dw 02E80h,base+004DFh
  dw 02E80h,base+0050Dh
  dw 02E7Fh,base+0053Bh
  dw 02F7Fh,base+00423h
  dw 0307Fh,base+00393h
  dw 0317Fh,base+002CFh
  dw 03380h,base+0016Dh
  dw 0337Fh,base+001A0h
  dw 03480h,base+00035h
  dw 01112h,base+00785h
  dw 0191Ah,base+01FABh
  dw 00954h,base+03150h
  dw 00F11h,base+02D21h
  dw 01A1Bh,base+018F7h
  dw 00954h,base+03150h
  dw 00E11h,base+02E47h
  dw 01A1Bh,base+01911h
  dw 00954h,base+03159h
  dw 00C11h,base+02F9Ch
  dw 01A1Ch,base+0192Bh
  dw 00854h,base+03348h
  dw 00A0Fh,base+03074h
  dw 01B1Dh,base+0106Dh
  dw 00954h,base+03162h
  dw 0090Fh,base+0316Bh
  dw 01B1Dh,base+01088h
  dw 00954h,base+03174h
  dw 0080Fh,base+03350h
  dw 01B1Dh,base+010A3h
  dw 00954h,base+03159h
  dw 0080Fh,base+03358h
  dw 01B1Dh,base+010BEh
  dw 00954h,base+0317Dh
  dw 0080Fh,base+03360h
  dw 01B1Eh,base+010D9h
  dw 00854h,base+03368h
  dw 0070Eh,base+034B7h
  dw 01B1Eh,base+010F4h
  dw 00854h,base+03370h
  dw 0060Eh,base+035CFh
  dw 01B1Eh,base+0110Fh
  dw 00854h,base+03378h
  dw 0060Eh,base+035D5h
  dw 01B1Eh,base+0112Ah
  dw 00853h,base+03380h
  dw 0070Fh,base+034BEh
  dw 01B1Eh,base+01145h
  dw 00853h,base+03388h
  dw 0070Fh,base+034BEh
  dw 01B1Fh,base+01160h
  dw 00752h,base+034C5h
  dw 0060Eh,base+007B2h
  dw 01C20h,base+00D7Bh
  dw 00752h,base+034CCh
  dw 0060Eh,base+035DBh
  dw 01C20h,base+00D97h
  dw 00751h,base+034D3h
  dw 0070Fh,base+034DAh
  dw 01C20h,base+00DB3h
  dw 00700h,base+034E1h

GoatIdleAndWalkframe063:
  db 06Eh,01Bh,046h,052h
  db 048h
  db 000h,000h,0AEh,000h,000h
  db 000h,000h
  dw 0070Fh,base+034E8h
  dw 01C20h,base+00DCFh
  dw 00751h,base+034EFh
  dw 0060Fh,base+035E1h
  dw 01B21h,base+0117Bh
  dw 00650h,base+035E7h
  dw 0060Fh,base+035EDh
  dw 01B21h,base+01196h
  dw 0064Fh,base+035E7h
  dw 00710h,base+034F6h
  dw 01B21h,base+011B1h
  dw 0064Fh,base+035E7h
  dw 00710h,base+034FDh
  dw 01B21h,base+011CCh
  dw 0064Fh,base+035E7h
  dw 00610h,base+035F3h
  dw 01B21h,base+011E7h
  dw 0064Fh,base+035E7h
  dw 00611h,base+035F9h
  dw 01A20h,base+01945h
  dw 0064Fh,base+035E7h
  dw 00611h,base+035FFh
  dw 01920h,base+01FC4h
  dw 00650h,base+03605h
  dw 00510h,base+03692h
  dw 01920h,base+01FDDh
  dw 00650h,base+0360Bh
  dw 00410h,base+036A1h
  dw 01920h,base+01FF6h
  dw 00650h,base+03611h
  dw 00410h,base+036A5h
  dw 01920h,base+0200Fh
  dw 00652h,base+03617h
  dw 0020Fh,base+02959h
  dw 0181Fh,base+02029h
  dw 00660h,base+03058h
  dw 01920h,base+02041h
  dw 00660h,base+03058h
  dw 01920h,base+0205Ah
  dw 00660h,base+03058h
  dw 0191Fh,base+02073h
  dw 00761h,base+03504h
  dw 0191Fh,base+0208Ch
  dw 00761h,base+03504h
  dw 0191Fh,base+020A5h
  dw 00761h,base+02F6Eh
  dw 0191Eh,base+020BEh
  dw 00862h,base+03390h
  dw 0191Eh,base+020D7h
  dw 00862h,base+03398h
  dw 0191Dh,base+02393h
  dw 00963h,base+03186h
  dw 0191Dh,base+02474h
  dw 00963h,base+0318Fh
  dw 0191Dh,base+0248Dh
  dw 00963h,base+03198h
  dw 0191Dh,base+024A6h
  dw 00963h,base+031A1h
  dw 0191Dh,base+026B3h
  dw 00863h,base+033A0h
  dw 0191Eh,base+026CCh
  dw 00762h,base+0350Bh
  dw 0191Fh,base+027ADh
  dw 00661h,base+0008Ch
  dw 01900h,base+027C6h

GoatIdleAndWalkframe064:
  db 032h,01Bh,068h,06Dh
  db 068h
  db 000h,000h,093h,000h,000h
  db 000h,000h
  dw 01980h,base+027DFh
  dw 01980h,base+027F8h
  dw 01980h,base+02811h
  dw 01981h,base+0282Ah
  dw 01880h,base+02905h
  dw 01516h,base+02AF0h
  dw 0026Ah,base+0203Fh
  dw 01516h,base+02B05h
  dw 0026Ah,base+0203Fh
  dw 01516h,base+02B1Ah
  dw 0016Bh,base+00000h
  dw 01415h,base+02BA7h
  dw 0016Bh,base+00000h
  dw 01381h,base+02C08h
  dw 01181h,base+02C74h
  dw 01082h,base+02CD5h
  dw 00D81h,base+02F8Fh
  dw 00B80h,base+0303Dh
  dw 00B80h,base+03048h
  dw 00B80h,base+03053h
  dw 00B80h,base+0305Eh
  dw 00506h,base+0026Bh
  dw 0057Ah,base+03443h
  dw 00506h,base+03443h
  dw 00579h,base+03443h
  dw 00507h,base+02FD8h
  dw 00579h,base+03443h
  dw 00507h,base+00046h
  dw 0057Fh,base+03443h
  dw 00680h,base+03641h
  dw 0067Fh,base+03659h
  dw 00780h,base+03520h
  dw 0077Fh,base+03041h
  dw 00880h,base+004B0h
  dw 00800h,base+0199Ch

GoatIdleAndWalkframe065:
  db 02Ch,016h,064h,006h
  db 070h
  db 000h,000h,0FAh,000h,000h
  db 000h,000h
  dw 0027Fh,base+02959h
  dw 00580h,base+03683h
  dw 00780h,base+034B0h
  dw 00B80h,base+02FF0h
  dw 00D7Fh,base+02F5Bh
  dw 00E80h,base+02EE1h
  dw 00E80h,base+02EEFh
  dw 00E80h,base+02EFDh
  dw 00E7Fh,base+02F0Bh
  dw 00F80h,base+02DD5h
  dw 00F80h,base+02CF4h
  dw 01080h,base+02C85h
  dw 01011h,base+02C95h
  dw 0016Eh,base+00000h
  dw 01112h,base+02C52h
  dw 0026Eh,base+036C8h
  dw 01480h,base+02B2Fh
  dw 00E0Fh,base+02E2Bh
  dw 00571h,base+03688h
  dw 00D0Fh,base+02F34h
  dw 00570h,base+0368Dh
  dw 00E11h,base+02E39h
  dw 0036Fh,base+02D1Dh
  dw 00F12h,base+02D03h
  dw 0026Eh,base+00014h
  dw 00F80h,base+02D12h
  dw 0127Fh,base+02C2Eh
  dw 01500h,base+02A72h

GoatIdleAndWalkframe066:
  db 05Ah,01Bh,052h,01Ch
  db 064h
  db 000h,000h,0E4h,000h,000h
  db 000h,000h
  dw 01680h,base+029EEh
  dw 01780h,base+0294Dh
  dw 0187Fh,base+02875h
  dw 01A80h,base+018DDh
  dw 01B80h,base+01037h
  dw 01B80h,base+01052h
  dw 01C7Fh,base+00D5Fh
  dw 01E80h,base+00D24h
  dw 01F80h,base+00CE7h
  dw 02080h,base+00C69h
  dw 0217Fh,base+00C27h
  dw 02380h,base+00B57h
  dw 02480h,base+00AC7h
  dw 02480h,base+00AEBh
  dw 0257Fh,base+00AA2h
  dw 02680h,base+009BFh
  dw 02680h,base+009E5h
  dw 02780h,base+0094Ah
  dw 0277Fh,base+00971h
  dw 02880h,base+008D2h
  dw 02980h,base+0082Eh
  dw 02980h,base+00857h
  dw 0297Fh,base+00880h
  dw 02A7Fh,base+007B0h
  dw 02B7Fh,base+0072Fh
  dw 02C7Fh,base+00703h
  dw 02D00h,base+0064Fh

GoatIdleAndWalkframe067:
  db 06Ch,01Bh,048h,037h
  db 052h
  db 000h,000h,0C9h,000h,000h
  db 000h,000h
  dw 02E80h,base+004DFh
  dw 02E80h,base+0050Dh
  dw 02E7Fh,base+0053Bh
  dw 02F7Fh,base+00423h
  dw 0307Fh,base+00393h
  dw 0317Fh,base+002CFh
  dw 03380h,base+0016Dh
  dw 0337Fh,base+001A0h
  dw 03480h,base+00035h
  dw 01112h,base+00785h
  dw 0191Ah,base+01FABh
  dw 00954h,base+03150h
  dw 00F11h,base+02D21h
  dw 01A1Bh,base+018F7h
  dw 00954h,base+03150h
  dw 00E11h,base+02E47h
  dw 01A1Bh,base+01911h
  dw 00954h,base+03159h
  dw 00C11h,base+02F9Ch
  dw 01A1Ch,base+0192Bh
  dw 00854h,base+03348h
  dw 00A0Fh,base+03074h
  dw 01B1Dh,base+0106Dh
  dw 00954h,base+03162h
  dw 0090Fh,base+0316Bh
  dw 01B1Dh,base+01088h
  dw 00954h,base+03174h
  dw 0080Fh,base+03350h
  dw 01B1Dh,base+010A3h
  dw 00954h,base+03159h
  dw 0080Fh,base+03358h
  dw 01B1Dh,base+010BEh
  dw 00954h,base+0317Dh
  dw 0080Fh,base+03360h
  dw 01B1Eh,base+010D9h
  dw 00854h,base+03368h
  dw 0070Eh,base+034B7h
  dw 01B1Eh,base+010F4h
  dw 00854h,base+03370h
  dw 0060Eh,base+035CFh
  dw 01B1Eh,base+0110Fh
  dw 00854h,base+03378h
  dw 0060Eh,base+035D5h
  dw 01B1Eh,base+0112Ah
  dw 00853h,base+03380h
  dw 0070Fh,base+034BEh
  dw 01B1Eh,base+01145h
  dw 00853h,base+03388h
  dw 0070Fh,base+034BEh
  dw 01B1Fh,base+01160h
  dw 00752h,base+034C5h
  dw 0060Eh,base+007B2h
  dw 01C20h,base+00D7Bh
  dw 00752h,base+034CCh
  dw 0060Eh,base+035DBh
  dw 01C20h,base+00D97h
  dw 00751h,base+034D3h
  dw 0070Fh,base+034DAh
  dw 01C20h,base+00DB3h
  dw 00751h,base+034E1h
  dw 0070Fh,base+034E8h
  dw 01C20h,base+00DCFh
  dw 00700h,base+034EFh

GoatIdleAndWalkframe068:
  db 06Eh,01Bh,046h,052h
  db 048h
  db 000h,000h,0AEh,000h,000h
  db 000h,000h
  dw 0060Fh,base+035E1h
  dw 01B21h,base+0117Bh
  dw 00650h,base+035E7h
  dw 0060Fh,base+035EDh
  dw 01B21h,base+01196h
  dw 0064Fh,base+035E7h
  dw 00710h,base+034F6h
  dw 01B21h,base+011B1h
  dw 0064Fh,base+035E7h
  dw 00710h,base+034FDh
  dw 01B21h,base+011CCh
  dw 0064Fh,base+035E7h
  dw 00610h,base+035F3h
  dw 01B21h,base+011E7h
  dw 0064Fh,base+035E7h
  dw 00611h,base+035F9h
  dw 01A20h,base+01945h
  dw 0064Fh,base+035E7h
  dw 00611h,base+035FFh
  dw 01920h,base+01FC4h
  dw 00650h,base+03605h
  dw 00510h,base+03692h
  dw 01920h,base+01FDDh
  dw 00650h,base+0360Bh
  dw 00410h,base+036A1h
  dw 01920h,base+01FF6h
  dw 00650h,base+03611h
  dw 00410h,base+036A5h
  dw 01920h,base+0200Fh
  dw 00652h,base+03617h
  dw 0020Fh,base+02959h
  dw 0181Fh,base+02029h
  dw 00660h,base+03058h
  dw 01920h,base+02041h
  dw 00660h,base+03058h
  dw 01920h,base+0205Ah
  dw 00660h,base+03058h
  dw 0191Fh,base+02073h
  dw 00761h,base+03504h
  dw 0191Fh,base+0208Ch
  dw 00761h,base+03504h
  dw 0191Fh,base+020A5h
  dw 00761h,base+02F6Eh
  dw 0191Eh,base+020BEh
  dw 00862h,base+03390h
  dw 0191Eh,base+020D7h
  dw 00862h,base+03398h
  dw 0191Dh,base+02393h
  dw 00963h,base+03186h
  dw 0191Dh,base+02474h
  dw 00963h,base+0318Fh
  dw 0191Dh,base+0248Dh
  dw 00963h,base+03198h
  dw 0191Dh,base+024A6h
  dw 00963h,base+031A1h
  dw 0191Dh,base+026B3h
  dw 00863h,base+033A0h
  dw 0191Eh,base+026CCh
  dw 00762h,base+0350Bh
  dw 0191Fh,base+027ADh
  dw 00661h,base+0008Ch
  dw 01980h,base+027C6h
  dw 01900h,base+027DFh

GoatIdleAndWalkframe069:
  db 032h,01Bh,068h,06Dh
  db 068h
  db 000h,000h,093h,000h,000h
  db 000h,000h
  dw 01980h,base+027F8h
  dw 01980h,base+02811h
  dw 01981h,base+0282Ah
  dw 01880h,base+02905h
  dw 01516h,base+02AF0h
  dw 0026Ah,base+0203Fh
  dw 01516h,base+02B05h
  dw 0026Ah,base+0203Fh
  dw 01516h,base+02B1Ah
  dw 0016Bh,base+00000h
  dw 01415h,base+02BBBh
  dw 0016Bh,base+00000h
  dw 01381h,base+02C1Bh
  dw 01281h,base+02C40h
  dw 00608h,base+0365Fh
  dw 00978h,base+0332Dh
  dw 00608h,base+03665h
  dw 00978h,base+03336h
  dw 00608h,base+0366Bh
  dw 00877h,base+004B0h
  dw 0070Ah,base+0359Eh
  dw 00776h,base+03041h
  dw 0070Ah,base+035A5h
  dw 00776h,base+03520h
  dw 0070Bh,base+035ACh
  dw 00675h,base+03058h
  dw 0070Bh,base+035B3h
  dw 00675h,base+0302Ch
  dw 0070Ch,base+035BAh
  dw 00575h,base+03443h
  dw 0060Bh,base+03671h
  dw 00576h,base+03443h
  dw 0040Ah,base+036C1h
  dw 00577h,base+03443h
  dw 00309h,base+00014h
  dw 0057Fh,base+03443h
  dw 00680h,base+03641h
  dw 0067Fh,base+03659h
  dw 00780h,base+03520h
  dw 0077Fh,base+03041h
  dw 00880h,base+004B0h
  dw 00800h,base+0199Ch

GoatIdleAndWalkframe070:
  db 02Ah,015h,066h,007h
  db 070h
  db 000h,000h,0F9h,000h,000h
  db 000h,000h
  dw 0027Fh,base+02959h
  dw 00580h,base+03683h
  dw 00780h,base+034B0h
  dw 00B80h,base+02FF0h
  dw 00D7Fh,base+02F5Bh
  dw 00E80h,base+02EE1h
  dw 00E80h,base+02EEFh
  dw 00E80h,base+02EFDh
  dw 00E7Fh,base+02F0Bh
  dw 00F80h,base+02DD5h
  dw 00F80h,base+02CF4h
  dw 01080h,base+02C85h
  dw 01011h,base+02C95h
  dw 0016Eh,base+00000h
  dw 01112h,base+02C52h
  dw 0026Eh,base+036C8h
  dw 01480h,base+02B2Fh
  dw 00E0Fh,base+02E2Bh
  dw 00571h,base+03688h
  dw 00D0Fh,base+02F34h
  dw 00570h,base+0368Dh
  dw 00E11h,base+02E39h
  dw 0036Fh,base+02D1Dh
  dw 00F12h,base+02D03h
  dw 0026Eh,base+00014h
  dw 00F80h,base+02D12h
  dw 01200h,base+02C2Eh

GoatIdleAndWalkframe071:
  db 058h,01Bh,054h,01Ch
  db 064h
  db 000h,000h,0E4h,000h,000h
  db 000h,000h
  dw 01580h,base+02A72h
  dw 01680h,base+029EEh
  dw 01780h,base+0294Dh
  dw 0187Fh,base+02875h
  dw 01A80h,base+018DDh
  dw 01B80h,base+01037h
  dw 01B80h,base+01052h
  dw 01C7Fh,base+00D5Fh
  dw 01E80h,base+00D24h
  dw 01F80h,base+00CE7h
  dw 02080h,base+00C69h
  dw 0217Fh,base+00C27h
  dw 02380h,base+00B57h
  dw 02480h,base+00AC7h
  dw 02480h,base+00AEBh
  dw 0257Fh,base+00AA2h
  dw 02680h,base+009BFh
  dw 02680h,base+009E5h
  dw 02780h,base+0094Ah
  dw 0277Fh,base+00971h
  dw 02880h,base+008D2h
  dw 02980h,base+0082Eh
  dw 02980h,base+00857h
  dw 0297Fh,base+00880h
  dw 02A7Fh,base+007B0h
  dw 02B7Fh,base+0072Fh
  dw 02C00h,base+00703h

GoatIdleAndWalkframe072:
  db 06Ch,01Bh,048h,037h
  db 052h
  db 000h,000h,0C9h,000h,000h
  db 000h,000h
  dw 02D80h,base+0064Fh
  dw 02E80h,base+004DFh
  dw 02E80h,base+0050Dh
  dw 02E7Fh,base+0053Bh
  dw 02F7Fh,base+00423h
  dw 0307Fh,base+00393h
  dw 0317Fh,base+002CFh
  dw 03380h,base+0016Dh
  dw 0337Fh,base+001A0h
  dw 03480h,base+00035h
  dw 01112h,base+00785h
  dw 0191Ah,base+01FABh
  dw 00954h,base+03150h
  dw 00F11h,base+02D21h
  dw 01A1Bh,base+018F7h
  dw 00954h,base+03150h
  dw 00E11h,base+02E47h
  dw 01A1Bh,base+01911h
  dw 00954h,base+03159h
  dw 00C11h,base+02F9Ch
  dw 01A1Ch,base+0192Bh
  dw 00854h,base+03348h
  dw 00A0Fh,base+03074h
  dw 01B1Dh,base+0106Dh
  dw 00954h,base+03162h
  dw 0090Fh,base+0316Bh
  dw 01B1Dh,base+01088h
  dw 00954h,base+03174h
  dw 0080Fh,base+03350h
  dw 01B1Dh,base+010A3h
  dw 00954h,base+03159h
  dw 0080Fh,base+03358h
  dw 01B1Dh,base+010BEh
  dw 00954h,base+0317Dh
  dw 0080Fh,base+03360h
  dw 01B1Eh,base+010D9h
  dw 00854h,base+03368h
  dw 0070Eh,base+034B7h
  dw 01B1Eh,base+010F4h
  dw 00854h,base+03370h
  dw 0060Eh,base+035CFh
  dw 01B1Eh,base+0110Fh
  dw 00854h,base+03378h
  dw 0060Eh,base+035D5h
  dw 01B1Eh,base+0112Ah
  dw 00853h,base+03380h
  dw 0070Fh,base+034BEh
  dw 01B1Eh,base+01145h
  dw 00853h,base+03388h
  dw 0070Fh,base+034BEh
  dw 01B1Fh,base+01160h
  dw 00752h,base+034C5h
  dw 0060Eh,base+007B2h
  dw 01C20h,base+00D7Bh
  dw 00752h,base+034CCh
  dw 0060Eh,base+035DBh
  dw 01C20h,base+00D97h
  dw 00751h,base+034D3h
  dw 0070Fh,base+034DAh
  dw 01C20h,base+00DB3h
  dw 00700h,base+034E1h

GoatIdleAndWalkframe073:
  db 06Eh,01Bh,046h,052h
  db 048h
  db 000h,000h,0AEh,000h,000h
  db 000h,000h
  dw 0070Fh,base+034E8h
  dw 01C20h,base+00DCFh
  dw 00751h,base+034EFh
  dw 0060Fh,base+035E1h
  dw 01B21h,base+0117Bh
  dw 00650h,base+035E7h
  dw 0060Fh,base+035EDh
  dw 01B21h,base+01196h
  dw 0064Fh,base+035E7h
  dw 00710h,base+034F6h
  dw 01B21h,base+011B1h
  dw 0064Fh,base+035E7h
  dw 00710h,base+034FDh
  dw 01B21h,base+011CCh
  dw 0064Fh,base+035E7h
  dw 00610h,base+035F3h
  dw 01B21h,base+011E7h
  dw 0064Fh,base+035E7h
  dw 00611h,base+035F9h
  dw 01A20h,base+01945h
  dw 0064Fh,base+035E7h
  dw 00611h,base+035FFh
  dw 01920h,base+01FC4h
  dw 00650h,base+03605h
  dw 00510h,base+03692h
  dw 01920h,base+01FDDh
  dw 00650h,base+0360Bh
  dw 00410h,base+036A1h
  dw 01920h,base+01FF6h
  dw 00650h,base+03611h
  dw 00410h,base+036A5h
  dw 01920h,base+0200Fh
  dw 00652h,base+03617h
  dw 0020Fh,base+02959h
  dw 0181Fh,base+02029h
  dw 00660h,base+03058h
  dw 01920h,base+02041h
  dw 00660h,base+03058h
  dw 01920h,base+0205Ah
  dw 00660h,base+03058h
  dw 0191Fh,base+02073h
  dw 00761h,base+03504h
  dw 0191Fh,base+0208Ch
  dw 00761h,base+03504h
  dw 0191Fh,base+020A5h
  dw 00761h,base+02F6Eh
  dw 0191Eh,base+020BEh
  dw 00862h,base+03390h
  dw 0191Eh,base+020D7h
  dw 00862h,base+03398h
  dw 0191Dh,base+02393h
  dw 00963h,base+03186h
  dw 0191Dh,base+02474h
  dw 00963h,base+0318Fh
  dw 0191Dh,base+0248Dh
  dw 00963h,base+03198h
  dw 0191Dh,base+024A6h
  dw 00963h,base+031A1h
  dw 0191Dh,base+026B3h
  dw 00863h,base+033A0h
  dw 0191Eh,base+026CCh
  dw 00762h,base+0350Bh
  dw 0191Fh,base+027ADh
  dw 00661h,base+0008Ch
  dw 01900h,base+027C6h

GoatIdleAndWalkframe074:
  db 032h,01Bh,068h,06Dh
  db 068h
  db 000h,000h,093h,000h,000h
  db 000h,000h
  dw 01980h,base+027DFh
  dw 01980h,base+027F8h
  dw 01980h,base+02811h
  dw 01981h,base+0282Ah
  dw 01880h,base+02905h
  dw 01880h,base+0291Dh
  dw 01880h,base+02935h
  dw 01780h,base+029C0h
  dw 01780h,base+029D7h
  dw 01681h,base+02A5Ch
  dw 0080Ah,base+03478h
  dw 00B76h,base+03069h
  dw 0080Ah,base+03480h
  dw 00203h,base+00014h
  dw 00873h,base+03488h
  dw 0080Dh,base+03490h
  dw 00873h,base+03498h
  dw 0080Dh,base+034A0h
  dw 00873h,base+03390h
  dw 0080Eh,base+03390h
  dw 00773h,base+02F6Eh
  dw 0070Dh,base+02F6Eh
  dw 00673h,base+034AAh
  dw 0060Eh,base+03677h
  dw 00571h,base+0026Bh
  dw 0070Fh,base+035C1h
  dw 00571h,base+02FD8h
  dw 0070Fh,base+03504h
  dw 00571h,base+02FD8h
  dw 0070Fh,base+02F6Eh
  dw 00570h,base+02FD8h
  dw 00710h,base+03520h
  dw 00570h,base+02FD8h
  dw 00710h,base+03026h
  dw 00571h,base+03328h
  dw 0050Eh,base+00046h
  dw 00680h,base+0367Dh
  dw 0077Fh,base+02F6Eh
  dw 00880h,base+03390h
  dw 0087Fh,base+02FE8h
  dw 00900h,base+0199Ch

GoatIdleAndWalkframe075:
  db 02Ah,014h,066h,008h
  db 070h
  db 000h,000h,0F8h,000h,000h
  db 000h,000h
  dw 0027Fh,base+02959h
  dw 00580h,base+03683h
  dw 00780h,base+034B0h
  dw 00B80h,base+02FF0h
  dw 00D7Fh,base+02F5Bh
  dw 00E80h,base+02EE1h
  dw 00E80h,base+02EEFh
  dw 00E80h,base+02EFDh
  dw 00E7Fh,base+02F0Bh
  dw 00F80h,base+02DD5h
  dw 00F80h,base+02CF4h
  dw 01080h,base+02C85h
  dw 01011h,base+02C95h
  dw 0016Eh,base+00000h
  dw 01112h,base+02C52h
  dw 0026Eh,base+036C8h
  dw 01480h,base+02B2Fh
  dw 00E0Fh,base+02E2Bh
  dw 00571h,base+03688h
  dw 00D0Fh,base+02F34h
  dw 00570h,base+0368Dh
  dw 00E11h,base+02E39h
  dw 0036Fh,base+02D1Dh
  dw 00F12h,base+02D03h
  dw 0026Eh,base+00014h
  dw 00F00h,base+02D12h

GoatIdleAndWalkframe076:
  db 056h,01Bh,056h,01Ch
  db 066h
  db 000h,000h,0E4h,000h,000h
  db 000h,000h
  dw 0127Fh,base+02C2Eh
  dw 01580h,base+02A72h
  dw 01680h,base+029EEh
  dw 01780h,base+0294Dh
  dw 0187Fh,base+02875h
  dw 01A80h,base+018DDh
  dw 01B80h,base+01037h
  dw 01B80h,base+01052h
  dw 01C7Fh,base+00D5Fh
  dw 01E80h,base+00D24h
  dw 01F80h,base+00CE7h
  dw 02080h,base+00C69h
  dw 0217Fh,base+00C27h
  dw 02380h,base+00B57h
  dw 02480h,base+00AC7h
  dw 02480h,base+00AEBh
  dw 0257Fh,base+00AA2h
  dw 02680h,base+009BFh
  dw 02680h,base+009E5h
  dw 02780h,base+0094Ah
  dw 0277Fh,base+00971h
  dw 02880h,base+008D2h
  dw 02980h,base+0082Eh
  dw 02980h,base+00857h
  dw 0297Fh,base+00880h
  dw 02A7Fh,base+007B0h
  dw 02B00h,base+0072Fh

GoatIdleAndWalkframe077:
  db 06Ch,01Bh,048h,037h
  db 054h
  db 000h,000h,0C9h,000h,000h
  db 000h,000h
  dw 02C7Fh,base+00703h
  dw 02D80h,base+0064Fh
  dw 02E80h,base+004DFh
  dw 02E80h,base+0050Dh
  dw 02E7Fh,base+0053Bh
  dw 02F7Fh,base+00423h
  dw 0307Fh,base+00393h
  dw 0317Fh,base+002CFh
  dw 03380h,base+0016Dh
  dw 0337Fh,base+001A0h
  dw 03480h,base+00035h
  dw 01112h,base+00785h
  dw 0191Ah,base+01FABh
  dw 00954h,base+03150h
  dw 00F11h,base+02D21h
  dw 01A1Bh,base+018F7h
  dw 00954h,base+03150h
  dw 00E11h,base+02E47h
  dw 01A1Bh,base+01F43h
  dw 00954h,base+03159h
  dw 00C11h,base+02F9Ch
  dw 01A1Ch,base+01F5Dh
  dw 00854h,base+03348h
  dw 00A0Fh,base+03074h
  dw 01B1Dh,base+0172Dh
  dw 00954h,base+03162h
  dw 0090Fh,base+0316Bh
  dw 01B1Dh,base+01856h
  dw 00954h,base+03174h
  dw 0080Fh,base+03350h
  dw 01B1Dh,base+01871h
  dw 00954h,base+03159h
  dw 0080Fh,base+03358h
  dw 01B1Dh,base+0188Ch
  dw 00954h,base+0317Dh
  dw 0080Fh,base+03360h
  dw 01B1Eh,base+01799h
  dw 00854h,base+03368h
  dw 0070Eh,base+034B7h
  dw 01B1Eh,base+017B4h
  dw 00854h,base+03370h
  dw 0060Eh,base+035CFh
  dw 01B1Eh,base+017CFh
  dw 00854h,base+03378h
  dw 0060Eh,base+035D5h
  dw 01B1Eh,base+017EAh
  dw 00853h,base+03380h
  dw 0070Fh,base+034BEh
  dw 01B1Eh,base+016A6h
  dw 00853h,base+03388h
  dw 0070Fh,base+034BEh
  dw 01B1Fh,base+01805h
  dw 00752h,base+034C5h
  dw 0060Eh,base+007B2h
  dw 01C20h,base+00D97h
  dw 00752h,base+034CCh
  dw 0060Eh,base+035DBh
  dw 01C20h,base+00DB3h
  dw 00700h,base+034D3h

GoatIdleAndWalkframe078:
  db 06Eh,01Bh,046h,052h
  db 048h
  db 000h,000h,0AEh,000h,000h
  db 000h,000h
  dw 0070Fh,base+034DAh
  dw 01C20h,base+00DCFh
  dw 00751h,base+034E1h
  dw 0070Fh,base+034E8h
  dw 01C20h,base+0101Bh
  dw 00751h,base+034EFh
  dw 0060Fh,base+035E1h
  dw 01B21h,base+01820h
  dw 00650h,base+035E7h
  dw 0060Fh,base+035EDh
  dw 01B21h,base+018A7h
  dw 0064Fh,base+035E7h
  dw 00710h,base+034F6h
  dw 01B21h,base+018C2h
  dw 0064Fh,base+035E7h
  dw 00710h,base+034FDh
  dw 01B21h,base+0183Bh
  dw 0064Fh,base+035E7h
  dw 00610h,base+035F3h
  dw 01B21h,base+015CEh
  dw 0064Fh,base+035E7h
  dw 00611h,base+035F9h
  dw 01A20h,base+01F29h
  dw 0064Fh,base+035E7h
  dw 00611h,base+035FFh
  dw 01920h,base+0253Ch
  dw 00650h,base+03605h
  dw 00510h,base+03692h
  dw 01920h,base+02555h
  dw 00650h,base+0360Bh
  dw 00410h,base+036A1h
  dw 01920h,base+0256Eh
  dw 00650h,base+03611h
  dw 00410h,base+036A5h
  dw 01920h,base+02587h
  dw 00652h,base+03617h
  dw 0020Eh,base+02959h
  dw 01920h,base+025A0h
  dw 00660h,base+03058h
  dw 01920h,base+025B9h
  dw 00660h,base+03058h
  dw 01920h,base+025D2h
  dw 00660h,base+03058h
  dw 0191Fh,base+025EBh
  dw 00761h,base+03504h
  dw 0191Fh,base+02843h
  dw 00761h,base+03504h
  dw 0191Fh,base+0285Ch
  dw 00761h,base+02F6Eh
  dw 0191Eh,base+02636h
  dw 00861h,base+03390h
  dw 01A1Fh,base+01F77h
  dw 00861h,base+03398h
  dw 01A1Eh,base+01F91h
  dw 00962h,base+03186h
  dw 01A1Eh,base+01CEDh
  dw 00962h,base+0318Fh
  dw 01A1Eh,base+01D07h
  dw 00962h,base+03198h
  dw 01A1Eh,base+019C7h
  dw 00962h,base+031A1h
  dw 01A1Eh,base+019E1h
  dw 00862h,base+033A0h
  dw 01A1Fh,base+019FBh
  dw 00761h,base+0350Bh
  dw 01A20h,base+01A15h
  dw 00600h,base+0008Ch

GoatIdleAndWalkframe079:
  db 034h,01Bh,066h,06Dh
  db 066h
  db 000h,000h,093h,000h,000h
  db 000h,000h
  dw 01A80h,base+01A2Fh
  dw 01A80h,base+01A49h
  dw 01A80h,base+01A63h
  dw 01A80h,base+01A7Dh
  dw 01A80h,base+01A97h
  dw 00A0Bh,base+0307Eh
  dw 00F75h,base+0244Ch
  dw 00A0Ch,base+03088h
  dw 00E74h,base+02E55h
  dw 00A0Ch,base+03092h
  dw 00E75h,base+02E63h
  dw 0090Bh,base+031AAh
  dw 00E75h,base+02E71h
  dw 0090Bh,base+031B3h
  dw 00405h,base+036A9h
  dw 00970h,base+030B1h
  dw 0090Bh,base+031BCh
  dw 00405h,base+036ADh
  dw 00970h,base+030BBh
  dw 0090Bh,base+031C5h
  dw 00102h,base+00000h
  dw 00203h,base+0203Fh
  dw 00970h,base+0333Fh
  dw 0090Dh,base+031CEh
  dw 00203h,base+00014h
  dw 00871h,base+034A8h
  dw 00710h,base+03512h
  dw 00770h,base+035C8h
  dw 00710h,base+03520h
  dw 00771h,base+03041h
  dw 0060Fh,base+02FC6h
  dw 00771h,base+03520h
  dw 00610h,base+0302Ch
  dw 00670h,base+03058h
  dw 00610h,base+0302Ch
  dw 00671h,base+0302Ch
  dw 00510h,base+03443h
  dw 00570h,base+03443h
  dw 00510h,base+03443h
  dw 00570h,base+03443h
  dw 00510h,base+03443h
  dw 00570h,base+03443h
  dw 0050Fh,base+0369Ch
  dw 00670h,base+03641h
  dw 00610h,base+0361Dh
  dw 00670h,base+03659h
  dw 0060Fh,base+02FC6h
  dw 00770h,base+03520h
  dw 00710h,base+03520h
  dw 00770h,base+03041h
  dw 0070Fh,base+03041h
  dw 00870h,base+004B0h
  dw 00810h,base+0199Ch
  dw 00800h,base+0199Ch


