  dw ryuPage3frame000
  dw ryuPage3frame001
  dw ryuPage3frame002
  dw ryuPage3frame003
  dw ryuPage3frame004
  dw ryuPage3frame005
  dw ryuPage3frame006
  dw ryuPage3frame007
  dw ryuPage3frame008
  dw ryuPage3frame009
  dw ryuPage3frame010
  dw ryuPage3frame011
  dw ryuPage3frame012
  dw ryuPage3frame013
  dw ryuPage3frame014
  dw ryuPage3frame015
  dw ryuPage3frame016
  dw ryuPage3frame017
  dw ryuPage3frame018
  dw ryuPage3frame019
  dw ryuPage3frame020
  dw ryuPage3frame021
  dw ryuPage3frame022
  dw ryuPage3frame023
  dw ryuPage3frame024
  dw ryuPage3frame025
  dw ryuPage3frame026
  dw ryuPage3frame027
  dw ryuPage3frame028
  dw ryuPage3frame029
  dw ryuPage3frame030
  dw ryuPage3frame031
  dw ryuPage3frame032
  dw ryuPage3frame033
  dw ryuPage3frame034
  dw ryuPage3frame035
  dw ryuPage3frame036
  dw ryuPage3frame037
  dw ryuPage3frame038
  dw ryuPage3frame039
  dw ryuPage3frame040
  dw ryuPage3frame041
  dw ryuPage3frame042
  dw ryuPage3frame043
  dw ryuPage3frame044
  dw ryuPage3frame045
  dw ryuPage3frame046
  dw ryuPage3frame047
  dw ryuPage3frame048
  dw ryuPage3frame049
  dw ryuPage3frame050
  dw ryuPage3frame051
  dw ryuPage3frame052
  dw ryuPage3frame053
  dw ryuPage3frame054
  dw ryuPage3frame055
  dw ryuPage3frame056
  dw ryuPage3frame057
  dw ryuPage3frame058
  dw ryuPage3frame059
  dw ryuPage3frame060
  dw ryuPage3frame061
  dw ryuPage3frame062

ryuPage3frame000:
  db 026h,019h,06Ah,02Fh
  db 07Ch
  db 000h,000h,0D1h,000h,000h
  db 000h,000h
  dw 00179h,base+00023h
  dw 00106h,base+00023h
  dw 00179h,base+00023h
  dw 00107h,base+00023h
  dw 00179h,base+00023h
  dw 00106h,base+00023h
  dw 00179h,base+00057h
  dw 00206h,base+00023h
  dw 0027Ah,base+00022h
  dw 00106h,base+00023h
  dw 0027Ah,base+00022h
  dw 00105h,base+00023h
  dw 0027Bh,base+00000h
  dw 00105h,base+00057h
  dw 0027Bh,base+00056h
  dw 00105h,base+00057h
  dw 0017Bh,base+00000h
  dw 00105h,base+00057h
  dw 0017Bh,base+00000h
  dw 00105h,base+00057h
  dw 0017Bh,base+00000h
  dw 00105h,base+00057h
  dw 0017Bh,base+00000h
  dw 00105h,base+00057h
  dw 0017Bh,base+00000h
  dw 00105h,base+00057h
  dw 0027Bh,base+00022h
  dw 00105h,base+00057h
  dw 0027Bh,base+00056h
  dw 00105h,base+00000h
  dw 0027Bh,base+00056h
  dw 00105h,base+00000h
  dw 0027Bh,base+00056h
  dw 00205h,base+00022h
  dw 0037Bh,base+00021h
  dw 00205h,base+00056h
  dw 00306h,base+00021h
  dw 00275h,base+00023h
  dw 00204h,base+00056h
  dw 00405h,base+003B5h
  dw 00777h,base+01CF2h
  dw 00304h,base+0031Eh
  dw 00C7Dh,base+01606h
  dw 01080h,base+011A2h
  dw 01181h,base+0105Fh
  dw 01180h,base+01070h
  dw 01100h,base+01081h

ryuPage3frame001:
  db 044h,020h,066h,048h
  db 06Eh
  db 000h,000h,0B8h,000h,000h
  db 000h,000h
  dw 0127Fh,base+00E31h
  dw 01380h,base+00C0Ah
  dw 0147Fh,base+00A8Eh
  dw 01580h,base+007EEh
  dw 0167Fh,base+00712h
  dw 01780h,base+005FEh
  dw 01880h,base+00496h
  dw 01880h,base+004AEh
  dw 01880h,base+004C6h
  dw 01980h,base+00383h
  dw 01980h,base+0039Ch
  dw 01980h,base+003B5h
  dw 01980h,base+003CEh
  dw 01A80h,base+00265h
  dw 01314h,base+00C1Dh
  dw 0066Ch,base+00021h
  dw 01315h,base+00C30h
  dw 0056Ch,base+00055h
  dw 01216h,base+00E43h
  dw 0036Ah,base+02055h
  dw 01217h,base+00E55h
  dw 0026Ah,base+00060h
  dw 01116h,base+01092h
  dw 0036Ah,base+000B5h
  dw 01015h,base+011B2h
  dw 0046Ah,base+0005Eh
  dw 01116h,base+010A3h
  dw 0046Ah,base+0009Dh
  dw 00406h,base+00139h
  dw 00B10h,base+0174Ah
  dw 0046Ah,base+0009Dh
  dw 00408h,base+00225h
  dw 0090Eh,base+019F6h
  dw 0046Ah,base+0009Dh
  dw 0040Ah,base+0073Dh
  dw 0080Ch,base+01BCAh
  dw 0046Ah,base+0009Dh
  dw 0040Ah,base+001F8h
  dw 0080Dh,base+01BD2h
  dw 00369h,base+0009Eh
  dw 0030Bh,base+00167h
  dw 0080Ch,base+01899h
  dw 00368h,base+0006Fh
  dw 0040Ch,base+0009Ah
  dw 0090Ch,base+019FFh
  dw 00208h,base+00023h
  dw 00160h,base+00023h
  dw 0040Ch,base+00173h
  dw 0090Dh,base+01A08h
  dw 00207h,base+00023h
  dw 0015Fh,base+00023h
  dw 0040Eh,base+000C4h
  dw 0090Ch,base+01A11h
  dw 00206h,base+00023h
  dw 00260h,base+00139h
  dw 0040Eh,base+00078h
  dw 0090Ch,base+01699h
  dw 00306h,base+00023h
  dw 00160h,base+00023h
  dw 0040Ch,base+0022Fh
  dw 00C0Eh,base+01612h
  dw 00405h,base+00023h
  dw 00261h,base+00139h
  dw 0030Ch,base+00060h
  dw 00C0Eh,base+0161Eh
  dw 00600h,base+01E57h

ryuPage3frame002:
  db 04Ah,01Fh,05Ah,068h
  db 066h
  db 000h,000h,098h,000h,000h
  db 000h,000h
  dw 0030Ah,base+0008Dh
  dw 00E10h,base+0148Bh
  dw 00563h,base+0038Dh
  dw 00102h,base+00023h
  dw 0040Ah,base+00023h
  dw 01011h,base+011C2h
  dw 00463h,base+00172h
  dw 00102h,base+00023h
  dw 0030Ah,base+00023h
  dw 01011h,base+011D2h
  dw 00462h,base+000C4h
  dw 0060Ch,base+00023h
  dw 01112h,base+010B4h
  dw 00362h,base+00023h
  dw 0050Bh,base+001CAh
  dw 01213h,base+00E67h
  dw 00361h,base+00023h
  dw 0060Bh,base+0073Dh
  dw 01674h,base+00728h
  dw 0060Ch,base+0062Bh
  dw 00B0Ch,base+01755h
  dw 00968h,base+01A1Ah
  dw 00405h,base+00274h
  dw 00106h,base+00023h
  dw 00A10h,base+01852h
  dw 00665h,base+01E5Dh
  dw 00102h,base+00023h
  dw 00103h,base+000AEh
  dw 00106h,base+00023h
  dw 0090Fh,base+01755h
  dw 00766h,base+01CF9h
  dw 00102h,base+00023h
  dw 00103h,base+000AEh
  dw 00105h,base+00023h
  dw 00A0Fh,base+0185Ch
  dw 00868h,base+0017Eh
  dw 00104h,base+00000h
  dw 00105h,base+00023h
  dw 0090Dh,base+01A23h
  dw 00A6Ch,base+0017Dh
  dw 00306h,base+00022h
  dw 0090Dh,base+01A2Ch
  dw 00B6Eh,base+01760h
  dw 00105h,base+00057h
  dw 0080Bh,base+00AEEh
  dw 00E75h,base+01499h
  dw 0050Ah,base+002E3h
  dw 00F76h,base+01332h
  dw 00409h,base+0022Fh
  dw 01177h,base+010C5h
  dw 00407h,base+00173h
  dw 01379h,base+00C43h
  dw 01A80h,base+0027Fh
  dw 01A81h,base+00299h
  dw 01314h,base+00C56h
  dw 0056Ch,base+00477h
  dw 01214h,base+00E79h
  dw 0056Ch,base+00842h
  dw 01215h,base+00E8Bh
  dw 0046Ch,base+0010Fh
  dw 00F14h,base+01341h
  dw 0046Ch,base+00021h
  dw 00E14h,base+014A7h
  dw 0046Ch,base+00021h
  dw 00D15h,base+0155Dh
  dw 0046Bh,base+00056h
  dw 00C15h,base+0162Ah
  dw 0046Ch,base+00020h
  dw 00A15h,base+01866h
  dw 0036Bh,base+00055h
  dw 00815h,base+01BDAh
  dw 00369h,base+00022h
  dw 00617h,base+00727h
  dw 00368h,base+02058h
  dw 00718h,base+01106h
  dw 00367h,base+01EABh
  dw 00718h,base+00E66h
  dw 00467h,base+00021h
  dw 00719h,base+00000h
  dw 00400h,base+00020h

ryuPage3frame003:
  db 028h,013h,06Ah,035h
  db 07Ch
  db 000h,000h,0CBh,000h,000h
  db 000h,000h
  dw 00179h,base+00023h
  dw 00106h,base+00023h
  dw 00179h,base+00023h
  dw 00107h,base+00023h
  dw 00179h,base+00023h
  dw 00106h,base+00023h
  dw 00179h,base+00057h
  dw 00206h,base+00023h
  dw 0027Ah,base+00022h
  dw 00106h,base+00023h
  dw 0027Ah,base+00022h
  dw 00105h,base+00023h
  dw 0027Bh,base+00000h
  dw 00105h,base+00057h
  dw 0027Bh,base+00056h
  dw 00105h,base+00057h
  dw 0010Eh,base+00000h
  dw 0016Dh,base+0005Fh
  dw 00105h,base+00057h
  dw 0010Eh,base+00000h
  dw 0016Dh,base+0005Fh
  dw 00105h,base+00057h
  dw 0010Dh,base+00000h
  dw 0016Eh,base+00081h
  dw 00105h,base+00057h
  dw 0010Dh,base+00000h
  dw 0016Eh,base+00081h
  dw 00105h,base+00057h
  dw 0010Dh,base+00000h
  dw 0016Eh,base+00081h
  dw 00105h,base+00057h
  dw 0020Dh,base+00022h
  dw 0016Eh,base+00081h
  dw 00105h,base+00057h
  dw 0020Bh,base+00056h
  dw 00103h,base+00081h
  dw 0016Dh,base+00081h
  dw 00105h,base+00000h
  dw 0020Bh,base+00056h
  dw 00103h,base+00081h
  dw 0016Dh,base+00081h
  dw 00105h,base+00000h
  dw 00205h,base+00056h
  dw 00506h,base+00023h
  dw 00103h,base+00081h
  dw 0016Dh,base+00081h
  dw 00205h,base+00022h
  dw 00C0Dh,base+01636h
  dw 0016Eh,base+00081h
  dw 00205h,base+00056h
  dw 00E00h,base+014B5h

ryuPage3frame004:
  db 03Eh,020h,060h,048h
  db 06Ah
  db 000h,000h,0B8h,000h,000h
  db 000h,000h
  dw 00204h,base+00056h
  dw 00F7Ch,base+01350h
  dw 01381h,base+00C69h
  dw 0127Fh,base+00E9Dh
  dw 0147Eh,base+00AA2h
  dw 01780h,base+00615h
  dw 01880h,base+004DEh
  dw 01880h,base+004F6h
  dw 0197Fh,base+003E7h
  dw 01A80h,base+002B3h
  dw 01B80h,base+001A8h
  dw 01B80h,base+001C3h
  dw 01B80h,base+001DEh
  dw 01B81h,base+001F9h
  dw 01B80h,base+00214h
  dw 01415h,base+00AB6h
  dw 0066Ch,base+00056h
  dw 01314h,base+00C7Ch
  dw 0076Ch,base+00021h
  dw 01315h,base+00C8Fh
  dw 0066Bh,base+01E63h
  dw 01317h,base+00CA2h
  dw 00469h,base+0009Ah
  dw 00304h,base+00387h
  dw 00F13h,base+0135Fh
  dw 00369h,base+00173h
  dw 00304h,base+00223h
  dw 00E13h,base+014C3h
  dw 00369h,base+00173h
  dw 00205h,base+00023h
  dw 00D12h,base+0156Ah
  dw 00368h,base+0008Dh
  dw 00305h,base+00023h
  dw 00103h,base+00029h
  dw 00B0Fh,base+0176Bh
  dw 00469h,base+0009Ah
  dw 00305h,base+00023h
  dw 00204h,base+00029h
  dw 00A0Eh,base+01870h
  dw 00368h,base+000B8h
  dw 00405h,base+000C4h
  dw 00406h,base+00029h
  dw 00A0Dh,base+0187Ah
  dw 00368h,base+00023h
  dw 00405h,base+00078h
  dw 00508h,base+00029h
  dw 0080Bh,base+01BE2h
  dw 00267h,base+00023h
  dw 00406h,base+0009Dh
  dw 00708h,base+00512h
  dw 0090Bh,base+01A35h
  dw 00267h,base+00023h
  dw 00406h,base+00172h
  dw 01213h,base+00EAFh
  dw 00267h,base+00023h
  dw 00406h,base+00023h
  dw 0157Ah,base+00803h
  dw 00306h,base+00023h
  dw 01517h,base+00818h
  dw 00163h,base+00023h
  dw 00306h,base+00022h
  dw 01879h,base+0050Eh
  dw 00307h,base+00067h
  dw 01879h,base+00526h
  dw 00207h,base+00023h
  dw 01800h,base+0053Eh

ryuPage3frame005:
  db 044h,01Fh,05Eh,068h
  db 060h
  db 000h,000h,098h,000h,000h
  db 000h,000h
  dw 00307h,base+00023h
  dw 01578h,base+0082Dh
  dw 00409h,base+001F8h
  dw 01477h,base+00ACAh
  dw 0040Ah,base+00138h
  dw 01376h,base+00CB5h
  dw 0040Bh,base+00138h
  dw 01275h,base+00EC1h
  dw 0050Bh,base+0107Eh
  dw 01275h,base+00ED3h
  dw 0050Ah,base+005B4h
  dw 01476h,base+00ADEh
  dw 00204h,base+001BCh
  dw 00106h,base+00023h
  dw 00B0Ch,base+01755h
  dw 0086Ah,base+0059Eh
  dw 00204h,base+00000h
  dw 00105h,base+00000h
  dw 00A10h,base+01852h
  dw 00568h,base+00023h
  dw 00103h,base+00000h
  dw 00105h,base+00000h
  dw 00910h,base+01755h
  dw 0066Bh,base+0035Ch
  dw 00104h,base+00000h
  dw 00A12h,base+0185Ch
  dw 00569h,base+000FAh
  dw 00105h,base+00000h
  dw 00912h,base+01A23h
  dw 0056Dh,base+01F65h
  dw 00913h,base+01A2Ch
  dw 0056Dh,base+01F6Ah
  dw 00814h,base+00AEEh
  dw 0056Ch,base+00491h
  dw 00514h,base+002E3h
  dw 0056Ch,base+01F6Fh
  dw 00414h,base+0022Fh
  dw 0066Ch,base+00477h
  dw 00414h,base+00173h
  dw 0066Ch,base+01E69h
  dw 00514h,base+000C5h
  dw 0066Ch,base+01E6Fh
  dw 00514h,base+00167h
  dw 0066Dh,base+002ADh
  dw 00414h,base+00023h
  dw 0056Ch,base+00477h
  dw 00414h,base+00023h
  dw 0056Ch,base+00842h
  dw 00515h,base+00272h
  dw 0046Ch,base+0010Fh
  dw 00414h,base+00056h
  dw 0046Ch,base+00021h
  dw 00414h,base+003B6h
  dw 0046Ch,base+00021h
  dw 00415h,base+000CDh
  dw 0046Bh,base+00056h
  dw 00415h,base+00213h
  dw 0046Ch,base+00020h
  dw 00415h,base+003B6h
  dw 0036Bh,base+00055h
  dw 00415h,base+00223h
  dw 00369h,base+00022h
  dw 00617h,base+00727h
  dw 00368h,base+02058h
  dw 00718h,base+01106h
  dw 00367h,base+01EABh
  dw 00718h,base+00E66h
  dw 00467h,base+00021h
  dw 00719h,base+00000h
  dw 00400h,base+00020h

ryuPage3frame006:
  db 032h,020h,062h,028h
  db 08Eh
  db 000h,000h,0D8h,000h,000h
  db 000h,000h
  dw 00100h,base+00023h

ryuPage3frame007:
  db 03Eh,020h,060h,048h
  db 06Ah
  db 000h,000h,0B8h,000h,000h
  db 000h,000h
  dw 00206h,base+00056h
  dw 00F7Ah,base+0136Eh
  dw 00204h,base+00056h
  dw 0107Ch,base+011E2h
  dw 01581h,base+00842h
  dw 0157Eh,base+00857h
  dw 01880h,base+00556h
  dw 0197Fh,base+00400h
  dw 01A80h,base+002CDh
  dw 01A80h,base+002E7h
  dw 01B80h,base+0022Fh
  dw 01B80h,base+0024Ah
  dw 01517h,base+0086Ch
  dw 00568h,base+00023h
  dw 01519h,base+00881h
  dw 00466h,base+00023h
  dw 01619h,base+0073Eh
  dw 00566h,base+001BEh
  dw 0171Ah,base+0062Ch
  dw 00566h,base+00078h
  dw 0171Ah,base+00643h
  dw 00466h,base+00173h
  dw 0171Ah,base+0065Ah
  dw 00466h,base+000C5h
  dw 0171Ah,base+00671h
  dw 00366h,base+00023h
  dw 00307h,base+00173h
  dw 01013h,base+011F2h
  dw 00366h,base+00023h
  dw 00307h,base+0006Fh
  dw 01012h,base+01202h
  dw 00367h,base+00023h
  dw 00308h,base+00138h
  dw 01011h,base+01212h
  dw 00267h,base+00084h
  dw 00308h,base+00067h
  dw 01479h,base+00AF2h
  dw 00308h,base+000AEh
  dw 01378h,base+00CC8h
  dw 0030Bh,base+000AEh
  dw 01275h,base+00EE5h
  dw 0040Ch,base+00022h
  dw 00A0Bh,base+01884h
  dw 00769h,base+00062h
  dw 0040Dh,base+001F8h
  dw 0090Bh,base+01A3Eh
  dw 00668h,base+005B4h
  dw 0040Eh,base+00138h
  dw 0090Ah,base+01A47h
  dw 00304h,base+00023h
  dw 00264h,base+00000h
  dw 0040Fh,base+00138h
  dw 00971h,base+01A50h
  dw 00510h,base+0107Eh
  dw 00870h,base+01BEAh
  dw 00510h,base+005B4h
  dw 00970h,base+01A11h
  dw 00204h,base+001BCh
  dw 0010Ch,base+00023h
  dw 00970h,base+01A59h
  dw 00204h,base+00000h
  dw 0010Ah,base+00000h
  dw 00C73h,base+01612h
  dw 00103h,base+00000h
  dw 0010Ah,base+00000h
  dw 00C00h,base+0161Eh

ryuPage3frame008:
  db 03Ah,01Fh,068h,068h
  db 06Ah
  db 000h,000h,098h,000h,000h
  db 000h,000h
  dw 00108h,base+00000h
  dw 00E77h,base+0148Bh
  dw 00108h,base+00000h
  dw 01080h,base+011C2h
  dw 0107Fh,base+011D2h
  dw 0117Fh,base+010B4h
  dw 0127Fh,base+00E67h
  dw 01480h,base+00B06h
  dw 00B0Ch,base+01755h
  dw 00873h,base+0059Eh
  dw 00A10h,base+01852h
  dw 00570h,base+00023h
  dw 00910h,base+01755h
  dw 0066Fh,base+0035Ch
  dw 00A12h,base+0185Ch
  dw 0056Eh,base+000FAh
  dw 00912h,base+01A23h
  dw 0056Dh,base+01F65h
  dw 00913h,base+01A2Ch
  dw 0056Dh,base+01F6Ah
  dw 00814h,base+00AEEh
  dw 0056Ch,base+00491h
  dw 00514h,base+002E3h
  dw 0056Ch,base+01F6Fh
  dw 00414h,base+0022Fh
  dw 0066Ch,base+00477h
  dw 00414h,base+00173h
  dw 0066Ch,base+01E69h
  dw 00514h,base+000C5h
  dw 0066Ch,base+01E6Fh
  dw 00514h,base+00167h
  dw 0066Dh,base+002ADh
  dw 00414h,base+00023h
  dw 0056Ch,base+00477h
  dw 00414h,base+00023h
  dw 0056Ch,base+00842h
  dw 00515h,base+00272h
  dw 0046Ch,base+0010Fh
  dw 00414h,base+00056h
  dw 0046Ch,base+00021h
  dw 00414h,base+003B6h
  dw 0046Ch,base+00021h
  dw 00415h,base+000CDh
  dw 0046Bh,base+00056h
  dw 00415h,base+00213h
  dw 0046Ch,base+00020h
  dw 00415h,base+003B6h
  dw 0036Bh,base+00055h
  dw 00415h,base+00223h
  dw 00369h,base+00022h
  dw 00617h,base+00727h
  dw 00368h,base+02058h
  dw 00718h,base+01106h
  dw 00367h,base+01EABh
  dw 00718h,base+00E66h
  dw 00467h,base+00021h
  dw 00719h,base+00000h
  dw 00400h,base+00020h

ryuPage3frame009:
  db 034h,01Fh,064h,029h
  db 07Eh
  db 000h,000h,0D7h,000h,000h
  db 000h,000h
  dw 0037Fh,base+00085h
  dw 00580h,base+0014Ch
  dw 00584h,base+0014Ch
  dw 00184h,base+0005Fh
  dw 00100h,base+00149h

ryuPage3frame010:
  db 042h,020h,05Ch,048h
  db 066h
  db 000h,000h,0B8h,000h,000h
  db 000h,000h
  dw 00102h,base+00081h
  dw 00105h,base+00000h
  dw 00E0Fh,base+014D1h
  dw 0016Ah,base+0013Fh
  dw 00102h,base+0013Eh
  dw 00204h,base+00056h
  dw 0117Ah,base+010D6h
  dw 00102h,base+0013Eh
  dw 00203h,base+00056h
  dw 0137Bh,base+00CDBh
  dw 01880h,base+0056Eh
  dw 01980h,base+00419h
  dw 01A80h,base+00301h
  dw 01A80h,base+0031Bh
  dw 01A7Fh,base+00335h
  dw 01C7Fh,base+00154h
  dw 01D80h,base+0011Ah
  dw 01719h,base+00688h
  dw 00566h,base+00023h
  dw 0171Bh,base+0069Fh
  dw 00464h,base+00023h
  dw 0181Bh,base+00586h
  dw 00564h,base+001BEh
  dw 01A1Bh,base+0034Fh
  dw 00665h,base+000FBh
  dw 02080h,base+0005Eh
  dw 00608h,base+00479h
  dw 01878h,base+0059Eh
  dw 00408h,base+0009Ch
  dw 01112h,base+010E7h
  dw 00566h,base+00099h
  dw 00509h,base+00023h
  dw 01011h,base+01222h
  dw 00567h,base+00023h
  dw 00408h,base+00023h
  dw 01011h,base+01232h
  dw 00468h,base+00023h
  dw 00508h,base+00023h
  dw 00F10h,base+0137Dh
  dw 00569h,base+00023h
  dw 00507h,base+00023h
  dw 00E11h,base+014DFh
  dw 00468h,base+001CAh
  dw 00508h,base+00023h
  dw 00D10h,base+0156Ah
  dw 00102h,base+00023h
  dw 00267h,base+00022h
  dw 0050Ah,base+00CAAh
  dw 00A10h,base+0188Eh
  dw 00166h,base+00000h
  dw 0050Bh,base+00137h
  dw 00A75h,base+01898h
  dw 0050Ch,base+01F74h
  dw 00974h,base+01A62h
  dw 0050Dh,base+01F79h
  dw 00973h,base+01A6Bh
  dw 0050Eh,base+01F7Eh
  dw 00973h,base+00EB8h
  dw 00203h,base+00139h
  dw 0010Bh,base+00000h
  dw 00873h,base+01BF2h
  dw 00102h,base+00000h
  dw 0010Bh,base+00000h
  dw 00974h,base+01A11h
  dw 0010Ch,base+00000h
  dw 0097Eh,base+01A59h
  dw 00C80h,base+01612h
  dw 00C00h,base+0161Eh

ryuPage3frame011:
  db 03Ah,01Fh,068h,068h
  db 07Ah
  db 000h,000h,098h,000h,000h
  db 000h,000h
  dw 00E7Fh,base+0148Bh
  dw 01080h,base+011C2h
  dw 0107Fh,base+011D2h
  dw 0117Fh,base+010B4h
  dw 0127Fh,base+00E67h
  dw 01480h,base+00B06h
  dw 00B0Ch,base+01755h
  dw 00873h,base+0059Eh
  dw 00A10h,base+01852h
  dw 00570h,base+00023h
  dw 00910h,base+01755h
  dw 0066Fh,base+0035Ch
  dw 00A12h,base+0185Ch
  dw 0056Eh,base+000FAh
  dw 00912h,base+01A23h
  dw 0056Dh,base+01F65h
  dw 00913h,base+01A2Ch
  dw 0056Dh,base+01F6Ah
  dw 00814h,base+00AEEh
  dw 0056Ch,base+00491h
  dw 00514h,base+002E3h
  dw 0056Ch,base+01F6Fh
  dw 00414h,base+0022Fh
  dw 0066Ch,base+00477h
  dw 00414h,base+00173h
  dw 0066Ch,base+01E69h
  dw 00514h,base+000C5h
  dw 0066Ch,base+01E6Fh
  dw 00514h,base+00167h
  dw 0066Dh,base+002ADh
  dw 00414h,base+00023h
  dw 0056Ch,base+00477h
  dw 00414h,base+00023h
  dw 0056Ch,base+00842h
  dw 00515h,base+00272h
  dw 0046Ch,base+0010Fh
  dw 00414h,base+00056h
  dw 0046Ch,base+00021h
  dw 00414h,base+003B6h
  dw 0046Ch,base+00021h
  dw 00415h,base+000CDh
  dw 0046Bh,base+00056h
  dw 00415h,base+00213h
  dw 0046Ch,base+00020h
  dw 00415h,base+003B6h
  dw 0036Bh,base+00055h
  dw 00415h,base+00223h
  dw 00369h,base+00022h
  dw 00617h,base+00727h
  dw 00368h,base+02058h
  dw 00718h,base+01106h
  dw 00367h,base+01EABh
  dw 00718h,base+00E66h
  dw 00467h,base+00021h
  dw 00719h,base+00000h
  dw 00400h,base+00020h

ryuPage3frame012:
  db 056h,020h,05Ch,028h
  db 06Eh
  db 000h,000h,0D8h,000h,000h
  db 000h,000h
  dw 00112h,base+0005Fh
  dw 0010Ah,base+0005Fh
  dw 00664h,base+01E75h
  dw 0010Bh,base+0005Fh
  dw 00107h,base+0005Fh
  dw 0020Ah,base+0005Fh
  dw 00664h,base+01E7Bh
  dw 00113h,base+0005Fh
  dw 00108h,base+0005Fh
  dw 00779h,base+00742h
  dw 00107h,base+0005Fh
  dw 00668h,base+00422h
  dw 00307h,base+00085h
  dw 0010Ah,base+0005Fh
  dw 00107h,base+0008Ch
  dw 00667h,base+00422h
  dw 00508h,base+00DB6h
  dw 0010Ah,base+0005Fh
  dw 00107h,base+00081h
  dw 00667h,base+00697h
  dw 00103h,base+00149h
  dw 00205h,base+0014Ah
  dw 00109h,base+0005Fh
  dw 00207h,base+0014Ah
  dw 00668h,base+00742h
  dw 00104h,base+00081h
  dw 00105h,base+00081h
  dw 00106h,base+00149h
  dw 00309h,base+0014Fh
  dw 0066Ch,base+01E81h
  dw 00105h,base+00081h
  dw 00106h,base+00149h
  dw 00309h,base+00150h
  dw 0066Ch,base+00422h
  dw 00105h,base+00081h
  dw 00205h,base+00092h
  dw 0020Ah,base+00092h
  dw 0056Ch,base+01E75h
  dw 00206h,base+00000h
  dw 00104h,base+00149h
  dw 0020Ah,base+00092h
  dw 0056Ch,base+01F83h
  dw 00406h,base+00021h
  dw 00104h,base+00149h
  dw 0020Ah,base+00092h
  dw 00564h,base+00326h
  dw 00107h,base+00081h
  dw 0060Ch,base+00020h
  dw 00208h,base+0014Ah
  dw 00665h,base+00422h
  dw 00107h,base+00081h
  dw 00307h,base+00021h
  dw 00105h,base+00081h
  dw 00208h,base+00149h
  dw 00665h,base+01E7Bh
  dw 00107h,base+00081h
  dw 00307h,base+00FB9h
  dw 00106h,base+00081h
  dw 00207h,base+0008Bh
  dw 00564h,base+01E7Bh
  dw 00207h,base+00149h
  dw 00405h,base+02019h
  dw 0040Ah,base+0128Bh
  dw 00106h,base+0008Ch
  dw 00564h,base+01F88h
  dw 00107h,base+00081h
  dw 00203h,base+00022h
  dw 0070Ch,base+01D00h
  dw 00106h,base+00081h
  dw 00564h,base+01F8Dh
  dw 00106h,base+00081h
  dw 00203h,base+00056h
  dw 0090Eh,base+01A74h
  dw 00105h,base+0008Ch
  dw 0056Ah,base+01A92h
  dw 00203h,base+00056h
  dw 00407h,base+01147h
  dw 00407h,base+0091Dh
  dw 00105h,base+0008Ch
  dw 00564h,base+0121Ah
  dw 00106h,base+0005Fh
  dw 00103h,base+00000h
  dw 00305h,base+00021h
  dw 00104h,base+00081h
  dw 00205h,base+0078Ah
  dw 00105h,base+00081h
  dw 00564h,base+0121Ah
  dw 00106h,base+0005Fh
  dw 00508h,base+00137h
  dw 00103h,base+00081h
  dw 00206h,base+00318h
  dw 00105h,base+00081h
  dw 00465h,base+00CE0h
  dw 00105h,base+00081h
  dw 00508h,base+00065h
  dw 00103h,base+00081h
  dw 00106h,base+00081h
  dw 00104h,base+00081h
  dw 00566h,base+00697h
  dw 00104h,base+00081h
  dw 00608h,base+00023h
  dw 00204h,base+0014Ah
  dw 00106h,base+00081h
  dw 00104h,base+00081h
  dw 00566h,base+01A92h
  dw 00204h,base+00149h
  dw 00608h,base+01E87h
  dw 00104h,base+00081h
  dw 00106h,base+00081h
  dw 00104h,base+00081h
  dw 00567h,base+01F92h
  dw 00102h,base+00081h
  dw 00708h,base+01D07h
  dw 00205h,base+00983h
  dw 00106h,base+0013Fh
  dw 00104h,base+00081h
  dw 00566h,base+01A92h
  dw 00203h,base+0014Ah
  dw 00708h,base+00062h
  dw 00205h,base+00983h
  dw 00106h,base+0013Fh
  dw 00104h,base+00081h
  dw 00466h,base+0201Dh
  dw 00103h,base+00081h
  dw 00F12h,base+0138Ch
  dw 00205h,base+0014Ah
  dw 0045Fh,base+00129h
  dw 00107h,base+00000h
  dw 00103h,base+00081h
  dw 01012h,base+01242h
  dw 00204h,base+0014Ah
  dw 00563h,base+01E7Bh
  dw 00103h,base+00000h
  dw 00204h,base+0014Ah
  dw 01316h,base+00CEEh
  dw 00562h,base+01A92h
  dw 00204h,base+00000h
  dw 00104h,base+00081h
  dw 01318h,base+00D01h
  dw 00360h,base+00163h
  dw 00102h,base+00000h
  dw 00102h,base+00000h
  dw 00204h,base+006E5h
  dw 01319h,base+00D14h
  dw 0025Dh,base+0017Bh
  dw 00206h,base+00023h
  dw 00204h,base+007ACh
  dw 01219h,base+00EF7h
  dw 00200h,base+00028h

ryuPage3frame013:
  db 04Ah,020h,05Ch,048h
  db 05Ch
  db 000h,000h,0B8h,000h,000h
  db 000h,000h
  dw 00207h,base+00023h
  dw 0161Ch,base+00754h
  dw 0015Dh,base+00023h
  dw 00507h,base+00137h
  dw 0161Bh,base+0076Ah
  dw 0025Eh,base+00023h
  dw 01D22h,base+00137h
  dw 0035Eh,base+00023h
  dw 00405h,base+00023h
  dw 0191Dh,base+00432h
  dw 0035Eh,base+0008Dh
  dw 00405h,base+00023h
  dw 0191Dh,base+0044Bh
  dw 0035Eh,base+0008Dh
  dw 00305h,base+00023h
  dw 0207Bh,base+0007Eh
  dw 00305h,base+00023h
  dw 0207Bh,base+0009Eh
  dw 00205h,base+00023h
  dw 01F7Ch,base+000BEh
  dw 00104h,base+00023h
  dw 01F7Ch,base+000DDh
  dw 00104h,base+00023h
  dw 01E7Ch,base+000FCh
  dw 00104h,base+00023h
  dw 01516h,base+00896h
  dw 00866h,base+000FAh
  dw 00104h,base+00023h
  dw 01517h,base+008ABh
  dw 00506h,base+00023h
  dw 0015Fh,base+00023h
  dw 00104h,base+00023h
  dw 01418h,base+00B1Ah
  dw 00305h,base+00023h
  dw 0015Fh,base+00057h
  dw 00204h,base+00023h
  dw 01419h,base+00B2Eh
  dw 00263h,base+00023h
  dw 00304h,base+00023h
  dw 01419h,base+00B42h
  dw 00264h,base+00023h
  dw 01780h,base+006B6h
  dw 00708h,base+01D0Eh
  dw 00F78h,base+00E46h
  dw 00709h,base+00ADAh
  dw 00E77h,base+00E59h
  dw 00609h,base+00CA9h
  dw 00E78h,base+01095h
  dw 00508h,base+00CAAh
  dw 00D78h,base+011B5h
  dw 00509h,base+00137h
  dw 00C77h,base+010A8h
  dw 0040Ah,base+00274h
  dw 00B76h,base+0174Ah
  dw 0040Ch,base+00138h
  dw 00975h,base+019F6h
  dw 0020Dh,base+000CDh
  dw 00873h,base+01BCAh
  dw 0020Dh,base+000CDh
  dw 00873h,base+01BD2h
  dw 0010Eh,base+000AEh
  dw 00872h,base+01899h
  dw 0010Eh,base+00000h
  dw 00980h,base+019FFh
  dw 00981h,base+01A08h
  dw 00980h,base+01A11h
  dw 0097Eh,base+01699h
  dw 00C80h,base+01612h
  dw 00C00h,base+0161Eh

ryuPage3frame014:
  db 03Ah,01Fh,068h,068h
  db 07Ah
  db 000h,000h,098h,000h,000h
  db 000h,000h
  dw 00E7Fh,base+0148Bh
  dw 01080h,base+011C2h
  dw 0107Fh,base+011D2h
  dw 0117Fh,base+010B4h
  dw 0127Fh,base+00E67h
  dw 01480h,base+00B06h
  dw 00B0Ch,base+01755h
  dw 00873h,base+0059Eh
  dw 00A10h,base+01852h
  dw 00570h,base+00023h
  dw 00910h,base+01755h
  dw 0066Fh,base+0035Ch
  dw 00A12h,base+0185Ch
  dw 0056Eh,base+000FAh
  dw 00912h,base+01A23h
  dw 0056Dh,base+01F65h
  dw 00913h,base+01A2Ch
  dw 0056Dh,base+01F6Ah
  dw 00814h,base+00AEEh
  dw 0056Ch,base+00491h
  dw 00514h,base+002E3h
  dw 0056Ch,base+01F6Fh
  dw 00414h,base+0022Fh
  dw 0066Ch,base+00477h
  dw 00414h,base+00173h
  dw 0066Ch,base+01E69h
  dw 00514h,base+000C5h
  dw 0066Ch,base+01E6Fh
  dw 00514h,base+00167h
  dw 0066Dh,base+002ADh
  dw 00414h,base+00023h
  dw 0056Ch,base+00477h
  dw 00414h,base+00023h
  dw 0056Ch,base+00842h
  dw 00515h,base+00272h
  dw 0046Ch,base+0010Fh
  dw 00414h,base+00056h
  dw 0046Ch,base+00021h
  dw 00414h,base+003B6h
  dw 0046Ch,base+00021h
  dw 00415h,base+000CDh
  dw 0046Bh,base+00056h
  dw 00415h,base+00213h
  dw 0046Ch,base+00020h
  dw 00415h,base+003B6h
  dw 0036Bh,base+00055h
  dw 00415h,base+00223h
  dw 00369h,base+00022h
  dw 00617h,base+00727h
  dw 00368h,base+02058h
  dw 00718h,base+01106h
  dw 00367h,base+01EABh
  dw 00718h,base+00E66h
  dw 00467h,base+00021h
  dw 00719h,base+00000h
  dw 00400h,base+00020h

ryuPage3frame015:
  db 05Eh,020h,066h,028h
  db 092h
  db 000h,000h,0D8h,000h,000h
  db 000h,000h
  dw 0047Eh,base+000B3h
  dw 00105h,base+0005Fh
  dw 00170h,base+0005Fh
  dw 0010Bh,base+00149h
  dw 00105h,base+0005Fh
  dw 00270h,base+0005Fh
  dw 0010Bh,base+00149h
  dw 00105h,base+0005Fh
  dw 00270h,base+0005Fh
  dw 0010Bh,base+00149h
  dw 00106h,base+0005Fh
  dw 0016Fh,base+0005Fh
  dw 0020Ah,base+00092h
  dw 00107h,base+0005Fh
  dw 00170h,base+0005Fh
  dw 00109h,base+00081h
  dw 00106h,base+0005Fh
  dw 00112h,base+0005Fh
  dw 0025Fh,base+00023h
  dw 00208h,base+0014Ah
  dw 00207h,base+0005Fh
  dw 00111h,base+0005Fh
  dw 00358h,base+00023h
  dw 00209h,base+0005Fh
  dw 00107h,base+00081h
  dw 00106h,base+0008Ch
  dw 00211h,base+0005Fh
  dw 00558h,base+0015Dh
  dw 0030Ah,base+00085h
  dw 00207h,base+0014Ah
  dw 00116h,base+0008Ch
  dw 0065Bh,base+00676h
  dw 00108h,base+0005Fh
  dw 00207h,base+0014Ah
  dw 00116h,base+0008Ch
  dw 00764h,base+0050Bh
  dw 00106h,base+00081h
  dw 00115h,base+00081h
  dw 00865h,base+01666h
  dw 00106h,base+00081h
  dw 00214h,base+0014Ah
  dw 00966h,base+01A7Dh
  dw 00106h,base+00081h
  dw 00206h,base+0014Ah
  dw 0010Eh,base+0005Fh
  dw 00965h,base+01A86h
  dw 00108h,base+00081h
  dw 00104h,base+00081h
  dw 0010Eh,base+0005Fh
  dw 00A66h,base+018A2h
  dw 00109h,base+00081h
  dw 00105h,base+00081h
  dw 0010Bh,base+0008Ch
  dw 00B5Eh,base+00630h
  dw 00209h,base+0005Fh
  dw 00104h,base+00081h
  dw 00205h,base+00023h
  dw 00105h,base+00081h
  dw 0010Bh,base+00081h
  dw 00A5Fh,base+00817h
  dw 00207h,base+00081h
  dw 00204h,base+0014Ah
  dw 00406h,base+010E6h
  dw 00105h,base+00081h
  dw 0010Ah,base+00081h
  dw 00960h,base+01A8Fh
  dw 00207h,base+0014Ah
  dw 00103h,base+00081h
  dw 00607h,base+01E8Dh
  dw 00105h,base+00081h
  dw 0010Ah,base+00081h
  dw 00961h,base+01A98h
  dw 00206h,base+0014Ah
  dw 00103h,base+00081h
  dw 00607h,base+01E93h
  dw 00106h,base+00081h
  dw 00108h,base+00081h
  dw 00963h,base+01AA1h
  dw 00105h,base+00081h
  dw 00103h,base+00081h
  dw 0070Dh,base+01D15h
  dw 00107h,base+00081h
  dw 00963h,base+01AAAh
  dw 00206h,base+008BFh
  dw 00103h,base+00081h
  dw 0080Dh,base+01BFAh
  dw 00107h,base+00081h
  dw 00962h,base+00817h
  dw 00103h,base+00000h
  dw 00104h,base+00081h
  dw 00103h,base+00081h
  dw 0090Dh,base+01AB3h
  dw 00107h,base+00081h
  dw 00862h,base+01C02h
  dw 00103h,base+00000h
  dw 00103h,base+00081h
  dw 00204h,base+0014Ah
  dw 00607h,base+01E99h
  dw 00306h,base+00FE1h
  dw 00106h,base+00081h
  dw 00866h,base+01C0Ah
  dw 00103h,base+00081h
  dw 00204h,base+0014Ah
  dw 00507h,base+001BEh
  dw 00406h,base+02021h
  dw 00106h,base+00081h
  dw 00862h,base+01C12h
  dw 00104h,base+000AEh
  dw 00103h,base+00081h
  dw 0090Bh,base+01ABCh
  dw 00103h,base+00081h
  dw 00109h,base+00000h
  dw 00760h,base+018E9h
  dw 00102h,base+00000h
  dw 00103h,base+00023h
  dw 00204h,base+00000h
  dw 00203h,base+0013Eh
  dw 00508h,base+0009Ch
  dw 00103h,base+00081h
  dw 00102h,base+000AEh
  dw 00107h,base+00081h
  dw 00760h,base+00510h
  dw 00102h,base+00000h
  dw 00102h,base+00023h
  dw 00305h,base+000ECh
  dw 00C10h,base+01642h
  dw 00106h,base+00081h
  dw 00761h,base+00834h
  dw 00304h,base+00022h
  dw 00102h,base+000AEh
  dw 00103h,base+00081h
  dw 00C0Fh,base+0164Eh
  dw 00207h,base+008BFh
  dw 00661h,base+01E7Bh
  dw 00506h,base+00022h
  dw 00103h,base+0013Eh
  dw 00D0Fh,base+01577h
  dw 00108h,base+000AEh
  dw 00561h,base+00545h
  dw 00405h,base+00023h
  dw 0131Ah,base+00D27h
  dw 00461h,base+0012Ah
  dw 00405h,base+00023h
  dw 0131Ah,base+00D3Ah
  dw 00400h,base+0012Ah

ryuPage3frame016:
  db 044h,020h,068h,048h
  db 068h
  db 000h,000h,0B8h,000h,000h
  db 000h,000h
  dw 00305h,base+00023h
  dw 0121Bh,base+00F09h
  dw 00260h,base+00029h
  dw 00305h,base+00023h
  dw 0121Bh,base+00F1Bh
  dw 00260h,base+00029h
  dw 00205h,base+00023h
  dw 0121Bh,base+00F2Dh
  dw 00160h,base+0017Bh
  dw 00204h,base+00023h
  dw 0141Ah,base+00B56h
  dw 00363h,base+00023h
  dw 00103h,base+00023h
  dw 0141Ah,base+00B6Ah
  dw 00363h,base+00138h
  dw 00103h,base+00023h
  dw 01519h,base+008C0h
  dw 00364h,base+00023h
  dw 00103h,base+00023h
  dw 01519h,base+008D5h
  dw 00364h,base+00023h
  dw 00103h,base+00023h
  dw 01619h,base+00780h
  dw 00364h,base+00023h
  dw 00102h,base+00023h
  dw 0171Ah,base+006CDh
  dw 00364h,base+00023h
  dw 0191Ch,base+00464h
  dw 00264h,base+00023h
  dw 0191Bh,base+0047Dh
  dw 00365h,base+00023h
  dw 01415h,base+00B7Eh
  dw 0086Bh,base+01C1Ah
  dw 00608h,base+00CAAh
  dw 00C0Eh,base+0165Ah
  dw 0076Ah,base+00063h
  dw 00508h,base+00137h
  dw 00B0Eh,base+01776h
  dw 0076Ah,base+01D1Ch
  dw 00509h,base+00137h
  dw 00A0Eh,base+018ACh
  dw 00569h,base+00CAAh
  dw 00409h,base+00274h
  dw 00A0Eh,base+018B6h
  dw 00569h,base+00023h
  dw 00409h,base+00138h
  dw 0090Eh,base+01AC5h
  dw 0046Ah,base+00023h
  dw 00208h,base+00139h
  dw 0090Fh,base+01ACEh
  dw 00269h,base+00023h
  dw 00208h,base+000CDh
  dw 0090Fh,base+01AD7h
  dw 00272h,base+00023h
  dw 00880h,base+01C22h
  dw 00880h,base+01A3Bh
  dw 00881h,base+01C2Ah
  dw 00781h,base+0039Eh
  dw 00680h,base+00225h
  dw 00780h,base+01A5Eh
  dw 0077Eh,base+014F7h
  dw 00A80h,base+018C0h
  dw 00A7Eh,base+0161Eh
  dw 00D7Fh,base+01584h
  dw 00E80h,base+014EDh
  dw 00F7Fh,base+01253h
  dw 01000h,base+01252h

ryuPage3frame017:
  db 038h,01Fh,06Ah,068h
  db 076h
  db 000h,000h,098h,000h,000h
  db 000h,000h
  dw 0107Fh,base+01262h
  dw 01280h,base+00F3Fh
  dw 00A0Bh,base+018CAh
  dw 00775h,base+01D23h
  dw 0080Ch,base+0001Ch
  dw 00674h,base+00E73h
  dw 0070Dh,base+00051h
  dw 00572h,base+002D1h
  dw 0080Eh,base+0185Eh
  dw 00672h,base+00B14h
  dw 0070Eh,base+010F8h
  dw 00670h,base+0006Ah
  dw 00911h,base+010B2h
  dw 0056Fh,base+00023h
  dw 00811h,base+01C32h
  dw 0066Fh,base+0035Ch
  dw 00812h,base+00262h
  dw 0056Eh,base+000FAh
  dw 00712h,base+01D2Ah
  dw 0056Eh,base+01F65h
  dw 00712h,base+01D31h
  dw 0056Eh,base+01F6Ah
  dw 00613h,base+01E9Fh
  dw 0056Dh,base+00491h
  dw 00513h,base+00060h
  dw 0056Dh,base+01F6Fh
  dw 00413h,base+0008Dh
  dw 0066Dh,base+00477h
  dw 00413h,base+00061h
  dw 0066Dh,base+01E69h
  dw 00413h,base+00023h
  dw 0066Dh,base+01E6Fh
  dw 00513h,base+00023h
  dw 0066Dh,base+002ADh
  dw 00514h,base+001CAh
  dw 0056Dh,base+00477h
  dw 00413h,base+00214h
  dw 0056Dh,base+00842h
  dw 00414h,base+00214h
  dw 0046Ch,base+0010Fh
  dw 00414h,base+003B6h
  dw 0046Ch,base+00021h
  dw 00414h,base+000CDh
  dw 0046Dh,base+00021h
  dw 00414h,base+003B6h
  dw 0046Ch,base+00056h
  dw 00414h,base+00223h
  dw 0046Ch,base+00020h
  dw 00415h,base+000CDh
  dw 0036Bh,base+00055h
  dw 00415h,base+00213h
  dw 0036Ah,base+00022h
  dw 00516h,base+003B8h
  dw 00368h,base+02058h
  dw 00718h,base+00726h
  dw 00367h,base+01EABh
  dw 00818h,base+01A0Ch
  dw 00468h,base+00021h
  dw 00618h,base+00000h
  dw 00400h,base+00020h

ryuPage3frame018:
  db 066h,01Fh,066h,029h
  db 088h
  db 000h,000h,0D7h,000h,000h
  db 000h,000h
  dw 00374h,base+00085h
  dw 0010Bh,base+0005Fh
  dw 00474h,base+000B3h
  dw 0030Ch,base+00085h
  dw 00103h,base+0005Fh
  dw 0016Dh,base+0005Fh
  dw 00104h,base+00023h
  dw 0030Ch,base+00085h
  dw 00103h,base+0005Fh
  dw 0016Dh,base+0005Fh
  dw 00204h,base+00023h
  dw 00106h,base+0005Fh
  dw 0010Ah,base+0005Fh
  dw 00103h,base+0005Fh
  dw 00172h,base+0005Fh
  dw 0030Bh,base+00085h
  dw 0036Fh,base+00085h
  dw 00105h,base+0005Fh
  dw 0050Ch,base+0014Ch
  dw 0036Fh,base+00085h
  dw 00105h,base+0005Fh
  dw 00103h,base+0005Fh
  dw 0030Ah,base+00085h
  dw 00173h,base+0005Fh
  dw 00104h,base+0005Fh
  dw 00278h,base+0005Fh
  dw 00108h,base+0005Fh
  dw 00281h,base+0008Ch
  dw 00108h,base+0005Fh
  dw 00177h,base+0005Fh
  dw 00209h,base+0008Bh
  dw 00277h,base+0008Ch
  dw 00108h,base+00081h
  dw 00378h,base+00776h
  dw 0010Ah,base+00081h
  dw 00275h,base+00081h
  dw 00205h,base+0014Ah
  dw 00106h,base+00023h
  dw 00275h,base+0008Bh
  dw 00205h,base+0014Ah
  dw 00207h,base+0005Eh
  dw 0016Dh,base+0008Ch
  dw 00106h,base+0005Fh
  dw 00205h,base+006E4h
  dw 00376h,base+0009Ch
  dw 00105h,base+00149h
  dw 00205h,base+00583h
  dw 00322h,base+0139Bh
  dw 00154h,base+00023h
  dw 00105h,base+00149h
  dw 00205h,base+007ACh
  dw 0031Fh,base+000B8h
  dw 00557h,base+0186Ah
  dw 00105h,base+0005Fh
  dw 00205h,base+0013Eh
  dw 0040Eh,base+02025h
  dw 0010Fh,base+0005Fh
  dw 00759h,base+01D38h
  dw 00105h,base+0005Fh
  dw 00205h,base+00419h
  dw 00408h,base+002B1h
  dw 00114h,base+00081h
  dw 0085Ah,base+01C3Ah
  dw 00105h,base+0005Fh
  dw 00204h,base+00419h
  dw 00508h,base+002B0h
  dw 00206h,base+0014Ah
  dw 0010Eh,base+0005Fh
  dw 0095Bh,base+01AE0h
  dw 00105h,base+0005Fh
  dw 00304h,base+00CFBh
  dw 00508h,base+01244h
  dw 00205h,base+006E5h
  dw 0020Eh,base+00092h
  dw 00A5Ch,base+018D4h
  dw 00105h,base+0005Fh
  dw 0090Bh,base+01AE9h
  dw 00206h,base+00583h
  dw 0010Dh,base+00149h
  dw 00B5Dh,base+01781h
  dw 00105h,base+0005Fh
  dw 00A0Bh,base+018DEh
  dw 00206h,base+00419h
  dw 0010Ch,base+00149h
  dw 00C5Eh,base+01666h
  dw 00105h,base+0008Ch
  dw 00D11h,base+01591h
  dw 0010Ch,base+00149h
  dw 00C5Eh,base+01672h
  dw 00105h,base+0008Ch
  dw 00D11h,base+0159Eh
  dw 0010Bh,base+00149h
  dw 00D5Fh,base+015ABh
  dw 00105h,base+00081h
  dw 00D11h,base+015B8h
  dw 0010Bh,base+00149h
  dw 00C5Fh,base+01216h
  dw 00104h,base+00081h
  dw 00D12h,base+015C5h
  dw 0010Ah,base+00149h
  dw 00C60h,base+0167Eh
  dw 00203h,base+0014Ah
  dw 00F13h,base+0139Bh
  dw 00109h,base+00081h
  dw 00C61h,base+0167Eh
  dw 01316h,base+00D4Dh
  dw 00109h,base+00081h
  dw 00B00h,base+0178Ch

ryuPage3frame019:
  db 06Ah,020h,058h,048h
  db 072h
  db 000h,000h,0B8h,000h,000h
  db 000h,000h
  dw 01315h,base+00D60h
  dw 00108h,base+00081h
  dw 00B64h,base+01797h
  dw 01214h,base+00F51h
  dw 00108h,base+00081h
  dw 00A64h,base+018E8h
  dw 01214h,base+00F63h
  dw 00108h,base+00081h
  dw 0095Eh,base+00632h
  dw 00106h,base+0005Fh
  dw 01213h,base+00F75h
  dw 00109h,base+00081h
  dw 00864h,base+00743h
  dw 0141Ch,base+00B92h
  dw 0065Fh,base+0179Ah
  dw 00105h,base+0005Fh
  dw 0141Ch,base+00BA6h
  dw 0055Fh,base+00129h
  dw 00104h,base+0005Fh
  dw 0151Eh,base+008EAh
  dw 0035Eh,base+00163h
  dw 00104h,base+00149h
  dw 0151Eh,base+008FFh
  dw 0035Eh,base+00029h
  dw 00104h,base+00149h
  dw 0151Eh,base+00914h
  dw 0025Eh,base+00029h
  dw 00104h,base+00081h
  dw 0151Eh,base+00929h
  dw 0025Eh,base+00029h
  dw 00104h,base+00081h
  dw 0151Eh,base+0093Eh
  dw 00162h,base+00029h
  dw 01011h,base+01272h
  dw 00508h,base+01F97h
  dw 00103h,base+00081h
  dw 00361h,base+00179h
  dw 00103h,base+00081h
  dw 01011h,base+01282h
  dw 00508h,base+01F9Ch
  dw 00102h,base+00081h
  dw 00362h,base+000C5h
  dw 00103h,base+00081h
  dw 00F12h,base+013AAh
  dw 00409h,base+02029h
  dw 00365h,base+00060h
  dw 00F12h,base+013B9h
  dw 00409h,base+0202Dh
  dw 0035Ah,base+0008Dh
  dw 0020Bh,base+00000h
  dw 00405h,base+011D0h
  dw 00A0Dh,base+018F2h
  dw 00409h,base+00090h
  dw 00358h,base+0008Dh
  dw 00102h,base+00000h
  dw 00108h,base+00000h
  dw 00103h,base+00081h
  dw 00306h,base+003B4h
  dw 0090Dh,base+01AF2h
  dw 00406h,base+02031h
  dw 00102h,base+00081h
  dw 0035Ah,base+00023h
  dw 00103h,base+000AEh
  dw 00105h,base+00000h
  dw 00102h,base+00081h
  dw 00407h,base+00274h
  dw 0090Dh,base+01AFBh
  dw 00A62h,base+018FCh
  dw 00108h,base+00023h
  dw 00509h,base+00094h
  dw 0090Dh,base+01B04h
  dw 00962h,base+01B0Dh
  dw 00108h,base+00023h
  dw 0050Ah,base+001F6h
  dw 0070Dh,base+01D3Fh
  dw 0075Fh,base+01D46h
  dw 00102h,base+00023h
  dw 00103h,base+00023h
  dw 00104h,base+00023h
  dw 0060Bh,base+01EA5h
  dw 0070Dh,base+01D4Dh
  dw 0075Fh,base+01BFAh
  dw 00102h,base+00023h
  dw 00203h,base+00023h
  dw 00104h,base+00023h
  dw 0060Bh,base+00383h
  dw 0070Dh,base+011D2h
  dw 0065Fh,base+00ADAh
  dw 00103h,base+00023h
  dw 00306h,base+00158h
  dw 0050Ch,base+00274h
  dw 0060Ch,base+01EABh
  dw 0055Fh,base+00023h
  dw 00608h,base+00CA9h
  dw 0040Dh,base+00138h
  dw 0066Ch,base+01EB1h
  dw 00A14h,base+01906h
  dw 0076Ch,base+0001Eh
  dw 00914h,base+00CA6h
  dw 0076Dh,base+01619h
  dw 00511h,base+00023h
  dw 00A70h,base+01910h
  dw 00210h,base+00023h
  dw 00A7Fh,base+0191Ah
  dw 00C80h,base+0168Ah
  dw 00C7Fh,base+01696h
  dw 00E7Fh,base+014FBh
  dw 00F00h,base+013C8h

ryuPage3frame020:
  db 03Ah,01Fh,06Ah,068h
  db 078h
  db 000h,000h,098h,000h,000h
  db 000h,000h
  dw 00F7Fh,base+013D7h
  dw 01180h,base+010F8h
  dw 0117Fh,base+01109h
  dw 00A0Bh,base+018CAh
  dw 00775h,base+01D54h
  dw 0080Dh,base+0001Ch
  dw 00672h,base+01EB7h
  dw 0080Eh,base+018CAh
  dw 00672h,base+01EB7h
  dw 0080Eh,base+0185Eh
  dw 00671h,base+01EBDh
  dw 00810h,base+010B3h
  dw 00670h,base+008AEh
  dw 00710h,base+01C33h
  dw 0066Fh,base+00023h
  dw 00812h,base+01C42h
  dw 0056Eh,base+00122h
  dw 00713h,base+00EF5h
  dw 0046Dh,base+0006Dh
  dw 00713h,base+01D5Bh
  dw 0056Dh,base+002C7h
  dw 00613h,base+01E9Fh
  dw 0056Dh,base+01FA1h
  dw 00513h,base+000E1h
  dw 0056Dh,base+00477h
  dw 00413h,base+000B5h
  dw 0066Dh,base+01EC3h
  dw 00413h,base+00060h
  dw 0066Dh,base+017ABh
  dw 00414h,base+0008Dh
  dw 0056Ch,base+00477h
  dw 00514h,base+00061h
  dw 0056Ch,base+00842h
  dw 00514h,base+00023h
  dw 0056Dh,base+01E6Fh
  dw 00414h,base+000AEh
  dw 0046Ch,base+0010Fh
  dw 00414h,base+00214h
  dw 0046Ch,base+00021h
  dw 00415h,base+003B6h
  dw 0036Bh,base+00056h
  dw 00415h,base+000CDh
  dw 0046Ch,base+00056h
  dw 00414h,base+003B6h
  dw 0046Ch,base+00021h
  dw 00415h,base+00223h
  dw 0036Bh,base+00055h
  dw 00415h,base+000CDh
  dw 0046Bh,base+00020h
  dw 00415h,base+00213h
  dw 0046Ah,base+00056h
  dw 00516h,base+003B8h
  dw 00468h,base+02035h
  dw 00718h,base+00726h
  dw 00467h,base+02039h
  dw 00819h,base+01A0Ch
  dw 00467h,base+00056h
  dw 00618h,base+00000h
  dw 00400h,base+00054h

ryuPage3frame021:
  db 03Ch,020h,064h,028h
  db 06Ah
  db 000h,000h,0D8h,000h,000h
  db 000h,000h
  dw 0017Fh,base+00023h
  dw 00209h,base+00023h
  dw 00175h,base+0005Fh
  dw 00102h,base+00023h
  dw 00108h,base+00023h
  dw 00377h,base+00085h
  dw 00208h,base+00023h
  dw 00478h,base+000B3h
  dw 00108h,base+00023h
  dw 00104h,base+0005Fh
  dw 00176h,base+0005Fh
  dw 0010Ah,base+00023h
  dw 00180h,base+0005Fh
  dw 0010Bh,base+0005Fh
  dw 00275h,base+0005Fh
  dw 0010Bh,base+0005Fh
  dw 0027Dh,base+0005Fh
  dw 00102h,base+0005Fh
  dw 0017Eh,base+0005Fh
  dw 00102h,base+00149h
  dw 00176h,base+0005Fh
  dw 00108h,base+0008Ch
  dw 00102h,base+00149h
  dw 00176h,base+0005Fh
  dw 0010Ah,base+00081h
  dw 00176h,base+0005Fh
  dw 00107h,base+00081h
  dw 00103h,base+0005Fh
  dw 00275h,base+0042Dh
  dw 00208h,base+0014Ah
  dw 00104h,base+0005Fh
  dw 00174h,base+00149h
  dw 00108h,base+00081h
  dw 00104h,base+0005Fh
  dw 00173h,base+0005Fh
  dw 00206h,base+0014Ah
  dw 00104h,base+00023h
  dw 00104h,base+00149h
  dw 00172h,base+00081h
  dw 00206h,base+0014Ah
  dw 00204h,base+0005Eh
  dw 00104h,base+00149h
  dw 00172h,base+00149h
  dw 00105h,base+00081h
  dw 00305h,base+0009Ch
  dw 00104h,base+00081h
  dw 00172h,base+00149h
  dw 00105h,base+00081h
  dw 00305h,base+0139Bh
  dw 00104h,base+00081h
  dw 00172h,base+0005Fh
  dw 00105h,base+00081h
  dw 0037Ah,base+000B8h
  dw 00206h,base+0014Ah
  dw 00406h,base+02025h
  dw 00104h,base+00081h
  dw 00170h,base+00081h
  dw 00206h,base+0014Ah
  dw 00405h,base+002B1h
  dw 00205h,base+0014Ah
  dw 00170h,base+00081h
  dw 00205h,base+006E4h
  dw 0080Ah,base+01C4Ah
  dw 00271h,base+00149h
  dw 00205h,base+006E4h
  dw 0070Ah,base+01D62h
  dw 00271h,base+0014Ah
  dw 00305h,base+007C2h
  dw 0070Ah,base+01D62h
  dw 00271h,base+0014Ah
  dw 00305h,base+007C2h
  dw 0070Ah,base+01595h
  dw 0026Eh,base+00762h
  dw 00103h,base+0005Fh
  dw 00305h,base+007C2h
  dw 00609h,base+01595h
  dw 00305h,base+00F08h
  dw 0016Ah,base+0005Fh
  dw 00103h,base+0005Fh
  dw 00B0Eh,base+017A2h
  dw 00204h,base+0013Eh
  dw 0016Bh,base+0005Fh
  dw 00104h,base+0005Fh
  dw 00A0Dh,base+01924h
  dw 00204h,base+0013Eh
  dw 00167h,base+0005Fh
  dw 00104h,base+0005Fh
  dw 00103h,base+0005Fh
  dw 01012h,base+01292h
  dw 00168h,base+0005Fh
  dw 00103h,base+0005Fh
  dw 00102h,base+00149h
  dw 0117Bh,base+0111Ah
  dw 00103h,base+0005Fh
  dw 01216h,base+00F87h
  dw 00100h,base+00081h

ryuPage3frame022:
  db 082h,020h,054h,048h
  db 072h
  db 000h,000h,0B8h,000h,000h
  db 000h,000h
  dw 01316h,base+00D73h
  dw 00168h,base+00081h
  dw 00102h,base+0005Fh
  dw 01316h,base+00D86h
  dw 00168h,base+00081h
  dw 00103h,base+0008Ch
  dw 01315h,base+00D99h
  dw 00168h,base+00081h
  dw 00103h,base+0008Ch
  dw 01314h,base+00DACh
  dw 00168h,base+00081h
  dw 00104h,base+00081h
  dw 0157Ch,base+00953h
  dw 00104h,base+00081h
  dw 0147Ch,base+00BBAh
  dw 00103h,base+00081h
  dw 0157Dh,base+00968h
  dw 00103h,base+00081h
  dw 0147Dh,base+00BCEh
  dw 00103h,base+00081h
  dw 0157Dh,base+0097Dh
  dw 00203h,base+0014Ah
  dw 0157Bh,base+00992h
  dw 00102h,base+0005Fh
  dw 00203h,base+00983h
  dw 0157Eh,base+009A7h
  dw 01213h,base+00F99h
  dw 0056Dh,base+01FA6h
  dw 01213h,base+00FABh
  dw 00509h,base+01FABh
  dw 00264h,base+0005Fh
  dw 01114h,base+0112Bh
  dw 00408h,base+0203Dh
  dw 00164h,base+0005Fh
  dw 01114h,base+0113Ch
  dw 00410h,base+000D1h
  dw 0045Ch,base+00023h
  dw 00607h,base+01EC9h
  dw 00A0Dh,base+0192Eh
  dw 00405h,base+000D1h
  dw 00103h,base+00081h
  dw 00107h,base+00149h
  dw 00653h,base+01ECFh
  dw 00107h,base+00000h
  dw 00104h,base+00081h
  dw 00407h,base+02041h
  dw 0090Dh,base+01B16h
  dw 00507h,base+00792h
  dw 00107h,base+00149h
  dw 00853h,base+01C52h
  dw 0010Ah,base+00000h
  dw 00508h,base+01FB0h
  dw 0090Dh,base+01B1Fh
  dw 00507h,base+01FB5h
  dw 00107h,base+0013Eh
  dw 00A50h,base+01938h
  dw 00103h,base+00000h
  dw 00104h,base+00000h
  dw 00104h,base+00000h
  dw 00102h,base+00081h
  dw 00508h,base+01FBAh
  dw 0090Dh,base+01B28h
  dw 00507h,base+01FBFh
  dw 00107h,base+0021Ch
  dw 00D53h,base+015D2h
  dw 00104h,base+00000h
  dw 00104h,base+00000h
  dw 00102h,base+0013Fh
  dw 00409h,base+02045h
  dw 0070Dh,base+01D69h
  dw 00506h,base+01FC4h
  dw 00107h,base+0021Ch
  dw 00E53h,base+01509h
  dw 00104h,base+00057h
  dw 00104h,base+00000h
  dw 0060Bh,base+01ED5h
  dw 0070Dh,base+01D70h
  dw 00709h,base+01D77h
  dw 00204h,base+00023h
  dw 00F50h,base+013E6h
  dw 00103h,base+00000h
  dw 00204h,base+00057h
  dw 00103h,base+00023h
  dw 0070Ch,base+01D7Eh
  dw 0070Dh,base+01D85h
  dw 00B0Dh,base+017ADh
  dw 01050h,base+012A2h
  dw 00103h,base+00000h
  dw 00507h,base+01FC9h
  dw 0060Dh,base+01EDBh
  dw 0060Ch,base+01EE1h
  dw 00B0Dh,base+017B8h
  dw 01050h,base+012B2h
  dw 00104h,base+00000h
  dw 00406h,base+00213h
  dw 0060Dh,base+01EE7h
  dw 0060Dh,base+01EEDh
  dw 01C5Dh,base+00170h
  dw 00103h,base+00000h
  dw 00406h,base+00AC7h
  dw 0050Dh,base+01FCEh
  dw 0070Eh,base+01D8Ch
  dw 01C5Ch,base+0018Ch
  dw 00203h,base+00057h
  dw 00306h,base+00138h
  dw 0040Dh,base+01EA7h
  dw 00712h,base+01D93h
  dw 01859h,base+005B6h
  dw 00B13h,base+017C3h
  dw 00A14h,base+01942h
  dw 00103h,base+00000h
  dw 00207h,base+00023h
  dw 00E4Fh,base+005BFh
  dw 00A13h,base+01906h
  dw 00A21h,base+0191Ah
  dw 00B4Ch,base+0017Ch
  dw 00812h,base+000FFh
  dw 00C24h,base+0168Ah
  dw 0094Ch,base+0017Dh
  dw 00510h,base+00023h
  dw 00C26h,base+01696h
  dw 0074Bh,base+0017Eh
  dw 0030Eh,base+00023h
  dw 00E29h,base+014FBh
  dw 00456h,base+00029h
  dw 00F2Bh,base+013C8h
  dw 00300h,base+00029h

ryuPage3frame023:
  db 06Ah,01Fh,06Ah,068h
  db 078h
  db 000h,000h,098h,000h,000h
  db 000h,000h
  dw 00F2Dh,base+013D7h
  dw 00152h,base+00029h
  dw 01180h,base+010F8h
  dw 0117Fh,base+01109h
  dw 00A0Bh,base+018CAh
  dw 00775h,base+01D54h
  dw 0080Dh,base+0001Ch
  dw 00672h,base+01EB7h
  dw 0080Eh,base+018CAh
  dw 00672h,base+01EB7h
  dw 0080Eh,base+0185Eh
  dw 00671h,base+01EBDh
  dw 00810h,base+010B3h
  dw 00670h,base+008AEh
  dw 00710h,base+01C33h
  dw 0066Fh,base+00023h
  dw 00812h,base+01C42h
  dw 0056Eh,base+00122h
  dw 00713h,base+00EF5h
  dw 0046Dh,base+0006Dh
  dw 00713h,base+01D5Bh
  dw 0056Dh,base+002C7h
  dw 00613h,base+01E9Fh
  dw 0056Dh,base+01FA1h
  dw 00513h,base+000E1h
  dw 0056Dh,base+00477h
  dw 00413h,base+000B5h
  dw 0066Dh,base+01EC3h
  dw 00413h,base+00060h
  dw 0066Dh,base+017ABh
  dw 00414h,base+0008Dh
  dw 0056Ch,base+00477h
  dw 00514h,base+00061h
  dw 0056Ch,base+00842h
  dw 00514h,base+00023h
  dw 0056Dh,base+01E6Fh
  dw 00414h,base+000AEh
  dw 0046Ch,base+0010Fh
  dw 00414h,base+00214h
  dw 0046Ch,base+00021h
  dw 00415h,base+003B6h
  dw 0036Bh,base+00056h
  dw 00415h,base+000CDh
  dw 0046Ch,base+00056h
  dw 00414h,base+003B6h
  dw 0046Ch,base+00021h
  dw 00415h,base+00223h
  dw 0036Bh,base+00055h
  dw 00415h,base+000CDh
  dw 0046Bh,base+00020h
  dw 00415h,base+00213h
  dw 0046Ah,base+00056h
  dw 00516h,base+003B8h
  dw 00468h,base+02035h
  dw 00718h,base+00726h
  dw 00467h,base+02039h
  dw 00819h,base+01A0Ch
  dw 00467h,base+00056h
  dw 00618h,base+00000h
  dw 00400h,base+00054h

ryuPage3frame024:
  db 036h,020h,06Eh,028h
  db 072h
  db 000h,000h,0D8h,000h,000h
  db 000h,000h
  dw 00102h,base+0005Fh
  dw 00114h,base+0005Fh
  dw 00269h,base+0005Fh
  dw 00103h,base+0005Fh
  dw 00115h,base+0005Fh
  dw 00168h,base+0005Fh
  dw 00103h,base+0005Fh
  dw 00215h,base+0005Fh
  dw 00168h,base+0005Fh
  dw 00103h,base+0005Fh
  dw 0020Ch,base+0005Fh
  dw 00105h,base+0005Fh
  dw 00105h,base+0005Fh
  dw 0016Bh,base+0005Fh
  dw 0010Bh,base+0005Fh
  dw 00205h,base+0005Fh
  dw 00105h,base+0005Fh
  dw 0016Bh,base+0005Fh
  dw 0010Ch,base+0005Fh
  dw 00103h,base+0005Fh
  dw 00106h,base+0005Fh
  dw 0016Bh,base+0005Fh
  dw 0010Ah,base+0005Fh
  dw 00105h,base+0005Fh
  dw 00106h,base+0005Fh
  dw 0016Bh,base+0005Fh
  dw 0010Ah,base+0005Fh
  dw 00105h,base+0005Fh
  dw 00206h,base+0005Fh
  dw 0016Bh,base+0005Fh
  dw 0020Ah,base+0005Fh
  dw 00106h,base+0005Fh
  dw 00170h,base+0005Fh
  dw 0020Ah,base+0042Dh
  dw 00206h,base+0005Fh
  dw 00171h,base+0005Fh
  dw 0010Ah,base+00149h
  dw 00105h,base+0005Fh
  dw 00272h,base+0005Fh
  dw 00109h,base+00081h
  dw 00205h,base+00092h
  dw 00272h,base+0008Ch
  dw 00109h,base+00081h
  dw 00206h,base+00092h
  dw 00271h,base+0005Fh
  dw 00109h,base+00081h
  dw 00206h,base+0042Dh
  dw 00272h,base+0008Ch
  dw 00109h,base+00081h
  dw 00205h,base+00149h
  dw 00272h,base+0008Bh
  dw 00104h,base+00081h
  dw 00105h,base+00023h
  dw 00205h,base+00149h
  dw 00272h,base+0008Bh
  dw 00104h,base+00081h
  dw 00206h,base+0005Eh
  dw 00105h,base+00081h
  dw 00171h,base+00081h
  dw 00103h,base+00081h
  dw 00307h,base+0009Ch
  dw 00105h,base+00081h
  dw 00169h,base+00081h
  dw 00107h,base+0005Fh
  dw 00204h,base+0014Ah
  dw 00307h,base+0139Bh
  dw 00105h,base+00081h
  dw 0016Ah,base+00081h
  dw 00106h,base+0005Fh
  dw 00104h,base+00081h
  dw 0030Ch,base+000B8h
  dw 0016Ah,base+00081h
  dw 00106h,base+0005Fh
  dw 00104h,base+00081h
  dw 00406h,base+02025h
  dw 00106h,base+00081h
  dw 0016Ah,base+00081h
  dw 00106h,base+0005Fh
  dw 00104h,base+00081h
  dw 00406h,base+002B1h
  dw 00105h,base+00081h
  dw 00271h,base+0014Ah
  dw 00103h,base+00081h
  dw 00507h,base+002B0h
  dw 00105h,base+00081h
  dw 00270h,base+0014Ah
  dw 00104h,base+00081h
  dw 00507h,base+01244h
  dw 00104h,base+00081h
  dw 0036Ch,base+00151h
  dw 00105h,base+0008Ch
  dw 00104h,base+00081h
  dw 00506h,base+01244h
  dw 00205h,base+0014Ah
  dw 00271h,base+0014Ah
  dw 00204h,base+0014Ah
  dw 0080Ah,base+01C5Ah
  dw 0026Ch,base+0014Ah
  dw 00106h,base+00081h
  dw 00204h,base+0014Ah
  dw 0070Ah,base+01595h
  dw 0026Ch,base+0014Ah
  dw 00106h,base+00081h
  dw 00B0Dh,base+017CEh
  dw 0026Dh,base+0014Ah
  dw 00106h,base+00081h
  dw 00B0Dh,base+017D9h
  dw 0026Dh,base+0014Ah
  dw 00105h,base+00081h
  dw 00D0Eh,base+015DFh
  dw 0026Dh,base+0014Ah
  dw 00104h,base+00081h
  dw 0107Ch,base+012C2h
  dw 00104h,base+00081h
  dw 01000h,base+012D2h

ryuPage3frame025:
  db 072h,020h,054h,048h
  db 064h
  db 000h,000h,0B8h,000h,000h
  db 000h,000h
  dw 00105h,base+0005Fh
  dw 00103h,base+00081h
  dw 01218h,base+00FBDh
  dw 00160h,base+0005Fh
  dw 00105h,base+0005Fh
  dw 00203h,base+006E5h
  dw 01218h,base+00FCFh
  dw 00165h,base+0005Fh
  dw 0151Eh,base+009BCh
  dw 0015Ch,base+0005Fh
  dw 00106h,base+0005Fh
  dw 0151Ah,base+009D1h
  dw 00160h,base+00081h
  dw 00207h,base+0005Fh
  dw 01519h,base+009E6h
  dw 00160h,base+0008Ch
  dw 00207h,base+0005Fh
  dw 01519h,base+009FBh
  dw 00161h,base+0008Ch
  dw 00106h,base+0005Fh
  dw 0151Dh,base+00A10h
  dw 0015Dh,base+0008Ch
  dw 00106h,base+0005Fh
  dw 0151Ch,base+00A25h
  dw 0025Fh,base+00081h
  dw 00103h,base+00081h
  dw 00103h,base+00149h
  dw 0151Bh,base+00A3Ah
  dw 0025Fh,base+00081h
  dw 00103h,base+00081h
  dw 00103h,base+00149h
  dw 0151Bh,base+00A4Fh
  dw 0015Fh,base+00081h
  dw 00102h,base+00081h
  dw 00204h,base+00092h
  dw 01518h,base+00A64h
  dw 00103h,base+00081h
  dw 0015Eh,base+00081h
  dw 00203h,base+0014Ah
  dw 00204h,base+00149h
  dw 01011h,base+012E2h
  dw 00507h,base+0021Fh
  dw 00103h,base+00081h
  dw 0015Eh,base+00081h
  dw 00203h,base+0014Ah
  dw 00104h,base+00149h
  dw 01011h,base+012F2h
  dw 00568h,base+0009Ch
  dw 00103h,base+00081h
  dw 00104h,base+00149h
  dw 00F12h,base+013F5h
  dw 00466h,base+0009Dh
  dw 00208h,base+0014Ah
  dw 00F12h,base+01404h
  dw 00408h,base+000D1h
  dw 00102h,base+00081h
  dw 0015Ch,base+00081h
  dw 00205h,base+0014Ah
  dw 00103h,base+00081h
  dw 00405h,base+011D0h
  dw 00A0Dh,base+0194Ch
  dw 00408h,base+000D1h
  dw 00102h,base+00081h
  dw 0015Ch,base+00081h
  dw 00205h,base+0014Ah
  dw 00103h,base+00081h
  dw 00306h,base+000CCh
  dw 0090Dh,base+01B31h
  dw 00466h,base+00172h
  dw 00104h,base+00081h
  dw 00203h,base+006E5h
  dw 00306h,base+00263h
  dw 0090Dh,base+01B3Ah
  dw 00405h,base+0035Eh
  dw 00162h,base+00081h
  dw 00104h,base+00081h
  dw 00102h,base+0013Fh
  dw 00306h,base+00225h
  dw 0090Dh,base+01B43h
  dw 00607h,base+01EF3h
  dw 00160h,base+00081h
  dw 00104h,base+00081h
  dw 00509h,base+01FD3h
  dw 0070Dh,base+01D9Ah
  dw 00506h,base+008F3h
  dw 00160h,base+00081h
  dw 00104h,base+00081h
  dw 00409h,base+017EBh
  dw 0070Dh,base+01DA1h
  dw 00406h,base+00146h
  dw 00102h,base+00081h
  dw 0015Dh,base+00081h
  dw 00205h,base+008BFh
  dw 00409h,base+013B8h
  dw 0070Dh,base+01DA8h
  dw 00506h,base+0048Ah
  dw 00359h,base+008EFh
  dw 00106h,base+00000h
  dw 00204h,base+008BFh
  dw 00508h,base+01FD8h
  dw 00103h,base+0005Fh
  dw 0060Ch,base+01EF9h
  dw 0095Fh,base+01B4Ch
  dw 00105h,base+00000h
  dw 00305h,base+0205Bh
  dw 00508h,base+01FCEh
  dw 00103h,base+0005Fh
  dw 0060Dh,base+01EFFh
  dw 0075Eh,base+01DAFh
  dw 00105h,base+00000h
  dw 00102h,base+00023h
  dw 00103h,base+0013Eh
  dw 00408h,base+003B3h
  dw 00103h,base+0005Fh
  dw 0070Dh,base+01DB6h
  dw 0075Eh,base+01DBDh
  dw 00205h,base+00000h
  dw 00305h,base+01392h
  dw 00407h,base+00B2Fh
  dw 00104h,base+00081h
  dw 00709h,base+01DC4h
  dw 00105h,base+0005Fh
  dw 0070Dh,base+01DCBh
  dw 0014Eh,base+00023h
  dw 00103h,base+00000h
  dw 00103h,base+00023h
  dw 0090Dh,base+01B55h
  dw 00102h,base+00081h
  dw 00A0Bh,base+01956h
  dw 00105h,base+0008Ch
  dw 0080Dh,base+01C62h
  dw 0034Eh,base+00023h
  dw 00103h,base+00000h
  dw 00B10h,base+017E4h
  dw 00102h,base+00081h
  dw 00C12h,base+016A2h
  dw 0070Bh,base+01DD2h
  dw 0034Eh,base+0015Fh
  dw 00204h,base+00000h
  dw 00910h,base+01B5Eh
  dw 00C14h,base+016AEh
  dw 00609h,base+00812h
  dw 0064Fh,base+00CD3h
  dw 00204h,base+00022h
  dw 00810h,base+01C6Ah
  dw 00C15h,base+016BAh
  dw 00508h,base+0006Ah
  dw 00750h,base+01DD9h
  dw 00204h,base+00057h
  dw 0060Bh,base+00023h
  dw 00103h,base+00149h
  dw 00E18h,base+01517h
  dw 00306h,base+00023h
  dw 00750h,base+01DE0h
  dw 00A0Fh,base+01960h
  dw 00102h,base+00149h
  dw 00F19h,base+01413h
  dw 00405h,base+00023h
  dw 00900h,base+01B67h

ryuPage3frame026:
  db 07Ch,01Fh,058h,068h
  db 058h
  db 000h,000h,098h,000h,000h
  db 000h,000h
  dw 0080Eh,base+000FFh
  dw 00102h,base+00081h
  dw 00F1Ah,base+01422h
  dw 00E5Ah,base+01525h
  dw 0020Ah,base+00023h
  dw 01214h,base+00FE1h
  dw 00108h,base+0005Fh
  dw 00103h,base+00023h
  dw 00C60h,base+016C6h
  dw 01321h,base+00DBFh
  dw 00C5Fh,base+016D2h
  dw 00B0Ch,base+017EFh
  dw 00716h,base+01D54h
  dw 00C5Eh,base+016DEh
  dw 0090Eh,base+01B70h
  dw 00615h,base+01EB7h
  dw 00B5Dh,base+017FAh
  dw 0080Eh,base+01C72h
  dw 00608h,base+01EB7h
  dw 0010Dh,base+00081h
  dw 00C5Dh,base+016EAh
  dw 0080Eh,base+01C7Ah
  dw 00608h,base+01EBDh
  dw 0010Fh,base+00081h
  dw 00A5Ah,base+0196Ah
  dw 00810h,base+01C82h
  dw 00607h,base+008AEh
  dw 00110h,base+00081h
  dw 00A59h,base+01974h
  dw 00710h,base+01C33h
  dw 00607h,base+00023h
  dw 00110h,base+00081h
  dw 00A58h,base+016D3h
  dw 00812h,base+01C42h
  dw 00717h,base+01DE7h
  dw 00A57h,base+016C7h
  dw 00713h,base+00EF5h
  dw 00517h,base+01FDDh
  dw 00956h,base+01B79h
  dw 00713h,base+01D5Bh
  dw 00518h,base+01FE2h
  dw 00855h,base+016C8h
  dw 00613h,base+01E9Fh
  dw 00519h,base+01FE7h
  dw 00754h,base+01DEEh
  dw 00513h,base+000E1h
  dw 00519h,base+00477h
  dw 00754h,base+01DF5h
  dw 00413h,base+000B5h
  dw 0061Ah,base+01EC3h
  dw 00553h,base+00181h
  dw 00413h,base+00060h
  dw 0061Bh,base+017ABh
  dw 00452h,base+0019Fh
  dw 00414h,base+0008Dh
  dw 0051Ah,base+00477h
  dw 00452h,base+00181h
  dw 00514h,base+00061h
  dw 0051Bh,base+00842h
  dw 00351h,base+0019Fh
  dw 00514h,base+00023h
  dw 0051Bh,base+01E6Fh
  dw 00252h,base+00029h
  dw 00414h,base+000AEh
  dw 0041Bh,base+0010Fh
  dw 00151h,base+00029h
  dw 00414h,base+00214h
  dw 0046Ch,base+00021h
  dw 00415h,base+003B6h
  dw 0036Bh,base+00056h
  dw 00415h,base+000CDh
  dw 0046Ch,base+00056h
  dw 00414h,base+003B6h
  dw 0046Ch,base+00021h
  dw 00415h,base+00223h
  dw 0036Bh,base+00055h
  dw 00415h,base+000CDh
  dw 0046Bh,base+00020h
  dw 00415h,base+00213h
  dw 0046Ah,base+00056h
  dw 00516h,base+003B8h
  dw 00468h,base+02035h
  dw 00718h,base+00726h
  dw 00467h,base+02039h
  dw 00819h,base+01A0Ch
  dw 00467h,base+00056h
  dw 00618h,base+00000h
  dw 00400h,base+00054h

ryuPage3frame027:
  db 044h,020h,06Ah,028h
  db 090h
  db 000h,000h,0D8h,000h,000h
  db 000h,000h
  dw 00180h,base+0005Fh
  dw 00180h,base+0005Fh
  dw 0017Fh,base+0005Fh
  dw 0027Fh,base+0008Ch
  dw 00380h,base+0008Bh
  dw 0027Dh,base+0008Bh
  dw 00102h,base+0005Fh
  dw 00380h,base+0014Ah
  dw 00306h,base+0014Ah
  dw 00171h,base+0005Fh
  dw 00109h,base+0005Fh
  dw 00205h,base+0014Ah
  dw 00171h,base+0005Fh
  dw 0040Ah,base+000B3h
  dw 00205h,base+0014Ah
  dw 00171h,base+0005Fh
  dw 0040Bh,base+000B3h
  dw 00104h,base+00081h
  dw 00171h,base+0005Fh
  dw 00308h,base+00085h
  dw 00103h,base+0005Fh
  dw 00104h,base+00081h
  dw 00171h,base+0005Fh
  dw 00207h,base+0042Dh
  dw 00204h,base+0005Fh
  dw 00204h,base+0014Ah
  dw 00171h,base+0005Fh
  dw 00207h,base+0042Dh
  dw 00104h,base+0005Fh
  dw 00205h,base+0014Ah
  dw 0016Ch,base+00149h
  dw 00104h,base+0005Fh
  dw 00207h,base+00092h
  dw 00105h,base+0008Ch
  dw 00104h,base+00081h
  dw 0016Bh,base+00149h
  dw 00206h,base+0005Fh
  dw 00106h,base+00081h
  dw 00205h,base+00081h
  dw 00204h,base+0014Ah
  dw 0016Ah,base+00149h
  dw 00307h,base+00085h
  dw 00206h,base+00149h
  dw 00305h,base+0014Bh
  dw 00204h,base+0014Ah
  dw 0026Ah,base+00092h
  dw 00208h,base+0005Fh
  dw 00105h,base+00081h
  dw 00306h,base+0014Bh
  dw 00104h,base+00081h
  dw 00169h,base+00081h
  dw 00108h,base+0005Fh
  dw 00205h,base+0014Ah
  dw 00306h,base+0014Bh
  dw 00104h,base+00081h
  dw 00169h,base+00081h
  dw 00109h,base+0005Fh
  dw 00104h,base+00081h
  dw 00306h,base+0014Bh
  dw 00104h,base+00081h
  dw 00169h,base+00081h
  dw 00108h,base+0005Fh
  dw 00205h,base+0014Ah
  dw 00406h,base+02049h
  dw 00104h,base+00081h
  dw 00105h,base+00081h
  dw 00164h,base+0005Fh
  dw 00208h,base+0042Dh
  dw 00205h,base+00983h
  dw 00406h,base+0014Bh
  dw 00104h,base+00081h
  dw 0026Ah,base+0014Ah
  dw 00107h,base+00149h
  dw 00304h,base+008EFh
  dw 00507h,base+007B6h
  dw 00103h,base+00081h
  dw 0036Bh,base+00151h
  dw 00106h,base+00149h
  dw 00405h,base+00760h
  dw 00506h,base+007B6h
  dw 00204h,base+0014Ah
  dw 0036Bh,base+00151h
  dw 00206h,base+0014Ah
  dw 00405h,base+007D7h
  dw 0080Ah,base+01C8Ah
  dw 0036Bh,base+008EFh
  dw 00206h,base+0014Ah
  dw 00405h,base+007ABh
  dw 0080Ah,base+01C92h
  dw 00306h,base+008EFh
  dw 00165h,base+00081h
  dw 00206h,base+0014Ah
  dw 00405h,base+00796h
  dw 0070Ah,base+01DFCh
  dw 00205h,base+0013Eh
  dw 00266h,base+0014Ah
  dw 00206h,base+0014Ah
  dw 00C0Eh,base+016F6h
  dw 00306h,base+00583h
  dw 00266h,base+00081h
  dw 00206h,base+0014Ah
  dw 00C0Eh,base+0114Dh
  dw 00306h,base+00583h
  dw 00165h,base+0008Ch
  dw 00207h,base+0014Ah
  dw 01114h,base+0114Dh
  dw 00165h,base+0008Ch
  dw 00206h,base+0014Ah
  dw 01215h,base+00FF3h
  dw 00105h,base+0005Fh
  dw 00160h,base+0005Fh
  dw 00206h,base+0014Ah
  dw 01115h,base+0115Eh
  dw 00106h,base+0005Fh
  dw 00100h,base+0005Fh

ryuPage3frame028:
  db 072h,020h,054h,048h
  db 06Ah
  db 000h,000h,0B8h,000h,000h
  db 000h,000h
  dw 00205h,base+0014Ah
  dw 01216h,base+01005h
  dw 00106h,base+0005Fh
  dw 0015Fh,base+0005Fh
  dw 00205h,base+0014Ah
  dw 01216h,base+01017h
  dw 00107h,base+0008Ch
  dw 0015Eh,base+0005Fh
  dw 00205h,base+0014Ah
  dw 01216h,base+01029h
  dw 00107h,base+00081h
  dw 0015Eh,base+0005Fh
  dw 00204h,base+0014Ah
  dw 01317h,base+00DD2h
  dw 00107h,base+00081h
  dw 0015Fh,base+0005Fh
  dw 00203h,base+0014Ah
  dw 0141Eh,base+00BE2h
  dw 0015Fh,base+0005Fh
  dw 0171Bh,base+006E4h
  dw 00106h,base+00081h
  dw 00160h,base+0005Fh
  dw 0161Ah,base+00796h
  dw 00105h,base+00081h
  dw 0025Dh,base+00081h
  dw 00105h,base+0005Fh
  dw 0151Ah,base+00A79h
  dw 00103h,base+00081h
  dw 0035Eh,base+0014Ah
  dw 00105h,base+0008Ch
  dw 0161Ah,base+007ACh
  dw 00103h,base+00081h
  dw 00263h,base+0008Bh
  dw 0161Ah,base+007C2h
  dw 00103h,base+00081h
  dw 00258h,base+0008Bh
  dw 00107h,base+00149h
  dw 00104h,base+0008Ch
  dw 0161Ah,base+007D8h
  dw 00103h,base+00081h
  dw 0025Fh,base+0008Bh
  dw 00105h,base+0008Ch
  dw 01011h,base+01302h
  dw 00508h,base+0021Fh
  dw 00103h,base+00081h
  dw 00258h,base+00081h
  dw 00107h,base+00149h
  dw 00105h,base+00081h
  dw 01011h,base+01312h
  dw 00508h,base+0009Ch
  dw 00103h,base+00081h
  dw 00158h,base+00081h
  dw 0010Ch,base+00149h
  dw 00F12h,base+01431h
  dw 00407h,base+0009Dh
  dw 00103h,base+00081h
  dw 00159h,base+00081h
  dw 00105h,base+00081h
  dw 00106h,base+00081h
  dw 00F12h,base+01440h
  dw 00407h,base+000D1h
  dw 00103h,base+00081h
  dw 00159h,base+00081h
  dw 00105h,base+00081h
  dw 00106h,base+00081h
  dw 00405h,base+01431h
  dw 00B0Dh,base+01805h
  dw 00407h,base+0048Bh
  dw 00103h,base+00081h
  dw 00159h,base+00081h
  dw 00105h,base+00081h
  dw 00105h,base+00081h
  dw 00607h,base+01F05h
  dw 00A0Dh,base+0197Eh
  dw 00405h,base+0204Dh
  dw 00105h,base+00081h
  dw 00158h,base+00081h
  dw 00105h,base+00081h
  dw 00105h,base+00081h
  dw 00405h,base+0008Bh
  dw 00102h,base+00081h
  dw 00B0Dh,base+01810h
  dw 0060Ah,base+01F0Bh
  dw 00158h,base+00081h
  dw 00106h,base+00081h
  dw 00103h,base+00081h
  dw 00508h,base+008F6h
  dw 00B0Dh,base+0181Bh
  dw 0060Ah,base+01F11h
  dw 00157h,base+00081h
  dw 00207h,base+0014Ah
  dw 00103h,base+00081h
  dw 00507h,base+01FECh
  dw 00102h,base+00081h
  dw 00709h,base+01E03h
  dw 00104h,base+00081h
  dw 00509h,base+01FF1h
  dw 00157h,base+00081h
  dw 00107h,base+00081h
  dw 00103h,base+00081h
  dw 00406h,base+00093h
  dw 00203h,base+0014Ah
  dw 00709h,base+01E0Ah
  dw 00104h,base+00081h
  dw 00509h,base+01FF6h
  dw 00157h,base+00081h
  dw 00105h,base+0013Eh
  dw 00103h,base+00023h
  dw 00102h,base+0013Fh
  dw 00406h,base+00D2Bh
  dw 00203h,base+0014Ah
  dw 00709h,base+01E11h
  dw 00104h,base+00081h
  dw 00509h,base+01FFBh
  dw 00156h,base+00081h
  dw 00206h,base+0013Dh
  dw 00103h,base+00023h
  dw 00608h,base+01F17h
  dw 00104h,base+00081h
  dw 00608h,base+01F1Dh
  dw 00104h,base+00081h
  dw 00609h,base+01F23h
  dw 00156h,base+00081h
  dw 00205h,base+0013Dh
  dw 00204h,base+00061h
  dw 00608h,base+01F29h
  dw 00104h,base+00081h
  dw 00607h,base+008CEh
  dw 00205h,base+0014Ah
  dw 00609h,base+01993h
  dw 00156h,base+0013Fh
  dw 00305h,base+0013Dh
  dw 00103h,base+0005Fh
  dw 00709h,base+01E18h
  dw 00104h,base+00081h
  dw 0090Bh,base+01B82h
  dw 00809h,base+01992h
  dw 00257h,base+0013Eh
  dw 00305h,base+00795h
  dw 00A0Ch,base+01988h
  dw 00104h,base+00081h
  dw 0080Bh,base+01C9Ah
  dw 00A10h,base+01992h
  dw 0014Eh,base+00023h
  dw 00103h,base+00023h
  dw 00C0Dh,base+01702h
  dw 00103h,base+00081h
  dw 00C0Fh,base+0170Eh
  dw 00203h,base+0014Ah
  dw 0080Dh,base+01CA2h
  dw 0034Eh,base+00023h
  dw 00103h,base+00023h
  dw 00B0Dh,base+01826h
  dw 00104h,base+00081h
  dw 00B0Eh,base+01831h
  dw 00105h,base+00081h
  dw 0070Bh,base+01E1Fh
  dw 0034Eh,base+0015Fh
  dw 00204h,base+00023h
  dw 0090Ch,base+01B8Bh
  dw 00104h,base+00081h
  dw 00C0Eh,base+0171Ah
  dw 00106h,base+00081h
  dw 00609h,base+00812h
  dw 0064Fh,base+00CD3h
  dw 00204h,base+0005Eh
  dw 0080Ch,base+01CAAh
  dw 00104h,base+00081h
  dw 00C0Eh,base+01726h
  dw 00105h,base+00081h
  dw 00102h,base+0005Fh
  dw 00508h,base+0006Ah
  dw 00750h,base+01DD9h
  dw 00204h,base+00084h
  dw 0060Bh,base+00369h
  dw 00103h,base+00081h
  dw 00E0Fh,base+01533h
  dw 00105h,base+00081h
  dw 00104h,base+0005Fh
  dw 00306h,base+00023h
  dw 00750h,base+01DE0h
  dw 00A0Fh,base+0199Ch
  dw 00102h,base+00081h
  dw 01115h,base+0116Fh
  dw 00104h,base+0005Fh
  dw 00405h,base+00023h
  dw 00900h,base+01B67h

ryuPage3frame029:
  db 07Ch,01Fh,058h,068h
  db 058h
  db 000h,000h,098h,000h,000h
  db 000h,000h
  dw 0080Eh,base+00369h
  dw 00102h,base+00081h
  dw 00F10h,base+0144Fh
  dw 0010Ah,base+00081h
  dw 00E5Ah,base+01525h
  dw 0020Ah,base+0005Fh
  dw 01316h,base+00DE5h
  dw 00106h,base+0005Fh
  dw 00103h,base+00023h
  dw 00C5Eh,base+016C6h
  dw 00103h,base+0005Fh
  dw 01416h,base+00BF6h
  dw 0010Ah,base+0005Fh
  dw 00C5Dh,base+016D2h
  dw 00103h,base+00149h
  dw 00A0Bh,base+019A6h
  dw 0090Bh,base+00C01h
  dw 0010Bh,base+0005Fh
  dw 00C5Ch,base+016DEh
  dw 00103h,base+00081h
  dw 0080Dh,base+01CB2h
  dw 00709h,base+01E26h
  dw 0010Ch,base+0005Fh
  dw 00B5Bh,base+017FAh
  dw 00102h,base+00081h
  dw 0080Eh,base+01CBAh
  dw 00709h,base+01E2Dh
  dw 0010Ch,base+0008Ch
  dw 00C5Ah,base+016EAh
  dw 00B11h,base+0183Ch
  dw 00609h,base+01F2Fh
  dw 0010Eh,base+00081h
  dw 00A58h,base+0196Ah
  dw 00A12h,base+019B0h
  dw 00608h,base+01F35h
  dw 0020Fh,base+00081h
  dw 00A57h,base+01974h
  dw 00912h,base+01B94h
  dw 00608h,base+00F69h
  dw 0020Fh,base+0008Bh
  dw 00A57h,base+016D3h
  dw 00913h,base+01B9Dh
  dw 00507h,base+009DAh
  dw 00210h,base+0008Bh
  dw 00A57h,base+016C7h
  dw 00713h,base+01E34h
  dw 00406h,base+000B3h
  dw 00211h,base+0008Bh
  dw 00956h,base+01B79h
  dw 00713h,base+01E3Bh
  dw 00718h,base+01E42h
  dw 00855h,base+016C8h
  dw 00613h,base+01F3Bh
  dw 00619h,base+01F41h
  dw 00754h,base+01DEEh
  dw 00513h,base+007B1h
  dw 00619h,base+01F47h
  dw 00754h,base+01DF5h
  dw 00413h,base+0014Eh
  dw 0061Ah,base+01F4Dh
  dw 00553h,base+00181h
  dw 00413h,base+0042Ch
  dw 0061Bh,base+01F53h
  dw 00452h,base+0019Fh
  dw 00414h,base+00BA7h
  dw 0051Ah,base+02000h
  dw 00452h,base+00181h
  dw 00514h,base+02005h
  dw 0051Bh,base+0200Ah
  dw 00351h,base+0019Fh
  dw 00514h,base+0200Fh
  dw 0051Bh,base+02014h
  dw 00252h,base+00029h
  dw 00414h,base+02051h
  dw 0041Bh,base+000B1h
  dw 00151h,base+00029h
  dw 00414h,base+00083h
  dw 0046Ch,base+000D1h
  dw 00415h,base+000A3h
  dw 0036Bh,base+0009Dh
  dw 00415h,base+002B2h
  dw 0046Ch,base+000B1h
  dw 00414h,base+000A3h
  dw 0046Ch,base+000D1h
  dw 00415h,base+004DDh
  dw 0036Bh,base+0009Ch
  dw 00415h,base+002B2h
  dw 0046Bh,base+0006Dh
  dw 00415h,base+00082h
  dw 0046Ah,base+000B1h
  dw 00516h,base+000E1h
  dw 00468h,base+000B1h
  dw 00718h,base+002D9h
  dw 00467h,base+000B1h
  dw 00819h,base+01CC2h
  dw 00467h,base+000B1h
  dw 00618h,base+00023h
  dw 00400h,base+000AFh

ryuPage3frame030:
  db 036h,020h,06Ch,028h
  db 07Ah
  db 000h,000h,0D8h,000h,000h
  db 000h,000h
  dw 00106h,base+0005Fh
  dw 00104h,base+0005Fh
  dw 00176h,base+0005Fh
  dw 0010Ah,base+0005Fh
  dw 0017Fh,base+0005Fh
  dw 00278h,base+0005Fh
  dw 00104h,base+0005Fh
  dw 00104h,base+0005Fh
  dw 0027Ch,base+0005Fh
  dw 00104h,base+0005Fh
  dw 0017Ch,base+0005Fh
  dw 00103h,base+0005Fh
  dw 0027Dh,base+0005Fh
  dw 00203h,base+0005Fh
  dw 0027Eh,base+0005Fh
  dw 00103h,base+0005Fh
  dw 0017Dh,base+0005Fh
  dw 00103h,base+0005Fh
  dw 00205h,base+0005Fh
  dw 0017Bh,base+0005Fh
  dw 00206h,base+0005Fh
  dw 00173h,base+0005Fh
  dw 00105h,base+0005Fh
  dw 00103h,base+0005Fh
  dw 00177h,base+0005Fh
  dw 00109h,base+0005Fh
  dw 00206h,base+0005Fh
  dw 00171h,base+0005Fh
  dw 0010Ah,base+0005Fh
  dw 00105h,base+0005Fh
  dw 0016Eh,base+0005Fh
  dw 00103h,base+0005Fh
  dw 00106h,base+0005Fh
  dw 00104h,base+0005Fh
  dw 00105h,base+0005Fh
  dw 0016Fh,base+0005Fh
  dw 00103h,base+0005Fh
  dw 00105h,base+0005Fh
  dw 00104h,base+0005Fh
  dw 00105h,base+0005Fh
  dw 00172h,base+0005Fh
  dw 00104h,base+0005Fh
  dw 0020Ah,base+0005Fh
  dw 00172h,base+0005Fh
  dw 00104h,base+0005Fh
  dw 00205h,base+0005Fh
  dw 00104h,base+0005Fh
  dw 00170h,base+0005Fh
  dw 00106h,base+0005Fh
  dw 00306h,base+00085h
  dw 00104h,base+0005Fh
  dw 0016Fh,base+0005Fh
  dw 00207h,base+0005Fh
  dw 00305h,base+00085h
  dw 00205h,base+0005Fh
  dw 00103h,base+0005Fh
  dw 0016Ch,base+0005Fh
  dw 00107h,base+0005Fh
  dw 00305h,base+00085h
  dw 00204h,base+0005Fh
  dw 00203h,base+0005Fh
  dw 0026Dh,base+0005Fh
  dw 00104h,base+0005Fh
  dw 00103h,base+0005Fh
  dw 00405h,base+01036h
  dw 00204h,base+0005Fh
  dw 00170h,base+0005Fh
  dw 00103h,base+0005Fh
  dw 00204h,base+0005Fh
  dw 00405h,base+000B3h
  dw 00104h,base+0005Fh
  dw 00105h,base+0005Fh
  dw 0016Bh,base+0005Fh
  dw 00103h,base+0005Fh
  dw 00103h,base+0005Fh
  dw 0070Ah,base+00369h
  dw 00105h,base+0005Fh
  dw 0016Bh,base+0005Fh
  dw 00103h,base+0005Fh
  dw 00103h,base+0005Fh
  dw 00709h,base+00369h
  dw 00206h,base+0005Fh
  dw 00166h,base+0005Fh
  dw 00105h,base+0005Fh
  dw 00103h,base+0005Fh
  dw 00103h,base+0005Fh
  dw 00709h,base+00369h
  dw 00206h,base+0005Fh
  dw 00167h,base+0005Fh
  dw 00104h,base+0005Fh
  dw 00203h,base+0005Fh
  dw 00103h,base+0005Fh
  dw 00709h,base+01E49h
  dw 00205h,base+0005Fh
  dw 0026Ch,base+0005Fh
  dw 00203h,base+0005Fh
  dw 00103h,base+0005Fh
  dw 00709h,base+01E49h
  dw 00205h,base+0005Fh
  dw 00269h,base+0005Fh
  dw 00104h,base+0005Fh
  dw 00C0Eh,base+01732h
  dw 00104h,base+0005Fh
  dw 0026Ah,base+0005Fh
  dw 00104h,base+0005Fh
  dw 00C0Eh,base+00369h
  dw 00104h,base+0005Fh
  dw 0026Ah,base+0005Fh
  dw 00104h,base+0005Fh
  dw 00D0Eh,base+00369h
  dw 00104h,base+0005Fh
  dw 00169h,base+0005Fh
  dw 00104h,base+0005Fh
  dw 01113h,base+01180h
  dw 00168h,base+0005Fh
  dw 00205h,base+0005Fh
  dw 01113h,base+01180h
  dw 00100h,base+0005Fh

ryuPage3frame031:
  db 072h,020h,054h,048h
  db 06Ch
  db 000h,000h,0B8h,000h,000h
  db 000h,000h
  dw 00104h,base+0005Fh
  dw 01214h,base+0103Bh
  dw 00168h,base+0005Fh
  dw 00104h,base+0005Fh
  dw 01214h,base+0104Dh
  dw 00168h,base+0005Fh
  dw 00104h,base+0005Fh
  dw 01214h,base+005D0h
  dw 00103h,base+0005Fh
  dw 00165h,base+0005Fh
  dw 00104h,base+0005Fh
  dw 01214h,base+005D0h
  dw 00204h,base+0005Fh
  dw 00164h,base+0005Fh
  dw 00104h,base+0005Fh
  dw 01314h,base+005D0h
  dw 00204h,base+0005Fh
  dw 00164h,base+0005Fh
  dw 00104h,base+0005Fh
  dw 01314h,base+00369h
  dw 00204h,base+0005Fh
  dw 0015Bh,base+0005Fh
  dw 00209h,base+0005Fh
  dw 00103h,base+0005Fh
  dw 01774h,base+00369h
  dw 00209h,base+0005Fh
  dw 01A1Ch,base+00369h
  dw 0015Ah,base+0005Fh
  dw 0010Bh,base+0005Fh
  dw 0181Bh,base+005CEh
  dw 00162h,base+0005Fh
  dw 00103h,base+0005Fh
  dw 0181Bh,base+005E6h
  dw 00104h,base+0005Fh
  dw 0015Eh,base+0005Fh
  dw 00104h,base+0005Fh
  dw 0171Ah,base+006FBh
  dw 00103h,base+0005Fh
  dw 0015Ah,base+0005Fh
  dw 00104h,base+0005Fh
  dw 00105h,base+0005Fh
  dw 01112h,base+01191h
  dw 00507h,base+0011Ah
  dw 00204h,base+0005Fh
  dw 0015Ah,base+0005Fh
  dw 00104h,base+0005Fh
  dw 00106h,base+0005Fh
  dw 01011h,base+01322h
  dw 00507h,base+0009Ch
  dw 00104h,base+0005Fh
  dw 0015Ah,base+0005Fh
  dw 00104h,base+0005Fh
  dw 00106h,base+0005Fh
  dw 00F12h,base+0145Eh
  dw 00406h,base+0009Dh
  dw 0015Eh,base+0005Fh
  dw 00104h,base+0005Fh
  dw 00106h,base+0005Fh
  dw 00F12h,base+0146Dh
  dw 0040Bh,base+000B1h
  dw 00158h,base+0005Fh
  dw 00205h,base+0005Fh
  dw 00103h,base+0005Fh
  dw 00103h,base+0005Fh
  dw 00405h,base+0005Fh
  dw 00A0Dh,base+019BAh
  dw 00405h,base+000B1h
  dw 00106h,base+0005Fh
  dw 00158h,base+0005Fh
  dw 00105h,base+0005Fh
  dw 00103h,base+0005Fh
  dw 00103h,base+0005Fh
  dw 00306h,base+000B5h
  dw 0090Dh,base+01BA6h
  dw 00661h,base+01F59h
  dw 00106h,base+0005Fh
  dw 00106h,base+0005Fh
  dw 00305h,base+000B5h
  dw 00A0Eh,base+019C4h
  dw 0060Ah,base+01F5Fh
  dw 00157h,base+0005Fh
  dw 00106h,base+0005Fh
  dw 00203h,base+0005Fh
  dw 00103h,base+0005Fh
  dw 00304h,base+000B5h
  dw 00C0Fh,base+0173Eh
  dw 00609h,base+00118h
  dw 00258h,base+0005Fh
  dw 00106h,base+0005Fh
  dw 00204h,base+0005Fh
  dw 00507h,base+000B3h
  dw 0090Ah,base+01BAFh
  dw 00105h,base+0005Fh
  dw 00508h,base+000D0h
  dw 00158h,base+0005Fh
  dw 00107h,base+0005Fh
  dw 00103h,base+0005Fh
  dw 00408h,base+00085h
  dw 00809h,base+00866h
  dw 00105h,base+0005Fh
  dw 00507h,base+000AFh
  dw 00259h,base+0005Fh
  dw 00105h,base+0005Fh
  dw 00102h,base+00023h
  dw 00103h,base+0005Fh
  dw 00407h,base+00085h
  dw 0090Fh,base+01BB8h
  dw 00607h,base+000AFh
  dw 00258h,base+0005Fh
  dw 00102h,base+00023h
  dw 00104h,base+0005Fh
  dw 00104h,base+00023h
  dw 00508h,base+000B3h
  dw 00103h,base+0005Fh
  dw 0060Bh,base+00439h
  dw 00709h,base+004F2h
  dw 00157h,base+0005Fh
  dw 00103h,base+00023h
  dw 00102h,base+0005Fh
  dw 00205h,base+00061h
  dw 00508h,base+000B3h
  dw 00103h,base+0005Fh
  dw 0060Bh,base+005DEh
  dw 00709h,base+0016Dh
  dw 00157h,base+0005Fh
  dw 00103h,base+00023h
  dw 00307h,base+00085h
  dw 00408h,base+00085h
  dw 00103h,base+0005Fh
  dw 0080Bh,base+01CCAh
  dw 00102h,base+0005Fh
  dw 00607h,base+00023h
  dw 00157h,base+0005Fh
  dw 00203h,base+00023h
  dw 00507h,base+0014Ch
  dw 0040Bh,base+000B4h
  dw 0080Ch,base+01CD2h
  dw 00102h,base+0005Fh
  dw 0080Dh,base+001E5h
  dw 0014Eh,base+00023h
  dw 00103h,base+00023h
  dw 00102h,base+0005Fh
  dw 00506h,base+0060Bh
  dw 0040Ah,base+00085h
  dw 00A0Eh,base+019CEh
  dw 00102h,base+0005Fh
  dw 0080Dh,base+002DDh
  dw 0034Eh,base+00023h
  dw 00103h,base+00023h
  dw 00B10h,base+01847h
  dw 00102h,base+0005Fh
  dw 00A0Eh,base+019D8h
  dw 00104h,base+0005Fh
  dw 0070Bh,base+003F8h
  dw 0034Eh,base+0015Fh
  dw 00204h,base+00023h
  dw 0090Dh,base+005D9h
  dw 00102h,base+0005Fh
  dw 00D10h,base+015ECh
  dw 00105h,base+0005Fh
  dw 00609h,base+00812h
  dw 0064Fh,base+00CD3h
  dw 00204h,base+0005Eh
  dw 0080Dh,base+005DAh
  dw 00102h,base+0005Fh
  dw 00D16h,base+015F9h
  dw 00508h,base+0006Ah
  dw 00750h,base+01DD9h
  dw 00204h,base+00084h
  dw 0060Bh,base+00369h
  dw 00103h,base+0005Fh
  dw 00E18h,base+01541h
  dw 00306h,base+00023h
  dw 00750h,base+01DE0h
  dw 00A0Ch,base+0199Ch
  dw 00103h,base+0005Fh
  dw 00102h,base+0005Fh
  dw 00F10h,base+0147Ch
  dw 00109h,base+0005Fh
  dw 00405h,base+00023h
  dw 00900h,base+01B67h

ryuPage3frame032:
  db 07Ch,01Fh,058h,068h
  db 058h
  db 000h,000h,098h,000h,000h
  db 000h,000h
  dw 0080Bh,base+00369h
  dw 00103h,base+0005Fh
  dw 0131Ch,base+00DF8h
  dw 00E5Ah,base+01525h
  dw 00207h,base+0005Fh
  dw 00103h,base+0005Fh
  dw 01315h,base+00E0Bh
  dw 00107h,base+0005Fh
  dw 00103h,base+00023h
  dw 00C5Eh,base+016C6h
  dw 00103h,base+0005Fh
  dw 01314h,base+00E1Eh
  dw 0010Ch,base+0005Fh
  dw 00C5Dh,base+016D2h
  dw 00103h,base+0005Fh
  dw 00A0Bh,base+019E2h
  dw 00809h,base+00E29h
  dw 0010Dh,base+0005Fh
  dw 00C5Ch,base+016DEh
  dw 00103h,base+0005Fh
  dw 0080Dh,base+01CDAh
  dw 00607h,base+000B1h
  dw 0010Eh,base+0005Fh
  dw 00B5Bh,base+017FAh
  dw 00102h,base+0005Fh
  dw 0080Eh,base+01CE2h
  dw 00607h,base+000B1h
  dw 0010Eh,base+0005Fh
  dw 00C5Ch,base+016EAh
  dw 0090Fh,base+01BC1h
  dw 00608h,base+005E1h
  dw 0010Fh,base+0005Fh
  dw 00A5Ah,base+0196Ah
  dw 00810h,base+01CEAh
  dw 00607h,base+00863h
  dw 00110h,base+0005Fh
  dw 00A59h,base+01974h
  dw 00710h,base+0016Dh
  dw 00617h,base+00369h
  dw 00A58h,base+016D3h
  dw 00812h,base+01CDAh
  dw 00517h,base+0014Ch
  dw 00A57h,base+016C7h
  dw 00713h,base+01CE3h
  dw 00417h,base+000B3h
  dw 00956h,base+01B79h
  dw 00713h,base+00503h
  dw 00718h,base+01E50h
  dw 00855h,base+016C8h
  dw 00613h,base+005DEh
  dw 00719h,base+0118Eh
  dw 00754h,base+01DEEh
  dw 00513h,base+0014Ch
  dw 00619h,base+0118Eh
  dw 00754h,base+01DF5h
  dw 00413h,base+000B3h
  dw 0061Ah,base+002BEh
  dw 00553h,base+00181h
  dw 00413h,base+000B3h
  dw 0061Bh,base+00239h
  dw 00452h,base+0019Fh
  dw 00414h,base+000B3h
  dw 0051Ah,base+00083h
  dw 00452h,base+00181h
  dw 00514h,base+0014Ch
  dw 0051Bh,base+000A3h
  dw 00351h,base+0019Fh
  dw 00514h,base+0014Ch
  dw 0051Bh,base+0071Fh
  dw 00252h,base+00029h
  dw 00414h,base+000C0h
  dw 0041Bh,base+000B1h
  dw 00151h,base+00029h
  dw 00414h,base+00083h
  dw 0046Ch,base+000D1h
  dw 00415h,base+000A3h
  dw 0036Bh,base+0009Dh
  dw 00415h,base+002B2h
  dw 0046Ch,base+000B1h
  dw 00414h,base+000A3h
  dw 0046Ch,base+000D1h
  dw 00415h,base+004DDh
  dw 0036Bh,base+0009Ch
  dw 00415h,base+002B2h
  dw 0046Bh,base+0006Dh
  dw 00415h,base+00082h
  dw 0046Ah,base+000B1h
  dw 00516h,base+000E1h
  dw 00468h,base+000B1h
  dw 00718h,base+002D9h
  dw 00467h,base+000B1h
  dw 00819h,base+01CC2h
  dw 00467h,base+000B1h
  dw 00618h,base+00023h
  dw 00400h,base+000AFh

ryuPage3frame033:
  db 042h,020h,062h,028h
  db 092h
  db 000h,000h,0D8h,000h,000h
  db 000h,000h
  dw 00180h,base+0005Fh
  dw 00100h,base+0005Fh

ryuPage3frame034:
  db 072h,020h,054h,048h
  db 074h
  db 000h,000h,0B8h,000h,000h
  db 000h,000h
  dw 01218h,base+00000h
  dw 00168h,base+0005Fh
  dw 01218h,base+00000h
  dw 00168h,base+0005Fh
  dw 01218h,base+00000h
  dw 00160h,base+0005Fh
  dw 00208h,base+0005Fh
  dw 01218h,base+00000h
  dw 0025Fh,base+0005Fh
  dw 00309h,base+00085h
  dw 01318h,base+00000h
  dw 0025Fh,base+0005Fh
  dw 00103h,base+0005Fh
  dw 00106h,base+0005Fh
  dw 01319h,base+00000h
  dw 0015Eh,base+0005Fh
  dw 00108h,base+0005Fh
  dw 0141Ah,base+00000h
  dw 0015Eh,base+0005Fh
  dw 00108h,base+0005Fh
  dw 0141Ah,base+00000h
  dw 0015Dh,base+0005Fh
  dw 00209h,base+0005Fh
  dw 01577h,base+00000h
  dw 00109h,base+0005Fh
  dw 01519h,base+00000h
  dw 00167h,base+0005Fh
  dw 01519h,base+00000h
  dw 00167h,base+0005Fh
  dw 01011h,base+00000h
  dw 00508h,base+00000h
  dw 00167h,base+0005Fh
  dw 01011h,base+00000h
  dw 00508h,base+00000h
  dw 0015Fh,base+0005Fh
  dw 00108h,base+0005Fh
  dw 00F12h,base+00000h
  dw 0046Eh,base+00000h
  dw 00F12h,base+00000h
  dw 0046Eh,base+00000h
  dw 00405h,base+00000h
  dw 00A0Dh,base+00000h
  dw 0046Eh,base+00000h
  dw 00306h,base+00000h
  dw 0090Dh,base+00000h
  dw 0046Dh,base+00000h
  dw 00306h,base+00000h
  dw 0090Dh,base+00000h
  dw 0046Dh,base+00000h
  dw 00306h,base+00000h
  dw 0090Dh,base+00000h
  dw 0046Ch,base+00000h
  dw 00408h,base+00000h
  dw 0070Dh,base+00000h
  dw 0046Ah,base+00000h
  dw 00409h,base+00000h
  dw 0070Dh,base+00000h
  dw 00465h,base+00000h
  dw 00105h,base+00000h
  dw 00409h,base+00000h
  dw 0070Dh,base+00000h
  dw 0055Fh,base+00000h
  dw 00106h,base+00000h
  dw 00104h,base+00000h
  dw 0050Bh,base+00000h
  dw 0060Ch,base+00000h
  dw 0065Fh,base+00000h
  dw 00105h,base+00000h
  dw 00205h,base+00000h
  dw 0050Bh,base+00000h
  dw 0060Dh,base+00000h
  dw 0055Eh,base+00000h
  dw 00105h,base+00000h
  dw 00105h,base+00000h
  dw 0040Bh,base+00000h
  dw 0070Dh,base+00000h
  dw 0065Eh,base+00000h
  dw 00205h,base+00000h
  dw 00105h,base+00000h
  dw 0040Bh,base+00000h
  dw 0070Eh,base+00000h
  dw 0060Dh,base+00000h
  dw 0014Eh,base+00023h
  dw 00103h,base+00000h
  dw 00103h,base+00000h
  dw 00205h,base+00000h
  dw 0040Ah,base+00000h
  dw 00A10h,base+00000h
  dw 0080Dh,base+01771h
  dw 0034Eh,base+00023h
  dw 00103h,base+00000h
  dw 00607h,base+00000h
  dw 0040Bh,base+00000h
  dw 00A12h,base+00000h
  dw 0070Bh,base+014EAh
  dw 0034Eh,base+0015Fh
  dw 00204h,base+00000h
  dw 00910h,base+00000h
  dw 00C14h,base+00000h
  dw 00609h,base+00C9Ch
  dw 0064Fh,base+00CD3h
  dw 00204h,base+00000h
  dw 00810h,base+00000h
  dw 00C15h,base+00000h
  dw 00508h,base+00056h
  dw 00750h,base+01DD9h
  dw 00204h,base+00000h
  dw 0060Eh,base+00000h
  dw 00E18h,base+00000h
  dw 00306h,base+00057h
  dw 00750h,base+01DE0h
  dw 00A11h,base+00000h
  dw 00F19h,base+00000h
  dw 00405h,base+00021h
  dw 00900h,base+01B67h

ryuPage3frame035:
  db 07Ch,01Fh,058h,068h
  db 058h
  db 000h,000h,098h,000h,000h
  db 000h,000h
  dw 00810h,base+00000h
  dw 00F1Ah,base+00000h
  dw 00E5Ah,base+0154Fh
  dw 0020Bh,base+00000h
  dw 0111Bh,base+00000h
  dw 00103h,base+00000h
  dw 00C62h,base+016C6h
  dw 0111Fh,base+00000h
  dw 00C60h,base+016D2h
  dw 00A0Bh,base+00000h
  dw 00716h,base+00000h
  dw 00C5Fh,base+016DEh
  dw 0080Dh,base+00000h
  dw 00615h,base+00000h
  dw 00B5Dh,base+017FAh
  dw 0080Eh,base+00000h
  dw 00615h,base+00000h
  dw 00C5Dh,base+016EAh
  dw 0080Eh,base+00000h
  dw 00617h,base+00000h
  dw 00A5Ah,base+0196Ah
  dw 00810h,base+00000h
  dw 00617h,base+00000h
  dw 00A59h,base+01974h
  dw 00710h,base+00000h
  dw 00617h,base+00000h
  dw 00A58h,base+016D3h
  dw 00812h,base+00000h
  dw 00517h,base+00000h
  dw 00A57h,base+016C7h
  dw 00713h,base+00000h
  dw 00417h,base+00000h
  dw 00956h,base+01B79h
  dw 00713h,base+00000h
  dw 00518h,base+00000h
  dw 00855h,base+016C8h
  dw 00613h,base+00000h
  dw 00519h,base+00000h
  dw 00754h,base+01DEEh
  dw 00513h,base+00000h
  dw 00519h,base+00000h
  dw 00754h,base+01DF5h
  dw 00413h,base+00000h
  dw 0061Ah,base+00000h
  dw 00553h,base+00181h
  dw 00413h,base+00000h
  dw 0061Bh,base+00000h
  dw 00452h,base+0019Fh
  dw 00414h,base+00000h
  dw 0051Ah,base+00000h
  dw 00452h,base+00181h
  dw 00514h,base+00000h
  dw 0051Bh,base+00000h
  dw 00351h,base+0019Fh
  dw 00514h,base+00000h
  dw 0051Bh,base+00000h
  dw 00252h,base+00029h
  dw 00414h,base+00000h
  dw 0041Bh,base+00000h
  dw 00151h,base+00029h
  dw 00414h,base+00000h
  dw 0046Ch,base+00000h
  dw 00415h,base+00000h
  dw 0036Bh,base+00000h
  dw 00415h,base+00000h
  dw 0046Ch,base+00000h
  dw 00414h,base+00000h
  dw 0046Ch,base+00000h
  dw 00415h,base+00000h
  dw 0036Bh,base+00000h
  dw 00415h,base+00000h
  dw 0046Bh,base+00000h
  dw 00415h,base+00000h
  dw 0046Ah,base+00000h
  dw 00516h,base+00000h
  dw 00468h,base+00000h
  dw 00718h,base+00000h
  dw 00467h,base+00000h
  dw 00819h,base+00000h
  dw 00467h,base+00000h
  dw 00618h,base+00000h
  dw 00400h,base+00000h

ryuPage3frame036:
  db 048h,020h,060h,028h
  db 096h
  db 000h,000h,0D8h,000h,000h
  db 000h,000h
  dw 00281h,base+0005Fh
  dw 00180h,base+0005Fh
  dw 00276h,base+0005Fh
  dw 0030Bh,base+00085h
  dw 00174h,base+0005Fh
  dw 00203h,base+0005Fh
  dw 00109h,base+0005Fh
  dw 0016Bh,base+0005Fh
  dw 00209h,base+00023h
  dw 0010Ch,base+0005Fh
  dw 0016Bh,base+0005Fh
  dw 00208h,base+00023h
  dw 00105h,base+0005Fh
  dw 00108h,base+0005Fh
  dw 0016Ah,base+0005Fh
  dw 00103h,base+00023h
  dw 00106h,base+00023h
  dw 0010Dh,base+0005Fh
  dw 0016Ah,base+0005Fh
  dw 00103h,base+00023h
  dw 00113h,base+00023h
  dw 0016Ah,base+0005Fh
  dw 00115h,base+00023h
  dw 00100h,base+0005Fh

ryuPage3frame037:
  db 06Eh,020h,058h,048h
  db 078h
  db 000h,000h,0B8h,000h,000h
  db 000h,000h
  dw 00F80h,base+00000h
  dw 00F74h,base+00000h
  dw 0010Ch,base+00023h
  dw 00F17h,base+00000h
  dw 0015Dh,base+00023h
  dw 0010Bh,base+00023h
  dw 01018h,base+00000h
  dw 00168h,base+00023h
  dw 01075h,base+00000h
  dw 0010Bh,base+00023h
  dw 01175h,base+00000h
  dw 00102h,base+00023h
  dw 00109h,base+00023h
  dw 01175h,base+00000h
  dw 0030Bh,base+00023h
  dw 00E0Fh,base+00000h
  dw 00267h,base+00000h
  dw 0020Ah,base+00023h
  dw 00E0Fh,base+00000h
  dw 00371h,base+00000h
  dw 00D10h,base+00000h
  dw 0026Fh,base+00000h
  dw 00304h,base+00000h
  dw 00A0Dh,base+00000h
  dw 0026Fh,base+00000h
  dw 00304h,base+00000h
  dw 00A0Dh,base+00000h
  dw 0036Fh,base+00000h
  dw 00305h,base+00000h
  dw 0090Ch,base+00000h
  dw 0036Fh,base+00000h
  dw 00205h,base+00000h
  dw 0080Dh,base+00000h
  dw 0026Eh,base+00000h
  dw 00205h,base+00000h
  dw 0080Dh,base+00000h
  dw 0026Eh,base+00000h
  dw 00205h,base+00000h
  dw 0080Dh,base+00000h
  dw 0036Eh,base+00000h
  dw 00206h,base+00000h
  dw 0070Dh,base+00000h
  dw 0026Dh,base+00000h
  dw 00106h,base+00000h
  dw 0070Dh,base+00000h
  dw 0026Ch,base+00000h
  dw 00208h,base+00000h
  dw 0060Dh,base+00000h
  dw 0016Bh,base+00000h
  dw 00208h,base+00000h
  dw 0050Dh,base+00000h
  dw 00264h,base+00000h
  dw 00106h,base+00000h
  dw 00309h,base+00000h
  dw 0050Eh,base+00000h
  dw 00163h,base+00000h
  dw 00106h,base+00000h
  dw 00209h,base+00000h
  dw 0050Eh,base+00000h
  dw 00269h,base+00000h
  dw 0020Ah,base+00000h
  dw 0030Dh,base+00000h
  dw 00263h,base+00000h
  dw 00105h,base+00000h
  dw 0030Bh,base+00000h
  dw 0030Dh,base+00000h
  dw 00463h,base+00000h
  dw 00105h,base+00000h
  dw 0030Bh,base+00000h
  dw 0040Eh,base+00000h
  dw 0055Dh,base+00000h
  dw 0010Ah,base+00000h
  dw 0020Bh,base+00000h
  dw 0040Eh,base+00000h
  dw 0060Ch,base+00000h
  dw 00152h,base+00023h
  dw 00108h,base+00000h
  dw 0030Ch,base+00000h
  dw 0050Fh,base+00000h
  dw 0060Bh,base+01773h
  dw 00352h,base+00023h
  dw 00103h,base+00000h
  dw 00104h,base+00000h
  dw 0030Ch,base+00000h
  dw 00712h,base+00000h
  dw 00309h,base+00138h
  dw 00352h,base+0015Fh
  dw 00203h,base+00000h
  dw 00203h,base+00000h
  dw 0030Dh,base+00000h
  dw 00712h,base+00000h
  dw 00408h,base+00022h
  dw 00651h,base+00CD3h
  dw 00204h,base+00000h
  dw 00511h,base+00000h
  dw 00713h,base+00000h
  dw 00407h,base+00022h
  dw 00752h,base+01DD9h
  dw 00104h,base+00000h
  dw 0040Fh,base+00000h
  dw 00915h,base+00000h
  dw 00306h,base+00022h
  dw 00752h,base+01DE0h
  dw 00711h,base+00000h
  dw 00B18h,base+00000h
  dw 00304h,base+00056h
  dw 00900h,base+01B67h

ryuPage3frame038:
  db 076h,01Fh,05Eh,068h
  db 05Eh
  db 000h,000h,098h,000h,000h
  db 000h,000h
  dw 0030Eh,base+00000h
  dw 00405h,base+00000h
  dw 00816h,base+00000h
  dw 00C58h,base+01527h
  dw 0010Dh,base+00000h
  dw 00406h,base+00000h
  dw 00305h,base+00000h
  dw 00211h,base+00000h
  dw 00C63h,base+016C6h
  dw 0040Ch,base+00000h
  dw 00312h,base+00000h
  dw 00C61h,base+016D2h
  dw 0050Eh,base+00000h
  dw 00212h,base+00000h
  dw 00C60h,base+016DEh
  dw 0040Eh,base+00000h
  dw 00213h,base+00000h
  dw 00B5Fh,base+017FAh
  dw 0040Eh,base+00000h
  dw 00213h,base+00000h
  dw 00C5Eh,base+016EAh
  dw 00410h,base+00000h
  dw 00214h,base+00000h
  dw 00A5Ch,base+0196Ah
  dw 00410h,base+00000h
  dw 00215h,base+00000h
  dw 00A5Bh,base+01974h
  dw 00311h,base+00000h
  dw 00214h,base+00000h
  dw 00A5Ah,base+016D3h
  dw 00312h,base+00000h
  dw 00215h,base+00000h
  dw 00A59h,base+016C7h
  dw 00212h,base+00000h
  dw 00216h,base+00000h
  dw 00957h,base+01B79h
  dw 00313h,base+00000h
  dw 00217h,base+00000h
  dw 00856h,base+016C8h
  dw 00213h,base+00000h
  dw 00318h,base+00000h
  dw 00755h,base+01DEEh
  dw 00113h,base+00000h
  dw 00318h,base+00000h
  dw 00755h,base+01DF5h
  dw 00214h,base+00000h
  dw 00218h,base+00000h
  dw 00554h,base+00181h
  dw 00214h,base+00000h
  dw 00219h,base+00000h
  dw 00453h,base+0019Fh
  dw 00214h,base+00000h
  dw 00219h,base+00000h
  dw 00453h,base+00181h
  dw 00315h,base+00000h
  dw 00119h,base+00000h
  dw 00352h,base+0019Fh
  dw 00315h,base+00000h
  dw 00119h,base+00000h
  dw 00253h,base+00029h
  dw 00214h,base+00000h
  dw 0021Ah,base+00000h
  dw 00153h,base+00029h
  dw 00114h,base+00000h
  dw 0016Ch,base+00000h
  dw 00214h,base+00000h
  dw 0016Ch,base+00000h
  dw 00214h,base+00000h
  dw 0016Ch,base+00000h
  dw 00214h,base+00000h
  dw 0026Ch,base+00000h
  dw 00215h,base+00000h
  dw 0016Bh,base+00000h
  dw 00215h,base+00000h
  dw 0016Ch,base+00000h
  dw 00114h,base+00000h
  dw 0026Ch,base+00000h
  dw 00214h,base+00000h
  dw 0026Ah,base+00000h
  dw 00416h,base+00000h
  dw 00269h,base+00000h
  dw 00517h,base+00000h
  dw 00168h,base+00000h
  dw 00617h,base+00000h
  dw 00200h,base+00000h

ryuPage3frame039:
  db 04Ah,020h,060h,028h
  db 082h
  db 000h,000h,0D8h,000h,000h
  db 000h,000h
  dw 00204h,base+00023h
  dw 0017Ch,base+00023h
  dw 00104h,base+00023h
  dw 0017Ch,base+00023h
  dw 00176h,base+00023h
  dw 00180h,base+00000h
  dw 0027Fh,base+00000h
  dw 0020Bh,base+00000h
  dw 00175h,base+00023h
  dw 00180h,base+00000h
  dw 0017Bh,base+00000h
  dw 0017Fh,base+00023h
  dw 00380h,base+00023h
  dw 00102h,base+00023h
  dw 00180h,base+00023h
  dw 00180h,base+00023h
  dw 00280h,base+00023h
  dw 00280h,base+00023h
  dw 0020Bh,base+00023h
  dw 00175h,base+00023h
  dw 0010Ah,base+00023h
  dw 00276h,base+00023h
  dw 0010Ah,base+00023h
  dw 00180h,base+00023h
  dw 0017Fh,base+00023h
  dw 0010Eh,base+00023h
  dw 00172h,base+00023h
  dw 00118h,base+00023h
  dw 00168h,base+00023h
  dw 0010Fh,base+00023h
  dw 00108h,base+00023h
  dw 00369h,base+00023h
  dw 00108h,base+00023h
  dw 00111h,base+00000h
  dw 00167h,base+00023h
  dw 00108h,base+00023h
  dw 00108h,base+00000h
  dw 00106h,base+00023h
  dw 00103h,base+00023h
  dw 00167h,base+00023h
  dw 00108h,base+00023h
  dw 00108h,base+00000h
  dw 00106h,base+00023h
  dw 0016Ah,base+00023h
  dw 00208h,base+00023h
  dw 00108h,base+00000h
  dw 00106h,base+00023h
  dw 0016Bh,base+00023h
  dw 00206h,base+00023h
  dw 00208h,base+00000h
  dw 00207h,base+00023h
  dw 0016Bh,base+00023h
  dw 00206h,base+00023h
  dw 00308h,base+00000h
  dw 00208h,base+00023h
  dw 0016Ah,base+00023h
  dw 00206h,base+00023h
  dw 00307h,base+00000h
  dw 00279h,base+00023h
  dw 00307h,base+00000h
  dw 00278h,base+00023h
  dw 0046Fh,base+00000h
  dw 00110h,base+00000h
  dw 0067Fh,base+00000h
  dw 00800h,base+00000h

ryuPage3frame040:
  db 062h,020h,058h,048h
  db 060h
  db 000h,000h,0B8h,000h,000h
  db 000h,000h
  dw 0010Eh,base+00000h
  dw 00A7Fh,base+00000h
  dw 00E80h,base+00000h
  dw 00E7Fh,base+00000h
  dw 00F80h,base+00000h
  dw 00F80h,base+00000h
  dw 00C0Dh,base+00000h
  dw 00273h,base+00000h
  dw 00C0Eh,base+00000h
  dw 00271h,base+00000h
  dw 00D10h,base+00000h
  dw 00170h,base+00000h
  dw 00304h,base+00000h
  dw 0090Ch,base+00000h
  dw 00270h,base+00000h
  dw 00204h,base+00000h
  dw 0090Ch,base+00000h
  dw 00270h,base+00000h
  dw 00204h,base+00000h
  dw 0080Dh,base+00000h
  dw 0016Fh,base+00000h
  dw 00204h,base+00000h
  dw 0080Dh,base+00000h
  dw 0026Fh,base+00000h
  dw 00205h,base+00000h
  dw 0070Ch,base+00000h
  dw 0026Fh,base+00000h
  dw 00105h,base+00000h
  dw 0070Ch,base+00000h
  dw 0026Eh,base+00000h
  dw 00207h,base+00000h
  dw 0060Ch,base+00000h
  dw 0016Dh,base+00000h
  dw 00207h,base+00000h
  dw 0060Ch,base+00000h
  dw 0016Dh,base+00000h
  dw 00207h,base+00000h
  dw 0050Ch,base+00000h
  dw 0016Dh,base+00000h
  dw 00107h,base+00000h
  dw 0050Ch,base+00000h
  dw 0026Dh,base+00000h
  dw 00107h,base+00000h
  dw 0050Dh,base+00000h
  dw 0016Ch,base+00000h
  dw 00108h,base+00000h
  dw 0040Ch,base+00000h
  dw 00164h,base+00000h
  dw 00107h,base+00000h
  dw 00209h,base+00000h
  dw 00370h,base+00000h
  dw 00107h,base+00000h
  dw 00109h,base+00000h
  dw 0030Dh,base+00000h
  dw 00169h,base+00000h
  dw 0020Bh,base+00000h
  dw 0020Ch,base+00000h
  dw 00263h,base+00000h
  dw 00106h,base+00000h
  dw 0020Bh,base+00000h
  dw 0020Dh,base+00000h
  dw 00362h,base+00000h
  dw 00105h,base+00000h
  dw 0030Ch,base+00000h
  dw 0020Eh,base+00000h
  dw 0045Ch,base+00000h
  dw 0010Ah,base+00000h
  dw 0020Bh,base+00000h
  dw 00411h,base+00000h
  dw 0035Bh,base+00000h
  dw 00108h,base+00000h
  dw 0030Ch,base+00000h
  dw 00512h,base+00000h
  dw 0035Ah,base+00000h
  dw 00103h,base+00000h
  dw 00104h,base+00000h
  dw 0030Ch,base+00000h
  dw 00614h,base+00000h
  dw 00159h,base+00000h
  dw 00203h,base+00000h
  dw 00203h,base+00000h
  dw 0030Dh,base+00000h
  dw 0066Bh,base+00000h
  dw 00204h,base+00000h
  dw 00511h,base+00000h
  dw 0066Ch,base+00000h
  dw 00104h,base+00000h
  dw 0040Fh,base+00000h
  dw 0086Dh,base+00000h
  dw 00713h,base+00000h
  dw 00607h,base+00000h
  dw 00115h,base+00000h
  dw 00100h,base+00023h

ryuPage3frame041:
  db 076h,01Fh,05Eh,068h
  db 05Eh
  db 000h,000h,098h,000h,000h
  db 000h,000h
  dw 00310h,base+00000h
  dw 00204h,base+00000h
  dw 00204h,base+00000h
  dw 0020Ch,base+00000h
  dw 00109h,base+00023h
  dw 00354h,base+00023h
  dw 0010Eh,base+00000h
  dw 0020Ah,base+00000h
  dw 0010Bh,base+00000h
  dw 00209h,base+00023h
  dw 00361h,base+0015Fh
  dw 0030Bh,base+00000h
  dw 0020Bh,base+00000h
  dw 00408h,base+00022h
  dw 00662h,base+00CD3h
  dw 0020Ch,base+00000h
  dw 0010Bh,base+00000h
  dw 00407h,base+00022h
  dw 00761h,base+01DD9h
  dw 0030Dh,base+00000h
  dw 0010Ch,base+00000h
  dw 00306h,base+00022h
  dw 00761h,base+01DE0h
  dw 0030Dh,base+00000h
  dw 0020Dh,base+00000h
  dw 00304h,base+00056h
  dw 00961h,base+01B67h
  dw 0030Fh,base+00000h
  dw 0010Eh,base+00000h
  dw 00C63h,base+01527h
  dw 0030Fh,base+00000h
  dw 0020Fh,base+00000h
  dw 00C62h,base+016C6h
  dw 00210h,base+00000h
  dw 0010Fh,base+00000h
  dw 00C60h,base+016D2h
  dw 00211h,base+00000h
  dw 00110h,base+00000h
  dw 00C5Eh,base+016DEh
  dw 00212h,base+00000h
  dw 00111h,base+00000h
  dw 00B5Dh,base+017FAh
  dw 00212h,base+00000h
  dw 00211h,base+00000h
  dw 00C5Ch,base+016EAh
  dw 00213h,base+00000h
  dw 00213h,base+00000h
  dw 00A5Ah,base+0196Ah
  dw 00113h,base+00000h
  dw 00214h,base+00000h
  dw 00A59h,base+01974h
  dw 00214h,base+00000h
  dw 00113h,base+00000h
  dw 00A59h,base+016D3h
  dw 00214h,base+00000h
  dw 00214h,base+00000h
  dw 00A59h,base+016C7h
  dw 00113h,base+00000h
  dw 00215h,base+00000h
  dw 00958h,base+01B79h
  dw 00214h,base+00000h
  dw 00115h,base+00000h
  dw 00857h,base+016C8h
  dw 00214h,base+00000h
  dw 00116h,base+00000h
  dw 00757h,base+01DEEh
  dw 00113h,base+00000h
  dw 00216h,base+00000h
  dw 00757h,base+01DF5h
  dw 00114h,base+00000h
  dw 00116h,base+00000h
  dw 00557h,base+00181h
  dw 00113h,base+00000h
  dw 00117h,base+00000h
  dw 00456h,base+0019Fh
  dw 00113h,base+00000h
  dw 00117h,base+00000h
  dw 00456h,base+00181h
  dw 00113h,base+00000h
  dw 00218h,base+00000h
  dw 00355h,base+0019Fh
  dw 00114h,base+00000h
  dw 00117h,base+00000h
  dw 00255h,base+00029h
  dw 00114h,base+00000h
  dw 00118h,base+00000h
  dw 00154h,base+00029h
  dw 00114h,base+00000h
  dw 0026Ch,base+00000h
  dw 00214h,base+00000h
  dw 0026Ah,base+00000h
  dw 00416h,base+00000h
  dw 00269h,base+00000h
  dw 00517h,base+00000h
  dw 00168h,base+00000h
  dw 00617h,base+00000h
  dw 00200h,base+00000h

ryuPage3frame042:
  db 04Ah,019h,062h,028h
  db 06Ah
  db 000h,000h,0D8h,000h,000h
  db 000h,000h
  dw 00180h,base+00000h
  dw 00180h,base+00000h
  dw 00180h,base+00000h
  dw 00100h,base+00000h

ryuPage3frame043:
  db 038h,020h,074h,048h
  db 086h
  db 000h,000h,0B8h,000h,000h
  db 000h,000h
  dw 00180h,base+00000h
  dw 00180h,base+00000h
  dw 00180h,base+00000h
  dw 00180h,base+00000h
  dw 00180h,base+00000h
  dw 00180h,base+00000h
  dw 00100h,base+00000h

ryuPage3frame044:
  db 076h,01Fh,05Eh,068h
  db 074h
  db 000h,000h,098h,000h,000h
  db 000h,000h
  dw 00102h,base+00000h
  dw 00106h,base+00000h
  dw 0040Ch,base+00000h
  dw 00107h,base+00000h
  dw 00165h,base+00000h
  dw 00108h,base+00000h
  dw 0040Ch,base+00000h
  dw 00107h,base+00000h
  dw 00165h,base+00000h
  dw 00108h,base+00000h
  dw 00378h,base+00000h
  dw 00108h,base+00000h
  dw 0030Fh,base+00000h
  dw 0010Bh,base+00000h
  dw 0015Eh,base+00023h
  dw 00109h,base+00000h
  dw 0020Eh,base+00000h
  dw 00102h,base+00000h
  dw 00109h,base+00023h
  dw 0035Eh,base+00023h
  dw 00109h,base+00000h
  dw 00204h,base+00000h
  dw 0010Ah,base+00000h
  dw 00102h,base+00000h
  dw 00209h,base+00023h
  dw 0035Ah,base+0015Fh
  dw 0010Dh,base+00000h
  dw 00204h,base+00000h
  dw 0010Ah,base+00000h
  dw 00102h,base+00000h
  dw 00408h,base+00022h
  dw 00656h,base+00CD3h
  dw 00105h,base+00000h
  dw 0010Dh,base+00000h
  dw 0020Eh,base+00000h
  dw 00103h,base+00000h
  dw 00407h,base+00022h
  dw 00756h,base+01DD9h
  dw 00105h,base+00000h
  dw 0010Dh,base+00000h
  dw 00312h,base+00000h
  dw 00306h,base+00022h
  dw 00756h,base+01DE0h
  dw 00105h,base+00000h
  dw 0020Dh,base+00000h
  dw 00313h,base+00000h
  dw 00304h,base+00056h
  dw 00957h,base+01B67h
  dw 00105h,base+00000h
  dw 00209h,base+00000h
  dw 00105h,base+00000h
  dw 00214h,base+00000h
  dw 00C57h,base+01527h
  dw 00102h,base+00000h
  dw 00105h,base+00000h
  dw 00109h,base+00000h
  dw 00105h,base+00000h
  dw 00215h,base+00000h
  dw 00C56h,base+016C6h
  dw 00306h,base+00000h
  dw 0010Ah,base+00000h
  dw 00105h,base+00000h
  dw 00216h,base+00000h
  dw 00C56h,base+016D2h
  dw 0020Dh,base+00000h
  dw 00107h,base+00000h
  dw 00217h,base+00000h
  dw 00C56h,base+016DEh
  dw 0010Ch,base+00000h
  dw 00107h,base+00000h
  dw 00118h,base+00000h
  dw 00B55h,base+017FAh
  dw 0010Ch,base+00000h
  dw 00107h,base+00000h
  dw 00106h,base+00000h
  dw 00112h,base+00000h
  dw 00C60h,base+016EAh
  dw 00208h,base+00000h
  dw 00106h,base+00000h
  dw 00114h,base+00000h
  dw 00A5Dh,base+0196Ah
  dw 00209h,base+00000h
  dw 00106h,base+00000h
  dw 00103h,base+00000h
  dw 00112h,base+00000h
  dw 00A5Dh,base+01974h
  dw 0010Eh,base+00000h
  dw 00103h,base+00000h
  dw 00112h,base+00000h
  dw 00A5Dh,base+016D3h
  dw 0010Eh,base+00000h
  dw 00103h,base+00000h
  dw 00113h,base+00000h
  dw 00A6Ah,base+016C7h
  dw 00103h,base+00000h
  dw 00114h,base+00000h
  dw 00969h,base+01B79h
  dw 00103h,base+00000h
  dw 00115h,base+00000h
  dw 00868h,base+016C8h
  dw 00103h,base+00000h
  dw 00116h,base+00000h
  dw 00767h,base+01DEEh
  dw 00103h,base+00000h
  dw 00116h,base+00000h
  dw 00767h,base+01DF5h
  dw 0011Ah,base+00000h
  dw 00556h,base+00181h
  dw 00110h,base+00000h
  dw 0011Bh,base+00000h
  dw 00454h,base+0019Fh
  dw 00211h,base+00000h
  dw 0011Bh,base+00000h
  dw 00454h,base+00181h
  dw 00211h,base+00000h
  dw 00105h,base+00000h
  dw 00117h,base+00000h
  dw 00353h,base+0019Fh
  dw 00216h,base+00000h
  dw 00117h,base+00000h
  dw 00251h,base+00029h
  dw 00A17h,base+00000h
  dw 00419h,base+00000h
  dw 0014Fh,base+00029h
  dw 00A15h,base+00000h
  dw 00800h,base+00000h

ryuPage3frame045:
  db 04Ch,015h,062h,028h
  db 066h
  db 000h,000h,0D8h,000h,000h
  db 000h,000h
  dw 00280h,base+00000h
  dw 00200h,base+00000h

ryuPage3frame046:
  db 002h,001h,086h,067h
  db 086h
  db 000h,000h,099h,000h,000h
  db 000h,000h
  dw 00100h,base+00000h

ryuPage3frame047:
  db 070h,01Fh,060h,068h
  db 086h
  db 000h,000h,098h,000h,000h
  db 000h,000h
  dw 00180h,base+00000h
  dw 00180h,base+00000h
  dw 00180h,base+00000h
  dw 00180h,base+00000h
  dw 00100h,base+00000h

ryuPage3frame048:
  db 050h,00Bh,062h,030h
  db 062h
  db 000h,000h,0D0h,000h,000h
  db 000h,000h
  dw 00280h,base+00000h
  dw 00281h,base+00000h
  dw 00180h,base+00000h
  dw 00180h,base+00000h
  dw 0010Ch,base+00000h
  dw 00119h,base+00000h
  dw 00180h,base+00000h
  dw 00161h,base+00000h
  dw 00115h,base+00000h
  dw 0010Ah,base+00000h
  dw 00261h,base+00000h
  dw 00115h,base+00000h
  dw 0010Ah,base+00000h
  dw 00261h,base+00000h
  dw 00115h,base+00000h
  dw 0016Bh,base+00000h
  dw 00114h,base+00000h
  dw 0026Dh,base+00000h
  dw 00113h,base+00000h
  dw 00100h,base+00000h

ryuPage3frame049:
  db 002h,079h,000h,088h
  db 0FFh
  db 000h,000h,078h,000h,000h
  db 000h,000h

ryuPage3frame050:
  db 070h,008h,05Eh,07Fh
  db 0BEh
  db 000h,000h,081h,000h,000h
  db 000h,000h
  dw 0087Fh,base+01667h
  dw 0097Dh,base+00540h
  dw 00C7Eh,base+00510h
  dw 00C7Fh,base+00511h
  dw 00A7Eh,base+019ECh
  dw 0095Dh,base+00027h
  dw 0267Ch,base+00038h
  dw 02600h,base+00000h

ryuPage3frame051:
  db 050h,009h,064h,030h
  db 064h
  db 000h,000h,0D0h,000h,000h
  db 000h,000h
  dw 00180h,base+00000h
  dw 00180h,base+00000h
  dw 0018Ch,base+00000h
  dw 0010Dh,base+00000h
  dw 00280h,base+00000h
  dw 0020Eh,base+00000h
  dw 00172h,base+00000h
  dw 0010Eh,base+00000h
  dw 00172h,base+00000h
  dw 0016Eh,base+00000h
  dw 00112h,base+00000h
  dw 0016Eh,base+00000h
  dw 00113h,base+00000h
  dw 00100h,base+00000h

ryuPage3frame052:
  db 002h,079h,000h,088h
  db 0FFh
  db 000h,000h,078h,000h,000h
  db 000h,000h

ryuPage3frame053:
  db 070h,003h,05Eh,084h
  db 0A4h
  db 000h,000h,07Ch,000h,000h
  db 000h,000h
  dw 00204h,base+00023h
  dw 0075Dh,base+00027h
  dw 0347Ch,base+00004h
  dw 02325h,base+00000h
  dw 01000h,base+00025h

ryuPage3frame054:
  db 004h,003h,09Ah,032h
  db 09Ah
  db 000h,000h,0CEh,000h,000h
  db 000h,000h
  dw 00180h,base+00000h
  dw 00280h,base+00000h
  dw 00200h,base+00000h

ryuPage3frame055:
  db 002h,079h,000h,088h
  db 0FFh
  db 000h,000h,078h,000h,000h
  db 000h,000h

ryuPage3frame056:
  db 070h,002h,05Eh,085h
  db 066h
  db 000h,000h,07Bh,000h,000h
  db 000h,000h
  dw 0317Ch,base+00004h
  dw 03800h,base+00000h

ryuPage3frame057:
  db 002h,003h,09Ch,032h
  db 09Ch
  db 000h,000h,0CEh,000h,000h
  db 000h,000h
  dw 00180h,base+00000h
  dw 00180h,base+00000h
  dw 00100h,base+00000h

ryuPage3frame058:
  db 002h,079h,000h,088h
  db 0FFh
  db 000h,000h,078h,000h,000h
  db 000h,000h

ryuPage3frame059:
  db 070h,002h,05Eh,085h
  db 066h
  db 000h,000h,07Bh,000h,000h
  db 000h,000h
  dw 0317Ch,base+00004h
  dw 03800h,base+00000h

ryuPage3frame060:
  db 002h,079h,000h,088h
  db 0FFh
  db 000h,000h,078h,000h,000h
  db 000h,000h

ryuPage3frame061:
  db 002h,079h,000h,088h
  db 0FFh
  db 000h,000h,078h,000h,000h
  db 000h,000h

ryuPage3frame062:
  db 070h,002h,05Eh,085h
  db 066h
  db 000h,000h,07Bh,000h,000h
  db 000h,000h
  dw 0317Ch,base+00004h
  dw 03800h,base+00000h


