  dw ryuPage3frame000
  dw ryuPage3frame001
  dw ryuPage3frame002
  dw ryuPage3frame003
  dw ryuPage3frame004
  dw ryuPage3frame005
  dw ryuPage3frame006
  dw ryuPage3frame007
  dw ryuPage3frame008
  dw ryuPage3frame009
  dw ryuPage3frame010
  dw ryuPage3frame011
  dw ryuPage3frame012
  dw ryuPage3frame013
  dw ryuPage3frame014
  dw ryuPage3frame015
  dw ryuPage3frame016
  dw ryuPage3frame017
  dw ryuPage3frame018
  dw ryuPage3frame019
  dw ryuPage3frame020
  dw ryuPage3frame021
  dw ryuPage3frame022
  dw ryuPage3frame023

ryuPage3frame000:
  db 024h,051h,06Ch,033h
  db 082h
  dw base+00000h
  dw 0017Fh
  dw 0037Fh
  dw 00480h
  dw 00480h
  dw 0057Eh
  dw 00780h
  dw 0077Fh
  dw 00880h
  dw 0087Fh
  dw 00A80h
  dw 00A7Fh
  dw 00B7Fh
  dw 00D80h
  dw 00D7Fh
  dw 00F80h
  dw 00F80h
  dw 0107Fh
  dw 01180h
  dw 01180h
  dw 01180h
  dw 01181h
  dw 00304h
  dw 00C80h
  dw 00C80h
  dw 00C80h
  dw 00C80h
  dw 00C80h
  dw 00C81h
  dw 00B80h
  dw 00A80h
  dw 00A81h
  dw 00880h
  dw 00607h
  dw 00178h
  dw 00780h
  dw 00780h
  dw 00880h
  dw 00880h
  dw 0087Fh
  dw 00980h
  dw 00980h
  dw 00A80h
  dw 00A80h
  dw 00A80h
  dw 00A80h
  dw 00A80h
  dw 00B80h
  dw 00B80h
  dw 00B80h
  dw 00B7Fh
  dw 00C80h
  dw 00D80h
  dw 00607h
  dw 00679h
  dw 00507h
  dw 00679h
  dw 00507h
  dw 00679h
  dw 00508h
  dw 00578h
  dw 00508h
  dw 00577h
  dw 00609h
  dw 00577h
  dw 00609h
  dw 00577h
  dw 00509h
  dw 00576h
  dw 0060Ah
  dw 00576h
  dw 0060Ah
  dw 00576h
  dw 00609h
  dw 00676h
  dw 0060Ah
  dw 00676h
  dw 0060Ah
  dw 00576h
  dw 0060Ah
  dw 00576h
  dw 0060Ah
  dw 00576h
  dw 0050Ah
  dw 00576h
  dw 0050Ah
  dw 00576h
  dw 0050Bh
  dw 00475h
  dw 0050Bh
  dw 00474h
  dw 0050Ch
  dw 00474h
  dw 0050Ch
  dw 00374h
  dw 0050Ch
  dw 00274h
  dw 0050Ch
  dw 00274h
  dw 0020Bh
  dw 00374h
  dw 0030Ch
  dw 00374h
  dw 0030Ch
  dw 00374h
  dw 0030Ch
  dw 00374h
  dw 0030Ch
  dw 00474h
  dw 0040Ch
  dw 00574h
  dw 0040Ch
  dw 00575h
  dw 00300h

ryuPage3frame001:
  db 022h,03Bh,06Eh,049h
  db 082h
  dw base+0031Fh
  dw 0017Fh
  dw 0037Fh
  dw 00480h
  dw 00480h
  dw 0057Eh
  dw 00780h
  dw 0077Fh
  dw 00880h
  dw 0087Fh
  dw 00A80h
  dw 00A7Fh
  dw 00B7Fh
  dw 00D80h
  dw 00D7Fh
  dw 00F80h
  dw 00F80h
  dw 0107Fh
  dw 01180h
  dw 01180h
  dw 01180h
  dw 01181h
  dw 00304h
  dw 00C80h
  dw 00C80h
  dw 00C80h
  dw 00C80h
  dw 00C80h
  dw 00C81h
  dw 00B80h
  dw 00A80h
  dw 00A81h
  dw 0087Bh
  dw 00305h
  dw 00607h
  dw 00173h
  dw 00506h
  dw 0067Ah
  dw 00C80h
  dw 00C80h
  dw 00C80h
  dw 00D80h
  dw 00D80h
  dw 00D80h
  dw 00D80h
  dw 00D80h
  dw 00D80h
  dw 00D80h
  dw 00D80h
  dw 00D81h
  dw 00C80h
  dw 00D80h
  dw 00D80h
  dw 00507h
  dw 0067Ah
  dw 00306h
  dw 0067Ah
  dw 00206h
  dw 0067Bh
  dw 00105h
  dw 0077Bh
  dw 00205h
  dw 0077Bh
  dw 00205h
  dw 0077Ah
  dw 00306h
  dw 0077Ah
  dw 00306h
  dw 00779h
  dw 00408h
  dw 00676h
  dw 0060Ah
  dw 00576h
  dw 0040Ah
  dw 00400h

ryuPage3frame002:
  db 026h,048h,06Eh,03Bh
  db 07Eh
  dw base+005A6h
  dw 0017Fh
  dw 0037Fh
  dw 00480h
  dw 0057Fh
  dw 00681h
  dw 0057Fh
  dw 00781h
  dw 00A81h
  dw 00980h
  dw 00A80h
  dw 00A7Fh
  dw 00C7Fh
  dw 00D80h
  dw 00D7Fh
  dw 00F80h
  dw 00F7Fh
  dw 01080h
  dw 01080h
  dw 0107Fh
  dw 01180h
  dw 00405h
  dw 00C7Bh
  dw 00306h
  dw 00B7Ah
  dw 00306h
  dw 00B7Ah
  dw 00207h
  dw 00A78h
  dw 00308h
  dw 00A78h
  dw 00209h
  dw 00977h
  dw 0020Ah
  dw 00775h
  dw 0030Bh
  dw 00775h
  dw 00309h
  dw 00102h
  dw 00876h
  dw 00107h
  dw 00B79h
  dw 00107h
  dw 00102h
  dw 00980h
  dw 00980h
  dw 0097Fh
  dw 00A80h
  dw 00A7Fh
  dw 00B80h
  dw 00B7Fh
  dw 00C80h
  dw 00C80h
  dw 00B7Fh
  dw 00C80h
  dw 00C80h
  dw 00C80h
  dw 00607h
  dw 00579h
  dw 00607h
  dw 00579h
  dw 00507h
  dw 00578h
  dw 00608h
  dw 00578h
  dw 00508h
  dw 00478h
  dw 00508h
  dw 00477h
  dw 00609h
  dw 00477h
  dw 00509h
  dw 00477h
  dw 00509h
  dw 00477h
  dw 00509h
  dw 00477h
  dw 00509h
  dw 00478h
  dw 00408h
  dw 00478h
  dw 00308h
  dw 00478h
  dw 00308h
  dw 00478h
  dw 00308h
  dw 00478h
  dw 00208h
  dw 00478h
  dw 00208h
  dw 00478h
  dw 00208h
  dw 00477h
  dw 0030Ah
  dw 00376h
  dw 0030Bh
  dw 00275h
  dw 0030Bh
  dw 00275h
  dw 0030Bh
  dw 00275h
  dw 0020Bh
  dw 00274h
  dw 0030Bh
  dw 00375h
  dw 0030Bh
  dw 00375h
  dw 0030Ah
  dw 00476h
  dw 0030Ah
  dw 00477h
  dw 00109h
  dw 00380h
  dw 00300h

ryuPage3frame003:
  db 026h,03Eh,070h,048h
  db 082h
  dw base+0084Eh
  dw 0017Fh
  dw 00280h
  dw 00280h
  dw 00380h
  dw 0037Fh
  dw 00409h
  dw 00102h
  dw 00175h
  dw 00308h
  dw 00378h
  dw 00308h
  dw 00478h
  dw 00207h
  dw 00579h
  dw 00207h
  dw 00578h
  dw 00308h
  dw 00478h
  dw 00408h
  dw 00478h
  dw 00406h
  dw 0067Ah
  dw 00506h
  dw 0067Ah
  dw 00506h
  dw 0067Ah
  dw 00C80h
  dw 00C80h
  dw 00C81h
  dw 00A81h
  dw 00981h
  dw 0097Fh
  dw 00A80h
  dw 00B80h
  dw 00B80h
  dw 00B80h
  dw 00B80h
  dw 00B80h
  dw 00B80h
  dw 00B80h
  dw 00B80h
  dw 00B7Fh
  dw 00C7Dh
  dw 00203h
  dw 00B7Bh
  dw 00203h
  dw 00D7Ch
  dw 01180h
  dw 0107Fh
  dw 01180h
  dw 01180h
  dw 01080h
  dw 01080h
  dw 01080h
  dw 00F80h
  dw 00E81h
  dw 00D80h
  dw 00D80h
  dw 00D80h
  dw 00C80h
  dw 00D80h
  dw 00D80h
  dw 00D81h
  dw 00C81h
  dw 00203h
  dw 0087Dh
  dw 00203h
  dw 0097Dh
  dw 00203h
  dw 0097Dh
  dw 00203h
  dw 0097Dh
  dw 00203h
  dw 0097Dh
  dw 00C7Fh
  dw 00405h
  dw 0087Bh
  dw 00405h
  dw 00305h
  dw 00275h
  dw 00407h
  dw 00179h
  dw 00380h
  dw 00200h

ryuPage3frame004:
  db 02Eh,040h,06Ch,035h
  db 086h
  dw base+00AD5h
  dw 00103h
  dw 0017Dh
  dw 00481h
  dw 00280h
  dw 0027Dh
  dw 00203h
  dw 0027Eh
  dw 0037Fh
  dw 0047Fh
  dw 00580h
  dw 00580h
  dw 00680h
  dw 0077Ah
  dw 00D80h
  dw 00E7Fh
  dw 00F81h
  dw 00F7Fh
  dw 01182h
  dw 01080h
  dw 00104h
  dw 00C7Ch
  dw 00106h
  dw 00B80h
  dw 00B80h
  dw 00B80h
  dw 00B79h
  dw 00207h
  dw 00B78h
  dw 00408h
  dw 00B78h
  dw 00408h
  dw 00B78h
  dw 00506h
  dw 00D79h
  dw 01480h
  dw 01580h
  dw 01580h
  dw 01580h
  dw 01580h
  dw 01580h
  dw 01580h
  dw 01580h
  dw 0157Fh
  dw 01680h
  dw 01680h
  dw 01680h
  dw 01680h
  dw 01580h
  dw 01581h
  dw 00D0Eh
  dw 00572h
  dw 00C0Eh
  dw 00472h
  dw 00C0Eh
  dw 00102h
  dw 00270h
  dw 00C0Fh
  dw 00102h
  dw 0016Fh
  dw 00C10h
  dw 00170h
  dw 00880h
  dw 0077Fh
  dw 00780h
  dw 00780h
  dw 0077Fh
  dw 00780h
  dw 00780h
  dw 00780h
  dw 00780h
  dw 00580h
  dw 00582h
  dw 0037Fh
  dw 00480h
  dw 00380h
  dw 00380h
  dw 00380h
  dw 00381h
  dw 00100h

ryuPage3frame005:
  db 02Ah,047h,074h,03Eh
  db 07Ah
  dw base+00DBAh
  dw 00280h
  dw 0037Fh
  dw 00480h
  dw 00480h
  dw 0037Fh
  dw 0037Fh
  dw 00480h
  dw 00480h
  dw 00309h
  dw 00177h
  dw 00308h
  dw 00279h
  dw 00207h
  dw 00379h
  dw 00206h
  dw 0047Ah
  dw 00206h
  dw 0047Ah
  dw 00306h
  dw 0047Ah
  dw 00305h
  dw 0047Bh
  dw 00304h
  dw 0047Ch
  dw 00304h
  dw 0047Ch
  dw 00880h
  dw 00780h
  dw 00780h
  dw 00880h
  dw 00506h
  dw 00203h
  dw 00177h
  dw 00506h
  dw 0047Ah
  dw 00B80h
  dw 00506h
  dw 0057Ah
  dw 00B80h
  dw 00B81h
  dw 00A80h
  dw 00A80h
  dw 00A80h
  dw 00A81h
  dw 0097Fh
  dw 00A80h
  dw 00A80h
  dw 00A80h
  dw 00A80h
  dw 00A80h
  dw 00A80h
  dw 00A7Fh
  dw 00B80h
  dw 00B80h
  dw 00A0Fh
  dw 00171h
  dw 00A0Ch
  dw 00102h
  dw 00272h
  dw 00A0Bh
  dw 00675h
  dw 00A0Bh
  dw 00775h
  dw 00809h
  dw 00102h
  dw 00875h
  dw 0080Bh
  dw 00875h
  dw 0090Ah
  dw 00A75h
  dw 00A0Bh
  dw 00A75h
  dw 0090Bh
  dw 00A75h
  dw 0090Ah
  dw 00809h
  dw 0026Dh
  dw 01214h
  dw 0016Dh
  dw 01113h
  dw 0016Dh
  dw 01281h
  dw 01180h
  dw 01281h
  dw 01180h
  dw 01180h
  dw 01280h
  dw 00D0Eh
  dw 00473h
  dw 00D0Eh
  dw 00372h
  dw 01180h
  dw 01180h
  dw 01181h
  dw 01080h
  dw 01080h
  dw 01081h
  dw 00F80h
  dw 00E81h
  dw 00D81h
  dw 00900h

ryuPage3frame006:
  db 046h,02Ah,05Ch,051h
  db 082h
  dw base+010DEh
  dw 0017Fh
  dw 00380h
  dw 00480h
  dw 0057Ah
  dw 00206h
  dw 00579h
  dw 00408h
  dw 00576h
  dw 0060Ah
  dw 00675h
  dw 0080Bh
  dw 0076Eh
  dw 00207h
  dw 0080Dh
  dw 0066Ch
  dw 00306h
  dw 00A0Fh
  dw 0056Bh
  dw 01016h
  dw 0056Ah
  dw 01017h
  dw 00469h
  dw 01117h
  dw 0046Ah
  dw 01017h
  dw 0046Bh
  dw 00F15h
  dw 0046Bh
  dw 00204h
  dw 00C0Fh
  dw 0076Dh
  dw 00105h
  dw 00B0Eh
  dw 00775h
  dw 0090Ah
  dw 00809h
  dw 00102h
  dw 0016Ch
  dw 01314h
  dw 0016Ch
  dw 01214h
  dw 0016Dh
  dw 01113h
  dw 0016Dh
  dw 01112h
  dw 00269h
  dw 01A80h
  dw 01A7Fh
  dw 01B80h
  dw 01B7Fh
  dw 01C80h
  dw 01C7Fh
  dw 01C80h
  dw 01D80h
  dw 01819h
  dw 00467h
  dw 0181Bh
  dw 00164h
  dw 0197Bh
  dw 00B0Ch
  dw 01274h
  dw 00B0Eh
  dw 01072h
  dw 00A0Fh
  dw 00F71h
  dw 00911h
  dw 00C6Fh
  dw 00607h
  dw 0020Ah
  dw 00C6Fh
  dw 00514h
  dw 0096Ch
  dw 00314h
  dw 00881h
  dw 00680h
  dw 00300h

ryuPage3frame007:
  db 04Ah,01Bh,05Ah,068h
  db 070h
  dw base+013E9h
  dw 0030Ch
  dw 00273h
  dw 0040Ch
  dw 00474h
  dw 0050Ch
  dw 00674h
  dw 0060Ch
  dw 00674h
  dw 0070Ch
  dw 00774h
  dw 0070Ch
  dw 00874h
  dw 0080Ch
  dw 00874h
  dw 0090Bh
  dw 00A75h
  dw 00A0Bh
  dw 00A75h
  dw 01580h
  dw 01580h
  dw 01880h
  dw 01A80h
  dw 01A7Ch
  dw 01F7Fh
  dw 01F80h
  dw 0207Bh
  dw 02580h
  dw 02580h
  dw 02480h
  dw 02580h
  dw 02480h
  dw 02021h
  dw 0035Fh
  dw 00405h
  dw 01B1Dh
  dw 0025Fh
  dw 00104h
  dw 01A1Ch
  dw 00468h
  dw 01488h
  dw 00B00h

ryuPage3frame008:
  db 020h,03Eh,07Eh,045h
  db 090h
  dw base+0166Eh
  dw 0027Fh
  dw 00480h
  dw 0047Eh
  dw 00680h
  dw 00480h
  dw 00480h
  dw 0037Dh
  dw 00203h
  dw 0037Dh
  dw 00203h
  dw 0037Dh
  dw 00304h
  dw 0027Ch
  dw 00304h
  dw 0027Ch
  dw 00304h
  dw 0027Ch
  dw 00304h
  dw 0037Ch
  dw 00304h
  dw 0037Ch
  dw 00203h
  dw 0057Dh
  dw 00203h
  dw 0057Dh
  dw 00203h
  dw 0057Dh
  dw 00203h
  dw 0057Dh
  dw 00880h
  dw 00880h
  dw 00880h
  dw 00980h
  dw 00980h
  dw 00102h
  dw 00780h
  dw 0087Fh
  dw 0097Fh
  dw 00A7Fh
  dw 00B7Fh
  dw 00C80h
  dw 00C80h
  dw 00C7Fh
  dw 00D80h
  dw 00D80h
  dw 00C80h
  dw 00C80h
  dw 00B80h
  dw 00980h
  dw 00880h
  dw 00809h
  dw 00177h
  dw 00A0Dh
  dw 00173h
  dw 00A0Dh
  dw 00273h
  dw 00A0Ch
  dw 00374h
  dw 00B0Ch
  dw 00374h
  dw 00F80h
  dw 01080h
  dw 01080h
  dw 01080h
  dw 01081h
  dw 00F80h
  dw 00F81h
  dw 00E80h
  dw 00E80h
  dw 00E80h
  dw 00D81h
  dw 00C80h
  dw 00C81h
  dw 00B80h
  dw 00B81h
  dw 00A81h
  dw 00405h
  dw 0047Ch
  dw 00304h
  dw 00380h
  dw 00200h

ryuPage3frame009:
  db 02Eh,03Ch,072h,03Fh
  db 090h
  dw base+018BBh
  dw 0027Ch
  dw 0077Fh
  dw 0080Bh
  dw 00271h
  dw 00B0Fh
  dw 00270h
  dw 00B0Fh
  dw 00372h
  dw 00A0Dh
  dw 00473h
  dw 00A0Dh
  dw 00473h
  dw 00B0Dh
  dw 00372h
  dw 00C0Eh
  dw 00372h
  dw 00C0Eh
  dw 00371h
  dw 00D0Fh
  dw 00271h
  dw 0117Fh
  dw 01180h
  dw 0117Fh
  dw 01280h
  dw 01280h
  dw 01380h
  dw 01380h
  dw 01380h
  dw 01380h
  dw 01380h
  dw 01280h
  dw 00B0Ch
  dw 00674h
  dw 00B0Ch
  dw 00674h
  dw 00B0Ch
  dw 00674h
  dw 00A0Ch
  dw 00673h
  dw 00B0Eh
  dw 00472h
  dw 00B0Eh
  dw 00472h
  dw 00506h
  dw 00508h
  dw 00472h
  dw 00507h
  dw 00407h
  dw 00371h
  dw 00609h
  dw 00307h
  dw 00270h
  dw 00609h
  dw 00307h
  dw 00170h
  dw 00609h
  dw 00378h
  dw 00508h
  dw 00379h
  dw 00407h
  dw 0037Ah
  dw 00306h
  dw 0037Ah
  dw 00306h
  dw 0037Ah
  dw 00306h
  dw 0037Ah
  dw 00306h
  dw 0037Ah
  dw 00306h
  dw 0037Ah
  dw 00306h
  dw 0037Ah
  dw 00306h
  dw 0037Bh
  dw 00205h
  dw 0037Bh
  dw 00205h
  dw 0037Bh
  dw 00206h
  dw 0027Ah
  dw 00206h
  dw 0027Ah
  dw 00206h
  dw 0027Ah
  dw 00206h
  dw 0027Ah
  dw 00206h
  dw 0027Ah
  dw 00206h
  dw 0027Ah
  dw 00305h
  dw 0037Bh
  dw 00305h
  dw 0037Bh
  dw 00305h
  dw 0037Bh
  dw 00205h
  dw 0037Bh
  dw 00205h
  dw 0037Bh
  dw 00205h
  dw 0037Bh
  dw 00205h
  dw 0037Bh
  dw 00205h
  dw 0037Bh
  dw 00105h
  dw 00281h
  dw 00100h

ryuPage3frame010:
  db 030h,050h,070h,034h
  db 096h
  dw base+01B2Bh
  dw 00178h
  dw 00407h
  dw 00378h
  dw 00708h
  dw 00378h
  dw 00B7Fh
  dw 00C80h
  dw 00C7Fh
  dw 00C80h
  dw 00B80h
  dw 0080Fh
  dw 00171h
  dw 0080Eh
  dw 00271h
  dw 0090Ch
  dw 00102h
  dw 00372h
  dw 00A0Ch
  dw 00474h
  dw 00B0Dh
  dw 00373h
  dw 00C0Dh
  dw 00273h
  dw 00C0Eh
  dw 00172h
  dw 00D0Eh
  dw 00172h
  dw 00F80h
  dw 01080h
  dw 01080h
  dw 01080h
  dw 01080h
  dw 01080h
  dw 01080h
  dw 01080h
  dw 01080h
  dw 01080h
  dw 01080h
  dw 00B0Ch
  dw 00474h
  dw 00A0Dh
  dw 00373h
  dw 00A0Eh
  dw 00172h
  dw 00980h
  dw 0097Fh
  dw 00A80h
  dw 00980h
  dw 0087Fh
  dw 00980h
  dw 00980h
  dw 00980h
  dw 00980h
  dw 00980h
  dw 00980h
  dw 00A80h
  dw 00A7Fh
  dw 00B80h
  dw 00C80h
  dw 00C80h
  dw 00D80h
  dw 00D80h
  dw 00D7Fh
  dw 00E80h
  dw 00608h
  dw 00778h
  dw 00608h
  dw 00778h
  dw 00608h
  dw 00778h
  dw 00608h
  dw 00778h
  dw 00509h
  dw 00677h
  dw 00509h
  dw 00676h
  dw 0060Bh
  dw 00575h
  dw 0050Bh
  dw 00575h
  dw 0050Bh
  dw 00575h
  dw 0050Bh
  dw 00574h
  dw 0060Ch
  dw 00574h
  dw 0060Ch
  dw 00574h
  dw 0050Ch
  dw 00574h
  dw 0050Ch
  dw 00574h
  dw 0050Ch
  dw 00574h
  dw 0050Ch
  dw 00474h
  dw 0040Ch
  dw 00474h
  dw 0040Ch
  dw 00474h
  dw 0040Ch
  dw 00473h
  dw 0050Dh
  dw 00473h
  dw 0020Dh
  dw 00473h
  dw 0020Eh
  dw 00272h
  dw 0020Eh
  dw 00272h
  dw 0020Dh
  dw 00373h
  dw 0020Dh
  dw 00373h
  dw 0020Dh
  dw 00473h
  dw 0030Dh
  dw 00473h
  dw 0030Dh
  dw 00573h
  dw 0030Eh
  dw 00473h
  dw 0010Eh
  dw 00300h

ryuPage3frame011:
  db 026h,035h,05Eh,04Fh
  db 06Eh
  dw base+01E8Ah
  dw 00204h
  dw 0027Ah
  dw 00405h
  dw 0047Ah
  dw 00A80h
  dw 00A7Fh
  dw 00B80h
  dw 00B7Fh
  dw 00D80h
  dw 00D7Fh
  dw 00E80h
  dw 00E80h
  dw 00E80h
  dw 00E7Fh
  dw 00F80h
  dw 00F80h
  dw 00F80h
  dw 00F80h
  dw 00F7Fh
  dw 00F80h
  dw 00F80h
  dw 00F80h
  dw 00E80h
  dw 00E80h
  dw 00E80h
  dw 00F81h
  dw 00E80h
  dw 00E80h
  dw 00102h
  dw 00D81h
  dw 00304h
  dw 0097Ch
  dw 00304h
  dw 00A7Ch
  dw 00305h
  dw 0097Bh
  dw 00305h
  dw 0097Bh
  dw 00305h
  dw 0097Bh
  dw 00205h
  dw 00506h
  dw 00475h
  dw 00205h
  dw 00406h
  dw 00475h
  dw 00205h
  dw 00407h
  dw 00374h
  dw 00305h
  dw 00407h
  dw 00374h
  dw 00305h
  dw 00407h
  dw 00374h
  dw 00405h
  dw 00408h
  dw 00273h
  dw 00405h
  dw 00408h
  dw 00274h
  dw 00204h
  dw 0047Ch
  dw 00305h
  dw 0037Dh
  dw 00103h
  dw 00380h
  dw 00280h
  dw 00280h
  dw 00280h
  dw 00280h
  dw 00280h
  dw 00280h
  dw 0027Eh
  dw 00580h
  dw 00580h
  dw 00580h
  dw 00400h

ryuPage3frame012:
  db 020h,06Bh,06Eh,019h
  db 072h
  dw base+020A1h
  dw 00280h
  dw 0027Fh
  dw 00380h
  dw 00380h
  dw 00380h
  dw 00380h
  dw 00380h
  dw 00280h
  dw 00280h
  dw 00280h
  dw 00280h
  dw 00280h
  dw 00280h
  dw 00280h
  dw 00380h
  dw 00380h
  dw 00380h
  dw 00380h
  dw 00380h
  dw 00380h
  dw 00306h
  dw 0017Ah
  dw 00305h
  dw 0047Bh
  dw 00304h
  dw 0057Ch
  dw 00304h
  dw 0067Ch
  dw 00304h
  dw 0067Ch
  dw 00304h
  dw 0057Ch
  dw 00304h
  dw 0057Bh
  dw 00980h
  dw 00980h
  dw 00980h
  dw 00980h
  dw 00980h
  dw 00981h
  dw 00880h
  dw 00880h
  dw 00A80h
  dw 00B80h
  dw 00B80h
  dw 00B80h
  dw 00B80h
  dw 00C80h
  dw 00C80h
  dw 00D80h
  dw 00D80h
  dw 00D80h
  dw 00D81h
  dw 00D80h
  dw 00D80h
  dw 00D80h
  dw 00D81h
  dw 00D80h
  dw 00D80h
  dw 00D80h
  dw 00809h
  dw 00477h
  dw 00809h
  dw 00478h
  dw 00608h
  dw 00477h
  dw 0070Bh
  dw 00175h
  dw 0087Fh
  dw 00980h
  dw 00980h
  dw 00A80h
  dw 00A7Fh
  dw 00B80h
  dw 00B80h
  dw 00B81h
  dw 00A80h
  dw 00A80h
  dw 00A80h
  dw 00A80h
  dw 00A80h
  dw 00A80h
  dw 00B80h
  dw 00B80h
  dw 00B80h
  dw 00506h
  dw 0057Ah
  dw 00506h
  dw 0057Ah
  dw 00506h
  dw 0057Ah
  dw 00506h
  dw 00579h
  dw 00607h
  dw 00579h
  dw 00507h
  dw 00579h
  dw 00507h
  dw 00579h
  dw 00507h
  dw 00579h
  dw 00508h
  dw 00478h
  dw 00508h
  dw 00578h
  dw 00508h
  dw 00578h
  dw 00508h
  dw 00578h
  dw 00508h
  dw 00578h
  dw 00508h
  dw 00578h
  dw 00509h
  dw 00477h
  dw 00509h
  dw 00477h
  dw 00509h
  dw 00577h
  dw 00509h
  dw 00577h
  dw 00409h
  dw 00577h
  dw 00409h
  dw 00577h
  dw 00409h
  dw 00577h
  dw 00409h
  dw 00477h
  dw 00409h
  dw 00478h
  dw 00309h
  dw 00377h
  dw 00309h
  dw 00377h
  dw 0020Ah
  dw 00276h
  dw 0020Ah
  dw 00276h
  dw 0020Ah
  dw 00375h
  dw 0030Bh
  dw 00375h
  dw 0030Bh
  dw 00375h
  dw 0030Bh
  dw 00375h
  dw 0030Bh
  dw 00375h
  dw 0030Bh
  dw 00300h

ryuPage3frame013:
  db 032h,049h,05Eh,03Ah
  db 07Ah
  dw base+02416h
  dw 0037Fh
  dw 00480h
  dw 00480h
  dw 0057Fh
  dw 00680h
  dw 00680h
  dw 00780h
  dw 00981h
  dw 00880h
  dw 0097Fh
  dw 00A80h
  dw 00A7Fh
  dw 00B80h
  dw 00B7Fh
  dw 00C80h
  dw 00D7Fh
  dw 00E80h
  dw 00E80h
  dw 00F80h
  dw 00F80h
  dw 01080h
  dw 01080h
  dw 01081h
  dw 00F80h
  dw 00E80h
  dw 00E80h
  dw 00E81h
  dw 00C80h
  dw 00A0Bh
  dw 00175h
  dw 00A81h
  dw 00A80h
  dw 00A81h
  dw 00980h
  dw 00980h
  dw 00A80h
  dw 00A7Fh
  dw 00B80h
  dw 00B80h
  dw 00B80h
  dw 00B7Fh
  dw 00C7Fh
  dw 00D80h
  dw 00D7Fh
  dw 00E80h
  dw 00E7Fh
  dw 00F80h
  dw 00F80h
  dw 00F7Fh
  dw 0090Ah
  dw 00576h
  dw 0080Ah
  dw 00576h
  dw 0080Ah
  dw 00576h
  dw 0070Ah
  dw 00675h
  dw 0070Bh
  dw 00675h
  dw 0060Bh
  dw 00675h
  dw 0060Bh
  dw 00674h
  dw 0060Ch
  dw 00674h
  dw 0060Dh
  dw 00673h
  dw 0060Dh
  dw 00672h
  dw 0070Eh
  dw 00672h
  dw 0070Eh
  dw 00672h
  dw 0060Fh
  dw 00571h
  dw 0060Fh
  dw 00571h
  dw 0050Fh
  dw 00571h
  dw 00510h
  dw 00370h
  dw 00410h
  dw 00370h
  dw 00410h
  dw 0036Fh
  dw 00312h
  dw 0026Eh
  dw 00312h
  dw 0036Dh
  dw 00413h
  dw 0036Ch
  dw 00514h
  dw 0036Bh
  dw 00615h
  dw 0036Bh
  dw 00615h
  dw 0036Bh
  dw 00515h
  dw 00300h

ryuPage3frame014:
  db 03Eh,043h,04Eh,040h
  db 060h
  dw base+02731h
  dw 0017Fh
  dw 0037Fh
  dw 00580h
  dw 00680h
  dw 0067Fh
  dw 00A7Bh
  dw 00105h
  dw 00A7Ah
  dw 00206h
  dw 00B7Ah
  dw 00307h
  dw 00A79h
  dw 00308h
  dw 00A79h
  dw 00207h
  dw 00A79h
  dw 00203h
  dw 00204h
  dw 00A78h
  dw 01280h
  dw 01280h
  dw 01281h
  dw 01180h
  dw 01182h
  dw 00F80h
  dw 00F7Fh
  dw 0107Fh
  dw 01180h
  dw 01180h
  dw 00607h
  dw 00A79h
  dw 00207h
  dw 00A79h
  dw 00207h
  dw 00A79h
  dw 00207h
  dw 00A79h
  dw 00207h
  dw 00979h
  dw 00207h
  dw 00A79h
  dw 00208h
  dw 00A78h
  dw 00208h
  dw 00A81h
  dw 00A81h
  dw 0097Eh
  dw 00B80h
  dw 00B7Fh
  dw 00D7Fh
  dw 00E7Fh
  dw 00F7Fh
  dw 0117Fh
  dw 01280h
  dw 01280h
  dw 01380h
  dw 01380h
  dw 01380h
  dw 01480h
  dw 00B0Ch
  dw 00974h
  dw 0090Ah
  dw 00103h
  dw 00873h
  dw 00608h
  dw 00106h
  dw 00872h
  dw 00608h
  dw 00106h
  dw 00872h
  dw 0050Fh
  dw 00871h
  dw 0050Fh
  dw 00871h
  dw 00610h
  dw 00771h
  dw 0050Fh
  dw 00771h
  dw 00510h
  dw 00770h
  dw 00510h
  dw 00970h
  dw 00511h
  dw 00870h
  dw 00410h
  dw 00870h
  dw 00311h
  dw 0076Fh
  dw 00311h
  dw 00770h
  dw 00211h
  dw 0066Fh
  dw 00211h
  dw 0066Fh
  dw 00315h
  dw 0036Bh
  dw 00315h
  dw 0036Bh
  dw 00315h
  dw 00369h
  dw 00517h
  dw 00368h
  dw 00617h
  dw 00469h
  dw 00617h
  dw 00469h
  dw 00417h
  dw 00300h

ryuPage3frame015:
  db 020h,018h,06Eh,051h
  db 078h
  dw base+02A7Fh
  dw 0047Eh
  dw 0087Fh
  dw 00A80h
  dw 0097Fh
  dw 00C80h
  dw 00D0Eh
  dw 00171h
  dw 00D0Eh
  dw 00172h
  dw 01080h
  dw 00D80h
  dw 00E0Fh
  dw 00171h
  dw 00F80h
  dw 00E80h
  dw 01080h
  dw 00F80h
  dw 01080h
  dw 00F80h
  dw 00E80h
  dw 00C81h
  dw 00D0Eh
  dw 00172h
  dw 00C81h
  dw 00980h
  dw 00881h
  dw 00682h
  dw 00300h

ryuPage3frame016:
  db 020h,018h,070h,057h
  db 07Ch
  dw base+02B9Bh
  dw 0027Eh
  dw 0077Fh
  dw 0077Fh
  dw 00B80h
  dw 00A7Fh
  dw 00C80h
  dw 00E80h
  dw 00D80h
  dw 00F7Fh
  dw 00F80h
  dw 01080h
  dw 01080h
  dw 01080h
  dw 00E80h
  dw 00F81h
  dw 00F80h
  dw 00E80h
  dw 00C80h
  dw 00E81h
  dw 00A80h
  dw 00B81h
  dw 00881h
  dw 00581h
  dw 00300h

ryuPage3frame017:
  db 028h,02Bh,06Ch,050h
  db 076h
  dw base+02CAEh
  dw 00180h
  dw 0017Fh
  dw 00180h
  dw 0017Fh
  dw 00280h
  dw 00305h
  dw 0017Ah
  dw 00406h
  dw 0017Ah
  dw 00680h
  dw 0067Fh
  dw 00204h
  dw 0037Ch
  dw 00105h
  dw 0027Bh
  dw 00105h
  dw 0037Bh
  dw 00102h
  dw 00204h
  dw 00203h
  dw 00179h
  dw 00204h
  dw 0037Ch
  dw 00205h
  dw 00278h
  dw 00102h
  dw 00406h
  dw 00178h
  dw 00102h
  dw 00405h
  dw 00279h
  dw 00102h
  dw 00405h
  dw 00179h
  dw 00102h
  dw 00406h
  dw 00306h
  dw 00472h
  dw 00102h
  dw 00406h
  dw 00204h
  dw 00874h
  dw 00102h
  dw 00405h
  dw 00407h
  dw 00472h
  dw 00102h
  dw 00406h
  dw 0027Ah
  dw 00406h
  dw 0017Ah
  dw 00481h
  dw 00204h
  dw 0017Ch
  dw 0027Eh
  dw 00102h
  dw 00204h
  dw 0017Ah
  dw 00105h
  dw 0027Bh
  dw 00102h
  dw 00103h
  dw 0027Ch
  dw 00205h
  dw 0017Bh
  dw 00305h
  dw 0017Bh
  dw 00506h
  dw 0017Bh
  dw 00405h
  dw 0017Bh
  dw 00203h
  dw 0017Eh
  dw 00180h
  dw 00181h
  dw 00180h
  dw 00100h

ryuPage3frame018:
  db 036h,05Ah,058h,025h
  db 078h
  dw base+02D58h
  dw 00281h
  dw 0017Eh
  dw 00103h
  dw 0017Eh
  dw 00102h
  dw 0017Eh
  dw 00103h
  dw 0017Ch
  dw 00304h
  dw 0017Dh
  dw 0047Fh
  dw 0057Fh
  dw 00680h
  dw 00680h
  dw 00681h
  dw 0057Fh
  dw 00881h
  dw 00781h
  dw 00780h
  dw 00780h
  dw 00780h
  dw 00880h
  dw 0097Eh
  dw 00B80h
  dw 00B7Fh
  dw 00C7Fh
  dw 00E80h
  dw 00E80h
  dw 00F80h
  dw 00F80h
  dw 00F80h
  dw 00F80h
  dw 00E80h
  dw 00203h
  dw 00B7Dh
  dw 00203h
  dw 00A80h
  dw 00A80h
  dw 00A80h
  dw 00A81h
  dw 00980h
  dw 0097Ah
  dw 00F76h
  dw 00109h
  dw 00F77h
  dw 00107h
  dw 01279h
  dw 00106h
  dw 0137Ah
  dw 00205h
  dw 0157Bh
  dw 00205h
  dw 0157Bh
  dw 01A80h
  dw 01981h
  dw 01780h
  dw 01680h
  dw 01680h
  dw 00305h
  dw 00607h
  dw 00A74h
  dw 00206h
  dw 00308h
  dw 00873h
  dw 00105h
  dw 0010Ah
  dw 00680h
  dw 00680h
  dw 00580h
  dw 00580h
  dw 00580h
  dw 00580h
  dw 00580h
  dw 00580h
  dw 00580h
  dw 00580h
  dw 00480h
  dw 00480h
  dw 00480h
  dw 00480h
  dw 00480h
  dw 00580h
  dw 00580h
  dw 00580h
  dw 00580h
  dw 00580h
  dw 00681h
  dw 00580h
  dw 00580h
  dw 00580h
  dw 00482h
  dw 00280h
  dw 00280h
  dw 00381h
  dw 00280h
  dw 00280h
  dw 00280h
  dw 00280h
  dw 00280h
  dw 00280h
  dw 00280h
  dw 00280h
  dw 00280h
  dw 00280h
  dw 00280h
  dw 00280h
  dw 00100h

ryuPage3frame019:
  db 020h,054h,070h,029h
  db 086h
  dw base+03031h
  dw 0027Dh
  dw 0057Fh
  dw 0037Fh
  dw 00580h
  dw 00580h
  dw 00581h
  dw 0047Fh
  dw 00581h
  dw 0047Eh
  dw 0067Fh
  dw 0087Fh
  dw 0097Fh
  dw 00B80h
  dw 00B80h
  dw 00C7Fh
  dw 00D80h
  dw 00E80h
  dw 00F80h
  dw 00F80h
  dw 00F81h
  dw 00E80h
  dw 00E80h
  dw 00E80h
  dw 00E80h
  dw 00E80h
  dw 00E81h
  dw 00D80h
  dw 00A0Bh
  dw 00175h
  dw 00A80h
  dw 00A80h
  dw 00981h
  dw 00880h
  dw 00781h
  dw 0077Fh
  dw 00980h
  dw 00A7Eh
  dw 00102h
  dw 00A7Dh
  dw 00D7Fh
  dw 00E80h
  dw 00D80h
  dw 00C80h
  dw 00C81h
  dw 00B80h
  dw 00A81h
  dw 00981h
  dw 00880h
  dw 0077Fh
  dw 00880h
  dw 00680h
  dw 00680h
  dw 0067Fh
  dw 00680h
  dw 00680h
  dw 00580h
  dw 00580h
  dw 00580h
  dw 00580h
  dw 00680h
  dw 00680h
  dw 00680h
  dw 00680h
  dw 00680h
  dw 00680h
  dw 00680h
  dw 00581h
  dw 00480h
  dw 00480h
  dw 00480h
  dw 00480h
  dw 00482h
  dw 00280h
  dw 00280h
  dw 00280h
  dw 00280h
  dw 00380h
  dw 00380h
  dw 00380h
  dw 0027Fh
  dw 00380h
  dw 0027Fh
  dw 00380h
  dw 00380h
  dw 00380h
  dw 00100h

ryuPage3frame020:
  db 036h,04Fh,074h,02Bh
  db 084h
  dw base+032A1h
  dw 00380h
  dw 0047Fh
  dw 00580h
  dw 00580h
  dw 00580h
  dw 00480h
  dw 0057Fh
  dw 00581h
  dw 0047Fh
  dw 0057Fh
  dw 0067Fh
  dw 0087Fh
  dw 00980h
  dw 00A80h
  dw 00A7Fh
  dw 00C7Fh
  dw 00D80h
  dw 00E80h
  dw 00E80h
  dw 00E7Fh
  dw 00E80h
  dw 00E80h
  dw 00C80h
  dw 00C80h
  dw 00C81h
  dw 00B81h
  dw 00A80h
  dw 00980h
  dw 00981h
  dw 00780h
  dw 00780h
  dw 0087Fh
  dw 01017h
  dw 00168h
  dw 01317h
  dw 00268h
  dw 01617h
  dw 00469h
  dw 01B80h
  dw 01A81h
  dw 01881h
  dw 01780h
  dw 01581h
  dw 01113h
  dw 0016Dh
  dw 01180h
  dw 00A0Dh
  dw 00373h
  dw 00681h
  dw 00580h
  dw 00680h
  dw 00681h
  dw 00580h
  dw 00580h
  dw 00580h
  dw 00580h
  dw 00580h
  dw 00580h
  dw 00580h
  dw 0057Fh
  dw 00580h
  dw 00580h
  dw 00580h
  dw 00580h
  dw 00580h
  dw 00580h
  dw 00580h
  dw 00580h
  dw 00480h
  dw 00380h
  dw 0027Fh
  dw 00380h
  dw 00380h
  dw 00380h
  dw 00380h
  dw 00381h
  dw 00280h
  dw 00280h
  dw 00280h
  dw 00280h
  dw 00280h
  dw 00380h
  dw 00381h
  dw 00200h

ryuPage3frame021:
  db 020h,04Fh,06Eh,02Bh
  db 076h
  dw base+03533h
  dw 00581h
  dw 00582h
  dw 00380h
  dw 0037Fh
  dw 00480h
  dw 00480h
  dw 0047Eh
  dw 00680h
  dw 00780h
  dw 00780h
  dw 0077Fh
  dw 0097Fh
  dw 00A80h
  dw 00B7Fh
  dw 00D80h
  dw 00D80h
  dw 00D7Fh
  dw 00E80h
  dw 00E80h
  dw 00E80h
  dw 00E81h
  dw 00103h
  dw 00A80h
  dw 00A80h
  dw 00A80h
  dw 00A80h
  dw 00980h
  dw 00980h
  dw 00980h
  dw 00981h
  dw 00781h
  dw 0067Fh
  dw 0060Ah
  dw 00175h
  dw 0070Ah
  dw 00275h
  dw 0080Bh
  dw 00274h
  dw 00E80h
  dw 00E80h
  dw 00D81h
  dw 00B81h
  dw 00A81h
  dw 00880h
  dw 00880h
  dw 00881h
  dw 00780h
  dw 00781h
  dw 00680h
  dw 00681h
  dw 00680h
  dw 00681h
  dw 00580h
  dw 00580h
  dw 00580h
  dw 00580h
  dw 00580h
  dw 00580h
  dw 00580h
  dw 00580h
  dw 00580h
  dw 00580h
  dw 00680h
  dw 00680h
  dw 00680h
  dw 00680h
  dw 00680h
  dw 00681h
  dw 00380h
  dw 00280h
  dw 00280h
  dw 0027Fh
  dw 00380h
  dw 00480h
  dw 00481h
  dw 00380h
  dw 00381h
  dw 00280h
  dw 00380h
  dw 00380h
  dw 00380h
  dw 00380h
  dw 00200h

ryuPage3frame022:
  db 024h,06Ch,070h,01Ah
  db 07Eh
  dw base+03757h
  dw 0017Fh
  dw 00280h
  dw 00380h
  dw 00380h
  dw 00380h
  dw 00380h
  dw 00380h
  dw 00380h
  dw 0027Fh
  dw 00380h
  dw 00380h
  dw 00380h
  dw 00380h
  dw 0037Fh
  dw 00380h
  dw 00380h
  dw 00380h
  dw 00380h
  dw 00380h
  dw 00380h
  dw 00380h
  dw 00380h
  dw 00380h
  dw 00304h
  dw 0027Ch
  dw 00780h
  dw 00780h
  dw 00780h
  dw 00780h
  dw 00780h
  dw 00780h
  dw 00780h
  dw 00780h
  dw 00780h
  dw 00680h
  dw 00680h
  dw 00780h
  dw 00780h
  dw 00880h
  dw 00880h
  dw 0090Ch
  dw 00174h
  dw 00A0Ch
  dw 00174h
  dw 00E80h
  dw 00E80h
  dw 00E80h
  dw 00E80h
  dw 00B0Ch
  dw 00274h
  dw 00B0Ch
  dw 00174h
  dw 00D80h
  dw 00D80h
  dw 00D80h
  dw 00D80h
  dw 00D81h
  dw 00C80h
  dw 00C7Fh
  dw 00D80h
  dw 00809h
  dw 00476h
  dw 0090Bh
  dw 00375h
  dw 0090Ch
  dw 00274h
  dw 0097Fh
  dw 00A80h
  dw 00A7Fh
  dw 00B80h
  dw 00B7Fh
  dw 00C80h
  dw 00C80h
  dw 00C80h
  dw 00D80h
  dw 00D80h
  dw 00607h
  dw 0067Ah
  dw 00607h
  dw 00579h
  dw 00C80h
  dw 00C81h
  dw 00B80h
  dw 00B80h
  dw 00B81h
  dw 00A80h
  dw 00A80h
  dw 00A81h
  dw 00980h
  dw 00982h
  dw 00880h
  dw 00880h
  dw 00880h
  dw 00880h
  dw 00881h
  dw 00102h
  dw 00580h
  dw 00580h
  dw 00580h
  dw 00580h
  dw 00580h
  dw 00580h
  dw 00580h
  dw 00480h
  dw 00480h
  dw 00481h
  dw 00380h
  dw 00380h
  dw 00380h
  dw 00381h
  dw 00280h
  dw 00280h
  dw 00280h
  dw 00280h
  dw 00280h
  dw 00280h
  dw 00280h
  dw 00280h
  dw 00200h

ryuPage3frame023:
  db 01Ch,064h,076h,022h
  db 08Ch
  dw base+03A5Ch
  dw 00280h
  dw 00380h
  dw 00380h
  dw 00380h
  dw 00380h
  dw 00380h
  dw 00280h
  dw 00280h
  dw 00280h
  dw 00280h
  dw 00280h
  dw 0027Fh
  dw 00380h
  dw 00380h
  dw 0037Ch
  dw 00104h
  dw 0037Bh
  dw 00405h
  dw 00379h
  dw 00607h
  dw 0037Ah
  dw 00506h
  dw 0037Ah
  dw 00980h
  dw 00981h
  dw 00880h
  dw 00880h
  dw 00880h
  dw 00880h
  dw 0077Fh
  dw 00880h
  dw 00780h
  dw 0077Fh
  dw 00880h
  dw 00880h
  dw 00880h
  dw 0087Fh
  dw 00980h
  dw 00980h
  dw 00980h
  dw 00980h
  dw 00980h
  dw 00980h
  dw 00980h
  dw 00980h
  dw 00A80h
  dw 00A81h
  dw 00708h
  dw 00178h
  dw 00708h
  dw 00177h
  dw 00A80h
  dw 00980h
  dw 00A80h
  dw 00A80h
  dw 00980h
  dw 00980h
  dw 00980h
  dw 00980h
  dw 00880h
  dw 00981h
  dw 00880h
  dw 00880h
  dw 0097Fh
  dw 00A80h
  dw 00A80h
  dw 00B80h
  dw 00B80h
  dw 00B80h
  dw 00C80h
  dw 00C80h
  dw 00506h
  dw 0067Ah
  dw 00507h
  dw 00579h
  dw 00507h
  dw 00579h
  dw 00507h
  dw 00579h
  dw 00507h
  dw 00579h
  dw 00507h
  dw 00479h
  dw 00507h
  dw 00479h
  dw 00506h
  dw 0057Ah
  dw 00506h
  dw 0057Ah
  dw 00506h
  dw 0057Ah
  dw 00506h
  dw 00479h
  dw 00507h
  dw 00479h
  dw 00507h
  dw 00479h
  dw 00506h
  dw 0057Ah
  dw 00506h
  dw 0047Ah
  dw 00506h
  dw 0047Ah
  dw 00506h
  dw 0047Ah
  dw 00406h
  dw 0037Ah
  dw 00407h
  dw 00279h
  dw 00407h
  dw 00278h
  dw 00508h
  dw 00278h
  dw 00508h
  dw 00278h
  dw 00508h
  dw 00278h
  dw 00408h
  dw 00278h
  dw 00408h
  dw 00279h
  dw 00207h
  dw 00279h
  dw 00207h
  dw 00279h
  dw 00207h
  dw 00179h
  dw 00280h
  dw 00280h
  dw 00380h
  dw 00380h
  dw 00380h
  dw 00381h
  dw 00100h


