  dw BossRoomframe000
  dw BossRoomframe001
  dw BossRoomframe002
  dw BossRoomframe003
  dw BossRoomframe004
  dw BossRoomframe005
  dw BossRoomframe006
  dw BossRoomframe007
  dw BossRoomframe008
  dw BossRoomframe009
  dw BossRoomframe010
  dw BossRoomframe011
  dw BossRoomframe012
  dw BossRoomframe013
  dw BossRoomframe014
  dw BossRoomframe015
  dw BossRoomframe016
  dw BossRoomframe017
  dw BossRoomframe018
  dw BossRoomframe019
  dw BossRoomframe020
  dw BossRoomframe021
  dw BossRoomframe022
  dw BossRoomframe023
  dw BossRoomframe024
  dw BossRoomframe025
  dw BossRoomframe026
  dw BossRoomframe027
  dw BossRoomframe028
  dw BossRoomframe029
  dw BossRoomframe030
  dw BossRoomframe031
  dw BossRoomframe032

BossRoomframe000:
  db 010h,060h,078h,000h
  db 078h
  db 000h,000h,000h,000h,000h
  db 000h,000h
  dw 00880h,base+022FEh
  dw 00880h,base+02306h
  dw 00880h,base+0230Eh
  dw 00880h,base+02316h
  dw 00880h,base+0231Eh
  dw 00880h,base+02326h
  dw 00880h,base+0232Eh
  dw 00880h,base+02336h
  dw 00880h,base+0233Eh
  dw 00880h,base+02346h
  dw 00880h,base+0234Eh
  dw 00880h,base+02356h
  dw 00880h,base+0235Eh
  dw 00880h,base+02366h
  dw 00880h,base+0236Eh
  dw 00880h,base+02376h
  dw 00880h,base+0237Eh
  dw 00880h,base+02386h
  dw 00880h,base+0238Eh
  dw 00880h,base+02396h
  dw 00880h,base+0239Eh
  dw 00880h,base+023A6h
  dw 00880h,base+02386h
  dw 00880h,base+023AEh
  dw 00880h,base+023B6h
  dw 00880h,base+023BEh
  dw 00880h,base+023C6h
  dw 00880h,base+023CEh
  dw 00880h,base+023D6h
  dw 00880h,base+023DEh
  dw 00880h,base+023E6h
  dw 00880h,base+023EEh
  dw 00880h,base+022FEh
  dw 00880h,base+02306h
  dw 00880h,base+0230Eh
  dw 00880h,base+02316h
  dw 00880h,base+0231Eh
  dw 00880h,base+02326h
  dw 00880h,base+0232Eh
  dw 00880h,base+02336h
  dw 00880h,base+0233Eh
  dw 00880h,base+02346h
  dw 00880h,base+0234Eh
  dw 00880h,base+02356h
  dw 00880h,base+0235Eh
  dw 00880h,base+02366h
  dw 00880h,base+0236Eh
  dw 00880h,base+02376h
  dw 00880h,base+0237Eh
  dw 00880h,base+02386h
  dw 00880h,base+0238Eh
  dw 00880h,base+02396h
  dw 00880h,base+0239Eh
  dw 00880h,base+023A6h
  dw 00880h,base+02386h
  dw 00880h,base+023AEh
  dw 00880h,base+023B6h
  dw 00880h,base+023BEh
  dw 00880h,base+023C6h
  dw 00880h,base+023CEh
  dw 00880h,base+023D6h
  dw 00880h,base+023DEh
  dw 00880h,base+023E6h
  dw 00880h,base+023EEh
  dw 00880h,base+022FEh
  dw 00880h,base+02306h
  dw 00880h,base+0230Eh
  dw 00880h,base+02316h
  dw 00880h,base+0231Eh
  dw 00880h,base+02326h
  dw 00880h,base+0232Eh
  dw 00880h,base+02336h
  dw 00880h,base+023F6h
  dw 00880h,base+023FEh
  dw 00880h,base+02406h
  dw 00880h,base+0240Eh
  dw 00880h,base+02416h
  dw 00880h,base+0241Eh
  dw 00880h,base+02426h
  dw 00880h,base+0242Eh
  dw 00880h,base+02436h
  dw 00880h,base+0243Eh
  dw 00880h,base+02446h
  dw 00880h,base+0244Eh
  dw 00880h,base+02456h
  dw 00880h,base+0245Eh
  dw 00880h,base+02466h
  dw 00880h,base+0246Eh
  dw 00880h,base+02476h
  dw 00880h,base+0247Eh
  dw 00880h,base+02486h
  dw 00880h,base+0248Eh
  dw 00880h,base+02496h
  dw 00880h,base+0249Eh
  dw 00880h,base+024A6h
  dw 00800h,base+024AEh

BossRoomframe001:
  db 020h,058h,070h,000h
  db 070h
  db 000h,000h,000h,000h,000h
  db 000h,000h
  dw 01080h,base+00000h
  dw 01080h,base+00010h
  dw 01080h,base+00020h
  dw 01080h,base+00030h
  dw 01080h,base+00040h
  dw 01080h,base+00050h
  dw 01080h,base+00060h
  dw 01080h,base+00070h
  dw 01080h,base+00080h
  dw 01080h,base+00090h
  dw 01080h,base+000A0h
  dw 01080h,base+000B0h
  dw 01080h,base+000C0h
  dw 01080h,base+000D0h
  dw 01080h,base+000E0h
  dw 01080h,base+000F0h
  dw 01080h,base+00100h
  dw 01080h,base+00110h
  dw 01080h,base+00120h
  dw 01080h,base+00130h
  dw 01080h,base+00140h
  dw 01080h,base+00150h
  dw 01080h,base+00160h
  dw 01080h,base+00170h
  dw 01080h,base+00180h
  dw 01080h,base+00190h
  dw 01080h,base+001A0h
  dw 01080h,base+001B0h
  dw 01080h,base+001C0h
  dw 01080h,base+001D0h
  dw 01080h,base+001E0h
  dw 01084h,base+001F0h
  dw 00880h,base+024B6h
  dw 00880h,base+024BEh
  dw 00880h,base+024C6h
  dw 00880h,base+02316h
  dw 00880h,base+0231Eh
  dw 00880h,base+02326h
  dw 00880h,base+0232Eh
  dw 00880h,base+02336h
  dw 00880h,base+0233Eh
  dw 00880h,base+02346h
  dw 00880h,base+0234Eh
  dw 00880h,base+02356h
  dw 00880h,base+0235Eh
  dw 00880h,base+02366h
  dw 00880h,base+0236Eh
  dw 00880h,base+02376h
  dw 00880h,base+0237Eh
  dw 00880h,base+02386h
  dw 00880h,base+0238Eh
  dw 00880h,base+02396h
  dw 00880h,base+0239Eh
  dw 00880h,base+023A6h
  dw 00880h,base+02386h
  dw 00880h,base+023AEh
  dw 00880h,base+023B6h
  dw 00880h,base+023BEh
  dw 00880h,base+023C6h
  dw 00880h,base+023CEh
  dw 00880h,base+023D6h
  dw 00880h,base+023DEh
  dw 00880h,base+023E6h
  dw 0087Fh,base+023EEh
  dw 00A80h,base+01FC0h
  dw 00A80h,base+01FCAh
  dw 00A80h,base+01FD4h
  dw 00A80h,base+01FDEh
  dw 00A80h,base+01FE8h
  dw 00A80h,base+01FF2h
  dw 00A80h,base+01FFCh
  dw 00A80h,base+02006h
  dw 00A80h,base+02010h
  dw 00A80h,base+02010h
  dw 00A80h,base+0201Ah
  dw 00A80h,base+02024h
  dw 00A80h,base+0202Eh
  dw 00A80h,base+02038h
  dw 00A80h,base+02042h
  dw 00A80h,base+0204Ch
  dw 00A80h,base+013CAh
  dw 00A80h,base+02056h
  dw 00A80h,base+013CAh
  dw 00A80h,base+013CAh
  dw 00A80h,base+02060h
  dw 00A80h,base+013CAh
  dw 00A80h,base+013CAh
  dw 00A00h,base+013CAh

BossRoomframe002:
  db 010h,060h,078h,000h
  db 078h
  db 000h,000h,000h,000h,000h
  db 000h,000h
  dw 00880h,base+022FEh
  dw 00880h,base+024CEh
  dw 00880h,base+024D6h
  dw 00880h,base+024DEh
  dw 00880h,base+024E6h
  dw 00880h,base+024EEh
  dw 00880h,base+024F6h
  dw 00880h,base+024FEh
  dw 00880h,base+02506h
  dw 00880h,base+0250Eh
  dw 00880h,base+02516h
  dw 00880h,base+0251Eh
  dw 00880h,base+02526h
  dw 00880h,base+0252Eh
  dw 00880h,base+02536h
  dw 00880h,base+0253Eh
  dw 00880h,base+02546h
  dw 00880h,base+0254Eh
  dw 00880h,base+02556h
  dw 00880h,base+0255Eh
  dw 00880h,base+02566h
  dw 00880h,base+0256Eh
  dw 00880h,base+0254Eh
  dw 00880h,base+02576h
  dw 00880h,base+0257Eh
  dw 00880h,base+02586h
  dw 00880h,base+0258Eh
  dw 00880h,base+02596h
  dw 00880h,base+0259Eh
  dw 00880h,base+025A6h
  dw 00880h,base+025AEh
  dw 00880h,base+025B6h
  dw 00880h,base+025BEh
  dw 00880h,base+024CEh
  dw 00880h,base+024D6h
  dw 00880h,base+024DEh
  dw 00880h,base+024E6h
  dw 00880h,base+024EEh
  dw 00880h,base+024F6h
  dw 00880h,base+024FEh
  dw 00880h,base+02506h
  dw 00880h,base+0250Eh
  dw 00880h,base+02516h
  dw 00880h,base+0251Eh
  dw 00880h,base+02526h
  dw 00880h,base+0252Eh
  dw 00880h,base+02536h
  dw 00880h,base+0253Eh
  dw 00880h,base+02546h
  dw 00880h,base+0254Eh
  dw 00880h,base+02556h
  dw 00880h,base+0255Eh
  dw 00880h,base+02566h
  dw 00880h,base+0256Eh
  dw 00880h,base+0254Eh
  dw 00880h,base+02576h
  dw 00880h,base+0257Eh
  dw 00880h,base+02586h
  dw 00880h,base+0258Eh
  dw 00880h,base+02596h
  dw 00880h,base+0259Eh
  dw 00880h,base+025A6h
  dw 00880h,base+025AEh
  dw 00880h,base+025B6h
  dw 00880h,base+025BEh
  dw 00880h,base+024CEh
  dw 00880h,base+024D6h
  dw 00880h,base+024DEh
  dw 00880h,base+024E6h
  dw 00880h,base+024EEh
  dw 00880h,base+024F6h
  dw 00880h,base+024FEh
  dw 00880h,base+02506h
  dw 00880h,base+025C6h
  dw 00880h,base+025CEh
  dw 00880h,base+025D6h
  dw 00880h,base+025DEh
  dw 00880h,base+025E6h
  dw 00880h,base+025EEh
  dw 00880h,base+025F6h
  dw 00880h,base+025FEh
  dw 00880h,base+02606h
  dw 00880h,base+0260Eh
  dw 00880h,base+02616h
  dw 00880h,base+0261Eh
  dw 00880h,base+02626h
  dw 00880h,base+0262Eh
  dw 00880h,base+02636h
  dw 00880h,base+0263Eh
  dw 00880h,base+02646h
  dw 00880h,base+0264Eh
  dw 00880h,base+02656h
  dw 00880h,base+0265Eh
  dw 00880h,base+02666h
  dw 00880h,base+0266Eh
  dw 00800h,base+02676h

BossRoomframe003:
  db 020h,058h,070h,000h
  db 070h
  db 000h,000h,000h,000h,000h
  db 000h,000h
  dw 01080h,base+00200h
  dw 01080h,base+00210h
  dw 01080h,base+00220h
  dw 01080h,base+00230h
  dw 01080h,base+00240h
  dw 01080h,base+00250h
  dw 01080h,base+00260h
  dw 01080h,base+00270h
  dw 01080h,base+00280h
  dw 01080h,base+00290h
  dw 01080h,base+002A0h
  dw 01080h,base+002B0h
  dw 01080h,base+002C0h
  dw 01080h,base+002D0h
  dw 01080h,base+002E0h
  dw 01080h,base+002F0h
  dw 01080h,base+00300h
  dw 01080h,base+00310h
  dw 01080h,base+00320h
  dw 01080h,base+00330h
  dw 01080h,base+00340h
  dw 01080h,base+00350h
  dw 01080h,base+00360h
  dw 01080h,base+00370h
  dw 01080h,base+00380h
  dw 01080h,base+00390h
  dw 01080h,base+003A0h
  dw 01080h,base+003B0h
  dw 01080h,base+003C0h
  dw 01080h,base+003D0h
  dw 01080h,base+003E0h
  dw 01084h,base+003F0h
  dw 00880h,base+0267Eh
  dw 00880h,base+02686h
  dw 00880h,base+0268Eh
  dw 00880h,base+02696h
  dw 00880h,base+024E6h
  dw 00880h,base+024EEh
  dw 00880h,base+024F6h
  dw 00880h,base+024FEh
  dw 00880h,base+02506h
  dw 00880h,base+0250Eh
  dw 00880h,base+02516h
  dw 00880h,base+0251Eh
  dw 00880h,base+02526h
  dw 00880h,base+0252Eh
  dw 00880h,base+02536h
  dw 00880h,base+0253Eh
  dw 00880h,base+02546h
  dw 00880h,base+0254Eh
  dw 00880h,base+02556h
  dw 00880h,base+0255Eh
  dw 00880h,base+02566h
  dw 00880h,base+0256Eh
  dw 00880h,base+0254Eh
  dw 00880h,base+02576h
  dw 00880h,base+0257Eh
  dw 00880h,base+02586h
  dw 00880h,base+0258Eh
  dw 00880h,base+02596h
  dw 00880h,base+0259Eh
  dw 00880h,base+025A6h
  dw 00880h,base+025AEh
  dw 0087Fh,base+025B6h
  dw 00A80h,base+01FC0h
  dw 00A80h,base+01FCAh
  dw 00A80h,base+01FD4h
  dw 00A80h,base+01FDEh
  dw 00A80h,base+01FE8h
  dw 00A80h,base+01FF2h
  dw 00A80h,base+01FFCh
  dw 00A80h,base+02006h
  dw 00A80h,base+02010h
  dw 00A80h,base+02010h
  dw 00A80h,base+0201Ah
  dw 00A80h,base+02024h
  dw 00A80h,base+0202Eh
  dw 00A80h,base+02038h
  dw 00A80h,base+02042h
  dw 00A80h,base+0204Ch
  dw 00A80h,base+013CAh
  dw 00A80h,base+02056h
  dw 00A80h,base+013CAh
  dw 00A80h,base+013CAh
  dw 00A80h,base+02060h
  dw 00A80h,base+013CAh
  dw 00A80h,base+013CAh
  dw 00A00h,base+013CAh

BossRoomframe004:
  db 010h,060h,078h,000h
  db 078h
  db 000h,000h,000h,000h,000h
  db 000h,000h
  dw 00880h,base+0269Eh
  dw 00880h,base+026A6h
  dw 00880h,base+026AEh
  dw 00880h,base+026B6h
  dw 00880h,base+026BEh
  dw 00880h,base+026C6h
  dw 00880h,base+026CEh
  dw 00880h,base+026D6h
  dw 00880h,base+026DEh
  dw 00880h,base+026E6h
  dw 00880h,base+026EEh
  dw 00880h,base+026F6h
  dw 00880h,base+026FEh
  dw 00880h,base+02706h
  dw 00880h,base+0270Eh
  dw 00880h,base+02716h
  dw 00880h,base+0271Eh
  dw 00880h,base+02726h
  dw 00880h,base+0272Eh
  dw 00880h,base+02736h
  dw 00880h,base+0273Eh
  dw 00880h,base+02746h
  dw 00880h,base+02726h
  dw 00880h,base+0274Eh
  dw 00880h,base+02756h
  dw 00880h,base+0275Eh
  dw 00880h,base+02766h
  dw 00880h,base+0276Eh
  dw 00880h,base+02776h
  dw 00880h,base+0277Eh
  dw 00880h,base+02786h
  dw 00880h,base+0278Eh
  dw 00880h,base+0269Eh
  dw 00880h,base+026A6h
  dw 00880h,base+026AEh
  dw 00880h,base+026B6h
  dw 00880h,base+026BEh
  dw 00880h,base+026C6h
  dw 00880h,base+026CEh
  dw 00880h,base+026D6h
  dw 00880h,base+026DEh
  dw 00880h,base+026E6h
  dw 00880h,base+026EEh
  dw 00880h,base+026F6h
  dw 00880h,base+026FEh
  dw 00880h,base+02706h
  dw 00880h,base+0270Eh
  dw 00880h,base+02716h
  dw 00880h,base+0271Eh
  dw 00880h,base+02726h
  dw 00880h,base+0272Eh
  dw 00880h,base+02736h
  dw 00880h,base+0273Eh
  dw 00880h,base+02746h
  dw 00880h,base+02726h
  dw 00880h,base+0274Eh
  dw 00880h,base+02756h
  dw 00880h,base+0275Eh
  dw 00880h,base+02766h
  dw 00880h,base+0276Eh
  dw 00880h,base+02776h
  dw 00880h,base+0277Eh
  dw 00880h,base+02786h
  dw 00880h,base+0278Eh
  dw 00880h,base+0269Eh
  dw 00880h,base+026A6h
  dw 00880h,base+026AEh
  dw 00880h,base+026B6h
  dw 00880h,base+026BEh
  dw 00880h,base+026C6h
  dw 00880h,base+026CEh
  dw 00880h,base+026D6h
  dw 00880h,base+026DEh
  dw 00880h,base+026E6h
  dw 00880h,base+026EEh
  dw 00880h,base+02796h
  dw 00880h,base+0279Eh
  dw 00880h,base+027A6h
  dw 00880h,base+027AEh
  dw 00880h,base+027B6h
  dw 00880h,base+027BEh
  dw 00880h,base+027C6h
  dw 00880h,base+027CEh
  dw 00880h,base+027D6h
  dw 00880h,base+027DEh
  dw 00880h,base+027E6h
  dw 00880h,base+027EEh
  dw 00880h,base+027F6h
  dw 00880h,base+027FEh
  dw 00880h,base+02806h
  dw 00880h,base+0280Eh
  dw 00880h,base+02816h
  dw 00880h,base+0281Eh
  dw 00880h,base+02826h
  dw 00880h,base+0282Eh
  dw 00800h,base+02836h

BossRoomframe005:
  db 020h,058h,070h,000h
  db 070h
  db 000h,000h,000h,000h,000h
  db 000h,000h
  dw 01080h,base+00400h
  dw 01080h,base+00410h
  dw 01080h,base+00420h
  dw 01080h,base+00430h
  dw 01080h,base+00440h
  dw 01080h,base+00450h
  dw 01080h,base+00460h
  dw 01080h,base+00470h
  dw 01080h,base+00480h
  dw 01080h,base+00490h
  dw 01080h,base+004A0h
  dw 01080h,base+004B0h
  dw 01080h,base+004C0h
  dw 01080h,base+004D0h
  dw 01080h,base+004E0h
  dw 01080h,base+004F0h
  dw 01080h,base+00500h
  dw 01080h,base+00510h
  dw 01080h,base+00520h
  dw 01080h,base+00530h
  dw 01080h,base+00540h
  dw 01080h,base+00550h
  dw 01080h,base+00560h
  dw 01080h,base+00570h
  dw 01080h,base+00580h
  dw 01080h,base+00590h
  dw 01080h,base+005A0h
  dw 01080h,base+005B0h
  dw 01080h,base+005C0h
  dw 01080h,base+005D0h
  dw 01080h,base+005E0h
  dw 01084h,base+005F0h
  dw 00880h,base+0283Eh
  dw 00880h,base+02846h
  dw 00880h,base+0284Eh
  dw 00880h,base+02856h
  dw 00880h,base+0285Eh
  dw 00880h,base+02866h
  dw 00880h,base+026CEh
  dw 00880h,base+026D6h
  dw 00880h,base+026DEh
  dw 00880h,base+026E6h
  dw 00880h,base+026EEh
  dw 00880h,base+026F6h
  dw 00880h,base+026FEh
  dw 00880h,base+02706h
  dw 00880h,base+0270Eh
  dw 00880h,base+02716h
  dw 00880h,base+0271Eh
  dw 00880h,base+02726h
  dw 00880h,base+0272Eh
  dw 00880h,base+02736h
  dw 00880h,base+0273Eh
  dw 00880h,base+02746h
  dw 00880h,base+02726h
  dw 00880h,base+0274Eh
  dw 00880h,base+02756h
  dw 00880h,base+0275Eh
  dw 00880h,base+02766h
  dw 00880h,base+0276Eh
  dw 00880h,base+02776h
  dw 00880h,base+0277Eh
  dw 00880h,base+02786h
  dw 0087Fh,base+0278Eh
  dw 00A80h,base+01FC0h
  dw 00A80h,base+01FCAh
  dw 00A80h,base+01FD4h
  dw 00A80h,base+01FDEh
  dw 00A80h,base+01FE8h
  dw 00A80h,base+01FF2h
  dw 00A80h,base+01FFCh
  dw 00A80h,base+02006h
  dw 00A80h,base+02010h
  dw 00A80h,base+02010h
  dw 00A80h,base+0201Ah
  dw 00A80h,base+02024h
  dw 00A80h,base+0202Eh
  dw 00A80h,base+02038h
  dw 00A80h,base+02042h
  dw 00A80h,base+0204Ch
  dw 00A80h,base+013CAh
  dw 00A80h,base+02056h
  dw 00A80h,base+013CAh
  dw 00A80h,base+013CAh
  dw 00A80h,base+02060h
  dw 00A80h,base+013CAh
  dw 00A80h,base+013CAh
  dw 00A00h,base+013CAh

BossRoomframe006:
  db 010h,060h,078h,000h
  db 078h
  db 000h,000h,000h,000h,000h
  db 000h,000h
  dw 00880h,base+022FEh
  dw 00880h,base+024CEh
  dw 00880h,base+024D6h
  dw 00880h,base+024DEh
  dw 00880h,base+024E6h
  dw 00880h,base+024EEh
  dw 00880h,base+024F6h
  dw 00880h,base+024FEh
  dw 00880h,base+02506h
  dw 00880h,base+0250Eh
  dw 00880h,base+02516h
  dw 00880h,base+0251Eh
  dw 00880h,base+02526h
  dw 00880h,base+0252Eh
  dw 00880h,base+02536h
  dw 00880h,base+0253Eh
  dw 00880h,base+02546h
  dw 00880h,base+0254Eh
  dw 00880h,base+02556h
  dw 00880h,base+0255Eh
  dw 00880h,base+02566h
  dw 00880h,base+0256Eh
  dw 00880h,base+0254Eh
  dw 00880h,base+02576h
  dw 00880h,base+0257Eh
  dw 00880h,base+02586h
  dw 00880h,base+0258Eh
  dw 00880h,base+02596h
  dw 00880h,base+0259Eh
  dw 00880h,base+025A6h
  dw 00880h,base+025AEh
  dw 00880h,base+025B6h
  dw 00880h,base+025BEh
  dw 00880h,base+024CEh
  dw 00880h,base+024D6h
  dw 00880h,base+024DEh
  dw 00880h,base+024E6h
  dw 00880h,base+024EEh
  dw 00880h,base+024F6h
  dw 00880h,base+024FEh
  dw 00880h,base+02506h
  dw 00880h,base+0250Eh
  dw 00880h,base+02516h
  dw 00880h,base+0251Eh
  dw 00880h,base+02526h
  dw 00880h,base+0252Eh
  dw 00880h,base+02536h
  dw 00880h,base+0253Eh
  dw 00880h,base+02546h
  dw 00880h,base+0254Eh
  dw 00880h,base+02556h
  dw 00880h,base+0255Eh
  dw 00880h,base+02566h
  dw 00880h,base+0256Eh
  dw 00880h,base+0254Eh
  dw 00880h,base+02576h
  dw 00880h,base+0257Eh
  dw 00880h,base+02586h
  dw 00880h,base+0258Eh
  dw 00880h,base+02596h
  dw 00880h,base+0259Eh
  dw 00880h,base+025A6h
  dw 00880h,base+025AEh
  dw 00880h,base+025B6h
  dw 00880h,base+025BEh
  dw 00880h,base+024CEh
  dw 00880h,base+024D6h
  dw 00880h,base+024DEh
  dw 00880h,base+024E6h
  dw 00880h,base+024EEh
  dw 00880h,base+024F6h
  dw 00880h,base+024FEh
  dw 00880h,base+02506h
  dw 00880h,base+025C6h
  dw 00880h,base+025CEh
  dw 00880h,base+025D6h
  dw 00880h,base+0286Eh
  dw 00880h,base+02876h
  dw 00880h,base+0287Eh
  dw 00880h,base+02886h
  dw 00880h,base+0288Eh
  dw 00880h,base+02896h
  dw 00880h,base+0289Eh
  dw 00880h,base+028A6h
  dw 00880h,base+028AEh
  dw 00880h,base+028B6h
  dw 00880h,base+028BEh
  dw 00880h,base+028C6h
  dw 00880h,base+028CEh
  dw 00880h,base+028D6h
  dw 00880h,base+028DEh
  dw 00880h,base+028E6h
  dw 00880h,base+028EEh
  dw 00880h,base+028F6h
  dw 00880h,base+028FEh
  dw 00800h,base+02906h

BossRoomframe007:
  db 020h,058h,070h,000h
  db 070h
  db 000h,000h,000h,000h,000h
  db 000h,000h
  dw 01080h,base+00600h
  dw 01080h,base+00610h
  dw 01080h,base+00620h
  dw 01080h,base+00630h
  dw 01080h,base+00640h
  dw 01080h,base+00650h
  dw 01080h,base+00660h
  dw 01080h,base+00670h
  dw 01080h,base+00680h
  dw 01080h,base+00690h
  dw 01080h,base+006A0h
  dw 01080h,base+006B0h
  dw 01080h,base+006C0h
  dw 01080h,base+006D0h
  dw 01080h,base+006E0h
  dw 01080h,base+006F0h
  dw 01080h,base+00700h
  dw 01080h,base+00710h
  dw 01080h,base+00720h
  dw 01080h,base+00730h
  dw 01080h,base+00740h
  dw 01080h,base+00750h
  dw 01080h,base+00760h
  dw 01080h,base+00770h
  dw 01080h,base+00780h
  dw 01080h,base+00790h
  dw 01080h,base+007A0h
  dw 01080h,base+007B0h
  dw 01080h,base+007C0h
  dw 01080h,base+007D0h
  dw 01080h,base+007E0h
  dw 01084h,base+007F0h
  dw 00880h,base+0290Eh
  dw 00880h,base+02916h
  dw 00880h,base+0291Eh
  dw 00880h,base+02926h
  dw 00880h,base+0292Eh
  dw 00880h,base+02936h
  dw 00880h,base+0293Eh
  dw 00880h,base+024FEh
  dw 00880h,base+02506h
  dw 00880h,base+0250Eh
  dw 00880h,base+02516h
  dw 00880h,base+0251Eh
  dw 00880h,base+02526h
  dw 00880h,base+0252Eh
  dw 00880h,base+02536h
  dw 00880h,base+0253Eh
  dw 00880h,base+02546h
  dw 00880h,base+0254Eh
  dw 00880h,base+02556h
  dw 00880h,base+0255Eh
  dw 00880h,base+02566h
  dw 00880h,base+0256Eh
  dw 00880h,base+0254Eh
  dw 00880h,base+02576h
  dw 00880h,base+0257Eh
  dw 00880h,base+02586h
  dw 00880h,base+0258Eh
  dw 00880h,base+02596h
  dw 00880h,base+0259Eh
  dw 00880h,base+025A6h
  dw 00880h,base+025AEh
  dw 0087Fh,base+025B6h
  dw 00A80h,base+01FC0h
  dw 00A80h,base+01FCAh
  dw 00A80h,base+01FD4h
  dw 00A80h,base+01FDEh
  dw 00A80h,base+01FE8h
  dw 00A80h,base+01FF2h
  dw 00A80h,base+01FFCh
  dw 00A80h,base+02006h
  dw 00A80h,base+02010h
  dw 00A80h,base+02010h
  dw 00A80h,base+0201Ah
  dw 00A80h,base+02024h
  dw 00A80h,base+0202Eh
  dw 00A80h,base+02038h
  dw 00A80h,base+02042h
  dw 00A80h,base+0204Ch
  dw 00A80h,base+013CAh
  dw 00A80h,base+02056h
  dw 00A80h,base+013CAh
  dw 00A80h,base+013CAh
  dw 00A80h,base+02060h
  dw 00A80h,base+013CAh
  dw 00A80h,base+013CAh
  dw 00A00h,base+013CAh

BossRoomframe008:
  db 010h,060h,078h,000h
  db 078h
  db 000h,000h,000h,000h,000h
  db 000h,000h
  dw 00880h,base+022FEh
  dw 00880h,base+02306h
  dw 00880h,base+0230Eh
  dw 00880h,base+02316h
  dw 00880h,base+0231Eh
  dw 00880h,base+02326h
  dw 00880h,base+0232Eh
  dw 00880h,base+02336h
  dw 00880h,base+0233Eh
  dw 00880h,base+02346h
  dw 00880h,base+0234Eh
  dw 00880h,base+02356h
  dw 00880h,base+0235Eh
  dw 00880h,base+02366h
  dw 00880h,base+0236Eh
  dw 00880h,base+02376h
  dw 00880h,base+0237Eh
  dw 00880h,base+02386h
  dw 00880h,base+0238Eh
  dw 00880h,base+02396h
  dw 00880h,base+0239Eh
  dw 00880h,base+023A6h
  dw 00880h,base+02386h
  dw 00880h,base+023AEh
  dw 00880h,base+023B6h
  dw 00880h,base+023BEh
  dw 00880h,base+023C6h
  dw 00880h,base+023CEh
  dw 00880h,base+023D6h
  dw 00880h,base+023DEh
  dw 00880h,base+023E6h
  dw 00880h,base+023EEh
  dw 00880h,base+022FEh
  dw 00880h,base+02306h
  dw 00880h,base+0230Eh
  dw 00880h,base+02316h
  dw 00880h,base+0231Eh
  dw 00880h,base+02326h
  dw 00880h,base+0232Eh
  dw 00880h,base+02336h
  dw 00880h,base+0233Eh
  dw 00880h,base+02346h
  dw 00880h,base+0234Eh
  dw 00880h,base+02356h
  dw 00880h,base+0235Eh
  dw 00880h,base+02366h
  dw 00880h,base+0236Eh
  dw 00880h,base+02376h
  dw 00880h,base+0237Eh
  dw 00880h,base+02386h
  dw 00880h,base+0238Eh
  dw 00880h,base+02396h
  dw 00880h,base+0239Eh
  dw 00880h,base+023A6h
  dw 00880h,base+02386h
  dw 00880h,base+023AEh
  dw 00880h,base+023B6h
  dw 00880h,base+023BEh
  dw 00880h,base+023C6h
  dw 00880h,base+023CEh
  dw 00880h,base+023D6h
  dw 00880h,base+023DEh
  dw 00880h,base+023E6h
  dw 00880h,base+023EEh
  dw 00880h,base+022FEh
  dw 00880h,base+02306h
  dw 00880h,base+0230Eh
  dw 00880h,base+02316h
  dw 00880h,base+0231Eh
  dw 00880h,base+02326h
  dw 00880h,base+0232Eh
  dw 00880h,base+02336h
  dw 00880h,base+0233Eh
  dw 00880h,base+02346h
  dw 00880h,base+0234Eh
  dw 00880h,base+02356h
  dw 00880h,base+0235Eh
  dw 00880h,base+02946h
  dw 00880h,base+0294Eh
  dw 00880h,base+02956h
  dw 00880h,base+0295Eh
  dw 00880h,base+02966h
  dw 00880h,base+0296Eh
  dw 00880h,base+02976h
  dw 00880h,base+0297Eh
  dw 00880h,base+02986h
  dw 00880h,base+0298Eh
  dw 00880h,base+02996h
  dw 00880h,base+0299Eh
  dw 00880h,base+029A6h
  dw 00880h,base+029AEh
  dw 00880h,base+029B6h
  dw 00880h,base+029BEh
  dw 00880h,base+029C6h
  dw 00880h,base+029CEh
  dw 00800h,base+029D6h

BossRoomframe009:
  db 020h,058h,070h,000h
  db 070h
  db 000h,000h,000h,000h,000h
  db 000h,000h
  dw 01080h,base+00800h
  dw 01080h,base+00810h
  dw 01080h,base+00820h
  dw 01080h,base+00830h
  dw 01080h,base+00840h
  dw 01080h,base+00850h
  dw 01080h,base+00860h
  dw 01080h,base+00870h
  dw 01080h,base+00880h
  dw 01080h,base+00890h
  dw 01080h,base+008A0h
  dw 01080h,base+008B0h
  dw 01080h,base+008C0h
  dw 01080h,base+008D0h
  dw 01080h,base+008E0h
  dw 01080h,base+008F0h
  dw 01080h,base+00900h
  dw 01080h,base+00910h
  dw 01080h,base+00920h
  dw 01080h,base+00930h
  dw 01080h,base+00940h
  dw 01080h,base+00950h
  dw 01080h,base+00960h
  dw 01080h,base+00970h
  dw 01080h,base+00980h
  dw 01080h,base+00990h
  dw 01080h,base+009A0h
  dw 01080h,base+009B0h
  dw 01080h,base+009C0h
  dw 01080h,base+009D0h
  dw 01080h,base+009E0h
  dw 01084h,base+009F0h
  dw 00880h,base+029DEh
  dw 00880h,base+029E6h
  dw 00880h,base+029EEh
  dw 00880h,base+029F6h
  dw 00880h,base+029FEh
  dw 00880h,base+02A06h
  dw 00880h,base+02A0Eh
  dw 00880h,base+02A16h
  dw 00880h,base+0233Eh
  dw 00880h,base+02346h
  dw 00880h,base+0234Eh
  dw 00880h,base+02356h
  dw 00880h,base+0235Eh
  dw 00880h,base+02366h
  dw 00880h,base+0236Eh
  dw 00880h,base+02376h
  dw 00880h,base+0237Eh
  dw 00880h,base+02386h
  dw 00880h,base+0238Eh
  dw 00880h,base+02396h
  dw 00880h,base+0239Eh
  dw 00880h,base+023A6h
  dw 00880h,base+02386h
  dw 00880h,base+023AEh
  dw 00880h,base+023B6h
  dw 00880h,base+023BEh
  dw 00880h,base+023C6h
  dw 00880h,base+023CEh
  dw 00880h,base+023D6h
  dw 00880h,base+023DEh
  dw 00880h,base+023E6h
  dw 0087Fh,base+023EEh
  dw 00A80h,base+01FC0h
  dw 00A80h,base+01FCAh
  dw 00A80h,base+01FD4h
  dw 00A80h,base+01FDEh
  dw 00A80h,base+01FE8h
  dw 00A80h,base+01FF2h
  dw 00A80h,base+01FFCh
  dw 00A80h,base+02006h
  dw 00A80h,base+02010h
  dw 00A80h,base+02010h
  dw 00A80h,base+0201Ah
  dw 00A80h,base+02024h
  dw 00A80h,base+0202Eh
  dw 00A80h,base+02038h
  dw 00A80h,base+02042h
  dw 00A80h,base+0204Ch
  dw 00A80h,base+013CAh
  dw 00A80h,base+02056h
  dw 00A80h,base+013CAh
  dw 00A80h,base+013CAh
  dw 00A80h,base+02060h
  dw 00A80h,base+013CAh
  dw 00A80h,base+013CAh
  dw 00A00h,base+013CAh

BossRoomframe010:
  db 010h,060h,078h,000h
  db 078h
  db 000h,000h,000h,000h,000h
  db 000h,000h
  dw 00880h,base+025BEh
  dw 00880h,base+024CEh
  dw 00880h,base+024D6h
  dw 00880h,base+024DEh
  dw 00880h,base+024E6h
  dw 00880h,base+024EEh
  dw 00880h,base+024F6h
  dw 00880h,base+024FEh
  dw 00880h,base+02506h
  dw 00880h,base+0250Eh
  dw 00880h,base+02516h
  dw 00880h,base+0251Eh
  dw 00880h,base+02526h
  dw 00880h,base+0252Eh
  dw 00880h,base+02536h
  dw 00880h,base+0253Eh
  dw 00880h,base+02546h
  dw 00880h,base+0254Eh
  dw 00880h,base+02556h
  dw 00880h,base+0255Eh
  dw 00880h,base+02566h
  dw 00880h,base+0256Eh
  dw 00880h,base+0254Eh
  dw 00880h,base+02576h
  dw 00880h,base+0257Eh
  dw 00880h,base+02586h
  dw 00880h,base+0258Eh
  dw 00880h,base+02596h
  dw 00880h,base+0259Eh
  dw 00880h,base+025A6h
  dw 00880h,base+025AEh
  dw 00880h,base+025B6h
  dw 00880h,base+025BEh
  dw 00880h,base+024CEh
  dw 00880h,base+024D6h
  dw 00880h,base+024DEh
  dw 00880h,base+024E6h
  dw 00880h,base+024EEh
  dw 00880h,base+024F6h
  dw 00880h,base+024FEh
  dw 00880h,base+02506h
  dw 00880h,base+0250Eh
  dw 00880h,base+02516h
  dw 00880h,base+0251Eh
  dw 00880h,base+02526h
  dw 00880h,base+0252Eh
  dw 00880h,base+02536h
  dw 00880h,base+0253Eh
  dw 00880h,base+02546h
  dw 00880h,base+0254Eh
  dw 00880h,base+02556h
  dw 00880h,base+0255Eh
  dw 00880h,base+02566h
  dw 00880h,base+0256Eh
  dw 00880h,base+0254Eh
  dw 00880h,base+02576h
  dw 00880h,base+0257Eh
  dw 00880h,base+02586h
  dw 00880h,base+0258Eh
  dw 00880h,base+02596h
  dw 00880h,base+0259Eh
  dw 00880h,base+025A6h
  dw 00880h,base+025AEh
  dw 00880h,base+025B6h
  dw 00880h,base+025BEh
  dw 00880h,base+024CEh
  dw 00880h,base+024D6h
  dw 00880h,base+024DEh
  dw 00880h,base+024E6h
  dw 00880h,base+024EEh
  dw 00880h,base+024F6h
  dw 00880h,base+024FEh
  dw 00880h,base+02506h
  dw 00880h,base+0250Eh
  dw 00880h,base+02516h
  dw 00880h,base+0251Eh
  dw 00880h,base+02A1Eh
  dw 00880h,base+02A26h
  dw 00880h,base+0287Eh
  dw 00880h,base+02A2Eh
  dw 00880h,base+02A36h
  dw 00880h,base+02896h
  dw 00880h,base+02A3Eh
  dw 00880h,base+028A6h
  dw 00880h,base+028AEh
  dw 00880h,base+028B6h
  dw 00880h,base+028BEh
  dw 00880h,base+028C6h
  dw 00880h,base+02A46h
  dw 00880h,base+02A4Eh
  dw 00880h,base+02A56h
  dw 00880h,base+02A5Eh
  dw 00880h,base+02A66h
  dw 00880h,base+02A6Eh
  dw 00880h,base+02A76h
  dw 00800h,base+02A7Eh

BossRoomframe011:
  db 020h,058h,070h,000h
  db 070h
  db 000h,000h,000h,000h,000h
  db 000h,000h
  dw 01080h,base+00A00h
  dw 01080h,base+00A10h
  dw 01080h,base+00A20h
  dw 01080h,base+00A30h
  dw 01080h,base+00A40h
  dw 01080h,base+00A50h
  dw 01080h,base+00A60h
  dw 01080h,base+00A70h
  dw 01080h,base+00A80h
  dw 01080h,base+00A90h
  dw 01080h,base+00AA0h
  dw 01080h,base+00AB0h
  dw 01080h,base+00AC0h
  dw 01080h,base+00AD0h
  dw 01080h,base+00AE0h
  dw 01080h,base+00AF0h
  dw 01080h,base+00B00h
  dw 01080h,base+00B10h
  dw 01080h,base+00B20h
  dw 01080h,base+00B30h
  dw 01080h,base+00B40h
  dw 01080h,base+00B50h
  dw 01080h,base+00B60h
  dw 01080h,base+00B70h
  dw 01080h,base+00B80h
  dw 01080h,base+00B90h
  dw 01080h,base+00BA0h
  dw 01080h,base+00BB0h
  dw 01080h,base+00BC0h
  dw 01080h,base+00BD0h
  dw 01080h,base+00BE0h
  dw 01084h,base+00BF0h
  dw 00880h,base+02A86h
  dw 00880h,base+02A8Eh
  dw 00880h,base+02A96h
  dw 00880h,base+02926h
  dw 00880h,base+0292Eh
  dw 00880h,base+02936h
  dw 00880h,base+0293Eh
  dw 00880h,base+024FEh
  dw 00880h,base+02506h
  dw 00880h,base+0250Eh
  dw 00880h,base+02516h
  dw 00880h,base+0251Eh
  dw 00880h,base+02526h
  dw 00880h,base+0252Eh
  dw 00880h,base+02536h
  dw 00880h,base+0253Eh
  dw 00880h,base+02546h
  dw 00880h,base+0254Eh
  dw 00880h,base+02556h
  dw 00880h,base+0255Eh
  dw 00880h,base+02566h
  dw 00880h,base+0256Eh
  dw 00880h,base+0254Eh
  dw 00880h,base+02576h
  dw 00880h,base+0257Eh
  dw 00880h,base+02586h
  dw 00880h,base+0258Eh
  dw 00880h,base+02596h
  dw 00880h,base+0259Eh
  dw 00880h,base+025A6h
  dw 00880h,base+025AEh
  dw 0087Fh,base+025B6h
  dw 00A80h,base+01FC0h
  dw 00A80h,base+01FCAh
  dw 00A80h,base+01FD4h
  dw 00A80h,base+01FDEh
  dw 00A80h,base+01FE8h
  dw 00A80h,base+01FF2h
  dw 00A80h,base+01FFCh
  dw 00A80h,base+02006h
  dw 00A80h,base+02010h
  dw 00A80h,base+02010h
  dw 00A80h,base+0201Ah
  dw 00A80h,base+02024h
  dw 00A80h,base+0202Eh
  dw 00A80h,base+02038h
  dw 00A80h,base+02042h
  dw 00A80h,base+0204Ch
  dw 00A80h,base+013CAh
  dw 00A80h,base+02056h
  dw 00A80h,base+013CAh
  dw 00A80h,base+013CAh
  dw 00A80h,base+02060h
  dw 00A80h,base+013CAh
  dw 00A80h,base+013CAh
  dw 00A00h,base+013CAh

BossRoomframe012:
  db 010h,060h,078h,000h
  db 078h
  db 000h,000h,000h,000h,000h
  db 000h,000h
  dw 00880h,base+0269Eh
  dw 00880h,base+026A6h
  dw 00880h,base+026AEh
  dw 00880h,base+026B6h
  dw 00880h,base+026BEh
  dw 00880h,base+026C6h
  dw 00880h,base+026CEh
  dw 00880h,base+026D6h
  dw 00880h,base+026DEh
  dw 00880h,base+026E6h
  dw 00880h,base+026EEh
  dw 00880h,base+026F6h
  dw 00880h,base+026FEh
  dw 00880h,base+02706h
  dw 00880h,base+0270Eh
  dw 00880h,base+02716h
  dw 00880h,base+0271Eh
  dw 00880h,base+02726h
  dw 00880h,base+0272Eh
  dw 00880h,base+02736h
  dw 00880h,base+0273Eh
  dw 00880h,base+02746h
  dw 00880h,base+02726h
  dw 00880h,base+0274Eh
  dw 00880h,base+02756h
  dw 00880h,base+0275Eh
  dw 00880h,base+02766h
  dw 00880h,base+0276Eh
  dw 00880h,base+02776h
  dw 00880h,base+0277Eh
  dw 00880h,base+02786h
  dw 00880h,base+0278Eh
  dw 00880h,base+0269Eh
  dw 00880h,base+026A6h
  dw 00880h,base+026AEh
  dw 00880h,base+026B6h
  dw 00880h,base+026BEh
  dw 00880h,base+026C6h
  dw 00880h,base+026CEh
  dw 00880h,base+026D6h
  dw 00880h,base+026DEh
  dw 00880h,base+026E6h
  dw 00880h,base+026EEh
  dw 00880h,base+026F6h
  dw 00880h,base+026FEh
  dw 00880h,base+02706h
  dw 00880h,base+0270Eh
  dw 00880h,base+02716h
  dw 00880h,base+0271Eh
  dw 00880h,base+02726h
  dw 00880h,base+0272Eh
  dw 00880h,base+02736h
  dw 00880h,base+0273Eh
  dw 00880h,base+02746h
  dw 00880h,base+02726h
  dw 00880h,base+0274Eh
  dw 00880h,base+02756h
  dw 00880h,base+0275Eh
  dw 00880h,base+02766h
  dw 00880h,base+0276Eh
  dw 00880h,base+02776h
  dw 00880h,base+0277Eh
  dw 00880h,base+02786h
  dw 00880h,base+0278Eh
  dw 00880h,base+0269Eh
  dw 00880h,base+026A6h
  dw 00880h,base+026AEh
  dw 00880h,base+026B6h
  dw 00880h,base+026BEh
  dw 00880h,base+026C6h
  dw 00880h,base+026CEh
  dw 00880h,base+026D6h
  dw 00880h,base+026DEh
  dw 00880h,base+026E6h
  dw 00880h,base+02A9Eh
  dw 00880h,base+02AA6h
  dw 00880h,base+02AAEh
  dw 00880h,base+02AB6h
  dw 00880h,base+02ABEh
  dw 00880h,base+027B6h
  dw 00880h,base+02AC6h
  dw 00880h,base+02ACEh
  dw 00880h,base+02AD6h
  dw 00880h,base+02ADEh
  dw 00880h,base+02AE6h
  dw 00880h,base+02AEEh
  dw 00880h,base+02AF6h
  dw 00880h,base+02AFEh
  dw 00880h,base+02B06h
  dw 00880h,base+02B0Eh
  dw 00880h,base+02B16h
  dw 00880h,base+02B1Eh
  dw 00880h,base+02B26h
  dw 00880h,base+02B2Eh
  dw 00880h,base+02B36h
  dw 00800h,base+02B3Eh

BossRoomframe013:
  db 020h,058h,070h,000h
  db 070h
  db 000h,000h,000h,000h,000h
  db 000h,000h
  dw 01080h,base+00C00h
  dw 01080h,base+00C10h
  dw 01080h,base+00C20h
  dw 01080h,base+00C30h
  dw 01080h,base+00C40h
  dw 01080h,base+00C50h
  dw 01080h,base+00C60h
  dw 01080h,base+00C70h
  dw 01080h,base+00C80h
  dw 01080h,base+00C90h
  dw 01080h,base+00CA0h
  dw 01080h,base+00CB0h
  dw 01080h,base+00CC0h
  dw 01080h,base+00CD0h
  dw 01080h,base+00CE0h
  dw 01080h,base+00CF0h
  dw 01080h,base+00D00h
  dw 01080h,base+00D10h
  dw 01080h,base+00D20h
  dw 01080h,base+00D30h
  dw 01080h,base+00D40h
  dw 01080h,base+00D50h
  dw 01080h,base+00D60h
  dw 01080h,base+00D70h
  dw 01080h,base+00D80h
  dw 01080h,base+00D90h
  dw 01080h,base+00DA0h
  dw 01080h,base+00DB0h
  dw 01080h,base+00DC0h
  dw 01080h,base+00DD0h
  dw 01080h,base+00DE0h
  dw 01084h,base+00DF0h
  dw 00880h,base+02B46h
  dw 00880h,base+02B4Eh
  dw 00880h,base+02B56h
  dw 00880h,base+02B5Eh
  dw 00880h,base+02B66h
  dw 00880h,base+026C6h
  dw 00880h,base+026CEh
  dw 00880h,base+026D6h
  dw 00880h,base+026DEh
  dw 00880h,base+026E6h
  dw 00880h,base+026EEh
  dw 00880h,base+026F6h
  dw 00880h,base+026FEh
  dw 00880h,base+02706h
  dw 00880h,base+0270Eh
  dw 00880h,base+02716h
  dw 00880h,base+0271Eh
  dw 00880h,base+02726h
  dw 00880h,base+0272Eh
  dw 00880h,base+02736h
  dw 00880h,base+0273Eh
  dw 00880h,base+02746h
  dw 00880h,base+02726h
  dw 00880h,base+0274Eh
  dw 00880h,base+02756h
  dw 00880h,base+0275Eh
  dw 00880h,base+02766h
  dw 00880h,base+0276Eh
  dw 00880h,base+02776h
  dw 00880h,base+0277Eh
  dw 00880h,base+02786h
  dw 0087Fh,base+0278Eh
  dw 00A80h,base+01FC0h
  dw 00A80h,base+01FCAh
  dw 00A80h,base+01FD4h
  dw 00A80h,base+01FDEh
  dw 00A80h,base+01FE8h
  dw 00A80h,base+01FF2h
  dw 00A80h,base+01FFCh
  dw 00A80h,base+02006h
  dw 00A80h,base+02010h
  dw 00A80h,base+02010h
  dw 00A80h,base+0201Ah
  dw 00A80h,base+02024h
  dw 00A80h,base+0202Eh
  dw 00A80h,base+02038h
  dw 00A80h,base+02042h
  dw 00A80h,base+0204Ch
  dw 00A80h,base+013CAh
  dw 00A80h,base+02056h
  dw 00A80h,base+013CAh
  dw 00A80h,base+013CAh
  dw 00A80h,base+02060h
  dw 00A80h,base+013CAh
  dw 00A80h,base+013CAh
  dw 00A00h,base+013CAh

BossRoomframe014:
  db 010h,060h,078h,000h
  db 078h
  db 000h,000h,000h,000h,000h
  db 000h,000h
  dw 00880h,base+022FEh
  dw 00880h,base+024CEh
  dw 00880h,base+024D6h
  dw 00880h,base+024DEh
  dw 00880h,base+024E6h
  dw 00880h,base+024EEh
  dw 00880h,base+024F6h
  dw 00880h,base+024FEh
  dw 00880h,base+02506h
  dw 00880h,base+0250Eh
  dw 00880h,base+02516h
  dw 00880h,base+0251Eh
  dw 00880h,base+02526h
  dw 00880h,base+0252Eh
  dw 00880h,base+02536h
  dw 00880h,base+0253Eh
  dw 00880h,base+02546h
  dw 00880h,base+0254Eh
  dw 00880h,base+02556h
  dw 00880h,base+0255Eh
  dw 00880h,base+02566h
  dw 00880h,base+0256Eh
  dw 00880h,base+0254Eh
  dw 00880h,base+02576h
  dw 00880h,base+0257Eh
  dw 00880h,base+02586h
  dw 00880h,base+0258Eh
  dw 00880h,base+02596h
  dw 00880h,base+0259Eh
  dw 00880h,base+025A6h
  dw 00880h,base+025AEh
  dw 00880h,base+025B6h
  dw 00880h,base+025BEh
  dw 00880h,base+024CEh
  dw 00880h,base+024D6h
  dw 00880h,base+024DEh
  dw 00880h,base+024E6h
  dw 00880h,base+024EEh
  dw 00880h,base+024F6h
  dw 00880h,base+024FEh
  dw 00880h,base+02506h
  dw 00880h,base+0250Eh
  dw 00880h,base+02516h
  dw 00880h,base+0251Eh
  dw 00880h,base+02526h
  dw 00880h,base+0252Eh
  dw 00880h,base+02536h
  dw 00880h,base+0253Eh
  dw 00880h,base+02546h
  dw 00880h,base+0254Eh
  dw 00880h,base+02556h
  dw 00880h,base+0255Eh
  dw 00880h,base+02566h
  dw 00880h,base+0256Eh
  dw 00880h,base+0254Eh
  dw 00880h,base+02576h
  dw 00880h,base+0257Eh
  dw 00880h,base+02586h
  dw 00880h,base+0258Eh
  dw 00880h,base+02596h
  dw 00880h,base+0259Eh
  dw 00880h,base+025A6h
  dw 00880h,base+025AEh
  dw 00880h,base+025B6h
  dw 00880h,base+025BEh
  dw 00880h,base+024CEh
  dw 00880h,base+024D6h
  dw 00880h,base+024DEh
  dw 00880h,base+024E6h
  dw 00880h,base+024EEh
  dw 00880h,base+024F6h
  dw 00880h,base+024FEh
  dw 00880h,base+02506h
  dw 00880h,base+025C6h
  dw 00880h,base+025CEh
  dw 00880h,base+025D6h
  dw 00880h,base+025DEh
  dw 00880h,base+025E6h
  dw 00880h,base+025EEh
  dw 00880h,base+025F6h
  dw 00880h,base+025FEh
  dw 00880h,base+02606h
  dw 00880h,base+02B6Eh
  dw 00880h,base+02B76h
  dw 00880h,base+02B7Eh
  dw 00880h,base+02B86h
  dw 00880h,base+02B8Eh
  dw 00880h,base+02B96h
  dw 00880h,base+02B9Eh
  dw 00880h,base+02BA6h
  dw 00880h,base+02BAEh
  dw 00880h,base+02BB6h
  dw 00880h,base+02BBEh
  dw 00880h,base+02BC6h
  dw 00880h,base+02BCEh
  dw 00800h,base+02BD6h

BossRoomframe015:
  db 020h,058h,070h,000h
  db 070h
  db 000h,000h,000h,000h,000h
  db 000h,000h
  dw 01080h,base+00E00h
  dw 01080h,base+00E10h
  dw 01080h,base+00E20h
  dw 01080h,base+00E30h
  dw 01080h,base+00E40h
  dw 01080h,base+00E50h
  dw 01080h,base+00E60h
  dw 01080h,base+00E70h
  dw 01080h,base+00E80h
  dw 01080h,base+00E90h
  dw 01080h,base+00EA0h
  dw 01080h,base+00EB0h
  dw 01080h,base+00EC0h
  dw 01080h,base+00ED0h
  dw 01080h,base+00EE0h
  dw 01080h,base+00EF0h
  dw 01080h,base+00F00h
  dw 01080h,base+00F10h
  dw 01080h,base+00F20h
  dw 01080h,base+00F30h
  dw 01080h,base+00F40h
  dw 01080h,base+00F50h
  dw 01080h,base+00F60h
  dw 01080h,base+00F70h
  dw 01080h,base+00F80h
  dw 01080h,base+00F90h
  dw 01080h,base+00FA0h
  dw 01080h,base+00FB0h
  dw 01080h,base+00FC0h
  dw 01080h,base+00FD0h
  dw 01080h,base+00FE0h
  dw 01084h,base+00FF0h
  dw 00880h,base+02BDEh
  dw 00880h,base+02686h
  dw 00880h,base+0268Eh
  dw 00880h,base+02696h
  dw 00880h,base+024E6h
  dw 00880h,base+024EEh
  dw 00880h,base+024F6h
  dw 00880h,base+024FEh
  dw 00880h,base+02506h
  dw 00880h,base+0250Eh
  dw 00880h,base+02516h
  dw 00880h,base+0251Eh
  dw 00880h,base+02526h
  dw 00880h,base+0252Eh
  dw 00880h,base+02536h
  dw 00880h,base+0253Eh
  dw 00880h,base+02546h
  dw 00880h,base+0254Eh
  dw 00880h,base+02556h
  dw 00880h,base+0255Eh
  dw 00880h,base+02566h
  dw 00880h,base+0256Eh
  dw 00880h,base+0254Eh
  dw 00880h,base+02576h
  dw 00880h,base+0257Eh
  dw 00880h,base+02586h
  dw 00880h,base+0258Eh
  dw 00880h,base+02596h
  dw 00880h,base+0259Eh
  dw 00880h,base+025A6h
  dw 00880h,base+025AEh
  dw 0087Fh,base+025B6h
  dw 00A80h,base+01FC0h
  dw 00A80h,base+01FCAh
  dw 00A80h,base+01FD4h
  dw 00A80h,base+01FDEh
  dw 00A80h,base+01FE8h
  dw 00A80h,base+01FF2h
  dw 00A80h,base+01FFCh
  dw 00A80h,base+02006h
  dw 00A80h,base+02010h
  dw 00A80h,base+02010h
  dw 00A80h,base+0201Ah
  dw 00A80h,base+02024h
  dw 00A80h,base+0202Eh
  dw 00A80h,base+02038h
  dw 00A80h,base+02042h
  dw 00A80h,base+0204Ch
  dw 00A80h,base+013CAh
  dw 00A80h,base+02056h
  dw 00A80h,base+013CAh
  dw 00A80h,base+013CAh
  dw 00A80h,base+02060h
  dw 00A80h,base+013CAh
  dw 00A80h,base+013CAh
  dw 00A00h,base+013CAh

BossRoomframe016:
  db 010h,060h,078h,000h
  db 078h
  db 000h,000h,000h,000h,000h
  db 000h,000h
  dw 00880h,base+025BEh
  dw 00880h,base+024CEh
  dw 00880h,base+024D6h
  dw 00880h,base+024DEh
  dw 00880h,base+024E6h
  dw 00880h,base+024EEh
  dw 00880h,base+024F6h
  dw 00880h,base+024FEh
  dw 00880h,base+02506h
  dw 00880h,base+0250Eh
  dw 00880h,base+02516h
  dw 00880h,base+0251Eh
  dw 00880h,base+02526h
  dw 00880h,base+0252Eh
  dw 00880h,base+02536h
  dw 00880h,base+0253Eh
  dw 00880h,base+02546h
  dw 00880h,base+0254Eh
  dw 00880h,base+02556h
  dw 00880h,base+0255Eh
  dw 00880h,base+02566h
  dw 00880h,base+0256Eh
  dw 00880h,base+0254Eh
  dw 00880h,base+02576h
  dw 00880h,base+0257Eh
  dw 00880h,base+02586h
  dw 00880h,base+0258Eh
  dw 00880h,base+02596h
  dw 00880h,base+0259Eh
  dw 00880h,base+025A6h
  dw 00880h,base+025AEh
  dw 00880h,base+025B6h
  dw 00880h,base+025BEh
  dw 00880h,base+024CEh
  dw 00880h,base+024D6h
  dw 00880h,base+024DEh
  dw 00880h,base+024E6h
  dw 00880h,base+024EEh
  dw 00880h,base+024F6h
  dw 00880h,base+024FEh
  dw 00880h,base+02506h
  dw 00880h,base+0250Eh
  dw 00880h,base+02516h
  dw 00880h,base+0251Eh
  dw 00880h,base+02526h
  dw 00880h,base+0252Eh
  dw 00880h,base+02536h
  dw 00880h,base+0253Eh
  dw 00880h,base+02546h
  dw 00880h,base+0254Eh
  dw 00880h,base+02556h
  dw 00880h,base+0255Eh
  dw 00880h,base+02566h
  dw 00880h,base+0256Eh
  dw 00880h,base+0254Eh
  dw 00880h,base+02576h
  dw 00880h,base+0257Eh
  dw 00880h,base+02586h
  dw 00880h,base+0258Eh
  dw 00880h,base+02596h
  dw 00880h,base+0259Eh
  dw 00880h,base+025A6h
  dw 00880h,base+025AEh
  dw 00880h,base+025B6h
  dw 00880h,base+025BEh
  dw 00880h,base+024CEh
  dw 00880h,base+024D6h
  dw 00880h,base+024DEh
  dw 00880h,base+024E6h
  dw 00880h,base+024EEh
  dw 00880h,base+024F6h
  dw 00880h,base+024FEh
  dw 00880h,base+02506h
  dw 00880h,base+0250Eh
  dw 00880h,base+02516h
  dw 00880h,base+0251Eh
  dw 00880h,base+02526h
  dw 00880h,base+0252Eh
  dw 00880h,base+02BE6h
  dw 00880h,base+02BEEh
  dw 00880h,base+02BF6h
  dw 00880h,base+02BFEh
  dw 00880h,base+02C06h
  dw 00880h,base+02C0Eh
  dw 00880h,base+02C16h
  dw 00880h,base+02C1Eh
  dw 00880h,base+02C26h
  dw 00880h,base+02C2Eh
  dw 00880h,base+02C36h
  dw 00880h,base+02C3Eh
  dw 00880h,base+02C46h
  dw 00880h,base+02C4Eh
  dw 00880h,base+02C56h
  dw 00880h,base+02C5Eh
  dw 00880h,base+02C66h
  dw 00800h,base+02C6Eh

BossRoomframe017:
  db 020h,058h,070h,000h
  db 070h
  db 000h,000h,000h,000h,000h
  db 000h,000h
  dw 01080h,base+01000h
  dw 01080h,base+01010h
  dw 01080h,base+01020h
  dw 01080h,base+01030h
  dw 01080h,base+01040h
  dw 01080h,base+01050h
  dw 01080h,base+01060h
  dw 01080h,base+01070h
  dw 01080h,base+01080h
  dw 01080h,base+01090h
  dw 01080h,base+010A0h
  dw 01080h,base+010B0h
  dw 01080h,base+010C0h
  dw 01080h,base+010D0h
  dw 01080h,base+010E0h
  dw 01080h,base+010F0h
  dw 01080h,base+01100h
  dw 01080h,base+01110h
  dw 01080h,base+01120h
  dw 01080h,base+01130h
  dw 01080h,base+01140h
  dw 01080h,base+01150h
  dw 01080h,base+01160h
  dw 01080h,base+01170h
  dw 01080h,base+01180h
  dw 01080h,base+01190h
  dw 01080h,base+011A0h
  dw 01080h,base+011B0h
  dw 01080h,base+011C0h
  dw 01080h,base+011D0h
  dw 01080h,base+011E0h
  dw 01084h,base+011F0h
  dw 00880h,base+02C76h
  dw 00880h,base+02C7Eh
  dw 00880h,base+02C86h
  dw 00880h,base+02C8Eh
  dw 00880h,base+02C96h
  dw 00880h,base+02C9Eh
  dw 00880h,base+02CA6h
  dw 00880h,base+02CAEh
  dw 00880h,base+02CB6h
  dw 00880h,base+0250Eh
  dw 00880h,base+02516h
  dw 00880h,base+0251Eh
  dw 00880h,base+02526h
  dw 00880h,base+0252Eh
  dw 00880h,base+02536h
  dw 00880h,base+0253Eh
  dw 00880h,base+02546h
  dw 00880h,base+0254Eh
  dw 00880h,base+02556h
  dw 00880h,base+0255Eh
  dw 00880h,base+02566h
  dw 00880h,base+0256Eh
  dw 00880h,base+0254Eh
  dw 00880h,base+02576h
  dw 00880h,base+0257Eh
  dw 00880h,base+02586h
  dw 00880h,base+0258Eh
  dw 00880h,base+02596h
  dw 00880h,base+0259Eh
  dw 00880h,base+025A6h
  dw 00880h,base+025AEh
  dw 0087Fh,base+02CBEh
  dw 00A80h,base+0206Ah
  dw 00A80h,base+02074h
  dw 00A80h,base+0207Eh
  dw 00A80h,base+02088h
  dw 00A80h,base+01FE8h
  dw 00A80h,base+01FF2h
  dw 00A80h,base+01FFCh
  dw 00A80h,base+02006h
  dw 00A80h,base+02092h
  dw 00A80h,base+0209Ch
  dw 00A80h,base+020A6h
  dw 00A80h,base+020B0h
  dw 00A80h,base+020BAh
  dw 00A80h,base+020C4h
  dw 00A80h,base+020CEh
  dw 00A80h,base+020D8h
  dw 00A80h,base+013CAh
  dw 00A80h,base+020E2h
  dw 00A80h,base+013CAh
  dw 00A80h,base+020ECh
  dw 00A80h,base+020F6h
  dw 00A80h,base+013CAh
  dw 00A80h,base+01713h
  dw 00A00h,base+013CAh

BossRoomframe018:
  db 010h,060h,078h,000h
  db 078h
  db 000h,000h,000h,000h,000h
  db 000h,000h
  dw 00880h,base+0269Eh
  dw 00880h,base+026A6h
  dw 00880h,base+026AEh
  dw 00880h,base+026B6h
  dw 00880h,base+026BEh
  dw 00880h,base+026C6h
  dw 00880h,base+026CEh
  dw 00880h,base+026D6h
  dw 00880h,base+026DEh
  dw 00880h,base+026E6h
  dw 00880h,base+026EEh
  dw 00880h,base+026F6h
  dw 00880h,base+026FEh
  dw 00880h,base+02706h
  dw 00880h,base+0270Eh
  dw 00880h,base+02716h
  dw 00880h,base+0271Eh
  dw 00880h,base+02726h
  dw 00880h,base+0272Eh
  dw 00880h,base+02736h
  dw 00880h,base+0273Eh
  dw 00880h,base+02746h
  dw 00880h,base+02726h
  dw 00880h,base+0274Eh
  dw 00880h,base+02756h
  dw 00880h,base+0275Eh
  dw 00880h,base+02766h
  dw 00880h,base+0276Eh
  dw 00880h,base+02776h
  dw 00880h,base+0277Eh
  dw 00880h,base+02786h
  dw 00880h,base+0278Eh
  dw 00880h,base+0269Eh
  dw 00880h,base+026A6h
  dw 00880h,base+026AEh
  dw 00880h,base+026B6h
  dw 00880h,base+026BEh
  dw 00880h,base+026C6h
  dw 00880h,base+026CEh
  dw 00880h,base+026D6h
  dw 00880h,base+026DEh
  dw 00880h,base+026E6h
  dw 00880h,base+026EEh
  dw 00880h,base+026F6h
  dw 00880h,base+026FEh
  dw 00880h,base+02706h
  dw 00880h,base+0270Eh
  dw 00880h,base+02716h
  dw 00880h,base+0271Eh
  dw 00880h,base+02726h
  dw 00880h,base+0272Eh
  dw 00880h,base+02736h
  dw 00880h,base+0273Eh
  dw 00880h,base+02746h
  dw 00880h,base+02726h
  dw 00880h,base+0274Eh
  dw 00880h,base+02756h
  dw 00880h,base+0275Eh
  dw 00880h,base+02766h
  dw 00880h,base+0276Eh
  dw 00880h,base+02776h
  dw 00880h,base+0277Eh
  dw 00880h,base+02786h
  dw 00880h,base+0278Eh
  dw 00880h,base+0269Eh
  dw 00880h,base+026A6h
  dw 00880h,base+026AEh
  dw 00880h,base+026B6h
  dw 00880h,base+026BEh
  dw 00880h,base+026C6h
  dw 00880h,base+026CEh
  dw 00880h,base+026D6h
  dw 00880h,base+026DEh
  dw 00880h,base+026E6h
  dw 00880h,base+026EEh
  dw 00880h,base+026F6h
  dw 00880h,base+026FEh
  dw 00880h,base+02706h
  dw 00880h,base+0270Eh
  dw 00880h,base+02716h
  dw 00880h,base+02CC6h
  dw 00880h,base+02CCEh
  dw 00880h,base+02CD6h
  dw 00880h,base+02CDEh
  dw 00880h,base+02CE6h
  dw 00880h,base+02CEEh
  dw 00880h,base+027C6h
  dw 00880h,base+02CF6h
  dw 00880h,base+02CFEh
  dw 00880h,base+02D06h
  dw 00880h,base+02D06h
  dw 00880h,base+02D0Eh
  dw 00880h,base+02D16h
  dw 00880h,base+02D1Eh
  dw 00880h,base+02D26h
  dw 00800h,base+02D2Eh

BossRoomframe019:
  db 020h,058h,070h,000h
  db 070h
  db 000h,000h,000h,000h,000h
  db 000h,000h
  dw 01080h,base+01200h
  dw 01080h,base+01210h
  dw 01080h,base+01220h
  dw 01080h,base+01230h
  dw 01080h,base+01240h
  dw 01080h,base+01250h
  dw 01080h,base+01260h
  dw 01080h,base+01270h
  dw 01080h,base+01280h
  dw 01080h,base+01290h
  dw 01080h,base+012A0h
  dw 01080h,base+012B0h
  dw 01080h,base+012C0h
  dw 01080h,base+012D0h
  dw 01080h,base+012E0h
  dw 01080h,base+012F0h
  dw 01080h,base+01300h
  dw 01080h,base+01310h
  dw 01080h,base+01320h
  dw 01080h,base+01330h
  dw 01080h,base+01340h
  dw 01080h,base+01350h
  dw 01080h,base+01360h
  dw 01080h,base+01370h
  dw 01080h,base+01380h
  dw 01080h,base+01390h
  dw 01080h,base+013A0h
  dw 01080h,base+013B0h
  dw 01080h,base+013C0h
  dw 01080h,base+013D0h
  dw 01080h,base+013E0h
  dw 01084h,base+013F0h
  dw 00880h,base+012C4h
  dw 00880h,base+01294h
  dw 00880h,base+01274h
  dw 00880h,base+02D36h
  dw 00880h,base+02D3Eh
  dw 00880h,base+02D46h
  dw 00880h,base+02D4Eh
  dw 00880h,base+02CF6h
  dw 00880h,base+02D56h
  dw 00880h,base+02D5Eh
  dw 00880h,base+026EEh
  dw 00880h,base+026F6h
  dw 00880h,base+026FEh
  dw 00880h,base+02706h
  dw 00880h,base+0270Eh
  dw 00880h,base+02716h
  dw 00880h,base+0271Eh
  dw 00880h,base+02726h
  dw 00880h,base+0272Eh
  dw 00880h,base+02736h
  dw 00880h,base+0273Eh
  dw 00880h,base+02746h
  dw 00880h,base+02726h
  dw 00880h,base+0274Eh
  dw 00880h,base+02756h
  dw 00880h,base+0275Eh
  dw 00880h,base+02766h
  dw 00880h,base+0276Eh
  dw 00880h,base+02776h
  dw 00880h,base+0277Eh
  dw 00880h,base+02D66h
  dw 0087Fh,base+02D6Eh
  dw 00A80h,base+02100h
  dw 00A80h,base+0210Ah
  dw 00A80h,base+02114h
  dw 00A80h,base+0211Eh
  dw 00A80h,base+01FE8h
  dw 00A80h,base+01FF2h
  dw 00A80h,base+01FFCh
  dw 00A80h,base+02006h
  dw 00A80h,base+02092h
  dw 00A80h,base+0209Ch
  dw 00A80h,base+020A6h
  dw 00A80h,base+020B0h
  dw 00A80h,base+020BAh
  dw 00A80h,base+020C4h
  dw 00A80h,base+020CEh
  dw 00A80h,base+020D8h
  dw 00A80h,base+013CAh
  dw 00A80h,base+020E2h
  dw 00A80h,base+013CAh
  dw 00A80h,base+020ECh
  dw 00A80h,base+020F6h
  dw 00A80h,base+013CAh
  dw 00A80h,base+01713h
  dw 00A00h,base+013CAh

BossRoomframe020:
  db 010h,060h,078h,000h
  db 078h
  db 000h,000h,000h,000h,000h
  db 000h,000h
  dw 00880h,base+02D76h
  dw 00880h,base+02D7Eh
  dw 00880h,base+02D86h
  dw 00880h,base+02D8Eh
  dw 00880h,base+02D96h
  dw 00880h,base+02D9Eh
  dw 00880h,base+02DA6h
  dw 00880h,base+02DAEh
  dw 00880h,base+02DB6h
  dw 00880h,base+02DBEh
  dw 00880h,base+02DC6h
  dw 00880h,base+02DCEh
  dw 00880h,base+02DD6h
  dw 00880h,base+02DDEh
  dw 00880h,base+02DE6h
  dw 00880h,base+02DEEh
  dw 00880h,base+02DF6h
  dw 00880h,base+02DFEh
  dw 00880h,base+02E06h
  dw 00880h,base+02E0Eh
  dw 00880h,base+02E16h
  dw 00880h,base+02E1Eh
  dw 00880h,base+02DFEh
  dw 00880h,base+02E26h
  dw 00880h,base+02E2Eh
  dw 00880h,base+02E36h
  dw 00880h,base+02E3Eh
  dw 00880h,base+02E46h
  dw 00880h,base+02E4Eh
  dw 00880h,base+02E56h
  dw 00880h,base+02E5Eh
  dw 00880h,base+02E66h
  dw 00880h,base+02D76h
  dw 00880h,base+02D7Eh
  dw 00880h,base+02D86h
  dw 00880h,base+02D8Eh
  dw 00880h,base+02D96h
  dw 00880h,base+02D9Eh
  dw 00880h,base+02DA6h
  dw 00880h,base+02DAEh
  dw 00880h,base+02DB6h
  dw 00880h,base+02DBEh
  dw 00880h,base+02DC6h
  dw 00880h,base+02DCEh
  dw 00880h,base+02DD6h
  dw 00880h,base+02DDEh
  dw 00880h,base+02DE6h
  dw 00880h,base+02DEEh
  dw 00880h,base+02DF6h
  dw 00880h,base+02DFEh
  dw 00880h,base+02E06h
  dw 00880h,base+02E0Eh
  dw 00880h,base+02E16h
  dw 00880h,base+02E1Eh
  dw 00880h,base+02DFEh
  dw 00880h,base+02E26h
  dw 00880h,base+02E2Eh
  dw 00880h,base+02E36h
  dw 00880h,base+02E3Eh
  dw 00880h,base+02E46h
  dw 00880h,base+02E4Eh
  dw 00880h,base+02E56h
  dw 00880h,base+02E5Eh
  dw 00880h,base+02E66h
  dw 00880h,base+02D76h
  dw 00880h,base+02D7Eh
  dw 00880h,base+02D86h
  dw 00880h,base+02D8Eh
  dw 00880h,base+02D96h
  dw 00880h,base+02D9Eh
  dw 00880h,base+02DA6h
  dw 00880h,base+02DAEh
  dw 00880h,base+02DB6h
  dw 00880h,base+02DBEh
  dw 00880h,base+02DC6h
  dw 00880h,base+02DCEh
  dw 00880h,base+02DD6h
  dw 00880h,base+02DDEh
  dw 00880h,base+02DE6h
  dw 00880h,base+02DEEh
  dw 00880h,base+02DF6h
  dw 00880h,base+02DFEh
  dw 00880h,base+02E06h
  dw 00880h,base+02E6Eh
  dw 00880h,base+02E76h
  dw 00880h,base+02E7Eh
  dw 00880h,base+02E86h
  dw 00880h,base+02E8Eh
  dw 00880h,base+02E96h
  dw 00880h,base+02E9Eh
  dw 00880h,base+02EA6h
  dw 00880h,base+02EAEh
  dw 00880h,base+02EB6h
  dw 00880h,base+02EBEh
  dw 00880h,base+02EC6h
  dw 00800h,base+02ECEh

BossRoomframe021:
  db 020h,058h,070h,000h
  db 070h
  db 000h,000h,000h,000h,000h
  db 000h,000h
  dw 01080h,base+01400h
  dw 01080h,base+01410h
  dw 01080h,base+01420h
  dw 01080h,base+01430h
  dw 01080h,base+01440h
  dw 01080h,base+01450h
  dw 01080h,base+01460h
  dw 01080h,base+01470h
  dw 01080h,base+01480h
  dw 01080h,base+01490h
  dw 01080h,base+014A0h
  dw 01080h,base+014B0h
  dw 01080h,base+014C0h
  dw 01080h,base+014D0h
  dw 01080h,base+014E0h
  dw 01080h,base+014F0h
  dw 01080h,base+01500h
  dw 01080h,base+01510h
  dw 01080h,base+01520h
  dw 01080h,base+01530h
  dw 01080h,base+01540h
  dw 01080h,base+01550h
  dw 01080h,base+01560h
  dw 01080h,base+01570h
  dw 01080h,base+01580h
  dw 01080h,base+01590h
  dw 01080h,base+015A0h
  dw 01080h,base+015B0h
  dw 01080h,base+015C0h
  dw 01080h,base+015D0h
  dw 01080h,base+015E0h
  dw 01084h,base+015F0h
  dw 00880h,base+01564h
  dw 00880h,base+01574h
  dw 00880h,base+01524h
  dw 00880h,base+014F4h
  dw 00880h,base+014A4h
  dw 00880h,base+014A4h
  dw 00880h,base+01454h
  dw 00880h,base+01454h
  dw 00880h,base+02ED6h
  dw 00880h,base+02EDEh
  dw 00880h,base+02EE6h
  dw 00880h,base+02EEEh
  dw 00880h,base+02DD6h
  dw 00880h,base+02DDEh
  dw 00880h,base+02DE6h
  dw 00880h,base+02DEEh
  dw 00880h,base+02DF6h
  dw 00880h,base+02DFEh
  dw 00880h,base+02E06h
  dw 00880h,base+02E0Eh
  dw 00880h,base+02E16h
  dw 00880h,base+02E1Eh
  dw 00880h,base+02DFEh
  dw 00880h,base+02E26h
  dw 00880h,base+02E2Eh
  dw 00880h,base+02E36h
  dw 00880h,base+02E3Eh
  dw 00880h,base+02E46h
  dw 00880h,base+02EF6h
  dw 00880h,base+011DCh
  dw 00880h,base+0222Dh
  dw 0087Fh,base+02EFEh
  dw 00A80h,base+02128h
  dw 00A80h,base+02132h
  dw 00A80h,base+0213Ch
  dw 00A80h,base+02146h
  dw 00A80h,base+01FE8h
  dw 00A80h,base+01FF2h
  dw 00A80h,base+01FFCh
  dw 00A80h,base+02006h
  dw 00A80h,base+02092h
  dw 00A80h,base+0209Ch
  dw 00A80h,base+020A6h
  dw 00A80h,base+020B0h
  dw 00A80h,base+020BAh
  dw 00A80h,base+020C4h
  dw 00A80h,base+020CEh
  dw 00A80h,base+020D8h
  dw 00A80h,base+013CAh
  dw 00A80h,base+020E2h
  dw 00A80h,base+013CAh
  dw 00A80h,base+020ECh
  dw 00A80h,base+020F6h
  dw 00A80h,base+013CAh
  dw 00A80h,base+01713h
  dw 00A00h,base+013CAh

BossRoomframe022:
  db 010h,060h,078h,000h
  db 078h
  db 000h,000h,000h,000h,000h
  db 000h,000h
  dw 00880h,base+02F06h
  dw 00880h,base+02F0Eh
  dw 00880h,base+02F16h
  dw 00880h,base+02F1Eh
  dw 00880h,base+02F26h
  dw 00880h,base+02F2Eh
  dw 00880h,base+02F36h
  dw 00880h,base+02F3Eh
  dw 00880h,base+02F46h
  dw 00880h,base+02F4Eh
  dw 00880h,base+02F56h
  dw 00880h,base+02F5Eh
  dw 00880h,base+02F66h
  dw 00880h,base+02F6Eh
  dw 00880h,base+02F76h
  dw 00880h,base+02F7Eh
  dw 00880h,base+02F86h
  dw 00880h,base+02F8Eh
  dw 00880h,base+02F96h
  dw 00880h,base+02F9Eh
  dw 00880h,base+02FA6h
  dw 00880h,base+02FAEh
  dw 00880h,base+02F8Eh
  dw 00880h,base+02FB6h
  dw 00880h,base+02FBEh
  dw 00880h,base+02FC6h
  dw 00880h,base+02FCEh
  dw 00880h,base+02FD6h
  dw 00880h,base+02FDEh
  dw 00880h,base+02FE6h
  dw 00880h,base+02FEEh
  dw 00880h,base+02FF6h
  dw 00880h,base+02F06h
  dw 00880h,base+02F0Eh
  dw 00880h,base+02F16h
  dw 00880h,base+02F1Eh
  dw 00880h,base+02F26h
  dw 00880h,base+02F2Eh
  dw 00880h,base+02F36h
  dw 00880h,base+02F3Eh
  dw 00880h,base+02F46h
  dw 00880h,base+02F4Eh
  dw 00880h,base+02F56h
  dw 00880h,base+02F5Eh
  dw 00880h,base+02F66h
  dw 00880h,base+02F6Eh
  dw 00880h,base+02F76h
  dw 00880h,base+02F7Eh
  dw 00880h,base+02F86h
  dw 00880h,base+02F8Eh
  dw 00880h,base+02F96h
  dw 00880h,base+02F9Eh
  dw 00880h,base+02FA6h
  dw 00880h,base+02FAEh
  dw 00880h,base+02F8Eh
  dw 00880h,base+02FB6h
  dw 00880h,base+02FBEh
  dw 00880h,base+02FC6h
  dw 00880h,base+02FCEh
  dw 00880h,base+02FD6h
  dw 00880h,base+02FDEh
  dw 00880h,base+02FE6h
  dw 00880h,base+02FEEh
  dw 00880h,base+02FF6h
  dw 00880h,base+02F06h
  dw 00880h,base+02F0Eh
  dw 00880h,base+02F16h
  dw 00880h,base+02F1Eh
  dw 00880h,base+02F26h
  dw 00880h,base+02F2Eh
  dw 00880h,base+02F36h
  dw 00880h,base+02F3Eh
  dw 00880h,base+02F46h
  dw 00880h,base+02F4Eh
  dw 00880h,base+02F56h
  dw 00880h,base+02F5Eh
  dw 00880h,base+02F66h
  dw 00880h,base+02F6Eh
  dw 00880h,base+02F76h
  dw 00880h,base+02F7Eh
  dw 00880h,base+02F86h
  dw 00880h,base+02F8Eh
  dw 00880h,base+02F96h
  dw 00880h,base+02F9Eh
  dw 00880h,base+02FA6h
  dw 00880h,base+02FAEh
  dw 00880h,base+02F8Eh
  dw 00880h,base+02FFEh
  dw 00880h,base+03006h
  dw 00880h,base+0300Eh
  dw 00880h,base+03016h
  dw 00880h,base+0301Eh
  dw 00880h,base+03026h
  dw 00880h,base+0302Eh
  dw 00880h,base+03036h
  dw 00800h,base+0303Eh

BossRoomframe023:
  db 020h,058h,070h,000h
  db 070h
  db 000h,000h,000h,000h,000h
  db 000h,000h
  dw 01080h,base+01600h
  dw 01080h,base+01610h
  dw 01080h,base+01620h
  dw 01080h,base+01630h
  dw 01080h,base+01640h
  dw 01080h,base+01650h
  dw 01080h,base+01660h
  dw 01080h,base+01670h
  dw 01080h,base+01680h
  dw 01080h,base+01690h
  dw 01080h,base+016A0h
  dw 01080h,base+016B0h
  dw 01080h,base+016C0h
  dw 01080h,base+016D0h
  dw 01080h,base+016E0h
  dw 01080h,base+016F0h
  dw 01080h,base+01700h
  dw 01080h,base+01710h
  dw 01080h,base+01720h
  dw 01080h,base+01730h
  dw 01080h,base+01740h
  dw 01080h,base+01750h
  dw 01080h,base+01760h
  dw 01080h,base+01770h
  dw 01080h,base+01780h
  dw 01080h,base+01790h
  dw 01080h,base+017A0h
  dw 01080h,base+017B0h
  dw 01080h,base+017C0h
  dw 01080h,base+017D0h
  dw 01080h,base+017E0h
  dw 01084h,base+017F0h
  dw 00880h,base+03046h
  dw 00880h,base+017B4h
  dw 00880h,base+0304Eh
  dw 00880h,base+017B4h
  dw 00880h,base+01764h
  dw 00880h,base+017B4h
  dw 00880h,base+01764h
  dw 00880h,base+01704h
  dw 00880h,base+01704h
  dw 00880h,base+011DCh
  dw 00880h,base+01269h
  dw 00880h,base+03056h
  dw 00880h,base+01614h
  dw 00880h,base+0305Eh
  dw 00880h,base+02F76h
  dw 00880h,base+02F7Eh
  dw 00880h,base+02F86h
  dw 00880h,base+02F8Eh
  dw 00880h,base+02F96h
  dw 00880h,base+02F9Eh
  dw 00880h,base+02FA6h
  dw 00880h,base+02FAEh
  dw 00880h,base+02F8Eh
  dw 00880h,base+02FB6h
  dw 00880h,base+02FBEh
  dw 00880h,base+03066h
  dw 00880h,base+011DCh
  dw 00880h,base+0306Eh
  dw 00880h,base+03076h
  dw 00880h,base+0307Eh
  dw 00880h,base+03086h
  dw 0087Fh,base+0308Eh
  dw 00A80h,base+02010h
  dw 00A80h,base+02150h
  dw 00A80h,base+0215Ah
  dw 00A80h,base+0211Eh
  dw 00A80h,base+01FE8h
  dw 00A80h,base+01FF2h
  dw 00A80h,base+02164h
  dw 00A80h,base+0216Eh
  dw 00A80h,base+02092h
  dw 00A80h,base+0209Ch
  dw 00A80h,base+020A6h
  dw 00A80h,base+020B0h
  dw 00A80h,base+020BAh
  dw 00A80h,base+020C4h
  dw 00A80h,base+020CEh
  dw 00A80h,base+020D8h
  dw 00A80h,base+013CAh
  dw 00A80h,base+020E2h
  dw 00A80h,base+013CAh
  dw 00A80h,base+020ECh
  dw 00A80h,base+020F6h
  dw 00A80h,base+013CAh
  dw 00A80h,base+02178h
  dw 00A00h,base+013CAh

BossRoomframe024:
  db 010h,060h,078h,000h
  db 078h
  db 000h,000h,000h,000h,000h
  db 000h,000h
  dw 00880h,base+03096h
  dw 00880h,base+0309Eh
  dw 00880h,base+030A6h
  dw 00880h,base+030AEh
  dw 00880h,base+030B6h
  dw 00880h,base+030BEh
  dw 00880h,base+030C6h
  dw 00880h,base+030CEh
  dw 00880h,base+030D6h
  dw 00880h,base+030DEh
  dw 00880h,base+030E6h
  dw 00880h,base+030EEh
  dw 00880h,base+030F6h
  dw 00880h,base+030FEh
  dw 00880h,base+03106h
  dw 00880h,base+0310Eh
  dw 00880h,base+03116h
  dw 00880h,base+0311Eh
  dw 00880h,base+03126h
  dw 00880h,base+0312Eh
  dw 00880h,base+03136h
  dw 00880h,base+0313Eh
  dw 00880h,base+0311Eh
  dw 00880h,base+03146h
  dw 00880h,base+0314Eh
  dw 00880h,base+03156h
  dw 00880h,base+0315Eh
  dw 00880h,base+03166h
  dw 00880h,base+0316Eh
  dw 00880h,base+03176h
  dw 00880h,base+0317Eh
  dw 00880h,base+03186h
  dw 00880h,base+03096h
  dw 00880h,base+0309Eh
  dw 00880h,base+030A6h
  dw 00880h,base+030AEh
  dw 00880h,base+030B6h
  dw 00880h,base+030BEh
  dw 00880h,base+030C6h
  dw 00880h,base+030CEh
  dw 00880h,base+030D6h
  dw 00880h,base+030DEh
  dw 00880h,base+030E6h
  dw 00880h,base+030EEh
  dw 00880h,base+030F6h
  dw 00880h,base+030FEh
  dw 00880h,base+03106h
  dw 00880h,base+0310Eh
  dw 00880h,base+03116h
  dw 00880h,base+0311Eh
  dw 00880h,base+03126h
  dw 00880h,base+0312Eh
  dw 00880h,base+03136h
  dw 00880h,base+0313Eh
  dw 00880h,base+0311Eh
  dw 00880h,base+03146h
  dw 00880h,base+0314Eh
  dw 00880h,base+03156h
  dw 00880h,base+0315Eh
  dw 00880h,base+03166h
  dw 00880h,base+0316Eh
  dw 00880h,base+03176h
  dw 00880h,base+0317Eh
  dw 00880h,base+03186h
  dw 00880h,base+03096h
  dw 00880h,base+0309Eh
  dw 00880h,base+030A6h
  dw 00880h,base+030AEh
  dw 00880h,base+030B6h
  dw 00880h,base+030BEh
  dw 00880h,base+030C6h
  dw 00880h,base+030CEh
  dw 00880h,base+030D6h
  dw 00880h,base+030DEh
  dw 00880h,base+030E6h
  dw 00880h,base+030EEh
  dw 00880h,base+030F6h
  dw 00880h,base+030FEh
  dw 00880h,base+03106h
  dw 00880h,base+0310Eh
  dw 00880h,base+03116h
  dw 00880h,base+0311Eh
  dw 00880h,base+03126h
  dw 00880h,base+0312Eh
  dw 00880h,base+03136h
  dw 00880h,base+0313Eh
  dw 00880h,base+0311Eh
  dw 00880h,base+03146h
  dw 00880h,base+0314Eh
  dw 00880h,base+03156h
  dw 00880h,base+0315Eh
  dw 00880h,base+03166h
  dw 00880h,base+0318Eh
  dw 00880h,base+03196h
  dw 00880h,base+0319Eh
  dw 00800h,base+031A6h

BossRoomframe025:
  db 020h,058h,070h,000h
  db 070h
  db 000h,000h,000h,000h,000h
  db 000h,000h
  dw 01080h,base+01800h
  dw 01080h,base+01810h
  dw 01080h,base+01820h
  dw 01080h,base+01830h
  dw 01080h,base+01840h
  dw 01080h,base+01850h
  dw 01080h,base+01860h
  dw 01080h,base+01870h
  dw 01080h,base+01880h
  dw 01080h,base+01890h
  dw 01080h,base+018A0h
  dw 01080h,base+018B0h
  dw 01080h,base+018C0h
  dw 01080h,base+018D0h
  dw 01080h,base+018E0h
  dw 01080h,base+016F0h
  dw 01080h,base+018F0h
  dw 01080h,base+01900h
  dw 01080h,base+01910h
  dw 01080h,base+01920h
  dw 01080h,base+01930h
  dw 01080h,base+01940h
  dw 01080h,base+01950h
  dw 01080h,base+01960h
  dw 01080h,base+01970h
  dw 01080h,base+01980h
  dw 01080h,base+01990h
  dw 01080h,base+019A0h
  dw 01080h,base+019B0h
  dw 01080h,base+019C0h
  dw 01080h,base+019D0h
  dw 01084h,base+019E0h
  dw 00880h,base+0125Ah
  dw 00880h,base+011DCh
  dw 00880h,base+011DCh
  dw 00880h,base+011DCh
  dw 00880h,base+011DCh
  dw 00880h,base+011DCh
  dw 00880h,base+011DCh
  dw 00880h,base+011DCh
  dw 00880h,base+011DCh
  dw 00880h,base+011DCh
  dw 00880h,base+011DCh
  dw 00880h,base+0125Ah
  dw 00880h,base+016C4h
  dw 00880h,base+018D4h
  dw 00880h,base+018E4h
  dw 00880h,base+031AEh
  dw 00880h,base+031B6h
  dw 00880h,base+0311Eh
  dw 00880h,base+03126h
  dw 00880h,base+0312Eh
  dw 00880h,base+03136h
  dw 00880h,base+0313Eh
  dw 00880h,base+0045Ch
  dw 00880h,base+011DCh
  dw 00880h,base+031BEh
  dw 00880h,base+031C6h
  dw 00880h,base+031CEh
  dw 00880h,base+031D6h
  dw 00880h,base+031DEh
  dw 00880h,base+031E6h
  dw 00880h,base+031EEh
  dw 0087Fh,base+031F6h
  dw 00A80h,base+02182h
  dw 00A80h,base+0218Ch
  dw 00A80h,base+0207Eh
  dw 00A80h,base+02088h
  dw 00A80h,base+01FE8h
  dw 00A80h,base+01FF2h
  dw 00A80h,base+02196h
  dw 00A80h,base+021A0h
  dw 00A80h,base+021AAh
  dw 00A80h,base+0209Ch
  dw 00A80h,base+020A6h
  dw 00A80h,base+020B0h
  dw 00A80h,base+020BAh
  dw 00A80h,base+020C4h
  dw 00A80h,base+020CEh
  dw 00A80h,base+020D8h
  dw 00A80h,base+013CAh
  dw 00A80h,base+020E2h
  dw 00A80h,base+013CAh
  dw 00A80h,base+020ECh
  dw 00A80h,base+020F6h
  dw 00A80h,base+013CAh
  dw 00A80h,base+021B4h
  dw 00A00h,base+021BEh

BossRoomframe026:
  db 010h,060h,078h,000h
  db 078h
  db 000h,000h,000h,000h,000h
  db 000h,000h
  dw 00880h,base+019F4h
  dw 00880h,base+01A04h
  dw 00880h,base+01A14h
  dw 00880h,base+01A24h
  dw 00880h,base+01A34h
  dw 00880h,base+01A44h
  dw 00880h,base+01A54h
  dw 00880h,base+031FEh
  dw 00880h,base+03206h
  dw 00880h,base+0320Eh
  dw 00880h,base+03216h
  dw 00880h,base+0321Eh
  dw 00880h,base+03226h
  dw 00880h,base+0322Eh
  dw 00880h,base+03236h
  dw 00880h,base+0323Eh
  dw 00880h,base+03246h
  dw 00880h,base+0324Eh
  dw 00880h,base+03256h
  dw 00880h,base+0325Eh
  dw 00880h,base+03266h
  dw 00880h,base+0326Eh
  dw 00880h,base+03276h
  dw 00880h,base+0327Eh
  dw 00880h,base+03286h
  dw 00880h,base+0328Eh
  dw 00880h,base+03296h
  dw 00880h,base+0329Eh
  dw 00880h,base+032A6h
  dw 00880h,base+032AEh
  dw 00880h,base+032B6h
  dw 00880h,base+032BEh
  dw 00880h,base+019F4h
  dw 00880h,base+01A04h
  dw 00880h,base+01A14h
  dw 00880h,base+01A24h
  dw 00880h,base+01A34h
  dw 00880h,base+01A44h
  dw 00880h,base+01A54h
  dw 00880h,base+031FEh
  dw 00880h,base+03206h
  dw 00880h,base+0320Eh
  dw 00880h,base+03216h
  dw 00880h,base+0321Eh
  dw 00880h,base+03226h
  dw 00880h,base+0322Eh
  dw 00880h,base+03236h
  dw 00880h,base+0323Eh
  dw 00880h,base+03246h
  dw 00880h,base+0324Eh
  dw 00880h,base+03256h
  dw 00880h,base+0325Eh
  dw 00880h,base+03266h
  dw 00880h,base+0326Eh
  dw 00880h,base+03276h
  dw 00880h,base+0327Eh
  dw 00880h,base+03286h
  dw 00880h,base+0328Eh
  dw 00880h,base+03296h
  dw 00880h,base+0329Eh
  dw 00880h,base+032A6h
  dw 00880h,base+032AEh
  dw 00880h,base+032B6h
  dw 00880h,base+032BEh
  dw 00880h,base+019F4h
  dw 00880h,base+01A04h
  dw 00880h,base+01A14h
  dw 00880h,base+01A24h
  dw 00880h,base+01A34h
  dw 00880h,base+01A44h
  dw 00880h,base+01A54h
  dw 00880h,base+031FEh
  dw 00880h,base+03206h
  dw 00880h,base+0320Eh
  dw 00880h,base+03216h
  dw 00880h,base+0321Eh
  dw 00880h,base+03226h
  dw 00880h,base+0322Eh
  dw 00880h,base+03236h
  dw 00880h,base+0323Eh
  dw 00880h,base+03246h
  dw 00880h,base+0324Eh
  dw 00880h,base+03256h
  dw 00880h,base+0325Eh
  dw 00880h,base+03266h
  dw 00880h,base+0326Eh
  dw 00880h,base+03276h
  dw 00880h,base+0327Eh
  dw 00880h,base+03286h
  dw 00880h,base+0328Eh
  dw 00880h,base+03296h
  dw 00880h,base+0329Eh
  dw 00880h,base+032A6h
  dw 00880h,base+032AEh
  dw 00880h,base+032B6h
  dw 00800h,base+032BEh

BossRoomframe027:
  db 020h,058h,070h,000h
  db 070h
  db 000h,000h,000h,000h,000h
  db 000h,000h
  dw 01080h,base+019F0h
  dw 01080h,base+01A00h
  dw 01080h,base+01A10h
  dw 01080h,base+01A20h
  dw 01080h,base+01A30h
  dw 01080h,base+01A40h
  dw 01080h,base+01A50h
  dw 01080h,base+01A60h
  dw 01080h,base+01A70h
  dw 01080h,base+01A80h
  dw 01080h,base+01A90h
  dw 01080h,base+01AA0h
  dw 01080h,base+01AB0h
  dw 01080h,base+01AC0h
  dw 01080h,base+01AD0h
  dw 01080h,base+01AE0h
  dw 01080h,base+01AF0h
  dw 01080h,base+01B00h
  dw 01080h,base+01B10h
  dw 01080h,base+01B20h
  dw 01080h,base+01B30h
  dw 01080h,base+01B40h
  dw 01080h,base+01B50h
  dw 01080h,base+01B60h
  dw 01080h,base+01B70h
  dw 01080h,base+01B80h
  dw 01080h,base+01B90h
  dw 01080h,base+01BA0h
  dw 01080h,base+01BB0h
  dw 01080h,base+01BC0h
  dw 01080h,base+01BD0h
  dw 01084h,base+01BE0h
  dw 00880h,base+018D4h
  dw 00880h,base+032C6h
  dw 00880h,base+032CEh
  dw 00880h,base+019B5h
  dw 00880h,base+01934h
  dw 00880h,base+011DCh
  dw 00880h,base+01269h
  dw 00880h,base+011DCh
  dw 00880h,base+01269h
  dw 00880h,base+011DCh
  dw 00880h,base+01269h
  dw 00880h,base+032D6h
  dw 00880h,base+032C6h
  dw 00880h,base+018D4h
  dw 00880h,base+018E4h
  dw 00880h,base+01652h
  dw 00880h,base+01269h
  dw 00880h,base+0045Ch
  dw 00880h,base+0001Ch
  dw 00880h,base+01B24h
  dw 00880h,base+01B34h
  dw 00880h,base+032DEh
  dw 00880h,base+032E6h
  dw 00880h,base+032EEh
  dw 00880h,base+032F6h
  dw 00880h,base+032FEh
  dw 00880h,base+03306h
  dw 00880h,base+0330Eh
  dw 00880h,base+03316h
  dw 00880h,base+0331Eh
  dw 00880h,base+03326h
  dw 0087Fh,base+0332Eh
  dw 00A80h,base+021C8h
  dw 00A80h,base+021D2h
  dw 00A80h,base+021DCh
  dw 00A80h,base+02088h
  dw 00A80h,base+01FE8h
  dw 00A80h,base+021E6h
  dw 00A80h,base+021F0h
  dw 00A80h,base+021FAh
  dw 00A80h,base+02204h
  dw 00A80h,base+0220Eh
  dw 00A80h,base+020A6h
  dw 00A80h,base+020B0h
  dw 00A80h,base+020BAh
  dw 00A80h,base+020C4h
  dw 00A80h,base+020CEh
  dw 00A80h,base+020D8h
  dw 00A80h,base+013CAh
  dw 00A80h,base+020E2h
  dw 00A80h,base+013CAh
  dw 00A80h,base+020ECh
  dw 00A80h,base+020F6h
  dw 00A80h,base+013CAh
  dw 00A80h,base+02218h
  dw 00A00h,base+02222h

BossRoomframe028:
  db 010h,060h,078h,000h
  db 078h
  db 000h,000h,000h,000h,000h
  db 000h,000h
  dw 00880h,base+01BF4h
  dw 00880h,base+01C04h
  dw 00880h,base+01C14h
  dw 00880h,base+01C24h
  dw 00880h,base+01C34h
  dw 00880h,base+01C44h
  dw 00880h,base+01C54h
  dw 00880h,base+01C64h
  dw 00880h,base+01C74h
  dw 00880h,base+01C84h
  dw 00880h,base+01C94h
  dw 00880h,base+01CA4h
  dw 00880h,base+01CB4h
  dw 00880h,base+01CC4h
  dw 00880h,base+01CD4h
  dw 00880h,base+01CE4h
  dw 00880h,base+01CF4h
  dw 00880h,base+01D04h
  dw 00880h,base+01D14h
  dw 00880h,base+01D24h
  dw 00880h,base+03336h
  dw 00880h,base+01D44h
  dw 00880h,base+01D04h
  dw 00880h,base+0333Eh
  dw 00880h,base+01D74h
  dw 00880h,base+03346h
  dw 00880h,base+01D94h
  dw 00880h,base+0334Eh
  dw 00880h,base+03356h
  dw 00880h,base+0335Eh
  dw 00880h,base+03366h
  dw 00880h,base+0336Eh
  dw 00880h,base+01BF4h
  dw 00880h,base+01C04h
  dw 00880h,base+01C14h
  dw 00880h,base+01C24h
  dw 00880h,base+01C34h
  dw 00880h,base+01C44h
  dw 00880h,base+01C54h
  dw 00880h,base+01C64h
  dw 00880h,base+01C74h
  dw 00880h,base+01C84h
  dw 00880h,base+01C94h
  dw 00880h,base+01CA4h
  dw 00880h,base+01CB4h
  dw 00880h,base+01CC4h
  dw 00880h,base+01CD4h
  dw 00880h,base+01CE4h
  dw 00880h,base+01CF4h
  dw 00880h,base+01D04h
  dw 00880h,base+01D14h
  dw 00880h,base+01D24h
  dw 00880h,base+03336h
  dw 00880h,base+01D44h
  dw 00880h,base+01D04h
  dw 00880h,base+0333Eh
  dw 00880h,base+01D74h
  dw 00880h,base+03346h
  dw 00880h,base+01D94h
  dw 00880h,base+0334Eh
  dw 00880h,base+03356h
  dw 00880h,base+0335Eh
  dw 00880h,base+03366h
  dw 00880h,base+0336Eh
  dw 00880h,base+01BF4h
  dw 00880h,base+01C04h
  dw 00880h,base+01C14h
  dw 00880h,base+01C24h
  dw 00880h,base+01C34h
  dw 00880h,base+01C44h
  dw 00880h,base+01C54h
  dw 00880h,base+01C64h
  dw 00880h,base+01C74h
  dw 00880h,base+01C84h
  dw 00880h,base+01C94h
  dw 00880h,base+01CA4h
  dw 00880h,base+01CB4h
  dw 00880h,base+01CC4h
  dw 00880h,base+01CD4h
  dw 00880h,base+01CE4h
  dw 00880h,base+01CF4h
  dw 00880h,base+01D04h
  dw 00880h,base+01D14h
  dw 00880h,base+01D24h
  dw 00880h,base+03336h
  dw 00880h,base+01D44h
  dw 00880h,base+01D04h
  dw 00880h,base+0333Eh
  dw 00880h,base+01D74h
  dw 00880h,base+03346h
  dw 00880h,base+01D94h
  dw 00880h,base+0334Eh
  dw 00880h,base+03356h
  dw 00880h,base+0335Eh
  dw 00880h,base+03366h
  dw 00800h,base+0336Eh

BossRoomframe029:
  db 020h,058h,070h,000h
  db 070h
  db 000h,000h,000h,000h,000h
  db 000h,000h
  dw 01080h,base+01BF0h
  dw 01080h,base+01C00h
  dw 01080h,base+01C10h
  dw 01080h,base+01C20h
  dw 01080h,base+01C30h
  dw 01080h,base+01C40h
  dw 01080h,base+01C50h
  dw 01080h,base+01C60h
  dw 01080h,base+01C70h
  dw 01080h,base+01C80h
  dw 01080h,base+01C90h
  dw 01080h,base+01CA0h
  dw 01080h,base+01CB0h
  dw 01080h,base+01CC0h
  dw 01080h,base+01CD0h
  dw 01080h,base+01CE0h
  dw 01080h,base+01CF0h
  dw 01080h,base+01D00h
  dw 01080h,base+01D10h
  dw 01080h,base+01D20h
  dw 01080h,base+01D30h
  dw 01080h,base+01D40h
  dw 01080h,base+01D50h
  dw 01080h,base+01D60h
  dw 01080h,base+01D70h
  dw 01080h,base+01D80h
  dw 01080h,base+01D90h
  dw 01080h,base+01DA0h
  dw 01080h,base+01DB0h
  dw 01080h,base+01DC0h
  dw 01080h,base+01DD0h
  dw 01084h,base+01DE0h
  dw 00880h,base+01DF4h
  dw 00880h,base+03376h
  dw 00880h,base+01E14h
  dw 00880h,base+0337Eh
  dw 00880h,base+03386h
  dw 00880h,base+0338Eh
  dw 00880h,base+03396h
  dw 00880h,base+01870h
  dw 00880h,base+0339Eh
  dw 00880h,base+033A6h
  dw 00880h,base+033AEh
  dw 00880h,base+033B6h
  dw 00880h,base+033BEh
  dw 00880h,base+018D4h
  dw 00880h,base+0324Ah
  dw 00880h,base+031AEh
  dw 00880h,base+01688h
  dw 00880h,base+0045Ch
  dw 00880h,base+0001Ch
  dw 00880h,base+033C6h
  dw 00880h,base+033CEh
  dw 00880h,base+033D6h
  dw 00880h,base+033DEh
  dw 00880h,base+033E6h
  dw 00880h,base+033EEh
  dw 00880h,base+033F6h
  dw 00880h,base+033FEh
  dw 00880h,base+03406h
  dw 00880h,base+0340Eh
  dw 00880h,base+03416h
  dw 00880h,base+0341Eh
  dw 0087Fh,base+03426h
  dw 00A80h,base+0222Ch
  dw 00A80h,base+02132h
  dw 00A80h,base+0207Eh
  dw 00A80h,base+02088h
  dw 00A80h,base+02236h
  dw 00A80h,base+02240h
  dw 00A80h,base+0224Ah
  dw 00A80h,base+02254h
  dw 00A80h,base+0225Eh
  dw 00A80h,base+02268h
  dw 00A80h,base+02272h
  dw 00A80h,base+020B0h
  dw 00A80h,base+020BAh
  dw 00A80h,base+020C4h
  dw 00A80h,base+020CEh
  dw 00A80h,base+020D8h
  dw 00A80h,base+013CAh
  dw 00A80h,base+020E2h
  dw 00A80h,base+013CAh
  dw 00A80h,base+020ECh
  dw 00A80h,base+020F6h
  dw 00A80h,base+013CAh
  dw 00A80h,base+0227Ch
  dw 00A00h,base+02286h

BossRoomframe030:
  db 010h,060h,078h,000h
  db 078h
  db 000h,000h,000h,000h,000h
  db 000h,000h
  dw 00880h,base+01DF4h
  dw 00880h,base+01E04h
  dw 00880h,base+01E14h
  dw 00880h,base+01E24h
  dw 00880h,base+01E34h
  dw 00880h,base+01E44h
  dw 00880h,base+01E54h
  dw 00880h,base+01E64h
  dw 00880h,base+01E74h
  dw 00880h,base+01E84h
  dw 00880h,base+01E94h
  dw 00880h,base+01EA4h
  dw 00880h,base+01EB4h
  dw 00880h,base+01EC4h
  dw 00880h,base+01ED4h
  dw 00880h,base+01EE4h
  dw 00880h,base+01EF4h
  dw 00880h,base+01F04h
  dw 00880h,base+01F14h
  dw 00880h,base+01F24h
  dw 00880h,base+01D34h
  dw 00880h,base+01F34h
  dw 00880h,base+01F44h
  dw 00880h,base+01F54h
  dw 00880h,base+01F64h
  dw 00880h,base+01F74h
  dw 00880h,base+01F84h
  dw 00880h,base+01F94h
  dw 00880h,base+01DB4h
  dw 00880h,base+01FA4h
  dw 00880h,base+01DD4h
  dw 00880h,base+01FB4h
  dw 00880h,base+01DF4h
  dw 00880h,base+01E04h
  dw 00880h,base+01E14h
  dw 00880h,base+01E24h
  dw 00880h,base+01E34h
  dw 00880h,base+01E44h
  dw 00880h,base+01E54h
  dw 00880h,base+01E64h
  dw 00880h,base+01E74h
  dw 00880h,base+01E84h
  dw 00880h,base+01E94h
  dw 00880h,base+01EA4h
  dw 00880h,base+01EB4h
  dw 00880h,base+01EC4h
  dw 00880h,base+01ED4h
  dw 00880h,base+01EE4h
  dw 00880h,base+01EF4h
  dw 00880h,base+01F04h
  dw 00880h,base+01F14h
  dw 00880h,base+01F24h
  dw 00880h,base+01D34h
  dw 00880h,base+01F34h
  dw 00880h,base+01F44h
  dw 00880h,base+01F54h
  dw 00880h,base+01F64h
  dw 00880h,base+01F74h
  dw 00880h,base+01F84h
  dw 00880h,base+01F94h
  dw 00880h,base+01DB4h
  dw 00880h,base+01FA4h
  dw 00880h,base+01DD4h
  dw 00880h,base+01FB4h
  dw 00880h,base+01DF4h
  dw 00880h,base+01E04h
  dw 00880h,base+01E14h
  dw 00880h,base+01E24h
  dw 00880h,base+01E34h
  dw 00880h,base+01E44h
  dw 00880h,base+01E54h
  dw 00880h,base+01E64h
  dw 00880h,base+01E74h
  dw 00880h,base+01E84h
  dw 00880h,base+01E94h
  dw 00880h,base+01EA4h
  dw 00880h,base+01EB4h
  dw 00880h,base+01EC4h
  dw 00880h,base+01ED4h
  dw 00880h,base+01EE4h
  dw 00880h,base+01EF4h
  dw 00880h,base+01F04h
  dw 00880h,base+01F14h
  dw 00880h,base+01F24h
  dw 00880h,base+01D34h
  dw 00880h,base+01F34h
  dw 00880h,base+01F44h
  dw 00880h,base+01F54h
  dw 00880h,base+01F64h
  dw 00880h,base+01F74h
  dw 00880h,base+01F84h
  dw 00880h,base+01F94h
  dw 00880h,base+01DB4h
  dw 00880h,base+01FA4h
  dw 00880h,base+01DD4h
  dw 00800h,base+01FB4h

BossRoomframe031:
  db 020h,058h,070h,000h
  db 070h
  db 000h,000h,000h,000h,000h
  db 000h,000h
  dw 01080h,base+01DF0h
  dw 01080h,base+01E00h
  dw 01080h,base+01E10h
  dw 01080h,base+01E20h
  dw 01080h,base+01E30h
  dw 01080h,base+01E40h
  dw 01080h,base+01E50h
  dw 01080h,base+01E60h
  dw 01080h,base+01E70h
  dw 01080h,base+01E80h
  dw 01080h,base+01E90h
  dw 01080h,base+01EA0h
  dw 01080h,base+01EB0h
  dw 01080h,base+01EC0h
  dw 01080h,base+01ED0h
  dw 01080h,base+01EE0h
  dw 01080h,base+01EF0h
  dw 01080h,base+01F00h
  dw 01080h,base+01F10h
  dw 01080h,base+01F20h
  dw 01080h,base+01D30h
  dw 01080h,base+01F30h
  dw 01080h,base+01F40h
  dw 01080h,base+01F50h
  dw 01080h,base+01F60h
  dw 01080h,base+01F70h
  dw 01080h,base+01F80h
  dw 01080h,base+01F90h
  dw 01080h,base+01DB0h
  dw 01080h,base+01FA0h
  dw 01080h,base+01DD0h
  dw 01084h,base+01FB0h
  dw 00880h,base+01DF4h
  dw 00880h,base+01E04h
  dw 00880h,base+01E14h
  dw 00880h,base+01E24h
  dw 00880h,base+01E34h
  dw 00880h,base+01E44h
  dw 00880h,base+01E54h
  dw 00880h,base+01E64h
  dw 00880h,base+0342Eh
  dw 00880h,base+01E84h
  dw 00880h,base+01E94h
  dw 00880h,base+01EA4h
  dw 00880h,base+01EB4h
  dw 00880h,base+01EC4h
  dw 00880h,base+01ED4h
  dw 00880h,base+03436h
  dw 00880h,base+01EF4h
  dw 00880h,base+0045Ch
  dw 00880h,base+01F14h
  dw 00880h,base+033C6h
  dw 00880h,base+033CEh
  dw 00880h,base+033D6h
  dw 00880h,base+033DEh
  dw 00880h,base+033E6h
  dw 00880h,base+033EEh
  dw 00880h,base+033F6h
  dw 00880h,base+033FEh
  dw 00880h,base+03406h
  dw 00880h,base+0340Eh
  dw 00880h,base+03416h
  dw 00880h,base+0341Eh
  dw 0087Fh,base+03426h
  dw 00A80h,base+0222Ch
  dw 00A80h,base+02132h
  dw 00A80h,base+0207Eh
  dw 00A80h,base+02290h
  dw 00A80h,base+0229Ah
  dw 00A80h,base+022A4h
  dw 00A80h,base+022AEh
  dw 00A80h,base+022B8h
  dw 00A80h,base+022C2h
  dw 00A80h,base+022CCh
  dw 00A80h,base+022D6h
  dw 00A80h,base+022E0h
  dw 00A80h,base+020BAh
  dw 00A80h,base+020C4h
  dw 00A80h,base+020CEh
  dw 00A80h,base+020D8h
  dw 00A80h,base+013CAh
  dw 00A80h,base+020E2h
  dw 00A80h,base+013CAh
  dw 00A80h,base+020ECh
  dw 00A80h,base+020F6h
  dw 00A80h,base+013CAh
  dw 00A80h,base+022EAh
  dw 00A00h,base+022F4h

BossRoomframe032:
  db 010h,038h,070h,000h
  db 070h
  db 000h,000h,000h,000h,000h
  db 000h,000h
  dw 00880h,base+0343Eh
  dw 00880h,base+03446h
  dw 00880h,base+0344Eh
  dw 00880h,base+03456h
  dw 00880h,base+0345Eh
  dw 00880h,base+03466h
  dw 00880h,base+0346Eh
  dw 00880h,base+03476h
  dw 00880h,base+0347Eh
  dw 00880h,base+03486h
  dw 00880h,base+0348Eh
  dw 00880h,base+03496h
  dw 00880h,base+0349Eh
  dw 00880h,base+034A6h
  dw 00880h,base+034AEh
  dw 00880h,base+034B6h
  dw 00880h,base+034BEh
  dw 00880h,base+034C6h
  dw 00880h,base+034CEh
  dw 00880h,base+034D6h
  dw 00880h,base+034DEh
  dw 00880h,base+034E6h
  dw 00880h,base+034EEh
  dw 00880h,base+034F6h
  dw 00880h,base+0347Eh
  dw 00880h,base+03486h
  dw 00880h,base+0348Eh
  dw 00880h,base+034FEh
  dw 00880h,base+0349Eh
  dw 00880h,base+034A6h
  dw 00880h,base+034AEh
  dw 00880h,base+034B6h
  dw 00880h,base+034BEh
  dw 00880h,base+034C6h
  dw 00880h,base+034CEh
  dw 00880h,base+034D6h
  dw 00880h,base+034DEh
  dw 00880h,base+034E6h
  dw 00880h,base+034EEh
  dw 00880h,base+034F6h
  dw 00880h,base+0347Eh
  dw 00880h,base+03486h
  dw 00880h,base+0348Eh
  dw 00880h,base+034FEh
  dw 00880h,base+0349Eh
  dw 00880h,base+034A6h
  dw 00880h,base+034AEh
  dw 00880h,base+034B6h
  dw 00880h,base+03506h
  dw 00880h,base+0350Eh
  dw 00880h,base+03516h
  dw 00880h,base+0351Eh
  dw 00880h,base+03526h
  dw 00880h,base+0352Eh
  dw 00880h,base+03536h
  dw 00800h,base+0353Eh


