  dw GoatDying2frame000
  dw GoatDying2frame001
  dw GoatDying2frame002
  dw GoatDying2frame003
  dw GoatDying2frame004
  dw GoatDying2frame005
  dw GoatDying2frame006
  dw GoatDying2frame007
  dw GoatDying2frame008
  dw GoatDying2frame009
  dw GoatDying2frame010
  dw GoatDying2frame011
  dw GoatDying2frame012
  dw GoatDying2frame013
  dw GoatDying2frame014
  dw GoatDying2frame015
  dw GoatDying2frame016
  dw GoatDying2frame017
  dw GoatDying2frame018

GoatDying2frame000:
  db 066h,017h,04Eh,011h
  db 064h
  db 000h,000h,0EFh,000h,000h
  db 000h,000h
  dw 0047Fh,base+0000Dh
  dw 00680h,base+02FD6h
  dw 00620h,base+02FDCh
  dw 0055Fh,base+01D6Fh
  dw 00B19h,base+02DEDh
  dw 00E67h,base+02D2Ch
  dw 00C15h,base+02D99h
  dw 0126Bh,base+02C67h
  dw 00C11h,base+02DA5h
  dw 0166Fh,base+02B08h
  dw 02780h,base+01D63h
  dw 0277Bh,base+01D8Ah
  dw 02C7Eh,base+01AA0h
  dw 02E7Fh,base+01964h
  dw 03080h,base+01844h
  dw 03080h,base+01874h
  dw 0307Fh,base+018A4h
  dw 03180h,base+017B1h
  dw 03280h,base+015BDh
  dw 03280h,base+015EFh
  dw 03280h,base+01621h
  dw 00D0Fh,base+02D72h
  dw 02372h,base+0217Fh
  dw 0060Eh,base+02FE2h
  dw 02472h,base+020EFh
  dw 0040Fh,base+00AB7h
  dw 02380h,base+021A2h
  dw 02381h,base+021C5h
  dw 02281h,base+02300h
  dw 02100h,base+023AAh

GoatDying2frame001:
  db 07Ch,015h,03Ah,028h
  db 072h
  db 000h,000h,0D8h,000h,000h
  db 000h,000h
  dw 02181h,base+023CBh
  dw 02081h,base+0244Fh
  dw 01A1Ch,base+0298Eh
  dw 00364h,base+03045h
  dw 01A81h,base+029A8h
  dw 01980h,base+02A5Eh
  dw 01A81h,base+029C2h
  dw 01961h,base+02A77h
  dw 0031Bh,base+0000Dh
  dw 00204h,base+0000Dh
  dw 01961h,base+02A90h
  dw 0041Ah,base+01C97h
  dw 01E66h,base+0266Ah
  dw 00418h,base+01C97h
  dw 02068h,base+0246Fh
  dw 00417h,base+01D0Ch
  dw 01C1Dh,base+02860h
  dw 0044Bh,base+03031h
  dw 00617h,base+02FD6h
  dw 01D1Eh,base+02778h
  dw 0044Bh,base+03035h
  dw 00617h,base+02FD6h
  dw 01D1Eh,base+02795h
  dw 0044Bh,base+03035h
  dw 00616h,base+02FD6h
  dw 01E1Fh,base+02688h
  dw 0044Bh,base+0151Ah
  dw 00615h,base+02FE8h
  dw 0256Bh,base+01F58h
  dw 00714h,base+02F20h
  dw 0276Dh,base+01DB1h
  dw 0070Eh,base+02F27h
  dw 00405h,base+0000Dh
  dw 0286Dh,base+01C73h
  dw 03C80h,base+00E53h
  dw 03C81h,base+00E8Fh
  dw 03C80h,base+00ECBh
  dw 03C00h,base+00F07h

GoatDying2frame002:
  db 098h,015h,03Eh,03Dh
  db 03Eh
  db 000h,000h,0C3h,000h,000h
  db 000h,000h
  dw 03D81h,base+00CA8h
  dw 03E80h,base+00B34h
  dw 04081h,base+009F5h
  dw 04180h,base+007EDh
  dw 04281h,base+00769h
  dw 04285h,base+007ABh
  dw 03E81h,base+00B72h
  dw 03D81h,base+00CE5h
  dw 03D81h,base+00D22h
  dw 03C80h,base+00F43h
  dw 03D7Fh,base+00D5Fh
  dw 03E82h,base+00BB0h
  dw 03D81h,base+00D9Ch
  dw 0272Dh,base+01DD8h
  dw 00F53h,base+02CFFh
  dw 0262Eh,base+01E74h
  dw 00E51h,base+02D3Ah
  dw 02631h,base+01E9Ah
  dw 00D4Eh,base+02D7Fh
  dw 02733h,base+01DFFh
  dw 00C4Eh,base+02DB1h
  dw 02534h,base+01F7Dh
  dw 00B4Ch,base+02DF8h
  dw 02536h,base+01FA2h
  dw 0094Bh,base+02E39h
  dw 02336h,base+021E8h
  dw 00849h,base+02E78h
  dw 02438h,base+02113h
  dw 00800h,base+02E80h

GoatDying2frame003:
  db 098h,01Bh,046h,052h
  db 056h
  db 000h,000h,0AEh,000h,000h
  db 000h,000h
  dw 02338h,base+0220Bh
  dw 00848h,base+02E88h
  dw 02339h,base+0222Eh
  dw 00847h,base+02E90h
  dw 0223Ah,base+02322h
  dw 00745h,base+02F2Eh
  dw 0223Bh,base+02344h
  dw 00745h,base+02F35h
  dw 0213Ch,base+023ECh
  dw 00744h,base+02F3Ch
  dw 0203Ch,base+0248Fh
  dw 00845h,base+02E98h
  dw 01F3Bh,base+025CFh
  dw 00846h,base+02EA0h
  dw 01E3Bh,base+026A6h
  dw 00844h,base+02E98h
  dw 01E3Ch,base+026C4h
  dw 00844h,base+02E98h
  dw 01E3Ch,base+026E2h
  dw 00844h,base+02EA8h
  dw 01D3Ch,base+027B2h
  dw 00843h,base+02EB0h
  dw 01E3Dh,base+02700h
  dw 00842h,base+02EB0h
  dw 01E3Fh,base+0271Eh
  dw 00742h,base+02F43h
  dw 01D3Eh,base+027CFh
  dw 00742h,base+02F4Ah
  dw 01C3Eh,base+0287Ch
  dw 0063Bh,base+02FEEh
  dw 00208h,base+0000Dh
  dw 0183Dh,base+02AA9h
  dw 0063Bh,base+005BFh
  dw 00307h,base+0260Dh
  dw 00F11h,base+02D0Eh
  dw 0062Dh,base+00201h
  dw 0053Bh,base+00669h
  dw 00406h,base+02D1Dh
  dw 0103Fh,base+02CCFh
  dw 0053Bh,base+03018h
  dw 01546h,base+02B4Ah
  dw 0033Ah,base+03048h
  dw 01546h,base+02B5Fh
  dw 0023Ah,base+0000Dh
  dw 01480h,base+02BF2h
  dw 01480h,base+02C06h
  dw 01380h,base+02080h
  dw 01280h,base+02C79h
  dw 01181h,base+02C8Bh
  dw 00F80h,base+02D1Dh
  dw 00304h,base+0260Dh
  dw 00B00h,base+02E03h

GoatDying2frame004:
  db 046h,013h,048h,06Dh
  db 048h
  db 000h,000h,093h,000h,000h
  db 000h,000h
  dw 00205h,base+0000Dh
  dw 00981h,base+02E42h
  dw 00607h,base+02FF4h
  dw 0017Ah,base+0000Dh
  dw 00498h,base+0000Dh
  dw 0017Ch,base+00835h
  dw 00205h,base+0304Eh
  dw 0017Bh,base+008B3h
  dw 00205h,base+0189Ch
  dw 0017Ch,base+008B3h
  dw 00104h,base+00835h
  dw 0017Ch,base+008B3h
  dw 00104h,base+00835h
  dw 0017Fh,base+008B3h
  dw 00180h,base+00835h
  dw 00183h,base+008B3h
  dw 00168h,base+008B3h
  dw 00118h,base+008B2h
  dw 00167h,base+00835h
  dw 00119h,base+00835h
  dw 00167h,base+00835h
  dw 0017Fh,base+00835h
  dw 00102h,base+008B3h
  dw 0017Eh,base+008B3h
  dw 00102h,base+008B3h
  dw 0017Eh,base+00835h
  dw 00180h,base+008B3h
  dw 00181h,base+00835h
  dw 00100h,base+008B2h

GoatDying2frame005:
  db 066h,014h,050h,02Ch
  db 066h
  db 000h,000h,0D4h,000h,000h
  db 000h,000h
  dw 0047Fh,base+0000Dh
  dw 00680h,base+02FD6h
  dw 00620h,base+02FDCh
  dw 0055Fh,base+01D6Fh
  dw 00B19h,base+02DEDh
  dw 00E67h,base+02D2Ch
  dw 00C15h,base+02D99h
  dw 0126Bh,base+02C67h
  dw 00C11h,base+02DA5h
  dw 0166Fh,base+02B08h
  dw 02780h,base+01D63h
  dw 0277Bh,base+01D8Ah
  dw 02C7Eh,base+01AA0h
  dw 02E7Fh,base+01964h
  dw 03080h,base+01844h
  dw 03080h,base+018D4h
  dw 0307Fh,base+01904h
  dw 03180h,base+017E2h
  dw 03280h,base+01653h
  dw 03280h,base+01685h
  dw 03280h,base+016B7h
  dw 00D0Fh,base+02D72h
  dw 02372h,base+02251h
  dw 0060Eh,base+02FE2h
  dw 02472h,base+02137h
  dw 0040Fh,base+00AB7h
  dw 02300h,base+02274h

GoatDying2frame006:
  db 07Ch,014h,03Ah,040h
  db 03Ch
  db 000h,000h,0C0h,000h,000h
  db 000h,000h
  dw 0031Ah,base+0000Dh
  dw 02366h,base+02297h
  dw 0041Bh,base+01C97h
  dw 01114h,base+02C9Ch
  dw 00E51h,base+02D48h
  dw 0041Ch,base+01C97h
  dw 01113h,base+02CADh
  dw 00203h,base+012D3h
  dw 00B4Eh,base+02E0Eh
  dw 0041Ch,base+01D0Ch
  dw 01518h,base+02B74h
  dw 0094Bh,base+02E4Bh
  dw 0061Eh,base+02FD6h
  dw 01419h,base+02C1Ah
  dw 00749h,base+02F51h
  dw 0061Fh,base+02FD6h
  dw 0131Ch,base+02C2Eh
  dw 00345h,base+03045h
  dw 0061Fh,base+02FD6h
  dw 01561h,base+02B89h
  dw 00620h,base+02FE8h
  dw 01560h,base+02B9Eh
  dw 00720h,base+02F20h
  dw 01661h,base+02B1Eh
  dw 0070Eh,base+02F27h
  dw 00412h,base+0000Dh
  dw 01560h,base+02BB3h
  dw 0131Ch,base+00E53h
  dw 00204h,base+0000Dh
  dw 01660h,base+02B34h
  dw 0151Bh,base+02BC8h
  dw 01B66h,base+028ECh
  dw 01518h,base+02BDDh
  dw 01D68h,base+027ECh
  dw 03680h,base+012A5h
  dw 03681h,base+012DBh
  dw 03580h,base+013E9h
  dw 03581h,base+0141Eh
  dw 03680h,base+01311h
  dw 03881h,base+0118Fh
  dw 03800h,base+011C7h

GoatDying2frame007:
  db 088h,017h,04Eh,054h
  db 04Eh
  db 000h,000h,0ACh,000h,000h
  db 000h,000h
  dw 03481h,base+014BDh
  dw 03381h,base+014F1h
  dw 03381h,base+01524h
  dw 03280h,base+016E9h
  dw 0337Fh,base+01557h
  dw 03682h,base+01347h
  dw 03681h,base+0137Dh
  dw 03780h,base+01237h
  dw 0387Fh,base+011FFh
  dw 03A7Fh,base+010A9h
  dw 03C81h,base+00F7Fh
  dw 03B80h,base+01033h
  dw 03C81h,base+00FBBh
  dw 03B7Fh,base+0106Eh
  dw 03D80h,base+00DD9h
  dw 03D80h,base+00E16h
  dw 03E80h,base+00BEEh
  dw 0292Fh,base+01C21h
  dw 00F50h,base+02CFFh
  dw 02931h,base+01C4Ah
  dw 00E4Fh,base+02D3Ah
  dw 02833h,base+01C9Bh
  dw 00D4Dh,base+02D7Fh
  dw 02834h,base+01CC3h
  dw 00C4Dh,base+02DB1h
  dw 02635h,base+01EC0h
  dw 00B4Ch,base+02DF8h
  dw 02536h,base+01FC7h
  dw 00900h,base+02E39h

GoatDying2frame008:
  db 09Ah,016h,046h,06Bh
  db 056h
  db 000h,000h,095h,000h,000h
  db 000h,000h
  dw 02538h,base+01FECh
  dw 00848h,base+02E78h
  dw 02539h,base+02011h
  dw 00847h,base+02E80h
  dw 02439h,base+0215Bh
  dw 00846h,base+02E88h
  dw 0253Bh,base+02036h
  dw 00844h,base+02E90h
  dw 0253Dh,base+0205Bh
  dw 00744h,base+02F2Eh
  dw 0233Ch,base+022BAh
  dw 00744h,base+02F35h
  dw 0223Dh,base+02366h
  dw 0073Ch,base+02F3Ch
  dw 00208h,base+0000Dh
  dw 0203Ch,base+024AFh
  dw 0083Ch,base+02E98h
  dw 00307h,base+0260Dh
  dw 0213Dh,base+0240Dh
  dw 0083Ch,base+02EA0h
  dw 00406h,base+02D1Dh
  dw 0223Fh,base+02388h
  dw 0083Bh,base+02E98h
  dw 02745h,base+01E26h
  dw 0083Bh,base+02E98h
  dw 02745h,base+01E4Dh
  dw 0083Bh,base+02EA8h
  dw 02645h,base+01EE6h
  dw 0083Bh,base+02EB0h
  dw 02645h,base+01F0Ch
  dw 0083Bh,base+02EB0h
  dw 02546h,base+02080h
  dw 0073Ah,base+02F43h
  dw 01214h,base+02C79h
  dw 01132h,base+027DBh
  dw 0073Ah,base+02F4Ah
  dw 01114h,base+02C8Bh
  dw 01032h,base+02CDFh
  dw 0063Bh,base+02FEEh
  dw 00F14h,base+02D1Dh
  dw 00C31h,base+02DBDh
  dw 0063Bh,base+005BFh
  dw 00304h,base+0260Dh
  dw 00B14h,base+02E03h
  dw 0062Dh,base+00201h
  dw 0053Bh,base+00669h
  dw 00205h,base+0000Dh
  dw 00940h,base+02E42h
  dw 00541h,base+03018h
  dw 00607h,base+02FF4h
  dw 00139h,base+0000Dh
  dw 00341h,base+03048h
  dw 0043Fh,base+0000Dh
  dw 00200h,base+0000Dh

GoatDying2frame009:
  db 088h,01Ah,04Ah,05Ah
  db 098h
  db 000h,000h,0A6h,000h,000h
  db 000h,000h
  dw 0037Fh,base+03045h
  dw 0046Eh,base+03039h
  dw 00311h,base+0000Dh
  dw 0056Eh,base+0301Dh
  dw 00511h,base+03018h
  dw 0066Fh,base+02FFAh
  dw 00510h,base+00669h
  dw 00870h,base+02EB8h
  dw 0060Fh,base+005BFh
  dw 00970h,base+02E54h
  dw 00B0Fh,base+02E19h
  dw 00B71h,base+02E24h
  dw 00C0Dh,base+02DC9h
  dw 00D73h,base+02D8Ch
  dw 01A2Dh,base+029DCh
  dw 00353h,base+0000Dh
  dw 01B2Ch,base+02907h
  dw 00554h,base+03022h
  dw 01B2Ch,base+02922h
  dw 00554h,base+01A41h
  dw 01C2Bh,base+02898h
  dw 00756h,base+02F58h
  dw 01B2Ah,base+0293Dh
  dw 00755h,base+014B4h
  dw 01D2Bh,base+02809h
  dw 0074Ch,base+014B4h
  dw 00308h,base+0000Dh
  dw 01F2Ch,base+025EEh
  dw 0074Bh,base+014B4h
  dw 00509h,base+02B9Dh
  dw 01F2Ch,base+0260Dh
  dw 0074Ah,base+02F5Fh
  dw 00709h,base+02F66h
  dw 0202Dh,base+024CFh
  dw 0074Ah,base+02F6Dh
  dw 00709h,base+02F74h
  dw 0202Eh,base+024EFh
  dw 00648h,base+03000h
  dw 02A38h,base+01B4Fh
  dw 00648h,base+03006h
  dw 02A37h,base+01B79h
  dw 00748h,base+02F7Bh
  dw 02A38h,base+01BA3h
  dw 00744h,base+02F82h
  dw 00204h,base+0000Dh
  dw 02838h,base+01CEBh
  dw 00744h,base+02F89h
  dw 02B3Ch,base+01B24h
  dw 00743h,base+02F90h
  dw 02C3Ch,base+01ACCh
  dw 00844h,base+02EC0h
  dw 02C3Ch,base+01AF8h
  dw 00844h,base+02EC8h
  dw 02D3Ch,base+01992h
  dw 00800h,base+02ED0h

GoatDying2frame010:
  db 088h,014h,048h,074h
  db 04Ah
  db 000h,000h,08Ch,000h,000h
  db 000h,000h
  dw 02D3Ch,base+019BFh
  dw 00744h,base+02F97h
  dw 02D3Bh,base+019ECh
  dw 00845h,base+02ED8h
  dw 02D3Bh,base+01A19h
  dw 00845h,base+02EE0h
  dw 0303Ah,base+01934h
  dw 00947h,base+02E5Dh
  dw 03236h,base+0171Bh
  dw 00C4Ah,base+02DD5h
  dw 04181h,base+0082Eh
  dw 0407Fh,base+00A35h
  dw 0417Fh,base+0086Fh
  dw 04180h,base+008B0h
  dw 0417Fh,base+008F1h
  dw 04180h,base+00932h
  dw 04180h,base+00973h
  dw 04080h,base+00A75h
  dw 0090Ah,base+02E66h
  dw 03676h,base+013B3h
  dw 00809h,base+02EE8h
  dw 03577h,base+01453h
  dw 00709h,base+02F9Eh
  dw 03177h,base+01813h
  dw 00609h,base+0300Ch
  dw 02D77h,base+01A46h
  dw 0050Ah,base+03027h
  dw 02A77h,base+01BCDh
  dw 00309h,base+0304Bh
  dw 02877h,base+01D13h
  dw 0020Ah,base+0086Fh
  dw 02400h,base+00201h

GoatDying2frame011:
  db 074h,014h,064h,060h
  db 07Ah
  db 000h,000h,0A0h,000h,000h
  db 000h,000h
  dw 0057Fh,base+0000Dh
  dw 0077Fh,base+02FA5h
  dw 00A7Fh,base+02E2Fh
  dw 00C7Fh,base+02DE1h
  dw 00E80h,base+02D56h
  dw 00E7Fh,base+02D64h
  dw 0107Fh,base+02CEFh
  dw 0117Fh,base+02CBEh
  dw 01331h,base+02C41h
  dw 0024Fh,base+0000Dh
  dw 01330h,base+02C54h
  dw 0044Fh,base+024CFh
  dw 01730h,base+02AF1h
  dw 00650h,base+02FD6h
  dw 01830h,base+02AC1h
  dw 0064Fh,base+02FDCh
  dw 01A30h,base+029F6h
  dw 00850h,base+02DEDh
  dw 01A30h,base+02A10h
  dw 00850h,base+02DEDh
  dw 01B30h,base+02958h
  dw 0084Fh,base+02DEDh
  dw 01C31h,base+028B4h
  dw 0084Fh,base+02EF0h
  dw 01D32h,base+02826h
  dw 0074Eh,base+02FACh
  dw 01E32h,base+0273Ch
  dw 0074Dh,base+02FB3h
  dw 01F33h,base+0262Ch
  dw 0074Dh,base+02FBAh
  dw 02033h,base+0250Fh
  dw 00700h,base+02FC1h

GoatDying2frame012:
  db 096h,014h,042h,074h
  db 05Ch
  db 000h,000h,08Ch,000h,000h
  db 000h,000h
  dw 00304h,base+0000Dh
  dw 02033h,base+0252Fh
  dw 00742h,base+02FC8h
  dw 00206h,base+0000Dh
  dw 02537h,base+020A5h
  dw 00842h,base+02EF8h
  dw 00406h,base+0303Dh
  dw 02638h,base+01F32h
  dw 00842h,base+02F00h
  dw 00405h,base+0158Eh
  dw 02839h,base+01D3Bh
  dw 0083Eh,base+02ED0h
  dw 03342h,base+0158Ah
  dw 0073Eh,base+02FCFh
  dw 03541h,base+01488h
  dw 0083Fh,base+02EC0h
  dw 03741h,base+0126Eh
  dw 0083Eh,base+02F08h
  dw 03A42h,base+010E3h
  dw 0083Eh,base+02F10h
  dw 03C41h,base+00FF7h
  dw 0093Fh,base+02E6Fh
  dw 03F41h,base+00AF5h
  dw 0083Fh,base+02F18h
  dw 04980h,base+00571h
  dw 04980h,base+005BAh
  dw 04981h,base+00603h
  dw 04781h,base+006DCh
  dw 04684h,base+00723h
  dw 04181h,base+009B4h
  dw 04086h,base+00AB5h
  dw 03980h,base+0111Dh
  dw 03981h,base+01156h
  dw 03700h,base+00201h

GoatDying2frame013:
  db 040h,014h,064h,060h
  db 07Ah
  db 000h,000h,0A0h,000h,000h
  db 000h,000h
  dw 0057Fh,base+0000Dh
  dw 0077Fh,base+02FA5h
  dw 00A7Fh,base+02E2Fh
  dw 00C7Fh,base+02DE1h
  dw 00E80h,base+02D56h
  dw 00E7Fh,base+02D64h
  dw 0107Fh,base+02CEFh
  dw 0117Fh,base+02CBEh
  dw 01380h,base+02C41h
  dw 0137Fh,base+02C54h
  dw 01780h,base+02AF1h
  dw 0187Fh,base+02AD9h
  dw 01A80h,base+02A2Ah
  dw 01A80h,base+02A44h
  dw 01B7Fh,base+02973h
  dw 01C80h,base+028D0h
  dw 01D80h,base+02843h
  dw 01E7Fh,base+0275Ah
  dw 01F80h,base+0264Bh
  dw 02000h,base+0254Fh

GoatDying2frame014:
  db 0AAh,014h,042h,074h
  db 064h
  db 000h,000h,08Ch,000h,000h
  db 000h,000h
  dw 02080h,base+0256Fh
  dw 02080h,base+0258Fh
  dw 02080h,base+025AFh
  dw 02180h,base+0242Eh
  dw 02380h,base+022DDh
  dw 0257Dh,base+020CAh
  dw 02A7Fh,base+01BF7h
  dw 02D76h,base+01A73h
  dw 00307h,base+0000Dh
  dw 03277h,base+0174Dh
  dw 03E41h,base+00C2Ch
  dw 0033Fh,base+0000Dh
  dw 0487Fh,base+0064Ch
  dw 04A4Fh,base+004DDh
  dw 00331h,base+0000Dh
  dw 04B4Eh,base+00447h
  dw 00532h,base+03022h
  dw 05480h,base+00154h
  dw 05480h,base+001A8h
  dw 05580h,base+00000h
  dw 05580h,base+00055h
  dw 05580h,base+000AAh
  dw 05581h,base+000FFh
  dw 05400h,base+001FCh

GoatDying2frame015:
  db 040h,014h,064h,060h
  db 07Ah
  db 000h,000h,0A0h,000h,000h
  db 000h,000h
  dw 0057Fh,base+0000Dh
  dw 0077Fh,base+02FA5h
  dw 00A7Fh,base+02E2Fh
  dw 00C7Fh,base+02DE1h
  dw 00E80h,base+02D56h
  dw 00E7Fh,base+02D64h
  dw 0107Fh,base+02CEFh
  dw 0117Fh,base+02CBEh
  dw 01380h,base+02C41h
  dw 0137Fh,base+02C54h
  dw 01780h,base+02AF1h
  dw 0187Fh,base+02AD9h
  dw 01A80h,base+02A2Ah
  dw 01A80h,base+02A44h
  dw 01B7Fh,base+02973h
  dw 01C80h,base+028D0h
  dw 01D80h,base+02843h
  dw 01E7Fh,base+0275Ah
  dw 01F80h,base+0264Bh
  dw 02000h,base+0254Fh

GoatDying2frame016:
  db 0A8h,014h,042h,074h
  db 064h
  db 000h,000h,08Ch,000h,000h
  db 000h,000h
  dw 02080h,base+0256Fh
  dw 02080h,base+0258Fh
  dw 02080h,base+025AFh
  dw 02180h,base+0242Eh
  dw 02380h,base+022DDh
  dw 0257Dh,base+020CAh
  dw 02A7Fh,base+01BF7h
  dw 02D76h,base+01A73h
  dw 00307h,base+0000Dh
  dw 03245h,base+0177Fh
  dw 00232h,base+0000Dh
  dw 03E41h,base+00C6Ah
  dw 0030Ch,base+0000Dh
  dw 00433h,base+03041h
  dw 0484Dh,base+00694h
  dw 00532h,base+0302Ch
  dw 04A4Dh,base+00527h
  dw 00633h,base+03012h
  dw 04B4Dh,base+00492h
  dw 00733h,base+0029Dh
  dw 05480h,base+00250h
  dw 05480h,base+002A4h
  dw 05480h,base+002F8h
  dw 05480h,base+0034Ch
  dw 05480h,base+003A0h
  dw 05381h,base+003F4h
  dw 05200h,base+001FCh

GoatDying2frame017:
  db 040h,014h,064h,060h
  db 07Ah
  db 000h,000h,0A0h,000h,000h
  db 000h,000h
  dw 0057Fh,base+0000Dh
  dw 0077Fh,base+02FA5h
  dw 00A7Fh,base+02E2Fh
  dw 00C7Fh,base+02DE1h
  dw 00E80h,base+02D56h
  dw 00E7Fh,base+02D64h
  dw 0107Fh,base+02CEFh
  dw 0117Fh,base+02CBEh
  dw 01380h,base+02C41h
  dw 0137Fh,base+02C54h
  dw 01780h,base+02AF1h
  dw 0187Fh,base+02AD9h
  dw 01A80h,base+02A2Ah
  dw 01A80h,base+02A44h
  dw 01B7Fh,base+02973h
  dw 01C80h,base+028D0h
  dw 01D80h,base+02843h
  dw 01E7Fh,base+0275Ah
  dw 01F80h,base+0264Bh
  dw 02000h,base+0254Fh

GoatDying2frame018:
  db 0A8h,014h,042h,074h
  db 064h
  db 000h,000h,08Ch,000h,000h
  db 000h,000h
  dw 02080h,base+0256Fh
  dw 02080h,base+0258Fh
  dw 02080h,base+025AFh
  dw 02180h,base+0242Eh
  dw 02380h,base+022DDh
  dw 0257Dh,base+020CAh
  dw 02A7Fh,base+01BF7h
  dw 02D76h,base+01A73h
  dw 00307h,base+0000Dh
  dw 03245h,base+0177Fh
  dw 00232h,base+0000Dh
  dw 03E41h,base+00C6Ah
  dw 0030Ch,base+0000Dh
  dw 00433h,base+03041h
  dw 0484Dh,base+00694h
  dw 00532h,base+0302Ch
  dw 04A4Dh,base+00527h
  dw 00633h,base+03012h
  dw 04B4Dh,base+00492h
  dw 00733h,base+0029Dh
  dw 05480h,base+00250h
  dw 05480h,base+002A4h
  dw 05480h,base+002F8h
  dw 05480h,base+0034Ch
  dw 05480h,base+003A0h
  dw 05381h,base+003F4h
  dw 05200h,base+001FCh


