  dw ryuPage0frame000
  dw ryuPage0frame001
  dw ryuPage0frame002
  dw ryuPage0frame003
  dw ryuPage0frame004
  dw ryuPage0frame005
  dw ryuPage0frame006
  dw ryuPage0frame007
  dw ryuPage0frame008
  dw ryuPage0frame009
  dw ryuPage0frame010
  dw ryuPage0frame011
  dw ryuPage0frame012
  dw ryuPage0frame013
  dw ryuPage0frame014
  dw ryuPage0frame015
  dw ryuPage0frame016
  dw ryuPage0frame017
  dw ryuPage0frame018
  dw ryuPage0frame019
  dw ryuPage0frame020
  dw ryuPage0frame021
  dw ryuPage0frame022
  dw ryuPage0frame023
  dw ryuPage0frame024
  dw ryuPage0frame025

ryuPage0frame000:
  db 048h,065h,05Ah,01Eh
  db 064h
  db 000h,000h,0E2h,000h,000h
  db 000h,000h
  db 000h,000h
  dw 00102h,base+00003h
  dw 00105h,base+00003h
  dw 00102h,base+00003h
  dw 00107h,base+00003h
  dw 00102h,base+00003h
  dw 00105h,base+00003h
  dw 00102h,base+00003h
  dw 00100h,base+00003h

ryuPage0frame001:
  db 01Ch,047h,06Eh,035h
  db 082h
  db 068h,022h,038h,06Bh,024h
  db 000h,000h
  db 000h,000h
  dw 0017Fh,base+00003h
  dw 00102h,base+00003h
  dw 0017Fh,base+00003h
  dw 00102h,base+00003h
  dw 00100h,base+00003h

ryuPage0frame002:
  db 01Ch,047h,06Eh,034h
  db 082h
  db 068h,022h,039h,06Bh,024h
  db 000h,000h
  dw 0017Fh,base+00003h
  dw 00102h,base+00003h
  dw 0017Dh,base+00003h
  dw 00102h,base+00003h
  dw 00102h,base+00003h
  dw 00177h,base+00003h
  dw 00185h,base+00001h
  dw 00105h,base+00003h
  dw 00178h,base+00003h
  dw 00103h,base+00001h
  dw 00103h,base+00003h
  dw 00102h,base+00003h
  dw 0017Ah,base+00003h
  dw 00205h,base+00002h
  dw 00281h,base+00003h
  dw 00174h,base+00003h
  dw 0010Ah,base+00002h
  dw 00276h,base+00003h
  dw 00106h,base+00002h
  dw 0017Ah,base+00001h
  dw 00180h,base+00002h
  dw 00180h,base+00002h
  dw 00105h,base+00002h
  dw 00103h,base+00001h
  dw 00102h,base+00003h
  dw 0017Ah,base+00000h
  dw 00103h,base+00003h
  dw 0017Fh,base+00003h
  dw 00102h,base+00003h
  dw 0017Fh,base+00003h
  dw 00103h,base+00003h
  dw 0017Ch,base+00001h
  dw 00280h,base+00003h
  dw 00103h,base+00003h
  dw 00278h,base+0000Bh
  dw 00105h,base+00003h
  dw 00304h,base+00003h
  dw 00100h,base+00000h

ryuPage0frame003:
  db 01Ah,03Fh,072h,03Bh
  db 084h
  db 069h,022h,020h,06Bh,022h
  db 000h,000h
  dw 0017Fh,base+00003h
  dw 00381h,base+00003h
  dw 00102h,base+00003h
  dw 0017Ch,base+00003h
  dw 00103h,base+00003h
  dw 00102h,base+00003h
  dw 0017Bh,base+00003h
  dw 00203h,base+00003h
  dw 0027Dh,base+00003h
  dw 00104h,base+00003h
  dw 00177h,base+00003h
  dw 00305h,base+00006h
  dw 00103h,base+00003h
  dw 00102h,base+00003h
  dw 0017Eh,base+00003h
  dw 00102h,base+00003h
  dw 0017Eh,base+00003h
  dw 00300h,base+00002h

ryuPage0frame004:
  db 01Ch,042h,072h,036h
  db 084h
  db 06Bh,022h,020h,068h,022h
  db 000h,000h
  dw 0017Fh,base+00003h
  dw 00381h,base+00003h
  dw 00102h,base+00003h
  dw 0017Ch,base+00003h
  dw 00102h,base+00003h
  dw 0017Eh,base+00003h
  dw 00103h,base+00003h
  dw 00102h,base+00003h
  dw 0017Bh,base+00003h
  dw 00103h,base+00003h
  dw 00102h,base+00003h
  dw 00176h,base+00003h
  dw 00204h,base+00006h
  dw 00205h,base+0000Ah
  dw 00276h,base+00003h
  dw 00103h,base+00002h
  dw 00102h,base+00001h
  dw 00206h,base+0000Ah
  dw 00178h,base+00003h
  dw 00102h,base+00000h
  dw 00104h,base+00001h
  dw 00281h,base+00003h
  dw 00100h,base+00003h

ryuPage0frame005:
  db 022h,045h,072h,035h
  db 086h
  db 06Fh,022h,01Fh,068h,022h
  db 000h,000h
  dw 0017Fh,base+00003h
  dw 00381h,base+00003h
  dw 00102h,base+00003h
  dw 0017Ch,base+00003h
  dw 00102h,base+00003h
  dw 0017Eh,base+00003h
  dw 00103h,base+00003h
  dw 00102h,base+00003h
  dw 0017Bh,base+00003h
  dw 00103h,base+00003h
  dw 00102h,base+00003h
  dw 00175h,base+00003h
  dw 00306h,base+00006h
  dw 00104h,base+00003h
  dw 00279h,base+00003h
  dw 00102h,base+00001h
  dw 00206h,base+0000Ah
  dw 0017Ah,base+00003h
  dw 00104h,base+00001h
  dw 0027Ch,base+00003h
  dw 00100h,base+00001h

ryuPage0frame006:
  db 01Ch,040h,072h,036h
  db 084h
  db 06Ch,022h,01Fh,067h,022h
  db 000h,000h
  dw 0017Fh,base+00003h
  dw 00381h,base+00003h
  dw 00102h,base+00003h
  dw 0017Ch,base+00003h
  dw 00102h,base+00003h
  dw 0017Eh,base+00003h
  dw 00103h,base+00003h
  dw 00102h,base+00003h
  dw 0017Bh,base+00003h
  dw 00103h,base+00003h
  dw 00102h,base+00003h
  dw 00176h,base+00003h
  dw 00204h,base+00006h
  dw 00205h,base+0000Ah
  dw 00276h,base+00003h
  dw 00103h,base+00002h
  dw 00102h,base+00001h
  dw 00206h,base+0000Ah
  dw 00178h,base+00003h
  dw 00102h,base+00000h
  dw 00104h,base+00001h
  dw 00281h,base+00003h
  dw 00100h,base+00003h

ryuPage0frame007:
  db 01Ah,045h,072h,036h
  db 082h
  db 06Ah,022h,020h,06Bh,022h
  db 000h,000h
  dw 00180h,base+00003h
  dw 00280h,base+00003h
  dw 00102h,base+00003h
  dw 0017Fh,base+00003h
  dw 00102h,base+00003h
  dw 0017Bh,base+00003h
  dw 00203h,base+00003h
  dw 0027Dh,base+00003h
  dw 00104h,base+00003h
  dw 00178h,base+00003h
  dw 00207h,base+00006h
  dw 00102h,base+00003h
  dw 00177h,base+00003h
  dw 00207h,base+00006h
  dw 00102h,base+00003h
  dw 00176h,base+00003h
  dw 00103h,base+00002h
  dw 00105h,base+00001h
  dw 0037Bh,base+00002h
  dw 00182h,base+00000h
  dw 00183h,base+00001h
  dw 00100h,base+00003h

ryuPage0frame008:
  db 01Ch,033h,076h,04Fh
  db 086h
  db 06Fh,022h,01Ah,071h,022h
  db 000h,000h
  dw 0017Fh,base+00003h
  dw 00380h,base+00003h
  dw 00203h,base+00003h
  dw 0017Eh,base+00003h
  dw 00203h,base+00003h
  dw 0017Eh,base+00003h
  dw 0017Dh,base+00003h
  dw 00204h,base+00003h
  dw 0027Ch,base+00003h
  dw 00203h,base+00003h
  dw 00102h,base+00003h
  dw 0017Bh,base+00003h
  dw 00204h,base+00003h
  dw 00178h,base+00003h
  dw 00304h,base+00006h
  dw 00100h,base+00002h

ryuPage0frame009:
  db 01Ch,04Ah,072h,02Ah
  db 07Eh
  db 06Ch,022h,034h,065h,022h
  db 000h,000h
  dw 00103h,base+00003h
  dw 0017Ch,base+00003h
  dw 00102h,base+00003h
  dw 0017Eh,base+00003h
  dw 00204h,base+00003h
  dw 0017Dh,base+00003h
  dw 00102h,base+00003h
  dw 00180h,base+00003h
  dw 00103h,base+00003h
  dw 00179h,base+00003h
  dw 00103h,base+00003h
  dw 00480h,base+00010h
  dw 00102h,base+00003h
  dw 0037Ch,base+00003h
  dw 00104h,base+00003h
  dw 00102h,base+00003h
  dw 00179h,base+00003h
  dw 00203h,base+00003h
  dw 00104h,base+00003h
  dw 00179h,base+00003h
  dw 0017Fh,base+00003h
  dw 00300h,base+00003h

ryuPage0frame010:
  db 01Ch,043h,072h,035h
  db 084h
  db 06Ch,022h,030h,066h,022h
  db 000h,000h
  dw 0017Fh,base+00003h
  dw 00102h,base+00003h
  dw 0017Eh,base+00003h
  dw 00281h,base+00003h
  dw 0017Eh,base+00003h
  dw 00180h,base+00003h
  dw 00203h,base+00003h
  dw 0037Dh,base+00003h
  dw 00103h,base+00003h
  dw 00102h,base+00003h
  dw 0017Bh,base+00003h
  dw 00105h,base+00003h
  dw 0017Ah,base+00003h
  dw 00104h,base+00001h
  dw 0017Ah,base+00003h
  dw 0017Fh,base+00001h
  dw 00280h,base+00006h
  dw 0037Fh,base+00006h
  dw 00102h,base+00001h
  dw 00103h,base+00003h
  dw 00100h,base+00001h

ryuPage0frame011:
  db 028h,03Eh,06Ch,026h
  db 072h
  db 06Eh,028h,023h,072h,022h
  db 000h,000h
  dw 00280h,base+00003h
  dw 0027Fh,base+00003h
  dw 00102h,base+00003h
  dw 0027Dh,base+00003h
  dw 00102h,base+00003h
  dw 00102h,base+00003h
  dw 0017Eh,base+00003h
  dw 00107h,base+00003h
  dw 00176h,base+00003h
  dw 00102h,base+00003h
  dw 0017Eh,base+00003h
  dw 0020Ah,base+00003h
  dw 00176h,base+00003h
  dw 00203h,base+00003h
  dw 00107h,base+00000h
  dw 00176h,base+00003h
  dw 00189h,base+00003h
  dw 00378h,base+00003h
  dw 00105h,base+00003h
  dw 00203h,base+00006h
  dw 00379h,base+00003h
  dw 00102h,base+00003h
  dw 0037Eh,base+00003h
  dw 00102h,base+00003h
  dw 0037Eh,base+00006h
  dw 00106h,base+00000h
  dw 0017Bh,base+00001h
  dw 0010Ch,base+00002h
  dw 00173h,base+00003h
  dw 0010Ch,base+00000h
  dw 00181h,base+00003h
  dw 00173h,base+00003h
  dw 0010Bh,base+00002h
  dw 00175h,base+00003h
  dw 0010Bh,base+00002h
  dw 00175h,base+00003h
  dw 00109h,base+00002h
  dw 00102h,base+00003h
  dw 00103h,base+00003h
  dw 00172h,base+00003h
  dw 0010Bh,base+00002h
  dw 00380h,base+00003h
  dw 0027Fh,base+00003h
  dw 0037Eh,base+00003h
  dw 00102h,base+00001h
  dw 00177h,base+00003h
  dw 00104h,base+00002h
  dw 00102h,base+00003h
  dw 00102h,base+00001h
  dw 00378h,base+00003h
  dw 00206h,base+0000Ah
  dw 00102h,base+00001h
  dw 00203h,base+00003h
  dw 00175h,base+00003h
  dw 00102h,base+00001h
  dw 00203h,base+00003h
  dw 00104h,base+00001h
  dw 00102h,base+00003h
  dw 00176h,base+00003h
  dw 00506h,base+00006h
  dw 00102h,base+00003h
  dw 00579h,base+0000Bh
  dw 00208h,base+00006h
  dw 00102h,base+00003h
  dw 00375h,base+0001Ah
  dw 00106h,base+00003h
  dw 00102h,base+00000h
  dw 00304h,base+00002h
  dw 00275h,base+00005h
  dw 00104h,base+00003h
  dw 00103h,base+00003h
  dw 00204h,base+00002h
  dw 00376h,base+00005h
  dw 00103h,base+00003h
  dw 00102h,base+00003h
  dw 00102h,base+00001h
  dw 00104h,base+00003h
  dw 0027Ch,base+00006h
  dw 00104h,base+00003h
  dw 00378h,base+00006h
  dw 00304h,base+0001Dh
  dw 00205h,base+00002h
  dw 00276h,base+00006h
  dw 00203h,base+0000Bh
  dw 00103h,base+00001h
  dw 00105h,base+00003h
  dw 00177h,base+00001h
  dw 00103h,base+00002h
  dw 00106h,base+00001h
  dw 0017Ah,base+00001h
  dw 00102h,base+00001h
  dw 00102h,base+00000h
  dw 0017Ah,base+00003h
  dw 00102h,base+00003h
  dw 00204h,base+00006h
  dw 0017Dh,base+00003h
  dw 00180h,base+00001h
  dw 00205h,base+00006h
  dw 00178h,base+00001h
  dw 00104h,base+00003h
  dw 00180h,base+00001h
  dw 00203h,base+00006h
  dw 0017Eh,base+00001h
  dw 00102h,base+00001h
  dw 0017Bh,base+00001h
  dw 00103h,base+00000h
  dw 00180h,base+00001h
  dw 0017Fh,base+00001h
  dw 00100h,base+00001h

ryuPage0frame012:
  db 040h,026h,05Ch,033h
  db 086h
  db 069h,039h,00Fh,05Ch,02Ch
  db 000h,000h
  dw 0027Fh,base+00006h
  dw 00380h,base+00006h
  dw 0057Ah,base+00006h
  dw 00105h,base+00003h
  dw 00102h,base+00001h
  dw 0057Eh,base+00006h
  dw 00102h,base+00001h
  dw 00103h,base+00001h
  dw 0027Bh,base+00006h
  dw 00104h,base+00001h
  dw 00102h,base+00001h
  dw 00278h,base+00006h
  dw 00308h,base+00019h
  dw 00377h,base+00006h
  dw 00409h,base+00010h
  dw 00473h,base+00006h
  dw 00104h,base+00003h
  dw 00102h,base+00003h
  dw 00308h,base+00006h
  dw 0036Fh,base+00006h
  dw 00103h,base+00003h
  dw 00203h,base+00003h
  dw 00102h,base+00003h
  dw 00102h,base+00001h
  dw 00208h,base+0000Bh
  dw 0026Dh,base+00006h
  dw 00107h,base+00003h
  dw 00102h,base+00003h
  dw 00509h,base+00010h
  dw 00372h,base+00006h
  dw 00305h,base+00003h
  dw 00209h,base+00003h
  dw 0036Eh,base+00006h
  dw 00306h,base+00003h
  dw 00102h,base+00003h
  dw 00203h,base+00003h
  dw 00208h,base+00006h
  dw 0016Dh,base+00001h
  dw 00203h,base+00003h
  dw 00607h,base+00000h
  dw 00376h,base+00006h
  dw 00102h,base+00002h
  dw 00304h,base+00003h
  dw 00204h,base+00003h
  dw 00206h,base+00006h
  dw 00171h,base+00003h
  dw 00103h,base+00003h
  dw 00305h,base+00020h
  dw 00308h,base+00006h
  dw 0016Eh,base+00003h
  dw 00206h,base+00023h
  dw 00205h,base+00025h
  dw 00204h,base+00006h
  dw 00170h,base+00003h
  dw 00208h,base+00016h
  dw 00102h,base+00000h
  dw 00102h,base+00002h
  dw 0020Ah,base+00006h
  dw 00103h,base+00001h
  dw 00167h,base+00003h
  dw 00203h,base+00023h
  dw 00105h,base+00002h
  dw 00102h,base+00000h
  dw 00203h,base+0000Ah
  dw 00176h,base+00001h
  dw 00107h,base+00002h
  dw 00103h,base+00001h
  dw 00172h,base+00001h
  dw 00103h,base+00002h
  dw 00105h,base+00001h
  dw 00304h,base+00004h
  dw 00177h,base+00001h
  dw 00106h,base+00001h
  dw 00173h,base+00003h
  dw 00107h,base+00003h
  dw 00105h,base+00001h
  dw 00107h,base+00000h
  dw 0016Ch,base+00003h
  dw 0020Fh,base+00003h
  dw 00102h,base+00003h
  dw 00102h,base+00003h
  dw 00174h,base+00001h
  dw 00108h,base+00001h
  dw 00102h,base+00003h
  dw 00271h,base+00006h
  dw 00103h,base+00003h
  dw 00102h,base+00000h
  dw 00106h,base+00001h
  dw 00102h,base+00001h
  dw 00204h,base+00002h
  dw 0016Eh,base+00003h
  dw 00204h,base+0000Bh
  dw 00108h,base+00000h
  dw 00105h,base+00001h
  dw 00173h,base+00003h
  dw 00109h,base+00000h
  dw 00203h,base+00006h
  dw 0016Fh,base+00003h
  dw 0010Ch,base+00003h
  dw 00102h,base+00003h
  dw 00275h,base+00006h
  dw 0010Ah,base+00003h
  dw 00173h,base+00001h
  dw 0020Bh,base+00003h
  dw 00102h,base+00003h
  dw 00174h,base+00001h
  dw 00102h,base+00003h
  dw 00109h,base+00003h
  dw 00174h,base+00000h
  dw 00204h,base+00003h
  dw 0017Eh,base+00003h
  dw 00286h,base+00003h
  dw 00300h,base+00003h

ryuPage0frame013:
  db 01Ch,043h,074h,025h
  db 08Ah
  db 06Eh,022h,015h,06Dh,022h
  db 000h,000h
  dw 00200h,base+00003h

ryuPage0frame014:
  db 030h,025h,06Eh,037h
  db 07Eh
  db 062h,03Ch,01Eh,07Ah,022h
  db 000h,000h
  dw 00280h,base+00000h
  dw 00102h,base+00003h
  dw 00100h,base+00001h

ryuPage0frame015:
  db 032h,046h,070h,035h
  db 082h
  db 073h,02Fh,017h,06Ch,022h
  db 0A3h,045h
  dw 00280h,base+00003h
  dw 00102h,base+00003h
  dw 0017Dh,base+00003h
  dw 00304h,base+00003h
  dw 0017Eh,base+00003h
  dw 00281h,base+00003h
  dw 00378h,base+00003h
  dw 00104h,base+00001h
  dw 00205h,base+00003h
  dw 00277h,base+00003h
  dw 00104h,base+00003h
  dw 00206h,base+00003h
  dw 00175h,base+00003h
  dw 00103h,base+00003h
  dw 00106h,base+00003h
  dw 0027Eh,base+00003h
  dw 00100h,base+00003h

ryuPage0frame016:
  db 03Ah,052h,076h,031h
  db 08Ch
  db 07Bh,033h,018h,074h,024h
  db 0B0h,042h
  dw 00282h,base+00003h
  dw 0017Dh,base+00003h
  dw 00204h,base+00003h
  dw 0017Eh,base+00003h
  dw 00281h,base+00003h
  dw 00102h,base+00003h
  dw 0017Bh,base+00003h
  dw 00104h,base+00003h
  dw 0027Ch,base+00003h
  dw 00105h,base+00003h
  dw 0017Eh,base+00003h
  dw 0027Eh,base+00003h
  dw 00100h,base+00003h

ryuPage0frame017:
  db 030h,035h,076h,04Fh
  db 08Ah
  db 076h,031h,014h,070h,022h
  db 0A8h,05Dh
  dw 0017Fh,base+00003h
  dw 00180h,base+00003h
  dw 00281h,base+00003h
  dw 00203h,base+00003h
  dw 0017Eh,base+00003h
  dw 0027Eh,base+00003h
  dw 00103h,base+00003h
  dw 0027Eh,base+00003h
  dw 00103h,base+00003h
  dw 00176h,base+00003h
  dw 00205h,base+00006h
  dw 00104h,base+00003h
  dw 00177h,base+00003h
  dw 00205h,base+00003h
  dw 0017Dh,base+00003h
  dw 00282h,base+00003h
  dw 00100h,base+00000h

ryuPage0frame018:
  db 01Eh,06Ch,076h,018h
  db 08Eh
  db 074h,022h,02Dh,072h,022h
  db 098h,024h
  dw 00100h,base+00003h

ryuPage0frame019:
  db 022h,050h,084h,034h
  db 090h
  db 083h,024h,036h,074h,022h
  db 0B0h,06Dh
  dw 00280h,base+00003h
  dw 00102h,base+00003h
  dw 0017Fh,base+00003h
  dw 0017Dh,base+00003h
  dw 00203h,base+00003h
  dw 0017Dh,base+00003h
  dw 00104h,base+00003h
  dw 0017Ch,base+00003h
  dw 00103h,base+00003h
  dw 00102h,base+00003h
  dw 00180h,base+00003h
  dw 0017Eh,base+00003h
  dw 0037Ch,base+00002h
  dw 00107h,base+00001h
  dw 00100h,base+00003h

ryuPage0frame020:
  db 036h,04Dh,068h,037h
  db 08Ch
  db 069h,043h,019h,06Dh,02Bh
  db 0ACh,039h
  dw 0017Fh,base+00003h
  dw 0027Eh,base+00003h
  dw 00280h,base+00003h
  dw 00102h,base+00003h
  dw 00280h,base+00003h
  dw 0027Eh,base+00003h
  dw 00280h,base+00003h
  dw 00200h,base+00003h

ryuPage0frame021:
  db 03Eh,039h,072h,04Dh
  db 082h
  db 06Dh,022h,021h,070h,03Fh
  db 0B0h,074h
  dw 0017Fh,base+00003h
  dw 00281h,base+00003h
  dw 00102h,base+00003h
  dw 0017Fh,base+00003h
  dw 0017Dh,base+00003h
  dw 00203h,base+00003h
  dw 0017Dh,base+00003h
  dw 00104h,base+00003h
  dw 0017Ch,base+00003h
  dw 00103h,base+00003h
  dw 00102h,base+00003h
  dw 00181h,base+00003h
  dw 0017Ch,base+00003h
  dw 00102h,base+00003h
  dw 00200h,base+00003h

ryuPage0frame022:
  db 038h,033h,06Eh,051h
  db 084h
  db 06Ch,02Ah,021h,06Bh,043h
  db 0AFh,075h
  dw 0017Fh,base+00003h
  dw 00380h,base+00003h
  dw 00280h,base+00003h
  dw 00382h,base+00003h
  dw 00281h,base+00003h
  dw 0027Dh,base+00003h
  dw 00102h,base+00003h
  dw 00102h,base+00003h
  dw 0017Bh,base+00003h
  dw 00204h,base+00003h
  dw 00200h,base+00003h

ryuPage0frame023:
  db 022h,051h,072h,037h
  db 086h
  db 075h,027h,01Dh,068h,022h
  db 09Fh,04Fh
  dw 0017Fh,base+00003h
  dw 00281h,base+00003h
  dw 00181h,base+00003h
  dw 0017Dh,base+00003h
  dw 00103h,base+00003h
  dw 0027Ch,base+00003h
  dw 00204h,base+00002h
  dw 00282h,base+00003h
  dw 00177h,base+00003h
  dw 00209h,base+00006h
  dw 00177h,base+00003h
  dw 00307h,base+00006h
  dw 00102h,base+00003h
  dw 00176h,base+00003h
  dw 00102h,base+00003h
  dw 0027Dh,base+00006h
  dw 00104h,base+00003h
  dw 00180h,base+00001h
  dw 00185h,base+00001h
  dw 0017Eh,base+00000h
  dw 00181h,base+00002h
  dw 00200h,base+00003h

ryuPage0frame024:
  db 02Eh,033h,072h,042h
  db 088h
  db 06Fh,033h,020h,06Ah,022h
  db 09Fh,062h
  dw 00180h,base+00003h
  dw 00180h,base+00003h
  dw 00102h,base+00003h
  dw 0017Fh,base+00003h
  dw 00180h,base+00003h
  dw 00102h,base+00003h
  dw 00178h,base+00003h
  dw 00103h,base+00001h
  dw 00104h,base+00003h
  dw 00179h,base+00003h
  dw 00106h,base+00001h
  dw 00179h,base+00003h
  dw 00104h,base+00001h
  dw 00105h,base+00000h
  dw 00177h,base+00003h
  dw 00105h,base+00001h
  dw 00102h,base+00003h
  dw 0027Dh,base+00002h
  dw 00104h,base+00001h
  dw 0017Bh,base+00003h
  dw 0037Ah,base+00006h
  dw 00205h,base+00003h
  dw 00103h,base+00001h
  dw 00276h,base+00006h
  dw 0010Ah,base+00003h
  dw 00277h,base+00006h
  dw 00208h,base+00003h
  dw 0027Fh,base+00006h
  dw 00300h,base+00006h

ryuPage0frame025:
  db 032h,033h,070h,030h
  db 084h
  db 070h,022h,013h,06Fh,03Dh
  db 0B0h,069h
  dw 0017Fh,base+00003h
  dw 0027Ah,base+00003h
  dw 00107h,base+00003h
  dw 0017Ah,base+00003h
  dw 00203h,base+00000h
  dw 00104h,base+00000h
  dw 0017Ah,base+00003h
  dw 00507h,base+00015h
  dw 00179h,base+00003h
  dw 00406h,base+00015h
  dw 0037Ah,base+00003h
  dw 00308h,base+00015h
  dw 00178h,base+00003h
  dw 00308h,base+00015h
  dw 00178h,base+00003h
  dw 00102h,base+00001h
  dw 00104h,base+00000h
  dw 0037Ah,base+00002h
  dw 00102h,base+00001h
  dw 00180h,base+00000h
  dw 0017Fh,base+00000h
  dw 00200h,base+0000Bh


