  dw ryuPage2frame000
  dw ryuPage2frame001
  dw ryuPage2frame002
  dw ryuPage2frame003
  dw ryuPage2frame004
  dw ryuPage2frame005
  dw ryuPage2frame006
  dw ryuPage2frame007
  dw ryuPage2frame008
  dw ryuPage2frame009
  dw ryuPage2frame010
  dw ryuPage2frame011
  dw ryuPage2frame012
  dw ryuPage2frame013
  dw ryuPage2frame014
  dw ryuPage2frame015
  dw ryuPage2frame016
  dw ryuPage2frame017
  dw ryuPage2frame018
  dw ryuPage2frame019
  dw ryuPage2frame020
  dw ryuPage2frame021
  dw ryuPage2frame022
  dw ryuPage2frame023
  dw ryuPage2frame024
  dw ryuPage2frame025
  dw ryuPage2frame026
  dw ryuPage2frame027
  dw ryuPage2frame028
  dw ryuPage2frame029
  dw ryuPage2frame030
  dw ryuPage2frame031
  dw ryuPage2frame032
  dw ryuPage2frame033
  dw ryuPage2frame034
  dw ryuPage2frame035
  dw ryuPage2frame036
  dw ryuPage2frame037
  dw ryuPage2frame038

ryuPage2frame000:
  db 022h,01Ch,06Ah,02Ch
  db 07Eh
  db 000h,000h,0D4h,000h,000h
  db 000h,000h
  dw 00179h,base+00000h
  dw 00106h,base+00000h
  dw 00179h,base+00000h
  dw 00107h,base+00000h
  dw 00179h,base+00000h
  dw 00106h,base+00000h
  dw 00179h,base+00010h
  dw 00206h,base+00000h
  dw 0027Ah,base+00015h
  dw 00106h,base+00000h
  dw 0027Ah,base+00015h
  dw 00105h,base+00000h
  dw 0027Bh,base+00014h
  dw 00105h,base+00010h
  dw 0027Bh,base+0001Eh
  dw 00105h,base+00010h
  dw 0017Bh,base+00014h
  dw 00105h,base+00010h
  dw 0017Bh,base+00014h
  dw 00105h,base+00010h
  dw 0017Bh,base+00014h
  dw 00105h,base+00010h
  dw 0017Bh,base+00014h
  dw 00105h,base+00010h
  dw 0017Bh,base+00014h
  dw 00105h,base+00010h
  dw 0027Bh,base+00015h
  dw 00105h,base+00010h
  dw 0027Bh,base+0001Eh
  dw 00105h,base+00014h
  dw 0027Bh,base+0001Eh
  dw 00105h,base+00014h
  dw 0027Bh,base+0001Eh
  dw 00205h,base+00015h
  dw 0037Bh,base+00014h
  dw 00205h,base+0001Eh
  dw 0037Bh,base+00014h
  dw 00204h,base+0001Eh
  dw 0047Ch,base+00040h
  dw 00304h,base+00041h
  dw 0057Dh,base+02231h
  dw 00980h,base+01F16h
  dw 00C80h,base+01C12h
  dw 00D80h,base+01A8Ch
  dw 00D7Fh,base+01A99h
  dw 00F80h,base+017D1h
  dw 00F7Fh,base+017E0h
  dw 01100h,base+0147Bh

ryuPage2frame001:
  db 04Ah,020h,05Eh,048h
  db 06Ah
  db 000h,000h,0B8h,000h,000h
  db 000h,000h
  dw 01180h,base+0148Ch
  dw 01280h,base+01313h
  dw 01280h,base+01325h
  dw 01280h,base+01337h
  dw 01380h,base+011E3h
  dw 01380h,base+011F6h
  dw 01480h,base+00FB3h
  dw 01480h,base+00FC7h
  dw 01580h,base+00DD0h
  dw 01581h,base+00DE5h
  dw 01580h,base+00DFAh
  dw 01581h,base+00E0Fh
  dw 01480h,base+00FDBh
  dw 0157Fh,base+00E24h
  dw 01680h,base+00C44h
  dw 01680h,base+00C5Ah
  dw 01680h,base+00C70h
  dw 00405h,base+00223h
  dw 0127Bh,base+01349h
  dw 00406h,base+000FAh
  dw 0117Ah,base+0149Dh
  dw 00306h,base+0012Dh
  dw 00B0Ch,base+01CF6h
  dw 0056Dh,base+00302h
  dw 00407h,base+00576h
  dw 00A0Eh,base+01286h
  dw 0036Bh,base+0095Bh
  dw 00408h,base+014E1h
  dw 0090Eh,base+01779h
  dw 00269h,base+0002Fh
  dw 00409h,base+022B3h
  dw 0090Eh,base+01F1Fh
  dw 00369h,base+0000Ch
  dw 0040Ah,base+02245h
  dw 0080Ch,base+01A26h
  dw 0046Ah,base+001BAh
  dw 0040Bh,base+00265h
  dw 0080Bh,base+02000h
  dw 0046Ah,base+00264h
  dw 0030Bh,base+0002Fh
  dw 0090Bh,base+01F28h
  dw 0046Ah,base+00264h
  dw 0030Ch,base+0000Dh
  dw 0090Ah,base+0001Ah
  dw 00467h,base+00264h
  dw 00102h,base+00000h
  dw 0040Dh,base+00023h
  dw 0090Ah,base+004D3h
  dw 00467h,base+00264h
  dw 00102h,base+00000h
  dw 0030Eh,base+00007h
  dw 0090Ah,base+01EBDh
  dw 00365h,base+00265h
  dw 00611h,base+00023h
  dw 00D6Fh,base+01AA6h
  dw 0050Fh,base+0005Eh
  dw 00E14h,base+01966h
  dw 0015Ch,base+00000h
  dw 00610h,base+007B9h
  dw 00C0Dh,base+01C1Eh
  dw 00207h,base+00000h
  dw 00100h,base+00000h

ryuPage2frame002:
  db 04Ch,01Fh,05Ch,068h
  db 05Ch
  db 000h,000h,098h,000h,000h
  db 000h,000h
  dw 0060Fh,base+005E9h
  dw 01115h,base+014AEh
  dw 0025Ch,base+00012h
  dw 00405h,base+000BAh
  dw 00109h,base+00000h
  dw 01316h,base+01209h
  dw 0015Ch,base+00000h
  dw 00102h,base+00000h
  dw 00103h,base+00013h
  dw 00109h,base+00000h
  dw 01415h,base+00FEFh
  dw 0025Dh,base+00012h
  dw 00102h,base+00000h
  dw 00103h,base+00013h
  dw 00108h,base+00000h
  dw 01774h,base+00A78h
  dw 00104h,base+00014h
  dw 00107h,base+00000h
  dw 01777h,base+00A8Fh
  dw 00308h,base+00015h
  dw 01779h,base+00AA6h
  dw 00107h,base+00010h
  dw 00B0Ch,base+01C5Bh
  dw 00B73h,base+01D01h
  dw 00A10h,base+0030Eh
  dw 00770h,base+00023h
  dw 00910h,base+0105Dh
  dw 0076Fh,base+00023h
  dw 00A12h,base+01A54h
  dw 0056Eh,base+02236h
  dw 00912h,base+00017h
  dw 0056Dh,base+0223Bh
  dw 00913h,base+01F31h
  dw 0056Dh,base+02240h
  dw 00810h,base+02008h
  dw 00970h,base+01F3Ah
  dw 0050Fh,base+00265h
  dw 00A71h,base+01DFEh
  dw 0040Dh,base+00265h
  dw 00D73h,base+01AB3h
  dw 0040Ch,base+00110h
  dw 00E74h,base+01974h
  dw 0050Ah,base+000F3h
  dw 01076h,base+015F1h
  dw 00509h,base+003EAh
  dw 01178h,base+014BFh
  dw 00407h,base+00023h
  dw 01279h,base+0135Bh
  dw 00405h,base+00023h
  dw 0147Bh,base+01003h
  dw 01981h,base+0062Fh
  dw 01214h,base+0136Dh
  dw 0046Ch,base+00014h
  dw 01114h,base+014D0h
  dw 0046Ch,base+00014h
  dw 01015h,base+01601h
  dw 0046Bh,base+00303h
  dw 01015h,base+01611h
  dw 0046Ch,base+001E5h
  dw 00D15h,base+01AC0h
  dw 0036Bh,base+0001Dh
  dw 00C15h,base+01C2Ah
  dw 00369h,base+00015h
  dw 00D17h,base+01ACDh
  dw 00368h,base+00124h
  dw 00D18h,base+01ADAh
  dw 00367h,base+022CBh
  dw 00D18h,base+01AE7h
  dw 00467h,base+00014h
  dw 00C19h,base+01C36h
  dw 00400h,base+001E5h

ryuPage2frame003:
  db 028h,019h,072h,02Fh
  db 086h
  db 000h,000h,0D1h,000h,000h
  db 000h,000h
  dw 00106h,base+00014h
  dw 0017Ah,base+00014h
  dw 00106h,base+00014h
  dw 0017Ah,base+00014h
  dw 00106h,base+00014h
  dw 0017Ah,base+00014h
  dw 00106h,base+00014h
  dw 0017Ah,base+00014h
  dw 00106h,base+00014h
  dw 0017Ah,base+00010h
  dw 00106h,base+00014h
  dw 00279h,base+00010h
  dw 00107h,base+00000h
  dw 00279h,base+00010h
  dw 00107h,base+00000h
  dw 00279h,base+00010h
  dw 00107h,base+00000h
  dw 00279h,base+00010h
  dw 00108h,base+00000h
  dw 00178h,base+00000h
  dw 00108h,base+00000h
  dw 00178h,base+00013h
  dw 00108h,base+00000h
  dw 00178h,base+00014h
  dw 00108h,base+00000h
  dw 00178h,base+00014h
  dw 00108h,base+00000h
  dw 00178h,base+00014h
  dw 00108h,base+00013h
  dw 00179h,base+00014h
  dw 00107h,base+00014h
  dw 00179h,base+00014h
  dw 00102h,base+00014h
  dw 00304h,base+00007h
  dw 0017Ah,base+00014h
  dw 00506h,base+012E8h
  dw 00177h,base+00014h
  dw 00A7Fh,base+01E08h
  dw 00A7Ch,base+01E12h
  dw 00204h,base+00000h
  dw 00B7Bh,base+01D0Ch
  dw 0117Fh,base+014E1h
  dw 01380h,base+0121Ch
  dw 01380h,base+0122Fh
  dw 01400h,base+01017h

ryuPage2frame004:
  db 05Ch,020h,05Ch,048h
  db 072h
  db 000h,000h,0B8h,000h,000h
  db 000h,000h
  dw 0147Fh,base+0102Bh
  dw 01680h,base+00C86h
  dw 01880h,base+007D8h
  dw 01980h,base+00648h
  dw 01980h,base+00661h
  dw 01980h,base+0067Ah
  dw 01A80h,base+004DDh
  dw 01A80h,base+004F7h
  dw 01B7Fh,base+00312h
  dw 01D80h,base+000BCh
  dw 00405h,base+00019h
  dw 0187Bh,base+007F0h
  dw 00405h,base+00333h
  dw 0197Bh,base+00693h
  dw 00405h,base+00013h
  dw 0197Ah,base+006ACh
  dw 00407h,base+0034Eh
  dw 01979h,base+006C5h
  dw 00407h,base+000FAh
  dw 01013h,base+01621h
  dw 00665h,base+02189h
  dw 00408h,base+00023h
  dw 01013h,base+01631h
  dw 00765h,base+00532h
  dw 00409h,base+00023h
  dw 00F12h,base+017EFh
  dw 0080Bh,base+02010h
  dw 0015Ah,base+00000h
  dw 0040Ah,base+00023h
  dw 00D12h,base+01AF4h
  dw 0070Ah,base+020B0h
  dw 00159h,base+00000h
  dw 0050Bh,base+0052Ah
  dw 00D13h,base+01B01h
  dw 00608h,base+01A5Ch
  dw 0025Ah,base+00012h
  dw 0050Ch,base+0046Ch
  dw 00A14h,base+01E1Ch
  dw 00406h,base+001BAh
  dw 0015Ah,base+00000h
  dw 0050Ch,base+02245h
  dw 00914h,base+01189h
  dw 00760h,base+01E71h
  dw 0050Dh,base+0224Ah
  dw 00813h,base+02018h
  dw 00660h,base+0058Eh
  dw 0040Dh,base+014E1h
  dw 00714h,base+0115Eh
  dw 0055Eh,base+0022Ch
  dw 0050Eh,base+000B5h
  dw 00715h,base+020B7h
  dw 0045Dh,base+00097h
  dw 0040Eh,base+00110h
  dw 00715h,base+020BEh
  dw 0045Dh,base+000B5h
  dw 0040Dh,base+000F3h
  dw 00815h,base+00D75h
  dw 0055Eh,base+0224Fh
  dw 0030Ch,base+00007h
  dw 00916h,base+01F43h
  dw 0055Bh,base+02254h
  dw 00203h,base+00000h
  dw 0030Ch,base+00007h
  dw 00915h,base+005EDh
  dw 0065Bh,base+0218Fh
  dw 0060Fh,base+00023h
  dw 00A15h,base+01E26h
  dw 00304h,base+001EDh
  dw 00258h,base+00000h
  dw 0060Fh,base+0076Fh
  dw 00B14h,base+01D17h
  dw 00506h,base+001F1h
  dw 00157h,base+00000h
  dw 0050Eh,base+006A2h
  dw 00C14h,base+01C42h
  dw 0065Dh,base+00357h
  dw 0060Fh,base+00C62h
  dw 00D13h,base+01B0Eh
  dw 00700h,base+001F0h

ryuPage2frame005:
  db 054h,01Fh,05Ch,068h
  db 05Ch
  db 000h,000h,098h,000h,000h
  db 000h,000h
  dw 00305h,base+00011h
  dw 0010Ah,base+00000h
  dw 00D12h,base+01B1Bh
  dw 0095Fh,base+001F0h
  dw 00102h,base+00000h
  dw 00103h,base+00014h
  dw 0010Ah,base+00000h
  dw 00E10h,base+001DFh
  dw 00B61h,base+014C0h
  dw 00104h,base+00013h
  dw 0020Ah,base+00000h
  dw 01C72h,base+001DEh
  dw 00104h,base+00014h
  dw 0020Ah,base+00000h
  dw 01B75h,base+0032Dh
  dw 0020Bh,base+00010h
  dw 01B75h,base+00348h
  dw 0010Ah,base+00014h
  dw 01B80h,base+00363h
  dw 00809h,base+00F72h
  dw 01276h,base+0137Fh
  dw 00609h,base+02195h
  dw 01277h,base+01391h
  dw 00609h,base+0219Bh
  dw 01177h,base+014F2h
  dw 00509h,base+00711h
  dw 01077h,base+01641h
  dw 00509h,base+02259h
  dw 01077h,base+01651h
  dw 00509h,base+00265h
  dw 00E76h,base+01982h
  dw 0050Ah,base+000D6h
  dw 00D76h,base+01B28h
  dw 0050Bh,base+00EFEh
  dw 00B75h,base+01AD0h
  dw 0050Bh,base+0225Eh
  dw 00C75h,base+00EF4h
  dw 0050Bh,base+02263h
  dw 00C75h,base+01C4Eh
  dw 0050Bh,base+02268h
  dw 00607h,base+00023h
  dw 0056Eh,base+00882h
  dw 0050Ch,base+00AD2h
  dw 00206h,base+00000h
  dw 0056Eh,base+0005Eh
  dw 00412h,base+022B7h
  dw 0056Dh,base+00023h
  dw 00514h,base+00702h
  dw 0046Ch,base+00023h
  dw 00415h,base+00585h
  dw 0036Bh,base+00007h
  dw 00415h,base+0032Bh
  dw 0036Bh,base+0005Fh
  dw 00415h,base+000BBh
  dw 0036Bh,base+0005Fh
  dw 00315h,base+00012h
  dw 0046Bh,base+0005Fh
  dw 00316h,base+0001Ah
  dw 0036Ah,base+00007h
  dw 00316h,base+000BCh
  dw 0036Ah,base+00010h
  dw 00316h,base+00007h
  dw 0036Ah,base+00010h
  dw 00416h,base+00023h
  dw 0046Ah,base+00022h
  dw 00416h,base+00023h
  dw 0046Ah,base+00015h
  dw 00416h,base+00023h
  dw 0056Ah,base+004D5h
  dw 00417h,base+0001Ah
  dw 00500h,base+0001Ah

ryuPage2frame006:
  db 034h,01Ah,07Ah,02Eh
  db 090h
  db 000h,000h,0D2h,000h,000h
  db 000h,000h
  dw 00181h,base+00000h
  dw 00106h,base+00000h
  dw 0017Ah,base+00000h
  dw 00207h,base+0003Eh
  dw 0017Ah,base+00000h
  dw 00106h,base+00013h
  dw 0017Ah,base+00000h
  dw 00206h,base+00013h
  dw 0017Ah,base+00000h
  dw 00206h,base+00013h
  dw 0017Bh,base+00000h
  dw 00106h,base+00014h
  dw 0017Ah,base+00014h
  dw 00206h,base+00013h
  dw 0017Ah,base+00014h
  dw 00206h,base+00013h
  dw 0017Ah,base+00014h
  dw 00206h,base+00013h
  dw 0017Ah,base+00014h
  dw 00206h,base+00013h
  dw 0017Ah,base+00014h
  dw 00206h,base+00013h
  dw 0017Ah,base+00014h
  dw 00206h,base+00013h
  dw 0017Ah,base+00014h
  dw 00206h,base+00014h
  dw 00179h,base+00014h
  dw 00307h,base+000BCh
  dw 00179h,base+00014h
  dw 00206h,base+0003Eh
  dw 0027Ah,base+00013h
  dw 00206h,base+00013h
  dw 00274h,base+00013h
  dw 00306h,base+00007h
  dw 00305h,base+00036h
  dw 00373h,base+00052h
  dw 00708h,base+020C5h
  dw 00305h,base+00041h
  dw 00272h,base+0003Eh
  dw 00D0Eh,base+01B35h
  dw 00271h,base+00013h
  dw 0117Fh,base+01503h
  dw 0117Fh,base+01514h
  dw 01480h,base+0103Fh
  dw 0157Fh,base+00E39h
  dw 01619h,base+00062h
  dw 00167h,base+00000h
  dw 01A00h,base+00511h

ryuPage2frame007:
  db 056h,020h,064h,048h
  db 07Ah
  db 000h,000h,0B8h,000h,000h
  db 000h,000h
  dw 01B80h,base+0037Eh
  dw 01B80h,base+00399h
  dw 01C7Fh,base+001FAh
  dw 01D80h,base+000D9h
  dw 01D7Fh,base+000F6h
  dw 01A1Bh,base+0052Bh
  dw 00365h,base+00079h
  dw 0191Bh,base+006DEh
  dw 00465h,base+00097h
  dw 0191Ch,base+006F7h
  dw 00364h,base+0022Eh
  dw 0181Ch,base+00808h
  dw 00363h,base+00007h
  dw 0191Eh,base+00710h
  dw 00262h,base+00000h
  dw 0161Eh,base+00C9Ch
  dw 0035Dh,base+00007h
  dw 00105h,base+00000h
  dw 00405h,base+00023h
  dw 01019h,base+01661h
  dw 0035Dh,base+00007h
  dw 00105h,base+00000h
  dw 00406h,base+00023h
  dw 00F18h,base+017FEh
  dw 0035Dh,base+00007h
  dw 00104h,base+00000h
  dw 00507h,base+00023h
  dw 00F18h,base+0180Dh
  dw 0035Bh,base+00007h
  dw 00305h,base+00011h
  dw 00608h,base+0058Eh
  dw 00E18h,base+01990h
  dw 0055Bh,base+020CDh
  dw 00304h,base+00011h
  dw 00609h,base+0019Dh
  dw 00E17h,base+0199Eh
  dw 0065Bh,base+021A1h
  dw 00B0Eh,base+01692h
  dw 00D17h,base+01B42h
  dw 0065Bh,base+021A7h
  dw 00B0Eh,base+01D22h
  dw 00D17h,base+01B4Fh
  dw 0065Bh,base+01D7Ch
  dw 00A0Eh,base+01E30h
  dw 00D17h,base+01B5Ch
  dw 0065Bh,base+021ADh
  dw 00A0Eh,base+01E3Ah
  dw 00B16h,base+01D2Dh
  dw 0075Ch,base+01FE7h
  dw 0090Fh,base+00892h
  dw 00915h,base+01F4Ch
  dw 0075Dh,base+01C99h
  dw 0040Dh,base+000BBh
  dw 00816h,base+02020h
  dw 0075Dh,base+020CCh
  dw 0020Dh,base+00012h
  dw 00715h,base+020D3h
  dw 0085Eh,base+01F56h
  dw 0020Ch,base+0003Eh
  dw 00816h,base+02028h
  dw 0075Fh,base+01FE7h
  dw 0010Bh,base+00014h
  dw 00715h,base+0030Eh
  dw 00860h,base+02030h
  dw 0020Bh,base+00014h
  dw 00814h,base+00017h
  dw 0096Ch,base+01382h
  dw 00813h,base+01F82h
  dw 00A6Dh,base+00633h
  dw 00912h,base+0030Bh
  dw 00B6Dh,base+00F36h
  dw 00A14h,base+01E44h
  dw 0096Ch,base+01F55h
  dw 00C15h,base+01B84h
  dw 0086Ah,base+02038h
  dw 00E17h,base+019ACh
  dw 00669h,base+020E2h
  dw 01018h,base+01671h
  dw 00500h,base+001F6h

ryuPage2frame008:
  db 044h,01Fh,06Eh,068h
  db 07Ah
  db 000h,000h,098h,000h,000h
  db 000h,000h
  dw 0111Ah,base+01525h
  dw 00265h,base+001F9h
  dw 01380h,base+01242h
  dw 01480h,base+01053h
  dw 01480h,base+01067h
  dw 0157Fh,base+00E4Eh
  dw 00809h,base+02040h
  dw 00D77h,base+01B69h
  dw 0060Bh,base+000F8h
  dw 00C75h,base+01C5Ah
  dw 0050Dh,base+00023h
  dw 00A72h,base+01E4Eh
  dw 00610h,base+002B9h
  dw 00970h,base+01F5Eh
  dw 00511h,base+000F3h
  dw 0086Fh,base+02048h
  dw 00514h,base+0000Dh
  dw 0056Ch,base+002BEh
  dw 00514h,base+00B89h
  dw 0056Bh,base+002BEh
  dw 00515h,base+01F41h
  dw 0056Bh,base+00800h
  dw 00515h,base+0226Dh
  dw 0056Ah,base+0017Fh
  dw 00616h,base+021B3h
  dw 0056Ah,base+00528h
  dw 00616h,base+021B9h
  dw 0046Ah,base+00023h
  dw 00615h,base+021BFh
  dw 0056Bh,base+00023h
  dw 00615h,base+00584h
  dw 0056Bh,base+00023h
  dw 00515h,base+008A6h
  dw 0056Bh,base+00023h
  dw 00515h,base+00702h
  dw 0046Bh,base+00023h
  dw 00415h,base+00585h
  dw 0046Bh,base+00223h
  dw 00415h,base+000BBh
  dw 0046Bh,base+0034Eh
  dw 00415h,base+000BBh
  dw 0046Ah,base+00040h
  dw 00415h,base+00011h
  dw 0046Bh,base+0034Eh
  dw 00415h,base+000BCh
  dw 0046Bh,base+006A2h
  dw 00315h,base+00013h
  dw 0046Bh,base+00040h
  dw 00315h,base+000BBh
  dw 0046Bh,base+00020h
  dw 00315h,base+01238h
  dw 0056Bh,base+00314h
  dw 00315h,base+017D1h
  dw 0076Bh,base+00F74h
  dw 00415h,base+000BBh
  dw 0086Bh,base+00308h
  dw 00417h,base+000BCh
  dw 00600h,base+0030Fh

ryuPage2frame009:
  db 03Ch,01Bh,07Ch,02Dh
  db 090h
  db 000h,000h,0D3h,000h,000h
  db 000h,000h
  dw 00181h,base+00000h
  dw 00106h,base+00000h
  dw 0017Ah,base+00000h
  dw 00107h,base+00000h
  dw 0017Ah,base+00000h
  dw 00106h,base+00013h
  dw 0017Ah,base+00000h
  dw 00206h,base+0003Eh
  dw 0027Ah,base+00000h
  dw 00207h,base+0003Eh
  dw 0017Ah,base+00000h
  dw 00206h,base+00014h
  dw 0017Ah,base+00000h
  dw 00206h,base+00013h
  dw 0017Bh,base+00013h
  dw 00105h,base+00014h
  dw 0017Bh,base+00013h
  dw 00105h,base+00014h
  dw 0017Bh,base+00013h
  dw 00105h,base+00014h
  dw 0017Bh,base+00013h
  dw 00105h,base+00014h
  dw 0017Bh,base+00013h
  dw 00105h,base+00014h
  dw 0017Ah,base+00013h
  dw 00206h,base+0003Eh
  dw 0017Ah,base+00013h
  dw 00206h,base+00013h
  dw 0017Ah,base+00013h
  dw 00206h,base+00013h
  dw 0017Ah,base+00014h
  dw 00206h,base+00013h
  dw 00179h,base+00014h
  dw 00306h,base+000BCh
  dw 00275h,base+0003Eh
  dw 00205h,base+00000h
  dw 00306h,base+000BCh
  dw 00272h,base+00013h
  dw 00708h,base+000D1h
  dw 00406h,base+005F8h
  dw 00272h,base+00013h
  dw 00C0Dh,base+01C66h
  dw 00371h,base+00052h
  dw 0117Fh,base+01536h
  dw 01217h,base+0128Eh
  dw 00369h,base+00007h
  dw 01416h,base+00420h
  dw 00569h,base+009B7h
  dw 01D80h,base+00113h
  dw 01D80h,base+00130h
  dw 01E00h,base+00044h

ryuPage2frame010:
  db 058h,020h,064h,048h
  db 07Ah
  db 000h,000h,0B8h,000h,000h
  db 000h,000h
  dw 01A1Bh,base+00545h
  dw 00465h,base+0005Eh
  dw 01A1Ch,base+0055Fh
  dw 00364h,base+00015h
  dw 0191Ch,base+002A2h
  dw 00464h,base+01F3Dh
  dw 0191Ch,base+002BEh
  dw 00463h,base+02278h
  dw 01A1Dh,base+002DAh
  dw 00463h,base+01D7Eh
  dw 0191Ch,base+003EAh
  dw 00663h,base+01F58h
  dw 01A1Dh,base+00405h
  dw 0065Ch,base+01385h
  dw 00107h,base+00014h
  dw 01A1Dh,base+00579h
  dw 0065Fh,base+01F58h
  dw 00104h,base+00014h
  dw 0191Dh,base+00729h
  dw 0065Eh,base+021C5h
  dw 00105h,base+00014h
  dw 0181Ch,base+00820h
  dw 0075Bh,base+020DAh
  dw 00204h,base+00015h
  dw 00105h,base+00014h
  dw 0151Ch,base+00E63h
  dw 0075Bh,base+00373h
  dw 00204h,base+00015h
  dw 00104h,base+00014h
  dw 00506h,base+00023h
  dw 01017h,base+01681h
  dw 0075Bh,base+020E1h
  dw 00203h,base+00015h
  dw 00205h,base+00012h
  dw 00406h,base+00023h
  dw 01017h,base+01691h
  dw 0075Bh,base+020E8h
  dw 00408h,base+00023h
  dw 00406h,base+00023h
  dw 00F17h,base+0181Ch
  dw 0025Bh,base+001EDh
  dw 00406h,base+00023h
  dw 00608h,base+0070Bh
  dw 00F73h,base+0182Bh
  dw 00B0Dh,base+01D38h
  dw 00E73h,base+019BAh
  dw 00A0Dh,base+01D38h
  dw 00E73h,base+019C8h
  dw 00A0Eh,base+01108h
  dw 00D73h,base+01B76h
  dw 0090Dh,base+00023h
  dw 00C74h,base+01C72h
  dw 0070Ch,base+00023h
  dw 00B78h,base+01D43h
  dw 00208h,base+00000h
  dw 0097Fh,base+01F67h
  dw 00880h,base+02050h
  dw 00880h,base+02058h
  dw 00780h,base+01ED5h
  dw 00780h,base+00363h
  dw 0077Fh,base+00018h
  dw 00880h,base+01F82h
  dw 0097Fh,base+0030Bh
  dw 00A80h,base+01E58h
  dw 00C7Fh,base+01C7Eh
  dw 00E80h,base+019ACh
  dw 00F00h,base+01671h

ryuPage2frame011:
  db 03Ah,01Fh,06Eh,068h
  db 07Ah
  db 000h,000h,098h,000h,000h
  db 000h,000h
  dw 0107Fh,base+016A1h
  dw 01280h,base+013A3h
  dw 01380h,base+01255h
  dw 01480h,base+0107Bh
  dw 0147Fh,base+0108Fh
  dw 00809h,base+02040h
  dw 00D77h,base+01B69h
  dw 0060Bh,base+000F8h
  dw 00B75h,base+01D4Eh
  dw 0050Dh,base+00023h
  dw 00A72h,base+01E62h
  dw 0060Fh,base+002B9h
  dw 00971h,base+01189h
  dw 00510h,base+000F3h
  dw 00970h,base+01F5Eh
  dw 00511h,base+0000Dh
  dw 0086Fh,base+02048h
  dw 00514h,base+00B89h
  dw 0056Bh,base+002BEh
  dw 00515h,base+01F41h
  dw 0056Bh,base+002BEh
  dw 00515h,base+0226Dh
  dw 0056Ah,base+00800h
  dw 00616h,base+021B3h
  dw 0056Ah,base+0017Fh
  dw 00615h,base+021B9h
  dw 0066Bh,base+00527h
  dw 00615h,base+021BFh
  dw 0056Bh,base+00023h
  dw 00615h,base+00584h
  dw 0056Bh,base+00023h
  dw 00515h,base+008A6h
  dw 0046Bh,base+00023h
  dw 00515h,base+00702h
  dw 0046Bh,base+00023h
  dw 00414h,base+00585h
  dw 0056Ch,base+006A1h
  dw 00414h,base+000BBh
  dw 0046Ch,base+00011h
  dw 00414h,base+000BBh
  dw 0046Bh,base+0034Eh
  dw 00415h,base+00011h
  dw 0046Bh,base+00040h
  dw 00415h,base+000BCh
  dw 0046Bh,base+00020h
  dw 00314h,base+00013h
  dw 0046Ch,base+0034Eh
  dw 00314h,base+000BBh
  dw 0046Ch,base+006A2h
  dw 00314h,base+01238h
  dw 0066Ch,base+004F8h
  dw 00314h,base+017D1h
  dw 0076Ch,base+00366h
  dw 00415h,base+000BBh
  dw 0076Bh,base+004D3h
  dw 00416h,base+000BCh
  dw 00700h,base+0030Fh

ryuPage2frame012:
  db 040h,019h,07Ch,02Fh
  db 092h
  db 000h,000h,0D1h,000h,000h
  db 000h,000h
  dw 00181h,base+00000h
  dw 00106h,base+00000h
  dw 0017Ah,base+00000h
  dw 00207h,base+0003Eh
  dw 0017Ah,base+00000h
  dw 00106h,base+00013h
  dw 0017Ah,base+00000h
  dw 00206h,base+00013h
  dw 0017Ah,base+00000h
  dw 00206h,base+00013h
  dw 0017Bh,base+00000h
  dw 00106h,base+00014h
  dw 0017Ah,base+00014h
  dw 00206h,base+00013h
  dw 0017Ah,base+00014h
  dw 00206h,base+00013h
  dw 0017Ah,base+00014h
  dw 00206h,base+00013h
  dw 0017Ah,base+00014h
  dw 00206h,base+00013h
  dw 0017Ah,base+00014h
  dw 00206h,base+00013h
  dw 0017Ah,base+00014h
  dw 00206h,base+00013h
  dw 0017Ah,base+00014h
  dw 00206h,base+00014h
  dw 00179h,base+00014h
  dw 00307h,base+000BCh
  dw 00179h,base+00014h
  dw 00206h,base+0003Eh
  dw 0027Ah,base+00013h
  dw 00206h,base+00013h
  dw 00274h,base+00013h
  dw 00306h,base+00007h
  dw 00305h,base+00036h
  dw 00373h,base+00052h
  dw 00708h,base+020C5h
  dw 00305h,base+00041h
  dw 00208h,base+0003Eh
  dw 0066Ah,base+02039h
  dw 00D0Eh,base+01B35h
  dw 00209h,base+00013h
  dw 00568h,base+01A88h
  dw 01118h,base+01503h
  dw 00567h,base+01D7Dh
  dw 0111Ah,base+01514h
  dw 00365h,base+0005Fh
  dw 01418h,base+0103Fh
  dw 00102h,base+00000h
  dw 00466h,base+00020h
  dw 01516h,base+00E39h
  dw 00869h,base+02060h
  dw 01E00h,base+00062h

ryuPage2frame013:
  db 054h,020h,064h,048h
  db 07Ch
  db 000h,000h,0B8h,000h,000h
  db 000h,000h
  dw 01E80h,base+00080h
  dw 01D80h,base+0014Dh
  dw 01C80h,base+00216h
  dw 01B77h,base+003B4h
  dw 00108h,base+00014h
  dw 01C80h,base+00232h
  dw 01A77h,base+00593h
  dw 00108h,base+00014h
  dw 01976h,base+0052Bh
  dw 00102h,base+00014h
  dw 00103h,base+00000h
  dw 00105h,base+00014h
  dw 01977h,base+006DEh
  dw 00209h,base+00010h
  dw 01977h,base+006F7h
  dw 00209h,base+00010h
  dw 01877h,base+00808h
  dw 00203h,base+00010h
  dw 00105h,base+00000h
  dw 01878h,base+00710h
  dw 00408h,base+00023h
  dw 01678h,base+00C9Ch
  dw 00408h,base+00023h
  dw 00405h,base+00023h
  dw 01073h,base+01661h
  dw 00508h,base+00023h
  dw 00406h,base+00023h
  dw 00F73h,base+017FEh
  dw 00B0Dh,base+002D4h
  dw 00F73h,base+0180Dh
  dw 00B0Dh,base+01D59h
  dw 00E73h,base+01990h
  dw 00A0Dh,base+01E6Ch
  dw 00E74h,base+0199Eh
  dw 0090Ch,base+00401h
  dw 00D77h,base+01B42h
  dw 00609h,base+00023h
  dw 00D78h,base+01B4Fh
  dw 00408h,base+00023h
  dw 00D79h,base+01B5Ch
  dw 00307h,base+00007h
  dw 00B7Ah,base+01D2Dh
  dw 00107h,base+00000h
  dw 0097Fh,base+01F4Ch
  dw 00880h,base+02020h
  dw 0077Fh,base+020D3h
  dw 00880h,base+02028h
  dw 0077Fh,base+00622h
  dw 00880h,base+01F82h
  dw 0097Fh,base+0030Bh
  dw 00A80h,base+01E58h
  dw 00A7Fh,base+01C7Eh
  dw 00D80h,base+01B83h
  dw 00E00h,base+019ACh

ryuPage2frame014:
  db 038h,01Fh,06Eh,068h
  db 07Ah
  db 000h,000h,098h,000h,000h
  db 000h,000h
  dw 00F7Fh,base+0183Ah
  dw 01180h,base+01547h
  dw 01280h,base+013B5h
  dw 01380h,base+01268h
  dw 0137Fh,base+0127Bh
  dw 00809h,base+02040h
  dw 00C77h,base+01C59h
  dw 0060Bh,base+000F8h
  dw 00A75h,base+01E76h
  dw 0050Dh,base+00023h
  dw 00972h,base+00624h
  dw 0060Eh,base+002B9h
  dw 00972h,base+00310h
  dw 0050Eh,base+000F3h
  dw 00A72h,base+01C35h
  dw 0050Fh,base+0000Dh
  dw 00971h,base+01F70h
  dw 00511h,base+00B89h
  dw 0076Eh,base+020EFh
  dw 00514h,base+01F41h
  dw 0056Ch,base+00007h
  dw 00515h,base+0226Dh
  dw 0046Ah,base+00008h
  dw 00616h,base+021B3h
  dw 0046Ah,base+00000h
  dw 00615h,base+021B9h
  dw 0056Bh,base+00028h
  dw 00615h,base+021BFh
  dw 0056Bh,base+002BCh
  dw 00615h,base+00584h
  dw 0056Bh,base+00023h
  dw 00515h,base+008A6h
  dw 0046Bh,base+00023h
  dw 00515h,base+00702h
  dw 0046Bh,base+00023h
  dw 00414h,base+00585h
  dw 0056Ch,base+006A1h
  dw 00414h,base+000BBh
  dw 0046Ch,base+00011h
  dw 00414h,base+000BBh
  dw 0046Bh,base+0034Eh
  dw 00415h,base+00011h
  dw 0046Bh,base+00040h
  dw 00414h,base+000BCh
  dw 0046Ch,base+006A2h
  dw 00314h,base+00013h
  dw 0046Ch,base+00040h
  dw 00314h,base+000BBh
  dw 0046Ch,base+00020h
  dw 00314h,base+01238h
  dw 0056Ch,base+00314h
  dw 00314h,base+017D1h
  dw 0076Ch,base+00F74h
  dw 00414h,base+000BBh
  dw 0086Ch,base+00308h
  dw 00416h,base+000BCh
  dw 00600h,base+0030Fh

ryuPage2frame015:
  db 03Ch,01Bh,07Eh,02Dh
  db 0ACh
  db 000h,000h,0D3h,000h,000h
  db 000h,000h
  dw 00180h,base+00000h
  dw 00173h,base+00000h
  dw 0010Ch,base+00000h
  dw 00375h,base+0165Ch
  dw 00106h,base+00000h
  dw 00105h,base+00000h
  dw 00475h,base+016D8h
  dw 00107h,base+00000h
  dw 00103h,base+00000h
  dw 00677h,base+021CBh
  dw 00106h,base+00013h
  dw 00103h,base+00000h
  dw 00677h,base+021D1h
  dw 00206h,base+0003Eh
  dw 00203h,base+00000h
  dw 00777h,base+001F4h
  dw 00207h,base+0003Eh
  dw 00102h,base+00000h
  dw 00778h,base+020F6h
  dw 00206h,base+00014h
  dw 00103h,base+00000h
  dw 00677h,base+021D7h
  dw 00206h,base+00013h
  dw 00103h,base+00013h
  dw 00778h,base+00F3Ah
  dw 00105h,base+00014h
  dw 00104h,base+00013h
  dw 00677h,base+021DDh
  dw 00105h,base+00014h
  dw 00104h,base+00013h
  dw 00677h,base+021E3h
  dw 00105h,base+00014h
  dw 00105h,base+00013h
  dw 00576h,base+001F2h
  dw 00105h,base+00014h
  dw 00105h,base+00013h
  dw 00676h,base+01D7Ch
  dw 00105h,base+00014h
  dw 00106h,base+00013h
  dw 00574h,base+02272h
  dw 00206h,base+0003Eh
  dw 00106h,base+00013h
  dw 00574h,base+02277h
  dw 00206h,base+00013h
  dw 00107h,base+00013h
  dw 00473h,base+00359h
  dw 00206h,base+00013h
  dw 00107h,base+00014h
  dw 00473h,base+021AEh
  dw 00206h,base+00013h
  dw 00108h,base+00014h
  dw 00371h,base+012B7h
  dw 00306h,base+000BCh
  dw 00209h,base+0003Eh
  dw 0036Ch,base+00007h
  dw 00205h,base+00000h
  dw 00306h,base+000BCh
  dw 00209h,base+00013h
  dw 00369h,base+00012h
  dw 00708h,base+000D1h
  dw 00406h,base+005F8h
  dw 00209h,base+00013h
  dw 00369h,base+00012h
  dw 00C0Dh,base+01C66h
  dw 0030Ah,base+00052h
  dw 00267h,base+00000h
  dw 01118h,base+01536h
  dw 00367h,base+00007h
  dw 01219h,base+0128Eh
  dw 00367h,base+00010h
  dw 01417h,base+00420h
  dw 00568h,base+009B7h
  dw 01517h,base+00113h
  dw 00600h,base+00A72h

ryuPage2frame016:
  db 052h,020h,066h,048h
  db 07Eh
  db 000h,000h,0B8h,000h,000h
  db 000h,000h
  dw 01D80h,base+0016Ah
  dw 01C7Fh,base+0024Eh
  dw 01C77h,base+0026Ah
  dw 00109h,base+00014h
  dw 01C7Ah,base+00286h
  dw 00106h,base+00014h
  dw 01B79h,base+003CFh
  dw 00107h,base+00014h
  dw 01B75h,base+002BEh
  dw 00204h,base+00015h
  dw 00106h,base+00014h
  dw 01B76h,base+002DAh
  dw 00204h,base+00015h
  dw 00106h,base+00014h
  dw 01A76h,base+003EAh
  dw 00203h,base+00015h
  dw 00206h,base+00012h
  dw 01A77h,base+00405h
  dw 00409h,base+00023h
  dw 01977h,base+00579h
  dw 00409h,base+00023h
  dw 01978h,base+00742h
  dw 00408h,base+00023h
  dw 01878h,base+00820h
  dw 00508h,base+00023h
  dw 01578h,base+00E63h
  dw 00507h,base+00023h
  dw 00506h,base+00023h
  dw 01074h,base+01681h
  dw 00A0Ch,base+002D4h
  dw 01075h,base+01691h
  dw 0090Bh,base+01F79h
  dw 00F76h,base+0181Ch
  dw 0080Ah,base+0019Ch
  dw 00F77h,base+0182Bh
  dw 00709h,base+002BEh
  dw 00E77h,base+019BAh
  dw 00609h,base+00800h
  dw 00E78h,base+019C8h
  dw 00509h,base+00023h
  dw 00D77h,base+01B76h
  dw 00509h,base+00023h
  dw 00C78h,base+01C72h
  dw 00308h,base+00007h
  dw 00B79h,base+01D43h
  dw 00107h,base+00000h
  dw 0097Fh,base+01F67h
  dw 00880h,base+02050h
  dw 0087Fh,base+02058h
  dw 0087Fh,base+02068h
  dw 00980h,base+01F82h
  dw 0097Fh,base+0030Bh
  dw 00A80h,base+01E58h
  dw 00A7Fh,base+01C7Eh
  dw 00C80h,base+01B83h
  dw 00C00h,base+01C8Ah

ryuPage2frame017:
  db 038h,01Fh,06Eh,068h
  db 07Ah
  db 000h,000h,098h,000h,000h
  db 000h,000h
  dw 00E7Fh,base+019D6h
  dw 01080h,base+016B1h
  dw 01080h,base+01053h
  dw 01180h,base+01558h
  dw 0127Fh,base+013C7h
  dw 01480h,base+010A3h
  dw 00809h,base+00E73h
  dw 00B77h,base+01D64h
  dw 0050Bh,base+00023h
  dw 00A74h,base+0030Eh
  dw 0060Dh,base+002B9h
  dw 00973h,base+00C31h
  dw 0050Dh,base+000F3h
  dw 00A73h,base+01E80h
  dw 0050Eh,base+0000Dh
  dw 00972h,base+01189h
  dw 0050Fh,base+00B89h
  dw 00970h,base+01F5Eh
  dw 00511h,base+01F41h
  dw 0086Fh,base+02048h
  dw 00514h,base+0226Dh
  dw 0056Bh,base+002BEh
  dw 00616h,base+021B3h
  dw 0046Ah,base+00264h
  dw 00616h,base+021B9h
  dw 0046Ah,base+0042Ch
  dw 00615h,base+021BFh
  dw 0056Bh,base+0017Fh
  dw 00615h,base+00584h
  dw 0056Bh,base+00528h
  dw 00515h,base+008A6h
  dw 0046Bh,base+00023h
  dw 00514h,base+00702h
  dw 0056Ch,base+00023h
  dw 00414h,base+00585h
  dw 0056Ch,base+006A1h
  dw 00414h,base+000BBh
  dw 0046Ch,base+00011h
  dw 00414h,base+000BBh
  dw 0046Bh,base+0034Eh
  dw 00414h,base+00011h
  dw 0056Ch,base+003EEh
  dw 00414h,base+000BCh
  dw 0046Ch,base+00020h
  dw 00313h,base+00013h
  dw 0046Dh,base+0034Eh
  dw 00313h,base+000BBh
  dw 0046Dh,base+006A2h
  dw 00313h,base+01238h
  dw 0066Dh,base+004F8h
  dw 00313h,base+017D1h
  dw 0076Dh,base+00366h
  dw 00414h,base+000BBh
  dw 0076Ch,base+004D3h
  dw 00415h,base+000BCh
  dw 00700h,base+0030Fh

ryuPage2frame018:
  db 03Ch,033h,07Eh,015h
  db 09Ch
  db 000h,000h,0EBh,000h,000h
  db 000h,000h
  dw 0017Fh,base+00000h
  dw 00280h,base+00000h
  dw 00380h,base+0165Ch
  dw 00480h,base+022BBh
  dw 00680h,base+01F9Fh
  dw 00680h,base+014FCh
  dw 0077Fh,base+020FDh
  dw 00980h,base+01F8Bh
  dw 00A80h,base+01E8Ah
  dw 00A7Fh,base+01E94h
  dw 00B80h,base+01D6Fh
  dw 00C80h,base+01C96h
  dw 00C82h,base+01CA2h
  dw 00A0Bh,base+01E9Eh
  dw 00176h,base+00014h
  dw 00B81h,base+01D7Ah
  dw 00A81h,base+01EA8h
  dw 00981h,base+01F94h
  dw 00881h,base+02070h
  dw 00780h,base+02104h
  dw 00881h,base+02078h
  dw 00780h,base+0210Bh
  dw 00881h,base+02080h
  dw 00780h,base+02112h
  dw 00781h,base+02119h
  dw 00781h,base+02120h
  dw 00673h,base+021E9h
  dw 0010Dh,base+00000h
  dw 00674h,base+021EFh
  dw 00106h,base+00000h
  dw 00107h,base+00000h
  dw 00673h,base+021F5h
  dw 00107h,base+00000h
  dw 00107h,base+00000h
  dw 00573h,base+0227Ch
  dw 00106h,base+00013h
  dw 00108h,base+00000h
  dw 00472h,base+022BFh
  dw 00206h,base+0003Eh
  dw 00209h,base+00000h
  dw 00171h,base+001EDh
  dw 00207h,base+0003Eh
  dw 00108h,base+00000h
  dw 00272h,base+00EBBh
  dw 00206h,base+00014h
  dw 00108h,base+00000h
  dw 00272h,base+00000h
  dw 00206h,base+00013h
  dw 00108h,base+00013h
  dw 00273h,base+0005Fh
  dw 00105h,base+00014h
  dw 00108h,base+00013h
  dw 00273h,base+00021h
  dw 00105h,base+00014h
  dw 00108h,base+00013h
  dw 00273h,base+0003Eh
  dw 00105h,base+00014h
  dw 00108h,base+00013h
  dw 00273h,base+00014h
  dw 00105h,base+00014h
  dw 00109h,base+00013h
  dw 00272h,base+0005Fh
  dw 00105h,base+00014h
  dw 00108h,base+00013h
  dw 00372h,base+0000Eh
  dw 00206h,base+0003Eh
  dw 00108h,base+00013h
  dw 00372h,base+0000Eh
  dw 00206h,base+00013h
  dw 00108h,base+00013h
  dw 00272h,base+00000h
  dw 00206h,base+00013h
  dw 00108h,base+00014h
  dw 00272h,base+0012Dh
  dw 00206h,base+00013h
  dw 00108h,base+00014h
  dw 00271h,base+0012Dh
  dw 00306h,base+000BCh
  dw 00208h,base+0003Eh
  dw 0036Dh,base+0022Eh
  dw 00205h,base+00000h
  dw 00306h,base+000BCh
  dw 00208h,base+00013h
  dw 0036Ah,base+0022Eh
  dw 00708h,base+000D1h
  dw 00406h,base+005F8h
  dw 00208h,base+00013h
  dw 0036Ah,base+00007h
  dw 00C0Dh,base+01C66h
  dw 00309h,base+00052h
  dw 00368h,base+00007h
  dw 01118h,base+01536h
  dw 00367h,base+00010h
  dw 01217h,base+0128Eh
  dw 00569h,base+009B7h
  dw 01416h,base+00420h
  dw 00669h,base+00181h
  dw 01617h,base+00113h
  dw 00600h,base+000B5h

ryuPage2frame019:
  db 052h,020h,066h,048h
  db 07Eh
  db 000h,000h,0B8h,000h,000h
  db 000h,000h
  dw 01D80h,base+00187h
  dw 01D7Fh,base+001A4h
  dw 01E77h,base+0009Eh
  dw 00109h,base+00014h
  dw 01D7Ah,base+001C1h
  dw 00106h,base+00014h
  dw 01C79h,base+002A2h
  dw 00107h,base+00014h
  dw 01C75h,base+002BEh
  dw 00204h,base+00015h
  dw 00106h,base+00014h
  dw 01C76h,base+002DAh
  dw 00204h,base+00015h
  dw 00106h,base+00014h
  dw 01B76h,base+003EAh
  dw 00203h,base+00015h
  dw 00206h,base+00012h
  dw 01B77h,base+00405h
  dw 00409h,base+00023h
  dw 01977h,base+00579h
  dw 00409h,base+00023h
  dw 01978h,base+00742h
  dw 00408h,base+00023h
  dw 01878h,base+00820h
  dw 00508h,base+00023h
  dw 01578h,base+00E63h
  dw 00507h,base+00023h
  dw 00506h,base+00023h
  dw 01074h,base+01681h
  dw 00A0Ch,base+002D4h
  dw 01075h,base+01691h
  dw 0090Bh,base+01F79h
  dw 00F76h,base+0181Ch
  dw 0080Ah,base+0019Ch
  dw 00F77h,base+0182Bh
  dw 00709h,base+002BEh
  dw 00E77h,base+019BAh
  dw 00609h,base+00800h
  dw 00E78h,base+019C8h
  dw 00509h,base+00023h
  dw 00D77h,base+01B76h
  dw 00509h,base+00023h
  dw 00C78h,base+01C72h
  dw 00308h,base+00007h
  dw 00B79h,base+01D43h
  dw 00107h,base+00000h
  dw 0097Fh,base+01F67h
  dw 00880h,base+02050h
  dw 0087Fh,base+02058h
  dw 0087Fh,base+02068h
  dw 00980h,base+01F82h
  dw 0097Fh,base+0030Bh
  dw 00A80h,base+01E58h
  dw 00A7Fh,base+01C7Eh
  dw 00C80h,base+01B83h
  dw 00C00h,base+01C8Ah

ryuPage2frame020:
  db 038h,01Fh,06Eh,068h
  db 07Ah
  db 000h,000h,098h,000h,000h
  db 000h,000h
  dw 00E7Fh,base+019D6h
  dw 01080h,base+016B1h
  dw 01080h,base+01053h
  dw 01180h,base+01558h
  dw 0127Fh,base+013C7h
  dw 01480h,base+010A3h
  dw 00809h,base+00E73h
  dw 00B77h,base+01D64h
  dw 0050Bh,base+00023h
  dw 00A74h,base+0030Eh
  dw 0060Dh,base+002B9h
  dw 00973h,base+00C31h
  dw 0050Dh,base+000F3h
  dw 00A73h,base+01E80h
  dw 0050Eh,base+0000Dh
  dw 00972h,base+01189h
  dw 0050Fh,base+00B89h
  dw 00970h,base+01F5Eh
  dw 00511h,base+01F41h
  dw 0086Fh,base+02048h
  dw 00514h,base+0226Dh
  dw 0056Bh,base+002BEh
  dw 00616h,base+021B3h
  dw 0046Ah,base+00264h
  dw 00616h,base+021B9h
  dw 0046Ah,base+0042Ch
  dw 00615h,base+021BFh
  dw 0056Bh,base+0017Fh
  dw 00615h,base+00584h
  dw 0056Bh,base+00528h
  dw 00515h,base+008A6h
  dw 0046Bh,base+00023h
  dw 00514h,base+00702h
  dw 0056Ch,base+00023h
  dw 00414h,base+00585h
  dw 0056Ch,base+006A1h
  dw 00414h,base+000BBh
  dw 0046Ch,base+00011h
  dw 00414h,base+000BBh
  dw 0046Bh,base+0034Eh
  dw 00414h,base+00011h
  dw 0056Ch,base+003EEh
  dw 00414h,base+000BCh
  dw 0046Ch,base+00020h
  dw 00313h,base+00013h
  dw 0046Dh,base+0034Eh
  dw 00313h,base+000BBh
  dw 0046Dh,base+006A2h
  dw 00313h,base+01238h
  dw 0066Dh,base+004F8h
  dw 00313h,base+017D1h
  dw 0076Dh,base+00366h
  dw 00414h,base+000BBh
  dw 0076Ch,base+004D3h
  dw 00415h,base+000BCh
  dw 00700h,base+0030Fh

ryuPage2frame021:
  db 03Ch,030h,07Eh,018h
  db 08Eh
  db 000h,000h,0E8h,000h,000h
  db 000h,000h
  dw 00380h,base+00007h
  dw 00580h,base+00023h
  dw 00780h,base+02127h
  dw 00980h,base+01F9Dh
  dw 00A80h,base+01EB2h
  dw 00B80h,base+01D85h
  dw 00C80h,base+01CAEh
  dw 00D80h,base+01B90h
  dw 00E80h,base+019E4h
  dw 00F10h,base+014F3h
  dw 00170h,base+00013h
  dw 00F10h,base+01849h
  dw 00170h,base+00013h
  dw 01080h,base+016C1h
  dw 01180h,base+01569h
  dw 00104h,base+001EDh
  dw 00D82h,base+01B9Dh
  dw 00B81h,base+01D90h
  dw 00B82h,base+01D9Bh
  dw 00981h,base+01FA6h
  dw 00982h,base+01FAFh
  dw 00781h,base+0212Eh
  dw 00681h,base+021FBh
  dw 00580h,base+02281h
  dw 00581h,base+02286h
  dw 00473h,base+02287h
  dw 0010Dh,base+00000h
  dw 00574h,base+002AEh
  dw 00106h,base+00000h
  dw 00107h,base+00000h
  dw 00473h,base+006A2h
  dw 00107h,base+00000h
  dw 00107h,base+00000h
  dw 00373h,base+00012h
  dw 00106h,base+00013h
  dw 00108h,base+00000h
  dw 00272h,base+00021h
  dw 00206h,base+0003Eh
  dw 00209h,base+00000h
  dw 00271h,base+0005Fh
  dw 00207h,base+0003Eh
  dw 00108h,base+00000h
  dw 00272h,base+0000Fh
  dw 00206h,base+00014h
  dw 00108h,base+00000h
  dw 00272h,base+00012h
  dw 00206h,base+00013h
  dw 00108h,base+00013h
  dw 00373h,base+0005Eh
  dw 00105h,base+00014h
  dw 00108h,base+00013h
  dw 00102h,base+00030h
  dw 00171h,base+00010h
  dw 00105h,base+00014h
  dw 00108h,base+00013h
  dw 00173h,base+00030h
  dw 00105h,base+00014h
  dw 00107h,base+00013h
  dw 00274h,base+0007Ah
  dw 00105h,base+00014h
  dw 00107h,base+00013h
  dw 00274h,base+0007Ah
  dw 00105h,base+00014h
  dw 00107h,base+00013h
  dw 00373h,base+0007Ah
  dw 00206h,base+0003Eh
  dw 00107h,base+00013h
  dw 00373h,base+0007Ah
  dw 00206h,base+00013h
  dw 00107h,base+00013h
  dw 00373h,base+0007Ah
  dw 00206h,base+00013h
  dw 00107h,base+00014h
  dw 00373h,base+00007h
  dw 00206h,base+00013h
  dw 00107h,base+00014h
  dw 00372h,base+00007h
  dw 00306h,base+000BCh
  dw 00208h,base+0003Eh
  dw 0036Dh,base+00015h
  dw 00205h,base+00000h
  dw 00306h,base+000BCh
  dw 00207h,base+00013h
  dw 0046Bh,base+0000Eh
  dw 00708h,base+000D1h
  dw 00406h,base+005F8h
  dw 00206h,base+00013h
  dw 0056Ch,base+000F9h
  dw 00C0Dh,base+01C66h
  dw 00306h,base+00052h
  dw 0066Bh,base+0029Dh
  dw 01115h,base+01536h
  dw 0056Ah,base+000B5h
  dw 01315h,base+0128Eh
  dw 0066Bh,base+0019Dh
  dw 01B7Fh,base+00420h
  dw 01B00h,base+0043Bh

ryuPage2frame022:
  db 04Eh,020h,066h,048h
  db 07Eh
  db 000h,000h,0B8h,000h,000h
  db 000h,000h
  dw 01B80h,base+00456h
  dw 01B7Fh,base+00471h
  dw 01B77h,base+0048Ch
  dw 00109h,base+00014h
  dw 01B7Ah,base+004A7h
  dw 00106h,base+00014h
  dw 01A79h,base+005ADh
  dw 00107h,base+00014h
  dw 01A75h,base+002BEh
  dw 00204h,base+00015h
  dw 00106h,base+00014h
  dw 01A76h,base+002DAh
  dw 00204h,base+00015h
  dw 00106h,base+00014h
  dw 01A76h,base+003EAh
  dw 00203h,base+00015h
  dw 00206h,base+00012h
  dw 01977h,base+00405h
  dw 00409h,base+00023h
  dw 01977h,base+00579h
  dw 00409h,base+00023h
  dw 01878h,base+00729h
  dw 00408h,base+00023h
  dw 01878h,base+00820h
  dw 00508h,base+00023h
  dw 01578h,base+00E63h
  dw 00507h,base+00023h
  dw 00506h,base+00023h
  dw 01074h,base+01681h
  dw 00A0Ch,base+002D4h
  dw 01075h,base+01691h
  dw 0090Bh,base+01F79h
  dw 00F76h,base+0181Ch
  dw 0080Ah,base+0019Ch
  dw 00F77h,base+0182Bh
  dw 00709h,base+002BEh
  dw 00E77h,base+019BAh
  dw 00609h,base+00800h
  dw 00E78h,base+019C8h
  dw 00509h,base+00023h
  dw 00D77h,base+01B76h
  dw 00509h,base+00023h
  dw 00C78h,base+01C72h
  dw 00308h,base+00007h
  dw 00B79h,base+01D43h
  dw 00107h,base+00000h
  dw 0097Fh,base+01F67h
  dw 00880h,base+02050h
  dw 0087Fh,base+02058h
  dw 0087Fh,base+02068h
  dw 00980h,base+01F82h
  dw 0097Fh,base+0030Bh
  dw 00A80h,base+01E58h
  dw 00A7Fh,base+01C7Eh
  dw 00C80h,base+01B83h
  dw 00C00h,base+01C8Ah

ryuPage2frame023:
  db 038h,01Fh,06Eh,068h
  db 07Ah
  db 000h,000h,098h,000h,000h
  db 000h,000h
  dw 00E7Fh,base+019D6h
  dw 01080h,base+016B1h
  dw 01080h,base+01053h
  dw 01180h,base+01558h
  dw 0127Fh,base+013C7h
  dw 01480h,base+010A3h
  dw 00809h,base+00E73h
  dw 00B77h,base+01D64h
  dw 0050Bh,base+00023h
  dw 00A74h,base+0030Eh
  dw 0060Dh,base+002B9h
  dw 00973h,base+00C31h
  dw 0050Dh,base+000F3h
  dw 00A73h,base+01E80h
  dw 0050Eh,base+0000Dh
  dw 00972h,base+01189h
  dw 0050Fh,base+00B89h
  dw 00970h,base+01F5Eh
  dw 00511h,base+01F41h
  dw 0086Fh,base+02048h
  dw 00514h,base+0226Dh
  dw 0056Bh,base+002BEh
  dw 00616h,base+021B3h
  dw 0046Ah,base+00264h
  dw 00616h,base+021B9h
  dw 0046Ah,base+0042Ch
  dw 00615h,base+021BFh
  dw 0056Bh,base+0017Fh
  dw 00615h,base+00584h
  dw 0056Bh,base+00528h
  dw 00515h,base+008A6h
  dw 0046Bh,base+00023h
  dw 00514h,base+00702h
  dw 0056Ch,base+00023h
  dw 00414h,base+00585h
  dw 0056Ch,base+006A1h
  dw 00414h,base+000BBh
  dw 0046Ch,base+00011h
  dw 00414h,base+000BBh
  dw 0046Bh,base+0034Eh
  dw 00414h,base+00011h
  dw 0056Ch,base+003EEh
  dw 00414h,base+000BCh
  dw 0046Ch,base+00020h
  dw 00313h,base+00013h
  dw 0046Dh,base+0034Eh
  dw 00313h,base+000BBh
  dw 0046Dh,base+006A2h
  dw 00313h,base+01238h
  dw 0066Dh,base+004F8h
  dw 00313h,base+017D1h
  dw 0076Dh,base+00366h
  dw 00414h,base+000BBh
  dw 0076Ch,base+004D3h
  dw 00415h,base+000BCh
  dw 00700h,base+0030Fh

ryuPage2frame024:
  db 074h,00Fh,014h,039h
  db 062h
  db 000h,000h,0C7h,000h,000h
  db 000h,000h
  dw 00179h,base+00000h
  dw 00106h,base+00000h
  dw 00179h,base+00000h
  dw 00107h,base+00000h
  dw 00179h,base+00000h
  dw 00106h,base+00000h
  dw 00179h,base+00010h
  dw 00206h,base+00000h
  dw 0027Ah,base+00015h
  dw 00106h,base+00000h
  dw 0027Ah,base+00015h
  dw 00105h,base+00000h
  dw 00211h,base+00014h
  dw 0026Ah,base+00000h
  dw 00105h,base+00010h
  dw 00210h,base+0001Eh
  dw 0036Bh,base+00007h
  dw 00105h,base+00010h
  dw 0010Fh,base+00014h
  dw 0054Fh,base+00023h
  dw 0011Dh,base+001EDh
  dw 00105h,base+00010h
  dw 0010Eh,base+00014h
  dw 0066Dh,base+00023h
  dw 00105h,base+00010h
  dw 0010Eh,base+00014h
  dw 0076Dh,base+00023h
  dw 00105h,base+00010h
  dw 0010Dh,base+00014h
  dw 0086Eh,base+00023h
  dw 00105h,base+00010h
  dw 0010Ch,base+00014h
  dw 00A51h,base+002D4h
  dw 0011Eh,base+001EDh
  dw 00105h,base+00010h
  dw 0020Bh,base+00015h
  dw 00B70h,base+002D4h
  dw 00105h,base+00010h
  dw 0020Bh,base+0001Eh
  dw 00C00h,base+002D4h

ryuPage2frame025:
  db 088h,020h,00Eh,048h
  db 050h
  db 000h,000h,0B8h,000h,000h
  db 000h,000h
  dw 00105h,base+00014h
  dw 0020Ah,base+0001Eh
  dw 00D71h,base+002D4h
  dw 00105h,base+00014h
  dw 00207h,base+0001Eh
  dw 00203h,base+00000h
  dw 00709h,base+00023h
  dw 00568h,base+00023h
  dw 00205h,base+00015h
  dw 00306h,base+00014h
  dw 00B0Dh,base+002D4h
  dw 00549h,base+00023h
  dw 0011Fh,base+001EDh
  dw 00205h,base+0001Eh
  dw 00306h,base+00014h
  dw 00A0Eh,base+002D4h
  dw 00448h,base+00023h
  dw 0011Fh,base+001EDh
  dw 00204h,base+0001Eh
  dw 00406h,base+00040h
  dw 00B10h,base+002D4h
  dw 00304h,base+00007h
  dw 00243h,base+00000h
  dw 0011Fh,base+001EDh
  dw 00304h,base+00041h
  dw 00406h,base+00158h
  dw 00A11h,base+002D4h
  dw 00646h,base+000B8h
  dw 00120h,base+001EDh
  dw 00809h,base+01F16h
  dw 00B12h,base+01DA6h
  dw 00545h,base+000B9h
  dw 00120h,base+001EDh
  dw 00809h,base+01C12h
  dw 00D12h,base+01BAAh
  dw 00544h,base+000B9h
  dw 00222h,base+001EDh
  dw 0161Bh,base+00B75h
  dw 00243h,base+00000h
  dw 00222h,base+001EDh
  dw 0171Bh,base+00ABDh
  dw 00243h,base+00000h
  dw 00122h,base+001EDh
  dw 0171Ch,base+00970h
  dw 00142h,base+00000h
  dw 00123h,base+001EDh
  dw 0171Bh,base+00AD4h
  dw 00142h,base+00000h
  dw 00123h,base+001EDh
  dw 0171Bh,base+00988h
  dw 00203h,base+00000h
  dw 0013Fh,base+00014h
  dw 00123h,base+001EDh
  dw 0181Ch,base+00838h
  dw 00341h,base+000BBh
  dw 00104h,base+001EDh
  dw 00120h,base+001EDh
  dw 0171Bh,base+00AEBh
  dw 00241h,base+00000h
  dw 00104h,base+001EDh
  dw 00120h,base+001EDh
  dw 0185Ch,base+00850h
  dw 00104h,base+001EDh
  dw 00120h,base+001EDh
  dw 0185Ch,base+00868h
  dw 00104h,base+001EDh
  dw 00120h,base+001EDh
  dw 0195Ch,base+0075Bh
  dw 00104h,base+001EDh
  dw 00121h,base+001EDh
  dw 0185Bh,base+00880h
  dw 00103h,base+001EDh
  dw 00222h,base+001EDh
  dw 00304h,base+0003Dh
  dw 01457h,base+010B7h
  dw 00103h,base+001EDh
  dw 00223h,base+001EDh
  dw 00103h,base+00014h
  dw 01557h,base+00E78h
  dw 00103h,base+001EDh
  dw 00226h,base+001EDh
  dw 01557h,base+00E8Dh
  dw 00103h,base+001EDh
  dw 00225h,base+001EDh
  dw 01657h,base+00CB2h
  dw 00204h,base+00CC9h
  dw 00224h,base+001EDh
  dw 01758h,base+00B02h
  dw 00203h,base+00CC9h
  dw 0031Eh,base+001EDh
  dw 00305h,base+00007h
  dw 01A5Ah,base+005C7h
  dw 00203h,base+00CC9h
  dw 0031Dh,base+001EDh
  dw 02160h,base+00023h
  dw 00203h,base+00CC9h
  dw 0031Ch,base+001EDh
  dw 02361h,base+00000h
  dw 00203h,base+00CC9h
  dw 0031Ah,base+001EDh
  dw 0181Ch,base+00898h
  dw 00947h,base+004D3h
  dw 0061Ch,base+01D9Ah
  dw 0181Dh,base+008B0h
  dw 00A47h,base+01EBCh
  dw 0061Bh,base+01D9Ah
  dw 0141Fh,base+010CBh
  dw 00946h,base+01AA6h
  dw 0061Ah,base+01D9Ah
  dw 0131Eh,base+012A1h
  dw 00C48h,base+01966h
  dw 00609h,base+01D9Ah
  dw 00110h,base+001EDh
  dw 0141Fh,base+010DFh
  dw 00C00h,base+01C1Eh

ryuPage2frame026:
  db 098h,01Fh,00Ah,068h
  db 00Eh
  db 000h,000h,098h,000h,000h
  db 000h,000h
  dw 00609h,base+01D9Ah
  dw 00110h,base+001EDh
  dw 0060Ah,base+00205h
  dw 00713h,base+00014h
  dw 00E4Ah,base+014AEh
  dw 00609h,base+02201h
  dw 00110h,base+001EDh
  dw 0050Ch,base+007B9h
  dw 00310h,base+0001Ah
  dw 0104Bh,base+01209h
  dw 00609h,base+02201h
  dw 0010Fh,base+001EDh
  dw 0061Dh,base+02207h
  dw 0104Bh,base+00FEFh
  dw 00709h,base+02135h
  dw 0010Fh,base+001EDh
  dw 0051Ch,base+0228Bh
  dw 0114Ch,base+00A78h
  dw 00709h,base+0213Ch
  dw 0010Eh,base+001EDh
  dw 0051Ch,base+00AA1h
  dw 0124Dh,base+00A8Fh
  dw 00709h,base+0213Ch
  dw 0020Eh,base+001EDh
  dw 0041Bh,base+00097h
  dw 0144Eh,base+00AA6h
  dw 00709h,base+02143h
  dw 0020Eh,base+001EDh
  dw 0041Bh,base+00079h
  dw 00B0Ch,base+01C5Bh
  dw 00842h,base+01887h
  dw 00709h,base+02143h
  dw 0020Eh,base+001EDh
  dw 0031Ah,base+00007h
  dw 00A10h,base+0030Eh
  dw 00540h,base+00023h
  dw 00608h,base+0220Dh
  dw 0020Eh,base+001EDh
  dw 0031Ah,base+00007h
  dw 00910h,base+0105Dh
  dw 00640h,base+00695h
  dw 00708h,base+0214Ah
  dw 0020Dh,base+001EDh
  dw 0031Ah,base+001F8h
  dw 00A12h,base+01A54h
  dw 0053Fh,base+0017Fh
  dw 00708h,base+02151h
  dw 0020Ch,base+02210h
  dw 0031Bh,base+0035Ah
  dw 00912h,base+00017h
  dw 0053Fh,base+02288h
  dw 00708h,base+02158h
  dw 0020Bh,base+00EE5h
  dw 0041Bh,base+020CDh
  dw 00913h,base+01F31h
  dw 0053Fh,base+02290h
  dw 00708h,base+0215Fh
  dw 00208h,base+00EE5h
  dw 0071Eh,base+01F3Ah
  dw 00814h,base+02008h
  dw 0053Eh,base+02295h
  dw 00708h,base+02166h
  dw 00307h,base+01721h
  dw 0081Fh,base+00356h
  dw 00514h,base+00265h
  dw 0053Eh,base+0229Ah
  dw 00B0Dh,base+01DB1h
  dw 00A21h,base+00355h
  dw 00414h,base+00265h
  dw 0063Fh,base+02213h
  dw 00A0Bh,base+01EC6h
  dw 00B22h,base+00355h
  dw 00414h,base+00110h
  dw 0063Fh,base+02219h
  dw 0162Dh,base+00CC8h
  dw 00514h,base+000F3h
  dw 0063Fh,base+0221Fh
  dw 0162Dh,base+00CDEh
  dw 00514h,base+003EAh
  dw 0063Fh,base+01511h
  dw 0152Eh,base+00EA2h
  dw 00414h,base+00023h
  dw 0053Eh,base+020AAh
  dw 0152Eh,base+00EB7h
  dw 00414h,base+00023h
  dw 0053Fh,base+0229Fh
  dw 0132Dh,base+012B4h
  dw 00515h,base+006A3h
  dw 00439h,base+005F9h
  dw 00105h,base+003F9h
  dw 0122Eh,base+013D9h
  dw 00414h,base+00303h
  dw 0043Ah,base+00014h
  dw 00104h,base+003F9h
  dw 0112Eh,base+0157Ah
  dw 00414h,base+00611h
  dw 0043Bh,base+00014h
  dw 00103h,base+003F9h
  dw 0102Eh,base+016D1h
  dw 00415h,base+005F8h
  dw 0043Ah,base+00303h
  dw 00203h,base+01858h
  dw 0102Eh,base+016E1h
  dw 00415h,base+00020h
  dw 0043Bh,base+001E5h
  dw 00103h,base+003F9h
  dw 00D2Eh,base+01BB7h
  dw 00415h,base+00611h
  dw 0033Bh,base+0001Dh
  dw 00102h,base+003F9h
  dw 00C2Eh,base+01CBAh
  dw 00415h,base+006A3h
  dw 0033Bh,base+00015h
  dw 00D2Eh,base+01BC4h
  dw 00617h,base+00017h
  dw 00338h,base+00124h
  dw 00F30h,base+01858h
  dw 00718h,base+001DBh
  dw 0033Ah,base+022CBh
  dw 00C2Dh,base+01CC6h
  dw 00718h,base+0030Dh
  dw 0043Dh,base+00014h
  dw 0082Ah,base+02088h
  dw 00719h,base+0030Fh
  dw 00400h,base+001E5h

ryuPage2frame027:
  db 014h,010h,050h,038h
  db 062h
  db 000h,000h,0C8h,000h,000h
  db 000h,000h
  dw 00179h,base+00000h
  dw 00106h,base+00000h
  dw 00179h,base+00000h
  dw 00107h,base+00000h
  dw 00179h,base+00000h
  dw 00106h,base+00000h
  dw 00179h,base+00010h
  dw 00206h,base+00000h
  dw 0027Ah,base+00015h
  dw 00106h,base+00000h
  dw 0027Ah,base+00015h
  dw 00105h,base+00000h
  dw 0027Bh,base+00014h
  dw 00105h,base+00010h
  dw 0027Bh,base+0001Eh
  dw 00105h,base+00010h
  dw 0017Bh,base+00014h
  dw 00105h,base+00010h
  dw 0017Bh,base+00014h
  dw 00105h,base+00010h
  dw 0017Bh,base+00014h
  dw 00105h,base+00010h
  dw 0017Bh,base+00014h
  dw 00105h,base+00010h
  dw 0017Bh,base+00014h
  dw 00105h,base+00010h
  dw 0027Bh,base+00015h
  dw 00105h,base+00010h
  dw 0027Bh,base+0001Eh
  dw 00105h,base+00014h
  dw 00200h,base+0001Eh

ryuPage2frame028:
  db 050h,020h,046h,048h
  db 050h
  db 000h,000h,0B8h,000h,000h
  db 000h,000h
  dw 00105h,base+00014h
  dw 0020Eh,base+0001Eh
  dw 0026Dh,base+00000h
  dw 00205h,base+00015h
  dw 00308h,base+00014h
  dw 00204h,base+00000h
  dw 0066Fh,base+00023h
  dw 00205h,base+0001Eh
  dw 00307h,base+00014h
  dw 00C74h,base+002D4h
  dw 00204h,base+0001Eh
  dw 00407h,base+00040h
  dw 00E75h,base+00F08h
  dw 00304h,base+00041h
  dw 00407h,base+00158h
  dw 00E76h,base+00F08h
  dw 0080Ah,base+01F16h
  dw 00E76h,base+00F08h
  dw 0080Ah,base+01C12h
  dw 00E77h,base+019F2h
  dw 00708h,base+00B75h
  dw 01078h,base+016F1h
  dw 01880h,base+008C8h
  dw 01881h,base+008E0h
  dw 01780h,base+00B19h
  dw 01880h,base+008F8h
  dw 01881h,base+00910h
  dw 01780h,base+00B30h
  dw 01780h,base+00B47h
  dw 01880h,base+00928h
  dw 01881h,base+00940h
  dw 01880h,base+00958h
  dw 00304h,base+0003Dh
  dw 0147Dh,base+010F3h
  dw 00103h,base+00014h
  dw 01480h,base+01107h
  dw 0147Fh,base+0111Bh
  dw 01580h,base+00ECCh
  dw 0167Fh,base+00CF4h
  dw 01780h,base+00B5Eh
  dw 01980h,base+00774h
  dw 01A7Eh,base+005E1h
  dw 01C7Fh,base+002F6h
  dw 00F14h,base+01867h
  dw 00A6Bh,base+01ED0h
  dw 00F16h,base+01876h
  dw 00966h,base+01AA6h
  dw 00104h,base+00000h
  dw 00914h,base+01FB8h
  dw 00C68h,base+01CD2h
  dw 00103h,base+00000h
  dw 00A14h,base+01EDAh
  dw 00D65h,base+01BD1h
  dw 00103h,base+00000h
  dw 00204h,base+00012h
  dw 00813h,base+02090h
  dw 00E00h,base+01A00h

ryuPage2frame029:
  db 09Ch,01Eh,006h,068h
  db 044h
  db 000h,000h,098h,000h,000h
  db 000h,000h
  dw 00F1Ah,base+01885h
  dw 01065h,base+01701h
  dw 0101Bh,base+01711h
  dw 01065h,base+00FEFh
  dw 00E1Ah,base+01A0Eh
  dw 0114Dh,base+0158Bh
  dw 00119h,base+001EDh
  dw 00E19h,base+01A1Ch
  dw 0124Eh,base+00A8Fh
  dw 00119h,base+001EDh
  dw 00405h,base+00576h
  dw 00713h,base+01E3Eh
  dw 0144Fh,base+00AA6h
  dw 00119h,base+001EDh
  dw 00306h,base+00007h
  dw 00512h,base+00023h
  dw 00B0Ch,base+01C5Bh
  dw 00843h,base+01887h
  dw 00104h,base+001EDh
  dw 00115h,base+001EDh
  dw 00206h,base+00000h
  dw 00511h,base+01524h
  dw 00A10h,base+01D65h
  dw 00540h,base+00023h
  dw 00104h,base+001EDh
  dw 00113h,base+001EDh
  dw 00309h,base+00C21h
  dw 00210h,base+00014h
  dw 00910h,base+00623h
  dw 00640h,base+00695h
  dw 00104h,base+001EDh
  dw 00113h,base+001EDh
  dw 00218h,base+001F4h
  dw 00A12h,base+01D65h
  dw 0053Fh,base+0017Fh
  dw 00104h,base+001EDh
  dw 00111h,base+001EDh
  dw 0041Ah,base+001F2h
  dw 00912h,base+0077Eh
  dw 0053Fh,base+02288h
  dw 00104h,base+001EDh
  dw 0010Fh,base+001EDh
  dw 0061Bh,base+00357h
  dw 00913h,base+01FC1h
  dw 0053Fh,base+02290h
  dw 00104h,base+001EDh
  dw 0010Dh,base+001EDh
  dw 0081Dh,base+001EFh
  dw 00714h,base+0216Dh
  dw 0053Eh,base+02295h
  dw 00104h,base+001EDh
  dw 0010Ch,base+001EDh
  dw 00A1Eh,base+001EFh
  dw 00614h,base+00AD1h
  dw 0053Eh,base+0229Ah
  dw 00204h,base+001EDh
  dw 0020Bh,base+001EDh
  dw 00B1Fh,base+00370h
  dw 00514h,base+000B6h
  dw 0063Eh,base+02213h
  dw 00204h,base+001EDh
  dw 00209h,base+001EDh
  dw 00D21h,base+014F3h
  dw 00414h,base+0000Ch
  dw 0063Eh,base+02219h
  dw 00204h,base+001EDh
  dw 00207h,base+001EDh
  dw 00E23h,base+018EFh
  dw 00414h,base+00110h
  dw 0063Eh,base+0221Fh
  dw 00305h,base+001EDh
  dw 00106h,base+001EDh
  dw 00E23h,base+0191Bh
  dw 00514h,base+000F3h
  dw 0063Eh,base+01511h
  dw 00305h,base+02138h
  dw 00204h,base+001EDh
  dw 00F26h,base+01894h
  dw 00414h,base+00023h
  dw 00538h,base+020AAh
  dw 00106h,base+0002Eh
  dw 00304h,base+00EA3h
  dw 0132Ah,base+012C7h
  dw 00414h,base+00023h
  dw 0053Eh,base+0229Fh
  dw 0152Eh,base+00EE1h
  dw 00515h,base+006A3h
  dw 00438h,base+005F9h
  dw 00105h,base+0002Eh
  dw 00204h,base+001F5h
  dw 0102Bh,base+01721h
  dw 00414h,base+00303h
  dw 00439h,base+00014h
  dw 00105h,base+0002Eh
  dw 00103h,base+001F5h
  dw 0102Bh,base+01731h
  dw 00414h,base+00611h
  dw 0043Eh,base+00014h
  dw 00203h,base+001F5h
  dw 00F2Bh,base+018A3h
  dw 00415h,base+005F8h
  dw 0043Dh,base+00303h
  dw 00103h,base+001F5h
  dw 00D2Bh,base+01BDEh
  dw 00415h,base+00020h
  dw 00441h,base+001E5h
  dw 00B2Bh,base+01DBCh
  dw 00415h,base+00611h
  dw 00340h,base+0001Dh
  dw 00A2Bh,base+01DF3h
  dw 00415h,base+006A3h
  dw 00340h,base+00015h
  dw 00929h,base+00023h
  dw 00617h,base+00017h
  dw 00341h,base+00124h
  dw 00727h,base+01F0Ch
  dw 00718h,base+001DBh
  dw 00341h,base+022CBh
  dw 00526h,base+00023h
  dw 00718h,base+0030Dh
  dw 00445h,base+00014h
  dw 00222h,base+00069h
  dw 00719h,base+0030Fh
  dw 00400h,base+001E5h

ryuPage2frame030:
  db 014h,00Eh,050h,03Ah
  db 062h
  db 000h,000h,0C6h,000h,000h
  db 000h,000h
  dw 00179h,base+00000h
  dw 00106h,base+00000h
  dw 00179h,base+00000h
  dw 00107h,base+00000h
  dw 00179h,base+00000h
  dw 00106h,base+00000h
  dw 00179h,base+00010h
  dw 00206h,base+00000h
  dw 0027Ah,base+00015h
  dw 00106h,base+00000h
  dw 0027Ah,base+00015h
  dw 00105h,base+00000h
  dw 0027Bh,base+00014h
  dw 00105h,base+00010h
  dw 0027Bh,base+0001Eh
  dw 00105h,base+00010h
  dw 0017Bh,base+00014h
  dw 00105h,base+00010h
  dw 0017Bh,base+00014h
  dw 00105h,base+00010h
  dw 0017Bh,base+00014h
  dw 00105h,base+00010h
  dw 0017Bh,base+00014h
  dw 00105h,base+00010h
  dw 0017Bh,base+00014h
  dw 00105h,base+00010h
  dw 00200h,base+00015h

ryuPage2frame031:
  db 048h,020h,04Eh,048h
  db 050h
  db 000h,000h,0B8h,000h,000h
  db 000h,000h
  dw 00105h,base+00010h
  dw 0027Bh,base+0001Eh
  dw 00105h,base+00014h
  dw 00208h,base+0001Eh
  dw 00273h,base+00000h
  dw 00105h,base+00014h
  dw 00207h,base+0001Eh
  dw 00474h,base+00023h
  dw 00205h,base+00015h
  dw 00306h,base+00014h
  dw 00675h,base+00023h
  dw 00205h,base+0001Eh
  dw 00306h,base+00014h
  dw 00675h,base+00023h
  dw 00204h,base+0001Eh
  dw 00407h,base+00040h
  dw 00775h,base+00023h
  dw 00304h,base+00041h
  dw 00407h,base+00158h
  dw 00876h,base+00023h
  dw 0080Ah,base+01F16h
  dw 00A76h,base+01DA7h
  dw 0080Ah,base+01C12h
  dw 00C77h,base+01BABh
  dw 01780h,base+00B75h
  dw 01780h,base+00B8Ch
  dw 01881h,base+00970h
  dw 01780h,base+00BA3h
  dw 01880h,base+00988h
  dw 01881h,base+009A0h
  dw 01880h,base+009B8h
  dw 01880h,base+009D0h
  dw 01980h,base+0078Dh
  dw 01981h,base+007A6h
  dw 01880h,base+009E8h
  dw 00304h,base+0003Dh
  dw 0157Dh,base+00EF6h
  dw 00103h,base+00014h
  dw 01580h,base+00F0Bh
  dw 0157Fh,base+00E8Dh
  dw 01680h,base+00D0Ah
  dw 0177Fh,base+00BBAh
  dw 01A80h,base+005FBh
  dw 01A80h,base+00615h
  dw 01B7Eh,base+004C2h
  dw 00F13h,base+018B2h
  dw 00A6Ch,base+01B1Ah
  dw 00F15h,base+018C1h
  dw 00A6Ah,base+01EE4h
  dw 00B15h,base+01876h
  dw 00B67h,base+01DC7h
  dw 00104h,base+00000h
  dw 00914h,base+01FB8h
  dw 00C00h,base+01CDEh

ryuPage2frame032:
  db 08Ch,01Fh,018h,068h
  db 04Eh
  db 000h,000h,098h,000h,000h
  db 000h,000h
  dw 00103h,base+00000h
  dw 00A13h,base+01EDAh
  dw 00F66h,base+018D0h
  dw 00103h,base+00000h
  dw 00204h,base+00012h
  dw 00813h,base+02090h
  dw 00F65h,base+018DFh
  dw 00F1Ah,base+01885h
  dw 01065h,base+01741h
  dw 0101Bh,base+01711h
  dw 01165h,base+0159Ch
  dw 00E1Ah,base+01A0Eh
  dw 01266h,base+013EBh
  dw 00E19h,base+01A1Ch
  dw 01367h,base+012DAh
  dw 00405h,base+00576h
  dw 00713h,base+01E3Eh
  dw 00B0Dh,base+01DD2h
  dw 0085Bh,base+00E75h
  dw 00306h,base+00007h
  dw 00512h,base+00023h
  dw 00A0Fh,base+0105Dh
  dw 00659h,base+00023h
  dw 00206h,base+00000h
  dw 00511h,base+01524h
  dw 00A11h,base+0030Eh
  dw 00556h,base+00528h
  dw 00309h,base+00C21h
  dw 00210h,base+00014h
  dw 00912h,base+0105Dh
  dw 00455h,base+00007h
  dw 00218h,base+001F4h
  dw 00A13h,base+00017h
  dw 00553h,base+022A4h
  dw 0041Ah,base+001F2h
  dw 00813h,base+00F92h
  dw 00551h,base+022A9h
  dw 0061Bh,base+00357h
  dw 00814h,base+02098h
  dw 0054Fh,base+020AAh
  dw 0081Dh,base+001EFh
  dw 00714h,base+02008h
  dw 0064Eh,base+02225h
  dw 00A1Eh,base+001EFh
  dw 00514h,base+00265h
  dw 0064Dh,base+0221Fh
  dw 00B1Fh,base+00370h
  dw 00414h,base+00265h
  dw 0064Bh,base+00D84h
  dw 00D22h,base+014F3h
  dw 00414h,base+00076h
  dw 00547h,base+020AAh
  dw 00F25h,base+018EEh
  dw 00514h,base+000B7h
  dw 00548h,base+0229Fh
  dw 00E24h,base+0191Bh
  dw 00514h,base+00023h
  dw 00546h,base+0221Fh
  dw 00F27h,base+015ADh
  dw 00414h,base+00023h
  dw 00442h,base+005F9h
  dw 0122Ah,base+00F35h
  dw 00414h,base+00021h
  dw 00440h,base+00014h
  dw 0122Ch,base+00C16h
  dw 00415h,base+00611h
  dw 00340h,base+0001Eh
  dw 0102Bh,base+01751h
  dw 00415h,base+005F8h
  dw 00440h,base+00303h
  dw 0102Ch,base+01761h
  dw 00414h,base+00611h
  dw 00440h,base+00014h
  dw 00F2Ch,base+018FDh
  dw 00415h,base+006A3h
  dw 0033Fh,base+0001Dh
  dw 00D2Ch,base+01BEBh
  dw 00415h,base+005F8h
  dw 00440h,base+001E5h
  dw 00B2Bh,base+01DBCh
  dw 00415h,base+00020h
  dw 00440h,base+00303h
  dw 00A2Ah,base+01DF3h
  dw 00516h,base+000BBh
  dw 00440h,base+022C3h
  dw 00928h,base+00023h
  dw 00718h,base+00016h
  dw 00441h,base+022C7h
  dw 00726h,base+007F8h
  dw 00819h,base+01D18h
  dw 00441h,base+00303h
  dw 00526h,base+00023h
  dw 00618h,base+0030Fh
  dw 00400h,base+0001Ch

ryuPage2frame033:
  db 014h,00Eh,050h,03Ah
  db 062h
  db 000h,000h,0C6h,000h,000h
  db 000h,000h
  dw 00179h,base+00000h
  dw 00106h,base+00000h
  dw 00179h,base+00000h
  dw 00106h,base+00000h
  dw 0027Ah,base+00015h
  dw 00106h,base+00000h
  dw 0017Ah,base+00010h
  dw 00105h,base+00000h
  dw 0027Bh,base+0001Eh
  dw 00105h,base+00000h
  dw 0027Ah,base+0001Eh
  dw 00106h,base+00014h
  dw 0017Ah,base+00014h
  dw 00105h,base+00014h
  dw 0027Bh,base+0001Eh
  dw 00105h,base+00014h
  dw 0027Bh,base+0001Eh
  dw 00105h,base+00014h
  dw 0027Bh,base+0001Eh
  dw 00105h,base+00014h
  dw 0027Bh,base+0001Eh
  dw 00105h,base+00014h
  dw 0027Bh,base+0001Eh
  dw 00105h,base+00014h
  dw 0027Bh,base+0001Eh
  dw 00105h,base+00014h
  dw 00200h,base+00014h

ryuPage2frame034:
  db 046h,020h,050h,048h
  db 050h
  db 000h,000h,0B8h,000h,000h
  db 000h,000h
  dw 00105h,base+00014h
  dw 0037Bh,base+00014h
  dw 00206h,base+0001Eh
  dw 00207h,base+00015h
  dw 00273h,base+00000h
  dw 00206h,base+0001Eh
  dw 00206h,base+0001Eh
  dw 00474h,base+00023h
  dw 00305h,base+00041h
  dw 00306h,base+00036h
  dw 00676h,base+00023h
  dw 00204h,base+00015h
  dw 00306h,base+00052h
  dw 00676h,base+00023h
  dw 00203h,base+0001Eh
  dw 00507h,base+022AEh
  dw 00976h,base+00023h
  dw 0080Ah,base+020A0h
  dw 00B77h,base+019F1h
  dw 00709h,base+02174h
  dw 00C77h,base+016F1h
  dw 01681h,base+00D20h
  dw 01680h,base+00D36h
  dw 01780h,base+00BD1h
  dw 01780h,base+00BE8h
  dw 01881h,base+00A00h
  dw 01780h,base+00BFFh
  dw 01880h,base+00A18h
  dw 01881h,base+00A30h
  dw 01880h,base+00A48h
  dw 01880h,base+00A60h
  dw 01981h,base+007BFh
  dw 00204h,base+00012h
  dw 0147Ch,base+0112Fh
  dw 00104h,base+00014h
  dw 01480h,base+01143h
  dw 01480h,base+01157h
  dw 01480h,base+0116Bh
  dw 01480h,base+0117Fh
  dw 01580h,base+00F20h
  dw 01681h,base+00D4Ch
  dw 01681h,base+00D62h
  dw 0080Dh,base+020A8h
  dw 00874h,base+004D4h
  dw 0070Ch,base+0217Bh
  dw 00975h,base+01EBDh
  dw 0060Bh,base+00AB3h
  dw 00975h,base+01AA6h
  dw 00609h,base+0222Bh
  dw 00C74h,base+01966h
  dw 00102h,base+00000h
  dw 0070Ah,base+02182h
  dw 00C00h,base+01966h

ryuPage2frame035:
  db 058h,01Fh,04Ah,068h
  db 066h
  db 000h,000h,098h,000h,000h
  db 000h,000h
  dw 00102h,base+00000h
  dw 00305h,base+00007h
  dw 00203h,base+0007Ah
  dw 00E75h,base+01A2Ah
  dw 00608h,base+00023h
  dw 01278h,base+013FDh
  dw 00508h,base+0005Eh
  dw 01277h,base+0140Fh
  dw 00609h,base+007B9h
  dw 01276h,base+01421h
  dw 0060Ah,base+005E9h
  dw 01276h,base+01433h
  dw 00405h,base+000BAh
  dw 00104h,base+00000h
  dw 01477h,base+01193h
  dw 00102h,base+00000h
  dw 00103h,base+00013h
  dw 00104h,base+00000h
  dw 00B0Ch,base+01DDDh
  dw 0086Bh,base+01887h
  dw 00102h,base+00000h
  dw 00103h,base+00013h
  dw 00103h,base+00000h
  dw 00A10h,base+01EEEh
  dw 00569h,base+00023h
  dw 00104h,base+00014h
  dw 00103h,base+00000h
  dw 00910h,base+01FCAh
  dw 0066Bh,base+00695h
  dw 00304h,base+00015h
  dw 00A12h,base+01EF8h
  dw 0056Bh,base+0017Fh
  dw 00103h,base+00010h
  dw 00912h,base+01FD3h
  dw 0056Dh,base+02288h
  dw 00913h,base+01FDCh
  dw 0056Bh,base+02290h
  dw 00A16h,base+01F02h
  dw 00568h,base+02295h
  dw 00918h,base+01FE5h
  dw 00567h,base+0229Ah
  dw 00A19h,base+001EFh
  dw 00666h,base+02213h
  dw 00B1Ah,base+00370h
  dw 00664h,base+02219h
  dw 00D1Ch,base+014F3h
  dw 00662h,base+0221Fh
  dw 00F1Eh,base+0190Ch
  dw 00662h,base+01511h
  dw 00F1Fh,base+0191Bh
  dw 0055Fh,base+020AAh
  dw 01121h,base+015ADh
  dw 0055Ch,base+0229Fh
  dw 01525h,base+00F35h
  dw 00459h,base+005F9h
  dw 01727h,base+00C16h
  dw 0045Ah,base+00014h
  dw 01012h,base+01751h
  dw 00414h,base+00611h
  dw 0045Ah,base+00014h
  dw 01012h,base+01761h
  dw 00415h,base+005F8h
  dw 00459h,base+00303h
  dw 00F12h,base+018FDh
  dw 00415h,base+00020h
  dw 00459h,base+001E5h
  dw 00D13h,base+01BEBh
  dw 00415h,base+00611h
  dw 00359h,base+0001Dh
  dw 00B12h,base+01DBCh
  dw 00415h,base+006A3h
  dw 00359h,base+00015h
  dw 00A10h,base+01DF3h
  dw 00617h,base+00017h
  dw 00359h,base+00124h
  dw 0090Fh,base+00023h
  dw 00718h,base+001DBh
  dw 0035Ah,base+022CBh
  dw 0070Dh,base+01F0Ch
  dw 00718h,base+0030Dh
  dw 0045Bh,base+00014h
  dw 0050Ch,base+00023h
  dw 00719h,base+0030Fh
  dw 00400h,base+001E5h

ryuPage2frame036:
  db 01Ch,018h,066h,030h
  db 078h
  db 000h,000h,0D0h,000h,000h
  db 000h,000h
  dw 00179h,base+00000h
  dw 00106h,base+00000h
  dw 00179h,base+00000h
  dw 00107h,base+00000h
  dw 00179h,base+00000h
  dw 00106h,base+00000h
  dw 00179h,base+00010h
  dw 00206h,base+00000h
  dw 0027Ah,base+00015h
  dw 00106h,base+00000h
  dw 0027Ah,base+00015h
  dw 00105h,base+00000h
  dw 0027Bh,base+00014h
  dw 00105h,base+00010h
  dw 0027Bh,base+0001Eh
  dw 00105h,base+00010h
  dw 0017Bh,base+00014h
  dw 00105h,base+00010h
  dw 0017Bh,base+00014h
  dw 00105h,base+00010h
  dw 0017Bh,base+00014h
  dw 00105h,base+00010h
  dw 0017Bh,base+00014h
  dw 00105h,base+00010h
  dw 0017Bh,base+00014h
  dw 00105h,base+00010h
  dw 0027Bh,base+00015h
  dw 00105h,base+00010h
  dw 0027Bh,base+0001Eh
  dw 00105h,base+00014h
  dw 0027Bh,base+0001Eh
  dw 00105h,base+00014h
  dw 0027Bh,base+0001Eh
  dw 00205h,base+00015h
  dw 0037Bh,base+00014h
  dw 00205h,base+0001Eh
  dw 0037Bh,base+00014h
  dw 00204h,base+0001Eh
  dw 0047Ch,base+00040h
  dw 00304h,base+00041h
  dw 0057Dh,base+02231h
  dw 00980h,base+01F16h
  dw 00C81h,base+01C12h
  dw 00C00h,base+01A8Dh

ryuPage2frame037:
  db 036h,020h,062h,048h
  db 068h
  db 000h,000h,0B8h,000h,000h
  db 000h,000h
  dw 00D80h,base+01A99h
  dw 00E7Fh,base+01A38h
  dw 00F80h,base+0192Ah
  dw 0107Fh,base+0147Ch
  dw 01180h,base+015BEh
  dw 01280h,base+01445h
  dw 01280h,base+01457h
  dw 01380h,base+012EDh
  dw 01380h,base+01300h
  dw 01480h,base+011A7h
  dw 01480h,base+011BBh
  dw 01580h,base+00F4Ah
  dw 01580h,base+00F5Fh
  dw 01680h,base+00D78h
  dw 01681h,base+00D8Eh
  dw 01580h,base+00F74h
  dw 01681h,base+00DA4h
  dw 01580h,base+00F89h
  dw 0157Fh,base+00F9Eh
  dw 01680h,base+00DBAh
  dw 01780h,base+00C2Dh
  dw 00406h,base+000BBh
  dw 0117Ah,base+015CFh
  dw 00407h,base+00223h
  dw 01079h,base+01771h
  dw 00407h,base+000FAh
  dw 00C0Dh,base+01CEAh
  dw 0036Ch,base+00079h
  dw 00308h,base+0012Dh
  dw 00B0Ch,base+01DE8h
  dw 0036Bh,base+0005Ah
  dw 0040Ah,base+00576h
  dw 00E76h,base+01A46h
  dw 0040Ah,base+014E1h
  dw 00E75h,base+01A54h
  dw 0040Fh,base+022B3h
  dw 00A71h,base+00E5Dh
  dw 00410h,base+02245h
  dw 00970h,base+01FEEh
  dw 00410h,base+00265h
  dw 0090Ah,base+01FF7h
  dw 00166h,base+00000h
  dw 0030Eh,base+0002Fh
  dw 00D72h,base+01BF8h
  dw 0030Eh,base+0000Dh
  dw 00D00h,base+01C05h

ryuPage2frame038:
  db 04Ch,01Fh,056h,068h
  db 05Ch
  db 000h,000h,098h,000h,000h
  db 000h,000h
  dw 00102h,base+00000h
  dw 0040Dh,base+00023h
  dw 00E71h,base+01A62h
  dw 00102h,base+00000h
  dw 0030Ch,base+00007h
  dw 01071h,base+01781h
  dw 0060Fh,base+00023h
  dw 01071h,base+01791h
  dw 0050Eh,base+0005Eh
  dw 01171h,base+015E0h
  dw 0060Eh,base+007B9h
  dw 01271h,base+01469h
  dw 0060Eh,base+005E9h
  dw 01472h,base+011CFh
  dw 00405h,base+000BAh
  dw 00109h,base+00000h
  dw 00B0Ch,base+01C5Bh
  dw 00866h,base+01887h
  dw 00102h,base+00000h
  dw 00103h,base+00013h
  dw 00108h,base+00000h
  dw 00A0Bh,base+0030Eh
  dw 00305h,base+00C21h
  dw 00563h,base+00023h
  dw 00102h,base+00000h
  dw 00103h,base+00013h
  dw 00108h,base+00000h
  dw 0090Bh,base+0105Dh
  dw 00205h,base+001F4h
  dw 00664h,base+00695h
  dw 00104h,base+00014h
  dw 00107h,base+00000h
  dw 00E12h,base+01A70h
  dw 00565h,base+0017Fh
  dw 00309h,base+00015h
  dw 00E12h,base+01A7Eh
  dw 00566h,base+02288h
  dw 00107h,base+00010h
  dw 00F13h,base+01939h
  dw 0056Dh,base+02290h
  dw 01014h,base+017A1h
  dw 0056Ch,base+02295h
  dw 01014h,base+017B1h
  dw 0056Ch,base+0229Ah
  dw 01014h,base+017C1h
  dw 0066Ch,base+02213h
  dw 00F14h,base+01948h
  dw 0066Ch,base+02219h
  dw 00F14h,base+01957h
  dw 0066Bh,base+0221Fh
  dw 00F15h,base+015ADh
  dw 00668h,base+01511h
  dw 01219h,base+00F35h
  dw 00565h,base+020AAh
  dw 0121Bh,base+00C16h
  dw 00566h,base+0229Fh
  dw 0101Bh,base+01751h
  dw 00465h,base+005F9h
  dw 0101Bh,base+01761h
  dw 00465h,base+00014h
  dw 00F1Bh,base+018FDh
  dw 00465h,base+00014h
  dw 00D1Ch,base+01BEBh
  dw 00465h,base+00303h
  dw 00B1Bh,base+01DBCh
  dw 00465h,base+001E5h
  dw 00B1Ch,base+01DF3h
  dw 00364h,base+0001Dh
  dw 00B1Ch,base+002D4h
  dw 00365h,base+00015h
  dw 00A1Bh,base+01F0Ch
  dw 00365h,base+00124h
  dw 00A1Bh,base+006CDh
  dw 00367h,base+022CBh
  dw 00718h,base+0030Dh
  dw 00467h,base+00014h
  dw 00719h,base+0030Fh
  dw 00400h,base+001E5h


