  dw ryuPage2frame000
  dw ryuPage2frame001
  dw ryuPage2frame002
  dw ryuPage2frame003
  dw ryuPage2frame004
  dw ryuPage2frame005
  dw ryuPage2frame006
  dw ryuPage2frame007
  dw ryuPage2frame008
  dw ryuPage2frame009
  dw ryuPage2frame010
  dw ryuPage2frame011
  dw ryuPage2frame012
  dw ryuPage2frame013
  dw ryuPage2frame014
  dw ryuPage2frame015
  dw ryuPage2frame016
  dw ryuPage2frame017
  dw ryuPage2frame018
  dw ryuPage2frame019
  dw ryuPage2frame020
  dw ryuPage2frame021
  dw ryuPage2frame022
  dw ryuPage2frame023

ryuPage2frame000:
  db 024h,051h,06Eh,033h
  db 07Ch
  dw base+00000h
  dw 0017Fh
  dw 0037Fh
  dw 00480h
  dw 00580h
  dw 00480h
  dw 00680h
  dw 0077Fh
  dw 00880h
  dw 00980h
  dw 00980h
  dw 00A7Fh
  dw 00B80h
  dw 00C7Fh
  dw 00E80h
  dw 00E7Fh
  dw 01080h
  dw 01080h
  dw 0107Fh
  dw 01180h
  dw 01180h
  dw 01180h
  dw 00D0Eh
  dw 00372h
  dw 00D80h
  dw 00D80h
  dw 00C80h
  dw 00C80h
  dw 00C81h
  dw 00B80h
  dw 00B81h
  dw 00980h
  dw 00981h
  dw 00102h
  dw 00680h
  dw 0067Fh
  dw 00780h
  dw 0087Fh
  dw 00980h
  dw 00980h
  dw 00980h
  dw 00980h
  dw 00980h
  dw 0097Fh
  dw 00A80h
  dw 00A80h
  dw 00A80h
  dw 00B80h
  dw 00B7Fh
  dw 00C80h
  dw 00C80h
  dw 00C80h
  dw 00C80h
  dw 00607h
  dw 00578h
  dw 00608h
  dw 00578h
  dw 00608h
  dw 00678h
  dw 00608h
  dw 00678h
  dw 00609h
  dw 00577h
  dw 00509h
  dw 00577h
  dw 00509h
  dw 00577h
  dw 00509h
  dw 00678h
  dw 00508h
  dw 00678h
  dw 00509h
  dw 00677h
  dw 00509h
  dw 00677h
  dw 00509h
  dw 00677h
  dw 00509h
  dw 00677h
  dw 0050Ah
  dw 00576h
  dw 0050Ah
  dw 00676h
  dw 0050Ah
  dw 00677h
  dw 00409h
  dw 00677h
  dw 0040Ah
  dw 00576h
  dw 0040Ah
  dw 00576h
  dw 0040Ah
  dw 00577h
  dw 00309h
  dw 00677h
  dw 0030Ah
  dw 00576h
  dw 0030Ah
  dw 00577h
  dw 0020Bh
  dw 00375h
  dw 0020Bh
  dw 00375h
  dw 0030Bh
  dw 00374h
  dw 0040Ch
  dw 00374h
  dw 0040Ch
  dw 00372h
  dw 0060Dh
  dw 00473h
  dw 0050Dh
  dw 00480h
  dw 00400h

ryuPage2frame001:
  db 022h,03Bh,06Eh,049h
  db 07Ch
  dw base+00326h
  dw 0017Fh
  dw 0037Fh
  dw 00480h
  dw 00580h
  dw 00480h
  dw 00680h
  dw 0077Fh
  dw 00880h
  dw 00980h
  dw 00980h
  dw 00A7Fh
  dw 00B80h
  dw 00C7Fh
  dw 00E80h
  dw 00E7Fh
  dw 01080h
  dw 01080h
  dw 0107Fh
  dw 01180h
  dw 01180h
  dw 01180h
  dw 00D0Eh
  dw 00372h
  dw 00D80h
  dw 00D80h
  dw 00C80h
  dw 00C80h
  dw 00C81h
  dw 00B80h
  dw 00B81h
  dw 00980h
  dw 00981h
  dw 00102h
  dw 00607h
  dw 00479h
  dw 00607h
  dw 00479h
  dw 00C7Fh
  dw 00D80h
  dw 00D80h
  dw 00D80h
  dw 00D80h
  dw 00D80h
  dw 00D80h
  dw 00D80h
  dw 00D80h
  dw 00C80h
  dw 00C7Fh
  dw 00D80h
  dw 00D80h
  dw 00D7Fh
  dw 00E80h
  dw 00708h
  dw 00678h
  dw 0070Ah
  dw 00376h
  dw 0070Ah
  dw 00276h
  dw 0070Ah
  dw 00276h
  dw 0070Ah
  dw 00276h
  dw 0070Ah
  dw 00276h
  dw 00609h
  dw 00377h
  dw 00609h
  dw 00477h
  dw 00609h
  dw 00577h
  dw 0060Ah
  dw 00578h
  dw 00309h
  dw 00400h

ryuPage2frame002:
  db 026h,047h,06Ah,03Ch
  db 07Eh
  dw base+005B5h
  dw 0037Fh
  dw 00580h
  dw 00480h
  dw 0057Fh
  dw 0067Fh
  dw 0077Dh
  dw 0097Fh
  dw 00980h
  dw 0097Fh
  dw 00B80h
  dw 00C7Fh
  dw 00D80h
  dw 00D80h
  dw 00E80h
  dw 00F80h
  dw 00F80h
  dw 01080h
  dw 01080h
  dw 01080h
  dw 00B0Dh
  dw 00373h
  dw 00B0Dh
  dw 00372h
  dw 00B0Fh
  dw 00371h
  dw 00B0Fh
  dw 00371h
  dw 00A10h
  dw 00271h
  dw 0090Fh
  dw 00271h
  dw 0080Fh
  dw 00371h
  dw 0070Fh
  dw 00371h
  dw 00709h
  dw 00107h
  dw 0026Fh
  dw 00B11h
  dw 0026Fh
  dw 0090Bh
  dw 00106h
  dw 0016Fh
  dw 0090Bh
  dw 00175h
  dw 00A80h
  dw 00A81h
  dw 00A80h
  dw 00A80h
  dw 00B80h
  dw 00B80h
  dw 00C80h
  dw 00C80h
  dw 00C80h
  dw 00C80h
  dw 00C81h
  dw 00506h
  dw 0067Ah
  dw 00506h
  dw 0067Ah
  dw 00506h
  dw 0067Ah
  dw 00507h
  dw 00579h
  dw 00507h
  dw 00579h
  dw 00508h
  dw 00578h
  dw 00508h
  dw 00578h
  dw 00508h
  dw 00578h
  dw 00508h
  dw 00578h
  dw 00508h
  dw 00578h
  dw 00508h
  dw 00578h
  dw 00509h
  dw 00477h
  dw 00509h
  dw 00477h
  dw 0050Ah
  dw 00376h
  dw 0050Ah
  dw 00376h
  dw 0050Bh
  dw 00276h
  dw 0040Ah
  dw 00276h
  dw 0030Ah
  dw 00276h
  dw 0030Ah
  dw 00276h
  dw 0020Ah
  dw 00275h
  dw 0030Bh
  dw 00275h
  dw 0030Bh
  dw 00375h
  dw 0030Bh
  dw 00376h
  dw 0020Ah
  dw 00376h
  dw 0030Ah
  dw 00476h
  dw 0030Ah
  dw 00476h
  dw 0040Bh
  dw 00375h
  dw 0040Bh
  dw 00276h
  dw 00300h

ryuPage2frame003:
  db 026h,03Eh,068h,048h
  db 07Ch
  dw base+00867h
  dw 00180h
  dw 0027Eh
  dw 00102h
  dw 0027Eh
  dw 00481h
  dw 00380h
  dw 00378h
  dw 00308h
  dw 00378h
  dw 00409h
  dw 00376h
  dw 0050Ah
  dw 00376h
  dw 0050Ah
  dw 00377h
  dw 0040Ah
  dw 00277h
  dw 00408h
  dw 00477h
  dw 00708h
  dw 00578h
  dw 00708h
  dw 00579h
  dw 00507h
  dw 00578h
  dw 00D80h
  dw 00D81h
  dw 00B80h
  dw 00A80h
  dw 00980h
  dw 0097Fh
  dw 00A80h
  dw 00B7Fh
  dw 00C80h
  dw 00C80h
  dw 00C80h
  dw 00C80h
  dw 00C80h
  dw 00C80h
  dw 00C81h
  dw 00B80h
  dw 00B0Dh
  dw 00173h
  dw 00B0Ch
  dw 00275h
  dw 00C0Dh
  dw 00373h
  dw 01080h
  dw 01181h
  dw 01080h
  dw 01080h
  dw 01080h
  dw 01081h
  dw 00F80h
  dw 00F81h
  dw 00E81h
  dw 00D80h
  dw 00D80h
  dw 00D81h
  dw 00B7Fh
  dw 00C7Fh
  dw 00D80h
  dw 00D80h
  dw 00C80h
  dw 0080Ah
  dw 00276h
  dw 0080Ah
  dw 00276h
  dw 00809h
  dw 00277h
  dw 00809h
  dw 00277h
  dw 00809h
  dw 00277h
  dw 00C80h
  dw 00809h
  dw 00377h
  dw 00304h
  dw 00305h
  dw 0047Ch
  dw 00204h
  dw 00581h
  dw 00481h
  dw 00300h

ryuPage2frame004:
  db 02Eh,040h,066h,035h
  db 072h
  dw base+00AF3h
  dw 00103h
  dw 0017Eh
  dw 00280h
  dw 00280h
  dw 00281h
  dw 00102h
  dw 0027Eh
  dw 00380h
  dw 00480h
  dw 00580h
  dw 0057Fh
  dw 0067Fh
  dw 00780h
  dw 00D7Fh
  dw 00E80h
  dw 00F7Fh
  dw 00F7Fh
  dw 0117Fh
  dw 01080h
  dw 00C0Fh
  dw 00170h
  dw 00B10h
  dw 00170h
  dw 00B80h
  dw 00B80h
  dw 00B80h
  dw 00B10h
  dw 00270h
  dw 00B0Fh
  dw 00471h
  dw 00B0Fh
  dw 00471h
  dw 00D0Eh
  dw 00572h
  dw 0147Fh
  dw 01580h
  dw 01580h
  dw 01580h
  dw 01580h
  dw 01580h
  dw 01580h
  dw 01580h
  dw 01580h
  dw 01680h
  dw 01680h
  dw 01680h
  dw 01681h
  dw 01580h
  dw 01581h
  dw 00506h
  dw 00D7Bh
  dw 00406h
  dw 00C7Ah
  dw 00203h
  dw 00103h
  dw 00C7Ah
  dw 00102h
  dw 00104h
  dw 00C7Bh
  dw 00105h
  dw 00C84h
  dw 00881h
  dw 00781h
  dw 00780h
  dw 00780h
  dw 00781h
  dw 00780h
  dw 00780h
  dw 00780h
  dw 00782h
  dw 00580h
  dw 00580h
  dw 00380h
  dw 00481h
  dw 00380h
  dw 00380h
  dw 00380h
  dw 00381h
  dw 00100h

ryuPage2frame005:
  db 02Ah,047h,062h,03Eh
  db 082h
  dw base+00DD5h
  dw 00280h
  dw 0037Fh
  dw 00480h
  dw 00482h
  dw 00380h
  dw 00481h
  dw 00380h
  dw 00380h
  dw 00379h
  dw 00207h
  dw 00379h
  dw 00307h
  dw 00378h
  dw 00408h
  dw 00278h
  dw 00408h
  dw 00278h
  dw 00508h
  dw 0027Ah
  dw 00406h
  dw 0027Ah
  dw 00406h
  dw 0027Bh
  dw 00304h
  dw 0037Ch
  dw 00780h
  dw 00780h
  dw 00780h
  dw 0087Eh
  dw 00102h
  dw 00203h
  dw 0057Ah
  dw 00506h
  dw 0057Ah
  dw 00B80h
  dw 00405h
  dw 0057Bh
  dw 00A80h
  dw 00A80h
  dw 00A80h
  dw 00A80h
  dw 0097Fh
  dw 00A80h
  dw 00A80h
  dw 00A80h
  dw 00B80h
  dw 00B80h
  dw 00B80h
  dw 00B80h
  dw 00B80h
  dw 00B80h
  dw 00B81h
  dw 00A79h
  dw 00107h
  dw 00A79h
  dw 00102h
  dw 00102h
  dw 00204h
  dw 00978h
  dw 00608h
  dw 00A78h
  dw 00608h
  dw 00A77h
  dw 0080Ah
  dw 00975h
  dw 0090Ah
  dw 00102h
  dw 00874h
  dw 0090Ah
  dw 00A75h
  dw 00B0Ch
  dw 00974h
  dw 00B0Ch
  dw 00974h
  dw 00203h
  dw 00809h
  dw 00974h
  dw 00203h
  dw 0127Dh
  dw 00103h
  dw 01280h
  dw 0117Fh
  dw 01280h
  dw 0117Fh
  dw 01280h
  dw 01180h
  dw 01180h
  dw 00304h
  dw 00D7Bh
  dw 00405h
  dw 00D7Bh
  dw 01280h
  dw 01180h
  dw 01180h
  dw 01180h
  dw 01180h
  dw 01081h
  dw 00F80h
  dw 00E81h
  dw 00D82h
  dw 00A00h

ryuPage2frame006:
  db 048h,02Ah,05Ch,051h
  db 07Ah
  dw base+010FEh
  dw 0017Fh
  dw 00380h
  dw 0037Fh
  dw 0057Fh
  dw 0060Ah
  dw 00175h
  dw 0060Ah
  dw 00475h
  dw 0070Ah
  dw 00675h
  dw 0080Bh
  dw 0080Dh
  dw 00168h
  dw 0060Ah
  dw 0090Dh
  dw 00268h
  dw 0050Bh
  dw 0090Ch
  dw 00469h
  dw 0040Ah
  dw 01176h
  dw 0040Ah
  dw 01175h
  dw 0040Ah
  dw 01176h
  dw 0040Ah
  dw 01075h
  dw 0040Ah
  dw 01072h
  dw 00104h
  dw 0060Ah
  dw 00B0Eh
  dw 00266h
  dw 00102h
  dw 0070Ah
  dw 00B0Eh
  dw 00167h
  dw 0080Ah
  dw 00875h
  dw 0137Fh
  dw 00102h
  dw 0117Eh
  dw 00102h
  dw 0117Ch
  dw 00304h
  dw 0117Ch
  dw 0197Fh
  dw 01B80h
  dw 01B81h
  dw 01B7Fh
  dw 01C80h
  dw 01D81h
  dw 01C80h
  dw 01D80h
  dw 00304h
  dw 01980h
  dw 0197Dh
  dw 00103h
  dw 01A81h
  dw 01112h
  dw 00C6Eh
  dw 01013h
  dw 00B6Dh
  dw 00E13h
  dw 00B6Dh
  dw 00D14h
  dw 0096Ch
  dw 00C15h
  dw 00203h
  dw 00569h
  dw 00917h
  dw 00569h
  dw 00819h
  dw 00369h
  dw 00683h
  dw 00200h

ryuPage2frame007:
  db 048h,01Bh,05Ch,068h
  db 072h
  dw base+0140Dh
  dw 0030Ch
  dw 00373h
  dw 0040Ch
  dw 00473h
  dw 0050Ch
  dw 00673h
  dw 0070Dh
  dw 00672h
  dw 0080Dh
  dw 00773h
  dw 0080Ch
  dw 00873h
  dw 0090Ch
  dw 00974h
  dw 0090Bh
  dw 00A74h
  dw 00A0Bh
  dw 00B75h
  dw 0167Eh
  dw 00102h
  dw 0167Eh
  dw 0187Eh
  dw 01A80h
  dw 01A7Fh
  dw 01F80h
  dw 01F80h
  dw 01F80h
  dw 02480h
  dw 02480h
  dw 02480h
  dw 02480h
  dw 02481h
  dw 00304h
  dw 01F7Ch
  dw 00204h
  dw 01A1Ch
  dw 0035Fh
  dw 00305h
  dw 01A1Dh
  dw 00265h
  dw 01582h
  dw 00B00h

ryuPage2frame008:
  db 020h,03Eh,062h,045h
  db 06Ah
  dw base+01696h
  dw 00380h
  dw 0037Fh
  dw 00581h
  dw 00581h
  dw 00581h
  dw 00480h
  dw 00405h
  dw 0017Ch
  dw 00304h
  dw 0017Ch
  dw 00203h
  dw 0027Dh
  dw 00203h
  dw 0027Dh
  dw 00203h
  dw 0027Dh
  dw 00203h
  dw 0037Bh
  dw 00405h
  dw 0037Bh
  dw 00405h
  dw 0037Bh
  dw 00405h
  dw 0037Bh
  dw 00405h
  dw 0037Bh
  dw 00405h
  dw 0027Bh
  dw 00405h
  dw 0027Bh
  dw 0087Fh
  dw 00980h
  dw 00980h
  dw 0097Fh
  dw 00A80h
  dw 00708h
  dw 00178h
  dw 0087Fh
  dw 00980h
  dw 00B80h
  dw 00C80h
  dw 00C80h
  dw 00D80h
  dw 00D81h
  dw 00C80h
  dw 00C80h
  dw 00C81h
  dw 00B81h
  dw 00A81h
  dw 00981h
  dw 00881h
  dw 00779h
  dw 00104h
  dw 00A7Ch
  dw 00204h
  dw 00A7Ch
  dw 00204h
  dw 00B7Bh
  dw 00405h
  dw 00B7Bh
  dw 01080h
  dw 01080h
  dw 01080h
  dw 01080h
  dw 00F80h
  dw 00E80h
  dw 00E80h
  dw 00E80h
  dw 00E80h
  dw 00D80h
  dw 00D80h
  dw 00D80h
  dw 00C80h
  dw 00C80h
  dw 00B80h
  dw 00A81h
  dw 00305h
  dw 0037Bh
  dw 00305h
  dw 0027Ch
  dw 00200h

ryuPage2frame009:
  db 02Eh,03Ch,05Eh,03Fh
  db 06Ch
  dw base+018E0h
  dw 0027Fh
  dw 0077Bh
  dw 00105h
  dw 0087Ah
  dw 00306h
  dw 00B7Ah
  dw 00307h
  dw 00B79h
  dw 00407h
  dw 00B7Ah
  dw 00406h
  dw 00A7Ah
  dw 00406h
  dw 00B7Ah
  dw 00406h
  dw 00B7Bh
  dw 00305h
  dw 00C7Bh
  dw 00305h
  dw 00C7Ch
  dw 01180h
  dw 01181h
  dw 01180h
  dw 0117Fh
  dw 01280h
  dw 0137Fh
  dw 01480h
  dw 01481h
  dw 01380h
  dw 01380h
  dw 01380h
  dw 00708h
  dw 00A78h
  dw 00708h
  dw 00A79h
  dw 00507h
  dw 00A79h
  dw 00507h
  dw 00B79h
  dw 00507h
  dw 00B7Ah
  dw 00406h
  dw 00C7Ah
  dw 00306h
  dw 00506h
  dw 00674h
  dw 00306h
  dw 00406h
  dw 00675h
  dw 00205h
  dw 00406h
  dw 00675h
  dw 00105h
  dw 00406h
  dw 0067Ah
  dw 00407h
  dw 00579h
  dw 00407h
  dw 00579h
  dw 00307h
  dw 00479h
  dw 00307h
  dw 00379h
  dw 00306h
  dw 0047Ah
  dw 00306h
  dw 0037Ah
  dw 00306h
  dw 0037Ah
  dw 00306h
  dw 0037Ah
  dw 00306h
  dw 0037Ah
  dw 00306h
  dw 0037Bh
  dw 00205h
  dw 0037Bh
  dw 00206h
  dw 0027Ah
  dw 00206h
  dw 0027Ah
  dw 00206h
  dw 0027Ah
  dw 00206h
  dw 0027Ah
  dw 00206h
  dw 0027Ah
  dw 00206h
  dw 0027Ah
  dw 00205h
  dw 0037Bh
  dw 00205h
  dw 0037Bh
  dw 00204h
  dw 0047Ch
  dw 00304h
  dw 0047Ch
  dw 00304h
  dw 00102h
  dw 0027Ah
  dw 00306h
  dw 0027Ah
  dw 00206h
  dw 0027Ah
  dw 00206h
  dw 0027Ah
  dw 00206h
  dw 0027Ah
  dw 00206h
  dw 0027Ah
  dw 00200h

ryuPage2frame010:
  db 030h,050h,060h,034h
  db 066h
  dw base+01B59h
  dw 00280h
  dw 00205h
  dw 0047Ah
  dw 00405h
  dw 0067Bh
  dw 00C80h
  dw 00C81h
  dw 00C81h
  dw 00B7Ch
  dw 00104h
  dw 00B84h
  dw 00878h
  dw 00208h
  dw 00878h
  dw 00207h
  dw 00979h
  dw 00407h
  dw 0097Ah
  dw 00304h
  dw 00B7Ch
  dw 00204h
  dw 00B7Ch
  dw 00203h
  dw 00C7Dh
  dw 00203h
  dw 00C7Dh
  dw 00F80h
  dw 01080h
  dw 0107Fh
  dw 01180h
  dw 01180h
  dw 01180h
  dw 01180h
  dw 01180h
  dw 01180h
  dw 01180h
  dw 01180h
  dw 00406h
  dw 00B7Bh
  dw 00205h
  dw 00B7Bh
  dw 00206h
  dw 00A80h
  dw 00980h
  dw 00A81h
  dw 00980h
  dw 00A81h
  dw 00981h
  dw 0087Fh
  dw 00980h
  dw 00A80h
  dw 00A80h
  dw 00A80h
  dw 00A80h
  dw 00A80h
  dw 00A7Fh
  dw 00B80h
  dw 00B7Fh
  dw 00C80h
  dw 00D80h
  dw 00D7Fh
  dw 00E80h
  dw 00E80h
  dw 00708h
  dw 00678h
  dw 00708h
  dw 00677h
  dw 0070Ah
  dw 00576h
  dw 0070Ah
  dw 00676h
  dw 0070Ah
  dw 00676h
  dw 0060Ah
  dw 00676h
  dw 0060Bh
  dw 00575h
  dw 0050Bh
  dw 00575h
  dw 0060Bh
  dw 00675h
  dw 0060Ch
  dw 00575h
  dw 0050Bh
  dw 00575h
  dw 0050Bh
  dw 00575h
  dw 0050Bh
  dw 00575h
  dw 0050Bh
  dw 00675h
  dw 0050Ch
  dw 00574h
  dw 0050Ch
  dw 00574h
  dw 0050Ch
  dw 00474h
  dw 0050Ch
  dw 00574h
  dw 0050Ch
  dw 00574h
  dw 0050Dh
  dw 00473h
  dw 0040Fh
  dw 00273h
  dw 0020Dh
  dw 00373h
  dw 0020Dh
  dw 00373h
  dw 0020Dh
  dw 00372h
  dw 0040Eh
  dw 00372h
  dw 0040Eh
  dw 00371h
  dw 0050Fh
  dw 00370h
  dw 00510h
  dw 00370h
  dw 00410h
  dw 00370h
  dw 00410h
  dw 00200h

ryuPage2frame011:
  db 028h,035h,07Ah,04Fh
  db 084h
  dw base+01ED5h
  dw 00305h
  dw 0027Bh
  dw 00304h
  dw 0047Bh
  dw 00A80h
  dw 00B80h
  dw 00B80h
  dw 00C80h
  dw 00C7Fh
  dw 00E80h
  dw 00E80h
  dw 00E80h
  dw 00F80h
  dw 00F80h
  dw 00F80h
  dw 00F80h
  dw 00F81h
  dw 00E80h
  dw 00F80h
  dw 00F80h
  dw 00F81h
  dw 00E80h
  dw 00F81h
  dw 00E80h
  dw 00E7Fh
  dw 00F7Fh
  dw 00F80h
  dw 00F80h
  dw 00C7Eh
  dw 00A0Bh
  dw 00304h
  dw 00171h
  dw 0090Bh
  dw 00374h
  dw 00A0Ch
  dw 00374h
  dw 00A0Ch
  dw 00374h
  dw 00A0Ch
  dw 00374h
  dw 00405h
  dw 00507h
  dw 00274h
  dw 00305h
  dw 00507h
  dw 00274h
  dw 00305h
  dw 00507h
  dw 00273h
  dw 00306h
  dw 00507h
  dw 00273h
  dw 00306h
  dw 00506h
  dw 00374h
  dw 00306h
  dw 00506h
  dw 00374h
  dw 00206h
  dw 00506h
  dw 0037Ah
  dw 00406h
  dw 0037Ah
  dw 00406h
  dw 0027Bh
  dw 00205h
  dw 0017Bh
  dw 00280h
  dw 00280h
  dw 00280h
  dw 00280h
  dw 00280h
  dw 00280h
  dw 00380h
  dw 00580h
  dw 00580h
  dw 00580h
  dw 00400h

ryuPage2frame012:
  db 020h,06Bh,070h,019h
  db 088h
  dw base+020F7h
  dw 00280h
  dw 00380h
  dw 00380h
  dw 00380h
  dw 00380h
  dw 00381h
  dw 00280h
  dw 00280h
  dw 00280h
  dw 00280h
  dw 00280h
  dw 00280h
  dw 00280h
  dw 00380h
  dw 00380h
  dw 00380h
  dw 00380h
  dw 00380h
  dw 00380h
  dw 0037Bh
  dw 00205h
  dw 0037Ah
  dw 00406h
  dw 00379h
  dw 00507h
  dw 00379h
  dw 00507h
  dw 00379h
  dw 00507h
  dw 0037Ah
  dw 00406h
  dw 0037Ah
  dw 00405h
  dw 0047Bh
  dw 00980h
  dw 00980h
  dw 00980h
  dw 00981h
  dw 00880h
  dw 00880h
  dw 0087Fh
  dw 0097Eh
  dw 00B80h
  dw 00B7Fh
  dw 00C80h
  dw 00C80h
  dw 00C80h
  dw 00C7Fh
  dw 00D80h
  dw 00D80h
  dw 00D80h
  dw 00C7Fh
  dw 00D80h
  dw 00D7Fh
  dw 00E80h
  dw 00E80h
  dw 00D80h
  dw 00D7Fh
  dw 00E80h
  dw 00D80h
  dw 00506h
  dw 0077Ah
  dw 00506h
  dw 0077Bh
  dw 00305h
  dw 0077Bh
  dw 00205h
  dw 00880h
  dw 0087Fh
  dw 00980h
  dw 00980h
  dw 00A80h
  dw 00A80h
  dw 00A80h
  dw 00A80h
  dw 00A80h
  dw 00A80h
  dw 00A7Fh
  dw 00B80h
  dw 00B80h
  dw 00B80h
  dw 00B80h
  dw 00B80h
  dw 00B80h
  dw 00B80h
  dw 00506h
  dw 0057Ah
  dw 00506h
  dw 00579h
  dw 00607h
  dw 00579h
  dw 00607h
  dw 00579h
  dw 00507h
  dw 00579h
  dw 00507h
  dw 00579h
  dw 00507h
  dw 00579h
  dw 00507h
  dw 00579h
  dw 00507h
  dw 00579h
  dw 00507h
  dw 00579h
  dw 00408h
  dw 00478h
  dw 00408h
  dw 00478h
  dw 00408h
  dw 00477h
  dw 00509h
  dw 00477h
  dw 00509h
  dw 00477h
  dw 00509h
  dw 00477h
  dw 00509h
  dw 00477h
  dw 00509h
  dw 00477h
  dw 00509h
  dw 00477h
  dw 00409h
  dw 00477h
  dw 00409h
  dw 00477h
  dw 00409h
  dw 00478h
  dw 00308h
  dw 00478h
  dw 00308h
  dw 00478h
  dw 00209h
  dw 00276h
  dw 0030Ah
  dw 00276h
  dw 0030Ah
  dw 00376h
  dw 0030Ah
  dw 00376h
  dw 0030Ah
  dw 00375h
  dw 0040Bh
  dw 00475h
  dw 0040Bh
  dw 00475h
  dw 0040Bh
  dw 00476h
  dw 0020Ah
  dw 00300h

ryuPage2frame013:
  db 032h,049h,070h,03Ah
  db 080h
  dw base+02472h
  dw 00380h
  dw 00480h
  dw 0047Fh
  dw 00580h
  dw 00680h
  dw 0067Fh
  dw 0077Eh
  dw 00980h
  dw 0087Fh
  dw 00980h
  dw 00A80h
  dw 00A80h
  dw 00B80h
  dw 00B80h
  dw 00C7Fh
  dw 00D80h
  dw 00E80h
  dw 00E7Fh
  dw 00F80h
  dw 00F7Fh
  dw 01080h
  dw 01080h
  dw 01080h
  dw 00F81h
  dw 00E80h
  dw 00E80h
  dw 00E81h
  dw 00C80h
  dw 00102h
  dw 00A80h
  dw 00A7Fh
  dw 00A80h
  dw 00A80h
  dw 00980h
  dw 0097Fh
  dw 00A80h
  dw 00A80h
  dw 00B80h
  dw 00B80h
  dw 00B80h
  dw 00B80h
  dw 00C80h
  dw 00D80h
  dw 00D80h
  dw 00E80h
  dw 00E80h
  dw 00F80h
  dw 00F80h
  dw 00F81h
  dw 00506h
  dw 0097Ah
  dw 00507h
  dw 00879h
  dw 00507h
  dw 00878h
  dw 00609h
  dw 00777h
  dw 0060Ah
  dw 00776h
  dw 0060Bh
  dw 00675h
  dw 0060Bh
  dw 00675h
  dw 0060Ch
  dw 00673h
  dw 0060Dh
  dw 00673h
  dw 0060Dh
  dw 00673h
  dw 0060Dh
  dw 00773h
  dw 0060Dh
  dw 00773h
  dw 0050Eh
  dw 00672h
  dw 0050Eh
  dw 00672h
  dw 0050Fh
  dw 00572h
  dw 0030Eh
  dw 00572h
  dw 0030Fh
  dw 00471h
  dw 0030Fh
  dw 00471h
  dw 00211h
  dw 0036Eh
  dw 00312h
  dw 0036Eh
  dw 00312h
  dw 0046Eh
  dw 00312h
  dw 0056Eh
  dw 00312h
  dw 0066Eh
  dw 00312h
  dw 0066Eh
  dw 00313h
  dw 00500h

ryuPage2frame014:
  db 03Ch,043h,072h,040h
  db 09Ah
  dw base+0278Dh
  dw 0017Fh
  dw 0037Fh
  dw 00580h
  dw 0067Fh
  dw 0077Eh
  dw 0097Fh
  dw 00A0Fh
  dw 00171h
  dw 00A0Eh
  dw 00271h
  dw 00B0Fh
  dw 00271h
  dw 0090Fh
  dw 00271h
  dw 0090Fh
  dw 00271h
  dw 00A0Bh
  dw 00204h
  dw 00271h
  dw 01180h
  dw 01180h
  dw 01180h
  dw 01180h
  dw 01080h
  dw 00E80h
  dw 00F80h
  dw 01080h
  dw 01080h
  dw 01180h
  dw 0090Ah
  dw 00776h
  dw 0090Eh
  dw 00372h
  dw 0090Eh
  dw 00372h
  dw 0090Eh
  dw 00272h
  dw 0090Eh
  dw 00372h
  dw 0090Eh
  dw 00371h
  dw 00A0Fh
  dw 00370h
  dw 00A11h
  dw 0016Fh
  dw 00A7Fh
  dw 00A80h
  dw 00B80h
  dw 00C80h
  dw 00D7Fh
  dw 00F80h
  dw 01080h
  dw 0117Fh
  dw 01280h
  dw 01380h
  dw 01380h
  dw 0137Fh
  dw 01480h
  dw 0147Fh
  dw 0080Ah
  dw 00B75h
  dw 0080Bh
  dw 00102h
  dw 00873h
  dw 0080Bh
  dw 00104h
  dw 00670h
  dw 0080Ch
  dw 00105h
  dw 0056Fh
  dw 00811h
  dw 0056Fh
  dw 00711h
  dw 0056Eh
  dw 00812h
  dw 0056Eh
  dw 00712h
  dw 0056Eh
  dw 00712h
  dw 0056Ch
  dw 00814h
  dw 0056Bh
  dw 00915h
  dw 0056Bh
  dw 00815h
  dw 0036Bh
  dw 00816h
  dw 0026Ah
  dw 00715h
  dw 0036Bh
  dw 00715h
  dw 0036Bh
  dw 00615h
  dw 0036Bh
  dw 00315h
  dw 0026Bh
  dw 00315h
  dw 0026Bh
  dw 00314h
  dw 0046Ch
  dw 00314h
  dw 0056Ch
  dw 00414h
  dw 0076Ch
  dw 00415h
  dw 0066Bh
  dw 00317h
  dw 00400h

ryuPage2frame015:
  db 020h,018h,070h,051h
  db 07Eh
  dw base+02AD5h
  dw 0047Eh
  dw 0087Fh
  dw 00A81h
  dw 0097Eh
  dw 00C7Dh
  dw 00102h
  dw 00D7Fh
  dw 00102h
  dw 00D7Dh
  dw 01083h
  dw 00D7Dh
  dw 00102h
  dw 00E7Fh
  dw 00F81h
  dw 00E7Eh
  dw 01081h
  dw 00F7Fh
  dw 01081h
  dw 00F81h
  dw 00E82h
  dw 00C7Ch
  dw 00102h
  dw 00D81h
  dw 00C82h
  dw 00981h
  dw 00881h
  dw 00681h
  dw 00300h

ryuPage2frame016:
  db 020h,018h,070h,057h
  db 080h
  dw base+02BF1h
  dw 0037Dh
  dw 00781h
  dw 0077Eh
  dw 00A81h
  dw 00A7Fh
  dw 00B7Eh
  dw 00D81h
  dw 00D7Eh
  dw 00F81h
  dw 00E7Fh
  dw 00F7Fh
  dw 01081h
  dw 00F81h
  dw 00E7Fh
  dw 00F80h
  dw 00F81h
  dw 00E81h
  dw 00C7Fh
  dw 00D82h
  dw 00B80h
  dw 00B82h
  dw 00881h
  dw 00682h
  dw 00200h

ryuPage2frame017:
  db 028h,02Bh,066h,050h
  db 082h
  dw base+02CFFh
  dw 00180h
  dw 00181h
  dw 00180h
  dw 00180h
  dw 0027Ch
  dw 00103h
  dw 0037Dh
  dw 00103h
  dw 0047Eh
  dw 00680h
  dw 00680h
  dw 00305h
  dw 0027Bh
  dw 00206h
  dw 00179h
  dw 00307h
  dw 00177h
  dw 00102h
  dw 00204h
  dw 00203h
  dw 00178h
  dw 00305h
  dw 0027Bh
  dw 00205h
  dw 0027Ch
  dw 00103h
  dw 00405h
  dw 00178h
  dw 00203h
  dw 00405h
  dw 00179h
  dw 00102h
  dw 00405h
  dw 0016Fh
  dw 00407h
  dw 00305h
  dw 00405h
  dw 0016Dh
  dw 0080Ah
  dw 00204h
  dw 00405h
  dw 0016Fh
  dw 00407h
  dw 00405h
  dw 00405h
  dw 00177h
  dw 00204h
  dw 00405h
  dw 00178h
  dw 00103h
  dw 00480h
  dw 0047Eh
  dw 00103h
  dw 00280h
  dw 0027Dh
  dw 00103h
  dw 00203h
  dw 0017Ah
  dw 00206h
  dw 0017Ah
  dw 00204h
  dw 00102h
  dw 0017Ah
  dw 00104h
  dw 0027Ch
  dw 00103h
  dw 0037Ch
  dw 00102h
  dw 0057Eh
  dw 00102h
  dw 00480h
  dw 00102h
  dw 00280h
  dw 00180h
  dw 0017Fh
  dw 00180h
  dw 00100h

ryuPage2frame018:
  db 036h,05Ah,072h,025h
  db 084h
  dw base+02DA9h
  dw 0017Fh
  dw 00180h
  dw 00102h
  dw 0017Dh
  dw 00102h
  dw 0017Eh
  dw 00102h
  dw 0017Eh
  dw 00102h
  dw 0027Eh
  dw 00480h
  dw 00580h
  dw 00680h
  dw 00580h
  dw 00680h
  dw 0057Eh
  dw 0077Fh
  dw 00780h
  dw 00780h
  dw 0077Fh
  dw 0077Fh
  dw 00880h
  dw 00880h
  dw 00A7Fh
  dw 00C80h
  dw 00D80h
  dw 00D7Fh
  dw 00F80h
  dw 00F80h
  dw 00F80h
  dw 00F80h
  dw 00F80h
  dw 00F81h
  dw 00A0Bh
  dw 00375h
  dw 00A0Ch
  dw 00175h
  dw 00980h
  dw 00980h
  dw 00980h
  dw 00980h
  dw 00880h
  dw 00F80h
  dw 01018h
  dw 00168h
  dw 01118h
  dw 00167h
  dw 01418h
  dw 00268h
  dw 01518h
  dw 00267h
  dw 01618h
  dw 00369h
  dw 01980h
  dw 01981h
  dw 01881h
  dw 01680h
  dw 01681h
  dw 0090Bh
  dw 00507h
  dw 0036Eh
  dw 0080Ch
  dw 00407h
  dw 0026Dh
  dw 0060Eh
  dw 00206h
  dw 0016Ch
  dw 00680h
  dw 00680h
  dw 00680h
  dw 00680h
  dw 00681h
  dw 00580h
  dw 00580h
  dw 00580h
  dw 00580h
  dw 00580h
  dw 00580h
  dw 00580h
  dw 00580h
  dw 00580h
  dw 00580h
  dw 0057Fh
  dw 00580h
  dw 00580h
  dw 00580h
  dw 00580h
  dw 00580h
  dw 00580h
  dw 00580h
  dw 00580h
  dw 00380h
  dw 00280h
  dw 0027Fh
  dw 00380h
  dw 00380h
  dw 00381h
  dw 00280h
  dw 00280h
  dw 00280h
  dw 00280h
  dw 00280h
  dw 00280h
  dw 00280h
  dw 00280h
  dw 00280h
  dw 00100h

ryuPage2frame019:
  db 022h,054h,06Eh,029h
  db 076h
  dw base+0308Ah
  dw 00280h
  dw 00582h
  dw 00480h
  dw 00580h
  dw 00580h
  dw 00480h
  dw 00480h
  dw 0047Fh
  dw 00580h
  dw 00680h
  dw 0087Fh
  dw 00A80h
  dw 00A7Fh
  dw 00C80h
  dw 00C7Fh
  dw 00D7Fh
  dw 00E80h
  dw 00E80h
  dw 00E7Fh
  dw 00F80h
  dw 00F80h
  dw 00E80h
  dw 00E80h
  dw 00E80h
  dw 00E80h
  dw 00E81h
  dw 00D80h
  dw 00102h
  dw 00A80h
  dw 00A81h
  dw 00980h
  dw 00981h
  dw 00880h
  dw 00780h
  dw 0077Eh
  dw 00980h
  dw 0097Fh
  dw 00A0Ch
  dw 00174h
  dw 00E81h
  dw 00D81h
  dw 00D81h
  dw 00B80h
  dw 00B80h
  dw 00B80h
  dw 00A80h
  dw 00981h
  dw 00880h
  dw 00881h
  dw 00781h
  dw 00681h
  dw 00680h
  dw 00680h
  dw 00681h
  dw 00580h
  dw 00680h
  dw 00680h
  dw 00680h
  dw 00680h
  dw 00680h
  dw 00680h
  dw 00680h
  dw 00580h
  dw 00580h
  dw 00580h
  dw 00580h
  dw 00580h
  dw 00580h
  dw 00580h
  dw 00581h
  dw 00480h
  dw 00380h
  dw 00280h
  dw 0027Fh
  dw 00380h
  dw 00380h
  dw 00380h
  dw 00380h
  dw 00380h
  dw 00381h
  dw 00280h
  dw 00380h
  dw 00481h
  dw 00380h
  dw 00381h
  dw 00100h

ryuPage2frame020:
  db 036h,04Fh,056h,02Bh
  db 076h
  dw base+032FBh
  dw 0027Fh
  dw 0047Fh
  dw 00580h
  dw 00580h
  dw 00581h
  dw 00580h
  dw 00580h
  dw 00680h
  dw 00481h
  dw 0057Fh
  dw 00780h
  dw 0087Fh
  dw 00980h
  dw 00A7Fh
  dw 00B80h
  dw 00C7Fh
  dw 00D80h
  dw 00D80h
  dw 00E80h
  dw 00E80h
  dw 00E81h
  dw 00D82h
  dw 00B80h
  dw 00B80h
  dw 00B80h
  dw 00B80h
  dw 00A80h
  dw 00A81h
  dw 00880h
  dw 00881h
  dw 00670h
  dw 0010Eh
  dw 00872h
  dw 00108h
  dw 00F77h
  dw 00306h
  dw 0137Ah
  dw 00405h
  dw 0157Bh
  dw 01B80h
  dw 01B81h
  dw 01981h
  dw 01781h
  dw 01581h
  dw 00102h
  dw 01281h
  dw 01180h
  dw 00306h
  dw 00A84h
  dw 00680h
  dw 00680h
  dw 00680h
  dw 00580h
  dw 00580h
  dw 00580h
  dw 00580h
  dw 00580h
  dw 00580h
  dw 00580h
  dw 00580h
  dw 00580h
  dw 00580h
  dw 00580h
  dw 00580h
  dw 00580h
  dw 00581h
  dw 00480h
  dw 00480h
  dw 00481h
  dw 00381h
  dw 00280h
  dw 00381h
  dw 00280h
  dw 00280h
  dw 00280h
  dw 00280h
  dw 00280h
  dw 00280h
  dw 0027Fh
  dw 00380h
  dw 00380h
  dw 0037Fh
  dw 00480h
  dw 00381h
  dw 00200h

ryuPage2frame021:
  db 020h,050h,070h,02Bh
  db 07Eh
  dw base+03589h
  dw 00580h
  dw 0057Fh
  dw 00480h
  dw 00480h
  dw 00480h
  dw 00480h
  dw 00480h
  dw 00680h
  dw 00780h
  dw 0077Fh
  dw 00880h
  dw 0087Fh
  dw 00A7Fh
  dw 00C80h
  dw 00C7Fh
  dw 00D80h
  dw 00E80h
  dw 00E80h
  dw 00E80h
  dw 00E80h
  dw 00E80h
  dw 00B0Ch
  dw 00274h
  dw 00B81h
  dw 00A80h
  dw 00A80h
  dw 00A80h
  dw 00A81h
  dw 00880h
  dw 00880h
  dw 00881h
  dw 0067Ch
  dw 00104h
  dw 0077Bh
  dw 00206h
  dw 0077Ah
  dw 00306h
  dw 0087Ah
  dw 00F81h
  dw 00E81h
  dw 00C80h
  dw 00B81h
  dw 00980h
  dw 00980h
  dw 00980h
  dw 00881h
  dw 00780h
  dw 0067Fh
  dw 00780h
  dw 00680h
  dw 00680h
  dw 0057Fh
  dw 00680h
  dw 00580h
  dw 00580h
  dw 00580h
  dw 00580h
  dw 00580h
  dw 00580h
  dw 00580h
  dw 00580h
  dw 00580h
  dw 00580h
  dw 00580h
  dw 00580h
  dw 00580h
  dw 00580h
  dw 00582h
  dw 00380h
  dw 00380h
  dw 00380h
  dw 00380h
  dw 00380h
  dw 00380h
  dw 00380h
  dw 00380h
  dw 0027Fh
  dw 00380h
  dw 00380h
  dw 00380h
  dw 00380h
  dw 00281h
  dw 00180h
  dw 00100h

ryuPage2frame022:
  db 024h,06Ch,070h,01Ah
  db 084h
  dw base+037B1h
  dw 00180h
  dw 0027Fh
  dw 00380h
  dw 00380h
  dw 00380h
  dw 00380h
  dw 00380h
  dw 00381h
  dw 00280h
  dw 00380h
  dw 00380h
  dw 00380h
  dw 00380h
  dw 00381h
  dw 00380h
  dw 00380h
  dw 00380h
  dw 00380h
  dw 00380h
  dw 00380h
  dw 00380h
  dw 00380h
  dw 0037Dh
  dw 00203h
  dw 0037Ch
  dw 00780h
  dw 00780h
  dw 00780h
  dw 00780h
  dw 00780h
  dw 00780h
  dw 00780h
  dw 00780h
  dw 00781h
  dw 00680h
  dw 0067Fh
  dw 00780h
  dw 0077Fh
  dw 00880h
  dw 0087Bh
  dw 00104h
  dw 0097Ch
  dw 00103h
  dw 00A7Ch
  dw 00E80h
  dw 00E80h
  dw 00E80h
  dw 00E80h
  dw 00203h
  dw 00B7Eh
  dw 00102h
  dw 00B7Eh
  dw 00D80h
  dw 00D80h
  dw 00D80h
  dw 00D80h
  dw 00D80h
  dw 00C80h
  dw 00C80h
  dw 00D80h
  dw 00405h
  dw 0087Bh
  dw 00305h
  dw 0097Bh
  dw 00205h
  dw 00980h
  dw 00980h
  dw 00A80h
  dw 00A80h
  dw 00B80h
  dw 00B80h
  dw 00C80h
  dw 00C80h
  dw 00C7Fh
  dw 00D80h
  dw 00D80h
  dw 00607h
  dw 00679h
  dw 00506h
  dw 0067Ah
  dw 00C80h
  dw 00C80h
  dw 00B80h
  dw 00B80h
  dw 00B80h
  dw 00A80h
  dw 00A80h
  dw 00A80h
  dw 00980h
  dw 0097Fh
  dw 00880h
  dw 00880h
  dw 00880h
  dw 00880h
  dw 00880h
  dw 00506h
  dw 0017Ah
  dw 00580h
  dw 00580h
  dw 00580h
  dw 00580h
  dw 00580h
  dw 00581h
  dw 00480h
  dw 00480h
  dw 00480h
  dw 00380h
  dw 00380h
  dw 00380h
  dw 00380h
  dw 00280h
  dw 00280h
  dw 00280h
  dw 00280h
  dw 00280h
  dw 00280h
  dw 00280h
  dw 00280h
  dw 00200h

ryuPage2frame023:
  db 01Ah,064h,06Eh,022h
  db 06Eh
  dw base+03AB6h
  dw 00280h
  dw 00380h
  dw 00380h
  dw 00380h
  dw 00280h
  dw 00280h
  dw 00280h
  dw 00280h
  dw 00280h
  dw 00280h
  dw 00380h
  dw 00380h
  dw 00380h
  dw 00380h
  dw 00380h
  dw 00306h
  dw 0027Ah
  dw 00305h
  dw 0037Bh
  dw 00304h
  dw 0067Ch
  dw 00304h
  dw 0067Ch
  dw 00A80h
  dw 00980h
  dw 00980h
  dw 00981h
  dw 00880h
  dw 00880h
  dw 00881h
  dw 00780h
  dw 00880h
  dw 00880h
  dw 00880h
  dw 00880h
  dw 00980h
  dw 00980h
  dw 00980h
  dw 00980h
  dw 00A80h
  dw 00A80h
  dw 00A80h
  dw 00A80h
  dw 00A80h
  dw 00A80h
  dw 00A80h
  dw 00981h
  dw 00881h
  dw 0077Eh
  dw 00980h
  dw 00980h
  dw 00980h
  dw 00980h
  dw 00980h
  dw 00980h
  dw 00981h
  dw 00880h
  dw 00880h
  dw 0087Fh
  dw 00980h
  dw 00980h
  dw 0097Fh
  dw 00A80h
  dw 00A80h
  dw 00A7Fh
  dw 00B80h
  dw 00B80h
  dw 00B80h
  dw 00B80h
  dw 00506h
  dw 0057Ah
  dw 00506h
  dw 0057Ah
  dw 00406h
  dw 0057Ah
  dw 00406h
  dw 0057Ah
  dw 00407h
  dw 00579h
  dw 00507h
  dw 00579h
  dw 00507h
  dw 0057Ah
  dw 00406h
  dw 0057Ah
  dw 00506h
  dw 0057Ah
  dw 00506h
  dw 0057Ah
  dw 00506h
  dw 0057Ah
  dw 00506h
  dw 0057Bh
  dw 00405h
  dw 0057Bh
  dw 00405h
  dw 0067Bh
  dw 00506h
  dw 0057Ah
  dw 00506h
  dw 0057Bh
  dw 00405h
  dw 0057Ch
  dw 00204h
  dw 0057Ch
  dw 00204h
  dw 0057Ch
  dw 00204h
  dw 0057Ch
  dw 00205h
  dw 0047Ah
  dw 00306h
  dw 0047Ah
  dw 00306h
  dw 0047Ah
  dw 00306h
  dw 0047Ah
  dw 00306h
  dw 0047Ah
  dw 00308h
  dw 00279h
  dw 00207h
  dw 00279h
  dw 00107h
  dw 00280h
  dw 0027Fh
  dw 00380h
  dw 0037Fh
  dw 00480h
  dw 00480h
  dw 00382h
  dw 00100h


