  dw ryuPage4frame000
  dw ryuPage4frame001
  dw ryuPage4frame002
  dw ryuPage4frame003
  dw ryuPage4frame004
  dw ryuPage4frame005
  dw ryuPage4frame006
  dw ryuPage4frame007
  dw ryuPage4frame008
  dw ryuPage4frame009
  dw ryuPage4frame010
  dw ryuPage4frame011
  dw ryuPage4frame012
  dw ryuPage4frame013
  dw ryuPage4frame014
  dw ryuPage4frame015
  dw ryuPage4frame016
  dw ryuPage4frame017
  dw ryuPage4frame018
  dw ryuPage4frame019
  dw ryuPage4frame020
  dw ryuPage4frame021
  dw ryuPage4frame022
  dw ryuPage4frame023
  dw ryuPage4frame024
  dw ryuPage4frame025
  dw ryuPage4frame026
  dw ryuPage4frame027
  dw ryuPage4frame028
  dw ryuPage4frame029

ryuPage4frame000:
  db 044h,020h,062h,028h
  db 090h
  db 000h,000h,0D8h,000h,000h
  db 000h,000h
  dw 00280h,base+00110h
  dw 00280h,base+00110h
  dw 00280h,base+00165h
  dw 00280h,base+00165h
  dw 00280h,base+00165h
  dw 00279h,base+00110h
  dw 00408h,base+0013Fh
  dw 00278h,base+00113h
  dw 00508h,base+0013Fh
  dw 00377h,base+00153h
  dw 0070Ah,base+00110h
  dw 00276h,base+00115h
  dw 00104h,base+00111h
  dw 00306h,base+00153h
  dw 00276h,base+00110h
  dw 00105h,base+00111h
  dw 00205h,base+00115h
  dw 00276h,base+00110h
  dw 00105h,base+00111h
  dw 00205h,base+00165h
  dw 00276h,base+00110h
  dw 00206h,base+00165h
  dw 00105h,base+00116h
  dw 0026Dh,base+00115h
  dw 00113h,base+00111h
  dw 0026Dh,base+00115h
  dw 00313h,base+00153h
  dw 00268h,base+00115h
  dw 00106h,base+00111h
  dw 0030Ah,base+00153h
  dw 00108h,base+00000h
  dw 00267h,base+00115h
  dw 00307h,base+00113h
  dw 00309h,base+00153h
  dw 00308h,base+00000h
  dw 00267h,base+00110h
  dw 00409h,base+00153h
  dw 00208h,base+00115h
  dw 00308h,base+00000h
  dw 00267h,base+00165h
  dw 00209h,base+00113h
  dw 00208h,base+00115h
  dw 00408h,base+00000h
  dw 00267h,base+00115h
  dw 00209h,base+00113h
  dw 00208h,base+00115h
  dw 00408h,base+00000h
  dw 00267h,base+00115h
  dw 00209h,base+00113h
  dw 00107h,base+00111h
  dw 00570h,base+00144h
  dw 00208h,base+00113h
  dw 00208h,base+00113h
  dw 00570h,base+00000h
  dw 00207h,base+00113h
  dw 00309h,base+00153h
  dw 00670h,base+00000h
  dw 00306h,base+00153h
  dw 0030Ah,base+00112h
  dw 00670h,base+00000h
  dw 00306h,base+00153h
  dw 00209h,base+00110h
  dw 00772h,base+00000h
  dw 00205h,base+00115h
  dw 00209h,base+00165h
  dw 00772h,base+00000h
  dw 00205h,base+00110h
  dw 00209h,base+00165h
  dw 00773h,base+00000h
  dw 00205h,base+00115h
  dw 00107h,base+00116h
  dw 00974h,base+00000h
  dw 00205h,base+00110h
  dw 00106h,base+00111h
  dw 00A76h,base+00000h
  dw 00208h,base+00110h
  dw 00D7Fh,base+00000h
  dw 00F15h,base+00000h
  dw 0026Ah,base+00113h
  dw 01217h,base+00000h
  dw 00200h,base+00115h

ryuPage4frame001:
  db 072h,020h,054h,048h
  db 074h
  db 000h,000h,0B8h,000h,000h
  db 000h,000h
  dw 01218h,base+00000h
  dw 00168h,base+00111h
  dw 01218h,base+00000h
  dw 00168h,base+00111h
  dw 01218h,base+00000h
  dw 00160h,base+00111h
  dw 00208h,base+00113h
  dw 01218h,base+00000h
  dw 0025Fh,base+00113h
  dw 00309h,base+00113h
  dw 01318h,base+00000h
  dw 0025Fh,base+00113h
  dw 00103h,base+00111h
  dw 00106h,base+00111h
  dw 01319h,base+00000h
  dw 0015Eh,base+00111h
  dw 00108h,base+00111h
  dw 0141Ah,base+00000h
  dw 0015Eh,base+00111h
  dw 00108h,base+00111h
  dw 0141Ah,base+00000h
  dw 0015Dh,base+00111h
  dw 00209h,base+00113h
  dw 01577h,base+00000h
  dw 00109h,base+00111h
  dw 01519h,base+00000h
  dw 00167h,base+00111h
  dw 01519h,base+00000h
  dw 00167h,base+00111h
  dw 01011h,base+00000h
  dw 00508h,base+00000h
  dw 00167h,base+00111h
  dw 01011h,base+00000h
  dw 00508h,base+00000h
  dw 0015Fh,base+00111h
  dw 00108h,base+00111h
  dw 00F12h,base+00000h
  dw 0046Eh,base+00000h
  dw 00F12h,base+00000h
  dw 0046Eh,base+00000h
  dw 00405h,base+00000h
  dw 00A0Dh,base+00000h
  dw 0046Eh,base+00000h
  dw 00306h,base+00000h
  dw 0090Dh,base+00000h
  dw 0046Dh,base+00000h
  dw 00306h,base+00000h
  dw 0090Dh,base+00000h
  dw 0046Dh,base+00000h
  dw 00306h,base+00000h
  dw 0090Dh,base+00000h
  dw 0046Ch,base+00000h
  dw 00408h,base+00000h
  dw 0070Dh,base+00000h
  dw 0046Ah,base+00000h
  dw 00409h,base+00000h
  dw 0070Dh,base+00000h
  dw 00465h,base+00000h
  dw 00105h,base+00000h
  dw 00409h,base+00000h
  dw 0070Dh,base+00000h
  dw 0055Fh,base+00000h
  dw 00106h,base+00000h
  dw 00104h,base+00000h
  dw 0050Bh,base+00000h
  dw 0060Ch,base+00000h
  dw 0065Fh,base+00000h
  dw 00105h,base+00000h
  dw 00205h,base+00000h
  dw 0050Bh,base+00000h
  dw 0060Dh,base+00000h
  dw 0055Eh,base+00000h
  dw 00105h,base+00000h
  dw 00105h,base+00000h
  dw 0040Bh,base+00000h
  dw 0070Dh,base+00000h
  dw 0065Eh,base+00000h
  dw 00205h,base+00000h
  dw 00105h,base+00000h
  dw 0040Bh,base+00000h
  dw 0070Eh,base+00000h
  dw 0060Dh,base+00000h
  dw 0014Eh,base+00023h
  dw 00103h,base+00000h
  dw 00103h,base+00000h
  dw 00205h,base+00000h
  dw 0040Ah,base+00000h
  dw 00A10h,base+00000h
  dw 0080Dh,base+000F8h
  dw 0034Eh,base+00023h
  dw 00103h,base+00000h
  dw 00607h,base+00000h
  dw 0040Bh,base+00000h
  dw 00A12h,base+00000h
  dw 0070Bh,base+00117h
  dw 0034Eh,base+0015Fh
  dw 00204h,base+00000h
  dw 00910h,base+00000h
  dw 00C14h,base+00000h
  dw 00609h,base+00133h
  dw 0064Fh,base+00139h
  dw 00204h,base+00000h
  dw 00810h,base+00000h
  dw 00C15h,base+00000h
  dw 00508h,base+00056h
  dw 00750h,base+0011Eh
  dw 00204h,base+00000h
  dw 0060Eh,base+00000h
  dw 00E18h,base+00000h
  dw 00306h,base+00057h
  dw 00750h,base+00125h
  dw 00A11h,base+00000h
  dw 00F19h,base+00000h
  dw 00405h,base+00021h
  dw 00900h,base+000DDh

ryuPage4frame002:
  db 07Ch,01Fh,058h,068h
  db 058h
  db 000h,000h,098h,000h,000h
  db 000h,000h
  dw 00810h,base+00000h
  dw 00F1Ah,base+00000h
  dw 00E5Ah,base+0005Eh
  dw 0020Bh,base+00000h
  dw 0111Bh,base+00000h
  dw 00103h,base+00000h
  dw 00C62h,base+0006Ch
  dw 0111Fh,base+00000h
  dw 00C60h,base+00078h
  dw 00A0Bh,base+00000h
  dw 00716h,base+00000h
  dw 00C5Fh,base+00084h
  dw 0080Dh,base+00000h
  dw 00615h,base+00000h
  dw 00B5Dh,base+000B4h
  dw 0080Eh,base+00000h
  dw 00615h,base+00000h
  dw 00C5Dh,base+00090h
  dw 0080Eh,base+00000h
  dw 00617h,base+00000h
  dw 00A5Ah,base+000BFh
  dw 00810h,base+00000h
  dw 00617h,base+00000h
  dw 00A59h,base+000C9h
  dw 00710h,base+00000h
  dw 00617h,base+00000h
  dw 00A58h,base+00079h
  dw 00812h,base+00000h
  dw 00517h,base+00000h
  dw 00A57h,base+0006Dh
  dw 00713h,base+00000h
  dw 00417h,base+00000h
  dw 00956h,base+000E6h
  dw 00713h,base+00000h
  dw 00518h,base+00000h
  dw 00855h,base+0006Eh
  dw 00613h,base+00000h
  dw 00519h,base+00000h
  dw 00754h,base+0012Ch
  dw 00513h,base+00000h
  dw 00519h,base+00000h
  dw 00754h,base+000DAh
  dw 00413h,base+00000h
  dw 0061Ah,base+00000h
  dw 00553h,base+00093h
  dw 00413h,base+00000h
  dw 0061Bh,base+00000h
  dw 00452h,base+0006Fh
  dw 00414h,base+00000h
  dw 0051Ah,base+00000h
  dw 00452h,base+00086h
  dw 00514h,base+00000h
  dw 0051Bh,base+00000h
  dw 00351h,base+0006Fh
  dw 00514h,base+00000h
  dw 0051Bh,base+00000h
  dw 00252h,base+00029h
  dw 00414h,base+00000h
  dw 0041Bh,base+00000h
  dw 00151h,base+00029h
  dw 00414h,base+00000h
  dw 0046Ch,base+00000h
  dw 00415h,base+00000h
  dw 0036Bh,base+00000h
  dw 00415h,base+00000h
  dw 0046Ch,base+00000h
  dw 00414h,base+00000h
  dw 0046Ch,base+00000h
  dw 00415h,base+00000h
  dw 0036Bh,base+00000h
  dw 00415h,base+00000h
  dw 0046Bh,base+00000h
  dw 00415h,base+00000h
  dw 0046Ah,base+00000h
  dw 00516h,base+00000h
  dw 00468h,base+00000h
  dw 00718h,base+00000h
  dw 00467h,base+00000h
  dw 00819h,base+00000h
  dw 00467h,base+00000h
  dw 00618h,base+00000h
  dw 00400h,base+00000h

ryuPage4frame003:
  db 04Ch,020h,05Eh,028h
  db 096h
  db 000h,000h,0D8h,000h,000h
  db 000h,000h
  dw 00280h,base+00113h
  dw 00381h,base+00153h
  dw 00275h,base+00113h
  dw 0040Bh,base+00112h
  dw 00275h,base+00110h
  dw 00203h,base+00113h
  dw 00208h,base+00115h
  dw 0026Ch,base+00110h
  dw 00208h,base+00023h
  dw 00204h,base+00110h
  dw 00209h,base+00165h
  dw 0016Ah,base+00111h
  dw 00409h,base+00157h
  dw 00105h,base+00111h
  dw 00108h,base+00111h
  dw 0016Ah,base+00111h
  dw 00409h,base+0014Fh
  dw 0010Dh,base+00111h
  dw 0016Ah,base+00111h
  dw 00103h,base+00023h
  dw 00106h,base+00023h
  dw 0010Dh,base+00110h
  dw 0016Ah,base+00111h
  dw 00103h,base+00023h
  dw 00112h,base+00149h
  dw 0026Bh,base+00115h
  dw 00103h,base+00149h
  dw 00176h,base+00149h
  dw 0040Ah,base+00157h
  dw 00176h,base+00023h
  dw 0047Fh,base+00023h
  dw 00580h,base+00149h
  dw 00580h,base+0014Eh
  dw 00204h,base+00149h
  dw 0017Dh,base+00149h
  dw 00280h,base+0014Fh
  dw 00280h,base+0014Fh
  dw 00213h,base+00149h
  dw 0016Eh,base+00000h
  dw 00112h,base+00023h
  dw 0016Eh,base+00000h
  dw 00212h,base+00167h
  dw 0016Fh,base+00000h
  dw 00111h,base+00023h
  dw 0016Fh,base+00000h
  dw 00210h,base+00023h
  dw 00305h,base+00000h
  dw 0036Ch,base+00149h
  dw 0010Fh,base+00023h
  dw 00305h,base+00000h
  dw 0047Bh,base+00023h
  dw 00307h,base+00000h
  dw 00279h,base+00149h
  dw 00407h,base+00000h
  dw 00207h,base+00149h
  dw 00372h,base+00149h
  dw 00408h,base+00000h
  dw 00106h,base+00023h
  dw 00471h,base+0015Bh
  dw 00509h,base+00000h
  dw 00106h,base+00023h
  dw 00102h,base+00150h
  dw 0026Fh,base+00023h
  dw 00609h,base+00000h
  dw 00108h,base+00149h
  dw 0036Eh,base+0014Eh
  dw 00713h,base+00000h
  dw 0026Ch,base+0014Fh
  dw 00814h,base+00100h
  dw 0026Ah,base+00167h
  dw 00B16h,base+00000h
  dw 00200h,base+00167h

ryuPage4frame004:
  db 06Eh,020h,058h,048h
  db 078h
  db 000h,000h,0B8h,000h,000h
  db 000h,000h
  dw 00F80h,base+00000h
  dw 00F74h,base+00000h
  dw 0010Ch,base+00023h
  dw 00F17h,base+00000h
  dw 0015Dh,base+00023h
  dw 0010Bh,base+00023h
  dw 01018h,base+00000h
  dw 00168h,base+00023h
  dw 01075h,base+00000h
  dw 0010Bh,base+00023h
  dw 01175h,base+00000h
  dw 00102h,base+00023h
  dw 00109h,base+00023h
  dw 01175h,base+00000h
  dw 0030Bh,base+00023h
  dw 00E0Fh,base+00000h
  dw 00267h,base+00000h
  dw 0020Ah,base+00023h
  dw 00E0Fh,base+00000h
  dw 00371h,base+00000h
  dw 00D10h,base+00000h
  dw 0026Fh,base+00000h
  dw 00304h,base+00000h
  dw 00A0Dh,base+00000h
  dw 0026Fh,base+00000h
  dw 00304h,base+00000h
  dw 00A0Dh,base+00000h
  dw 0036Fh,base+00000h
  dw 00305h,base+00000h
  dw 0090Ch,base+00000h
  dw 0036Fh,base+00000h
  dw 00205h,base+00000h
  dw 0080Dh,base+00000h
  dw 0026Eh,base+00000h
  dw 00205h,base+00000h
  dw 0080Dh,base+00000h
  dw 0026Eh,base+00000h
  dw 00205h,base+00000h
  dw 0080Dh,base+00000h
  dw 0036Eh,base+00000h
  dw 00206h,base+00000h
  dw 0070Dh,base+00000h
  dw 0026Dh,base+00000h
  dw 00106h,base+00000h
  dw 0070Dh,base+00000h
  dw 0026Ch,base+00000h
  dw 00208h,base+00000h
  dw 0060Dh,base+00000h
  dw 0016Bh,base+00000h
  dw 00208h,base+00000h
  dw 0050Dh,base+00000h
  dw 00264h,base+00000h
  dw 00106h,base+00000h
  dw 00309h,base+00000h
  dw 0050Eh,base+00000h
  dw 00163h,base+00000h
  dw 00106h,base+00000h
  dw 00209h,base+00000h
  dw 0050Eh,base+00000h
  dw 00269h,base+00000h
  dw 0020Ah,base+00000h
  dw 0030Dh,base+00000h
  dw 00263h,base+00000h
  dw 00105h,base+00000h
  dw 0030Bh,base+00000h
  dw 0030Dh,base+00000h
  dw 00463h,base+00000h
  dw 00105h,base+00000h
  dw 0030Bh,base+00000h
  dw 0040Eh,base+00000h
  dw 0055Dh,base+00000h
  dw 0010Ah,base+00000h
  dw 0020Bh,base+00000h
  dw 0040Eh,base+00000h
  dw 0060Ch,base+00000h
  dw 00152h,base+00023h
  dw 00108h,base+00000h
  dw 0030Ch,base+00000h
  dw 0050Fh,base+00000h
  dw 0060Bh,base+000FAh
  dw 00352h,base+00023h
  dw 00103h,base+00000h
  dw 00104h,base+00000h
  dw 0030Ch,base+00000h
  dw 00712h,base+00000h
  dw 00309h,base+00119h
  dw 00352h,base+0015Fh
  dw 00203h,base+00000h
  dw 00203h,base+00000h
  dw 0030Dh,base+00000h
  dw 00712h,base+00000h
  dw 00408h,base+00022h
  dw 00651h,base+00139h
  dw 00204h,base+00000h
  dw 00511h,base+00000h
  dw 00713h,base+00000h
  dw 00407h,base+00022h
  dw 00752h,base+0011Eh
  dw 00104h,base+00000h
  dw 0040Fh,base+00000h
  dw 00915h,base+00000h
  dw 00306h,base+00022h
  dw 00752h,base+00125h
  dw 00711h,base+00000h
  dw 00B18h,base+00000h
  dw 00304h,base+00056h
  dw 00900h,base+000DDh

ryuPage4frame005:
  db 076h,01Fh,05Eh,068h
  db 05Eh
  db 000h,000h,098h,000h,000h
  db 000h,000h
  dw 0030Eh,base+00000h
  dw 00405h,base+00000h
  dw 00816h,base+00000h
  dw 00C58h,base+00060h
  dw 0010Dh,base+00000h
  dw 00406h,base+00000h
  dw 00305h,base+00000h
  dw 00211h,base+00000h
  dw 00C63h,base+0006Ch
  dw 0040Ch,base+00000h
  dw 00312h,base+00000h
  dw 00C61h,base+00078h
  dw 0050Eh,base+00000h
  dw 00212h,base+00000h
  dw 00C60h,base+00084h
  dw 0040Eh,base+00000h
  dw 00213h,base+00000h
  dw 00B5Fh,base+000B4h
  dw 0040Eh,base+00000h
  dw 00213h,base+00000h
  dw 00C5Eh,base+00090h
  dw 00410h,base+00000h
  dw 00214h,base+00000h
  dw 00A5Ch,base+000BFh
  dw 00410h,base+00000h
  dw 00215h,base+00000h
  dw 00A5Bh,base+000C9h
  dw 00311h,base+00000h
  dw 00214h,base+00000h
  dw 00A5Ah,base+00079h
  dw 00312h,base+00000h
  dw 00215h,base+00000h
  dw 00A59h,base+0006Dh
  dw 00212h,base+00000h
  dw 00216h,base+00000h
  dw 00957h,base+000E6h
  dw 00313h,base+00000h
  dw 00217h,base+00000h
  dw 00856h,base+0006Eh
  dw 00213h,base+00000h
  dw 00318h,base+00000h
  dw 00755h,base+0012Ch
  dw 00113h,base+00000h
  dw 00318h,base+00000h
  dw 00755h,base+000DAh
  dw 00214h,base+00000h
  dw 00218h,base+00000h
  dw 00554h,base+00093h
  dw 00214h,base+00000h
  dw 00219h,base+00000h
  dw 00453h,base+0006Fh
  dw 00214h,base+00000h
  dw 00219h,base+00000h
  dw 00453h,base+00086h
  dw 00315h,base+00000h
  dw 00119h,base+00000h
  dw 00352h,base+0006Fh
  dw 00315h,base+00000h
  dw 00119h,base+00000h
  dw 00253h,base+00029h
  dw 00214h,base+00000h
  dw 0021Ah,base+00000h
  dw 00153h,base+00029h
  dw 00114h,base+00000h
  dw 0016Ch,base+00000h
  dw 00214h,base+00000h
  dw 0016Ch,base+00000h
  dw 00214h,base+00000h
  dw 0016Ch,base+00000h
  dw 00214h,base+00000h
  dw 0026Ch,base+00000h
  dw 00215h,base+00000h
  dw 0016Bh,base+00000h
  dw 00215h,base+00000h
  dw 0016Ch,base+00000h
  dw 00114h,base+00000h
  dw 0026Ch,base+00000h
  dw 00214h,base+00000h
  dw 0026Ah,base+00000h
  dw 00416h,base+00000h
  dw 00269h,base+00000h
  dw 00517h,base+00000h
  dw 00168h,base+00000h
  dw 00617h,base+00000h
  dw 00200h,base+00000h

ryuPage4frame006:
  db 04Ah,020h,060h,028h
  db 082h
  db 000h,000h,0D8h,000h,000h
  db 000h,000h
  dw 00204h,base+00023h
  dw 0017Ch,base+00023h
  dw 00104h,base+00023h
  dw 0017Ch,base+00023h
  dw 00176h,base+00023h
  dw 00180h,base+00000h
  dw 0027Fh,base+00000h
  dw 0020Bh,base+00000h
  dw 00175h,base+00023h
  dw 00180h,base+00000h
  dw 0017Bh,base+00000h
  dw 0017Fh,base+00023h
  dw 00380h,base+00023h
  dw 00102h,base+00023h
  dw 00180h,base+00023h
  dw 00180h,base+00023h
  dw 00280h,base+00023h
  dw 00280h,base+00023h
  dw 0020Bh,base+00023h
  dw 00175h,base+00023h
  dw 0010Ah,base+00023h
  dw 00276h,base+00023h
  dw 0010Ah,base+00023h
  dw 00180h,base+00023h
  dw 0017Fh,base+00023h
  dw 0010Eh,base+00023h
  dw 00172h,base+00023h
  dw 00118h,base+00023h
  dw 00168h,base+00023h
  dw 0010Fh,base+00023h
  dw 00108h,base+00023h
  dw 00369h,base+00023h
  dw 00108h,base+00023h
  dw 00111h,base+00000h
  dw 00167h,base+00023h
  dw 00108h,base+00023h
  dw 00108h,base+00000h
  dw 00106h,base+00023h
  dw 00103h,base+00023h
  dw 00167h,base+00023h
  dw 00108h,base+00023h
  dw 00108h,base+00000h
  dw 00106h,base+00023h
  dw 0016Ah,base+00023h
  dw 00208h,base+00023h
  dw 00108h,base+00000h
  dw 00106h,base+00023h
  dw 0016Bh,base+00023h
  dw 00206h,base+00023h
  dw 00208h,base+00000h
  dw 00207h,base+00023h
  dw 0016Bh,base+00023h
  dw 00206h,base+00023h
  dw 00308h,base+00000h
  dw 00208h,base+00023h
  dw 0016Ah,base+00023h
  dw 00206h,base+00023h
  dw 00307h,base+00000h
  dw 00279h,base+00023h
  dw 00307h,base+00000h
  dw 00278h,base+00023h
  dw 0046Fh,base+00000h
  dw 00110h,base+00000h
  dw 0067Fh,base+00000h
  dw 00800h,base+00000h

ryuPage4frame007:
  db 062h,020h,058h,048h
  db 060h
  db 000h,000h,0B8h,000h,000h
  db 000h,000h
  dw 0010Eh,base+00000h
  dw 00A7Fh,base+00000h
  dw 00E80h,base+00000h
  dw 00E7Fh,base+00000h
  dw 00F80h,base+00000h
  dw 00F80h,base+00000h
  dw 00C0Dh,base+00000h
  dw 00273h,base+00000h
  dw 00C0Eh,base+00000h
  dw 00271h,base+00000h
  dw 00D10h,base+00000h
  dw 00170h,base+00000h
  dw 00304h,base+00000h
  dw 0090Ch,base+00000h
  dw 00270h,base+00000h
  dw 00204h,base+00000h
  dw 0090Ch,base+00000h
  dw 00270h,base+00000h
  dw 00204h,base+00000h
  dw 0080Dh,base+00000h
  dw 0016Fh,base+00000h
  dw 00204h,base+00000h
  dw 0080Dh,base+00000h
  dw 0026Fh,base+00000h
  dw 00205h,base+00000h
  dw 0070Ch,base+00000h
  dw 0026Fh,base+00000h
  dw 00105h,base+00000h
  dw 0070Ch,base+00000h
  dw 0026Eh,base+00000h
  dw 00207h,base+00000h
  dw 0060Ch,base+00000h
  dw 0016Dh,base+00000h
  dw 00207h,base+00000h
  dw 0060Ch,base+00000h
  dw 0016Dh,base+00000h
  dw 00207h,base+00000h
  dw 0050Ch,base+00000h
  dw 0016Dh,base+00000h
  dw 00107h,base+00000h
  dw 0050Ch,base+00000h
  dw 0026Dh,base+00000h
  dw 00107h,base+00000h
  dw 0050Dh,base+00000h
  dw 0016Ch,base+00000h
  dw 00108h,base+00000h
  dw 0040Ch,base+00000h
  dw 00164h,base+00000h
  dw 00107h,base+00000h
  dw 00209h,base+00000h
  dw 00370h,base+00000h
  dw 00107h,base+00000h
  dw 00109h,base+00000h
  dw 0030Dh,base+00000h
  dw 00169h,base+00000h
  dw 0020Bh,base+00000h
  dw 0020Ch,base+00000h
  dw 00263h,base+00000h
  dw 00106h,base+00000h
  dw 0020Bh,base+00000h
  dw 0020Dh,base+00000h
  dw 00362h,base+00000h
  dw 00105h,base+00000h
  dw 0030Ch,base+00000h
  dw 0020Eh,base+00000h
  dw 0045Ch,base+00000h
  dw 0010Ah,base+00000h
  dw 0020Bh,base+00000h
  dw 00411h,base+00000h
  dw 0035Bh,base+00000h
  dw 00108h,base+00000h
  dw 0030Ch,base+00000h
  dw 00512h,base+00000h
  dw 0035Ah,base+00000h
  dw 00103h,base+00000h
  dw 00104h,base+00000h
  dw 0030Ch,base+00000h
  dw 00614h,base+00000h
  dw 00159h,base+00000h
  dw 00203h,base+00000h
  dw 00203h,base+00000h
  dw 0030Dh,base+00000h
  dw 0066Bh,base+00000h
  dw 00204h,base+00000h
  dw 00511h,base+00000h
  dw 0066Ch,base+00000h
  dw 00104h,base+00000h
  dw 0040Fh,base+00000h
  dw 0086Dh,base+00000h
  dw 00713h,base+00000h
  dw 00607h,base+00000h
  dw 00115h,base+00000h
  dw 00100h,base+00023h

ryuPage4frame008:
  db 076h,01Fh,05Eh,068h
  db 05Eh
  db 000h,000h,098h,000h,000h
  db 000h,000h
  dw 00310h,base+00000h
  dw 00204h,base+00000h
  dw 00204h,base+00000h
  dw 0020Ch,base+00000h
  dw 00109h,base+00023h
  dw 00354h,base+00023h
  dw 0010Eh,base+00000h
  dw 0020Ah,base+00000h
  dw 0010Bh,base+00000h
  dw 00209h,base+00023h
  dw 00361h,base+0015Fh
  dw 0030Bh,base+00000h
  dw 0020Bh,base+00000h
  dw 00408h,base+00022h
  dw 00662h,base+00139h
  dw 0020Ch,base+00000h
  dw 0010Bh,base+00000h
  dw 00407h,base+00022h
  dw 00761h,base+0011Eh
  dw 0030Dh,base+00000h
  dw 0010Ch,base+00000h
  dw 00306h,base+00022h
  dw 00761h,base+00125h
  dw 0030Dh,base+00000h
  dw 0020Dh,base+00000h
  dw 00304h,base+00056h
  dw 00961h,base+000DDh
  dw 0030Fh,base+00000h
  dw 0010Eh,base+00000h
  dw 00C63h,base+00060h
  dw 0030Fh,base+00000h
  dw 0020Fh,base+00000h
  dw 00C62h,base+0006Ch
  dw 00210h,base+00000h
  dw 0010Fh,base+00000h
  dw 00C60h,base+00078h
  dw 00211h,base+00000h
  dw 00110h,base+00000h
  dw 00C5Eh,base+00084h
  dw 00212h,base+00000h
  dw 00111h,base+00000h
  dw 00B5Dh,base+000B4h
  dw 00212h,base+00000h
  dw 00211h,base+00000h
  dw 00C5Ch,base+00090h
  dw 00213h,base+00000h
  dw 00213h,base+00000h
  dw 00A5Ah,base+000BFh
  dw 00113h,base+00000h
  dw 00214h,base+00000h
  dw 00A59h,base+000C9h
  dw 00214h,base+00000h
  dw 00113h,base+00000h
  dw 00A59h,base+00079h
  dw 00214h,base+00000h
  dw 00214h,base+00000h
  dw 00A59h,base+0006Dh
  dw 00113h,base+00000h
  dw 00215h,base+00000h
  dw 00958h,base+000E6h
  dw 00214h,base+00000h
  dw 00115h,base+00000h
  dw 00857h,base+0006Eh
  dw 00214h,base+00000h
  dw 00116h,base+00000h
  dw 00757h,base+0012Ch
  dw 00113h,base+00000h
  dw 00216h,base+00000h
  dw 00757h,base+000DAh
  dw 00114h,base+00000h
  dw 00116h,base+00000h
  dw 00557h,base+00093h
  dw 00113h,base+00000h
  dw 00117h,base+00000h
  dw 00456h,base+0006Fh
  dw 00113h,base+00000h
  dw 00117h,base+00000h
  dw 00456h,base+00086h
  dw 00113h,base+00000h
  dw 00218h,base+00000h
  dw 00355h,base+0006Fh
  dw 00114h,base+00000h
  dw 00117h,base+00000h
  dw 00255h,base+00029h
  dw 00114h,base+00000h
  dw 00118h,base+00000h
  dw 00154h,base+00029h
  dw 00114h,base+00000h
  dw 0026Ch,base+00000h
  dw 00214h,base+00000h
  dw 0026Ah,base+00000h
  dw 00416h,base+00000h
  dw 00269h,base+00000h
  dw 00517h,base+00000h
  dw 00168h,base+00000h
  dw 00617h,base+00000h
  dw 00200h,base+00000h

ryuPage4frame009:
  db 04Ch,020h,062h,028h
  db 06Ah
  db 000h,000h,0D8h,000h,000h
  db 000h,000h
  dw 0017Fh,base+00000h
  dw 00280h,base+00100h
  dw 00381h,base+00162h
  dw 00200h,base+00163h

ryuPage4frame010:
  db 040h,020h,06Ch,048h
  db 086h
  db 000h,000h,0B8h,000h,000h
  db 000h,000h
  dw 00180h,base+00000h
  dw 00180h,base+00000h
  dw 00180h,base+00000h
  dw 00180h,base+00000h
  dw 00180h,base+00000h
  dw 00180h,base+00000h
  dw 00100h,base+00000h

ryuPage4frame011:
  db 076h,01Fh,05Eh,068h
  db 074h
  db 000h,000h,098h,000h,000h
  db 000h,000h
  dw 00102h,base+00000h
  dw 00106h,base+00000h
  dw 0040Ch,base+00000h
  dw 00107h,base+00000h
  dw 00165h,base+00000h
  dw 00108h,base+00000h
  dw 0040Ch,base+00000h
  dw 00107h,base+00000h
  dw 00165h,base+00000h
  dw 00108h,base+00000h
  dw 00378h,base+00000h
  dw 00108h,base+00000h
  dw 0030Fh,base+00000h
  dw 0010Bh,base+00000h
  dw 0015Eh,base+00023h
  dw 00109h,base+00000h
  dw 0020Eh,base+00000h
  dw 00102h,base+00000h
  dw 00109h,base+00023h
  dw 0035Eh,base+00023h
  dw 00109h,base+00000h
  dw 00204h,base+00000h
  dw 0010Ah,base+00000h
  dw 00102h,base+00000h
  dw 00209h,base+00023h
  dw 0035Ah,base+0015Fh
  dw 0010Dh,base+00000h
  dw 00204h,base+00000h
  dw 0010Ah,base+00000h
  dw 00102h,base+00000h
  dw 00408h,base+00022h
  dw 00656h,base+00139h
  dw 00105h,base+00000h
  dw 0010Dh,base+00000h
  dw 0020Eh,base+00000h
  dw 00103h,base+00000h
  dw 00407h,base+00022h
  dw 00756h,base+0011Eh
  dw 00105h,base+00000h
  dw 0010Dh,base+00000h
  dw 00312h,base+00000h
  dw 00306h,base+00022h
  dw 00756h,base+00125h
  dw 00105h,base+00000h
  dw 0020Dh,base+00000h
  dw 00313h,base+00000h
  dw 00304h,base+00056h
  dw 00957h,base+000DDh
  dw 00105h,base+00000h
  dw 00209h,base+00000h
  dw 00105h,base+00000h
  dw 00214h,base+00000h
  dw 00C57h,base+00060h
  dw 00102h,base+00000h
  dw 00105h,base+00000h
  dw 00109h,base+00000h
  dw 00105h,base+00000h
  dw 00215h,base+00000h
  dw 00C56h,base+0006Ch
  dw 00306h,base+00000h
  dw 0010Ah,base+00000h
  dw 00105h,base+00000h
  dw 00216h,base+00000h
  dw 00C56h,base+00078h
  dw 0020Dh,base+00000h
  dw 00107h,base+00000h
  dw 00217h,base+00000h
  dw 00C56h,base+00084h
  dw 0010Ch,base+00000h
  dw 00107h,base+00000h
  dw 00118h,base+00000h
  dw 00B55h,base+000B4h
  dw 0010Ch,base+00000h
  dw 00107h,base+00000h
  dw 00106h,base+00000h
  dw 00112h,base+00000h
  dw 00C60h,base+00090h
  dw 00208h,base+00000h
  dw 00106h,base+00000h
  dw 00114h,base+00000h
  dw 00A5Dh,base+000BFh
  dw 00209h,base+00000h
  dw 00106h,base+00000h
  dw 00103h,base+00000h
  dw 00112h,base+00000h
  dw 00A5Dh,base+000C9h
  dw 0010Eh,base+00000h
  dw 00103h,base+00000h
  dw 00112h,base+00000h
  dw 00A5Dh,base+00079h
  dw 0010Eh,base+00000h
  dw 00103h,base+00000h
  dw 00113h,base+00000h
  dw 00A6Ah,base+0006Dh
  dw 00103h,base+00000h
  dw 00114h,base+00000h
  dw 00969h,base+000E6h
  dw 00103h,base+00000h
  dw 00115h,base+00000h
  dw 00868h,base+0006Eh
  dw 00103h,base+00000h
  dw 00116h,base+00000h
  dw 00767h,base+0012Ch
  dw 00103h,base+00000h
  dw 00116h,base+00000h
  dw 00767h,base+000DAh
  dw 0011Ah,base+00000h
  dw 00556h,base+00093h
  dw 00110h,base+00000h
  dw 0011Bh,base+00000h
  dw 00454h,base+0006Fh
  dw 00211h,base+00000h
  dw 0011Bh,base+00000h
  dw 00454h,base+00086h
  dw 00211h,base+00000h
  dw 00105h,base+00000h
  dw 00117h,base+00000h
  dw 00353h,base+0006Fh
  dw 00216h,base+00000h
  dw 00117h,base+00000h
  dw 00251h,base+00029h
  dw 00A17h,base+00000h
  dw 00419h,base+00000h
  dw 0014Fh,base+00029h
  dw 00A15h,base+00000h
  dw 00800h,base+00000h

ryuPage4frame012:
  db 04Ch,015h,062h,028h
  db 066h
  db 000h,000h,0D8h,000h,000h
  db 000h,000h
  dw 00280h,base+00000h
  dw 00200h,base+00000h

ryuPage4frame013:
  db 002h,001h,086h,067h
  db 086h
  db 000h,000h,099h,000h,000h
  db 000h,000h
  dw 00100h,base+00000h

ryuPage4frame014:
  db 070h,01Fh,060h,068h
  db 086h
  db 000h,000h,098h,000h,000h
  db 000h,000h
  dw 00180h,base+00000h
  dw 00180h,base+00000h
  dw 00180h,base+00000h
  dw 00180h,base+00000h
  dw 00100h,base+00000h

ryuPage4frame015:
  db 050h,00Bh,062h,030h
  db 062h
  db 000h,000h,0D0h,000h,000h
  db 000h,000h
  dw 00280h,base+00000h
  dw 00281h,base+00000h
  dw 00180h,base+00000h
  dw 00180h,base+00000h
  dw 0010Ch,base+00000h
  dw 00119h,base+00000h
  dw 00180h,base+00000h
  dw 00161h,base+00000h
  dw 00115h,base+00000h
  dw 0010Ah,base+00000h
  dw 00261h,base+00000h
  dw 00115h,base+00000h
  dw 0010Ah,base+00000h
  dw 00261h,base+00000h
  dw 00115h,base+00000h
  dw 0016Bh,base+00000h
  dw 00114h,base+00000h
  dw 0026Dh,base+00000h
  dw 00113h,base+00000h
  dw 00100h,base+00000h

ryuPage4frame016:
  db 070h,008h,05Eh,07Fh
  db 0BEh
  db 000h,000h,081h,000h,000h
  db 000h,000h
  dw 0087Fh,base+00108h
  dw 0097Dh,base+000EFh
  dw 00C7Eh,base+0009Ch
  dw 00C7Fh,base+000A8h
  dw 00A7Eh,base+000D3h
  dw 0095Dh,base+00027h
  dw 0267Ch,base+00038h
  dw 02600h,base+00000h

ryuPage4frame017:
  db 070h,008h,05Eh,07Fh
  db 0BEh
  db 000h,000h,081h,000h,000h
  db 000h,000h
  dw 0087Fh,base+00108h
  dw 0097Dh,base+000EFh
  dw 00C7Eh,base+0009Ch
  dw 00C7Fh,base+000A8h
  dw 00A7Eh,base+000D3h
  dw 0095Dh,base+00027h
  dw 0267Ch,base+00038h
  dw 02600h,base+00000h

ryuPage4frame018:
  db 050h,009h,064h,030h
  db 064h
  db 000h,000h,0D0h,000h,000h
  db 000h,000h
  dw 00180h,base+00000h
  dw 00180h,base+00000h
  dw 0018Ch,base+00000h
  dw 0010Dh,base+00000h
  dw 00280h,base+00000h
  dw 0020Eh,base+00000h
  dw 00172h,base+00000h
  dw 0010Eh,base+00000h
  dw 00172h,base+00000h
  dw 0016Eh,base+00000h
  dw 00112h,base+00000h
  dw 0016Eh,base+00000h
  dw 00113h,base+00000h
  dw 00100h,base+00000h

ryuPage4frame019:
  db 070h,003h,05Eh,084h
  db 0A4h
  db 000h,000h,07Ch,000h,000h
  db 000h,000h
  dw 00204h,base+00023h
  dw 0075Dh,base+00027h
  dw 0347Ch,base+00004h
  dw 02325h,base+00000h
  dw 01000h,base+00025h

ryuPage4frame020:
  db 070h,003h,05Eh,084h
  db 0A4h
  db 000h,000h,07Ch,000h,000h
  db 000h,000h
  dw 00204h,base+00023h
  dw 0075Dh,base+00027h
  dw 0347Ch,base+00004h
  dw 02325h,base+00000h
  dw 01000h,base+00025h

ryuPage4frame021:
  db 004h,003h,09Ah,032h
  db 09Ah
  db 000h,000h,0CEh,000h,000h
  db 000h,000h
  dw 00180h,base+00000h
  dw 00280h,base+00000h
  dw 00200h,base+00000h

ryuPage4frame022:
  db 070h,002h,05Eh,085h
  db 066h
  db 000h,000h,07Bh,000h,000h
  db 000h,000h
  dw 0317Ch,base+00004h
  dw 03800h,base+00000h

ryuPage4frame023:
  db 070h,002h,05Eh,085h
  db 066h
  db 000h,000h,07Bh,000h,000h
  db 000h,000h
  dw 0317Ch,base+00004h
  dw 03800h,base+00000h

ryuPage4frame024:
  db 002h,003h,09Ch,032h
  db 09Ch
  db 000h,000h,0CEh,000h,000h
  db 000h,000h
  dw 00180h,base+00000h
  dw 00180h,base+00000h
  dw 00100h,base+00000h

ryuPage4frame025:
  db 070h,002h,05Eh,085h
  db 066h
  db 000h,000h,07Bh,000h,000h
  db 000h,000h
  dw 0317Ch,base+00004h
  dw 03800h,base+00000h

ryuPage4frame026:
  db 070h,002h,05Eh,085h
  db 066h
  db 000h,000h,07Bh,000h,000h
  db 000h,000h
  dw 0317Ch,base+00004h
  dw 03800h,base+00000h

ryuPage4frame027:
  db 070h,002h,05Eh,085h
  db 066h
  db 000h,000h,07Bh,000h,000h
  db 000h,000h
  dw 0317Ch,base+00004h
  dw 03800h,base+00000h

ryuPage4frame028:
  db 070h,002h,05Eh,085h
  db 066h
  db 000h,000h,07Bh,000h,000h
  db 000h,000h
  dw 0317Ch,base+00004h
  dw 03800h,base+00000h

ryuPage4frame029:
  db 070h,002h,05Eh,085h
  db 066h
  db 000h,000h,07Bh,000h,000h
  db 000h,000h
  dw 0317Ch,base+00004h
  dw 03800h,base+00000h


