  dw ZombieCaterpillarAttackframe000
  dw ZombieCaterpillarAttackframe001
  dw ZombieCaterpillarAttackframe002
  dw ZombieCaterpillarAttackframe003
  dw ZombieCaterpillarAttackframe004
  dw ZombieCaterpillarAttackframe005
  dw ZombieCaterpillarAttackframe006
  dw ZombieCaterpillarAttackframe007
  dw ZombieCaterpillarAttackframe008
  dw ZombieCaterpillarAttackframe009
  dw ZombieCaterpillarAttackframe010
  dw ZombieCaterpillarAttackframe011
  dw ZombieCaterpillarAttackframe012
  dw ZombieCaterpillarAttackframe013
  dw ZombieCaterpillarAttackframe014
  dw ZombieCaterpillarAttackframe015
  dw ZombieCaterpillarAttackframe016
  dw ZombieCaterpillarAttackframe017
  dw ZombieCaterpillarAttackframe018
  dw ZombieCaterpillarAttackframe019
  dw ZombieCaterpillarAttackframe020
  dw ZombieCaterpillarAttackframe021
  dw ZombieCaterpillarAttackframe022
  dw ZombieCaterpillarAttackframe023
  dw ZombieCaterpillarAttackframe024
  dw ZombieCaterpillarAttackframe025
  dw ZombieCaterpillarAttackframe026
  dw ZombieCaterpillarAttackframe027
  dw ZombieCaterpillarAttackframe028
  dw ZombieCaterpillarAttackframe029
  dw ZombieCaterpillarAttackframe030
  dw ZombieCaterpillarAttackframe031
  dw ZombieCaterpillarAttackframe032
  dw ZombieCaterpillarAttackframe033
  dw ZombieCaterpillarAttackframe034
  dw ZombieCaterpillarAttackframe035
  dw ZombieCaterpillarAttackframe036
  dw ZombieCaterpillarAttackframe037
  dw ZombieCaterpillarAttackframe038

ZombieCaterpillarAttackframe000:
  db 036h,017h,044h,031h
  db 056h
  db 000h,000h,0CFh,000h,000h
  db 000h,000h
  dw 0017Fh,base+001D9h
  dw 0067Eh,base+03A60h
  dw 0087Eh,base+03A23h
  dw 00D7Fh,base+03961h
  dw 00E80h,base+03929h
  dw 00F7Fh,base+038C0h
  dw 01080h,base+036E0h
  dw 0107Fh,base+036F0h
  dw 01180h,base+032F5h
  dw 01180h,base+03306h
  dw 01180h,base+03317h
  dw 01280h,base+03025h
  dw 0137Fh,base+02D9Fh
  dw 01580h,base+02973h
  dw 01680h,base+02619h
  dw 01780h,base+022AFh
  dw 01880h,base+01D0Fh
  dw 01880h,base+01D27h
  dw 01980h,base+01797h
  dw 01980h,base+017B0h
  dw 01A81h,base+01235h
  dw 01980h,base+017C9h
  dw 01A00h,base+0124Fh

ZombieCaterpillarAttackframe001:
  db 058h,020h,046h,048h
  db 046h
  db 000h,000h,0B8h,000h,000h
  db 000h,000h
  dw 01A80h,base+01269h
  dw 01A80h,base+01283h
  dw 01A81h,base+0129Dh
  dw 01B80h,base+00DE2h
  dw 01C81h,base+00B0Ah
  dw 01C80h,base+00B26h
  dw 01D81h,base+006F6h
  dw 01D80h,base+00713h
  dw 01D81h,base+00730h
  dw 01D80h,base+0074Dh
  dw 01D81h,base+0076Ah
  dw 01D82h,base+00787h
  dw 01B82h,base+00DFDh
  dw 01980h,base+017E2h
  dw 01980h,base+017FBh
  dw 01A80h,base+012B7h
  dw 01A81h,base+012D1h
  dw 01A80h,base+012EBh
  dw 01B81h,base+00E18h
  dw 01B80h,base+00E33h
  dw 01C81h,base+00B42h
  dw 01B80h,base+00E4Eh
  dw 01C81h,base+00B5Eh
  dw 01B81h,base+00E69h
  dw 01B81h,base+00E84h
  dw 01B82h,base+00E9Fh
  dw 01A80h,base+01305h
  dw 01A80h,base+0131Fh
  dw 01A81h,base+01339h
  dw 01A80h,base+01353h
  dw 01A80h,base+0136Dh
  dw 01A00h,base+01387h

ZombieCaterpillarAttackframe002:
  db 03Eh,010h,06Ch,068h
  db 06Ch
  db 000h,000h,098h,000h,000h
  db 000h,000h
  dw 01980h,base+01814h
  dw 01981h,base+0182Dh
  dw 01981h,base+01846h
  dw 01881h,base+01D3Fh
  dw 01781h,base+022C6h
  dw 01681h,base+0262Fh
  dw 01581h,base+02988h
  dw 01480h,base+02BBFh
  dw 0147Fh,base+02BD3h
  dw 01680h,base+02645h
  dw 01680h,base+0265Bh
  dw 01680h,base+02671h
  dw 01680h,base+02687h
  dw 0167Dh,base+0269Dh
  dw 01B7Fh,base+00462h
  dw 01E00h,base+00462h

ZombieCaterpillarAttackframe003:
  db 038h,018h,042h,030h
  db 054h
  db 000h,000h,0D0h,000h,000h
  db 000h,000h
  dw 00280h,base+03A75h
  dw 00203h,base+00D10h
  dw 0027Bh,base+001F8h
  dw 0087Eh,base+03A2Bh
  dw 00C7Fh,base+039A2h
  dw 00E7Fh,base+03937h
  dw 00F80h,base+038CFh
  dw 00F7Fh,base+038DEh
  dw 01080h,base+03700h
  dw 01180h,base+03328h
  dw 0127Fh,base+03037h
  dw 01480h,base+02BE7h
  dw 01580h,base+0299Dh
  dw 01580h,base+029B2h
  dw 01680h,base+026B3h
  dw 01680h,base+026C9h
  dw 0177Fh,base+022DDh
  dw 01880h,base+01D57h
  dw 01980h,base+0185Fh
  dw 01981h,base+01878h
  dw 01880h,base+01D6Fh
  dw 01880h,base+01D87h
  dw 01980h,base+0143Dh
  dw 01A80h,base+013A1h
  dw 01B00h,base+00EBAh

ZombieCaterpillarAttackframe004:
  db 054h,020h,046h,048h
  db 046h
  db 000h,000h,0B8h,000h,000h
  db 000h,000h
  dw 01C80h,base+00B7Ah
  dw 01D80h,base+007A4h
  dw 01D81h,base+007C1h
  dw 01D80h,base+007DEh
  dw 01D81h,base+007FBh
  dw 01D80h,base+00818h
  dw 01D81h,base+00835h
  dw 01C80h,base+00B96h
  dw 01D81h,base+00852h
  dw 01C81h,base+00BB2h
  dw 01B81h,base+00ED5h
  dw 01A81h,base+013BBh
  dw 01A81h,base+013D5h
  dw 01A80h,base+013EFh
  dw 01B81h,base+00EF0h
  dw 01B80h,base+00F0Bh
  dw 01B81h,base+00F26h
  dw 01B80h,base+00F41h
  dw 01B81h,base+00F5Ch
  dw 01B82h,base+00F77h
  dw 01982h,base+01891h
  dw 01780h,base+022F4h
  dw 01780h,base+0230Bh
  dw 01880h,base+01D9Fh
  dw 01880h,base+01DB7h
  dw 01981h,base+018AAh
  dw 01980h,base+018C3h
  dw 01981h,base+018DCh
  dw 01980h,base+018F5h
  dw 01981h,base+0190Eh
  dw 01881h,base+01DCFh
  dw 01700h,base+02322h

ZombieCaterpillarAttackframe005:
  db 03Ch,010h,068h,068h
  db 06Eh
  db 000h,000h,098h,000h,000h
  db 000h,000h
  dw 01781h,base+02339h
  dw 01682h,base+026DFh
  dw 01480h,base+02BFBh
  dw 01480h,base+02C0Fh
  dw 01481h,base+02C23h
  dw 0137Eh,base+02DB2h
  dw 0167Eh,base+026F5h
  dw 01880h,base+01DE7h
  dw 0187Fh,base+01DFFh
  dw 01980h,base+01927h
  dw 0187Fh,base+01E17h
  dw 01A80h,base+01409h
  dw 01A80h,base+01423h
  dw 01B7Fh,base+00F92h
  dw 01D80h,base+0086Fh
  dw 01E00h,base+00480h

ZombieCaterpillarAttackframe006:
  db 03Ah,018h,042h,030h
  db 054h
  db 000h,000h,0D0h,000h,000h
  db 000h,000h
  dw 00280h,base+03A75h
  dw 00203h,base+00D10h
  dw 0027Bh,base+001F8h
  dw 0087Eh,base+03A2Bh
  dw 00C7Fh,base+039A2h
  dw 00E7Fh,base+03937h
  dw 00F80h,base+038CFh
  dw 00F7Fh,base+038DEh
  dw 01080h,base+03700h
  dw 01180h,base+03328h
  dw 0127Fh,base+03037h
  dw 01480h,base+02BE7h
  dw 01580h,base+0299Dh
  dw 01580h,base+029B2h
  dw 01680h,base+026B3h
  dw 01680h,base+026C9h
  dw 0177Fh,base+022DDh
  dw 01880h,base+01D57h
  dw 01980h,base+0185Fh
  dw 01981h,base+01878h
  dw 01880h,base+01D6Fh
  dw 01880h,base+01D87h
  dw 01A80h,base+0143Dh
  dw 01B80h,base+00FADh
  dw 01C00h,base+00BCEh

ZombieCaterpillarAttackframe007:
  db 054h,020h,046h,048h
  db 046h
  db 000h,000h,0B8h,000h,000h
  db 000h,000h
  dw 01C80h,base+00BEAh
  dw 01D80h,base+0088Ch
  dw 01D81h,base+008A9h
  dw 01D80h,base+007DEh
  dw 01D81h,base+008C6h
  dw 01D80h,base+008E3h
  dw 01D81h,base+00900h
  dw 01C80h,base+00C06h
  dw 01C81h,base+00C22h
  dw 01C81h,base+00C3Eh
  dw 01C81h,base+00C5Ah
  dw 01C81h,base+00C76h
  dw 01C81h,base+00C92h
  dw 01B80h,base+00FC8h
  dw 01C81h,base+00CAEh
  dw 01B80h,base+00FE3h
  dw 01C81h,base+00CCAh
  dw 01B80h,base+00FFEh
  dw 01B81h,base+01019h
  dw 01B82h,base+01034h
  dw 01981h,base+01940h
  dw 01880h,base+01E2Fh
  dw 01881h,base+01E47h
  dw 01880h,base+01E5Fh
  dw 01880h,base+01E77h
  dw 01981h,base+01959h
  dw 01980h,base+01972h
  dw 01981h,base+0198Bh
  dw 01981h,base+019A4h
  dw 01881h,base+01E8Fh
  dw 01781h,base+02350h
  dw 01600h,base+0270Bh

ZombieCaterpillarAttackframe008:
  db 03Eh,010h,062h,068h
  db 070h
  db 000h,000h,098h,000h,000h
  db 000h,000h
  dw 01681h,base+02721h
  dw 01580h,base+029C7h
  dw 0157Fh,base+029DCh
  dw 0167Fh,base+02737h
  dw 01780h,base+02367h
  dw 0177Fh,base+0237Eh
  dw 01980h,base+019BDh
  dw 0197Fh,base+019D6h
  dw 01A80h,base+01457h
  dw 01A80h,base+01471h
  dw 01980h,base+019EFh
  dw 0197Fh,base+01A08h
  dw 01A80h,base+0148Bh
  dw 01A7Eh,base+014A5h
  dw 01D7Fh,base+0091Dh
  dw 01F00h,base+00000h

ZombieCaterpillarAttackframe009:
  db 03Ah,013h,046h,035h
  db 05Ch
  db 000h,000h,0CBh,000h,000h
  db 000h,000h
  dw 0037Dh,base+03A60h
  dw 0067Fh,base+03A66h
  dw 0077Eh,base+03A4Bh
  dw 00A80h,base+03A07h
  dw 00B80h,base+039BAh
  dw 00B7Fh,base+039C5h
  dw 00D80h,base+0396Eh
  dw 00D7Fh,base+0397Bh
  dw 00F80h,base+038EDh
  dw 0107Fh,base+03710h
  dw 01280h,base+03049h
  dw 0137Fh,base+02DC5h
  dw 01580h,base+029F1h
  dw 01580h,base+02A06h
  dw 01680h,base+0274Dh
  dw 0187Fh,base+01EA7h
  dw 01A80h,base+014BFh
  dw 01C80h,base+00CE6h
  dw 01D00h,base+0093Ah

ZombieCaterpillarAttackframe010:
  db 054h,020h,046h,048h
  db 046h
  db 000h,000h,0B8h,000h,000h
  db 000h,000h
  dw 01D81h,base+00957h
  dw 01D80h,base+00974h
  dw 01D80h,base+00991h
  dw 01E80h,base+0049Eh
  dw 01E80h,base+004BCh
  dw 01F80h,base+00389h
  dw 01F80h,base+003A8h
  dw 02080h,base+000E9h
  dw 02081h,base+00109h
  dw 02080h,base+00129h
  dw 02081h,base+00149h
  dw 02080h,base+00169h
  dw 02181h,base+00023h
  dw 02080h,base+00189h
  dw 02181h,base+00044h
  dw 02082h,base+001A9h
  dw 01F82h,base+003C7h
  dw 01D82h,base+009AEh
  dw 01B82h,base+0104Fh
  dw 01A83h,base+014D9h
  dw 01781h,base+02395h
  dw 01680h,base+02763h
  dw 01781h,base+023ACh
  dw 01684h,base+02779h
  dw 01281h,base+0305Bh
  dw 01180h,base+03339h
  dw 01280h,base+0306Dh
  dw 01281h,base+0307Fh
  dw 01280h,base+03091h
  dw 01281h,base+030A3h
  dw 01180h,base+0334Ah
  dw 01100h,base+0335Bh

ZombieCaterpillarAttackframe011:
  db 03Eh,010h,062h,068h
  db 072h
  db 000h,000h,098h,000h,000h
  db 000h,000h
  dw 0157Fh,base+02A1Bh
  dw 0167Fh,base+0278Fh
  dw 01780h,base+023C3h
  dw 0177Fh,base+023DAh
  dw 01880h,base+01EBFh
  dw 0187Fh,base+01ED7h
  dw 01A80h,base+014F3h
  dw 01A80h,base+0150Dh
  dw 01A80h,base+01527h
  dw 01A7Fh,base+01541h
  dw 01A80h,base+0155Bh
  dw 01A80h,base+01575h
  dw 01A80h,base+0158Fh
  dw 01A7Eh,base+015A9h
  dw 01D7Fh,base+0091Dh
  dw 01F00h,base+00000h

ZombieCaterpillarAttackframe012:
  db 03Eh,010h,050h,038h
  db 062h
  db 000h,000h,0C8h,000h,000h
  db 000h,000h
  dw 00306h,base+03A72h
  dw 00577h,base+00069h
  dw 00F80h,base+038FCh
  dw 01080h,base+03720h
  dw 0117Fh,base+0336Ch
  dw 0127Eh,base+030B5h
  dw 01580h,base+02A30h
  dw 01580h,base+02A45h
  dw 01680h,base+027A5h
  dw 0187Fh,base+01EEFh
  dw 01A80h,base+015C3h
  dw 01B7Fh,base+0106Ah
  dw 01C80h,base+00D02h
  dw 01D7Fh,base+009CBh
  dw 01E80h,base+004DAh
  dw 01F80h,base+003E6h
  dw 01F00h,base+00405h

ZombieCaterpillarAttackframe013:
  db 04Ah,020h,050h,048h
  db 050h
  db 000h,000h,0B8h,000h,000h
  db 000h,000h
  dw 01F80h,base+00424h
  dw 01F80h,base+00443h
  dw 02080h,base+001C9h
  dw 02080h,base+001E9h
  dw 02080h,base+00209h
  dw 02080h,base+00229h
  dw 02180h,base+00065h
  dw 02180h,base+00086h
  dw 02180h,base+000A7h
  dw 02181h,base+000C8h
  dw 02080h,base+00249h
  dw 02080h,base+00269h
  dw 02080h,base+00289h
  dw 02081h,base+002A9h
  dw 02080h,base+002C9h
  dw 02081h,base+002E9h
  dw 00C0Dh,base+039AEh
  dw 01274h,base+030C7h
  dw 00B0Ch,base+039D0h
  dw 01376h,base+02DD8h
  dw 0080Bh,base+03A33h
  dw 01277h,base+030D9h
  dw 00409h,base+00069h
  dw 01280h,base+030EBh
  dw 01280h,base+030FDh
  dw 01381h,base+02DEBh
  dw 01280h,base+0310Fh
  dw 01281h,base+03121h
  dw 01180h,base+0337Dh
  dw 01180h,base+0338Eh
  dw 01180h,base+0339Fh
  dw 01280h,base+03133h
  dw 01280h,base+03145h
  dw 01280h,base+03157h
  dw 0127Eh,base+03169h
  dw 01400h,base+02C37h

ZombieCaterpillarAttackframe014:
  db 046h,010h,05Eh,068h
  db 070h
  db 000h,000h,098h,000h,000h
  db 000h,000h
  dw 0157Fh,base+02A5Ah
  dw 01680h,base+027BBh
  dw 0157Fh,base+02A6Fh
  dw 01680h,base+027D1h
  dw 0157Fh,base+02A84h
  dw 01580h,base+02A99h
  dw 01680h,base+027E7h
  dw 01780h,base+023F1h
  dw 0177Fh,base+02408h
  dw 01980h,base+01A21h
  dw 01980h,base+01A3Ah
  dw 01A80h,base+015DDh
  dw 01A80h,base+015F7h
  dw 01B7Dh,base+01085h
  dw 01E7Eh,base+004F8h
  dw 02300h,base+00000h

ZombieCaterpillarAttackframe015:
  db 034h,015h,060h,033h
  db 074h
  db 000h,000h,0CDh,000h,000h
  db 000h,000h
  dw 0037Dh,base+02629h
  dw 0067Fh,base+03A6Ch
  dw 00880h,base+03A3Bh
  dw 0097Fh,base+03A11h
  dw 00B7Fh,base+039DBh
  dw 00D80h,base+03988h
  dw 01080h,base+03730h
  dw 0117Fh,base+033B0h
  dw 01380h,base+02DFEh
  dw 0147Fh,base+02C4Bh
  dw 01580h,base+02AAEh
  dw 0167Fh,base+027FDh
  dw 01780h,base+0241Fh
  dw 01780h,base+02436h
  dw 0187Fh,base+01F07h
  dw 01980h,base+01A53h
  dw 01980h,base+01A6Ch
  dw 01980h,base+01A85h
  dw 01980h,base+01A9Eh
  dw 01980h,base+01AB7h
  dw 01A00h,base+01611h

ZombieCaterpillarAttackframe016:
  db 03Ch,020h,060h,048h
  db 060h
  db 000h,000h,0B8h,000h,000h
  db 000h,000h
  dw 01B80h,base+010A0h
  dw 01B81h,base+010BBh
  dw 01B80h,base+010D6h
  dw 01B80h,base+010F1h
  dw 01B80h,base+0110Ch
  dw 01B80h,base+01127h
  dw 01C80h,base+00D1Eh
  dw 01C81h,base+00D3Ah
  dw 01B80h,base+01142h
  dw 01B81h,base+0115Dh
  dw 01A81h,base+0162Bh
  dw 01980h,base+01AD0h
  dw 01982h,base+01AE9h
  dw 01883h,base+01F1Fh
  dw 01584h,base+02AC3h
  dw 01180h,base+033C1h
  dw 01180h,base+033D2h
  dw 01180h,base+033E3h
  dw 01180h,base+033F4h
  dw 01180h,base+03405h
  dw 01180h,base+03416h
  dw 01080h,base+03740h
  dw 01080h,base+03750h
  dw 01080h,base+03760h
  dw 0107Fh,base+03770h
  dw 01080h,base+03780h
  dw 0107Dh,base+03790h
  dw 0137Fh,base+02E11h
  dw 0147Fh,base+02C5Fh
  dw 01580h,base+02AD8h
  dw 0157Fh,base+02AEDh
  dw 01600h,base+02813h

ZombieCaterpillarAttackframe017:
  db 046h,010h,05Eh,068h
  db 06Ch
  db 000h,000h,098h,000h,000h
  db 000h,000h
  dw 0167Fh,base+02829h
  dw 01780h,base+0244Dh
  dw 01780h,base+02464h
  dw 01780h,base+0247Bh
  dw 0177Fh,base+02492h
  dw 01980h,base+01B02h
  dw 0197Fh,base+01B1Bh
  dw 01B80h,base+01178h
  dw 01B80h,base+01193h
  dw 01C80h,base+00D56h
  dw 01C80h,base+00D72h
  dw 01D80h,base+009E8h
  dw 01D80h,base+00A05h
  dw 01D7Eh,base+00A22h
  dw 0207Eh,base+00309h
  dw 02300h,base+00000h

ZombieCaterpillarAttackframe018:
  db 032h,019h,062h,02Fh
  db 076h
  db 000h,000h,0D1h,000h,000h
  db 000h,000h
  dw 0037Dh,base+02629h
  dw 0067Fh,base+03A6Ch
  dw 00880h,base+03A3Bh
  dw 0097Fh,base+03A11h
  dw 00B7Fh,base+039DBh
  dw 00D80h,base+03988h
  dw 00E80h,base+03730h
  dw 00F7Fh,base+033B0h
  dw 01080h,base+02DFEh
  dw 0107Fh,base+02C4Bh
  dw 01280h,base+02AAEh
  dw 0127Fh,base+027FDh
  dw 01480h,base+02C73h
  dw 01580h,base+02B02h
  dw 0157Fh,base+02B17h
  dw 01780h,base+024A9h
  dw 01780h,base+024C0h
  dw 01880h,base+01F37h
  dw 01880h,base+01F4Fh
  dw 01880h,base+01F67h
  dw 01880h,base+01F7Fh
  dw 01980h,base+01B34h
  dw 01981h,base+01B4Dh
  dw 01880h,base+01F97h
  dw 01800h,base+01FAFh

ZombieCaterpillarAttackframe019:
  db 038h,020h,064h,048h
  db 064h
  db 000h,000h,0B8h,000h,000h
  db 000h,000h
  dw 01980h,base+01B66h
  dw 01980h,base+01B7Fh
  dw 01A80h,base+01645h
  dw 01A81h,base+0165Fh
  dw 01A80h,base+01679h
  dw 01A81h,base+01693h
  dw 01981h,base+01B98h
  dw 01880h,base+01FC7h
  dw 01882h,base+01FDFh
  dw 01683h,base+0283Fh
  dw 01481h,base+02C87h
  dw 01380h,base+02E24h
  dw 01381h,base+02E37h
  dw 01281h,base+0317Bh
  dw 01180h,base+03427h
  dw 01180h,base+03438h
  dw 01180h,base+03449h
  dw 01180h,base+0345Ah
  dw 01180h,base+0346Bh
  dw 01180h,base+0347Ch
  dw 01180h,base+0348Dh
  dw 01180h,base+02BAEh
  dw 01181h,base+02936h
  dw 0107Bh,base+02568h
  dw 0147Fh,base+02C9Bh
  dw 0157Fh,base+02B2Ch
  dw 01680h,base+02855h
  dw 0157Fh,base+02B41h
  dw 01680h,base+0286Bh
  dw 0177Fh,base+024D7h
  dw 01880h,base+01FF7h
  dw 01800h,base+0200Fh

ZombieCaterpillarAttackframe020:
  db 046h,010h,05Eh,068h
  db 06Ah
  db 000h,000h,098h,000h,000h
  db 000h,000h
  dw 01880h,base+02027h
  dw 0187Fh,base+0203Fh
  dw 01980h,base+01BB1h
  dw 01980h,base+01BCAh
  dw 01A80h,base+016ADh
  dw 01A80h,base+016C7h
  dw 01B7Fh,base+011AEh
  dw 01C80h,base+00D8Eh
  dw 01D80h,base+00A3Fh
  dw 01D80h,base+00A5Ch
  dw 01D80h,base+00A79h
  dw 01E80h,base+00516h
  dw 01E80h,base+00534h
  dw 01E7Eh,base+00552h
  dw 0207Eh,base+00329h
  dw 02300h,base+00000h

ZombieCaterpillarAttackframe021:
  db 032h,019h,064h,02Fh
  db 078h
  db 000h,000h,0D1h,000h,000h
  db 000h,000h
  dw 0037Dh,base+02629h
  dw 0067Fh,base+03A6Ch
  dw 00880h,base+03A3Bh
  dw 0097Fh,base+03A11h
  dw 00B7Fh,base+039DBh
  dw 00D80h,base+03988h
  dw 00E80h,base+03730h
  dw 00F7Fh,base+033B0h
  dw 01080h,base+02DFEh
  dw 0107Fh,base+02C4Bh
  dw 01380h,base+02E4Ah
  dw 0147Fh,base+02CAFh
  dw 01580h,base+02B56h
  dw 01680h,base+02881h
  dw 0167Fh,base+02897h
  dw 01880h,base+02057h
  dw 01880h,base+0206Fh
  dw 01880h,base+02087h
  dw 01880h,base+0209Fh
  dw 01980h,base+01BE3h
  dw 01980h,base+01BFCh
  dw 01980h,base+01C15h
  dw 01981h,base+01C2Eh
  dw 01880h,base+010D6h
  dw 01800h,base+020B7h

ZombieCaterpillarAttackframe022:
  db 036h,020h,066h,048h
  db 066h
  db 000h,000h,0B8h,000h,000h
  db 000h,000h
  dw 01880h,base+020CFh
  dw 01980h,base+01C47h
  dw 01980h,base+01C60h
  dw 01A81h,base+016E1h
  dw 01980h,base+01C79h
  dw 01981h,base+01C92h
  dw 01881h,base+020E7h
  dw 01780h,base+024EEh
  dw 01782h,base+02505h
  dw 01683h,base+028ADh
  dw 01382h,base+02E5Dh
  dw 01181h,base+0349Eh
  dw 01080h,base+037A0h
  dw 0107Fh,base+037B0h
  dw 01180h,base+034AFh
  dw 01180h,base+03449h
  dw 01180h,base+0345Ah
  dw 01180h,base+0346Bh
  dw 01180h,base+0347Ch
  dw 01180h,base+0348Dh
  dw 01180h,base+02BAEh
  dw 0117Ch,base+02936h
  dw 0157Fh,base+02B6Bh
  dw 0157Fh,base+02B80h
  dw 01680h,base+028C3h
  dw 0167Fh,base+028D9h
  dw 01680h,base+028EFh
  dw 0167Fh,base+02905h
  dw 01780h,base+0251Ch
  dw 01880h,base+020FFh
  dw 01880h,base+02117h
  dw 01800h,base+0212Fh

ZombieCaterpillarAttackframe023:
  db 046h,010h,05Eh,068h
  db 068h
  db 000h,000h,098h,000h,000h
  db 000h,000h
  dw 01980h,base+01CABh
  dw 01980h,base+01CC4h
  dw 01A80h,base+016FBh
  dw 01A80h,base+01715h
  dw 01B80h,base+011C9h
  dw 01B80h,base+011E4h
  dw 01C7Fh,base+00DAAh
  dw 01D80h,base+00A96h
  dw 01D80h,base+00AB3h
  dw 01E80h,base+00570h
  dw 01E80h,base+0058Eh
  dw 01E80h,base+005ACh
  dw 01E80h,base+005CAh
  dw 01E7Eh,base+005E8h
  dw 0207Eh,base+00349h
  dw 02300h,base+00000h

ZombieCaterpillarAttackframe024:
  db 02Eh,01Bh,06Ah,02Dh
  db 07Eh
  db 000h,000h,0D3h,000h,000h
  db 000h,000h
  dw 0037Dh,base+00621h
  dw 0067Fh,base+00383h
  dw 00880h,base+00606h
  dw 0097Fh,base+00606h
  dw 00B7Fh,base+00606h
  dw 00D80h,base+00607h
  dw 00E80h,base+00607h
  dw 00F7Fh,base+00615h
  dw 01080h,base+00606h
  dw 0107Fh,base+00607h
  dw 01280h,base+0318Dh
  dw 0127Fh,base+00612h
  dw 01380h,base+02E70h
  dw 01380h,base+00607h
  dw 0137Fh,base+00607h
  dw 01480h,base+00606h
  dw 01480h,base+00606h
  dw 01580h,base+02B95h
  dw 01580h,base+00606h
  dw 01680h,base+0291Bh
  dw 01680h,base+00606h
  dw 01680h,base+00606h
  dw 01781h,base+02533h
  dw 01680h,base+0060Eh
  dw 01680h,base+00607h
  dw 01680h,base+00607h
  dw 01600h,base+00606h

ZombieCaterpillarAttackframe025:
  db 032h,020h,06Ah,048h
  db 06Ch
  db 000h,000h,0B8h,000h,000h
  db 000h,000h
  dw 01680h,base+00606h
  dw 01681h,base+00606h
  dw 01580h,base+00607h
  dw 01681h,base+0291Bh
  dw 01581h,base+0060Fh
  dw 01480h,base+00610h
  dw 01482h,base+00606h
  dw 01282h,base+00606h
  dw 01080h,base+00606h
  dw 01180h,base+034C0h
  dw 01180h,base+034C0h
  dw 01181h,base+034C0h
  dw 01080h,base+00614h
  dw 0107Fh,base+00607h
  dw 01180h,base+00606h
  dw 01180h,base+00606h
  dw 01180h,base+00606h
  dw 01180h,base+00606h
  dw 01180h,base+00606h
  dw 01180h,base+00606h
  dw 01180h,base+00606h
  dw 0117Ch,base+034C0h
  dw 0157Fh,base+02B95h
  dw 0157Fh,base+00607h
  dw 01680h,base+00606h
  dw 0167Fh,base+0060Eh
  dw 01680h,base+00606h
  dw 0167Fh,base+00607h
  dw 01780h,base+00606h
  dw 01880h,base+02147h
  dw 01880h,base+0060Ch
  dw 01800h,base+0060Ch

ZombieCaterpillarAttackframe026:
  db 046h,010h,05Eh,068h
  db 068h
  db 000h,000h,098h,000h,000h
  db 000h,000h
  dw 01980h,base+01CDDh
  dw 01980h,base+00606h
  dw 01A80h,base+0060Ah
  dw 01A80h,base+00607h
  dw 01B80h,base+00609h
  dw 01B80h,base+00607h
  dw 01C7Fh,base+00608h
  dw 01D80h,base+00606h
  dw 01D80h,base+00606h
  dw 01E80h,base+00606h
  dw 01E80h,base+00624h
  dw 01E80h,base+00642h
  dw 01E80h,base+00642h
  dw 01E7Eh,base+00642h
  dw 0207Eh,base+00369h
  dw 02300h,base+00000h

ZombieCaterpillarAttackframe027:
  db 028h,01Dh,078h,02Bh
  db 08Ch
  db 000h,000h,0D5h,000h,000h
  db 000h,000h
  dw 0037Dh,base+02629h
  dw 0067Fh,base+03A6Ch
  dw 00880h,base+03A3Bh
  dw 0097Fh,base+03A11h
  dw 00B7Fh,base+039DBh
  dw 00D80h,base+03988h
  dw 00E80h,base+03730h
  dw 00F7Fh,base+033B0h
  dw 01080h,base+02DFEh
  dw 0107Fh,base+02C4Bh
  dw 01280h,base+02AAEh
  dw 0127Fh,base+027FDh
  dw 01380h,base+0241Fh
  dw 01380h,base+02436h
  dw 0137Fh,base+02897h
  dw 01480h,base+01A53h
  dw 01480h,base+01A6Ch
  dw 01480h,base+02087h
  dw 01480h,base+01A9Eh
  dw 01480h,base+02CC3h
  dw 01480h,base+02CD7h
  dw 01480h,base+02CEBh
  dw 01381h,base+01C2Eh
  dw 01280h,base+010D6h
  dw 01280h,base+01FAFh
  dw 01280h,base+0319Fh
  dw 01380h,base+02E83h
  dw 01380h,base+02E96h
  dw 01300h,base+02EA9h

ZombieCaterpillarAttackframe028:
  db 036h,020h,06Ah,048h
  db 07Ch
  db 000h,000h,0B8h,000h,000h
  db 000h,000h
  dw 01280h,base+031B1h
  dw 01281h,base+031C3h
  dw 01181h,base+034D1h
  dw 0107Fh,base+037C0h
  dw 01180h,base+034E2h
  dw 01180h,base+034F3h
  dw 01180h,base+03504h
  dw 01181h,base+03515h
  dw 01080h,base+037D0h
  dw 01080h,base+037E0h
  dw 01080h,base+037F0h
  dw 01080h,base+03800h
  dw 0107Fh,base+03810h
  dw 01180h,base+03526h
  dw 01180h,base+03537h
  dw 01180h,base+03548h
  dw 01180h,base+03559h
  dw 01180h,base+0356Ah
  dw 01180h,base+0357Bh
  dw 01180h,base+0358Ch
  dw 01180h,base+03416h
  dw 0117Ah,base+0359Dh
  dw 00506h,base+00069h
  dw 01079h,base+03750h
  dw 0177Fh,base+0254Ah
  dw 01880h,base+0215Fh
  dw 0187Fh,base+02177h
  dw 01880h,base+0218Fh
  dw 0187Fh,base+021A7h
  dw 01980h,base+01CF6h
  dw 01880h,base+021BFh
  dw 01880h,base+021D7h
  dw 01800h,base+021EFh

ZombieCaterpillarAttackframe029:
  db 046h,010h,05Eh,068h
  db 068h
  db 000h,000h,098h,000h,000h
  db 000h,000h
  dw 01A80h,base+0172Fh
  dw 01A80h,base+01749h
  dw 01A80h,base+01763h
  dw 01A80h,base+0177Dh
  dw 01B80h,base+011FFh
  dw 01B80h,base+0121Ah
  dw 01C7Fh,base+00DC6h
  dw 01D80h,base+00AD0h
  dw 01D80h,base+00AEDh
  dw 01E80h,base+00660h
  dw 01E80h,base+0067Eh
  dw 01E80h,base+0069Ch
  dw 01E80h,base+006BAh
  dw 01E7Eh,base+006D8h
  dw 0207Eh,base+00349h
  dw 02300h,base+00000h

ZombieCaterpillarAttackframe030:
  db 028h,01Bh,080h,02Dh
  db 090h
  db 000h,000h,0D3h,000h,000h
  db 000h,000h
  dw 0037Fh,base+02629h
  dw 0077Fh,base+03A52h
  dw 0087Fh,base+03A43h
  dw 0097Fh,base+03A1Ah
  dw 00B7Fh,base+039E6h
  dw 00E7Fh,base+03945h
  dw 00F80h,base+0390Bh
  dw 00F7Fh,base+0391Ah
  dw 01080h,base+03820h
  dw 01180h,base+035AEh
  dw 01180h,base+035BFh
  dw 01280h,base+031D5h
  dw 0127Fh,base+031E7h
  dw 01480h,base+02CFFh
  dw 01480h,base+02D13h
  dw 01480h,base+02D27h
  dw 01480h,base+02D3Bh
  dw 01480h,base+02D4Fh
  dw 01481h,base+02D63h
  dw 01380h,base+02EBCh
  dw 01380h,base+02ECFh
  dw 01380h,base+02EE2h
  dw 01380h,base+02EF5h
  dw 0137Fh,base+02F08h
  dw 01480h,base+02D77h
  dw 01480h,base+02D8Bh
  dw 01300h,base+02F1Bh

ZombieCaterpillarAttackframe031:
  db 03Ch,020h,06Ah,048h
  db 080h
  db 000h,000h,0B8h,000h,000h
  db 000h,000h
  dw 01380h,base+02F2Eh
  dw 01380h,base+02F41h
  dw 01380h,base+02F54h
  dw 01280h,base+031F9h
  dw 01280h,base+0320Bh
  dw 01180h,base+035D0h
  dw 01180h,base+035E1h
  dw 0117Fh,base+035F2h
  dw 01180h,base+03603h
  dw 01180h,base+03614h
  dw 01080h,base+03830h
  dw 01080h,base+03840h
  dw 01080h,base+03850h
  dw 01080h,base+03860h
  dw 0107Fh,base+03870h
  dw 01180h,base+03625h
  dw 01180h,base+03449h
  dw 01180h,base+0345Ah
  dw 01180h,base+0346Bh
  dw 01180h,base+0347Ch
  dw 01180h,base+0348Dh
  dw 0117Bh,base+02BAEh
  dw 0167Fh,base+02931h
  dw 0177Fh,base+02561h
  dw 01780h,base+02578h
  dw 0177Fh,base+0258Fh
  dw 01880h,base+02207h
  dw 0177Fh,base+025A6h
  dw 01880h,base+0221Fh
  dw 01880h,base+02237h
  dw 01880h,base+0224Fh
  dw 01800h,base+0212Fh

ZombieCaterpillarAttackframe032:
  db 046h,010h,05Eh,068h
  db 068h
  db 000h,000h,098h,000h,000h
  db 000h,000h
  dw 01980h,base+01CABh
  dw 01980h,base+01CC4h
  dw 01A80h,base+016FBh
  dw 01A80h,base+01715h
  dw 01B80h,base+011C9h
  dw 01B80h,base+011E4h
  dw 01C7Fh,base+00DAAh
  dw 01D80h,base+00A96h
  dw 01D80h,base+00AB3h
  dw 01E80h,base+00570h
  dw 01E80h,base+0058Eh
  dw 01E80h,base+005ACh
  dw 01E80h,base+005CAh
  dw 01E7Eh,base+005E8h
  dw 0207Eh,base+00349h
  dw 02300h,base+00000h

ZombieCaterpillarAttackframe033:
  db 026h,016h,074h,032h
  db 086h
  db 000h,000h,0CEh,000h,000h
  db 000h,000h
  dw 00380h,base+02629h
  dw 0037Dh,base+009D8h
  dw 0077Fh,base+03A59h
  dw 00B80h,base+039F1h
  dw 00B7Fh,base+039FCh
  dw 00D7Fh,base+03995h
  dw 00E7Fh,base+03953h
  dw 01080h,base+03880h
  dw 0107Fh,base+03890h
  dw 01180h,base+03636h
  dw 01280h,base+0321Dh
  dw 01280h,base+0322Fh
  dw 01280h,base+03241h
  dw 0127Fh,base+03253h
  dw 01380h,base+02F67h
  dw 01380h,base+02F7Ah
  dw 01380h,base+02F8Dh
  dw 01380h,base+02FA0h
  dw 01380h,base+02FB3h
  dw 01380h,base+02FC6h
  dw 01380h,base+02FD9h
  dw 01300h,base+02FECh

ZombieCaterpillarAttackframe034:
  db 032h,020h,06Ah,048h
  db 076h
  db 000h,000h,0B8h,000h,000h
  db 000h,000h
  dw 01280h,base+03265h
  dw 01280h,base+03277h
  dw 01280h,base+03289h
  dw 01280h,base+0329Bh
  dw 01380h,base+02FFFh
  dw 01381h,base+03012h
  dw 01280h,base+032ADh
  dw 01280h,base+032BFh
  dw 01280h,base+032D1h
  dw 01281h,base+032E3h
  dw 01180h,base+03647h
  dw 01180h,base+03658h
  dw 01180h,base+03669h
  dw 01181h,base+0367Ah
  dw 01080h,base+038A0h
  dw 0107Fh,base+038B0h
  dw 01180h,base+0368Bh
  dw 01180h,base+0369Ch
  dw 01180h,base+036ADh
  dw 01180h,base+036BEh
  dw 01180h,base+036CFh
  dw 0117Ch,base+0348Dh
  dw 0157Fh,base+02BAAh
  dw 0167Fh,base+02947h
  dw 01780h,base+025BDh
  dw 0167Fh,base+0295Dh
  dw 01780h,base+025D4h
  dw 0177Fh,base+025EBh
  dw 01780h,base+02602h
  dw 01880h,base+02267h
  dw 01880h,base+0227Fh
  dw 01800h,base+02297h

ZombieCaterpillarAttackframe035:
  db 046h,010h,05Eh,068h
  db 068h
  db 000h,000h,098h,000h,000h
  db 000h,000h
  dw 01980h,base+01CABh
  dw 01980h,base+01CC4h
  dw 01A80h,base+016FBh
  dw 01A80h,base+01715h
  dw 01B80h,base+011C9h
  dw 01B80h,base+011E4h
  dw 01C7Fh,base+00DAAh
  dw 01D80h,base+00A96h
  dw 01D80h,base+00AB3h
  dw 01E80h,base+00570h
  dw 01E80h,base+0058Eh
  dw 01E80h,base+005ACh
  dw 01E80h,base+005CAh
  dw 01E7Eh,base+005E8h
  dw 0207Eh,base+00349h
  dw 02300h,base+00000h

ZombieCaterpillarAttackframe036:
  db 032h,019h,064h,02Fh
  db 078h
  db 000h,000h,0D1h,000h,000h
  db 000h,000h
  dw 0037Dh,base+02629h
  dw 0067Fh,base+03A6Ch
  dw 00880h,base+03A3Bh
  dw 0097Fh,base+03A11h
  dw 00B7Fh,base+039DBh
  dw 00D80h,base+03988h
  dw 00E80h,base+03730h
  dw 00F7Fh,base+033B0h
  dw 01080h,base+02DFEh
  dw 0107Fh,base+02C4Bh
  dw 01380h,base+02E4Ah
  dw 0147Fh,base+02CAFh
  dw 01580h,base+02B56h
  dw 01680h,base+02881h
  dw 0167Fh,base+02897h
  dw 01880h,base+02057h
  dw 01880h,base+0206Fh
  dw 01880h,base+02087h
  dw 01880h,base+0209Fh
  dw 01980h,base+01BE3h
  dw 01980h,base+01BFCh
  dw 01980h,base+01C15h
  dw 01981h,base+01C2Eh
  dw 01880h,base+010D6h
  dw 01800h,base+020B7h

ZombieCaterpillarAttackframe037:
  db 036h,020h,066h,048h
  db 066h
  db 000h,000h,0B8h,000h,000h
  db 000h,000h
  dw 01880h,base+020CFh
  dw 01980h,base+01C47h
  dw 01980h,base+01C60h
  dw 01A81h,base+016E1h
  dw 01980h,base+01C79h
  dw 01981h,base+01C92h
  dw 01881h,base+020E7h
  dw 01780h,base+024EEh
  dw 01782h,base+02505h
  dw 01683h,base+028ADh
  dw 01382h,base+02E5Dh
  dw 01181h,base+0349Eh
  dw 01080h,base+037A0h
  dw 0107Fh,base+037B0h
  dw 01180h,base+034AFh
  dw 01180h,base+03449h
  dw 01180h,base+0345Ah
  dw 01180h,base+0346Bh
  dw 01180h,base+0347Ch
  dw 01180h,base+0348Dh
  dw 01180h,base+02BAEh
  dw 0117Ch,base+02936h
  dw 0157Fh,base+02B6Bh
  dw 0157Fh,base+02B80h
  dw 01680h,base+028C3h
  dw 0167Fh,base+028D9h
  dw 01680h,base+028EFh
  dw 0167Fh,base+02905h
  dw 01780h,base+0251Ch
  dw 01880h,base+020FFh
  dw 01880h,base+02117h
  dw 01800h,base+0212Fh

ZombieCaterpillarAttackframe038:
  db 046h,010h,05Eh,068h
  db 068h
  db 000h,000h,098h,000h,000h
  db 000h,000h
  dw 01980h,base+01CABh
  dw 01980h,base+01CC4h
  dw 01A80h,base+016FBh
  dw 01A80h,base+01715h
  dw 01B80h,base+011C9h
  dw 01B80h,base+011E4h
  dw 01C7Fh,base+00DAAh
  dw 01D80h,base+00A96h
  dw 01D80h,base+00AB3h
  dw 01E80h,base+00570h
  dw 01E80h,base+0058Eh
  dw 01E80h,base+005ACh
  dw 01E80h,base+005CAh
  dw 01E7Eh,base+005E8h
  dw 0207Eh,base+00349h
  dw 02300h,base+00000h


