  dw GoatAttackframe000
  dw GoatAttackframe001
  dw GoatAttackframe002
  dw GoatAttackframe003
  dw GoatAttackframe004
  dw GoatAttackframe005
  dw GoatAttackframe006
  dw GoatAttackframe007
  dw GoatAttackframe008
  dw GoatAttackframe009
  dw GoatAttackframe010
  dw GoatAttackframe011
  dw GoatAttackframe012
  dw GoatAttackframe013
  dw GoatAttackframe014
  dw GoatAttackframe015
  dw GoatAttackframe016
  dw GoatAttackframe017
  dw GoatAttackframe018
  dw GoatAttackframe019
  dw GoatAttackframe020
  dw GoatAttackframe021
  dw GoatAttackframe022
  dw GoatAttackframe023

GoatAttackframe000:
  db 06Eh,01Ch,01Ah,000h
  db 038h
  db 000h,000h,000h,000h,000h
  db 000h,000h
  dw 02380h,base+00FE8h
  dw 02380h,base+0100Bh
  dw 02380h,base+0102Eh
  dw 02381h,base+01051h
  dw 0227Fh,base+013DFh
  dw 0237Fh,base+01074h
  dw 02380h,base+01097h
  dw 0237Fh,base+010BAh
  dw 0247Fh,base+00E5Ch
  dw 0257Fh,base+00D0Fh
  dw 0267Fh,base+00BB9h
  dw 0287Fh,base+005AEh
  dw 02A80h,base+00462h
  dw 02A7Fh,base+0048Ch
  dw 02B7Eh,base+00437h
  dw 02E7Fh,base+00329h
  dw 02F80h,base+001B1h
  dw 02227h,base+01401h
  dw 00858h,base+0384Ch
  dw 02329h,base+010DDh
  dw 00857h,base+0391Bh
  dw 0232Bh,base+01100h
  dw 00655h,base+03AC3h
  dw 0232Ch,base+01123h
  dw 00554h,base+03611h
  dw 01A1Bh,base+02604h
  dw 00812h,base+00FE9h
  dw 00453h,base+0361Ch
  dw 0191Bh,base+0266Ch
  dw 00913h,base+02742h
  dw 00351h,base+00206h
  dw 0191Ch,base+02685h
  dw 00914h,base+0383Ah
  dw 0034Eh,base+0005Eh
  dw 0191Eh,base+0269Eh
  dw 00915h,base+03843h
  dw 0024Ch,base+00206h
  dw 0191Fh,base+026B7h
  dw 00916h,base+03843h
  dw 0024Bh,base+0005Fh
  dw 01820h,base+0271Bh
  dw 00304h,base+001C1h
  dw 0035Ch,base+00FE8h
  dw 01720h,base+0280Bh
  dw 00305h,base+03B4Ah
  dw 00200h,base+00D32h

GoatAttackframe001:
  db 03Ch,01Bh,00Eh,01Ch
  db 01Ah
  db 000h,000h,0E4h,000h,000h
  db 000h,000h
  dw 01680h,base+028C3h
  dw 01780h,base+02822h
  dw 01780h,base+02733h
  dw 01880h,base+02733h
  dw 01880h,base+0274Bh
  dw 01880h,base+02763h
  dw 01880h,base+0277Bh
  dw 01880h,base+02793h
  dw 0177Fh,base+02839h
  dw 01880h,base+027ABh
  dw 01780h,base+02850h
  dw 0177Fh,base+02867h
  dw 01480h,base+02ADDh
  dw 01480h,base+02AF1h
  dw 0147Fh,base+02B05h
  dw 01580h,base+029E1h
  dw 01580h,base+029F6h
  dw 01112h,base+02F74h
  dw 0026Dh,base+001C1h
  dw 01180h,base+02F85h
  dw 01180h,base+02F96h
  dw 0117Fh,base+02FA7h
  dw 0127Fh,base+02DFAh
  dw 01280h,base+02E0Ch
  dw 01280h,base+02E1Eh
  dw 01280h,base+02E30h
  dw 01180h,base+02FB8h
  dw 01100h,base+02FC9h

GoatAttackframe002:
  db 076h,01Bh,00Ch,037h
  db 00Eh
  db 000h,000h,0C9h,000h,000h
  db 000h,000h
  dw 01126h,base+02FDAh
  dw 0035Ah,base+000FDh
  dw 0111Ah,base+02FEBh
  dw 00307h,base+000FDh
  dw 00A5Fh,base+036A0h
  dw 01119h,base+02FFCh
  dw 01367h,base+02C45h
  dw 01119h,base+0300Dh
  dw 01467h,base+02B19h
  dw 01118h,base+0301Eh
  dw 01667h,base+028D9h
  dw 01219h,base+02E42h
  dw 01767h,base+0287Eh
  dw 01219h,base+02E54h
  dw 01867h,base+027C3h
  dw 01319h,base+02C58h
  dw 00305h,base+00539h
  dw 01562h,base+02A0Bh
  dw 01319h,base+02C6Bh
  dw 00305h,base+03B4Dh
  dw 01662h,base+028EFh
  dw 01419h,base+02B2Dh
  dw 00304h,base+00539h
  dw 01763h,base+02895h
  dw 01419h,base+02B41h
  dw 01C67h,base+0050Ah
  dw 01419h,base+02B55h
  dw 01C67h,base+00533h
  dw 0131Ah,base+02C7Eh
  dw 01C66h,base+02579h
  dw 0131Ah,base+02C91h
  dw 01D66h,base+02318h
  dw 0111Ah,base+0302Fh
  dw 01D66h,base+02335h
  dw 0101Bh,base+03095h
  dw 01D65h,base+02352h
  dw 0101Bh,base+030A5h
  dw 01D65h,base+0236Fh
  dw 0101Ch,base+030B5h
  dw 01D64h,base+0238Ch
  dw 0101Ch,base+030C5h
  dw 01D64h,base+023A9h
  dw 01019h,base+030D5h
  dw 02067h,base+01AEBh
  dw 01019h,base+030E5h
  dw 02167h,base+016CBh
  dw 01019h,base+030F5h
  dw 02167h,base+016ECh
  dw 01019h,base+03105h
  dw 02167h,base+0170Dh
  dw 01018h,base+03115h
  dw 02268h,base+01423h
  dw 01018h,base+03125h
  dw 02368h,base+01146h
  dw 01017h,base+03135h
  dw 02469h,base+00E80h
  dw 01017h,base+03145h
  dw 02400h,base+00EA4h

GoatAttackframe003:
  db 084h,01Bh,00Ch,052h
  db 00Ch
  db 000h,000h,0AEh,000h,000h
  db 000h,000h
  dw 01017h,base+03155h
  dw 02569h,base+00D34h
  dw 01016h,base+03165h
  dw 0266Ah,base+00BDFh
  dw 01216h,base+02E66h
  dw 0266Ah,base+00384h
  dw 01216h,base+02E78h
  dw 0276Ah,base+009BEh
  dw 01316h,base+02CA4h
  dw 0276Ah,base+003DEh
  dw 01316h,base+02CB7h
  dw 0286Ah,base+005D6h
  dw 01316h,base+02CCAh
  dw 0286Ah,base+00005h
  dw 01317h,base+02CDDh
  dw 02869h,base+005FEh
  dw 01317h,base+02CF0h
  dw 02869h,base+00626h
  dw 01317h,base+02D03h
  dw 02869h,base+0064Eh
  dw 01318h,base+02D16h
  dw 02768h,base+009E5h
  dw 01318h,base+02D29h
  dw 02868h,base+00676h
  dw 01318h,base+02D3Ch
  dw 00607h,base+03AC9h
  dw 02161h,base+0172Eh
  dw 01318h,base+02D4Fh
  dw 00607h,base+03ACFh
  dw 02261h,base+01445h
  dw 01318h,base+02D62h
  dw 00608h,base+03ACFh
  dw 02160h,base+0174Fh
  dw 01418h,base+02B69h
  dw 00608h,base+03AD5h
  dw 02160h,base+01770h
  dw 01418h,base+02B7Dh
  dw 00609h,base+03AD5h
  dw 0205Fh,base+01B0Bh
  dw 01518h,base+02A20h
  dw 0060Bh,base+03ADBh
  dw 01F5Dh,base+01E2Bh
  dw 01518h,base+02A35h
  dw 0060Bh,base+03AE1h
  dw 01F5Dh,base+01E4Ah
  dw 01518h,base+02A4Ah
  dw 0060Ah,base+03AE1h
  dw 0205Eh,base+01B2Bh
  dw 01518h,base+02A5Fh
  dw 0060Ah,base+03AE1h
  dw 0205Eh,base+01B4Bh
  dw 01518h,base+02A74h
  dw 00609h,base+03AE1h
  dw 0215Fh,base+01791h
  dw 01418h,base+02B91h
  dw 00609h,base+03AE7h
  dw 0215Fh,base+017B2h
  dw 01417h,base+02BA5h
  dw 0070Ah,base+031F7h
  dw 0215Fh,base+017D3h
  dw 01117h,base+03040h
  dw 00709h,base+03A1Bh
  dw 02260h,base+01467h
  dw 01217h,base+02E8Ah
  dw 00709h,base+03A22h
  dw 02260h,base+01489h
  dw 01217h,base+02E9Ch
  dw 00708h,base+033F6h
  dw 02300h,base+01169h

GoatAttackframe004:
  db 08Eh,01Bh,00Ch,06Dh
  db 00Ch
  db 000h,000h,093h,000h,000h
  db 000h,000h
  dw 01217h,base+02EAEh
  dw 00708h,base+033F6h
  dw 02361h,base+0118Ch
  dw 01217h,base+02EC0h
  dw 00607h,base+03AEDh
  dw 02462h,base+00EC8h
  dw 01217h,base+02ED2h
  dw 00607h,base+03AF3h
  dw 02463h,base+00EECh
  dw 01216h,base+02EE4h
  dw 02A6Ah,base+004B6h
  dw 01216h,base+02EF6h
  dw 02A6Ah,base+004E0h
  dw 01316h,base+02D75h
  dw 02021h,base+01B6Bh
  dw 00949h,base+0188Eh
  dw 01316h,base+02D88h
  dw 01D1Eh,base+023C6h
  dw 00204h,base+03B56h
  dw 00948h,base+03790h
  dw 01416h,base+02BB9h
  dw 01D1Eh,base+023E3h
  dw 00204h,base+03B56h
  dw 00A48h,base+02F50h
  dw 01416h,base+02BCDh
  dw 01D1Eh,base+02400h
  dw 00204h,base+025AFh
  dw 00B49h,base+0358Dh
  dw 01415h,base+02BE1h
  dw 01C1Fh,base+02595h
  dw 00104h,base+00005h
  dw 00A48h,base+036AAh
  dw 01415h,base+02BF5h
  dw 00A0Ch,base+036B4h
  dw 00A0Bh,base+036BEh
  dw 0050Ch,base+03B3Bh
  dw 00B48h,base+03598h
  dw 01F21h,base+01E69h
  dw 00A0Bh,base+036C8h
  dw 0040Dh,base+03B3Bh
  dw 00A47h,base+036D2h
  dw 01E23h,base+021ECh
  dw 0070Ah,base+033CFh
  dw 0010Ch,base+00005h
  dw 00B48h,base+035A3h
  dw 01D22h,base+0241Dh
  dw 0070Ah,base+033CFh
  dw 0010Dh,base+00005h
  dw 00B47h,base+035AEh
  dw 01C22h,base+025B1h
  dw 00718h,base+033CFh
  dw 00A46h,base+03309h
  dw 01C22h,base+025CDh
  dw 00719h,base+033CFh
  dw 00946h,base+03317h
  dw 01B21h,base+025E9h
  dw 0081Ah,base+03923h
  dw 00845h,base+03325h
  dw 01A22h,base+0261Eh
  dw 0071Bh,base+028BCh
  dw 00643h,base+03AA7h
  dw 01A22h,base+02638h
  dw 0071Ch,base+03A29h
  dw 00542h,base+03B23h
  dw 01A23h,base+02652h
  dw 0061Ch,base+039D5h
  dw 00442h,base+03227h
  dw 01923h,base+026D0h
  dw 0051Bh,base+03A68h
  dw 00442h,base+03227h
  dw 01923h,base+026E9h
  dw 0051Bh,base+03A68h
  dw 00442h,base+03227h
  dw 01923h,base+02702h
  dw 0061Ah,base+039D5h
  dw 00544h,base+01711h
  dw 01822h,base+027DBh
  dw 00619h,base+03AF9h
  dw 00645h,base+03AFFh
  dw 01821h,base+027F3h
  dw 0071Ah,base+03A29h
  dw 00546h,base+021CDh
  dw 01620h,base+02905h
  dw 0071Ah,base+028BCh
  dw 00546h,base+021CDh
  dw 01620h,base+0291Bh
  dw 0071Ah,base+03A30h
  dw 00500h,base+000FDh

GoatAttackframe005:
  db 050h,016h,02Ch,021h
  db 05Eh
  db 000h,000h,0DFh,000h,000h
  db 000h,000h
  dw 00380h,base+0005Eh
  dw 0047Fh,base+0005Dh
  dw 00680h,base+03B05h
  dw 00780h,base+03053h
  dw 00780h,base+00206h
  dw 0080Ah,base+00206h
  dw 00276h,base+00001h
  dw 00D81h,base+0329Eh
  dw 00E80h,base+03258h
  dw 00E80h,base+03195h
  dw 00F80h,base+03195h
  dw 00F80h,base+031A4h
  dw 00F80h,base+031B3h
  dw 00F7Fh,base+031C2h
  dw 00F80h,base+031D1h
  dw 00F80h,base+031C2h
  dw 00D80h,base+02B33h
  dw 00D69h,base+02B34h
  dw 00117h,base+00206h
  dw 00C69h,base+031D1h
  dw 00218h,base+03B58h
  dw 00A68h,base+02B33h
  dw 0021Eh,base+00057h
  dw 00461h,base+001DBh
  dw 0031Fh,base+00206h
  dw 00461h,base+001DBh
  dw 0041Fh,base+031F3h
  dw 00400h,base+001DBh

GoatAttackframe006:
  db 06Eh,01Bh,022h,037h
  db 02Ch
  db 000h,000h,0C9h,000h,000h
  db 000h,000h
  dw 00417h,base+031F3h
  dw 00308h,base+000FDh
  dw 00461h,base+00001h
  dw 0040Bh,base+00206h
  dw 00307h,base+000FDh
  dw 00A0Dh,base+036A0h
  dw 0030Bh,base+00000h
  dw 00356h,base+00206h
  dw 0050Ah,base+0005Ch
  dw 01316h,base+02C45h
  dw 00209h,base+00003h
  dw 00557h,base+00206h
  dw 0060Ah,base+00E73h
  dw 0141Fh,base+02B19h
  dw 00656h,base+0005Bh
  dw 0080Ah,base+0392Bh
  dw 0161Fh,base+028D9h
  dw 00757h,base+00206h
  dw 0080Ah,base+034FDh
  dw 0171Fh,base+0287Eh
  dw 00857h,base+00059h
  dw 0080Ah,base+0101Eh
  dw 0181Eh,base+027C3h
  dw 00A57h,base+036DCh
  dw 0090Bh,base+034A9h
  dw 00305h,base+00539h
  dw 01519h,base+02A0Bh
  dw 00A57h,base+000B7h
  dw 0090Bh,base+013F1h
  dw 00305h,base+03B4Dh
  dw 01619h,base+028EFh
  dw 00B57h,base+03432h
  dw 0090Bh,base+02A80h
  dw 00304h,base+00539h
  dw 01719h,base+02895h
  dw 00C58h,base+03431h
  dw 0090Bh,base+0384Ch
  dw 02975h,base+0050Ah
  dw 0090Bh,base+0384Ch
  dw 02976h,base+00533h
  dw 0070Bh,base+02A38h
  dw 02875h,base+0069Eh
  dw 0070Bh,base+03A37h
  dw 02875h,base+006C6h
  dw 0060Bh,base+00D9Ah
  dw 02875h,base+006EEh
  dw 0060Ch,base+00C25h
  dw 02774h,base+00A0Ch
  dw 0060Ch,base+00C25h
  dw 02775h,base+00A33h
  dw 0040Ch,base+001DBh
  dw 02574h,base+00D59h
  dw 0040Ch,base+0134Fh
  dw 02570h,base+00D7Eh
  dw 0020Dh,base+00000h
  dw 02773h,base+00A5Ah
  dw 0030Dh,base+00002h
  dw 02672h,base+00C05h
  dw 0040Eh,base+00000h
  dw 02672h,base+00C2Bh
  dw 0040Eh,base+00000h
  dw 02572h,base+00DA3h
  dw 0040Dh,base+00000h
  dw 02223h,base+014ABh
  dw 00350h,base+00002h
  dw 0040Dh,base+00000h
  dw 02373h,base+011AFh
  dw 0040Ch,base+001DBh
  dw 02474h,base+00F10h
  dw 0040Ch,base+001DBh
  dw 02400h,base+00F34h

GoatAttackframe007:
  db 08Ch,01Bh,00Eh,052h
  db 022h
  db 000h,000h,0AEh,000h,000h
  db 000h,000h
  dw 0040Ch,base+001DBh
  dw 02527h,base+00DC8h
  dw 0064Dh,base+0005Bh
  dw 0040Bh,base+00001h
  dw 02627h,base+00C51h
  dw 0084Eh,base+00059h
  dw 0070Bh,base+037A7h
  dw 02F75h,base+001E0h
  dw 0070Bh,base+003AAh
  dw 03075h,base+00031h
  dw 0080Bh,base+03005h
  dw 03075h,base+00061h
  dw 0080Bh,base+0054Fh
  dw 03075h,base+00091h
  dw 0080Bh,base+0054Fh
  dw 03070h,base+000C1h
  dw 00305h,base+00057h
  dw 0080Ch,base+0054Fh
  dw 0306Eh,base+000F1h
  dw 00506h,base+00057h
  dw 0080Ch,base+0054Fh
  dw 0306Bh,base+00121h
  dw 01115h,base+03051h
  dw 0306Ah,base+00151h
  dw 01217h,base+02F08h
  dw 02F69h,base+0020Fh
  dw 00B0Dh,base+0054Fh
  dw 0050Ah,base+0005Ch
  dw 02F69h,base+0023Eh
  dw 00C0Dh,base+0343Dh
  dw 0040Ah,base+00206h
  dw 02F69h,base+0026Dh
  dw 00C0Eh,base+03449h
  dw 00309h,base+0005Eh
  dw 02F69h,base+0029Ch
  dw 00C0Eh,base+013E9h
  dw 00209h,base+00206h
  dw 02F69h,base+002CBh
  dw 00D17h,base+032ABh
  dw 02F6Ah,base+002FAh
  dw 00C16h,base+00A27h
  dw 00809h,base+036E8h
  dw 02561h,base+00DEDh
  dw 00C14h,base+03455h
  dw 00A0Dh,base+036E6h
  dw 02360h,base+011D2h
  dw 00A13h,base+036F0h
  dw 00A0Dh,base+00489h
  dw 02361h,base+011F5h
  dw 00304h,base+0370Eh
  dw 0040Dh,base+00057h
  dw 00B0Eh,base+035B9h
  dw 02265h,base+014CDh
  dw 0030Dh,base+00206h
  dw 00A0Eh,base+035B9h
  dw 02372h,base+01218h
  dw 00A0Eh,base+036FAh
  dw 02372h,base+0123Bh
  dw 00A0Fh,base+03704h
  dw 02371h,base+0125Eh
  dw 00A0Fh,base+0370Eh
  dw 02372h,base+01281h
  dw 0090Eh,base+03855h
  dw 02372h,base+012A4h
  dw 0080Dh,base+03933h
  dw 0236Ch,base+012C7h
  dw 00307h,base+0005Eh
  dw 0080Dh,base+0393Bh
  dw 01F20h,base+01E88h
  dw 00300h,base+0370Eh

GoatAttackframe008:
  db 098h,01Bh,002h,06Dh
  db 028h
  db 000h,000h,093h,000h,000h
  db 000h,000h
  dw 00508h,base+0005Ch
  dw 0080Ch,base+03943h
  dw 02062h,base+01B8Bh
  dw 00209h,base+00057h
  dw 0060Ah,base+00206h
  dw 0060Bh,base+03B0Bh
  dw 02061h,base+01BABh
  dw 0040Ah,base+031F3h
  dw 0070Ah,base+0005Ah
  dw 0060Bh,base+03B11h
  dw 02061h,base+01BCBh
  dw 00409h,base+00057h
  dw 0080Bh,base+0394Bh
  dw 0070Bh,base+03A3Eh
  dw 01F61h,base+01EA7h
  dw 00509h,base+0005Ch
  dw 0070Bh,base+00057h
  dw 0070Bh,base+03A45h
  dw 02261h,base+014EFh
  dw 00508h,base+00057h
  dw 0080Ch,base+00206h
  dw 0080Bh,base+03953h
  dw 01516h,base+02A89h
  dw 00C4Bh,base+03461h
  dw 00608h,base+0005Bh
  dw 0080Ch,base+0394Bh
  dw 0080Bh,base+03953h
  dw 01213h,base+02F1Ah
  dw 00204h,base+03B56h
  dw 00C48h,base+0346Dh
  dw 0080Ah,base+0395Bh
  dw 0080Ch,base+00059h
  dw 0080Bh,base+03963h
  dw 01213h,base+02F2Ch
  dw 00204h,base+03B56h
  dw 00C48h,base+03479h
  dw 0080Ah,base+0396Bh
  dw 0070Ch,base+00057h
  dw 0080Bh,base+03963h
  dw 01213h,base+02F3Eh
  dw 00304h,base+03B50h
  dw 00C45h,base+03485h
  dw 00A0Dh,base+03718h
  dw 0070Ch,base+0005Ah
  dw 0080Bh,base+03963h
  dw 01113h,base+03062h
  dw 00405h,base+031F3h
  dw 00C44h,base+03491h
  dw 00A0Dh,base+03722h
  dw 0060Ch,base+00057h
  dw 0080Ch,base+03973h
  dw 01012h,base+03175h
  dw 00405h,base+00057h
  dw 00C43h,base+0349Dh
  dw 00A0Dh,base+03199h
  dw 0080Dh,base+0397Bh
  dw 0070Ch,base+03963h
  dw 00F11h,base+031E0h
  dw 00607h,base+03B05h
  dw 00B41h,base+035C4h
  dw 00C0Eh,base+034A9h
  dw 0090Dh,base+0385Eh
  dw 0050Eh,base+03963h
  dw 00D0Fh,base+032B8h
  dw 00607h,base+00057h
  dw 00B41h,base+035CFh
  dw 00C0Dh,base+03197h
  dw 00A0Fh,base+0372Ch
  dw 0040Dh,base+0354Dh
  dw 00D0Fh,base+032C5h
  dw 00608h,base+00057h
  dw 00B3Fh,base+035DAh
  dw 00708h,base+00206h
  dw 00506h,base+00C25h
  dw 00A0Fh,base+031D1h
  dw 0050Dh,base+03214h
  dw 00C0Fh,base+034B5h
  dw 00609h,base+00057h
  dw 00A3Eh,base+03736h
  dw 00809h,base+0394Bh
  dw 00405h,base+001DBh
  dw 00A0Fh,base+031D1h
  dw 0050Dh,base+00513h
  dw 00C0Dh,base+034C1h
  dw 0090Ch,base+03867h
  dw 0093Dh,base+03870h
  dw 00809h,base+02E8Ah
  dw 00406h,base+0134Fh
  dw 0090Eh,base+02B38h
  dw 0050Dh,base+021CDh
  dw 00C0Dh,base+034CDh
  dw 0090Dh,base+03879h
  dw 0083Ch,base+03983h
  dw 0090Ah,base+03882h
  dw 00205h,base+00001h
  dw 0080Eh,base+0318Bh
  dw 0050Eh,base+021CDh
  dw 00A0Bh,base+03740h
  dw 00A0Fh,base+0374Ah
  dw 0073Ch,base+03A4Ch
  dw 0080Fh,base+010ACh
  dw 0070Ch,base+03A53h
  dw 0070Fh,base+033E3h
  dw 00A0Bh,base+03754h
  dw 00B0Fh,base+035E5h
  dw 0073Ch,base+03A5Ah
  dw 00810h,base+034FDh
  dw 0050Bh,base+00C25h
  dw 00710h,base+033E3h
  dw 0080Ah,base+0398Bh
  dw 00B0Eh,base+035F0h
  dw 0083Eh,base+03993h
  dw 00710h,base+010ADh
  dw 0040Ah,base+0134Fh
  dw 00711h,base+03A61h
  dw 0070Ah,base+03A68h
  dw 00A0Dh,base+0375Eh
  dw 0083Eh,base+03993h
  dw 0071Ah,base+0384Ch
  dw 00711h,base+03A6Fh
  dw 0070Ah,base+03A76h
  dw 00A0Dh,base+03768h
  dw 0083Fh,base+0399Bh
  dw 00619h,base+01020h
  dw 00711h,base+03A7Dh
  dw 0060Ah,base+0398Bh
  dw 00A0Dh,base+03772h
  dw 0083Fh,base+039A3h
  dw 00619h,base+03894h
  dw 00711h,base+03A84h
  dw 0060Bh,base+03AF9h
  dw 0090Bh,base+02695h
  dw 00941h,base+0388Bh
  dw 00518h,base+01308h
  dw 00710h,base+03A29h
  dw 0070Ch,base+03A29h
  dw 0090Bh,base+02B38h
  dw 0085Ah,base+039ABh
  dw 0050Fh,base+01184h
  dw 0071Ah,base+028BCh
  dw 00557h,base+021CDh
  dw 0050Fh,base+000FDh
  dw 0071Ah,base+03A2Fh
  dw 00500h,base+000FDh

GoatAttackframe009:
  db 056h,01Bh,03Ah,037h
  db 05Ah
  db 000h,000h,0C9h,000h,000h
  db 000h,000h
  dw 00374h,base+000FDh
  dw 00307h,base+000FDh
  dw 00A78h,base+036A0h
  dw 01380h,base+02C45h
  dw 0147Fh,base+02B19h
  dw 01680h,base+028D9h
  dw 01780h,base+0287Eh
  dw 01880h,base+027C3h
  dw 00305h,base+00539h
  dw 0157Bh,base+02A0Bh
  dw 00305h,base+03B4Dh
  dw 0167Bh,base+028EFh
  dw 00304h,base+00539h
  dw 0177Ch,base+02895h
  dw 01C80h,base+0050Ah
  dw 01C81h,base+00533h
  dw 01C80h,base+02579h
  dw 01D80h,base+02318h
  dw 01D81h,base+02335h
  dw 01D80h,base+02352h
  dw 01D81h,base+0236Fh
  dw 01D80h,base+0238Ch
  dw 01D7Dh,base+023A9h
  dw 02080h,base+01AEBh
  dw 02125h,base+016CBh
  dw 0025Bh,base+0005Fh
  dw 02124h,base+016ECh
  dw 0035Ch,base+00206h
  dw 02124h,base+0170Dh
  dw 0045Bh,base+0005Dh
  dw 02224h,base+01423h
  dw 0055Ch,base+00206h
  dw 02324h,base+01146h
  dw 0055Bh,base+00206h
  dw 02425h,base+00E80h
  dw 0065Bh,base+03B05h
  dw 02425h,base+00EA4h
  dw 00600h,base+00206h

GoatAttackframe010:
  db 0A2h,01Bh,006h,052h
  db 03Ah
  db 000h,000h,0AEh,000h,000h
  db 000h,000h
  dw 02C7Fh,base+0040Bh
  dw 02D80h,base+00357h
  dw 02D7Dh,base+00384h
  dw 00203h,base+00003h
  dw 02D7Ch,base+003B1h
  dw 00304h,base+00000h
  dw 02D2Fh,base+003DEh
  dw 0044Dh,base+0005Dh
  dw 03032h,base+00181h
  dw 0054Dh,base+00206h
  dw 03133h,base+00000h
  dw 0064Dh,base+0005Bh
  dw 00506h,base+00C26h
  dw 0292Ch,base+0055Ch
  dw 0074Ch,base+00206h
  dw 00608h,base+013F4h
  dw 0292Ch,base+00585h
  dw 0094Bh,base+02E9Ch
  dw 00709h,base+039F3h
  dw 0282Ch,base+00716h
  dw 00A4Bh,base+0377Ch
  dw 0070Ah,base+032E5h
  dw 0272Bh,base+00A81h
  dw 00A3Dh,base+02B91h
  dw 0030Dh,base+03B53h
  dw 0070Bh,base+0384Ch
  dw 0282Ch,base+0073Eh
  dw 0093Ch,base+0319Ah
  dw 0030Dh,base+00057h
  dw 0070Bh,base+0391Bh
  dw 00607h,base+03AC9h
  dw 02125h,base+017F4h
  dw 0093Bh,base+02611h
  dw 0050Eh,base+03B40h
  dw 0070Bh,base+0101Fh
  dw 00607h,base+03ACFh
  dw 02225h,base+01511h
  dw 0093Bh,base+03894h
  dw 0050Dh,base+00057h
  dw 0080Ch,base+039B3h
  dw 00608h,base+03ACFh
  dw 02125h,base+01815h
  dw 0073Ah,base+02B80h
  dw 0050Dh,base+00057h
  dw 0080Ch,base+028B2h
  dw 00608h,base+03AD5h
  dw 02225h,base+01533h
  dw 0073Ah,base+03A53h
  dw 0060Ch,base+0005Bh
  dw 0090Dh,base+0389Dh
  dw 00609h,base+03AD5h
  dw 02125h,base+01836h
  dw 00539h,base+001DBh
  dw 0060Ch,base+0005Bh
  dw 0090Dh,base+0389Dh
  dw 0060Bh,base+03ADBh
  dw 01F23h,base+01EC6h
  dw 00538h,base+00000h
  dw 0070Dh,base+0322Fh
  dw 0080Dh,base+034FDh
  dw 0060Bh,base+03AE1h
  dw 01F5Ah,base+01EE5h
  dw 0080Eh,base+0395Bh
  dw 0080Dh,base+034FDh
  dw 0060Bh,base+03AE1h
  dw 0205Ah,base+01BEBh
  dw 0080Fh,base+0396Bh
  dw 0070Ch,base+010ADh
  dw 0060Bh,base+03AE1h
  dw 02025h,base+01C0Bh
  dw 00235h,base+00206h
  dw 0070Fh,base+00A27h
  dw 0070Ch,base+0391Bh
  dw 0060Bh,base+03AE1h
  dw 02025h,base+01C2Bh
  dw 00535h,base+0005Ch
  dw 00710h,base+01329h
  dw 00607h,base+01020h
  dw 00204h,base+0005Fh
  dw 0060Ch,base+03AE7h
  dw 01F23h,base+01F04h
  dw 00636h,base+00206h
  dw 00712h,base+0318Bh
  dw 00F15h,base+031EFh
  dw 01F23h,base+01F23h
  dw 00737h,base+0005Ah
  dw 00709h,base+01329h
  dw 00208h,base+00206h
  dw 00F15h,base+031FEh
  dw 02023h,base+01C4Bh
  dw 00738h,base+00057h
  dw 00608h,base+0132Ah
  dw 00309h,base+0005Eh
  dw 00E13h,base+03266h
  dw 02124h,base+01857h
  dw 00738h,base+00057h
  dw 00607h,base+00C25h
  dw 0040Ch,base+00206h
  dw 00C11h,base+034D9h
  dw 02224h,base+01555h
  dw 00700h,base+03A8Bh

GoatAttackframe011:
  db 0B2h,01Bh,002h,06Dh
  db 00Ch
  db 000h,000h,093h,000h,000h
  db 000h,000h
  dw 00406h,base+001DBh
  dw 0050Ch,base+0005Ch
  dw 00C10h,base+034E5h
  dw 02325h,base+012EAh
  dw 0073Ah,base+02EC7h
  dw 00305h,base+00002h
  dw 0050Ch,base+00057h
  dw 00B10h,base+035FBh
  dw 02325h,base+0130Dh
  dw 0073Eh,base+03A92h
  dw 0060Ch,base+00057h
  dw 00C11h,base+034F1h
  dw 02325h,base+01330h
  dw 0063Dh,base+00A28h
  dw 0080Dh,base+0394Bh
  dw 00C11h,base+034FDh
  dw 02225h,base+01577h
  dw 0063Bh,base+03B17h
  dw 00A0Fh,base+03786h
  dw 00C11h,base+03509h
  dw 02224h,base+01599h
  dw 0063Bh,base+00D9Ah
  dw 00B10h,base+03606h
  dw 00B11h,base+03611h
  dw 02124h,base+01878h
  dw 0063Bh,base+01328h
  dw 00C10h,base+03515h
  dw 00B11h,base+0361Ch
  dw 01617h,base+02931h
  dw 00A0Dh,base+03790h
  dw 0063Bh,base+01328h
  dw 00C10h,base+03521h
  dw 00B11h,base+03627h
  dw 01617h,base+02947h
  dw 00A0Dh,base+02F50h
  dw 0063Bh,base+01328h
  dw 00D10h,base+032D2h
  dw 00B11h,base+0352Eh
  dw 01617h,base+0295Dh
  dw 00B0Dh,base+0358Dh
  dw 0063Bh,base+01328h
  dw 00D0Fh,base+032DFh
  dw 00C12h,base+0352Dh
  dw 01618h,base+02973h
  dw 00A0Ch,base+036AAh
  dw 0063Bh,base+00D9Ah
  dw 00D0Fh,base+032ECh
  dw 00C12h,base+03539h
  dw 00B0Ch,base+03632h
  dw 00A0Ch,base+0379Ah
  dw 00B0Dh,base+03598h
  dw 00509h,base+00C26h
  dw 00231h,base+00206h
  dw 00D0Fh,base+032F9h
  dw 00C12h,base+03539h
  dw 00B0Ch,base+0363Dh
  dw 00A0Dh,base+037A4h
  dw 00A0Dh,base+036D2h
  dw 00308h,base+00001h
  dw 00331h,base+0005Eh
  dw 00D0Fh,base+032F9h
  dw 00C12h,base+03539h
  dw 00A0Dh,base+037AEh
  dw 0080Ch,base+039BBh
  dw 00B0Dh,base+035A3h
  dw 00207h,base+00000h
  dw 0042Eh,base+00206h
  dw 00205h,base+0005Fh
  dw 00B0Eh,base+02B33h
  dw 00C12h,base+03545h
  dw 00A0Dh,base+037B8h
  dw 0080Ch,base+039C3h
  dw 00C14h,base+03551h
  dw 0052Dh,base+0005Ch
  dw 00406h,base+031F3h
  dw 00B0Fh,base+03648h
  dw 00F12h,base+0320Dh
  dw 0090Eh,base+037B9h
  dw 00509h,base+00C26h
  dw 00D14h,base+03306h
  dw 0062Eh,base+03B05h
  dw 00407h,base+00057h
  dw 00912h,base+02695h
  dw 00B0Ch,base+03653h
  dw 00B10h,base+0365Eh
  dw 00509h,base+001DBh
  dw 00D14h,base+03313h
  dw 0062Dh,base+0005Bh
  dw 00607h,base+03B05h
  dw 00913h,base+02695h
  dw 00E0Fh,base+03274h
  dw 0090Dh,base+038A6h
  dw 00609h,base+00C25h
  dw 00D14h,base+03320h
  dw 0062Dh,base+00057h
  dw 0101Bh,base+03185h
  dw 0171Ch,base+028ACh
  dw 00507h,base+00C26h
  dw 00708h,base+03017h
  dw 0060Ch,base+03AA7h
  dw 0072Eh,base+00206h
  dw 00A1Bh,base+037C2h
  dw 00E0Fh,base+03282h
  dw 0080Dh,base+039CBh
  dw 00506h,base+00000h
  dw 0090Ah,base+00D75h
  dw 0050Bh,base+03B23h
  dw 0072Eh,base+00206h
  dw 00A1Ch,base+037C2h
  dw 00D0Eh,base+0332Dh
  dw 0080Eh,base+039D3h
  dw 00405h,base+00001h
  dw 00A0Bh,base+03003h
  dw 0040Ah,base+03227h
  dw 0072Eh,base+0037Ch
  dw 00A1Ch,base+037C2h
  dw 00D11h,base+0332Dh
  dw 0050Bh,base+03A68h
  dw 00305h,base+00000h
  dw 00A0Bh,base+00A27h
  dw 0040Ah,base+03227h
  dw 0072Eh,base+003AAh
  dw 00A1Ch,base+037CCh
  dw 00D11h,base+0332Dh
  dw 0050Ch,base+03A68h
  dw 00204h,base+00003h
  dw 00F14h,base+0321Ch
  dw 0082Fh,base+039DBh
  dw 00A1Ch,base+02A7Fh
  dw 00D11h,base+0333Ah
  dw 00610h,base+039D5h
  dw 00F14h,base+0322Bh
  dw 0072Fh,base+0318Bh
  dw 00A1Ch,base+037D6h
  dw 00D11h,base+03347h
  dw 00611h,base+03AF9h
  dw 00E13h,base+03290h
  dw 00830h,base+0352Dh
  dw 0081Bh,base+013F2h
  dw 00D10h,base+03354h
  dw 00712h,base+03A29h
  dw 00D14h,base+03361h
  dw 0072Fh,base+01328h
  dw 0081Ch,base+039E3h
  dw 00B0Fh,base+03669h
  dw 00712h,base+028BCh
  dw 00D14h,base+0336Eh
  dw 00732h,base+0318Bh
  dw 00519h,base+00000h
  dw 00507h,base+000FDh
  dw 00408h,base+00001h
  dw 00712h,base+03A2Fh
  dw 00D15h,base+0337Bh
  dw 00600h,base+00D9Ah

GoatAttackframe012:
  db 048h,01Bh,03Ah,037h
  db 05Ah
  db 000h,000h,0C9h,000h,000h
  db 000h,000h
  dw 00374h,base+000FDh
  dw 00307h,base+000FDh
  dw 00A78h,base+036A0h
  dw 01380h,base+02C45h
  dw 0147Fh,base+02B19h
  dw 01680h,base+028D9h
  dw 01780h,base+0287Eh
  dw 01880h,base+027C3h
  dw 00305h,base+00539h
  dw 0157Bh,base+02A0Bh
  dw 00305h,base+03B4Dh
  dw 0167Bh,base+028EFh
  dw 00304h,base+00539h
  dw 0177Ch,base+02895h
  dw 01C80h,base+0050Ah
  dw 01C81h,base+00533h
  dw 01C80h,base+02579h
  dw 01D80h,base+02318h
  dw 01D81h,base+02335h
  dw 01D80h,base+02352h
  dw 01D81h,base+0236Fh
  dw 01D80h,base+0238Ch
  dw 01D7Dh,base+023A9h
  dw 02080h,base+01AEBh
  dw 02180h,base+016CBh
  dw 02180h,base+016ECh
  dw 0217Fh,base+0170Dh
  dw 02280h,base+01423h
  dw 0237Fh,base+01146h
  dw 02480h,base+00E80h
  dw 02400h,base+00EA4h

GoatAttackframe013:
  db 05Eh,01Bh,038h,052h
  db 03Ah
  db 000h,000h,0AEh,000h,000h
  db 000h,000h
  dw 0257Fh,base+00D34h
  dw 02680h,base+00BDFh
  dw 02680h,base+00384h
  dw 02780h,base+009BEh
  dw 02780h,base+003DEh
  dw 02880h,base+005D6h
  dw 02881h,base+00005h
  dw 02880h,base+005FEh
  dw 02880h,base+00766h
  dw 02881h,base+0078Eh
  dw 02780h,base+00AA8h
  dw 02880h,base+007B6h
  dw 00607h,base+03AC9h
  dw 02179h,base+01899h
  dw 00607h,base+03ACFh
  dw 02279h,base+015BBh
  dw 00608h,base+03ACFh
  dw 02178h,base+018BAh
  dw 00608h,base+03AD5h
  dw 02178h,base+018DBh
  dw 00609h,base+03AD5h
  dw 02077h,base+01C6Bh
  dw 0060Bh,base+03ADBh
  dw 01F75h,base+01F42h
  dw 0060Bh,base+03AE1h
  dw 01F75h,base+01F61h
  dw 0060Bh,base+03AE1h
  dw 01F75h,base+01F80h
  dw 0060Bh,base+03AE1h
  dw 01F75h,base+01F9Fh
  dw 0060Bh,base+03AE1h
  dw 01F75h,base+01FBEh
  dw 0060Ch,base+03AE7h
  dw 01E73h,base+0220Ah
  dw 0070Dh,base+031F7h
  dw 02073h,base+01C8Bh
  dw 0070Dh,base+03A1Bh
  dw 02173h,base+018FCh
  dw 0070Ch,base+03A22h
  dw 02274h,base+015DDh
  dw 0070Ch,base+033F6h
  dw 02200h,base+015FFh

GoatAttackframe014:
  db 098h,01Bh,00Ah,06Dh
  db 03Ah
  db 000h,000h,093h,000h,000h
  db 000h,000h
  dw 0070Bh,base+033F6h
  dw 02375h,base+01353h
  dw 0060Bh,base+03AEDh
  dw 02375h,base+01376h
  dw 0060Bh,base+03AF3h
  dw 02275h,base+01621h
  dw 0060Bh,base+004B6h
  dw 02123h,base+0191Dh
  dw 00452h,base+0005Dh
  dw 0060Bh,base+03B1Dh
  dw 02022h,base+01CABh
  dw 00553h,base+00206h
  dw 0050Bh,base+03953h
  dw 01516h,base+02A9Eh
  dw 00A0Ch,base+037E0h
  dw 00653h,base+0005Bh
  dw 0050Bh,base+03953h
  dw 01517h,base+02AB3h
  dw 0090Ah,base+038AFh
  dw 0074Ch,base+03A99h
  dw 00208h,base+0005Fh
  dw 0050Bh,base+03963h
  dw 01517h,base+02AC8h
  dw 01255h,base+02F50h
  dw 00309h,base+00206h
  dw 0050Bh,base+03963h
  dw 01617h,base+02989h
  dw 01255h,base+02F62h
  dw 00409h,base+0005Dh
  dw 0050Bh,base+03963h
  dw 01618h,base+0299Fh
  dw 01146h,base+03073h
  dw 0030Dh,base+03B53h
  dw 0050Ah,base+00206h
  dw 0050Ch,base+03963h
  dw 00A0Bh,base+036BEh
  dw 00A0Ch,base+037EAh
  dw 01146h,base+03084h
  dw 0030Dh,base+00057h
  dw 0050Ah,base+00206h
  dw 0050Ch,base+03963h
  dw 00A0Bh,base+036C8h
  dw 00A0Dh,base+037F4h
  dw 00F44h,base+0323Ah
  dw 0050Eh,base+03B40h
  dw 0050Ah,base+00057h
  dw 0050Eh,base+03963h
  dw 0070Ah,base+033CFh
  dw 0090Ch,base+01595h
  dw 00F44h,base+03249h
  dw 0050Dh,base+00057h
  dw 0060Ch,base+00206h
  dw 0040Dh,base+0354Dh
  dw 0070Ah,base+033CFh
  dw 0090Dh,base+038B8h
  dw 00D43h,base+03388h
  dw 0050Dh,base+00057h
  dw 0060Ch,base+0005Bh
  dw 0050Dh,base+03214h
  dw 0070Ah,base+033CFh
  dw 0090Eh,base+02F08h
  dw 00B42h,base+03674h
  dw 0070Ch,base+00FFAh
  dw 0070Dh,base+03AA0h
  dw 0050Dh,base+00513h
  dw 0070Bh,base+033CFh
  dw 0080Eh,base+00527h
  dw 00A41h,base+037FEh
  dw 0080Ch,base+039EBh
  dw 0070Dh,base+03627h
  dw 0050Dh,base+021CDh
  dw 0090Dh,base+038C1h
  dw 0060Dh,base+00057h
  dw 00940h,base+038CAh
  dw 0080Ch,base+0101Eh
  dw 0070Dh,base+039F3h
  dw 0050Eh,base+03B45h
  dw 0090Ch,base+038D3h
  dw 0060Fh,base+00206h
  dw 0073Eh,base+03AA7h
  dw 0080Ch,base+013F2h
  dw 0080Ch,base+039F3h
  dw 0070Fh,base+03AAEh
  dw 0090Dh,base+038DCh
  dw 0050Fh,base+0005Ch
  dw 0063Dh,base+03B23h
  dw 0080Dh,base+013F2h
  dw 0070Bh,base+02612h
  dw 00710h,base+03AB5h
  dw 0090Ch,base+038E5h
  dw 00410h,base+00206h
  dw 0043Ch,base+03227h
  dw 0080Dh,base+039FBh
  dw 00709h,base+03ABCh
  dw 00912h,base+038EEh
  dw 0090Dh,base+038F7h
  dw 0030Fh,base+03B53h
  dw 0043Dh,base+03227h
  dw 0070Dh,base+02A82h
  dw 00608h,base+01328h
  dw 00911h,base+03900h
  dw 00A1Dh,base+03808h
  dw 0043Dh,base+03227h
  dw 0060Dh,base+03B29h
  dw 00607h,base+0132Ah
  dw 00A12h,base+03812h
  dw 00A1Ch,base+03808h
  dw 0053Fh,base+01711h
  dw 0050Ch,base+00000h
  dw 00507h,base+00C25h
  dw 00A12h,base+0381Ch
  dw 00A1Bh,base+03826h
  dw 00640h,base+03AFFh
  dw 0050Dh,base+00C26h
  dw 00206h,base+00003h
  dw 00A13h,base+03830h
  dw 0081Ah,base+03A03h
  dw 00540h,base+021CDh
  dw 00513h,base+00C26h
  dw 00913h,base+03909h
  dw 0081Ah,base+03A0Bh
  dw 00540h,base+021CDh
  dw 00413h,base+001DBh
  dw 00913h,base+03912h
  dw 0081Ah,base+03A13h
  dw 00500h,base+000FDh

GoatAttackframe015:
  db 048h,01Bh,03Ah,037h
  db 05Ah
  db 000h,000h,0C9h,000h,000h
  db 000h,000h
  dw 00374h,base+000FDh
  dw 00307h,base+000FDh
  dw 00A78h,base+036A0h
  dw 01380h,base+02C45h
  dw 0147Fh,base+02B19h
  dw 01680h,base+028D9h
  dw 01780h,base+0287Eh
  dw 01880h,base+027C3h
  dw 00305h,base+00539h
  dw 0157Bh,base+02A0Bh
  dw 00305h,base+03B4Dh
  dw 0167Bh,base+028EFh
  dw 00304h,base+00539h
  dw 0177Ch,base+02895h
  dw 01C80h,base+0050Ah
  dw 01C81h,base+00533h
  dw 01C80h,base+02579h
  dw 01D80h,base+02318h
  dw 01D81h,base+02335h
  dw 01D80h,base+02352h
  dw 01D81h,base+0236Fh
  dw 01D80h,base+0238Ch
  dw 01D7Dh,base+023A9h
  dw 02080h,base+01AEBh
  dw 02180h,base+016CBh
  dw 02180h,base+016ECh
  dw 0217Fh,base+0170Dh
  dw 02280h,base+01423h
  dw 0237Fh,base+01146h
  dw 02480h,base+00E80h
  dw 02400h,base+00EA4h

GoatAttackframe016:
  db 058h,01Bh,038h,052h
  db 03Ah
  db 000h,000h,0AEh,000h,000h
  db 000h,000h
  dw 0257Fh,base+00D34h
  dw 02680h,base+00BDFh
  dw 02680h,base+00384h
  dw 02780h,base+009BEh
  dw 02780h,base+003DEh
  dw 02880h,base+005D6h
  dw 02881h,base+00005h
  dw 02880h,base+005FEh
  dw 02880h,base+00766h
  dw 02881h,base+0078Eh
  dw 02780h,base+00AA8h
  dw 02880h,base+007B6h
  dw 00607h,base+03AC9h
  dw 02179h,base+01899h
  dw 00607h,base+03ACFh
  dw 02279h,base+015BBh
  dw 00608h,base+03ACFh
  dw 02178h,base+018BAh
  dw 00608h,base+03AD5h
  dw 02178h,base+018DBh
  dw 00609h,base+03AD5h
  dw 02077h,base+01C6Bh
  dw 0060Bh,base+03ADBh
  dw 01F75h,base+01F42h
  dw 0060Bh,base+03AE1h
  dw 01F75h,base+01F61h
  dw 0060Bh,base+03AE1h
  dw 01F75h,base+01FDDh
  dw 0060Bh,base+03AE1h
  dw 01F75h,base+01FFCh
  dw 0060Bh,base+03AE1h
  dw 01F75h,base+0201Bh
  dw 0060Ch,base+03AE7h
  dw 01E73h,base+02228h
  dw 0070Dh,base+031F7h
  dw 01E73h,base+02246h
  dw 0070Dh,base+03A1Bh
  dw 01E73h,base+012A4h
  dw 0070Ch,base+03A22h
  dw 01F74h,base+0203Ah
  dw 0070Ch,base+033F6h
  dw 01F00h,base+0116Dh

GoatAttackframe017:
  db 060h,01Bh,03Ah,06Dh
  db 03Ah
  db 000h,000h,093h,000h,000h
  db 000h,000h
  dw 0070Bh,base+033F6h
  dw 02075h,base+01CCBh
  dw 0060Bh,base+03AEDh
  dw 02075h,base+01CEBh
  dw 0060Bh,base+03AF3h
  dw 02075h,base+01D0Bh
  dw 0060Bh,base+004B6h
  dw 01F75h,base+004C1h
  dw 0060Bh,base+03B1Dh
  dw 01F75h,base+004EBh
  dw 0050Bh,base+03953h
  dw 01516h,base+01B76h
  dw 0095Fh,base+0188Eh
  dw 0050Bh,base+03953h
  dw 01213h,base+023D1h
  dw 00204h,base+03B56h
  dw 0095Eh,base+03790h
  dw 0050Bh,base+03963h
  dw 01213h,base+023EEh
  dw 00204h,base+03B56h
  dw 00A5Eh,base+02F50h
  dw 0050Bh,base+03963h
  dw 01213h,base+0240Bh
  dw 00204h,base+025AFh
  dw 00B5Eh,base+0358Dh
  dw 0050Bh,base+03963h
  dw 01114h,base+025A0h
  dw 00104h,base+00005h
  dw 00A5Dh,base+036AAh
  dw 0050Ch,base+03963h
  dw 00A0Bh,base+036BEh
  dw 0050Ch,base+03B3Bh
  dw 00B5Dh,base+03598h
  dw 0050Ch,base+03963h
  dw 00A0Bh,base+036C8h
  dw 0040Dh,base+03B3Bh
  dw 00A5Ch,base+036D2h
  dw 0050Eh,base+03963h
  dw 0070Ah,base+033CFh
  dw 0010Ch,base+00005h
  dw 00B5Dh,base+035A3h
  dw 0040Dh,base+0354Dh
  dw 0070Ah,base+033CFh
  dw 0010Dh,base+00005h
  dw 00B5Ch,base+035AEh
  dw 0050Dh,base+03214h
  dw 00718h,base+033CFh
  dw 00A5Bh,base+03309h
  dw 0050Dh,base+00513h
  dw 00719h,base+033CFh
  dw 0095Ah,base+03317h
  dw 0050Dh,base+021CDh
  dw 0081Ah,base+03923h
  dw 00859h,base+03325h
  dw 0050Eh,base+021CDh
  dw 0071Bh,base+028BCh
  dw 00656h,base+03AA7h
  dw 0070Fh,base+033E3h
  dw 0071Ch,base+03A29h
  dw 00555h,base+03B23h
  dw 00710h,base+033E3h
  dw 0061Ch,base+039D5h
  dw 00454h,base+03227h
  dw 00711h,base+03A61h
  dw 0051Bh,base+03A68h
  dw 00454h,base+03227h
  dw 00711h,base+03A6Fh
  dw 0051Bh,base+03A68h
  dw 00454h,base+03227h
  dw 00711h,base+03A7Dh
  dw 0061Ah,base+039D5h
  dw 00555h,base+01711h
  dw 00711h,base+03A84h
  dw 00619h,base+03AF9h
  dw 00656h,base+03AFFh
  dw 00710h,base+03A29h
  dw 0071Ah,base+03A29h
  dw 00557h,base+021CDh
  dw 0050Fh,base+01184h
  dw 0071Ah,base+028BCh
  dw 00557h,base+021CDh
  dw 0050Fh,base+000FDh
  dw 0071Ah,base+03A2Fh
  dw 00500h,base+000FDh

GoatAttackframe018:
  db 048h,01Bh,03Ah,037h
  db 05Ah
  db 000h,000h,0C9h,000h,000h
  db 000h,000h
  dw 00374h,base+000FDh
  dw 00307h,base+000FDh
  dw 00A78h,base+036A0h
  dw 01380h,base+02C45h
  dw 0147Fh,base+02B19h
  dw 01680h,base+028D9h
  dw 01780h,base+0287Eh
  dw 01880h,base+027C3h
  dw 00305h,base+00539h
  dw 0157Bh,base+02A0Bh
  dw 00305h,base+03B4Dh
  dw 0167Bh,base+028EFh
  dw 00304h,base+00539h
  dw 0177Ch,base+02895h
  dw 01C80h,base+0050Ah
  dw 01C81h,base+00533h
  dw 01C80h,base+02579h
  dw 01D80h,base+02318h
  dw 01D81h,base+0243Ah
  dw 01D80h,base+02457h
  dw 01D81h,base+02474h
  dw 01D80h,base+02491h
  dw 01D7Dh,base+024AEh
  dw 02080h,base+01D2Bh
  dw 02180h,base+0193Eh
  dw 02180h,base+0195Fh
  dw 0217Fh,base+01980h
  dw 02280h,base+01643h
  dw 0237Fh,base+01399h
  dw 02480h,base+00F58h
  dw 02400h,base+00F7Ch

GoatAttackframe019:
  db 058h,01Bh,038h,052h
  db 03Ah
  db 000h,000h,0AEh,000h,000h
  db 000h,000h
  dw 0257Fh,base+00E12h
  dw 02680h,base+00C77h
  dw 02680h,base+00C9Dh
  dw 02780h,base+00ACFh
  dw 02780h,base+00AF6h
  dw 02880h,base+007DEh
  dw 02881h,base+00806h
  dw 02880h,base+0082Eh
  dw 02880h,base+00856h
  dw 02881h,base+0087Eh
  dw 02780h,base+00B1Dh
  dw 02880h,base+008A6h
  dw 00607h,base+03AC9h
  dw 02179h,base+019A1h
  dw 00607h,base+03ACFh
  dw 02279h,base+01665h
  dw 00608h,base+03ACFh
  dw 02178h,base+019C2h
  dw 00608h,base+03AD5h
  dw 02178h,base+019E3h
  dw 00609h,base+03AD5h
  dw 02077h,base+01D4Bh
  dw 0060Bh,base+03ADBh
  dw 01F75h,base+02059h
  dw 0060Bh,base+03AE1h
  dw 01F75h,base+02078h
  dw 0060Bh,base+03AE1h
  dw 01F75h,base+02097h
  dw 0060Bh,base+03AE1h
  dw 01F75h,base+020B6h
  dw 0060Bh,base+03AE1h
  dw 01F75h,base+020D5h
  dw 0060Ch,base+03AE7h
  dw 01E73h,base+02264h
  dw 0070Dh,base+031F7h
  dw 01E73h,base+02282h
  dw 0070Dh,base+03A1Bh
  dw 01E73h,base+022A0h
  dw 0070Dh,base+03A22h
  dw 01E73h,base+022BEh
  dw 0070Eh,base+033F6h
  dw 01D00h,base+024CBh

GoatAttackframe020:
  db 060h,01Bh,03Ah,06Dh
  db 03Ah
  db 000h,000h,093h,000h,000h
  db 000h,000h
  dw 0070Eh,base+033F6h
  dw 01D72h,base+024E8h
  dw 0060Eh,base+03AEDh
  dw 01D72h,base+02505h
  dw 0060Eh,base+03AF3h
  dw 01D72h,base+02522h
  dw 0060Dh,base+004B6h
  dw 01D73h,base+0253Fh
  dw 0060Ah,base+03B1Dh
  dw 00203h,base+000FDh
  dw 01D73h,base+0255Ch
  dw 0050Ah,base+03953h
  dw 01617h,base+029B5h
  dw 0095Fh,base+0188Eh
  dw 00509h,base+03953h
  dw 01415h,base+02C09h
  dw 00204h,base+03B56h
  dw 0095Eh,base+03790h
  dw 00509h,base+03963h
  dw 01415h,base+02C1Dh
  dw 00204h,base+03B56h
  dw 00A5Eh,base+02F50h
  dw 00509h,base+03963h
  dw 01415h,base+02C31h
  dw 00204h,base+025AFh
  dw 00B5Eh,base+0358Dh
  dw 00509h,base+03963h
  dw 01316h,base+02D9Bh
  dw 00104h,base+00005h
  dw 00A5Dh,base+036AAh
  dw 00509h,base+03963h
  dw 00D0Eh,base+03395h
  dw 0050Ch,base+03B3Bh
  dw 00B5Dh,base+03598h
  dw 00509h,base+03963h
  dw 00D0Eh,base+033A2h
  dw 0040Dh,base+03B3Bh
  dw 00A5Ch,base+036D2h
  dw 00509h,base+03963h
  dw 00C0Fh,base+0355Dh
  dw 0010Ch,base+00005h
  dw 00B5Dh,base+035A3h
  dw 00408h,base+0354Dh
  dw 00C0Fh,base+03569h
  dw 0010Dh,base+00005h
  dw 00B5Ch,base+035AEh
  dw 00509h,base+03214h
  dw 00B1Ch,base+0367Fh
  dw 00A5Bh,base+03309h
  dw 00509h,base+00513h
  dw 00B1Dh,base+0368Ah
  dw 0095Ah,base+03317h
  dw 0050Dh,base+021CDh
  dw 0081Ah,base+03923h
  dw 00859h,base+03325h
  dw 0050Eh,base+021CDh
  dw 0071Bh,base+028BCh
  dw 00656h,base+03AA7h
  dw 0070Fh,base+033E3h
  dw 0071Ch,base+03A29h
  dw 00555h,base+03B23h
  dw 00710h,base+033E3h
  dw 0061Ch,base+039D5h
  dw 00454h,base+03227h
  dw 00711h,base+03A61h
  dw 0051Bh,base+03A68h
  dw 00454h,base+03227h
  dw 00711h,base+03A6Fh
  dw 0051Bh,base+03A68h
  dw 00454h,base+03227h
  dw 00711h,base+03A7Dh
  dw 0061Ah,base+039D5h
  dw 00555h,base+01711h
  dw 00711h,base+03A84h
  dw 00619h,base+03AF9h
  dw 00656h,base+03AFFh
  dw 00710h,base+03A29h
  dw 0071Ah,base+03A29h
  dw 00557h,base+021CDh
  dw 0050Fh,base+01184h
  dw 0071Ah,base+028BCh
  dw 00557h,base+021CDh
  dw 0050Fh,base+000FDh
  dw 0071Ah,base+03A2Fh
  dw 00500h,base+000FDh

GoatAttackframe021:
  db 048h,01Bh,03Ah,037h
  db 05Ah
  db 000h,000h,0C9h,000h,000h
  db 000h,000h
  dw 00374h,base+000FDh
  dw 00307h,base+000FDh
  dw 00A78h,base+036A0h
  dw 01380h,base+02C45h
  dw 0147Fh,base+02B19h
  dw 01680h,base+028D9h
  dw 01780h,base+0287Eh
  dw 01880h,base+027C3h
  dw 00305h,base+00539h
  dw 0157Bh,base+02A0Bh
  dw 00305h,base+03B4Dh
  dw 0167Bh,base+028EFh
  dw 00304h,base+00539h
  dw 0177Ch,base+02895h
  dw 01C80h,base+0050Ah
  dw 01C81h,base+00533h
  dw 01C80h,base+02579h
  dw 01D80h,base+02318h
  dw 01D81h,base+0243Ah
  dw 01D80h,base+02457h
  dw 01D81h,base+02474h
  dw 01D80h,base+02491h
  dw 01D7Dh,base+024AEh
  dw 02080h,base+01D6Bh
  dw 02180h,base+01A04h
  dw 02180h,base+01A25h
  dw 0217Fh,base+01A46h
  dw 02280h,base+01687h
  dw 0237Fh,base+013BCh
  dw 02480h,base+00FA0h
  dw 02400h,base+00FC4h

GoatAttackframe022:
  db 058h,01Bh,038h,052h
  db 03Ah
  db 000h,000h,0AEh,000h,000h
  db 000h,000h
  dw 0257Fh,base+00E37h
  dw 02680h,base+00CC3h
  dw 02680h,base+00CE9h
  dw 02780h,base+00B44h
  dw 02780h,base+00B6Bh
  dw 02880h,base+008CEh
  dw 02881h,base+008F6h
  dw 02880h,base+0091Eh
  dw 02880h,base+00946h
  dw 02881h,base+0096Eh
  dw 02780h,base+00B92h
  dw 02880h,base+00996h
  dw 00607h,base+03AC9h
  dw 02179h,base+01A67h
  dw 00607h,base+03ACFh
  dw 02279h,base+016A9h
  dw 00608h,base+03ACFh
  dw 02178h,base+01A88h
  dw 00608h,base+03AD5h
  dw 02178h,base+01AA9h
  dw 00609h,base+03AD5h
  dw 02077h,base+01D8Bh
  dw 0060Bh,base+03ADBh
  dw 01F75h,base+020F4h
  dw 0060Bh,base+03AE1h
  dw 01F75h,base+02113h
  dw 0060Bh,base+03AE1h
  dw 01F75h,base+02132h
  dw 0060Bh,base+03AE1h
  dw 01F75h,base+02151h
  dw 0060Bh,base+03AE1h
  dw 01F75h,base+02170h
  dw 0060Ch,base+03AE7h
  dw 01E73h,base+022DCh
  dw 0070Dh,base+031F7h
  dw 01E73h,base+022FAh
  dw 0070Ch,base+03A1Bh
  dw 01F74h,base+0218Fh
  dw 0070Ch,base+03A22h
  dw 01F74h,base+021AEh
  dw 0070Ch,base+033F6h
  dw 01F00h,base+021CDh

GoatAttackframe023:
  db 060h,01Bh,03Ah,06Dh
  db 03Ah
  db 000h,000h,093h,000h,000h
  db 000h,000h
  dw 0070Bh,base+033F6h
  dw 02075h,base+01DABh
  dw 0060Bh,base+03AEDh
  dw 02075h,base+01DCBh
  dw 0060Ah,base+03AF3h
  dw 02176h,base+01ACAh
  dw 0060Ah,base+004B6h
  dw 02076h,base+01DEBh
  dw 0060Ah,base+03B1Dh
  dw 02076h,base+01E0Bh
  dw 0050Ah,base+03953h
  dw 01617h,base+029CBh
  dw 0095Fh,base+0188Eh
  dw 0050Ah,base+03953h
  dw 01314h,base+02DAEh
  dw 00204h,base+03B56h
  dw 0095Eh,base+03790h
  dw 0050Ah,base+03963h
  dw 01314h,base+02DC1h
  dw 00204h,base+03B56h
  dw 00A5Eh,base+02F50h
  dw 0050Ah,base+03963h
  dw 01314h,base+02DD4h
  dw 00204h,base+025AFh
  dw 00B5Eh,base+0358Dh
  dw 00509h,base+03963h
  dw 01316h,base+02DE7h
  dw 00104h,base+00005h
  dw 00A5Dh,base+036AAh
  dw 00509h,base+03963h
  dw 00D0Eh,base+033AFh
  dw 0050Ch,base+03B3Bh
  dw 00B5Dh,base+03598h
  dw 00509h,base+03963h
  dw 00D0Eh,base+033BCh
  dw 0040Dh,base+03B3Bh
  dw 00A5Ch,base+036D2h
  dw 00509h,base+03963h
  dw 00C0Fh,base+03575h
  dw 0010Ch,base+00005h
  dw 00B5Dh,base+035A3h
  dw 00408h,base+0354Dh
  dw 00C0Fh,base+03575h
  dw 0010Dh,base+00005h
  dw 00B5Ch,base+035AEh
  dw 00507h,base+03214h
  dw 00D1Eh,base+033C9h
  dw 00A5Bh,base+03309h
  dw 00507h,base+00513h
  dw 00D1Fh,base+033D6h
  dw 0095Ah,base+03317h
  dw 00506h,base+021CDh
  dw 00607h,base+03B2Fh
  dw 0081Ah,base+03923h
  dw 00859h,base+03325h
  dw 00506h,base+021CDh
  dw 00608h,base+03B35h
  dw 0071Bh,base+028BCh
  dw 00656h,base+03AA7h
  dw 00D0Fh,base+033E3h
  dw 0071Ch,base+03A29h
  dw 00555h,base+03B23h
  dw 00D10h,base+033F0h
  dw 0061Ch,base+039D5h
  dw 00454h,base+03227h
  dw 00D11h,base+033FDh
  dw 0051Bh,base+03A68h
  dw 00454h,base+03227h
  dw 00D11h,base+0340Ah
  dw 0051Bh,base+03A68h
  dw 00454h,base+03227h
  dw 00D11h,base+03417h
  dw 0061Ah,base+039D5h
  dw 00555h,base+01711h
  dw 00D11h,base+03424h
  dw 00619h,base+03AF9h
  dw 00656h,base+03AFFh
  dw 00C10h,base+03581h
  dw 0071Ah,base+03A29h
  dw 00557h,base+021CDh
  dw 00B0Fh,base+03695h
  dw 0071Ah,base+028BCh
  dw 00557h,base+021CDh
  dw 00506h,base+000FDh
  dw 00409h,base+000FDh
  dw 0071Ah,base+03A2Fh
  dw 00500h,base+000FDh


