  dw GoatAttack2frame000
  dw GoatAttack2frame001
  dw GoatAttack2frame002
  dw GoatAttack2frame003
  dw GoatAttack2frame004
  dw GoatAttack2frame005
  dw GoatAttack2frame006
  dw GoatAttack2frame007
  dw GoatAttack2frame008
  dw GoatAttack2frame009
  dw GoatAttack2frame010
  dw GoatAttack2frame011
  dw GoatAttack2frame012
  dw GoatAttack2frame013
  dw GoatAttack2frame014
  dw GoatAttack2frame015
  dw GoatAttack2frame016
  dw GoatAttack2frame017
  dw GoatAttack2frame018
  dw GoatAttack2frame019
  dw GoatAttack2frame020
  dw GoatAttack2frame021
  dw GoatAttack2frame022
  dw GoatAttack2frame023
  dw GoatAttack2frame024
  dw GoatAttack2frame025
  dw GoatAttack2frame026

GoatAttack2frame000:
  db 030h,00Eh,048h,029h
  db 04Ch
  db 000h,000h,0D7h,000h,000h
  db 000h,000h
  dw 00307h,base+0019Eh
  dw 00378h,base+0019Eh
  dw 00B80h,base+0328Ch
  dw 00C7Fh,base+03214h
  dw 00D0Eh,base+0315Eh
  dw 00172h,base+00030h
  dw 00D0Eh,base+0316Bh
  dw 00272h,base+036D4h
  dw 01080h,base+02FA2h
  dw 00306h,base+02A53h
  dw 00405h,base+02ABDh
  dw 00575h,base+0365Bh
  dw 00306h,base+02FB2h
  dw 00305h,base+02FB2h
  dw 00575h,base+03607h
  dw 00306h,base+02A53h
  dw 00304h,base+02A53h
  dw 00B76h,base+03297h
  dw 00406h,base+02EB9h
  dw 0107Ah,base+02FB2h
  dw 00405h,base+02ABDh
  dw 0117Ch,base+02F2Bh
  dw 01680h,base+02BB8h
  dw 01680h,base+02BCEh
  dw 01700h,base+02AD2h

GoatAttack2frame001:
  db 046h,01Bh,040h,037h
  db 04Ch
  db 000h,000h,0C9h,000h,000h
  db 000h,000h
  dw 01680h,base+02BE4h
  dw 01781h,base+02AE9h
  dw 0177Fh,base+02B00h
  dw 0187Eh,base+029E2h
  dw 01B80h,base+01D60h
  dw 01B81h,base+01D7Bh
  dw 01A80h,base+021B3h
  dw 01B80h,base+01D96h
  dw 01B80h,base+01DB1h
  dw 01B7Fh,base+01DCCh
  dw 01C80h,base+01938h
  dw 01C80h,base+01954h
  dw 01D7Fh,base+014CDh
  dw 01E80h,base+01149h
  dw 01E7Fh,base+01167h
  dw 01F80h,base+00FB6h
  dw 01F7Fh,base+00FD5h
  dw 02080h,base+00E76h
  dw 0207Fh,base+00E96h
  dw 02280h,base+00BF7h
  dw 02280h,base+00C19h
  dw 02280h,base+00C3Bh
  dw 02280h,base+00C5Dh
  dw 02280h,base+00C7Fh
  dw 02280h,base+00CA1h
  dw 02380h,base+00ADFh
  dw 02300h,base+00B02h

GoatAttack2frame002:
  db 050h,01Bh,040h,052h
  db 040h
  db 000h,000h,0AEh,000h,000h
  db 000h,000h
  dw 02380h,base+00B25h
  dw 02481h,base+00A4Fh
  dw 02380h,base+00B48h
  dw 02381h,base+00B6Bh
  dw 02280h,base+00CC3h
  dw 02280h,base+00CE5h
  dw 00607h,base+035BFh
  dw 01C79h,base+01970h
  dw 00607h,base+035BFh
  dw 01C79h,base+0198Ch
  dw 00608h,base+017F3h
  dw 01B78h,base+01DE7h
  dw 00609h,base+017F3h
  dw 01A77h,base+021CDh
  dw 0050Ah,base+03660h
  dw 01976h,base+02645h
  dw 0050Ah,base+0043Bh
  dw 01A76h,base+021E7h
  dw 00509h,base+0043Bh
  dw 01B77h,base+01E02h
  dw 00509h,base+0043Bh
  dw 01C77h,base+019A8h
  dw 00508h,base+0043Bh
  dw 01D77h,base+014EAh
  dw 00609h,base+035C5h
  dw 01D77h,base+01507h
  dw 00608h,base+035CBh
  dw 01E78h,base+01185h
  dw 00608h,base+035D1h
  dw 01F78h,base+00FF4h
  dw 00608h,base+035D7h
  dw 01F77h,base+01013h
  dw 00708h,base+00B7Ch
  dw 02078h,base+00EB6h
  dw 00708h,base+00B7Ch
  dw 02078h,base+00ED6h
  dw 02880h,base+006D9h
  dw 02880h,base+00701h
  dw 00607h,base+035DDh
  dw 0217Ah,base+00D8Fh
  dw 02780h,base+007A1h
  dw 02780h,base+007C8h
  dw 02700h,base+007EFh

GoatAttack2frame003:
  db 070h,01Bh,02Ah,06Dh
  db 042h
  db 000h,000h,093h,000h,000h
  db 000h,000h
  dw 00B0Ch,base+032A2h
  dw 01B74h,base+01E1Dh
  dw 00B0Ch,base+032ADh
  dw 01B74h,base+01E38h
  dw 00A0Ch,base+03352h
  dw 01B74h,base+01E53h
  dw 00A0Ch,base+0335Ch
  dw 01A74h,base+02201h
  dw 0090Ch,base+03406h
  dw 01A74h,base+0221Bh
  dw 0090Ch,base+0340Fh
  dw 01011h,base+02FC2h
  dw 00963h,base+03418h
  dw 0080Ch,base+015F2h
  dw 00D0Eh,base+03178h
  dw 00204h,base+00E64h
  dw 00961h,base+03421h
  dw 0090Dh,base+0342Ah
  dw 00D0Eh,base+03185h
  dw 00204h,base+00E64h
  dw 00A61h,base+03366h
  dw 0080Ch,base+0162Bh
  dw 00E0Fh,base+0309Ah
  dw 00204h,base+00B15h
  dw 00B60h,base+032B8h
  dw 0090Dh,base+03433h
  dw 00D10h,base+03192h
  dw 00104h,base+00030h
  dw 00A5Fh,base+03370h
  dw 0080Dh,base+01A19h
  dw 00708h,base+0353Ah
  dw 0050Ch,base+03665h
  dw 00B5Eh,base+032C3h
  dw 0090Eh,base+0343Ch
  dw 00708h,base+03541h
  dw 0040Dh,base+03665h
  dw 00A5Dh,base+01F4Eh
  dw 0090Eh,base+03445h
  dw 00609h,base+035E3h
  dw 0010Ch,base+00030h
  dw 00B5Ch,base+032CEh
  dw 00B0Fh,base+032D9h
  dw 00609h,base+035E9h
  dw 0010Dh,base+00030h
  dw 00B5Bh,base+032E4h
  dw 00B0Fh,base+032EFh
  dw 00617h,base+035EFh
  dw 00A59h,base+032CEh
  dw 00C10h,base+03220h
  dw 00518h,base+0080Eh
  dw 00957h,base+0344Eh
  dw 00D11h,base+0319Fh
  dw 00519h,base+0080Eh
  dw 00856h,base+034BAh
  dw 00C11h,base+0322Ch
  dw 0051Bh,base+0366Ah
  dw 00653h,base+035F5h
  dw 00D12h,base+031ACh
  dw 0051Ch,base+0366Ah
  dw 00552h,base+0366Fh
  dw 00C12h,base+03238h
  dw 0041Dh,base+00121h
  dw 00450h,base+001C0h
  dw 00A13h,base+0337Ah
  dw 0041Dh,base+00121h
  dw 00450h,base+001C0h
  dw 00912h,base+00DD1h
  dw 0051Eh,base+03674h
  dw 0044Fh,base+001C0h
  dw 00A13h,base+03384h
  dw 0061Dh,base+035FBh
  dw 0054Fh,base+01D99h
  dw 00A14h,base+00B8Eh
  dw 0061Ch,base+035EFh
  dw 00650h,base+03601h
  dw 00A13h,base+0338Eh
  dw 0071Dh,base+03548h
  dw 0054Fh,base+00383h
  dw 00A14h,base+00A73h
  dw 0071Dh,base+007FEh
  dw 0054Eh,base+00383h
  dw 00B15h,base+00996h
  dw 0071Dh,base+001D7h
  dw 00500h,base+001D7h

GoatAttack2frame004:
  db 03Ch,01Bh,056h,01Ch
  db 05Eh
  db 000h,000h,0E4h,000h,000h
  db 000h,000h
  dw 00B80h,base+0328Ch
  dw 00C7Fh,base+03214h
  dw 00D0Eh,base+0315Eh
  dw 00172h,base+00030h
  dw 00D0Eh,base+0316Bh
  dw 00272h,base+036D4h
  dw 01080h,base+02FA2h
  dw 00306h,base+02A53h
  dw 00405h,base+02ABDh
  dw 00575h,base+0365Bh
  dw 00306h,base+02FB2h
  dw 00305h,base+02FB2h
  dw 0060Eh,base+03607h
  dw 00167h,base+0007Dh
  dw 00306h,base+02A53h
  dw 00305h,base+02A53h
  dw 0080Ch,base+034C2h
  dw 00369h,base+036CBh
  dw 00406h,base+02EB9h
  dw 01011h,base+02FD2h
  dw 00102h,base+00130h
  dw 00167h,base+0007Dh
  dw 00405h,base+02ABDh
  dw 01113h,base+02F3Ch
  dw 00269h,base+00E64h
  dw 01617h,base+02BB8h
  dw 00269h,base+0007Ch
  dw 01617h,base+02BFAh
  dw 00169h,base+00130h
  dw 01881h,base+029FAh
  dw 01780h,base+02B17h
  dw 01780h,base+02B2Eh
  dw 0177Fh,base+02B45h
  dw 0187Fh,base+02A12h
  dw 01980h,base+0265Eh
  dw 01980h,base+02677h
  dw 01980h,base+02690h
  dw 0197Fh,base+026A9h
  dw 01A80h,base+02235h
  dw 01B7Fh,base+01E6Eh
  dw 01C80h,base+019C4h
  dw 01D80h,base+01524h
  dw 01D7Fh,base+01541h
  dw 01E00h,base+011A3h

GoatAttack2frame005:
  db 03Eh,01Bh,056h,037h
  db 056h
  db 000h,000h,0C9h,000h,000h
  db 000h,000h
  dw 01F80h,base+01032h
  dw 01F80h,base+01051h
  dw 01F80h,base+01070h
  dw 01F80h,base+0108Fh
  dw 01F81h,base+010AEh
  dw 01E80h,base+011C1h
  dw 01E80h,base+011DFh
  dw 01E81h,base+011FDh
  dw 01D80h,base+0155Eh
  dw 01C80h,base+019E0h
  dw 00607h,base+0360Dh
  dw 01579h,base+02D02h
  dw 00607h,base+01711h
  dw 01579h,base+02D17h
  dw 00608h,base+01711h
  dw 01478h,base+02DBFh
  dw 00608h,base+03613h
  dw 01478h,base+02DD3h
  dw 00609h,base+03613h
  dw 01377h,base+02E4Bh
  dw 00609h,base+03619h
  dw 01377h,base+02E5Eh
  dw 00609h,base+0361Fh
  dw 01377h,base+02E71h
  dw 00608h,base+0361Fh
  dw 01478h,base+02DE7h
  dw 00608h,base+0361Fh
  dw 01578h,base+02D2Ch
  dw 00608h,base+0361Fh
  dw 01578h,base+02D41h
  dw 00607h,base+03625h
  dw 01678h,base+02C10h
  dw 00708h,base+0354Fh
  dw 01678h,base+02C26h
  dw 00708h,base+03556h
  dw 01678h,base+02C3Ch
  dw 01E80h,base+0121Bh
  dw 01E80h,base+01239h
  dw 01E80h,base+01257h
  dw 01D00h,base+0157Bh

GoatAttack2frame006:
  db 052h,01Bh,040h,052h
  db 058h
  db 000h,000h,0AEh,000h,000h
  db 000h,000h
  dw 01D80h,base+01598h
  dw 01D80h,base+015B5h
  dw 01D80h,base+015D2h
  dw 01D80h,base+015EFh
  dw 01D80h,base+0160Ch
  dw 01D80h,base+01629h
  dw 01C80h,base+019FCh
  dw 01C80h,base+01A18h
  dw 01C80h,base+01A34h
  dw 01C7Fh,base+01A50h
  dw 01D80h,base+01646h
  dw 01D7Fh,base+01663h
  dw 01E7Fh,base+01275h
  dw 01F80h,base+010CDh
  dw 01F7Fh,base+010ECh
  dw 02080h,base+00EF6h
  dw 0207Fh,base+00F16h
  dw 02180h,base+00DB0h
  dw 0217Fh,base+00DD1h
  dw 0227Fh,base+00D07h
  dw 02380h,base+00B8Eh
  dw 0237Fh,base+00BB1h
  dw 0247Fh,base+00A73h
  dw 0257Fh,base+00996h
  dw 0267Fh,base+008B2h
  dw 00C0Dh,base+03244h
  dw 01A72h,base+0224Fh
  dw 00D0Eh,base+031B9h
  dw 01A00h,base+02269h

GoatAttack2frame007:
  db 06Eh,01Bh,02Ch,06Dh
  db 040h
  db 000h,000h,093h,000h,000h
  db 000h,000h
  dw 00C0Dh,base+03250h
  dw 01B72h,base+01E89h
  dw 00D0Eh,base+031C6h
  dw 01B71h,base+01EA4h
  dw 00D0Fh,base+031D3h
  dw 01B70h,base+01E53h
  dw 00E10h,base+030A8h
  dw 01A70h,base+02283h
  dw 00E10h,base+030B6h
  dw 01A6Fh,base+0221Bh
  dw 00E11h,base+030C4h
  dw 01011h,base+02FC2h
  dw 0095Dh,base+03418h
  dw 00F12h,base+03022h
  dw 00D0Eh,base+03178h
  dw 00204h,base+00E64h
  dw 0095Ch,base+03421h
  dw 00E12h,base+030D2h
  dw 00D0Eh,base+03185h
  dw 00204h,base+00E64h
  dw 00A5Bh,base+03366h
  dw 00F12h,base+03031h
  dw 00E0Fh,base+0309Ah
  dw 00204h,base+00B15h
  dw 00B5Ah,base+032B8h
  dw 00F13h,base+03040h
  dw 00D10h,base+03192h
  dw 00104h,base+00030h
  dw 00A58h,base+03370h
  dw 01014h,base+02FE2h
  dw 00708h,base+0353Ah
  dw 0050Ch,base+03665h
  dw 00B57h,base+032C3h
  dw 01115h,base+02F4Dh
  dw 00708h,base+03541h
  dw 0040Dh,base+03665h
  dw 00A55h,base+01F4Eh
  dw 01116h,base+02F5Eh
  dw 00609h,base+035E3h
  dw 0010Ch,base+00030h
  dw 00B55h,base+032CEh
  dw 01116h,base+02F6Fh
  dw 00609h,base+035E9h
  dw 0010Dh,base+00030h
  dw 00B54h,base+032E4h
  dw 01016h,base+02FF2h
  dw 00617h,base+035EFh
  dw 00A53h,base+032CEh
  dw 01016h,base+03002h
  dw 00518h,base+0080Eh
  dw 00953h,base+0344Eh
  dw 00E15h,base+030E0h
  dw 00519h,base+0080Eh
  dw 00852h,base+034BAh
  dw 00E15h,base+030EEh
  dw 0051Bh,base+0366Ah
  dw 00650h,base+035F5h
  dw 00D15h,base+031E0h
  dw 0051Ch,base+0366Ah
  dw 00550h,base+0366Fh
  dw 00C14h,base+0325Ch
  dw 0041Dh,base+00121h
  dw 00450h,base+001C0h
  dw 00B13h,base+032FAh
  dw 0041Dh,base+00121h
  dw 00451h,base+001C0h
  dw 00911h,base+03457h
  dw 0051Eh,base+03674h
  dw 00452h,base+001C0h
  dw 00810h,base+034CAh
  dw 0061Dh,base+035FBh
  dw 00554h,base+01D99h
  dw 0060Fh,base+0046Bh
  dw 0061Ch,base+035EFh
  dw 00656h,base+03601h
  dw 0050Dh,base+03679h
  dw 0071Dh,base+03548h
  dw 00557h,base+00383h
  dw 0040Ch,base+036ABh
  dw 0071Dh,base+007FEh
  dw 00558h,base+00383h
  dw 0020Bh,base+00421h
  dw 0071Dh,base+001D7h
  dw 00500h,base+001D7h

GoatAttack2frame008:
  db 036h,017h,066h,005h
  db 078h
  db 000h,000h,0FBh,000h,000h
  db 000h,000h
  dw 00280h,base+00421h
  dw 0037Fh,base+036B8h
  dw 00580h,base+03679h
  dw 00680h,base+0362Bh
  dw 0077Fh,base+0077Ah
  dw 00980h,base+03460h
  dw 00A80h,base+03398h
  dw 00B7Fh,base+03305h
  dw 00D80h,base+031EDh
  dw 00E7Fh,base+030FCh
  dw 00F80h,base+0304Fh
  dw 00F7Fh,base+0305Eh
  dw 01280h,base+02EE3h
  dw 0137Fh,base+02E84h
  dw 01480h,base+02DFBh
  dw 0157Fh,base+02D56h
  dw 01680h,base+02C52h
  dw 01680h,base+02C68h
  dw 0177Fh,base+02B5Ch
  dw 01213h,base+02EF5h
  dw 0056Dh,base+0367Eh
  dw 01213h,base+02F07h
  dw 0056Ch,base+03683h
  dw 01315h,base+02E97h
  dw 00405h,base+02899h
  dw 00166h,base+00030h
  dw 01315h,base+02EAAh
  dw 00600h,base+0042Dh

GoatAttack2frame009:
  db 058h,01Bh,044h,01Ch
  db 064h
  db 000h,000h,0E4h,000h,000h
  db 000h,000h
  dw 01416h,base+02E0Fh
  dw 0066Ah,base+03631h
  dw 01518h,base+02D6Bh
  dw 00368h,base+0019Eh
  dw 0167Fh,base+02C7Eh
  dw 01780h,base+02B73h
  dw 0187Fh,base+02A2Ah
  dw 01980h,base+026C2h
  dw 01A7Fh,base+0229Dh
  dw 01B80h,base+01EBFh
  dw 01C80h,base+01A6Ch
  dw 01C7Fh,base+01A88h
  dw 01E80h,base+01293h
  dw 01E7Fh,base+012B1h
  dw 02080h,base+00F36h
  dw 0207Fh,base+00F56h
  dw 02280h,base+00D29h
  dw 0227Dh,base+00D4Bh
  dw 0257Fh,base+009BBh
  dw 02680h,base+008D8h
  dw 02680h,base+008FEh
  dw 0267Dh,base+00924h
  dw 0297Fh,base+00635h
  dw 02A7Fh,base+005B7h
  dw 02B80h,base+00388h
  dw 02B7Fh,base+003B3h
  dw 02C80h,base+00254h
  dw 02C80h,base+00280h
  dw 02C00h,base+002ACh

GoatAttack2frame010:
  db 060h,01Bh,03Eh,037h
  db 044h
  db 000h,000h,0C9h,000h,000h
  db 000h,000h
  dw 02D80h,base+00119h
  dw 02D80h,base+00146h
  dw 02D80h,base+00173h
  dw 02D80h,base+001A0h
  dw 02D80h,base+001CDh
  dw 00A11h,base+033A2h
  dw 01C70h,base+01AA4h
  dw 00811h,base+034D2h
  dw 01B6Fh,base+01EDAh
  dw 00712h,base+0355Dh
  dw 01A6Dh,base+022B7h
  dw 00814h,base+034DAh
  dw 0196Ch,base+026DBh
  dw 00714h,base+03564h
  dw 0196Ch,base+026F4h
  dw 00714h,base+0356Bh
  dw 0196Bh,base+0270Dh
  dw 00814h,base+034E2h
  dw 01A6Ch,base+022D1h
  dw 00714h,base+03564h
  dw 01A6Bh,base+022EBh
  dw 00815h,base+034EAh
  dw 01A6Bh,base+02305h
  dw 00714h,base+03572h
  dw 01B6Ch,base+01EF5h
  dw 00714h,base+03579h
  dw 01B6Bh,base+01F10h
  dw 00815h,base+034F2h
  dw 01B6Bh,base+01F2Bh
  dw 00715h,base+03580h
  dw 01B6Bh,base+01F46h
  dw 00715h,base+03587h
  dw 01B6Bh,base+01F61h
  dw 00615h,base+03532h
  dw 01B6Bh,base+01F7Ch
  dw 00615h,base+03637h
  dw 01B6Bh,base+01F97h
  dw 00515h,base+03655h
  dw 01B6Bh,base+01FB2h
  dw 00515h,base+03688h
  dw 01B6Bh,base+01FCDh
  dw 00515h,base+0368Dh
  dw 01B6Ch,base+01FE8h
  dw 00313h,base+00069h
  dw 01C6Eh,base+01AC0h
  dw 00212h,base+0003Fh
  dw 01C80h,base+01ADCh
  dw 01C00h,base+01AF8h

GoatAttack2frame011:
  db 038h,01Bh,066h,052h
  db 066h
  db 000h,000h,0AEh,000h,000h
  db 000h,000h
  dw 01C80h,base+01B14h
  dw 01B80h,base+02003h
  dw 01B80h,base+0201Eh
  dw 01B80h,base+02039h
  dw 01B80h,base+02054h
  dw 01B81h,base+0206Fh
  dw 01A80h,base+0231Fh
  dw 01980h,base+02726h
  dw 01980h,base+0273Fh
  dw 01980h,base+02758h
  dw 01980h,base+02771h
  dw 01980h,base+0278Ah
  dw 01980h,base+027A3h
  dw 01980h,base+027BCh
  dw 01980h,base+027D5h
  dw 01980h,base+027EEh
  dw 01980h,base+02807h
  dw 01980h,base+02820h
  dw 0197Fh,base+02839h
  dw 01A80h,base+02339h
  dw 01A80h,base+02353h
  dw 01A80h,base+0236Dh
  dw 01A80h,base+02387h
  dw 01A80h,base+023A1h
  dw 01A80h,base+023BBh
  dw 01A80h,base+023D5h
  dw 01A00h,base+023EFh

GoatAttack2frame012:
  db 034h,01Bh,066h,06Dh
  db 066h
  db 000h,000h,093h,000h,000h
  db 000h,000h
  dw 01A80h,base+02409h
  dw 01A80h,base+02423h
  dw 01A80h,base+0243Dh
  dw 01A80h,base+02457h
  dw 01A80h,base+02471h
  dw 00A0Bh,base+033ACh
  dw 00F75h,base+0306Dh
  dw 00A0Ch,base+033B6h
  dw 00E74h,base+0310Ah
  dw 00A0Ch,base+033C0h
  dw 00E75h,base+03118h
  dw 0090Bh,base+03469h
  dw 00E75h,base+03126h
  dw 0090Bh,base+03472h
  dw 00405h,base+036AFh
  dw 00970h,base+0347Bh
  dw 0090Bh,base+03484h
  dw 00405h,base+036B3h
  dw 00970h,base+0348Dh
  dw 0090Bh,base+03496h
  dw 00102h,base+00030h
  dw 00203h,base+021B1h
  dw 00870h,base+034FAh
  dw 0090Dh,base+0349Fh
  dw 00203h,base+0006Dh
  dw 00871h,base+03502h
  dw 00710h,base+0358Eh
  dw 00770h,base+03595h
  dw 00710h,base+00B7Ch
  dw 00671h,base+00191h
  dw 0060Fh,base+00191h
  dw 00671h,base+00388h
  dw 00610h,base+03504h
  dw 00570h,base+03602h
  dw 00610h,base+03504h
  dw 00571h,base+03602h
  dw 0050Fh,base+03602h
  dw 00471h,base+001C0h
  dw 0050Fh,base+03602h
  dw 00471h,base+001C0h
  dw 0050Fh,base+03602h
  dw 00571h,base+0023Fh
  dw 0050Fh,base+014A1h
  dw 00570h,base+03692h
  dw 00610h,base+0363Dh
  dw 00670h,base+03643h
  dw 0060Fh,base+00191h
  dw 00770h,base+00B7Ch
  dw 00710h,base+00B7Ch
  dw 00870h,base+0350Ah
  dw 00710h,base+000E4h
  dw 0086Fh,base+00304h
  dw 00811h,base+02376h
  dw 00800h,base+02376h

GoatAttack2frame013:
  db 03Ah,017h,064h,005h
  db 088h
  db 000h,000h,0FBh,000h,000h
  db 000h,000h
  dw 0027Fh,base+00421h
  dw 0047Fh,base+036B7h
  dw 0067Fh,base+03649h
  dw 00780h,base+0359Ch
  dw 0077Fh,base+035A3h
  dw 0097Fh,base+034A8h
  dw 00B7Fh,base+03310h
  dw 00C7Fh,base+03268h
  dw 00E7Fh,base+03134h
  dw 01080h,base+03012h
  dw 0117Fh,base+02F80h
  dw 0127Fh,base+02F19h
  dw 0137Fh,base+02EBDh
  dw 0157Fh,base+02D80h
  dw 01680h,base+02C94h
  dw 0167Fh,base+02CAAh
  dw 0177Fh,base+02B8Ah
  dw 0187Fh,base+02A42h
  dw 0197Fh,base+02852h
  dw 01980h,base+0286Bh
  dw 0191Ah,base+02884h
  dw 00165h,base+00030h
  dw 01416h,base+02E23h
  dw 00669h,base+0042Dh
  dw 01517h,base+02D95h
  dw 00600h,base+03631h

GoatAttack2frame014:
  db 060h,01Bh,03Ch,01Ch
  db 062h
  db 000h,000h,0E4h,000h,000h
  db 000h,000h
  dw 0161Ah,base+02CC0h
  dw 00366h,base+0019Eh
  dw 0167Bh,base+02CD6h
  dw 00304h,base+0019Eh
  dw 01876h,base+02A5Ah
  dw 00405h,base+001D7h
  dw 01D7Ah,base+01680h
  dw 02480h,base+00A97h
  dw 0247Fh,base+00ABBh
  dw 02680h,base+0094Ah
  dw 02680h,base+00970h
  dw 02780h,base+00816h
  dw 02780h,base+0083Dh
  dw 02880h,base+00729h
  dw 02880h,base+00751h
  dw 02980h,base+0065Eh
  dw 02980h,base+00687h
  dw 02A7Fh,base+005E1h
  dw 02B7Fh,base+003DEh
  dw 02C7Fh,base+002D8h
  dw 02D7Fh,base+001FAh
  dw 02E80h,base+00061h
  dw 00B0Eh,base+0331Bh
  dw 02071h,base+00F76h
  dw 00B11h,base+03326h
  dw 01E6Fh,base+012CFh
  dw 00A12h,base+033CAh
  dw 01D6Dh,base+0169Dh
  dw 00A14h,base+033D4h
  dw 01C6Ch,base+01B30h
  dw 00914h,base+034B1h
  dw 01C6Ch,base+01B4Ch
  dw 00814h,base+03512h
  dw 01C6Ch,base+01B68h
  dw 00714h,base+035AAh
  dw 01C6Ch,base+01B84h
  dw 00614h,base+03532h
  dw 01C00h,base+01BA0h

GoatAttack2frame015:
  db 062h,01Bh,03Ch,037h
  db 03Ch
  db 000h,000h,0C9h,000h,000h
  db 000h,000h
  dw 00614h,base+03637h
  dw 01D6Ch,base+016BAh
  dw 00513h,base+01A34h
  dw 01E6Dh,base+012EDh
  dw 00513h,base+0368Dh
  dw 01E6Eh,base+0130Bh
  dw 00312h,base+036CEh
  dw 01E6Fh,base+01329h
  dw 00111h,base+00005h
  dw 01E80h,base+01347h
  dw 01E80h,base+01365h
  dw 01E81h,base+01383h
  dw 01D80h,base+016D7h
  dw 01D81h,base+016F4h
  dw 01C83h,base+01BBCh
  dw 0197Fh,base+0289Dh
  dw 01A80h,base+0248Bh
  dw 01A80h,base+024A5h
  dw 01A7Fh,base+024BFh
  dw 01B80h,base+0208Ah
  dw 01B80h,base+020A5h
  dw 01B80h,base+020C0h
  dw 01B80h,base+020DBh
  dw 01B80h,base+020F6h
  dw 01B80h,base+02111h
  dw 01B80h,base+0212Ch
  dw 01B80h,base+02147h
  dw 01B80h,base+01FCDh
  dw 01B7Fh,base+01FE8h
  dw 01C80h,base+01AC0h
  dw 01C80h,base+01ADCh
  dw 01C00h,base+01AF8h

GoatAttack2frame016:
  db 038h,01Bh,066h,052h
  db 066h
  db 000h,000h,0AEh,000h,000h
  db 000h,000h
  dw 01C80h,base+01B14h
  dw 01B80h,base+02003h
  dw 01B80h,base+0201Eh
  dw 01B80h,base+02039h
  dw 01B80h,base+02054h
  dw 01B81h,base+0206Fh
  dw 01A80h,base+0231Fh
  dw 01980h,base+02726h
  dw 01980h,base+0273Fh
  dw 01980h,base+02758h
  dw 01980h,base+02771h
  dw 01980h,base+0278Ah
  dw 01980h,base+027A3h
  dw 01980h,base+027BCh
  dw 01980h,base+027D5h
  dw 01980h,base+027EEh
  dw 01980h,base+02807h
  dw 01980h,base+02820h
  dw 0197Fh,base+02839h
  dw 01A80h,base+02339h
  dw 01A80h,base+02353h
  dw 01A80h,base+0236Dh
  dw 01A80h,base+02387h
  dw 01A80h,base+023A1h
  dw 01A80h,base+023BBh
  dw 01A80h,base+023D5h
  dw 01A00h,base+023EFh

GoatAttack2frame017:
  db 034h,01Bh,066h,06Dh
  db 066h
  db 000h,000h,093h,000h,000h
  db 000h,000h
  dw 01A80h,base+02409h
  dw 01A80h,base+02423h
  dw 01A80h,base+0243Dh
  dw 01A80h,base+02457h
  dw 01A80h,base+02471h
  dw 00A0Bh,base+033ACh
  dw 00F75h,base+0306Dh
  dw 00A0Ch,base+033B6h
  dw 00E74h,base+0310Ah
  dw 00A0Ch,base+033C0h
  dw 00E75h,base+03118h
  dw 0090Bh,base+03469h
  dw 00E75h,base+03126h
  dw 0090Bh,base+03472h
  dw 00405h,base+036AFh
  dw 00970h,base+0347Bh
  dw 0090Bh,base+03484h
  dw 00405h,base+036B3h
  dw 00970h,base+0348Dh
  dw 0090Bh,base+03496h
  dw 00102h,base+00030h
  dw 00203h,base+021B1h
  dw 00870h,base+034FAh
  dw 0090Dh,base+0349Fh
  dw 00203h,base+0006Dh
  dw 00871h,base+03502h
  dw 00710h,base+0358Eh
  dw 00770h,base+03595h
  dw 00710h,base+00B7Ch
  dw 00671h,base+00191h
  dw 0060Fh,base+00191h
  dw 00671h,base+00388h
  dw 00610h,base+03504h
  dw 00570h,base+03602h
  dw 00610h,base+03504h
  dw 00571h,base+03602h
  dw 0050Fh,base+03602h
  dw 00471h,base+001C0h
  dw 0050Fh,base+03602h
  dw 00471h,base+001C0h
  dw 0050Fh,base+03602h
  dw 00571h,base+0023Fh
  dw 0050Fh,base+014A1h
  dw 00570h,base+03692h
  dw 00610h,base+0363Dh
  dw 00670h,base+03643h
  dw 0060Fh,base+00191h
  dw 00770h,base+00B7Ch
  dw 00710h,base+00B7Ch
  dw 00870h,base+0350Ah
  dw 00710h,base+000E4h
  dw 0086Fh,base+00304h
  dw 00811h,base+02376h
  dw 00800h,base+02376h

GoatAttack2frame018:
  db 056h,013h,04Ah,009h
  db 090h
  db 000h,000h,0F7h,000h,000h
  db 000h,000h
  dw 0017Fh,base+00005h
  dw 0037Eh,base+00422h
  dw 0057Fh,base+03697h
  dw 0077Fh,base+035B1h
  dw 0087Eh,base+0351Ah
  dw 00A7Fh,base+033DEh
  dw 00B7Eh,base+03331h
  dw 00E7Fh,base+03142h
  dw 00F7Fh,base+0307Ch
  dw 0117Eh,base+02F91h
  dw 0137Fh,base+02ED0h
  dw 0147Eh,base+02E37h
  dw 0177Fh,base+02BA1h
  dw 01872h,base+02A72h
  dw 0020Dh,base+0006Dh
  dw 01A72h,base+024D9h
  dw 00406h,base+036BBh
  dw 00207h,base+0006Dh
  dw 01B72h,base+02162h
  dw 00506h,base+00E76h
  dw 00406h,base+006A3h
  dw 01E73h,base+013A1h
  dw 02B80h,base+00409h
  dw 02B00h,base+00434h

GoatAttack2frame019:
  db 066h,01Bh,03Ah,01Ch
  db 04Ah
  db 000h,000h,0E4h,000h,000h
  db 000h,000h
  dw 02B7Fh,base+0045Fh
  dw 02C80h,base+00304h
  dw 02C80h,base+00330h
  dw 02B80h,base+0048Ah
  dw 02580h,base+009E0h
  dw 0257Fh,base+00A05h
  dw 0277Fh,base+00864h
  dw 0287Eh,base+00779h
  dw 02B7Fh,base+004B5h
  dw 02C7Fh,base+0035Ch
  dw 02E80h,base+0008Fh
  dw 02E7Fh,base+000BDh
  dw 00E0Fh,base+03150h
  dw 02171h,base+00DF2h
  dw 00D0Fh,base+031FAh
  dw 02171h,base+00E13h
  dw 00C10h,base+03274h
  dw 02170h,base+00E34h
  dw 00A12h,base+033E8h
  dw 01F6Eh,base+0110Bh
  dw 00813h,base+03522h
  dw 01E6Dh,base+013BFh
  dw 00614h,base+0364Fh
  dw 01D6Ch,base+01711h
  dw 00515h,base+0369Ch
  dw 01C6Ch,base+01BD8h
  dw 00314h,base+036D1h
  dw 01C6Ch,base+01BF4h
  dw 00214h,base+00421h
  dw 01C80h,base+01C10h
  dw 01C80h,base+01C2Ch
  dw 01C80h,base+01C48h
  dw 01C7Fh,base+01C64h
  dw 01D80h,base+0172Eh
  dw 01D80h,base+0174Bh
  dw 01D00h,base+01768h

GoatAttack2frame020:
  db 03Ch,01Bh,062h,037h
  db 062h
  db 000h,000h,0C9h,000h,000h
  db 000h,000h
  dw 01E80h,base+013DDh
  dw 01E80h,base+013FBh
  dw 01E81h,base+01419h
  dw 01D80h,base+01785h
  dw 01D81h,base+017A2h
  dw 01C82h,base+01C80h
  dw 01A81h,base+024F3h
  dw 01980h,base+028B6h
  dw 01980h,base+028CFh
  dw 01980h,base+028E8h
  dw 0197Fh,base+02901h
  dw 01A80h,base+0250Dh
  dw 01A80h,base+024A5h
  dw 01A7Fh,base+024BFh
  dw 01B80h,base+0208Ah
  dw 01B80h,base+020A5h
  dw 01B80h,base+020C0h
  dw 01B80h,base+020DBh
  dw 01B80h,base+020F6h
  dw 01B80h,base+02111h
  dw 01B80h,base+0212Ch
  dw 01B80h,base+02147h
  dw 01B80h,base+01FCDh
  dw 01B7Fh,base+01FE8h
  dw 01C80h,base+01AC0h
  dw 01C80h,base+01ADCh
  dw 01C00h,base+01AF8h

GoatAttack2frame021:
  db 038h,01Bh,066h,052h
  db 066h
  db 000h,000h,0AEh,000h,000h
  db 000h,000h
  dw 01C80h,base+01B14h
  dw 01B80h,base+02003h
  dw 01B80h,base+0201Eh
  dw 01B80h,base+02039h
  dw 01B80h,base+02054h
  dw 01B81h,base+0206Fh
  dw 01A80h,base+0231Fh
  dw 01980h,base+02726h
  dw 01980h,base+0273Fh
  dw 01980h,base+02758h
  dw 01980h,base+02771h
  dw 01980h,base+0278Ah
  dw 01980h,base+027A3h
  dw 01980h,base+027BCh
  dw 01980h,base+027D5h
  dw 01980h,base+027EEh
  dw 01980h,base+02807h
  dw 01980h,base+02820h
  dw 0197Fh,base+02839h
  dw 01A80h,base+02339h
  dw 01A80h,base+02353h
  dw 01A80h,base+0236Dh
  dw 01A80h,base+02387h
  dw 01A80h,base+023A1h
  dw 01A80h,base+023BBh
  dw 01A80h,base+023D5h
  dw 01A00h,base+023EFh

GoatAttack2frame022:
  db 034h,01Bh,066h,06Dh
  db 066h
  db 000h,000h,093h,000h,000h
  db 000h,000h
  dw 01A80h,base+02409h
  dw 01A80h,base+02423h
  dw 01A80h,base+0243Dh
  dw 01A80h,base+02457h
  dw 01A80h,base+02471h
  dw 00A0Bh,base+033ACh
  dw 00F75h,base+0306Dh
  dw 00A0Ch,base+033B6h
  dw 00E74h,base+0310Ah
  dw 00A0Ch,base+033C0h
  dw 00E75h,base+03118h
  dw 0090Bh,base+03469h
  dw 00E75h,base+03126h
  dw 0090Bh,base+03472h
  dw 00405h,base+036AFh
  dw 00970h,base+0347Bh
  dw 0090Bh,base+03484h
  dw 00405h,base+036B3h
  dw 00970h,base+0348Dh
  dw 0090Bh,base+03496h
  dw 00102h,base+00030h
  dw 00203h,base+021B1h
  dw 00870h,base+034FAh
  dw 0090Dh,base+0349Fh
  dw 00203h,base+0006Dh
  dw 00871h,base+03502h
  dw 00710h,base+0358Eh
  dw 00770h,base+03595h
  dw 00710h,base+00B7Ch
  dw 00671h,base+00191h
  dw 0060Fh,base+00191h
  dw 00671h,base+00388h
  dw 00610h,base+03504h
  dw 00570h,base+03602h
  dw 00610h,base+03504h
  dw 00571h,base+03602h
  dw 0050Fh,base+03602h
  dw 00471h,base+001C0h
  dw 0050Fh,base+03602h
  dw 00471h,base+001C0h
  dw 0050Fh,base+03602h
  dw 00571h,base+0023Fh
  dw 0050Fh,base+014A1h
  dw 00570h,base+03692h
  dw 00610h,base+0363Dh
  dw 00670h,base+03643h
  dw 0060Fh,base+00191h
  dw 00770h,base+00B7Ch
  dw 00710h,base+00B7Ch
  dw 00870h,base+0350Ah
  dw 00710h,base+000E4h
  dw 0086Fh,base+00304h
  dw 00811h,base+02376h
  dw 00800h,base+02376h

GoatAttack2frame023:
  db 05Eh,01Bh,044h,01Ch
  db 090h
  db 000h,000h,0E4h,000h,000h
  db 000h,000h
  dw 0037Fh,base+00421h
  dw 0057Eh,base+036A1h
  dw 0077Fh,base+035B8h
  dw 0087Fh,base+0352Ah
  dw 00A74h,base+033F2h
  dw 00407h,base+001D7h
  dw 00F79h,base+0308Bh
  dw 0167Fh,base+02CECh
  dw 01880h,base+02A8Ah
  dw 01880h,base+02AA2h
  dw 01880h,base+02ABAh
  dw 00304h,base+01440h
  dw 0157Ch,base+02DAAh
  dw 01980h,base+0291Ah
  dw 01A73h,base+02527h
  dw 0020Dh,base+0006Dh
  dw 01A72h,base+02541h
  dw 00406h,base+036BFh
  dw 00307h,base+0019Eh
  dw 01C72h,base+01C9Ch
  dw 00607h,base+03601h
  dw 00406h,base+036C3h
  dw 01D73h,base+017BFh
  dw 00B0Ch,base+0333Ch
  dw 01E73h,base+01437h
  dw 02B80h,base+004E0h
  dw 02B80h,base+0050Bh
  dw 02B80h,base+00536h
  dw 02B80h,base+00561h
  dw 02B80h,base+0058Ch
  dw 02580h,base+00A2Ah
  dw 0277Fh,base+0088Bh
  dw 0297Fh,base+006B0h
  dw 02A7Eh,base+0060Bh
  dw 02D00h,base+00227h

GoatAttack2frame024:
  db 064h,01Bh,03Eh,037h
  db 042h
  db 000h,000h,0C9h,000h,000h
  db 000h,000h
  dw 02E7Fh,base+000EBh
  dw 0307Fh,base+00031h
  dw 03180h,base+00000h
  dw 00D0Eh,base+03207h
  dw 02372h,base+00BD4h
  dw 00C0Fh,base+03280h
  dw 02271h,base+00D6Dh
  dw 00B10h,base+03347h
  dw 02170h,base+00E55h
  dw 00A11h,base+033FCh
  dw 0206Fh,base+00F96h
  dw 00812h,base+03532h
  dw 01F6Eh,base+0112Ah
  dw 00613h,base+03655h
  dw 01E6Dh,base+01455h
  dw 00515h,base+036A6h
  dw 01C6Bh,base+01CB8h
  dw 00417h,base+036C7h
  dw 01A6Ah,base+0255Bh
  dw 00216h,base+0003Fh
  dw 01A80h,base+02575h
  dw 01A80h,base+0258Fh
  dw 01A7Fh,base+025A9h
  dw 01C80h,base+01CD4h
  dw 01C80h,base+01CF0h
  dw 01C7Fh,base+01D0Ch
  dw 01D80h,base+017DCh
  dw 01D80h,base+017F9h
  dw 01D80h,base+01816h
  dw 01D80h,base+01833h
  dw 01D80h,base+01850h
  dw 01D80h,base+0186Dh
  dw 01D80h,base+0188Ah
  dw 01D80h,base+018A7h
  dw 01D80h,base+018C4h
  dw 01D00h,base+018E1h

GoatAttack2frame025:
  db 03Ch,01Bh,066h,052h
  db 066h
  db 000h,000h,0AEh,000h,000h
  db 000h,000h
  dw 01E80h,base+01473h
  dw 01E80h,base+01491h
  dw 01E80h,base+014AFh
  dw 01D80h,base+018FEh
  dw 01D80h,base+0191Bh
  dw 01C80h,base+01D28h
  dw 01C80h,base+01D44h
  dw 01B80h,base+0217Dh
  dw 01B81h,base+02198h
  dw 01A80h,base+025C3h
  dw 01980h,base+02933h
  dw 01980h,base+0294Ch
  dw 01980h,base+02965h
  dw 01980h,base+0297Eh
  dw 01980h,base+0278Ah
  dw 01980h,base+027A3h
  dw 01980h,base+027BCh
  dw 01980h,base+027D5h
  dw 01980h,base+02997h
  dw 01980h,base+029B0h
  dw 0197Fh,base+029C9h
  dw 01A80h,base+025DDh
  dw 01A80h,base+025F7h
  dw 01A80h,base+02611h
  dw 01A80h,base+0262Bh
  dw 01A80h,base+023A1h
  dw 01A00h,base+023BBh

GoatAttack2frame026:
  db 034h,01Bh,066h,06Dh
  db 066h
  db 000h,000h,093h,000h,000h
  db 000h,000h
  dw 01A80h,base+023D5h
  dw 01A80h,base+023EFh
  dw 01A80h,base+02409h
  dw 01A80h,base+02423h
  dw 01A80h,base+0243Dh
  dw 01A80h,base+02457h
  dw 01A80h,base+02471h
  dw 00A0Bh,base+033ACh
  dw 00F75h,base+0306Dh
  dw 00A0Ch,base+033B6h
  dw 00E74h,base+0310Ah
  dw 00A0Ch,base+033C0h
  dw 00E75h,base+03118h
  dw 0090Bh,base+03469h
  dw 00E75h,base+03126h
  dw 0090Bh,base+03472h
  dw 00405h,base+036AFh
  dw 00970h,base+0347Bh
  dw 0090Bh,base+03484h
  dw 00405h,base+036B3h
  dw 00970h,base+0348Dh
  dw 0090Bh,base+03496h
  dw 00102h,base+00030h
  dw 00203h,base+021B1h
  dw 00870h,base+034FAh
  dw 0090Dh,base+0349Fh
  dw 00203h,base+0006Dh
  dw 00871h,base+03502h
  dw 00710h,base+0358Eh
  dw 00770h,base+03595h
  dw 00710h,base+00B7Ch
  dw 00671h,base+00191h
  dw 0060Fh,base+00191h
  dw 00671h,base+00388h
  dw 00610h,base+03504h
  dw 00570h,base+03602h
  dw 00610h,base+03504h
  dw 00571h,base+03602h
  dw 0050Fh,base+03602h
  dw 00571h,base+03602h
  dw 0050Fh,base+014A1h
  dw 00570h,base+03692h
  dw 00610h,base+0363Dh
  dw 00670h,base+03643h
  dw 0060Fh,base+00191h
  dw 00770h,base+00B7Ch
  dw 00710h,base+00B7Ch
  dw 00870h,base+0350Ah
  dw 00710h,base+000E4h
  dw 0086Fh,base+00304h
  dw 00811h,base+02376h
  dw 00800h,base+02376h


