  dw ryuPage1frame000
  dw ryuPage1frame001
  dw ryuPage1frame002
  dw ryuPage1frame003
  dw ryuPage1frame004
  dw ryuPage1frame005
  dw ryuPage1frame006
  dw ryuPage1frame007
  dw ryuPage1frame008
  dw ryuPage1frame009
  dw ryuPage1frame010
  dw ryuPage1frame011
  dw ryuPage1frame012
  dw ryuPage1frame013
  dw ryuPage1frame014
  dw ryuPage1frame015
  dw ryuPage1frame016
  dw ryuPage1frame017

ryuPage1frame000:
  db 026h,019h,06Ah,02Fh
  db 07Ch
  db 000h,000h,0D1h,000h,000h
  db 000h,000h
  dw 00179h,base+00000h
  dw 00106h,base+00000h
  dw 00179h,base+00000h
  dw 00107h,base+00000h
  dw 00179h,base+00000h
  dw 00106h,base+00000h
  dw 00179h,base+0001Fh
  dw 00206h,base+00003h
  dw 0027Ah,base+00002h
  dw 00106h,base+00000h
  dw 0027Ah,base+00002h
  dw 00105h,base+00000h
  dw 0027Bh,base+00012h
  dw 00105h,base+0001Fh
  dw 0027Bh,base+0001Eh
  dw 00105h,base+0001Fh
  dw 0017Bh,base+00002h
  dw 00105h,base+0001Fh
  dw 0017Bh,base+00002h
  dw 00105h,base+0001Fh
  dw 0017Bh,base+00002h
  dw 00105h,base+0001Fh
  dw 0017Bh,base+00002h
  dw 00105h,base+0001Fh
  dw 0017Bh,base+00002h
  dw 00105h,base+0001Fh
  dw 0027Bh,base+00002h
  dw 00105h,base+0001Fh
  dw 0027Bh,base+0001Eh
  dw 00105h,base+00002h
  dw 0027Bh,base+0001Eh
  dw 00105h,base+00002h
  dw 0027Bh,base+0001Eh
  dw 00205h,base+00002h
  dw 0037Bh,base+00013h
  dw 00205h,base+0001Eh
  dw 00305h,base+00013h
  dw 00376h,base+00003h
  dw 00204h,base+0001Eh
  dw 00405h,base+00000h
  dw 00777h,base+00FBEh
  dw 00304h,base+00001h
  dw 00C7Dh,base+00CDEh
  dw 01080h,base+00A4Bh
  dw 01181h,base+00891h
  dw 01180h,base+008A2h
  dw 01100h,base+008B3h

ryuPage1frame001:
  db 044h,020h,066h,048h
  db 06Eh
  db 000h,000h,0B8h,000h,000h
  db 000h,000h
  dw 0127Fh,base+00717h
  dw 01380h,base+00575h
  dw 0147Fh,base+004C1h
  dw 01580h,base+00458h
  dw 0167Fh,base+00400h
  dw 01780h,base+00348h
  dw 01880h,base+00270h
  dw 01880h,base+00288h
  dw 01880h,base+002A0h
  dw 01980h,base+0018Fh
  dw 01980h,base+001A8h
  dw 01980h,base+001C1h
  dw 01980h,base+001DAh
  dw 01A80h,base+000D9h
  dw 01314h,base+00588h
  dw 0066Ch,base+000DBh
  dw 01315h,base+0059Bh
  dw 0056Ch,base+0001Dh
  dw 01216h,base+00729h
  dw 0036Ah,base+01073h
  dw 01217h,base+0073Bh
  dw 0026Ah,base+0000Ch
  dw 01116h,base+008C4h
  dw 0036Ah,base+00034h
  dw 01015h,base+00A5Bh
  dw 0046Ah,base+0009Fh
  dw 01116h,base+008D5h
  dw 0046Ah,base+005E2h
  dw 00406h,base+000B3h
  dw 00B10h,base+00D62h
  dw 0046Ah,base+005E2h
  dw 00408h,base+00010h
  dw 0090Eh,base+00ED6h
  dw 0046Ah,base+005E2h
  dw 0040Ah,base+006B2h
  dw 0080Ch,base+00F66h
  dw 0046Ah,base+005E2h
  dw 0040Ah,base+00265h
  dw 0080Dh,base+00F6Eh
  dw 00369h,base+005E3h
  dw 0030Bh,base+005A3h
  dw 0080Ch,base+00F42h
  dw 00368h,base+002CFh
  dw 0040Ch,base+00317h
  dw 0090Ch,base+00EDFh
  dw 00208h,base+00003h
  dw 00160h,base+00000h
  dw 0040Ch,base+01007h
  dw 0090Dh,base+00EE8h
  dw 00207h,base+00003h
  dw 0015Fh,base+00000h
  dw 0040Eh,base+0105Bh
  dw 0090Ch,base+00EF1h
  dw 00206h,base+00003h
  dw 00260h,base+00000h
  dw 0040Eh,base+01056h
  dw 0090Ch,base+00EFAh
  dw 00306h,base+00003h
  dw 00160h,base+00000h
  dw 0040Ch,base+005E3h
  dw 00C0Eh,base+00CEAh
  dw 00405h,base+00003h
  dw 00261h,base+00000h
  dw 0030Ch,base+00019h
  dw 00C0Eh,base+00C6Ah
  dw 00600h,base+0004Eh

ryuPage1frame002:
  db 04Ah,01Fh,05Ah,068h
  db 066h
  db 000h,000h,098h,000h,000h
  db 000h,000h
  dw 0030Ah,base+00035h
  dw 00E10h,base+00BD0h
  dw 00563h,base+00199h
  dw 00102h,base+00000h
  dw 0040Ah,base+00003h
  dw 01011h,base+00A6Bh
  dw 00463h,base+0010Ah
  dw 00102h,base+00000h
  dw 0030Ah,base+00003h
  dw 01011h,base+00A7Bh
  dw 00462h,base+000F2h
  dw 0060Ch,base+00003h
  dw 01112h,base+008E6h
  dw 00362h,base+00003h
  dw 0050Bh,base+00257h
  dw 01213h,base+0074Dh
  dw 00361h,base+00003h
  dw 0060Bh,base+006FEh
  dw 01674h,base+00416h
  dw 0060Ch,base+00E90h
  dw 00B0Ch,base+00D6Dh
  dw 00968h,base+00F03h
  dw 00405h,base+0000Fh
  dw 00106h,base+00000h
  dw 00A10h,base+00DE6h
  dw 00665h,base+00D93h
  dw 00102h,base+00000h
  dw 00103h,base+00001h
  dw 00106h,base+00000h
  dw 0090Fh,base+00D6Dh
  dw 00766h,base+00E57h
  dw 00102h,base+00000h
  dw 00103h,base+00001h
  dw 00105h,base+00000h
  dw 00A0Fh,base+00DF0h
  dw 00868h,base+000FAh
  dw 00104h,base+00002h
  dw 00105h,base+00000h
  dw 0090Dh,base+00E99h
  dw 00A6Ch,base+004EAh
  dw 00306h,base+00002h
  dw 0090Dh,base+00F0Ch
  dw 00B6Eh,base+00D78h
  dw 00105h,base+0001Fh
  dw 0080Bh,base+00F76h
  dw 00E75h,base+00BDEh
  dw 0050Ah,base+00E09h
  dw 00F76h,base+00B2Bh
  dw 00409h,base+005E3h
  dw 01177h,base+008F7h
  dw 00407h,base+0010Bh
  dw 01379h,base+005AEh
  dw 01A80h,base+000F3h
  dw 01415h,base+004D5h
  dw 0056Ch,base+00197h
  dw 01314h,base+005C1h
  dw 0056Ch,base+01024h
  dw 01214h,base+0075Fh
  dw 0056Ch,base+00534h
  dw 01215h,base+00771h
  dw 0046Ch,base+0013Ah
  dw 00F14h,base+00B3Ah
  dw 0046Ch,base+00013h
  dw 00E14h,base+00BECh
  dw 0046Ch,base+00013h
  dw 00D15h,base+00C5Ch
  dw 0046Bh,base+0001Eh
  dw 00C15h,base+00CF6h
  dw 0046Ch,base+00012h
  dw 00A15h,base+00DFAh
  dw 0036Bh,base+0001Dh
  dw 00815h,base+00F7Eh
  dw 00369h,base+00002h
  dw 00617h,base+000CDh
  dw 00368h,base+01076h
  dw 00718h,base+00703h
  dw 00367h,base+01079h
  dw 00718h,base+00738h
  dw 00467h,base+00013h
  dw 00719h,base+0038Fh
  dw 00400h,base+00012h

ryuPage1frame003:
  db 028h,01Bh,06Ah,02Dh
  db 07Ch
  db 000h,000h,0D3h,000h,000h
  db 000h,000h
  dw 00179h,base+00000h
  dw 00106h,base+00000h
  dw 00179h,base+00000h
  dw 00107h,base+00000h
  dw 00179h,base+00000h
  dw 00106h,base+00000h
  dw 00179h,base+0001Fh
  dw 00206h,base+00003h
  dw 0027Ah,base+00002h
  dw 00106h,base+00000h
  dw 0027Ah,base+00002h
  dw 00105h,base+00000h
  dw 0027Bh,base+00012h
  dw 00105h,base+0001Fh
  dw 0027Bh,base+0001Eh
  dw 00105h,base+0001Fh
  dw 0017Bh,base+00002h
  dw 00105h,base+0001Fh
  dw 0017Bh,base+00002h
  dw 00105h,base+0001Fh
  dw 0017Bh,base+00002h
  dw 00105h,base+0001Fh
  dw 0017Bh,base+00002h
  dw 00105h,base+0001Fh
  dw 0017Bh,base+00002h
  dw 00105h,base+0001Fh
  dw 0027Bh,base+00002h
  dw 00105h,base+0001Fh
  dw 0027Bh,base+0001Eh
  dw 00105h,base+00002h
  dw 0027Bh,base+0001Eh
  dw 00105h,base+00002h
  dw 0027Bh,base+0001Eh
  dw 00205h,base+00002h
  dw 0037Bh,base+00013h
  dw 00205h,base+0001Eh
  dw 0037Bh,base+00013h
  dw 00204h,base+0001Eh
  dw 00405h,base+00000h
  dw 00377h,base+00003h
  dw 00304h,base+00001h
  dw 00A7Dh,base+00E04h
  dw 00F80h,base+00B49h
  dw 01081h,base+00A8Bh
  dw 01080h,base+00A9Bh
  dw 01180h,base+00908h
  dw 0117Fh,base+00919h
  dw 01300h,base+005D4h

ryuPage1frame004:
  db 052h,020h,05Ch,048h
  db 06Ch
  db 000h,000h,0B8h,000h,000h
  db 000h,000h
  dw 0137Fh,base+005E7h
  dw 01580h,base+0046Dh
  dw 0157Fh,base+00482h
  dw 01780h,base+0035Fh
  dw 01780h,base+00376h
  dw 01880h,base+002B8h
  dw 01880h,base+002D0h
  dw 01980h,base+001F3h
  dw 0197Fh,base+0020Ch
  dw 01A80h,base+0010Dh
  dw 01A80h,base+00127h
  dw 01B80h,base+0001Ch
  dw 01B81h,base+00037h
  dw 01314h,base+005FAh
  dw 0076Ch,base+0001Eh
  dw 01315h,base+0060Dh
  dw 0066Bh,base+00FE8h
  dw 01316h,base+00620h
  dw 0066Bh,base+00FEEh
  dw 01216h,base+00783h
  dw 0056Ah,base+01029h
  dw 01217h,base+00795h
  dw 00469h,base+0009Fh
  dw 01117h,base+0092Ah
  dw 00469h,base+0009Fh
  dw 01117h,base+0093Bh
  dw 00469h,base+0009Fh
  dw 01117h,base+0094Ch
  dw 00469h,base+0005Bh
  dw 00406h,base+0001Ch
  dw 00B12h,base+00D83h
  dw 00368h,base+00008h
  dw 00407h,base+007D2h
  dw 00911h,base+00F15h
  dw 00368h,base+0005Bh
  dw 0030Ah,base+00000h
  dw 0080Eh,base+00F66h
  dw 00368h,base+0005Bh
  dw 0030Ah,base+00000h
  dw 0090Eh,base+00F1Eh
  dw 00309h,base+00007h
  dw 0015Fh,base+00000h
  dw 0030Bh,base+00010h
  dw 0080Eh,base+00F86h
  dw 00208h,base+00003h
  dw 0015Eh,base+00000h
  dw 0040Dh,base+0105Fh
  dw 0080Dh,base+00F8Eh
  dw 00306h,base+00003h
  dw 00360h,base+00048h
  dw 0040Dh,base+01063h
  dw 0080Dh,base+00EE9h
  dw 00306h,base+00003h
  dw 0025Fh,base+00003h
  dw 0040Dh,base+00208h
  dw 00A0Eh,base+00E0Eh
  dw 00405h,base+00003h
  dw 00360h,base+00048h
  dw 0040Dh,base+01067h
  dw 00A0Fh,base+00CEBh
  dw 00663h,base+00BF7h
  dw 0050Eh,base+0009Fh
  dw 00B0Fh,base+00CEBh
  dw 0055Fh,base+0102Eh
  dw 00204h,base+00003h
  dw 0040Ch,base+0004Fh
  dw 00D11h,base+00C69h
  dw 00400h,base+005E2h

ryuPage1frame005:
  db 04Eh,01Fh,058h,068h
  db 05Ah
  db 000h,000h,098h,000h,000h
  db 000h,000h
  dw 00910h,base+00F27h
  dw 00E12h,base+00BFAh
  dw 0045Eh,base+0010Ah
  dw 0080Eh,base+00F4Bh
  dw 01114h,base+0095Dh
  dw 0045Eh,base+000F2h
  dw 0070Eh,base+008B1h
  dw 01114h,base+0096Eh
  dw 0035Dh,base+00003h
  dw 0080Eh,base+00048h
  dw 01215h,base+007A7h
  dw 0035Dh,base+00003h
  dw 00305h,base+00048h
  dw 00209h,base+00003h
  dw 01314h,base+00633h
  dw 0035Eh,base+00429h
  dw 00102h,base+00000h
  dw 00103h,base+00002h
  dw 00108h,base+00000h
  dw 01773h,base+0038Dh
  dw 00104h,base+00001h
  dw 00209h,base+00003h
  dw 00B0Ch,base+00D6Dh
  dw 00B67h,base+00D8Eh
  dw 00104h,base+00002h
  dw 00208h,base+00003h
  dw 00A10h,base+00E18h
  dw 00867h,base+00F96h
  dw 00209h,base+0001Fh
  dw 00910h,base+00EA5h
  dw 00867h,base+004DAh
  dw 00107h,base+00002h
  dw 00A10h,base+00E22h
  dw 00B70h,base+004D9h
  dw 0090Eh,base+008E4h
  dw 00D71h,base+00C76h
  dw 0090Eh,base+00F30h
  dw 00E72h,base+00C08h
  dw 0080Ch,base+00F76h
  dw 01074h,base+00AABh
  dw 0060Bh,base+00FF4h
  dw 01075h,base+00ABBh
  dw 0050Ah,base+00E09h
  dw 01176h,base+0097Fh
  dw 00408h,base+0010Bh
  dw 01378h,base+00646h
  dw 00507h,base+01033h
  dw 01479h,base+004E9h
  dw 00507h,base+01038h
  dw 01479h,base+004FDh
  dw 00507h,base+006BDh
  dw 0147Ah,base+00511h
  dw 00406h,base+006B2h
  dw 0147Ah,base+00525h
  dw 00406h,base+0010Dh
  dw 00D10h,base+005C8h
  dw 0046Ah,base+0013Ah
  dw 00506h,base+00800h
  dw 00C10h,base+00D02h
  dw 0046Bh,base+00013h
  dw 00406h,base+00049h
  dw 00A0Fh,base+00E2Ch
  dw 0046Ch,base+00013h
  dw 00305h,base+0010Eh
  dw 00910h,base+00F39h
  dw 0046Bh,base+0001Eh
  dw 00306h,base+00045h
  dw 0070Fh,base+0015Eh
  dw 0046Ch,base+00012h
  dw 00305h,base+0004Ah
  dw 00510h,base+0103Dh
  dw 0036Bh,base+0001Dh
  dw 00305h,base+0010Eh
  dw 00510h,base+00003h
  dw 00369h,base+00002h
  dw 00517h,base+000B2h
  dw 00368h,base+01076h
  dw 00618h,base+0000Fh
  dw 00367h,base+01079h
  dw 00718h,base+00738h
  dw 00467h,base+00013h
  dw 00719h,base+0038Fh
  dw 00400h,base+00012h

ryuPage1frame006:
  db 028h,01Ch,06Ah,02Ch
  db 07Ch
  db 000h,000h,0D4h,000h,000h
  db 000h,000h
  dw 00179h,base+00000h
  dw 00106h,base+00000h
  dw 00179h,base+00000h
  dw 00107h,base+00000h
  dw 00179h,base+00000h
  dw 00106h,base+00000h
  dw 00179h,base+0001Fh
  dw 00206h,base+00003h
  dw 0027Ah,base+00002h
  dw 00106h,base+00000h
  dw 0027Ah,base+00002h
  dw 00105h,base+00000h
  dw 0027Bh,base+00012h
  dw 00105h,base+0001Fh
  dw 0027Bh,base+0001Eh
  dw 00105h,base+0001Fh
  dw 0017Bh,base+00002h
  dw 00105h,base+0001Fh
  dw 0017Bh,base+00002h
  dw 00105h,base+0001Fh
  dw 0017Bh,base+00002h
  dw 00105h,base+0001Fh
  dw 0017Bh,base+00002h
  dw 00105h,base+0001Fh
  dw 0017Bh,base+00002h
  dw 00105h,base+0001Fh
  dw 0027Bh,base+00002h
  dw 00105h,base+0001Fh
  dw 0027Bh,base+0001Eh
  dw 00105h,base+00002h
  dw 0027Bh,base+0001Eh
  dw 00105h,base+00002h
  dw 0027Bh,base+0001Eh
  dw 00205h,base+00002h
  dw 0037Bh,base+00013h
  dw 00205h,base+0001Eh
  dw 0037Bh,base+00013h
  dw 00204h,base+0001Eh
  dw 0097Ch,base+00000h
  dw 00304h,base+00001h
  dw 00B7Dh,base+00D99h
  dw 00F80h,base+00B58h
  dw 01081h,base+00ACBh
  dw 01080h,base+00ADBh
  dw 01180h,base+00990h
  dw 0117Fh,base+009A1h
  dw 01380h,base+00659h
  dw 01300h,base+0066Ch

ryuPage1frame007:
  db 058h,020h,058h,048h
  db 06Ah
  db 000h,000h,0B8h,000h,000h
  db 000h,000h
  dw 01580h,base+00497h
  dw 0157Fh,base+004ACh
  dw 01780h,base+003A4h
  dw 01780h,base+003BBh
  dw 01880h,base+002E8h
  dw 01880h,base+00300h
  dw 01980h,base+00225h
  dw 0197Fh,base+0023Eh
  dw 01A80h,base+00141h
  dw 01B80h,base+00052h
  dw 01B80h,base+0006Dh
  dw 01B81h,base+00088h
  dw 01314h,base+0067Fh
  dw 0066Ch,base+00FFAh
  dw 01314h,base+00692h
  dw 0076Ch,base+00002h
  dw 01315h,base+006A5h
  dw 0076Bh,base+000DBh
  dw 01316h,base+006B8h
  dw 0066Bh,base+01000h
  dw 01216h,base+007B9h
  dw 0056Ah,base+01042h
  dw 01118h,base+009B2h
  dw 00468h,base+001F1h
  dw 01118h,base+009C3h
  dw 00468h,base+000D4h
  dw 01018h,base+008D6h
  dw 00468h,base+000D4h
  dw 00405h,base+000B4h
  dw 00B13h,base+00D62h
  dw 00468h,base+000D4h
  dw 00307h,base+000B4h
  dw 00911h,base+00ED6h
  dw 00468h,base+0009Fh
  dw 00309h,base+00011h
  dw 0080Fh,base+00F66h
  dw 00468h,base+005E2h
  dw 00309h,base+0010Eh
  dw 00910h,base+00F1Eh
  dw 00366h,base+0004Fh
  dw 0040Bh,base+006B2h
  dw 0090Fh,base+00F42h
  dw 00465h,base+000F2h
  dw 0050Dh,base+01047h
  dw 0080Fh,base+00B70h
  dw 00307h,base+00003h
  dw 0025Ch,base+00003h
  dw 0060Eh,base+01006h
  dw 0090Fh,base+007CDh
  dw 00307h,base+00003h
  dw 0025Bh,base+00011h
  dw 0070Fh,base+00FC5h
  dw 00910h,base+00940h
  dw 00305h,base+00003h
  dw 00258h,base+00003h
  dw 00A12h,base+00E36h
  dw 00B11h,base+00DA4h
  dw 0075Ch,base+00E95h
  dw 00A12h,base+00E40h
  dw 00C12h,base+00C41h
  dw 0065Ch,base+0004Eh
  dw 00911h,base+00F4Bh
  dw 00E13h,base+00C16h
  dw 0055Ch,base+0102Eh
  dw 00810h,base+00F7Dh
  dw 00F14h,base+00B67h
  dw 00400h,base+0010Ah

ryuPage1frame008:
  db 052h,01Fh,056h,068h
  db 056h
  db 000h,000h,098h,000h,000h
  db 000h,000h
  dw 00811h,base+00048h
  dw 00F14h,base+00B76h
  dw 0045Bh,base+000F2h
  dw 00305h,base+00048h
  dw 0020Bh,base+00003h
  dw 01115h,base+009D4h
  dw 0035Bh,base+000F2h
  dw 00102h,base+00000h
  dw 00103h,base+00002h
  dw 0010Bh,base+00000h
  dw 01115h,base+009E5h
  dw 0035Bh,base+00003h
  dw 00104h,base+00001h
  dw 0020Bh,base+00003h
  dw 01216h,base+007CBh
  dw 0025Bh,base+00003h
  dw 00104h,base+00002h
  dw 0020Bh,base+00003h
  dw 01214h,base+007DDh
  dw 00460h,base+00508h
  dw 0020Bh,base+0001Fh
  dw 01314h,base+006CBh
  dw 00461h,base+000FDh
  dw 0010Bh,base+00002h
  dw 00A0Ch,base+00739h
  dw 00C73h,base+00D0Eh
  dw 00A0Fh,base+00E4Ah
  dw 00A71h,base+00E54h
  dw 00911h,base+00EA5h
  dw 0086Eh,base+000FAh
  dw 00911h,base+00E9Ah
  dw 00A6Fh,base+004EBh
  dw 00810h,base+007DDh
  dw 00B6Fh,base+00C78h
  dw 00810h,base+007CBh
  dw 00C6Fh,base+00C0Ah
  dw 00810h,base+00332h
  dw 00D70h,base+00C83h
  dw 0070Fh,base+00FCCh
  dw 00D71h,base+00C90h
  dw 0060Dh,base+00043h
  dw 00F73h,base+00B85h
  dw 0050Ch,base+000AFh
  dw 00F74h,base+00B94h
  dw 0030Bh,base+00034h
  dw 00F75h,base+009F7h
  dw 0040Ah,base+00019h
  dw 01176h,base+009F6h
  dw 00408h,base+000B0h
  dw 01378h,base+006DEh
  dw 00507h,base+00141h
  dw 01479h,base+00539h
  dw 00508h,base+00800h
  dw 01379h,base+006F1h
  dw 00407h,base+0010Dh
  dw 00D0Fh,base+00C9Dh
  dw 0046Bh,base+00013h
  dw 00406h,base+00045h
  dw 00C0Fh,base+00D1Ah
  dw 0046Ch,base+00013h
  dw 00306h,base+000E6h
  dw 00A0Fh,base+00E5Eh
  dw 0046Bh,base+0001Eh
  dw 00306h,base+00045h
  dw 00A0Fh,base+00E68h
  dw 0046Ch,base+00012h
  dw 00205h,base+00001h
  dw 00910h,base+00F54h
  dw 0036Bh,base+0001Dh
  dw 00206h,base+00011h
  dw 0070Fh,base+00DFCh
  dw 00369h,base+00002h
  dw 00508h,base+000B2h
  dw 0060Fh,base+00003h
  dw 00368h,base+01076h
  dw 00618h,base+0000Fh
  dw 00367h,base+01079h
  dw 00718h,base+00738h
  dw 00467h,base+00013h
  dw 00719h,base+0038Fh
  dw 00400h,base+00012h

ryuPage1frame009:
  db 028h,01Eh,06Ah,02Ah
  db 07Ch
  db 000h,000h,0D6h,000h,000h
  db 000h,000h
  dw 00179h,base+00000h
  dw 00106h,base+00000h
  dw 00179h,base+00000h
  dw 00107h,base+00000h
  dw 00179h,base+00000h
  dw 00106h,base+00000h
  dw 00179h,base+0001Fh
  dw 00206h,base+00003h
  dw 0027Ah,base+00002h
  dw 00106h,base+00000h
  dw 0027Ah,base+00002h
  dw 00105h,base+00000h
  dw 0027Bh,base+00012h
  dw 00105h,base+0001Fh
  dw 0027Bh,base+0001Eh
  dw 00105h,base+0001Fh
  dw 0017Bh,base+00002h
  dw 00105h,base+0001Fh
  dw 0017Bh,base+00002h
  dw 00105h,base+0001Fh
  dw 0017Bh,base+00002h
  dw 00105h,base+0001Fh
  dw 0017Bh,base+00002h
  dw 00105h,base+0001Fh
  dw 0017Bh,base+00002h
  dw 00105h,base+0001Fh
  dw 0027Bh,base+00002h
  dw 00105h,base+0001Fh
  dw 0027Bh,base+0001Eh
  dw 00105h,base+00002h
  dw 0027Bh,base+0001Eh
  dw 00105h,base+00002h
  dw 0027Bh,base+0001Eh
  dw 00205h,base+00002h
  dw 0037Bh,base+00013h
  dw 00205h,base+0001Eh
  dw 0037Bh,base+00013h
  dw 00204h,base+0001Eh
  dw 0077Ch,base+00000h
  dw 00304h,base+00001h
  dw 0087Dh,base+00F9Eh
  dw 00D80h,base+00CAAh
  dw 00E81h,base+00C24h
  dw 00E80h,base+00C32h
  dw 00F80h,base+00BA3h
  dw 00F7Fh,base+00BB2h
  dw 01180h,base+00A07h
  dw 0127Fh,base+007EFh
  dw 01480h,base+0054Dh
  dw 01400h,base+00561h

ryuPage1frame010:
  db 05Ah,020h,054h,048h
  db 068h
  db 000h,000h,0B8h,000h,000h
  db 000h,000h
  dw 01680h,base+0042Ch
  dw 01680h,base+00442h
  dw 01780h,base+003D2h
  dw 01780h,base+003E9h
  dw 01880h,base+00318h
  dw 01880h,base+00330h
  dw 0197Fh,base+00257h
  dw 01A80h,base+0015Bh
  dw 01A80h,base+00175h
  dw 01B80h,base+000A3h
  dw 01C81h,base+00000h
  dw 01B80h,base+000BEh
  dw 01214h,base+00801h
  dw 0086Ch,base+00FA6h
  dw 01215h,base+00813h
  dw 0076Bh,base+00FD3h
  dw 01216h,base+00825h
  dw 0066Ah,base+0100Ch
  dw 01217h,base+00837h
  dw 0056Ah,base+0104Ch
  dw 01117h,base+00A18h
  dw 00569h,base+01051h
  dw 01118h,base+00A29h
  dw 00468h,base+001F1h
  dw 01018h,base+00AEBh
  dw 00468h,base+000D4h
  dw 01018h,base+00AFBh
  dw 00468h,base+000D4h
  dw 00306h,base+00011h
  dw 00912h,base+00F15h
  dw 00467h,base+0009Fh
  dw 00409h,base+00048h
  dw 00811h,base+00FAEh
  dw 00366h,base+005E3h
  dw 0040Ah,base+0106Bh
  dw 00710h,base+00FDAh
  dw 00308h,base+0004Fh
  dw 0015Eh,base+00000h
  dw 0040Ah,base+0106Fh
  dw 00911h,base+00F5Dh
  dw 00207h,base+00003h
  dw 0015Dh,base+00000h
  dw 0050Bh,base+01056h
  dw 00A11h,base+00E22h
  dw 00207h,base+00003h
  dw 0015Ch,base+00001h
  dw 0060Dh,base+01012h
  dw 00911h,base+00D6Fh
  dw 00205h,base+00003h
  dw 00158h,base+00000h
  dw 00105h,base+00000h
  dw 0060Dh,base+00FF4h
  dw 00A11h,base+00E72h
  dw 00305h,base+00003h
  dw 00158h,base+00000h
  dw 00104h,base+00000h
  dw 0060Eh,base+01018h
  dw 00A11h,base+00E7Ch
  dw 0065Ch,base+00BF7h
  dw 00B12h,base+00DAFh
  dw 00C12h,base+00D26h
  dw 0055Ch,base+0102Eh
  dw 00A11h,base+00D8Ah
  dw 00D13h,base+00CB7h
  dw 0045Bh,base+0010Ah
  dw 00A12h,base+00E86h
  dw 00E13h,base+00C40h
  dw 0045Ah,base+0010Ah
  dw 00A12h,base+00E90h
  dw 00F14h,base+00BC1h
  dw 00300h,base+000F2h

ryuPage1frame011:
  db 052h,01Fh,054h,068h
  db 054h
  db 000h,000h,098h,000h,000h
  db 000h,000h
  dw 00405h,base+0000Fh
  dw 0040Ch,base+00003h
  dw 01015h,base+00B0Bh
  dw 0035Ah,base+00003h
  dw 00102h,base+00000h
  dw 00103h,base+00001h
  dw 0010Bh,base+00000h
  dw 01216h,base+00849h
  dw 0035Ah,base+00003h
  dw 00102h,base+00000h
  dw 00103h,base+00001h
  dw 0010Bh,base+00000h
  dw 01215h,base+0085Bh
  dw 0035Ch,base+004F3h
  dw 00104h,base+00002h
  dw 0010Bh,base+00000h
  dw 01214h,base+0086Dh
  dw 0035Fh,base+000FEh
  dw 0030Ch,base+00002h
  dw 01314h,base+00704h
  dw 00461h,base+004DDh
  dw 0010Bh,base+0001Fh
  dw 00A0Ch,base+00E9Ah
  dw 00C73h,base+00D32h
  dw 00A0Eh,base+00EA4h
  dw 00B72h,base+00DBAh
  dw 0090Fh,base+00DF1h
  dw 00B71h,base+00DC5h
  dw 00811h,base+007DDh
  dw 00A6Eh,base+00EAEh
  dw 00812h,base+00184h
  dw 00A6Eh,base+004ECh
  dw 00711h,base+00633h
  dw 00A6Eh,base+004DBh
  dw 00812h,base+00184h
  dw 00A6Eh,base+00EB8h
  dw 00711h,base+00F8Dh
  dw 00A6Eh,base+00EC2h
  dw 00711h,base+0094Ah
  dw 00B6Fh,base+00DD0h
  dw 00610h,base+0101Eh
  dw 00B70h,base+00DDBh
  dw 0050Fh,base+00043h
  dw 00C71h,base+00D3Eh
  dw 0040Eh,base+00034h
  dw 00D72h,base+00CC4h
  dw 0040Dh,base+00034h
  dw 00E73h,base+00C4Eh
  dw 0040Bh,base+00019h
  dw 01075h,base+00B1Bh
  dw 0040Ah,base+000E5h
  dw 01176h,base+00A3Ah
  dw 00509h,base+00FCDh
  dw 01277h,base+0087Fh
  dw 00509h,base+00048h
  dw 00D0Eh,base+00CD1h
  dw 0046Ah,base+00013h
  dw 00508h,base+00800h
  dw 00C0Eh,base+00D4Ah
  dw 0046Ch,base+00013h
  dw 00306h,base+0004Ah
  dw 00C0Fh,base+00D56h
  dw 0046Bh,base+0001Eh
  dw 00307h,base+0010Eh
  dw 00A0Eh,base+00ECCh
  dw 0046Ch,base+00012h
  dw 00207h,base+00046h
  dw 0080Eh,base+00FB6h
  dw 0036Bh,base+0001Dh
  dw 00207h,base+00011h
  dw 0070Eh,base+00FE1h
  dw 00369h,base+00002h
  dw 00509h,base+000B2h
  dw 0060Eh,base+00003h
  dw 00368h,base+01076h
  dw 0060Bh,base+0000Fh
  dw 0030Dh,base+00003h
  dw 00367h,base+01079h
  dw 00718h,base+00738h
  dw 00467h,base+00013h
  dw 00719h,base+0038Fh
  dw 00400h,base+00012h

ryuPage1frame012:
  db 028h,01Ch,06Ah,02Ch
  db 07Ch
  db 000h,000h,0D4h,000h,000h
  db 000h,000h
  dw 00179h,base+00000h
  dw 00106h,base+00000h
  dw 00179h,base+00000h
  dw 00107h,base+00000h
  dw 00179h,base+00000h
  dw 00106h,base+00000h
  dw 00179h,base+0001Fh
  dw 00206h,base+00003h
  dw 0027Ah,base+00002h
  dw 00106h,base+00000h
  dw 0027Ah,base+00002h
  dw 00105h,base+00000h
  dw 0027Bh,base+00012h
  dw 00105h,base+0001Fh
  dw 0027Bh,base+0001Eh
  dw 00105h,base+0001Fh
  dw 0017Bh,base+00002h
  dw 00105h,base+0001Fh
  dw 0017Bh,base+00002h
  dw 00105h,base+0001Fh
  dw 0017Bh,base+00002h
  dw 00105h,base+0001Fh
  dw 0017Bh,base+00002h
  dw 00105h,base+0001Fh
  dw 0017Bh,base+00002h
  dw 00105h,base+0001Fh
  dw 0027Bh,base+00002h
  dw 00105h,base+0001Fh
  dw 0027Bh,base+0001Eh
  dw 00105h,base+00002h
  dw 0027Bh,base+0001Eh
  dw 00105h,base+00002h
  dw 0027Bh,base+0001Eh
  dw 00205h,base+00002h
  dw 0037Bh,base+00013h
  dw 00205h,base+0001Eh
  dw 0037Bh,base+00013h
  dw 00204h,base+0001Eh
  dw 0097Ch,base+00000h
  dw 00304h,base+00001h
  dw 00B7Dh,base+00D99h
  dw 00F80h,base+00B58h
  dw 01081h,base+00ACBh
  dw 01080h,base+00ADBh
  dw 01180h,base+00990h
  dw 0117Fh,base+009A1h
  dw 01380h,base+00659h
  dw 01300h,base+0066Ch

ryuPage1frame013:
  db 058h,020h,058h,048h
  db 06Ah
  db 000h,000h,0B8h,000h,000h
  db 000h,000h
  dw 01580h,base+00497h
  dw 0157Fh,base+004ACh
  dw 01780h,base+003A4h
  dw 01780h,base+003BBh
  dw 01880h,base+002E8h
  dw 01880h,base+00300h
  dw 01980h,base+00225h
  dw 0197Fh,base+0023Eh
  dw 01A80h,base+00141h
  dw 01B80h,base+00052h
  dw 01B80h,base+0006Dh
  dw 01B81h,base+00088h
  dw 01314h,base+0067Fh
  dw 0066Ch,base+00FFAh
  dw 01314h,base+00692h
  dw 0076Ch,base+00002h
  dw 01315h,base+006A5h
  dw 0076Bh,base+000DBh
  dw 01316h,base+006B8h
  dw 0066Bh,base+01000h
  dw 01216h,base+007B9h
  dw 0056Ah,base+01042h
  dw 01118h,base+009B2h
  dw 00468h,base+001F1h
  dw 01118h,base+009C3h
  dw 00468h,base+000D4h
  dw 01018h,base+008D6h
  dw 00468h,base+000D4h
  dw 00405h,base+000B4h
  dw 00B13h,base+00D62h
  dw 00468h,base+000D4h
  dw 00307h,base+000B4h
  dw 00911h,base+00ED6h
  dw 00468h,base+0009Fh
  dw 00309h,base+00011h
  dw 0080Fh,base+00F66h
  dw 00468h,base+005E2h
  dw 00309h,base+0010Eh
  dw 00910h,base+00F1Eh
  dw 00366h,base+0004Fh
  dw 0040Bh,base+006B2h
  dw 0090Fh,base+00F42h
  dw 00465h,base+000F2h
  dw 0050Dh,base+01047h
  dw 0080Fh,base+00B70h
  dw 00307h,base+00003h
  dw 0025Ch,base+00003h
  dw 0060Eh,base+01006h
  dw 0090Fh,base+007CDh
  dw 00307h,base+00003h
  dw 0025Bh,base+00011h
  dw 0070Fh,base+00FC5h
  dw 00910h,base+00940h
  dw 00305h,base+00003h
  dw 00258h,base+00003h
  dw 00A12h,base+00E36h
  dw 00B11h,base+00DA4h
  dw 0075Ch,base+00E95h
  dw 00A12h,base+00E40h
  dw 00C12h,base+00C41h
  dw 0065Ch,base+0004Eh
  dw 00911h,base+00F4Bh
  dw 00E13h,base+00C16h
  dw 0055Ch,base+0102Eh
  dw 00810h,base+00F7Dh
  dw 00F14h,base+00B67h
  dw 00400h,base+0010Ah

ryuPage1frame014:
  db 052h,01Fh,056h,068h
  db 056h
  db 000h,000h,098h,000h,000h
  db 000h,000h
  dw 00811h,base+00048h
  dw 00F14h,base+00B76h
  dw 0045Bh,base+000F2h
  dw 00305h,base+00048h
  dw 0020Bh,base+00003h
  dw 01115h,base+009D4h
  dw 0035Bh,base+000F2h
  dw 00102h,base+00000h
  dw 00103h,base+00002h
  dw 0010Bh,base+00000h
  dw 01115h,base+009E5h
  dw 0035Bh,base+00003h
  dw 00104h,base+00001h
  dw 0020Bh,base+00003h
  dw 01216h,base+007CBh
  dw 0025Bh,base+00003h
  dw 00104h,base+00002h
  dw 0020Bh,base+00003h
  dw 01214h,base+007DDh
  dw 00460h,base+00508h
  dw 0020Bh,base+0001Fh
  dw 01314h,base+006CBh
  dw 00461h,base+000FDh
  dw 0010Bh,base+00002h
  dw 00A0Ch,base+00739h
  dw 00C73h,base+00D0Eh
  dw 00A0Fh,base+00E4Ah
  dw 00A71h,base+00E54h
  dw 00911h,base+00EA5h
  dw 0086Eh,base+000FAh
  dw 00911h,base+00E9Ah
  dw 00A6Fh,base+004EBh
  dw 00810h,base+007DDh
  dw 00B6Fh,base+00C78h
  dw 00810h,base+007CBh
  dw 00C6Fh,base+00C0Ah
  dw 00810h,base+00332h
  dw 00D70h,base+00C83h
  dw 0070Fh,base+00FCCh
  dw 00D71h,base+00C90h
  dw 0060Dh,base+00043h
  dw 00F73h,base+00B85h
  dw 0050Ch,base+000AFh
  dw 00F74h,base+00B94h
  dw 0030Bh,base+00034h
  dw 00F75h,base+009F7h
  dw 0040Ah,base+00019h
  dw 01176h,base+009F6h
  dw 00408h,base+000B0h
  dw 01378h,base+006DEh
  dw 00507h,base+00141h
  dw 01479h,base+00539h
  dw 00508h,base+00800h
  dw 01379h,base+006F1h
  dw 00407h,base+0010Dh
  dw 00D0Fh,base+00C9Dh
  dw 0046Bh,base+00013h
  dw 00406h,base+00045h
  dw 00C0Fh,base+00D1Ah
  dw 0046Ch,base+00013h
  dw 00306h,base+000E6h
  dw 00A0Fh,base+00E5Eh
  dw 0046Bh,base+0001Eh
  dw 00306h,base+00045h
  dw 00A0Fh,base+00E68h
  dw 0046Ch,base+00012h
  dw 00205h,base+00001h
  dw 00910h,base+00F54h
  dw 0036Bh,base+0001Dh
  dw 00206h,base+00011h
  dw 0070Fh,base+00DFCh
  dw 00369h,base+00002h
  dw 00508h,base+000B2h
  dw 0060Fh,base+00003h
  dw 00368h,base+01076h
  dw 00618h,base+0000Fh
  dw 00367h,base+01079h
  dw 00718h,base+00738h
  dw 00467h,base+00013h
  dw 00719h,base+0038Fh
  dw 00400h,base+00012h

ryuPage1frame015:
  db 028h,01Bh,06Ah,02Dh
  db 07Ch
  db 000h,000h,0D3h,000h,000h
  db 000h,000h
  dw 00179h,base+00000h
  dw 00106h,base+00000h
  dw 00179h,base+00000h
  dw 00107h,base+00000h
  dw 00179h,base+00000h
  dw 00106h,base+00000h
  dw 00179h,base+0001Fh
  dw 00206h,base+00003h
  dw 0027Ah,base+00002h
  dw 00106h,base+00000h
  dw 0027Ah,base+00002h
  dw 00105h,base+00000h
  dw 0027Bh,base+00012h
  dw 00105h,base+0001Fh
  dw 0027Bh,base+0001Eh
  dw 00105h,base+0001Fh
  dw 0017Bh,base+00002h
  dw 00105h,base+0001Fh
  dw 0017Bh,base+00002h
  dw 00105h,base+0001Fh
  dw 0017Bh,base+00002h
  dw 00105h,base+0001Fh
  dw 0017Bh,base+00002h
  dw 00105h,base+0001Fh
  dw 0017Bh,base+00002h
  dw 00105h,base+0001Fh
  dw 0027Bh,base+00002h
  dw 00105h,base+0001Fh
  dw 0027Bh,base+0001Eh
  dw 00105h,base+00002h
  dw 0027Bh,base+0001Eh
  dw 00105h,base+00002h
  dw 0027Bh,base+0001Eh
  dw 00205h,base+00002h
  dw 0037Bh,base+00013h
  dw 00205h,base+0001Eh
  dw 0037Bh,base+00013h
  dw 00204h,base+0001Eh
  dw 00405h,base+00000h
  dw 00377h,base+00003h
  dw 00304h,base+00001h
  dw 00A7Dh,base+00E04h
  dw 00F80h,base+00B49h
  dw 01081h,base+00A8Bh
  dw 01080h,base+00A9Bh
  dw 01180h,base+00908h
  dw 0117Fh,base+00919h
  dw 01300h,base+005D4h

ryuPage1frame016:
  db 052h,020h,05Ch,048h
  db 06Ch
  db 000h,000h,0B8h,000h,000h
  db 000h,000h
  dw 0137Fh,base+005E7h
  dw 01580h,base+0046Dh
  dw 0157Fh,base+00482h
  dw 01780h,base+0035Fh
  dw 01780h,base+00376h
  dw 01880h,base+002B8h
  dw 01880h,base+002D0h
  dw 01980h,base+001F3h
  dw 0197Fh,base+0020Ch
  dw 01A80h,base+0010Dh
  dw 01A80h,base+00127h
  dw 01B80h,base+0001Ch
  dw 01B81h,base+00037h
  dw 01314h,base+005FAh
  dw 0076Ch,base+0001Eh
  dw 01315h,base+0060Dh
  dw 0066Bh,base+00FE8h
  dw 01316h,base+00620h
  dw 0066Bh,base+00FEEh
  dw 01216h,base+00783h
  dw 0056Ah,base+01029h
  dw 01217h,base+00795h
  dw 00469h,base+0009Fh
  dw 01117h,base+0092Ah
  dw 00469h,base+0009Fh
  dw 01117h,base+0093Bh
  dw 00469h,base+0009Fh
  dw 01117h,base+0094Ch
  dw 00469h,base+0005Bh
  dw 00406h,base+0001Ch
  dw 00B12h,base+00D83h
  dw 00368h,base+00008h
  dw 00407h,base+007D2h
  dw 00911h,base+00F15h
  dw 00368h,base+0005Bh
  dw 0030Ah,base+00000h
  dw 0080Eh,base+00F66h
  dw 00368h,base+0005Bh
  dw 0030Ah,base+00000h
  dw 0090Eh,base+00F1Eh
  dw 00309h,base+00007h
  dw 0015Fh,base+00000h
  dw 0030Bh,base+00010h
  dw 0080Eh,base+00F86h
  dw 00208h,base+00003h
  dw 0015Eh,base+00000h
  dw 0040Dh,base+0105Fh
  dw 0080Dh,base+00F8Eh
  dw 00306h,base+00003h
  dw 00360h,base+00048h
  dw 0040Dh,base+01063h
  dw 0080Dh,base+00EE9h
  dw 00306h,base+00003h
  dw 0025Fh,base+00003h
  dw 0040Dh,base+00208h
  dw 00A0Eh,base+00E0Eh
  dw 00405h,base+00003h
  dw 00360h,base+00048h
  dw 0040Dh,base+01067h
  dw 00A0Fh,base+00CEBh
  dw 00663h,base+00BF7h
  dw 0050Eh,base+0009Fh
  dw 00B0Fh,base+00CEBh
  dw 0055Fh,base+0102Eh
  dw 00204h,base+00003h
  dw 0040Ch,base+0004Fh
  dw 00D11h,base+00C69h
  dw 00400h,base+005E2h

ryuPage1frame017:
  db 04Eh,01Fh,058h,068h
  db 05Ah
  db 000h,000h,098h,000h,000h
  db 000h,000h
  dw 00910h,base+00F27h
  dw 00E12h,base+00BFAh
  dw 0045Eh,base+0010Ah
  dw 0080Eh,base+00F4Bh
  dw 01114h,base+0095Dh
  dw 0045Eh,base+000F2h
  dw 0070Eh,base+008B1h
  dw 01114h,base+0096Eh
  dw 0035Dh,base+00003h
  dw 0080Eh,base+00048h
  dw 01215h,base+007A7h
  dw 0035Dh,base+00003h
  dw 00305h,base+00048h
  dw 00209h,base+00003h
  dw 01314h,base+00633h
  dw 0035Eh,base+00429h
  dw 00102h,base+00000h
  dw 00103h,base+00002h
  dw 00108h,base+00000h
  dw 01773h,base+0038Dh
  dw 00104h,base+00001h
  dw 00209h,base+00003h
  dw 00B0Ch,base+00D6Dh
  dw 00B67h,base+00D8Eh
  dw 00104h,base+00002h
  dw 00208h,base+00003h
  dw 00A10h,base+00E18h
  dw 00867h,base+00F96h
  dw 00209h,base+0001Fh
  dw 00910h,base+00EA5h
  dw 00867h,base+004DAh
  dw 00107h,base+00002h
  dw 00A10h,base+00E22h
  dw 00B70h,base+004D9h
  dw 0090Eh,base+008E4h
  dw 00D71h,base+00C76h
  dw 0090Eh,base+00F30h
  dw 00E72h,base+00C08h
  dw 0080Ch,base+00F76h
  dw 01074h,base+00AABh
  dw 0060Bh,base+00FF4h
  dw 01075h,base+00ABBh
  dw 0050Ah,base+00E09h
  dw 01176h,base+0097Fh
  dw 00408h,base+0010Bh
  dw 01378h,base+00646h
  dw 00507h,base+01033h
  dw 01479h,base+004E9h
  dw 00507h,base+01038h
  dw 01479h,base+004FDh
  dw 00507h,base+006BDh
  dw 0147Ah,base+00511h
  dw 00406h,base+006B2h
  dw 0147Ah,base+00525h
  dw 00406h,base+0010Dh
  dw 00D10h,base+005C8h
  dw 0046Ah,base+0013Ah
  dw 00506h,base+00800h
  dw 00C10h,base+00D02h
  dw 0046Bh,base+00013h
  dw 00406h,base+00049h
  dw 00A0Fh,base+00E2Ch
  dw 0046Ch,base+00013h
  dw 00305h,base+0010Eh
  dw 00910h,base+00F39h
  dw 0046Bh,base+0001Eh
  dw 00306h,base+00045h
  dw 0070Fh,base+0015Eh
  dw 0046Ch,base+00012h
  dw 00305h,base+0004Ah
  dw 00510h,base+0103Dh
  dw 0036Bh,base+0001Dh
  dw 00305h,base+0010Eh
  dw 00510h,base+00003h
  dw 00369h,base+00002h
  dw 00517h,base+000B2h
  dw 00368h,base+01076h
  dw 00618h,base+0000Fh
  dw 00367h,base+01079h
  dw 00718h,base+00738h
  dw 00467h,base+00013h
  dw 00719h,base+0038Fh
  dw 00400h,base+00012h


