  dw ryuPage1frame000
  dw ryuPage1frame001
  dw ryuPage1frame002
  dw ryuPage1frame003
  dw ryuPage1frame004
  dw ryuPage1frame005
  dw ryuPage1frame006
  dw ryuPage1frame007
  dw ryuPage1frame008
  dw ryuPage1frame009
  dw ryuPage1frame010
  dw ryuPage1frame011
  dw ryuPage1frame012
  dw ryuPage1frame013
  dw ryuPage1frame014
  dw ryuPage1frame015
  dw ryuPage1frame016
  dw ryuPage1frame017
  dw ryuPage1frame018
  dw ryuPage1frame019
  dw ryuPage1frame020
  dw ryuPage1frame021
  dw ryuPage1frame022
  dw ryuPage1frame023
  dw ryuPage1frame024
  dw ryuPage1frame025

ryuPage1frame000:
  db 022h,04Eh,070h,036h
  db 07Ch
  dw base+00000h
  dw 0017Fh
  dw 0037Fh
  dw 0057Fh
  dw 00680h
  dw 00780h
  dw 00780h
  dw 00A80h
  dw 00B80h
  dw 00B81h
  dw 00B81h
  dw 00A80h
  dw 00A80h
  dw 00A7Fh
  dw 00B80h
  dw 00B80h
  dw 00B80h
  dw 00B80h
  dw 00B80h
  dw 00B80h
  dw 00B80h
  dw 00B80h
  dw 00B7Fh
  dw 00C80h
  dw 00C80h
  dw 00C80h
  dw 00B80h
  dw 00B80h
  dw 00B7Fh
  dw 00405h
  dw 0077Bh
  dw 00305h
  dw 0067Bh
  dw 00B80h
  dw 00C80h
  dw 00C81h
  dw 00B81h
  dw 00B80h
  dw 00B82h
  dw 00980h
  dw 00980h
  dw 0097Fh
  dw 00A80h
  dw 00A80h
  dw 00A80h
  dw 00A80h
  dw 00B80h
  dw 00B7Fh
  dw 00C80h
  dw 00C80h
  dw 00D80h
  dw 00D80h
  dw 00D80h
  dw 00607h
  dw 00679h
  dw 00507h
  dw 00679h
  dw 00508h
  dw 00578h
  dw 00508h
  dw 00577h
  dw 00609h
  dw 00577h
  dw 00509h
  dw 00577h
  dw 00509h
  dw 00576h
  dw 0060Ah
  dw 00576h
  dw 00609h
  dw 00677h
  dw 00509h
  dw 00677h
  dw 00509h
  dw 00576h
  dw 0060Ah
  dw 00576h
  dw 0050Ah
  dw 00576h
  dw 0050Ah
  dw 00576h
  dw 0050Ah
  dw 00576h
  dw 00509h
  dw 00577h
  dw 00409h
  dw 00578h
  dw 00308h
  dw 00577h
  dw 00409h
  dw 00577h
  dw 0030Ah
  dw 00476h
  dw 0030Ah
  dw 00476h
  dw 0020Ah
  dw 00275h
  dw 0030Ah
  dw 00376h
  dw 0040Ah
  dw 00476h
  dw 0040Ah
  dw 00576h
  dw 0040Bh
  dw 00475h
  dw 0040Ch
  dw 00375h
  dw 00200h

ryuPage1frame001:
  db 022h,04Fh,070h,035h
  db 07Ch
  dw base+002FBh
  dw 0017Fh
  dw 0037Fh
  dw 0057Fh
  dw 00680h
  dw 00780h
  dw 00B80h
  dw 00B80h
  dw 00C80h
  dw 00C81h
  dw 00B81h
  dw 00A80h
  dw 00A7Fh
  dw 00B80h
  dw 00B80h
  dw 00B80h
  dw 00B80h
  dw 00B80h
  dw 00B80h
  dw 00B80h
  dw 00B80h
  dw 00B7Fh
  dw 00C80h
  dw 00C80h
  dw 00C80h
  dw 00B80h
  dw 00B80h
  dw 00B7Fh
  dw 00305h
  dw 0077Bh
  dw 00B80h
  dw 00B80h
  dw 00B80h
  dw 00C80h
  dw 00C81h
  dw 00B82h
  dw 00A81h
  dw 00980h
  dw 00980h
  dw 0097Fh
  dw 00A80h
  dw 00A80h
  dw 00A80h
  dw 00A80h
  dw 00A80h
  dw 00B80h
  dw 00B7Fh
  dw 00C80h
  dw 00C80h
  dw 00C80h
  dw 00C80h
  dw 00607h
  dw 00679h
  dw 00607h
  dw 00679h
  dw 00507h
  dw 00678h
  dw 00609h
  dw 00577h
  dw 00609h
  dw 00577h
  dw 00609h
  dw 00577h
  dw 00509h
  dw 00576h
  dw 0060Ah
  dw 00576h
  dw 0060Ah
  dw 00576h
  dw 0060Ah
  dw 00576h
  dw 00509h
  dw 00576h
  dw 0060Ah
  dw 00576h
  dw 0060Ah
  dw 00576h
  dw 0050Ah
  dw 00576h
  dw 00509h
  dw 00677h
  dw 00509h
  dw 00677h
  dw 00509h
  dw 00578h
  dw 00308h
  dw 00577h
  dw 00409h
  dw 00577h
  dw 0030Ah
  dw 00476h
  dw 0030Ah
  dw 00376h
  dw 00309h
  dw 00477h
  dw 00209h
  dw 00377h
  dw 00209h
  dw 00376h
  dw 0040Ah
  dw 00476h
  dw 0040Bh
  dw 00475h
  dw 0040Bh
  dw 00475h
  dw 0040Bh
  dw 00475h
  dw 0040Ch
  dw 00375h
  dw 00200h

ryuPage1frame002:
  db 022h,050h,070h,034h
  db 07Ch
  dw base+00602h
  dw 0017Fh
  dw 0047Fh
  dw 0057Fh
  dw 00708h
  dw 00378h
  dw 00B80h
  dw 00C80h
  dw 00C80h
  dw 00C80h
  dw 00C81h
  dw 00B81h
  dw 00A80h
  dw 00A7Fh
  dw 00B80h
  dw 00B80h
  dw 00B80h
  dw 00B80h
  dw 00B80h
  dw 00B80h
  dw 00B80h
  dw 00B7Fh
  dw 00C80h
  dw 00C80h
  dw 00C80h
  dw 00C80h
  dw 00B80h
  dw 00B7Fh
  dw 00C80h
  dw 00B80h
  dw 00B80h
  dw 00B80h
  dw 00C81h
  dw 00B81h
  dw 00102h
  dw 00880h
  dw 00980h
  dw 00980h
  dw 0097Fh
  dw 00A80h
  dw 00A80h
  dw 00A80h
  dw 00A80h
  dw 00A80h
  dw 00A80h
  dw 00A80h
  dw 00B7Fh
  dw 00C80h
  dw 00C80h
  dw 00C80h
  dw 00C80h
  dw 00C80h
  dw 00D80h
  dw 00607h
  dw 00679h
  dw 00507h
  dw 00678h
  dw 00608h
  dw 00678h
  dw 00608h
  dw 00678h
  dw 00609h
  dw 00577h
  dw 00508h
  dw 00678h
  dw 00508h
  dw 00577h
  dw 00609h
  dw 00577h
  dw 00609h
  dw 00577h
  dw 00509h
  dw 00577h
  dw 00509h
  dw 00576h
  dw 0060Ah
  dw 00576h
  dw 00609h
  dw 00677h
  dw 00509h
  dw 00577h
  dw 00509h
  dw 00578h
  dw 00408h
  dw 00578h
  dw 00408h
  dw 00578h
  dw 00308h
  dw 00577h
  dw 0040Ah
  dw 00376h
  dw 0030Ah
  dw 00376h
  dw 0030Ah
  dw 00376h
  dw 0030Ah
  dw 00376h
  dw 0020Ah
  dw 00375h
  dw 0030Ch
  dw 00274h
  dw 0040Ch
  dw 00374h
  dw 0040Ch
  dw 00374h
  dw 0040Ch
  dw 00374h
  dw 0040Ch
  dw 00374h
  dw 0040Ch
  dw 00375h
  dw 00200h

ryuPage1frame003:
  db 01Eh,049h,070h,03Bh
  db 078h
  dw base+00916h
  dw 0027Fh
  dw 0047Fh
  dw 00580h
  dw 0067Fh
  dw 00780h
  dw 00809h
  dw 00277h
  dw 00C80h
  dw 00C81h
  dw 00C81h
  dw 00B80h
  dw 00B81h
  dw 00A7Fh
  dw 00B80h
  dw 00B7Fh
  dw 00C80h
  dw 00C80h
  dw 00C80h
  dw 00C80h
  dw 00C80h
  dw 00C80h
  dw 00C80h
  dw 00B80h
  dw 00B80h
  dw 00B80h
  dw 00B80h
  dw 00B80h
  dw 00A80h
  dw 00A80h
  dw 00203h
  dw 00780h
  dw 00781h
  dw 0077Fh
  dw 00880h
  dw 0097Fh
  dw 00A80h
  dw 00A80h
  dw 00A80h
  dw 00A80h
  dw 00A80h
  dw 00A7Fh
  dw 00B80h
  dw 00B80h
  dw 00B7Fh
  dw 00D80h
  dw 00D80h
  dw 00607h
  dw 00679h
  dw 00607h
  dw 00679h
  dw 00607h
  dw 00679h
  dw 00607h
  dw 00679h
  dw 00507h
  dw 00679h
  dw 00507h
  dw 00679h
  dw 00508h
  dw 00577h
  dw 00609h
  dw 00577h
  dw 00609h
  dw 00577h
  dw 00609h
  dw 00577h
  dw 00509h
  dw 00477h
  dw 00509h
  dw 00477h
  dw 00509h
  dw 00477h
  dw 00509h
  dw 00477h
  dw 00509h
  dw 00477h
  dw 00509h
  dw 00477h
  dw 00509h
  dw 00477h
  dw 00509h
  dw 00477h
  dw 0040Ah
  dw 00376h
  dw 0040Ah
  dw 00377h
  dw 00309h
  dw 00277h
  dw 00209h
  dw 00277h
  dw 00209h
  dw 00276h
  dw 0030Ah
  dw 00376h
  dw 0030Ah
  dw 00376h
  dw 0030Bh
  dw 00274h
  dw 0040Ch
  dw 00374h
  dw 0040Ch
  dw 00374h
  dw 0040Ch
  dw 00200h

ryuPage1frame004:
  db 024h,04Eh,06Eh,036h
  db 07Ah
  dw base+00BC9h
  dw 0017Fh
  dw 0037Fh
  dw 0057Fh
  dw 00680h
  dw 00780h
  dw 00608h
  dw 00378h
  dw 00B80h
  dw 00C80h
  dw 00C81h
  dw 00B81h
  dw 00A80h
  dw 00A7Fh
  dw 00B80h
  dw 00B7Fh
  dw 00C80h
  dw 00C80h
  dw 00C80h
  dw 00C80h
  dw 00C80h
  dw 00C7Fh
  dw 00E80h
  dw 00E7Fh
  dw 00F80h
  dw 00F7Fh
  dw 01080h
  dw 01080h
  dw 01080h
  dw 00305h
  dw 00A7Ch
  dw 00105h
  dw 0087Bh
  dw 00105h
  dw 00780h
  dw 00781h
  dw 0077Fh
  dw 00880h
  dw 00880h
  dw 0097Fh
  dw 00A80h
  dw 00A80h
  dw 00A7Fh
  dw 00B80h
  dw 00B80h
  dw 00B80h
  dw 00B80h
  dw 00B80h
  dw 00B80h
  dw 00B7Fh
  dw 00C80h
  dw 00C80h
  dw 00C80h
  dw 00C7Fh
  dw 00708h
  dw 00678h
  dw 00608h
  dw 00678h
  dw 00608h
  dw 00678h
  dw 00509h
  dw 00577h
  dw 00509h
  dw 00577h
  dw 00509h
  dw 00578h
  dw 00508h
  dw 00578h
  dw 00508h
  dw 00578h
  dw 00509h
  dw 00477h
  dw 00509h
  dw 00577h
  dw 00509h
  dw 00578h
  dw 00408h
  dw 00578h
  dw 00408h
  dw 00578h
  dw 00408h
  dw 00578h
  dw 00408h
  dw 00579h
  dw 00408h
  dw 00578h
  dw 00408h
  dw 00578h
  dw 00408h
  dw 00579h
  dw 00307h
  dw 00479h
  dw 00307h
  dw 00479h
  dw 00308h
  dw 00378h
  dw 00309h
  dw 00277h
  dw 00309h
  dw 00277h
  dw 00309h
  dw 00377h
  dw 00309h
  dw 00376h
  dw 0030Ah
  dw 00376h
  dw 0030Ah
  dw 00376h
  dw 0030Ah
  dw 00380h
  dw 00200h

ryuPage1frame005:
  db 024h,04Fh,06Ah,035h
  db 078h
  dw base+00EC3h
  dw 0017Fh
  dw 0037Fh
  dw 0057Fh
  dw 00680h
  dw 00780h
  dw 00607h
  dw 00479h
  dw 00C80h
  dw 00C80h
  dw 00C81h
  dw 00C81h
  dw 00B80h
  dw 00B80h
  dw 00B7Fh
  dw 00C80h
  dw 00C80h
  dw 00C80h
  dw 00C80h
  dw 00C7Fh
  dw 00D80h
  dw 00E80h
  dw 00E7Dh
  dw 00102h
  dw 00F7Eh
  dw 0117Fh
  dw 01280h
  dw 01280h
  dw 01280h
  dw 01181h
  dw 00405h
  dw 00A7Bh
  dw 00406h
  dw 00880h
  dw 00881h
  dw 00780h
  dw 00881h
  dw 0077Fh
  dw 00980h
  dw 00980h
  dw 0097Fh
  dw 00A80h
  dw 00A7Fh
  dw 00B80h
  dw 00B80h
  dw 00B81h
  dw 00A80h
  dw 00A7Fh
  dw 00B80h
  dw 00B80h
  dw 00B80h
  dw 00B7Fh
  dw 00C80h
  dw 00B80h
  dw 00B80h
  dw 00B80h
  dw 00B80h
  dw 00506h
  dw 0057Ah
  dw 00506h
  dw 0057Ah
  dw 00507h
  dw 00479h
  dw 00507h
  dw 00479h
  dw 00607h
  dw 0047Ah
  dw 00506h
  dw 0057Ah
  dw 00506h
  dw 0057Ah
  dw 00506h
  dw 0057Ah
  dw 00607h
  dw 0057Ah
  dw 00506h
  dw 0057Ah
  dw 00506h
  dw 0057Ah
  dw 00406h
  dw 0057Ah
  dw 00406h
  dw 0057Ah
  dw 00407h
  dw 0037Ah
  dw 00406h
  dw 0037Ah
  dw 00406h
  dw 0037Ah
  dw 00406h
  dw 0037Bh
  dw 00305h
  dw 0047Bh
  dw 00306h
  dw 0037Ah
  dw 00306h
  dw 0037Ah
  dw 00306h
  dw 0037Ah
  dw 00306h
  dw 0037Ah
  dw 00306h
  dw 0037Ah
  dw 00306h
  dw 0037Ah
  dw 00306h
  dw 0037Ah
  dw 00206h
  dw 00280h
  dw 00100h

ryuPage1frame006:
  db 020h,04Eh,06Eh,036h
  db 07Ah
  dw base+011D2h
  dw 0017Fh
  dw 0037Fh
  dw 0057Fh
  dw 00680h
  dw 00780h
  dw 00608h
  dw 00378h
  dw 00B80h
  dw 00C80h
  dw 00C81h
  dw 00B81h
  dw 00A80h
  dw 00A7Fh
  dw 00B80h
  dw 00B7Fh
  dw 00C80h
  dw 00C80h
  dw 00C80h
  dw 00C80h
  dw 00C80h
  dw 00C7Fh
  dw 00E80h
  dw 00E7Fh
  dw 00F80h
  dw 00F7Fh
  dw 01080h
  dw 01080h
  dw 01080h
  dw 00305h
  dw 00A7Ch
  dw 00105h
  dw 0087Bh
  dw 00105h
  dw 00780h
  dw 00881h
  dw 00780h
  dw 00880h
  dw 00880h
  dw 0087Fh
  dw 0097Fh
  dw 00A80h
  dw 00A80h
  dw 00A80h
  dw 00A81h
  dw 0097Fh
  dw 00A80h
  dw 00A80h
  dw 00A80h
  dw 00A7Fh
  dw 00B80h
  dw 00B80h
  dw 00B80h
  dw 00B7Fh
  dw 00C80h
  dw 00C80h
  dw 00607h
  dw 00579h
  dw 00607h
  dw 00579h
  dw 00508h
  dw 00478h
  dw 00508h
  dw 00478h
  dw 00507h
  dw 00579h
  dw 00507h
  dw 00579h
  dw 00507h
  dw 00579h
  dw 00507h
  dw 00579h
  dw 00507h
  dw 00479h
  dw 00507h
  dw 00479h
  dw 00507h
  dw 00479h
  dw 00508h
  dw 00378h
  dw 00508h
  dw 00378h
  dw 00408h
  dw 00279h
  dw 00307h
  dw 00279h
  dw 00307h
  dw 0027Ah
  dw 00306h
  dw 0027Ah
  dw 00306h
  dw 0027Ah
  dw 00306h
  dw 0037Ah
  dw 00306h
  dw 0037Ah
  dw 00206h
  dw 0037Ah
  dw 00206h
  dw 0037Ah
  dw 00306h
  dw 0037Ah
  dw 00306h
  dw 0037Ah
  dw 00306h
  dw 0027Ah
  dw 00380h
  dw 00200h

ryuPage1frame007:
  db 01Eh,04Fh,070h,036h
  db 07Ah
  dw base+014A7h
  dw 0017Fh
  dw 0047Fh
  dw 00580h
  dw 0067Fh
  dw 00780h
  dw 00607h
  dw 00179h
  dw 00B80h
  dw 00B81h
  dw 00B81h
  dw 00A80h
  dw 00A81h
  dw 00A7Fh
  dw 00B7Fh
  dw 00C80h
  dw 00C80h
  dw 00C80h
  dw 00C80h
  dw 00C80h
  dw 00C7Fh
  dw 00D80h
  dw 00D80h
  dw 00D7Fh
  dw 00E80h
  dw 00D7Fh
  dw 00E80h
  dw 00E80h
  dw 00D81h
  dw 00204h
  dw 0087Ch
  dw 00204h
  dw 0087Ch
  dw 00105h
  dw 00680h
  dw 0077Fh
  dw 00880h
  dw 00880h
  dw 00880h
  dw 00880h
  dw 00980h
  dw 0097Fh
  dw 00A80h
  dw 00A80h
  dw 00A80h
  dw 00A80h
  dw 00A80h
  dw 00A80h
  dw 00A80h
  dw 00A80h
  dw 00B80h
  dw 00B80h
  dw 00B7Fh
  dw 00C80h
  dw 00C80h
  dw 00607h
  dw 00579h
  dw 00607h
  dw 00579h
  dw 00507h
  dw 00579h
  dw 00507h
  dw 00579h
  dw 00507h
  dw 00579h
  dw 00507h
  dw 00578h
  dw 00607h
  dw 00679h
  dw 00507h
  dw 00679h
  dw 00507h
  dw 00679h
  dw 00507h
  dw 00679h
  dw 00507h
  dw 00578h
  dw 00607h
  dw 00679h
  dw 00507h
  dw 00679h
  dw 00507h
  dw 00679h
  dw 00508h
  dw 00478h
  dw 00508h
  dw 00478h
  dw 00508h
  dw 00478h
  dw 00507h
  dw 0047Ah
  dw 00306h
  dw 0047Ah
  dw 00306h
  dw 0037Ah
  dw 00207h
  dw 00278h
  dw 00308h
  dw 00278h
  dw 00308h
  dw 00278h
  dw 00308h
  dw 00378h
  dw 00308h
  dw 00378h
  dw 00308h
  dw 00378h
  dw 00380h
  dw 00380h
  dw 00300h

ryuPage1frame008:
  db 022h,035h,06Ch,04Fh
  db 076h
  dw base+01790h
  dw 0027Fh
  dw 0037Fh
  dw 00580h
  dw 0057Fh
  dw 00780h
  dw 00780h
  dw 00882h
  dw 0087Fh
  dw 00A81h
  dw 0097Eh
  dw 00102h
  dw 00A7Dh
  dw 00203h
  dw 00A7Dh
  dw 00203h
  dw 00A7Dh
  dw 00D80h
  dw 00D80h
  dw 00D80h
  dw 00D80h
  dw 00D80h
  dw 00D80h
  dw 00D81h
  dw 00D80h
  dw 00D80h
  dw 00D80h
  dw 00D80h
  dw 00D80h
  dw 00D7Fh
  dw 00D7Fh
  dw 00506h
  dw 0087Ah
  dw 00506h
  dw 0077Ah
  dw 00507h
  dw 00679h
  dw 00E80h
  dw 00E80h
  dw 00F80h
  dw 00F80h
  dw 00F80h
  dw 00F80h
  dw 00F80h
  dw 00F81h
  dw 00E80h
  dw 00E80h
  dw 00F80h
  dw 01080h
  dw 01081h
  dw 00304h
  dw 00B7Dh
  dw 00D80h
  dw 00D81h
  dw 00D81h
  dw 00C7Fh
  dw 00D7Fh
  dw 00E7Fh
  dw 00A0Ch
  dw 00374h
  dw 0080Ch
  dw 00274h
  dw 00300h

ryuPage1frame009:
  db 020h,05Ah,06Eh,028h
  db 076h
  dw base+01A04h
  dw 00280h
  dw 00380h
  dw 00304h
  dw 0017Ch
  dw 00680h
  dw 0067Fh
  dw 00880h
  dw 00980h
  dw 0097Fh
  dw 00A80h
  dw 00203h
  dw 0077Dh
  dw 00205h
  dw 0057Bh
  dw 00205h
  dw 0057Ah
  dw 00306h
  dw 0057Ah
  dw 00306h
  dw 0077Ah
  dw 00305h
  dw 0097Bh
  dw 00E7Fh
  dw 01080h
  dw 01080h
  dw 01080h
  dw 01080h
  dw 01081h
  dw 00F81h
  dw 00E81h
  dw 00D80h
  dw 00D81h
  dw 00C81h
  dw 00A80h
  dw 00A80h
  dw 00A80h
  dw 00A80h
  dw 00980h
  dw 00980h
  dw 00980h
  dw 00881h
  dw 00680h
  dw 00681h
  dw 0067Bh
  dw 00203h
  dw 0087Dh
  dw 00B7Fh
  dw 00D80h
  dw 00D7Fh
  dw 00E80h
  dw 00E80h
  dw 00E80h
  dw 00E80h
  dw 00E80h
  dw 00E81h
  dw 00D80h
  dw 00D80h
  dw 00D80h
  dw 00D81h
  dw 00C80h
  dw 00C80h
  dw 00506h
  dw 0067Ah
  dw 00507h
  dw 0057Ah
  dw 00406h
  dw 0057Ah
  dw 00506h
  dw 0057Ah
  dw 00506h
  dw 0057Bh
  dw 00A80h
  dw 00A80h
  dw 00102h
  dw 00881h
  dw 00780h
  dw 0077Fh
  dw 00880h
  dw 00880h
  dw 00304h
  dw 0047Ch
  dw 00304h
  dw 0047Ch
  dw 00304h
  dw 0047Ch
  dw 00304h
  dw 0047Ch
  dw 00304h
  dw 0047Dh
  dw 00103h
  dw 00480h
  dw 00480h
  dw 00480h
  dw 00480h
  dw 00480h
  dw 00480h
  dw 00482h
  dw 00280h
  dw 00280h
  dw 00380h
  dw 00380h
  dw 00380h
  dw 00280h
  dw 00280h
  dw 0027Fh
  dw 00380h
  dw 00380h
  dw 00380h
  dw 00380h
  dw 00300h

ryuPage1frame010:
  db 01Eh,043h,06Ch,035h
  db 078h
  dw base+01D0Eh
  dw 0017Fh
  dw 0027Fh
  dw 0047Fh
  dw 00680h
  dw 00780h
  dw 00507h
  dw 00179h
  dw 00507h
  dw 00179h
  dw 00607h
  dw 0017Ah
  dw 00880h
  dw 00981h
  dw 00880h
  dw 00980h
  dw 0097Fh
  dw 00A80h
  dw 00A80h
  dw 00B80h
  dw 00B80h
  dw 00B80h
  dw 00B80h
  dw 00B80h
  dw 00B7Fh
  dw 00C80h
  dw 00C80h
  dw 00C80h
  dw 00C7Fh
  dw 00D80h
  dw 00D7Fh
  dw 00E80h
  dw 00E7Fh
  dw 00507h
  dw 00779h
  dw 00407h
  dw 00779h
  dw 00308h
  dw 00678h
  dw 00307h
  dw 00879h
  dw 00307h
  dw 0087Ah
  dw 00105h
  dw 0097Fh
  dw 00A7Fh
  dw 00B7Fh
  dw 00C7Fh
  dw 00D80h
  dw 00D7Fh
  dw 00E80h
  dw 00E80h
  dw 00D80h
  dw 00D80h
  dw 00D80h
  dw 00C81h
  dw 00A80h
  dw 00B81h
  dw 00A80h
  dw 00A81h
  dw 00A81h
  dw 00980h
  dw 00981h
  dw 00880h
  dw 00103h
  dw 00680h
  dw 00680h
  dw 00680h
  dw 00680h
  dw 00680h
  dw 00203h
  dw 0037Dh
  dw 00203h
  dw 0037Eh
  dw 00102h
  dw 00380h
  dw 00380h
  dw 00380h
  dw 00380h
  dw 00380h
  dw 00200h

ryuPage1frame011:
  db 02Ah,04Ah,06Ch,026h
  db 08Eh
  dw base+01F6Eh
  dw 0017Fh
  dw 0037Ah
  dw 00306h
  dw 0047Ah
  dw 00306h
  dw 0047Ah
  dw 00306h
  dw 0057Ah
  dw 00306h
  dw 0057Ah
  dw 00306h
  dw 0057Ah
  dw 00306h
  dw 0057Ah
  dw 00306h
  dw 0057Ah
  dw 00203h
  dw 0087Dh
  dw 00B80h
  dw 00B80h
  dw 00B7Bh
  dw 00205h
  dw 0090Ah
  dw 00171h
  dw 00205h
  dw 0097Bh
  dw 00204h
  dw 00B7Bh
  dw 00405h
  dw 00B7Ch
  dw 00F7Fh
  dw 01081h
  dw 00F80h
  dw 00F81h
  dw 00E81h
  dw 00D7Eh
  dw 00F80h
  dw 00E80h
  dw 00E7Fh
  dw 00F7Fh
  dw 00F80h
  dw 00E7Fh
  dw 00F80h
  dw 00E7Fh
  dw 00E80h
  dw 00D7Fh
  dw 00E80h
  dw 00E80h
  dw 00C80h
  dw 00C80h
  dw 00C80h
  dw 00C81h
  dw 00A80h
  dw 00A80h
  dw 00881h
  dw 00780h
  dw 00680h
  dw 00681h
  dw 00580h
  dw 00580h
  dw 00580h
  dw 00681h
  dw 00580h
  dw 00580h
  dw 00580h
  dw 00580h
  dw 00580h
  dw 00580h
  dw 0047Fh
  dw 00580h
  dw 00580h
  dw 00580h
  dw 00580h
  dw 00583h
  dw 00280h
  dw 00380h
  dw 00380h
  dw 00380h
  dw 0037Fh
  dw 00380h
  dw 00380h
  dw 00380h
  dw 0037Fh
  dw 00480h
  dw 00380h
  dw 00380h
  dw 00300h

ryuPage1frame012:
  db 048h,027h,05Ch,032h
  db 074h
  dw base+021DFh
  dw 0037Dh
  dw 00102h
  dw 0050Ah
  dw 00274h
  dw 0070Bh
  dw 00374h
  dw 0090Ch
  dw 00374h
  dw 0090Ch
  dw 00474h
  dw 0090Ch
  dw 00473h
  dw 00B0Dh
  dw 00472h
  dw 00D0Eh
  dw 00306h
  dw 0026Ch
  dw 00D0Fh
  dw 00205h
  dw 0036Bh
  dw 00F10h
  dw 00205h
  dw 00366h
  dw 00106h
  dw 00E0Fh
  dw 00205h
  dw 00366h
  dw 00306h
  dw 00E0Fh
  dw 00304h
  dw 00467h
  dw 01819h
  dw 00468h
  dw 01B81h
  dw 01A80h
  dw 01A81h
  dw 00709h
  dw 01074h
  dw 00103h
  dw 0060Ah
  dw 01073h
  dw 0080Dh
  dw 01073h
  dw 0080Eh
  dw 01072h
  dw 00607h
  dw 00107h
  dw 01073h
  dw 0050Dh
  dw 01173h
  dw 00204h
  dw 00109h
  dw 01180h
  dw 01113h
  dw 0026Dh
  dw 01314h
  dw 0016Dh
  dw 01581h
  dw 01481h
  dw 01381h
  dw 01281h
  dw 01180h
  dw 01080h
  dw 01081h
  dw 00F81h
  dw 00E81h
  dw 00C80h
  dw 00809h
  dw 00178h
  dw 00680h
  dw 00681h
  dw 00400h

ryuPage1frame013:
  db 01Eh,043h,070h,025h
  db 072h
  dw base+0247Fh
  dw 00380h
  dw 00380h
  dw 00380h
  dw 00280h
  dw 00280h
  dw 00204h
  dw 0017Ch
  dw 00203h
  dw 0027Dh
  dw 00203h
  dw 0037Ch
  dw 00780h
  dw 00780h
  dw 00780h
  dw 00781h
  dw 00607h
  dw 00179h
  dw 00981h
  dw 00880h
  dw 00980h
  dw 00A80h
  dw 00A80h
  dw 00B81h
  dw 00A80h
  dw 00B7Fh
  dw 00C80h
  dw 00C7Fh
  dw 00D80h
  dw 00D80h
  dw 00D80h
  dw 00D80h
  dw 00D7Fh
  dw 00D80h
  dw 00D80h
  dw 00C80h
  dw 00A80h
  dw 00A0Dh
  dw 00273h
  dw 0080Dh
  dw 00274h
  dw 0070Ch
  dw 00274h
  dw 0070Bh
  dw 00376h
  dw 00609h
  dw 00476h
  dw 0080Ah
  dw 00476h
  dw 00E80h
  dw 00D7Fh
  dw 00E80h
  dw 00D80h
  dw 00C80h
  dw 00C80h
  dw 00C80h
  dw 00C81h
  dw 00B80h
  dw 00B80h
  dw 00B80h
  dw 00A80h
  dw 00A80h
  dw 00A80h
  dw 00A80h
  dw 00A81h
  dw 00980h
  dw 00980h
  dw 00981h
  dw 00881h
  dw 00782h
  dw 00781h
  dw 0067Eh
  dw 00102h
  dw 0067Eh
  dw 00881h
  dw 00682h
  dw 00480h
  dw 00381h
  dw 00100h

ryuPage1frame014:
  db 03Ch,025h,064h,037h
  db 07Eh
  dw base+026DEh
  dw 00380h
  dw 0037Bh
  dw 00204h
  dw 0047Bh
  dw 00405h
  dw 0057Ah
  dw 00B7Eh
  dw 00E14h
  dw 0036Ch
  dw 00E14h
  dw 0056Bh
  dw 00F14h
  dw 0076Ch
  dw 00F13h
  dw 0086Ch
  dw 01013h
  dw 0096Dh
  dw 01013h
  dw 0096Ch
  dw 01113h
  dw 00507h
  dw 00366h
  dw 01112h
  dw 00508h
  dw 00266h
  dw 01780h
  dw 01780h
  dw 01780h
  dw 01980h
  dw 01980h
  dw 01A80h
  dw 01A80h
  dw 01A7Fh
  dw 01718h
  dw 00268h
  dw 01680h
  dw 01681h
  dw 01580h
  dw 0157Fh
  dw 0090Ah
  dw 00203h
  dw 00873h
  dw 0080Ah
  dw 00203h
  dw 00773h
  dw 0050Ah
  dw 00203h
  dw 00673h
  dw 0050Dh
  dw 00573h
  dw 0050Ch
  dw 00574h
  dw 0050Ch
  dw 00374h
  dw 0040Eh
  dw 00272h
  dw 0050Eh
  dw 00273h
  dw 0040Dh
  dw 00173h
  dw 00481h
  dw 00200h

ryuPage1frame015:
  db 034h,04Fh,05Ch,035h
  db 07Ah
  dw base+0294Bh
  dw 0017Fh
  dw 0037Fh
  dw 0057Fh
  dw 00780h
  dw 00608h
  dw 00178h
  dw 00B80h
  dw 00B80h
  dw 00C81h
  dw 00B80h
  dw 00B80h
  dw 00B7Fh
  dw 00C7Fh
  dw 00D7Fh
  dw 00E77h
  dw 0177Fh
  dw 01880h
  dw 01880h
  dw 01880h
  dw 01881h
  dw 01780h
  dw 00104h
  dw 01381h
  dw 00507h
  dw 00B80h
  dw 00A80h
  dw 00A81h
  dw 00980h
  dw 00981h
  dw 00880h
  dw 00881h
  dw 00680h
  dw 00680h
  dw 0077Fh
  dw 00880h
  dw 00880h
  dw 00980h
  dw 00980h
  dw 00980h
  dw 00980h
  dw 00980h
  dw 00980h
  dw 0097Fh
  dw 00A80h
  dw 00B80h
  dw 00B80h
  dw 00B80h
  dw 00B80h
  dw 00B80h
  dw 00B80h
  dw 00C7Fh
  dw 00D80h
  dw 00D80h
  dw 00607h
  dw 00679h
  dw 00608h
  dw 00578h
  dw 00508h
  dw 00578h
  dw 00508h
  dw 00577h
  dw 00609h
  dw 00577h
  dw 00609h
  dw 00577h
  dw 00609h
  dw 00577h
  dw 00509h
  dw 00577h
  dw 00509h
  dw 00577h
  dw 00509h
  dw 00576h
  dw 0060Ah
  dw 00576h
  dw 0060Ah
  dw 00576h
  dw 0060Ah
  dw 00576h
  dw 0050Ah
  dw 00576h
  dw 0050Ah
  dw 00577h
  dw 00409h
  dw 00577h
  dw 00409h
  dw 00477h
  dw 00309h
  dw 00477h
  dw 00309h
  dw 00476h
  dw 0040Ah
  dw 00476h
  dw 0030Ah
  dw 00376h
  dw 0030Ah
  dw 00276h
  dw 0030Ah
  dw 00376h
  dw 0030Ah
  dw 00376h
  dw 0030Ah
  dw 00475h
  dw 0040Bh
  dw 00475h
  dw 0040Bh
  dw 00475h
  dw 0040Ch
  dw 00374h
  dw 00300h

ryuPage1frame016:
  db 03Ch,052h,050h,031h
  db 070h
  dw base+02C86h
  dw 0017Fh
  dw 0037Fh
  dw 0047Fh
  dw 00680h
  dw 00780h
  dw 00680h
  dw 00607h
  dw 00179h
  dw 00681h
  dw 00580h
  dw 00581h
  dw 0067Fh
  dw 0097Fh
  dw 00A80h
  dw 00B74h
  dw 0177Fh
  dw 01980h
  dw 01980h
  dw 01980h
  dw 01980h
  dw 01980h
  dw 00203h
  dw 01682h
  dw 01582h
  dw 01386h
  dw 00D80h
  dw 00D80h
  dw 00D80h
  dw 00D81h
  dw 00C80h
  dw 00C80h
  dw 00C80h
  dw 00A0Bh
  dw 00175h
  dw 00A0Bh
  dw 00175h
  dw 00981h
  dw 00880h
  dw 00881h
  dw 00780h
  dw 00780h
  dw 00780h
  dw 00880h
  dw 00880h
  dw 00880h
  dw 0087Fh
  dw 00980h
  dw 00980h
  dw 0097Fh
  dw 00B80h
  dw 00B80h
  dw 00B7Fh
  dw 00C80h
  dw 00C80h
  dw 00C7Fh
  dw 00D80h
  dw 00E80h
  dw 00E80h
  dw 00708h
  dw 00678h
  dw 00608h
  dw 00678h
  dw 00609h
  dw 00577h
  dw 00509h
  dw 00677h
  dw 00509h
  dw 00677h
  dw 00409h
  dw 00777h
  dw 0050Ah
  dw 00676h
  dw 0040Ah
  dw 00676h
  dw 0050Ah
  dw 00776h
  dw 0050Ah
  dw 00776h
  dw 0050Bh
  dw 00675h
  dw 0050Bh
  dw 00675h
  dw 0050Bh
  dw 00675h
  dw 0050Ch
  dw 00574h
  dw 0050Ch
  dw 00574h
  dw 0050Dh
  dw 00573h
  dw 0050Dh
  dw 00575h
  dw 0030Bh
  dw 00203h
  dw 00272h
  dw 0020Bh
  dw 00103h
  dw 00272h
  dw 0020Eh
  dw 00272h
  dw 0020Eh
  dw 00272h
  dw 0020Eh
  dw 00272h
  dw 0020Eh
  dw 00271h
  dw 0040Eh
  dw 00371h
  dw 0050Fh
  dw 00370h
  dw 0060Fh
  dw 00471h
  dw 0050Fh
  dw 00371h
  dw 0050Fh
  dw 00300h

ryuPage1frame017:
  db 036h,035h,058h,04Fh
  db 072h
  dw base+02FF5h
  dw 0027Fh
  dw 0037Fh
  dw 00580h
  dw 0067Fh
  dw 00680h
  dw 00607h
  dw 00179h
  dw 00B81h
  dw 00B81h
  dw 00A7Fh
  dw 00C80h
  dw 00C7Eh
  dw 00E77h
  dw 01780h
  dw 01780h
  dw 01780h
  dw 01780h
  dw 01880h
  dw 01881h
  dw 00103h
  dw 01489h
  dw 00B80h
  dw 00B80h
  dw 00B80h
  dw 00B80h
  dw 00B81h
  dw 00A80h
  dw 00A81h
  dw 0087Ch
  dw 00304h
  dw 0087Bh
  dw 00406h
  dw 0077Ah
  dw 00507h
  dw 00778h
  dw 00F80h
  dw 00F80h
  dw 01080h
  dw 01080h
  dw 01080h
  dw 01080h
  dw 01081h
  dw 00F80h
  dw 00F80h
  dw 00F81h
  dw 00F80h
  dw 00F80h
  dw 00F80h
  dw 00405h
  dw 00A7Dh
  dw 00304h
  dw 0097Dh
  dw 00203h
  dw 0097Dh
  dw 00C80h
  dw 00D80h
  dw 00D80h
  dw 00D7Fh
  dw 00E7Fh
  dw 00A0Ch
  dw 00274h
  dw 00300h

ryuPage1frame018:
  db 020h,06Eh,06Ah,016h
  db 06Eh
  dw base+032ABh
  dw 00180h
  dw 00280h
  dw 00280h
  dw 0037Fh
  dw 00480h
  dw 00480h
  dw 00380h
  dw 00380h
  dw 00380h
  dw 00280h
  dw 00280h
  dw 00280h
  dw 0027Fh
  dw 00380h
  dw 00380h
  dw 00380h
  dw 00380h
  dw 00380h
  dw 00380h
  dw 00380h
  dw 00380h
  dw 00380h
  dw 00380h
  dw 00304h
  dw 0027Ch
  dw 00780h
  dw 00780h
  dw 00780h
  dw 00780h
  dw 00780h
  dw 00780h
  dw 00780h
  dw 00780h
  dw 00780h
  dw 00680h
  dw 00680h
  dw 00780h
  dw 00780h
  dw 00880h
  dw 00880h
  dw 0090Ch
  dw 00174h
  dw 00A0Ch
  dw 00174h
  dw 00E80h
  dw 00E80h
  dw 00E80h
  dw 00E80h
  dw 00B0Ch
  dw 00274h
  dw 00B0Ch
  dw 00174h
  dw 00D80h
  dw 00D80h
  dw 00D80h
  dw 00D80h
  dw 00D81h
  dw 00C80h
  dw 00C80h
  dw 00C80h
  dw 00708h
  dw 00478h
  dw 00709h
  dw 00377h
  dw 0070Ah
  dw 00276h
  dw 00780h
  dw 00780h
  dw 00880h
  dw 00880h
  dw 00880h
  dw 00880h
  dw 00780h
  dw 00780h
  dw 00780h
  dw 00780h
  dw 00780h
  dw 00880h
  dw 00880h
  dw 00880h
  dw 00880h
  dw 00880h
  dw 00880h
  dw 00880h
  dw 00880h
  dw 00880h
  dw 00880h
  dw 00980h
  dw 00980h
  dw 00980h
  dw 00A80h
  dw 00A80h
  dw 00A81h
  dw 00A80h
  dw 00A80h
  dw 00A80h
  dw 00B80h
  dw 00B80h
  dw 00B80h
  dw 00C80h
  dw 00C81h
  dw 00B80h
  dw 00405h
  dw 0067Bh
  dw 00506h
  dw 0057Ah
  dw 00506h
  dw 0057Ah
  dw 00506h
  dw 0057Ah
  dw 00506h
  dw 0067Ah
  dw 00407h
  dw 00579h
  dw 00407h
  dw 00102h
  dw 00479h
  dw 00205h
  dw 00103h
  dw 00378h
  dw 00208h
  dw 00378h
  dw 00308h
  dw 00378h
  dw 00308h
  dw 00378h
  dw 00308h
  dw 00378h
  dw 00308h
  dw 00376h
  dw 0050Ah
  dw 00376h
  dw 00409h
  dw 00477h
  dw 0030Ah
  dw 00200h

ryuPage1frame019:
  db 02Eh,050h,04Eh,034h
  db 06Ch
  dw base+035FAh
  dw 0027Fh
  dw 0047Fh
  dw 00580h
  dw 0067Fh
  dw 00780h
  dw 00780h
  dw 00781h
  dw 0067Eh
  dw 00203h
  dw 0067Dh
  dw 00A7Fh
  dw 00304h
  dw 0077Ch
  dw 00C80h
  dw 00C80h
  dw 00D80h
  dw 00D80h
  dw 00D7Fh
  dw 00E83h
  dw 00B81h
  dw 00A80h
  dw 00A80h
  dw 00A80h
  dw 00A80h
  dw 00A80h
  dw 00A80h
  dw 00980h
  dw 00980h
  dw 00981h
  dw 00880h
  dw 0077Fh
  dw 0087Fh
  dw 0097Fh
  dw 0097Eh
  dw 00B7Fh
  dw 00C7Fh
  dw 00D7Fh
  dw 00E80h
  dw 00E80h
  dw 00E80h
  dw 00E80h
  dw 00E7Fh
  dw 00F80h
  dw 00F7Fh
  dw 01081h
  dw 00F7Fh
  dw 00609h
  dw 00777h
  dw 00509h
  dw 00776h
  dw 0060Ah
  dw 00776h
  dw 0060Ah
  dw 00675h
  dw 0070Bh
  dw 00575h
  dw 0070Bh
  dw 00574h
  dw 0070Ch
  dw 00574h
  dw 00305h
  dw 00207h
  dw 00573h
  dw 00406h
  dw 00107h
  dw 00573h
  dw 0040Dh
  dw 00573h
  dw 0030Dh
  dw 00573h
  dw 0030Dh
  dw 00573h
  dw 0030Dh
  dw 00574h
  dw 0020Ch
  dw 00680h
  dw 00681h
  dw 00580h
  dw 00580h
  dw 00680h
  dw 00680h
  dw 00680h
  dw 00681h
  dw 00580h
  dw 00580h
  dw 00580h
  dw 00480h
  dw 00480h
  dw 00583h
  dw 00280h
  dw 00280h
  dw 00280h
  dw 00280h
  dw 0037Fh
  dw 0047Fh
  dw 00580h
  dw 00580h
  dw 00400h

ryuPage1frame020:
  db 044h,051h,052h,033h
  db 052h
  dw base+038B5h
  dw 00180h
  dw 00280h
  dw 00280h
  dw 00280h
  dw 0030Fh
  dw 00271h
  dw 0030Fh
  dw 00372h
  dw 0030Dh
  dw 00573h
  dw 0030Dh
  dw 00773h
  dw 0040Dh
  dw 00973h
  dw 0050Dh
  dw 00973h
  dw 0060Eh
  dw 00203h
  dw 00671h
  dw 0060Ch
  dw 00103h
  dw 00672h
  dw 0050Fh
  dw 00671h
  dw 0060Fh
  dw 00772h
  dw 0050Fh
  dw 00871h
  dw 00610h
  dw 00871h
  dw 0050Fh
  dw 00871h
  dw 00610h
  dw 00809h
  dw 00268h
  dw 00610h
  dw 00708h
  dw 00268h
  dw 00710h
  dw 00708h
  dw 00368h
  dw 00810h
  dw 00B70h
  dw 00810h
  dw 00B70h
  dw 0090Fh
  dw 00C72h
  dw 0090Dh
  dw 00D73h
  dw 00C0Dh
  dw 00D74h
  dw 01980h
  dw 01981h
  dw 01780h
  dw 01681h
  dw 01480h
  dw 01481h
  dw 01281h
  dw 01180h
  dw 01181h
  dw 01080h
  dw 01081h
  dw 00F80h
  dw 00F80h
  dw 00F80h
  dw 00F80h
  dw 00E80h
  dw 00708h
  dw 00678h
  dw 00780h
  dw 00780h
  dw 00780h
  dw 00780h
  dw 00680h
  dw 00680h
  dw 00681h
  dw 00580h
  dw 00580h
  dw 00580h
  dw 00580h
  dw 00580h
  dw 00580h
  dw 00580h
  dw 00580h
  dw 00580h
  dw 00580h
  dw 00580h
  dw 00580h
  dw 00580h
  dw 00580h
  dw 00580h
  dw 00580h
  dw 00481h
  dw 00380h
  dw 00380h
  dw 00380h
  dw 00380h
  dw 00380h
  dw 00280h
  dw 00280h
  dw 00280h
  dw 00280h
  dw 00280h
  dw 0037Fh
  dw 0047Fh
  dw 00580h
  dw 00580h
  dw 00400h

ryuPage1frame021:
  db 040h,039h,04Eh,04Dh
  db 07Ah
  dw base+03BCBh
  dw 0017Fh
  dw 0037Fh
  dw 00580h
  dw 0057Fh
  dw 00680h
  dw 00780h
  dw 0087Fh
  dw 00981h
  dw 00981h
  dw 0087Fh
  dw 00980h
  dw 0097Fh
  dw 00A80h
  dw 00A7Fh
  dw 00B80h
  dw 00B80h
  dw 00B80h
  dw 00B80h
  dw 00B80h
  dw 00B80h
  dw 00B80h
  dw 00B80h
  dw 00B81h
  dw 00C81h
  dw 00B80h
  dw 00C80h
  dw 00C80h
  dw 00C80h
  dw 00C80h
  dw 00809h
  dw 00277h
  dw 0080Ah
  dw 00175h
  dw 00980h
  dw 0097Fh
  dw 00A7Fh
  dw 00B80h
  dw 00B7Fh
  dw 00C80h
  dw 00C7Fh
  dw 00D7Ch
  dw 0117Eh
  dw 01380h
  dw 01315h
  dw 0016Bh
  dw 01314h
  dw 0036Bh
  dw 0187Eh
  dw 01A7Fh
  dw 01B7Fh
  dw 01013h
  dw 0096Dh
  dw 00F13h
  dw 0096Ch
  dw 00E14h
  dw 00A6Ch
  dw 00D14h
  dw 00A6Bh
  dw 00508h
  dw 0040Dh
  dw 00A6Ah
  dw 00509h
  dw 0020Dh
  dw 00A6Ah
  dw 00516h
  dw 00A6Ah
  dw 00417h
  dw 00506h
  dw 00264h
  dw 00316h
  dw 0046Bh
  dw 00116h
  dw 00280h
  dw 00100h

ryuPage1frame022:
  db 044h,033h,050h,051h
  db 078h
  dw base+03E86h
  dw 0027Fh
  dw 00380h
  dw 0047Fh
  dw 00580h
  dw 00580h
  dw 00580h
  dw 00680h
  dw 00681h
  dw 00580h
  dw 00680h
  dw 00780h
  dw 00780h
  dw 0087Fh
  dw 00980h
  dw 00A80h
  dw 00A80h
  dw 00A80h
  dw 00B7Fh
  dw 00C80h
  dw 00C80h
  dw 00C7Fh
  dw 00E80h
  dw 00E80h
  dw 00E80h
  dw 00E7Fh
  dw 00F80h
  dw 00304h
  dw 00C7Ch
  dw 00305h
  dw 00B7Ah
  dw 00406h
  dw 00C7Ah
  dw 00304h
  dw 00E7Ch
  dw 01280h
  dw 0127Fh
  dw 0137Eh
  dw 0157Eh
  dw 01415h
  dw 0036Bh
  dw 01315h
  dw 0036Ah
  dw 01416h
  dw 00369h
  dw 01517h
  dw 00462h
  dw 00106h
  dw 01618h
  dw 00462h
  dw 00105h
  dw 01619h
  dw 00462h
  dw 00104h
  dw 0171Ah
  dw 00462h
  dw 01A1Eh
  dw 00102h
  dw 00160h
  dw 01A80h
  dw 00D13h
  dw 0066Eh
  dw 00708h
  dw 0030Ah
  dw 0036Eh
  dw 00309h
  dw 00109h
  dw 0036Fh
  dw 00211h
  dw 0036Fh
  dw 00212h
  dw 0026Eh
  dw 00112h
  dw 00280h
  dw 00380h
  dw 00200h

ryuPage1frame023:
  db 02Ch,052h,068h,036h
  db 06Eh
  dw base+0410Fh
  dw 0017Fh
  dw 00209h
  dw 00177h
  dw 00208h
  dw 00378h
  dw 00107h
  dw 00578h
  dw 00208h
  dw 00678h
  dw 00207h
  dw 00779h
  dw 00207h
  dw 00879h
  dw 00207h
  dw 00979h
  dw 00207h
  dw 00B79h
  dw 00307h
  dw 00B79h
  dw 00309h
  dw 00A76h
  dw 0040Ah
  dw 00A76h
  dw 0040Ah
  dw 00A76h
  dw 00609h
  dw 00B78h
  dw 00508h
  dw 00B78h
  dw 00608h
  dw 00B7Ah
  dw 00406h
  dw 00B7Ah
  dw 01281h
  dw 01180h
  dw 01180h
  dw 01181h
  dw 01080h
  dw 01080h
  dw 01180h
  dw 01180h
  dw 01180h
  dw 01181h
  dw 01080h
  dw 01081h
  dw 00F81h
  dw 00C80h
  dw 00B81h
  dw 00A80h
  dw 00A80h
  dw 00A81h
  dw 00A80h
  dw 00A81h
  dw 00980h
  dw 00980h
  dw 00980h
  dw 00980h
  dw 00780h
  dw 00680h
  dw 00680h
  dw 00680h
  dw 00580h
  dw 0057Fh
  dw 00680h
  dw 00680h
  dw 00580h
  dw 00580h
  dw 00580h
  dw 00580h
  dw 00580h
  dw 00580h
  dw 00580h
  dw 00580h
  dw 00580h
  dw 00580h
  dw 00580h
  dw 00681h
  dw 00580h
  dw 00580h
  dw 00580h
  dw 00580h
  dw 00580h
  dw 00580h
  dw 00480h
  dw 00482h
  dw 00281h
  dw 00280h
  dw 00280h
  dw 00280h
  dw 0027Fh
  dw 00380h
  dw 00280h
  dw 00280h
  dw 0027Fh
  dw 00380h
  dw 00280h
  dw 00180h
  dw 00100h

ryuPage1frame024:
  db 032h,033h,05Eh,041h
  db 076h
  dw base+043BAh
  dw 00102h
  dw 0017Dh
  dw 0047Fh
  dw 00480h
  dw 0047Fh
  dw 00508h
  dw 00778h
  dw 00608h
  dw 00878h
  dw 01080h
  dw 01081h
  dw 00F80h
  dw 00F81h
  dw 00E80h
  dw 00D7Fh
  dw 00E80h
  dw 00D7Fh
  dw 00C80h
  dw 00C7Fh
  dw 00E80h
  dw 00E7Fh
  dw 00F7Fh
  dw 0107Fh
  dw 0117Fh
  dw 01280h
  dw 00607h
  dw 00B78h
  dw 00709h
  dw 00A76h
  dw 0070Ah
  dw 00A76h
  dw 0060Bh
  dw 00974h
  dw 0060Bh
  dw 00A75h
  dw 0040Bh
  dw 00B74h
  dw 0040Bh
  dw 00C75h
  dw 0040Bh
  dw 00C75h
  dw 0030Bh
  dw 00C75h
  dw 0030Bh
  dw 00C80h
  dw 00C80h
  dw 00C80h
  dw 00C81h
  dw 00B80h
  dw 00A80h
  dw 00A80h
  dw 00A81h
  dw 00980h
  dw 00A80h
  dw 00A80h
  dw 00A80h
  dw 00980h
  dw 00980h
  dw 00980h
  dw 00980h
  dw 00980h
  dw 00981h
  dw 00506h
  dw 0027Ah
  dw 00506h
  dw 00100h

ryuPage1frame025:
  db 03Eh,035h,052h,02Eh
  db 082h
  dw base+04622h
  dw 0017Fh
  dw 0017Dh
  dw 00102h
  dw 0037Dh
  dw 00406h
  dw 00379h
  dw 00B80h
  dw 00B7Fh
  dw 00C80h
  dw 00D80h
  dw 00D80h
  dw 00D80h
  dw 00D81h
  dw 00C7Fh
  dw 00D80h
  dw 00D7Fh
  dw 00E80h
  dw 00F7Fh
  dw 01080h
  dw 01080h
  dw 01080h
  dw 0107Fh
  dw 0117Fh
  dw 01280h
  dw 0127Fh
  dw 00607h
  dw 00C79h
  dw 00507h
  dw 00C78h
  dw 00508h
  dw 00B78h
  dw 00508h
  dw 00C78h
  dw 00409h
  dw 00B76h
  dw 0050Ah
  dw 00A75h
  dw 0050Bh
  dw 00A74h
  dw 0050Ah
  dw 00D76h
  dw 00409h
  dw 00B77h
  dw 00309h
  dw 00C77h
  dw 00308h
  dw 00D71h
  dw 00107h
  dw 00307h
  dw 00E72h
  dw 00107h
  dw 00206h
  dw 00F72h
  dw 00208h
  dw 00205h
  dw 01073h
  dw 0020Bh
  dw 01275h
  dw 0020Ah
  dw 01376h
  dw 00208h
  dw 01578h
  dw 00206h
  dw 0177Ah
  dw 00306h
  dw 0177Ah
  dw 01D81h
  dw 01C80h
  dw 01C80h
  dw 01C80h
  dw 01C80h
  dw 00E0Fh
  dw 00D71h
  dw 00205h
  dw 0070Ah
  dw 00204h
  dw 0096Dh
  dw 00206h
  dw 0040Eh
  dw 00872h
  dw 0030Eh
  dw 00872h
  dw 0010Eh
  dw 00780h
  dw 00700h


