  dw Teleportframe000
  dw Teleportframe001
  dw Teleportframe002
  dw Teleportframe003
  dw Teleportframe004
  dw Teleportframe005
  dw Teleportframe006
  dw Teleportframe007
  dw Teleportframe008
  dw Teleportframe009
  dw Teleportframe010
  dw Teleportframe011
  dw Teleportframe012
  dw Teleportframe013
  dw Teleportframe014
  dw Teleportframe015
  dw Teleportframe016
  dw Teleportframe017
  dw Teleportframe018
  dw Teleportframe019
  dw Teleportframe020
  dw Teleportframe021
  dw Teleportframe022
  dw Teleportframe023
  dw Teleportframe024
  dw Teleportframe025
  dw Teleportframe026
  dw Teleportframe027
  dw Teleportframe028
  dw Teleportframe029
  dw Teleportframe030
  dw Teleportframe031
  dw Teleportframe032
  dw Teleportframe033
  dw Teleportframe034
  dw Teleportframe035
  dw Teleportframe036
  dw Teleportframe037
  dw Teleportframe038
  dw Teleportframe039
  dw Teleportframe040
  dw Teleportframe041
  dw Teleportframe042
  dw Teleportframe043
  dw Teleportframe044

Teleportframe000:
  db 03Ch,014h,062h,049h
  db 062h
  db 000h,000h,0B7h,000h,000h
  db 000h,000h
  dw 00F12h,base+00000h
  dw 00C6Eh,base+00000h
  dw 00E12h,base+00000h
  dw 00C6Eh,base+00000h
  dw 00D12h,base+00000h
  dw 00C6Eh,base+00000h
  dw 00C0Dh,base+00000h
  dw 00103h,base+0001Eh
  dw 00E70h,base+00000h
  dw 00708h,base+00000h
  dw 00304h,base+00000h
  dw 00209h,base+00036h
  dw 0096Bh,base+00000h
  dw 00508h,base+00000h
  dw 00203h,base+00000h
  dw 00206h,base+0003Bh
  dw 00105h,base+0001Eh
  dw 0086Ah,base+00000h
  dw 00508h,base+00000h
  dw 00203h,base+00000h
  dw 00B0Dh,base+032E8h
  dw 00668h,base+00000h
  dw 00508h,base+00000h
  dw 00102h,base+00000h
  dw 00D0Eh,base+02A6Fh
  dw 00668h,base+00000h
  dw 0040Ah,base+00000h
  dw 00E10h,base+02903h
  dw 00466h,base+00000h
  dw 00309h,base+00000h
  dw 00F11h,base+0275Fh
  dw 00466h,base+00000h
  dw 00306h,base+00000h
  dw 00103h,base+0001Eh
  dw 01012h,base+0256Fh
  dw 00365h,base+00000h
  dw 00205h,base+00000h
  dw 00103h,base+0001Eh
  dw 01113h,base+023E8h
  dw 00365h,base+00000h
  dw 00204h,base+00000h
  dw 00203h,base+00037h
  dw 01315h,base+01F1Dh
  dw 00264h,base+00000h
  dw 00204h,base+00000h
  dw 00102h,base+0001Eh
  dw 01415h,base+01C75h
  dw 00365h,base+00000h
  dw 00204h,base+00000h
  dw 01719h,base+00F1Bh
  dw 00163h,base+00000h
  dw 00102h,base+00000h
  dw 0191Bh,base+00314h
  dw 00163h,base+00000h
  dw 00203h,base+00000h
  dw 0181Ah,base+00873h
  dw 00163h,base+00000h
  dw 00102h,base+00000h
  dw 0191Bh,base+0032Dh
  dw 00163h,base+00000h
  dw 00102h,base+00000h
  dw 01819h,base+0088Bh
  dw 00167h,base+0001Eh
  dw 01819h,base+008A3h
  dw 00100h,base+0001Eh

Teleportframe001:
  db 03Ch,015h,062h,05Dh
  db 066h
  db 000h,000h,0A3h,000h,000h
  db 000h,000h
  dw 0187Eh,base+008BBh
  dw 00102h,base+00000h
  dw 0181Bh,base+008D3h
  dw 00165h,base+00000h
  dw 0187Fh,base+008EBh
  dw 0191Ah,base+00346h
  dw 00167h,base+00000h
  dw 0191Ah,base+0035Fh
  dw 00165h,base+00000h
  dw 01A1Bh,base+00070h
  dw 00165h,base+00000h
  dw 00E11h,base+02911h
  dw 0090Ah,base+03B33h
  dw 00165h,base+00000h
  dw 00C0Eh,base+02D54h
  dw 00102h,base+00000h
  dw 00A0Bh,base+03831h
  dw 00165h,base+00000h
  dw 00B0Dh,base+032F3h
  dw 00203h,base+00000h
  dw 00A0Ch,base+0383Bh
  dw 00164h,base+00000h
  dw 00A0Ch,base+03845h
  dw 00304h,base+00000h
  dw 00A0Bh,base+0384Fh
  dw 00265h,base+00000h
  dw 00B0Ch,base+032FEh
  dw 00304h,base+00000h
  dw 00B0Ch,base+03309h
  dw 00164h,base+00000h
  dw 00B0Ch,base+03314h
  dw 00304h,base+00000h
  dw 00A0Bh,base+03859h
  dw 00265h,base+00000h
  dw 00B0Dh,base+0331Fh
  dw 00203h,base+00000h
  dw 00B0Ch,base+0332Ah
  dw 00164h,base+00000h
  dw 00B0Ch,base+03335h
  dw 00203h,base+00000h
  dw 00C0Dh,base+02D60h
  dw 00164h,base+00000h
  dw 00C10h,base+02D6Ch
  dw 00B0Ch,base+03340h
  dw 00164h,base+00000h
  dw 00B0Fh,base+0334Bh
  dw 00C0Dh,base+02D78h
  dw 00163h,base+00000h
  dw 00102h,base+00000h
  dw 00B0Dh,base+03356h
  dw 00D0Eh,base+02A7Ch
  dw 00163h,base+00000h
  dw 00102h,base+00000h
  dw 00B0Ch,base+03361h
  dw 00E0Fh,base+0291Fh
  dw 00163h,base+00000h
  dw 00203h,base+00000h
  dw 0191Ah,base+00378h
  dw 00163h,base+00000h
  dw 00102h,base+00000h
  dw 01A1Bh,base+0008Ah
  dw 00166h,base+00000h
  dw 01900h,base+00391h

Teleportframe002:
  db 03Ch,016h,062h,072h
  db 068h
  db 000h,000h,08Eh,000h,000h
  db 000h,000h
  dw 0187Dh,base+00903h
  dw 00304h,base+00000h
  dw 01819h,base+0091Bh
  dw 00163h,base+00000h
  dw 00304h,base+00000h
  dw 01718h,base+00F32h
  dw 00264h,base+00000h
  dw 00405h,base+00000h
  dw 01718h,base+00F49h
  dw 00163h,base+00000h
  dw 00203h,base+00000h
  dw 00102h,base+00000h
  dw 01617h,base+01509h
  dw 00264h,base+00000h
  dw 00204h,base+00000h
  dw 00102h,base+00000h
  dw 01516h,base+01981h
  dw 00264h,base+00000h
  dw 00207h,base+00000h
  dw 01314h,base+01F30h
  dw 00365h,base+00000h
  dw 00308h,base+00000h
  dw 01314h,base+01F43h
  dw 00264h,base+00000h
  dw 00304h,base+00000h
  dw 00103h,base+0001Eh
  dw 01314h,base+01F56h
  dw 00365h,base+00000h
  dw 00405h,base+00000h
  dw 00203h,base+00036h
  dw 01213h,base+02202h
  dw 00365h,base+00000h
  dw 00406h,base+00000h
  dw 01314h,base+01F69h
  dw 00466h,base+00000h
  dw 00607h,base+00000h
  dw 00C0Eh,base+02D84h
  dw 00405h,base+0026Bh
  dw 00466h,base+00000h
  dw 00508h,base+00000h
  dw 00A0Ch,base+03863h
  dw 00406h,base+002C2h
  dw 00466h,base+00000h
  dw 00509h,base+00000h
  dw 0090Ch,base+03B3Ch
  dw 00305h,base+00035h
  dw 00466h,base+00000h
  dw 0050Ah,base+00000h
  dw 0060Ah,base+02598h
  dw 00305h,base+00037h
  dw 00567h,base+00000h
  dw 00608h,base+00000h
  dw 00709h,base+03D58h
  dw 00103h,base+00000h
  dw 00105h,base+0001Eh
  dw 00567h,base+00000h
  dw 0070Fh,base+00000h
  dw 00304h,base+00000h
  dw 00104h,base+0003Ch
  dw 00769h,base+00000h
  dw 0090Eh,base+00000h
  dw 00309h,base+00000h
  dw 00769h,base+00000h
  dw 01011h,base+00000h
  dw 00105h,base+0001Eh
  dw 0086Ah,base+00000h
  dw 00F12h,base+00000h
  dw 00103h,base+00000h
  dw 0096Bh,base+00000h
  dw 00E11h,base+00000h
  dw 00D6Fh,base+00000h
  dw 00F10h,base+00000h
  dw 00E00h,base+00000h

Teleportframe003:
  db 03Ch,014h,062h,049h
  db 062h
  db 000h,000h,0B7h,000h,000h
  db 000h,000h
  dw 01012h,base+00000h
  dw 00C6Eh,base+00000h
  dw 00E12h,base+00000h
  dw 00C6Eh,base+00000h
  dw 00D12h,base+00000h
  dw 00C6Eh,base+00000h
  dw 00B0Dh,base+00000h
  dw 00107h,base+0001Eh
  dw 00A6Ch,base+00000h
  dw 00B0Ch,base+00000h
  dw 0040Ah,base+00035h
  dw 0086Ah,base+00000h
  dw 00A0Bh,base+00000h
  dw 00A0Ch,base+0386Dh
  dw 00769h,base+00000h
  dw 00607h,base+00000h
  dw 00203h,base+00000h
  dw 00C0Fh,base+02D90h
  dw 00567h,base+00000h
  dw 00407h,base+00000h
  dw 00102h,base+00000h
  dw 00E10h,base+0292Dh
  dw 00567h,base+00000h
  dw 00407h,base+00000h
  dw 00102h,base+00000h
  dw 00F11h,base+0276Eh
  dw 00466h,base+00000h
  dw 00306h,base+00000h
  dw 00102h,base+00000h
  dw 00F12h,base+0277Dh
  dw 00466h,base+00000h
  dw 00408h,base+00000h
  dw 01113h,base+023F9h
  dw 00365h,base+00000h
  dw 00304h,base+00000h
  dw 00103h,base+0001Eh
  dw 01214h,base+02214h
  dw 00365h,base+00000h
  dw 00307h,base+00000h
  dw 01315h,base+01F7Ch
  dw 00264h,base+00000h
  dw 00204h,base+00000h
  dw 00102h,base+0003Ch
  dw 01415h,base+01C89h
  dw 00365h,base+00000h
  dw 00204h,base+00000h
  dw 00102h,base+0001Eh
  dw 01516h,base+01996h
  dw 00264h,base+00000h
  dw 00103h,base+00000h
  dw 01819h,base+00933h
  dw 00264h,base+00000h
  dw 00103h,base+00000h
  dw 0181Ah,base+0094Bh
  dw 00163h,base+00000h
  dw 00102h,base+00000h
  dw 01617h,base+0151Fh
  dw 00204h,base+0003Bh
  dw 00163h,base+00000h
  dw 00103h,base+00000h
  dw 01618h,base+01535h
  dw 00167h,base+0001Eh
  dw 01719h,base+00F60h
  dw 00100h,base+0001Eh

Teleportframe004:
  db 03Ch,015h,062h,05Dh
  db 068h
  db 000h,000h,0A3h,000h,000h
  db 000h,000h
  dw 0167Eh,base+0154Bh
  dw 01819h,base+00963h
  dw 00103h,base+00000h
  dw 00164h,base+00000h
  dw 0191Ah,base+003AAh
  dw 00167h,base+00000h
  dw 01819h,base+0097Bh
  dw 00167h,base+00000h
  dw 01819h,base+00993h
  dw 00265h,base+00000h
  dw 00F11h,base+0278Ch
  dw 0090Ah,base+03B45h
  dw 00266h,base+00000h
  dw 00E11h,base+0293Bh
  dw 0090Ah,base+03B4Eh
  dw 00164h,base+00000h
  dw 00E11h,base+02949h
  dw 00A0Bh,base+03877h
  dw 00165h,base+00000h
  dw 00D0Eh,base+02A89h
  dw 00103h,base+00000h
  dw 0090Ah,base+03B57h
  dw 00265h,base+00000h
  dw 00C0Dh,base+02D9Ch
  dw 00203h,base+00000h
  dw 00A0Bh,base+03881h
  dw 00265h,base+00000h
  dw 00C0Dh,base+02DA8h
  dw 00203h,base+00000h
  dw 00B0Ch,base+0336Ch
  dw 00164h,base+00000h
  dw 00A0Ch,base+0388Bh
  dw 00304h,base+00000h
  dw 00A0Bh,base+03895h
  dw 00265h,base+00000h
  dw 00B0Dh,base+03377h
  dw 00203h,base+00000h
  dw 00B0Ch,base+03382h
  dw 00164h,base+00000h
  dw 00A0Ch,base+0389Fh
  dw 00203h,base+00000h
  dw 00C0Dh,base+02DB4h
  dw 00163h,base+00000h
  dw 00102h,base+00000h
  dw 00B0Fh,base+0338Dh
  dw 00B0Ch,base+03398h
  dw 00164h,base+00000h
  dw 00C0Fh,base+02DC0h
  dw 00C0Dh,base+02DCCh
  dw 00163h,base+00000h
  dw 00102h,base+00000h
  dw 00C0Eh,base+02DD8h
  dw 00C0Dh,base+02DE4h
  dw 00163h,base+00000h
  dw 00102h,base+00000h
  dw 00C0Dh,base+02DF0h
  dw 00D0Eh,base+02A96h
  dw 00163h,base+00000h
  dw 00203h,base+00000h
  dw 0191Ah,base+003C3h
  dw 00163h,base+00000h
  dw 00102h,base+00000h
  dw 01A1Bh,base+000A4h
  dw 00166h,base+00000h
  dw 01900h,base+003DCh

Teleportframe005:
  db 03Ch,016h,062h,072h
  db 068h
  db 000h,000h,08Eh,000h,000h
  db 000h,000h
  dw 0197Dh,base+003F5h
  dw 00104h,base+00000h
  dw 01819h,base+009ABh
  dw 00163h,base+00000h
  dw 00104h,base+00000h
  dw 01718h,base+00F77h
  dw 00264h,base+00000h
  dw 00102h,base+00000h
  dw 00103h,base+0001Eh
  dw 01718h,base+00F8Eh
  dw 00163h,base+00000h
  dw 00102h,base+00000h
  dw 00103h,base+0001Eh
  dw 01617h,base+01561h
  dw 00264h,base+00000h
  dw 00203h,base+00000h
  dw 00103h,base+0001Eh
  dw 01617h,base+01577h
  dw 00163h,base+00000h
  dw 00203h,base+00000h
  dw 00203h,base+0003Bh
  dw 01416h,base+01C9Dh
  dw 00264h,base+00000h
  dw 00304h,base+00000h
  dw 00203h,base+0002Ah
  dw 01315h,base+01F8Fh
  dw 00264h,base+00000h
  dw 00405h,base+00000h
  dw 01516h,base+019ABh
  dw 00365h,base+00000h
  dw 00506h,base+00000h
  dw 01415h,base+01CB1h
  dw 00365h,base+00000h
  dw 00506h,base+00000h
  dw 01314h,base+01FA2h
  dw 00466h,base+00000h
  dw 00608h,base+00000h
  dw 01112h,base+0240Ah
  dw 00466h,base+00000h
  dw 00509h,base+00000h
  dw 0090Ah,base+03B60h
  dw 00506h,base+023E3h
  dw 00567h,base+00000h
  dw 00508h,base+00000h
  dw 0090Bh,base+03B69h
  dw 00506h,base+0026Ah
  dw 00567h,base+00000h
  dw 00508h,base+00000h
  dw 0070Bh,base+03D5Fh
  dw 00405h,base+0006Dh
  dw 00668h,base+00000h
  dw 00609h,base+00000h
  dw 00507h,base+03D18h
  dw 00102h,base+00000h
  dw 00406h,base+032E7h
  dw 00668h,base+00000h
  dw 0060Fh,base+00000h
  dw 00102h,base+00000h
  dw 00406h,base+000F1h
  dw 00769h,base+00000h
  dw 0090Dh,base+00000h
  dw 0030Ah,base+00000h
  dw 00769h,base+00000h
  dw 01011h,base+00000h
  dw 00105h,base+0001Eh
  dw 0086Ah,base+00000h
  dw 01014h,base+00000h
  dw 00A6Ch,base+00000h
  dw 01011h,base+00000h
  dw 00D6Fh,base+00000h
  dw 01E00h,base+00000h

Teleportframe006:
  db 03Ch,014h,062h,049h
  db 062h
  db 000h,000h,0B7h,000h,000h
  db 000h,000h
  dw 00F13h,base+00000h
  dw 00B6Dh,base+00000h
  dw 00D13h,base+00000h
  dw 00B6Dh,base+00000h
  dw 00C0Fh,base+00000h
  dw 00205h,base+00037h
  dw 00A6Ch,base+00000h
  dw 00A0Ch,base+00000h
  dw 0050Ah,base+03D78h
  dw 0086Ah,base+00000h
  dw 00708h,base+00000h
  dw 00204h,base+00000h
  dw 0090Bh,base+03B72h
  dw 00769h,base+00000h
  dw 0050Ah,base+00000h
  dw 00A0Dh,base+038A9h
  dw 00769h,base+00000h
  dw 0050Ah,base+00000h
  dw 00B0Eh,base+033A3h
  dw 00668h,base+00000h
  dw 00409h,base+00000h
  dw 00D0Fh,base+02AA3h
  dw 00668h,base+00000h
  dw 00506h,base+00000h
  dw 00102h,base+0001Eh
  dw 01011h,base+0257Fh
  dw 00567h,base+00000h
  dw 00405h,base+00000h
  dw 01315h,base+01FB5h
  dw 00466h,base+00000h
  dw 00405h,base+00000h
  dw 01416h,base+01CC5h
  dw 00365h,base+00000h
  dw 00304h,base+00000h
  dw 01517h,base+019C0h
  dw 00365h,base+00000h
  dw 00304h,base+00000h
  dw 01618h,base+0158Dh
  dw 00264h,base+00000h
  dw 00304h,base+00000h
  dw 01518h,base+019D5h
  dw 00264h,base+00000h
  dw 00304h,base+00000h
  dw 01619h,base+015A3h
  dw 00163h,base+00000h
  dw 00203h,base+00000h
  dw 0171Ah,base+00FA5h
  dw 00163h,base+00000h
  dw 00203h,base+00000h
  dw 0181Ah,base+009C3h
  dw 00163h,base+00000h
  dw 00203h,base+00000h
  dw 01516h,base+019EAh
  dw 00203h,base+0003Bh
  dw 00264h,base+00000h
  dw 00203h,base+00000h
  dw 01617h,base+015B9h
  dw 00203h,base+00036h
  dw 00165h,base+00000h
  dw 01718h,base+00FBCh
  dw 00200h,base+0003Bh

Teleportframe007:
  db 03Ch,015h,062h,05Dh
  db 068h
  db 000h,000h,0A3h,000h,000h
  db 000h,000h
  dw 01719h,base+00FD3h
  dw 00166h,base+0001Eh
  dw 0181Bh,base+009DBh
  dw 00166h,base+00000h
  dw 0177Fh,base+00FEAh
  dw 0187Eh,base+009F3h
  dw 00102h,base+00000h
  dw 01980h,base+0040Eh
  dw 00D0Fh,base+02AB0h
  dw 00A72h,base+038B3h
  dw 00B0Eh,base+033AEh
  dw 00A0Bh,base+038BDh
  dw 00166h,base+00000h
  dw 00B0Ch,base+033B9h
  dw 00203h,base+00000h
  dw 00A0Bh,base+038C7h
  dw 00167h,base+00000h
  dw 0090Ch,base+03B7Bh
  dw 00102h,base+00000h
  dw 00B0Ch,base+033C4h
  dw 00165h,base+00000h
  dw 0090Ch,base+03B84h
  dw 00203h,base+00000h
  dw 00B0Ch,base+033CFh
  dw 00166h,base+00000h
  dw 0090Bh,base+03B8Dh
  dw 00203h,base+00000h
  dw 00B0Ch,base+033DAh
  dw 00165h,base+00000h
  dw 0090Bh,base+03B96h
  dw 00304h,base+00000h
  dw 00B0Ch,base+033E5h
  dw 00163h,base+00000h
  dw 00103h,base+00000h
  dw 0090Ah,base+03B9Fh
  dw 00304h,base+00000h
  dw 00B0Ch,base+033F0h
  dw 00166h,base+00000h
  dw 0090Ah,base+03BA8h
  dw 00203h,base+00000h
  dw 00C0Dh,base+02DFCh
  dw 00163h,base+00000h
  dw 00102h,base+00000h
  dw 00B0Ch,base+033FBh
  dw 00103h,base+00000h
  dw 00C6Fh,base+02E08h
  dw 00102h,base+00000h
  dw 00B0Eh,base+03406h
  dw 00C0Dh,base+02E14h
  dw 00163h,base+00000h
  dw 00102h,base+00000h
  dw 00C0Eh,base+02E20h
  dw 00D70h,base+02ABDh
  dw 00102h,base+00000h
  dw 00D0Eh,base+02ACAh
  dw 00C0Dh,base+02E2Ch
  dw 00163h,base+00000h
  dw 00203h,base+00000h
  dw 01A7Dh,base+000BEh
  dw 00103h,base+00000h
  dw 0191Ah,base+00427h
  dw 00166h,base+00000h
  dw 01A00h,base+000D8h

Teleportframe008:
  db 03Ch,016h,062h,072h
  db 068h
  db 000h,000h,08Eh,000h,000h
  db 000h,000h
  dw 0187Dh,base+00A0Bh
  dw 00102h,base+00000h
  dw 00102h,base+0001Eh
  dw 0187Ch,base+00A23h
  dw 00102h,base+00000h
  dw 00102h,base+0001Eh
  dw 01719h,base+01001h
  dw 00163h,base+00000h
  dw 00203h,base+00000h
  dw 00102h,base+0001Fh
  dw 0167Bh,base+015CFh
  dw 00203h,base+00000h
  dw 0171Ah,base+01018h
  dw 00163h,base+00000h
  dw 00304h,base+00000h
  dw 01719h,base+0102Fh
  dw 00163h,base+00000h
  dw 00304h,base+00000h
  dw 01618h,base+015E5h
  dw 00264h,base+00000h
  dw 00405h,base+00000h
  dw 01516h,base+019FFh
  dw 00365h,base+00000h
  dw 00405h,base+00000h
  dw 01415h,base+01CD9h
  dw 00466h,base+00000h
  dw 00507h,base+00000h
  dw 01214h,base+02226h
  dw 00365h,base+00000h
  dw 00607h,base+00000h
  dw 01213h,base+02238h
  dw 00466h,base+00000h
  dw 00708h,base+00000h
  dw 01112h,base+0241Bh
  dw 00466h,base+00000h
  dw 00608h,base+00000h
  dw 01011h,base+0258Fh
  dw 00567h,base+00000h
  dw 00608h,base+00000h
  dw 01011h,base+0259Fh
  dw 00567h,base+00000h
  dw 00609h,base+00000h
  dw 00608h,base+03D89h
  dw 00607h,base+03D8Fh
  dw 00668h,base+00000h
  dw 00609h,base+00000h
  dw 00508h,base+03D18h
  dw 00507h,base+0026Ah
  dw 00668h,base+00000h
  dw 0060Ah,base+00000h
  dw 00106h,base+0001Eh
  dw 00507h,base+03D78h
  dw 00769h,base+00000h
  dw 00811h,base+00000h
  dw 00102h,base+0001Eh
  dw 00104h,base+0001Eh
  dw 00769h,base+00000h
  dw 00D11h,base+00000h
  dw 00105h,base+0001Eh
  dw 0086Ah,base+00000h
  dw 00E14h,base+00000h
  dw 00A6Ch,base+00000h
  dw 01011h,base+00000h
  dw 00D6Fh,base+00000h
  dw 01E00h,base+00000h

Teleportframe009:
  db 03Ch,014h,062h,049h
  db 062h
  db 000h,000h,0B7h,000h,000h
  db 000h,000h
  dw 01012h,base+00000h
  dw 00102h,base+00000h
  dw 00A6Ch,base+00000h
  dw 00914h,base+00000h
  dw 00A6Ch,base+00000h
  dw 00810h,base+00000h
  dw 00206h,base+00037h
  dw 0086Ah,base+00000h
  dw 0070Ah,base+00000h
  dw 00102h,base+0001Eh
  dw 0060Bh,base+03D95h
  dw 00769h,base+00000h
  dw 0070Ah,base+00000h
  dw 0080Eh,base+03D10h
  dw 00668h,base+00000h
  dw 00609h,base+00000h
  dw 00B0Eh,base+02CBAh
  dw 00769h,base+00000h
  dw 00608h,base+00000h
  dw 00D10h,base+02AD7h
  dw 00668h,base+00000h
  dw 00507h,base+00000h
  dw 01011h,base+025AFh
  dw 00668h,base+00000h
  dw 00506h,base+00000h
  dw 01214h,base+0224Ah
  dw 00466h,base+00000h
  dw 00405h,base+00000h
  dw 01315h,base+01FC8h
  dw 00466h,base+00000h
  dw 00406h,base+00000h
  dw 01415h,base+01CEDh
  dw 00365h,base+00000h
  dw 00305h,base+00000h
  dw 01316h,base+01FDBh
  dw 00365h,base+00000h
  dw 00405h,base+00000h
  dw 01417h,base+01D01h
  dw 00264h,base+00000h
  dw 00304h,base+00000h
  dw 01517h,base+01A14h
  dw 00365h,base+00000h
  dw 00304h,base+00000h
  dw 01618h,base+015FBh
  dw 00264h,base+00000h
  dw 00204h,base+00000h
  dw 01718h,base+01046h
  dw 00264h,base+00000h
  dw 00304h,base+00000h
  dw 01719h,base+0105Dh
  dw 00163h,base+00000h
  dw 00203h,base+00000h
  dw 0181Ah,base+00A3Bh
  dw 00163h,base+00000h
  dw 00204h,base+00000h
  dw 01819h,base+00A53h
  dw 00166h,base+00000h
  dw 01617h,base+01611h
  dw 00200h,base+0003Bh

Teleportframe010:
  db 03Ch,015h,062h,05Dh
  db 068h
  db 000h,000h,0A3h,000h,000h
  db 000h,000h
  dw 01719h,base+01074h
  dw 00164h,base+0001Eh
  dw 00103h,base+00000h
  dw 0177Dh,base+0108Bh
  dw 00203h,base+00000h
  dw 0187Dh,base+00A6Bh
  dw 00103h,base+00000h
  dw 0187Dh,base+00A83h
  dw 00203h,base+00000h
  dw 00D0Eh,base+02AE4h
  dw 00B6Fh,base+03411h
  dw 00102h,base+00000h
  dw 00C0Eh,base+02E38h
  dw 00C70h,base+02E44h
  dw 00203h,base+00000h
  dw 00B0Eh,base+0341Ch
  dw 00B6Fh,base+03427h
  dw 00103h,base+00000h
  dw 00A0Bh,base+038D1h
  dw 00102h,base+00000h
  dw 00C70h,base+02E50h
  dw 00203h,base+00000h
  dw 00A0Bh,base+038DBh
  dw 00203h,base+00000h
  dw 00B0Ch,base+03432h
  dw 00163h,base+00000h
  dw 00103h,base+00000h
  dw 0090Bh,base+03BB1h
  dw 00203h,base+00000h
  dw 00B0Ch,base+0343Dh
  dw 00163h,base+00000h
  dw 00203h,base+00000h
  dw 0090Bh,base+03BBAh
  dw 00203h,base+00000h
  dw 00C6Fh,base+02E5Ch
  dw 00102h,base+00000h
  dw 0090Bh,base+03BC3h
  dw 00304h,base+00000h
  dw 00C6Fh,base+02E68h
  dw 00203h,base+00000h
  dw 0090Ah,base+03BCCh
  dw 00304h,base+00000h
  dw 00C6Fh,base+02E74h
  dw 00103h,base+00000h
  dw 0090Ah,base+03BD5h
  dw 00203h,base+00000h
  dw 00D73h,base+02AF1h
  dw 00A0Bh,base+038E5h
  dw 00103h,base+00000h
  dw 00C72h,base+02E80h
  dw 00A0Dh,base+038EFh
  dw 00D73h,base+02AFEh
  dw 00A0Dh,base+038F9h
  dw 00D73h,base+02B0Bh
  dw 01981h,base+00440h
  dw 0177Dh,base+010A2h
  dw 00102h,base+0001Eh
  dw 0187Fh,base+00A9Bh
  dw 00102h,base+0001Eh
  dw 01700h,base+010B9h

Teleportframe011:
  db 03Ch,016h,062h,072h
  db 066h
  db 000h,000h,08Eh,000h,000h
  db 000h,000h
  dw 00102h,base+0003Ch
  dw 0177Ch,base+010D0h
  dw 00203h,base+00000h
  dw 01819h,base+00AB3h
  dw 00264h,base+00000h
  dw 00203h,base+00000h
  dw 01718h,base+010E7h
  dw 00365h,base+00000h
  dw 00203h,base+00000h
  dw 01819h,base+00ACBh
  dw 00264h,base+00000h
  dw 00304h,base+00000h
  dw 01617h,base+01627h
  dw 00365h,base+00000h
  dw 00405h,base+00000h
  dw 01516h,base+01A29h
  dw 00365h,base+00000h
  dw 00305h,base+00000h
  dw 01516h,base+01A3Eh
  dw 00365h,base+00000h
  dw 00406h,base+00000h
  dw 01415h,base+01D15h
  dw 00365h,base+00000h
  dw 00406h,base+00000h
  dw 01314h,base+01FEEh
  dw 00466h,base+00000h
  dw 00507h,base+00000h
  dw 01213h,base+0225Ch
  dw 00466h,base+00000h
  dw 00507h,base+00000h
  dw 01112h,base+0242Ch
  dw 00567h,base+00000h
  dw 00708h,base+00000h
  dw 01011h,base+025BFh
  dw 00567h,base+00000h
  dw 00708h,base+00000h
  dw 00F10h,base+0279Bh
  dw 00668h,base+00000h
  dw 00709h,base+00000h
  dw 00E0Fh,base+02957h
  dw 00668h,base+00000h
  dw 0060Ah,base+00000h
  dw 00C0Dh,base+02E8Ch
  dw 00769h,base+00000h
  dw 00709h,base+00000h
  dw 00506h,base+03DB9h
  dw 00708h,base+03D66h
  dw 00769h,base+00000h
  dw 0070Ah,base+00000h
  dw 00104h,base+0001Eh
  dw 00708h,base+0366Eh
  dw 0086Ah,base+00000h
  dw 0090Dh,base+00000h
  dw 00709h,base+03D6Dh
  dw 0086Ah,base+00000h
  dw 00B10h,base+00000h
  dw 00205h,base+00037h
  dw 0096Bh,base+00000h
  dw 00C14h,base+00000h
  dw 00A6Ch,base+00000h
  dw 00E11h,base+00000h
  dw 00D6Fh,base+00000h
  dw 01011h,base+00000h
  dw 00D00h,base+00000h

Teleportframe012:
  db 03Ch,014h,062h,049h
  db 062h
  db 000h,000h,0B7h,000h,000h
  db 000h,000h
  dw 00D12h,base+00000h
  dw 00C6Eh,base+00000h
  dw 00A13h,base+00000h
  dw 00B6Dh,base+00000h
  dw 0090Ch,base+00000h
  dw 00408h,base+00037h
  dw 00A6Ch,base+00000h
  dw 0080Bh,base+00000h
  dw 0050Ah,base+03DBEh
  dw 0096Bh,base+00000h
  dw 0070Ah,base+00000h
  dw 0080Ch,base+03D18h
  dw 0086Ah,base+00000h
  dw 00609h,base+00000h
  dw 00B0Eh,base+03448h
  dw 00769h,base+00000h
  dw 00607h,base+00000h
  dw 00F12h,base+027AAh
  dw 00567h,base+00000h
  dw 00607h,base+00000h
  dw 01012h,base+025CFh
  dw 00567h,base+00000h
  dw 00607h,base+00000h
  dw 01113h,base+0243Dh
  dw 00466h,base+00000h
  dw 00506h,base+00000h
  dw 01314h,base+02001h
  dw 00466h,base+00000h
  dw 00506h,base+00000h
  dw 01415h,base+01D29h
  dw 00365h,base+00000h
  dw 00405h,base+00000h
  dw 01516h,base+01A53h
  dw 00365h,base+00000h
  dw 00405h,base+00000h
  dw 01517h,base+01A68h
  dw 00264h,base+00000h
  dw 00304h,base+00000h
  dw 01618h,base+0163Dh
  dw 00264h,base+00000h
  dw 00405h,base+00000h
  dw 01618h,base+01653h
  dw 00163h,base+00000h
  dw 00304h,base+00000h
  dw 01719h,base+010FEh
  dw 00163h,base+00000h
  dw 00304h,base+00000h
  dw 01719h,base+01115h
  dw 00163h,base+00000h
  dw 00304h,base+00000h
  dw 01719h,base+0112Ch
  dw 00163h,base+00000h
  dw 00304h,base+00000h
  dw 01819h,base+00AE3h
  dw 00167h,base+00000h
  dw 01700h,base+01143h

Teleportframe013:
  db 03Ch,015h,062h,05Dh
  db 06Ah
  db 000h,000h,0A3h,000h,000h
  db 000h,000h
  dw 0177Ch,base+0115Ah
  dw 00203h,base+00000h
  dw 0181Ah,base+00AFBh
  dw 00163h,base+00000h
  dw 00204h,base+00000h
  dw 01819h,base+00B13h
  dw 00163h,base+00000h
  dw 00203h,base+00000h
  dw 01819h,base+00B2Bh
  dw 00264h,base+00000h
  dw 00204h,base+00000h
  dw 01819h,base+00B43h
  dw 00163h,base+00000h
  dw 00103h,base+00000h
  dw 00B0Ch,base+03453h
  dw 00D0Eh,base+02B18h
  dw 00163h,base+00000h
  dw 00103h,base+00000h
  dw 00B0Dh,base+0345Eh
  dw 00D70h,base+02B25h
  dw 00103h,base+00000h
  dw 00A0Bh,base+03903h
  dw 00102h,base+00000h
  dw 00D70h,base+02B32h
  dw 00103h,base+00000h
  dw 00A0Bh,base+0390Dh
  dw 00103h,base+00000h
  dw 00C6Fh,base+02E98h
  dw 00102h,base+00000h
  dw 00A0Bh,base+03917h
  dw 00204h,base+00000h
  dw 00C72h,base+02EA4h
  dw 00A0Bh,base+03921h
  dw 00204h,base+00000h
  dw 00B6Eh,base+03469h
  dw 00102h,base+00000h
  dw 00A0Bh,base+0392Bh
  dw 00304h,base+00000h
  dw 00A0Bh,base+03935h
  dw 00167h,base+0001Eh
  dw 0090Bh,base+03BDEh
  dw 00203h,base+00000h
  dw 00B0Ch,base+03474h
  dw 00165h,base+0001Eh
  dw 0090Bh,base+03BE7h
  dw 00304h,base+00000h
  dw 00A72h,base+0393Fh
  dw 0090Bh,base+03BF0h
  dw 00203h,base+00000h
  dw 00A71h,base+03949h
  dw 00A0Eh,base+03953h
  dw 00A71h,base+0395Dh
  dw 00102h,base+0001Fh
  dw 00A0Eh,base+03967h
  dw 00A70h,base+03971h
  dw 00E0Fh,base+02965h
  dw 00B0Dh,base+0347Fh
  dw 00163h,base+00000h
  dw 00102h,base+00000h
  dw 0191Bh,base+00459h
  dw 00163h,base+00000h
  dw 00102h,base+00000h
  dw 0181Ah,base+00B5Bh
  dw 00266h,base+00000h
  dw 01900h,base+00472h

Teleportframe014:
  db 03Ch,016h,062h,072h
  db 066h
  db 000h,000h,08Eh,000h,000h
  db 000h,000h
  dw 0187Eh,base+00B73h
  dw 00203h,base+00000h
  dw 01819h,base+00B8Bh
  dw 00264h,base+00000h
  dw 00203h,base+00000h
  dw 01718h,base+01171h
  dw 00365h,base+00000h
  dw 00204h,base+00000h
  dw 01617h,base+01669h
  dw 00365h,base+00000h
  dw 00204h,base+00000h
  dw 01617h,base+0167Fh
  dw 00365h,base+00000h
  dw 00305h,base+00000h
  dw 01516h,base+01A7Dh
  dw 00365h,base+00000h
  dw 00305h,base+00000h
  dw 01415h,base+01D3Dh
  dw 00466h,base+00000h
  dw 00406h,base+00000h
  dw 01314h,base+02014h
  dw 00466h,base+00000h
  dw 00507h,base+00000h
  dw 01213h,base+0226Eh
  dw 00466h,base+00000h
  dw 00608h,base+00000h
  dw 01112h,base+0244Eh
  dw 00466h,base+00000h
  dw 00608h,base+00000h
  dw 01011h,base+025DFh
  dw 00567h,base+00000h
  dw 00708h,base+00000h
  dw 01011h,base+025EFh
  dw 00567h,base+00000h
  dw 00506h,base+00000h
  dw 00102h,base+00000h
  dw 00F10h,base+027B9h
  dw 00668h,base+00000h
  dw 0050Ah,base+00000h
  dw 00D0Eh,base+02B3Fh
  dw 00668h,base+00000h
  dw 0050Ah,base+00000h
  dw 00C0Dh,base+02EB0h
  dw 00769h,base+00000h
  dw 00709h,base+00000h
  dw 00C0Eh,base+02EBCh
  dw 00769h,base+00000h
  dw 0080Bh,base+00000h
  dw 0090Bh,base+02CB8h
  dw 0086Ah,base+00000h
  dw 0090Ch,base+00000h
  dw 00607h,base+03D9Bh
  dw 00103h,base+0001Eh
  dw 0086Ah,base+00000h
  dw 0090Dh,base+00000h
  dw 00308h,base+00037h
  dw 0096Bh,base+00000h
  dw 00C14h,base+00000h
  dw 00A6Ch,base+00000h
  dw 00C12h,base+00000h
  dw 00C6Eh,base+00000h
  dw 01112h,base+00000h
  dw 00C00h,base+00000h

Teleportframe015:
  db 03Ch,014h,062h,049h
  db 062h
  db 000h,000h,0B7h,000h,000h
  db 000h,000h
  dw 00C12h,base+00000h
  dw 00C6Eh,base+00000h
  dw 00912h,base+00000h
  dw 00C6Eh,base+00000h
  dw 0090Eh,base+00000h
  dw 00106h,base+0001Eh
  dw 00A6Ch,base+00000h
  dw 0080Ah,base+00000h
  dw 00102h,base+0001Eh
  dw 0060Ah,base+00310h
  dw 0086Ah,base+00000h
  dw 00809h,base+00000h
  dw 0090Ah,base+03BF9h
  dw 00104h,base+0001Eh
  dw 00769h,base+00000h
  dw 00708h,base+00000h
  dw 00E10h,base+02973h
  dw 00668h,base+00000h
  dw 00708h,base+00000h
  dw 00F11h,base+027C8h
  dw 00567h,base+00000h
  dw 00607h,base+00000h
  dw 01012h,base+025FFh
  dw 00567h,base+00000h
  dw 00607h,base+00000h
  dw 01113h,base+0245Fh
  dw 00466h,base+00000h
  dw 00506h,base+00000h
  dw 01314h,base+02027h
  dw 00466h,base+00000h
  dw 00607h,base+00000h
  dw 01214h,base+02280h
  dw 00365h,base+00000h
  dw 00506h,base+00000h
  dw 01315h,base+0203Ah
  dw 00365h,base+00000h
  dw 00506h,base+00000h
  dw 01315h,base+0204Dh
  dw 00365h,base+00000h
  dw 00405h,base+00000h
  dw 01416h,base+01D51h
  dw 00365h,base+00000h
  dw 00405h,base+00000h
  dw 01517h,base+01A92h
  dw 00264h,base+00000h
  dw 00405h,base+00000h
  dw 01517h,base+01AA7h
  dw 00264h,base+00000h
  dw 00405h,base+00000h
  dw 01517h,base+01ABCh
  dw 00264h,base+00000h
  dw 00304h,base+00000h
  dw 01618h,base+01695h
  dw 00264h,base+00000h
  dw 00405h,base+00000h
  dw 01617h,base+016ABh
  dw 00268h,base+00000h
  dw 01700h,base+01188h

Teleportframe016:
  db 03Ch,015h,062h,05Dh
  db 06Ch
  db 000h,000h,0A3h,000h,000h
  db 000h,000h
  dw 0167Bh,base+016C1h
  dw 00204h,base+00000h
  dw 01819h,base+00BA3h
  dw 00163h,base+00000h
  dw 00204h,base+00000h
  dw 01819h,base+00BBBh
  dw 00163h,base+00000h
  dw 00103h,base+00000h
  dw 0191Ah,base+0048Bh
  dw 00163h,base+00000h
  dw 00103h,base+00000h
  dw 00D0Eh,base+02B4Ch
  dw 00C71h,base+02EC8h
  dw 00C0Dh,base+02ED4h
  dw 00E73h,base+02981h
  dw 00C0Eh,base+02EE0h
  dw 00D72h,base+02B59h
  dw 00B0Eh,base+0348Ah
  dw 00D72h,base+02B66h
  dw 00B0Ch,base+03495h
  dw 00103h,base+00000h
  dw 00B71h,base+034A0h
  dw 00A0Bh,base+0397Bh
  dw 00204h,base+00000h
  dw 00A71h,base+03985h
  dw 00B0Ch,base+034ABh
  dw 00204h,base+00000h
  dw 00A70h,base+0398Fh
  dw 00A0Bh,base+03999h
  dw 00304h,base+00000h
  dw 00A70h,base+039A3h
  dw 00B0Dh,base+034B6h
  dw 00204h,base+00000h
  dw 0096Fh,base+03C02h
  dw 00A0Ch,base+039ADh
  dw 00304h,base+00000h
  dw 00A0Ch,base+039B7h
  dw 00164h,base+00000h
  dw 00B0Eh,base+034C1h
  dw 00102h,base+00000h
  dw 00A0Ch,base+039C1h
  dw 00164h,base+00000h
  dw 00B10h,base+034CCh
  dw 0090Ch,base+03C0Bh
  dw 00163h,base+00000h
  dw 00102h,base+00000h
  dw 00B0Fh,base+034D7h
  dw 00A0Ch,base+039CBh
  dw 00163h,base+00000h
  dw 00102h,base+00000h
  dw 00B0Eh,base+034E2h
  dw 00A0Ch,base+039D5h
  dw 00264h,base+00000h
  dw 00203h,base+00000h
  dw 01819h,base+00BD3h
  dw 00264h,base+00000h
  dw 00102h,base+00000h
  dw 0181Ah,base+00BEBh
  dw 00267h,base+00000h
  dw 01800h,base+00C03h

Teleportframe017:
  db 03Ch,016h,062h,072h
  db 068h
  db 000h,000h,08Eh,000h,000h
  db 000h,000h
  dw 0177Dh,base+0119Fh
  dw 00304h,base+00000h
  dw 01618h,base+016D7h
  dw 00264h,base+00000h
  dw 00304h,base+00000h
  dw 01617h,base+016EDh
  dw 00365h,base+00000h
  dw 00305h,base+00000h
  dw 01516h,base+01AD1h
  dw 00365h,base+00000h
  dw 00305h,base+00000h
  dw 01416h,base+01D65h
  dw 00365h,base+00000h
  dw 00406h,base+00000h
  dw 01415h,base+01D79h
  dw 00365h,base+00000h
  dw 00406h,base+00000h
  dw 01315h,base+02060h
  dw 00365h,base+00000h
  dw 00507h,base+00000h
  dw 01214h,base+02292h
  dw 00365h,base+00000h
  dw 00607h,base+00000h
  dw 01113h,base+02470h
  dw 00466h,base+00000h
  dw 00608h,base+00000h
  dw 01012h,base+0260Fh
  dw 00466h,base+00000h
  dw 00608h,base+00000h
  dw 00F12h,base+027D7h
  dw 00466h,base+00000h
  dw 00709h,base+00000h
  dw 00F11h,base+027E6h
  dw 00466h,base+00000h
  dw 00509h,base+00000h
  dw 00E10h,base+0298Fh
  dw 00567h,base+00000h
  dw 00507h,base+00000h
  dw 01012h,base+0261Fh
  dw 00567h,base+00000h
  dw 00507h,base+00000h
  dw 00F11h,base+027F5h
  dw 00668h,base+00000h
  dw 00609h,base+00000h
  dw 00C0Fh,base+02EECh
  dw 00668h,base+00000h
  dw 00609h,base+00000h
  dw 00B0Eh,base+02CB8h
  dw 00769h,base+00000h
  dw 0070Bh,base+00000h
  dw 0070Ch,base+031BDh
  dw 00769h,base+00000h
  dw 0080Ch,base+00000h
  dw 0030Ah,base+00037h
  dw 0086Ah,base+00000h
  dw 00915h,base+00000h
  dw 0096Bh,base+00000h
  dw 00A13h,base+00000h
  dw 00B6Dh,base+00000h
  dw 00D10h,base+00000h
  dw 00102h,base+00000h
  dw 00C00h,base+00000h

Teleportframe018:
  db 03Ch,014h,062h,049h
  db 062h
  db 000h,000h,0B7h,000h,000h
  db 000h,000h
  dw 00D12h,base+00000h
  dw 00C6Eh,base+00000h
  dw 00C15h,base+00000h
  dw 0096Bh,base+00000h
  dw 00B16h,base+00000h
  dw 0086Ah,base+00000h
  dw 00A0Ch,base+00000h
  dw 00305h,base+0003Ah
  dw 00105h,base+0001Eh
  dw 0086Ah,base+00000h
  dw 0090Ch,base+00000h
  dw 0090Bh,base+03C14h
  dw 00769h,base+00000h
  dw 0080Ah,base+00000h
  dw 00C0Eh,base+02EF8h
  dw 00668h,base+00000h
  dw 0080Ah,base+00000h
  dw 00C0Fh,base+02F04h
  dw 00567h,base+00000h
  dw 00709h,base+00000h
  dw 00E10h,base+0299Dh
  dw 00567h,base+00000h
  dw 00709h,base+00000h
  dw 00D11h,base+02B73h
  dw 00466h,base+00000h
  dw 00608h,base+00000h
  dw 00E11h,base+029ABh
  dw 00567h,base+00000h
  dw 00608h,base+00000h
  dw 00F11h,base+02804h
  dw 00567h,base+00000h
  dw 00607h,base+00000h
  dw 01012h,base+0262Fh
  dw 00567h,base+00000h
  dw 00607h,base+00000h
  dw 01113h,base+02481h
  dw 00466h,base+00000h
  dw 00506h,base+00000h
  dw 01214h,base+022A4h
  dw 00466h,base+00000h
  dw 00506h,base+00000h
  dw 01315h,base+02073h
  dw 00365h,base+00000h
  dw 00405h,base+00000h
  dw 01415h,base+01D8Dh
  dw 00466h,base+00000h
  dw 00406h,base+00000h
  dw 01415h,base+01DA1h
  dw 00365h,base+00000h
  dw 00305h,base+00000h
  dw 01617h,base+01703h
  dw 00264h,base+00000h
  dw 00305h,base+00000h
  dw 01617h,base+01719h
  dw 00268h,base+00000h
  dw 01700h,base+011B6h

Teleportframe019:
  db 03Ch,015h,062h,05Dh
  db 06Ch
  db 000h,000h,0A3h,000h,000h
  db 000h,000h
  dw 0177Bh,base+011CDh
  dw 00104h,base+00000h
  dw 01819h,base+00C1Bh
  dw 00163h,base+00000h
  dw 00104h,base+00000h
  dw 0197Eh,base+004A4h
  dw 01B80h,base+0003Ah
  dw 00E0Fh,base+029B9h
  dw 00B70h,base+034EDh
  dw 00D0Fh,base+02B80h
  dw 00B71h,base+034F8h
  dw 00D0Fh,base+02B8Dh
  dw 00C71h,base+02F10h
  dw 00C0Eh,base+02F1Ch
  dw 00B72h,base+03503h
  dw 00C0Dh,base+02F28h
  dw 00103h,base+00000h
  dw 00A70h,base+039DFh
  dw 00B0Ch,base+0350Eh
  dw 00204h,base+00000h
  dw 00A0Ch,base+039E9h
  dw 00164h,base+00000h
  dw 00C0Dh,base+02F34h
  dw 00204h,base+00000h
  dw 0090Bh,base+03C1Dh
  dw 00164h,base+00000h
  dw 00A0Ch,base+039F3h
  dw 00304h,base+00000h
  dw 00A0Ch,base+039FDh
  dw 00163h,base+00000h
  dw 00102h,base+00000h
  dw 00A0Dh,base+03A07h
  dw 00102h,base+00000h
  dw 00A0Ch,base+03A11h
  dw 00164h,base+00000h
  dw 00B10h,base+03519h
  dw 00A0Bh,base+03A1Bh
  dw 00264h,base+00000h
  dw 00102h,base+00000h
  dw 00B0Fh,base+03524h
  dw 00A0Ch,base+03A25h
  dw 00163h,base+00000h
  dw 00102h,base+00000h
  dw 00A0Eh,base+03A2Fh
  dw 00B0Ch,base+0352Fh
  dw 00264h,base+00000h
  dw 00102h,base+00000h
  dw 00B0Fh,base+0353Ah
  dw 00B0Ch,base+03545h
  dw 00163h,base+00000h
  dw 00102h,base+00000h
  dw 00B0Dh,base+03550h
  dw 00C0Dh,base+02F40h
  dw 00264h,base+00000h
  dw 00203h,base+00000h
  dw 01819h,base+00C33h
  dw 00264h,base+00000h
  dw 00103h,base+00000h
  dw 01819h,base+00C4Bh
  dw 00267h,base+00000h
  dw 01900h,base+004BDh

Teleportframe020:
  db 03Ch,016h,062h,072h
  db 068h
  db 000h,000h,08Eh,000h,000h
  db 000h,000h
  dw 0187Dh,base+00C63h
  dw 00304h,base+00000h
  dw 01718h,base+011E4h
  dw 00264h,base+00000h
  dw 00304h,base+00000h
  dw 01718h,base+011FBh
  dw 00264h,base+00000h
  dw 00405h,base+00000h
  dw 01617h,base+0172Fh
  dw 00264h,base+00000h
  dw 00405h,base+00000h
  dw 01617h,base+01745h
  dw 00264h,base+00000h
  dw 00506h,base+00000h
  dw 01516h,base+01AE6h
  dw 00264h,base+00000h
  dw 00506h,base+00000h
  dw 01415h,base+01DB5h
  dw 00365h,base+00000h
  dw 00607h,base+00000h
  dw 01314h,base+02086h
  dw 00365h,base+00000h
  dw 00607h,base+00000h
  dw 01314h,base+02099h
  dw 00365h,base+00000h
  dw 00708h,base+00000h
  dw 01213h,base+022B6h
  dw 00365h,base+00000h
  dw 00408h,base+00000h
  dw 01012h,base+0263Fh
  dw 00466h,base+00000h
  dw 00409h,base+00000h
  dw 00F11h,base+02813h
  dw 00466h,base+00000h
  dw 00408h,base+00000h
  dw 01011h,base+0264Fh
  dw 00567h,base+00000h
  dw 00507h,base+00000h
  dw 01013h,base+0265Fh
  dw 00466h,base+00000h
  dw 00508h,base+00000h
  dw 00E11h,base+029C7h
  dw 00567h,base+00000h
  dw 00608h,base+00000h
  dw 00D0Fh,base+02B9Ah
  dw 00102h,base+00000h
  dw 00567h,base+00000h
  dw 00609h,base+00000h
  dw 00B0Dh,base+02CB8h
  dw 0086Ah,base+00000h
  dw 0070Bh,base+00000h
  dw 0090Bh,base+031BDh
  dw 0086Ah,base+00000h
  dw 0080Ch,base+00000h
  dw 00205h,base+00037h
  dw 00104h,base+0001Eh
  dw 0096Bh,base+00000h
  dw 00A14h,base+00000h
  dw 00A6Ch,base+00000h
  dw 00C11h,base+00000h
  dw 00D6Fh,base+00000h
  dw 00F10h,base+00000h
  dw 00E00h,base+00000h

Teleportframe021:
  db 03Ch,014h,062h,049h
  db 062h
  db 000h,000h,0B7h,000h,000h
  db 000h,000h
  dw 00F12h,base+00000h
  dw 00C6Eh,base+00000h
  dw 00D13h,base+00000h
  dw 00B6Dh,base+00000h
  dw 00C0Eh,base+00000h
  dw 00107h,base+0001Eh
  dw 0096Bh,base+00000h
  dw 00A0Ch,base+00000h
  dw 0070Ah,base+03D74h
  dw 0086Ah,base+00000h
  dw 00A0Ch,base+00000h
  dw 0090Bh,base+03A76h
  dw 00769h,base+00000h
  dw 0090Ah,base+00000h
  dw 00B0Dh,base+0355Bh
  dw 00769h,base+00000h
  dw 0080Ah,base+00000h
  dw 00B0Fh,base+03566h
  dw 00567h,base+00000h
  dw 00709h,base+00000h
  dw 00C10h,base+02F4Ch
  dw 00567h,base+00000h
  dw 00709h,base+00000h
  dw 00C11h,base+02F58h
  dw 00466h,base+00000h
  dw 00608h,base+00000h
  dw 00E11h,base+029D5h
  dw 00567h,base+00000h
  dw 00608h,base+00000h
  dw 00F10h,base+02822h
  dw 00668h,base+00000h
  dw 00507h,base+00000h
  dw 01012h,base+0266Fh
  dw 00567h,base+00000h
  dw 00507h,base+00000h
  dw 01213h,base+022C8h
  dw 00466h,base+00000h
  dw 00506h,base+00000h
  dw 01314h,base+020ACh
  dw 00466h,base+00000h
  dw 00203h,base+00000h
  dw 00203h,base+00000h
  dw 01415h,base+01DC9h
  dw 00365h,base+00000h
  dw 00103h,base+00000h
  dw 00102h,base+00000h
  dw 01516h,base+01AFBh
  dw 00365h,base+00000h
  dw 00103h,base+00000h
  dw 00102h,base+00000h
  dw 01617h,base+0175Bh
  dw 00269h,base+00000h
  dw 01617h,base+01771h
  dw 00264h,base+00000h
  dw 00105h,base+00000h
  dw 01718h,base+01212h
  dw 00164h,base+00000h
  dw 00103h,base+0001Eh
  dw 01800h,base+00C7Bh

Teleportframe022:
  db 03Ch,015h,062h,05Dh
  db 06Ch
  db 000h,000h,0A3h,000h,000h
  db 000h,000h
  dw 01617h,base+01787h
  dw 00165h,base+0001Eh
  dw 00103h,base+0001Eh
  dw 01719h,base+01229h
  dw 00165h,base+00000h
  dw 00102h,base+0001Eh
  dw 0177Dh,base+01240h
  dw 01A81h,base+000F2h
  dw 00D0Eh,base+02BA7h
  dw 00C71h,base+02F64h
  dw 00D0Eh,base+02BB4h
  dw 00C72h,base+02F70h
  dw 00D10h,base+02BC1h
  dw 00B70h,base+03571h
  dw 00C0Dh,base+02F7Ch
  dw 00102h,base+00000h
  dw 00C0Dh,base+02F88h
  dw 00164h,base+00000h
  dw 00C0Dh,base+02F94h
  dw 00102h,base+00000h
  dw 00C0Dh,base+02FA0h
  dw 00164h,base+00000h
  dw 00B0Ch,base+0357Ch
  dw 00203h,base+00000h
  dw 00B0Dh,base+03587h
  dw 00164h,base+00000h
  dw 00C0Dh,base+02FACh
  dw 00102h,base+00000h
  dw 00C0Dh,base+02FB8h
  dw 00164h,base+00000h
  dw 00B0Ch,base+03592h
  dw 00204h,base+00000h
  dw 00A0Ch,base+03A39h
  dw 00164h,base+00000h
  dw 00B10h,base+0359Dh
  dw 00B0Ch,base+035A8h
  dw 00164h,base+00000h
  dw 00B10h,base+035B3h
  dw 00B0Ch,base+035BEh
  dw 00163h,base+00000h
  dw 00102h,base+00000h
  dw 00A0Fh,base+03A43h
  dw 00B6Fh,base+035C9h
  dw 00102h,base+00000h
  dw 00B0Eh,base+035D4h
  dw 00C0Dh,base+02FC4h
  dw 00163h,base+00000h
  dw 00102h,base+00000h
  dw 00C0Eh,base+02FD0h
  dw 00C0Dh,base+02FDCh
  dw 00163h,base+00000h
  dw 00102h,base+00000h
  dw 00B0Dh,base+035DFh
  dw 00D0Eh,base+02BCEh
  dw 00163h,base+00000h
  dw 00203h,base+00000h
  dw 0191Ah,base+004D6h
  dw 00163h,base+00000h
  dw 00102h,base+00000h
  dw 01A1Bh,base+0010Ch
  dw 00166h,base+00000h
  dw 01900h,base+004EFh

Teleportframe023:
  db 03Ch,016h,062h,072h
  db 068h
  db 000h,000h,08Eh,000h,000h
  db 000h,000h
  dw 0197Dh,base+00508h
  dw 00304h,base+00000h
  dw 01819h,base+00C93h
  dw 00163h,base+00000h
  dw 00304h,base+00000h
  dw 01718h,base+01257h
  dw 00264h,base+00000h
  dw 00405h,base+00000h
  dw 01718h,base+0126Eh
  dw 00163h,base+00000h
  dw 00405h,base+00000h
  dw 01617h,base+0179Dh
  dw 00264h,base+00000h
  dw 00506h,base+00000h
  dw 01416h,base+01DDDh
  dw 00264h,base+00000h
  dw 00506h,base+00000h
  dw 01516h,base+01B10h
  dw 00264h,base+00000h
  dw 00304h,base+00000h
  dw 00203h,base+00000h
  dw 01315h,base+020BFh
  dw 00264h,base+00000h
  dw 00204h,base+00000h
  dw 00203h,base+00000h
  dw 01214h,base+022DAh
  dw 00365h,base+00000h
  dw 00306h,base+00000h
  dw 00102h,base+00000h
  dw 01113h,base+02492h
  dw 00365h,base+00000h
  dw 00304h,base+00000h
  dw 00104h,base+0001Eh
  dw 01013h,base+0267Fh
  dw 00365h,base+00000h
  dw 00405h,base+00000h
  dw 00103h,base+0001Eh
  dw 01013h,base+0268Fh
  dw 00365h,base+00000h
  dw 00406h,base+00000h
  dw 01112h,base+024A3h
  dw 00102h,base+00000h
  dw 00466h,base+00000h
  dw 00507h,base+00000h
  dw 01011h,base+0269Fh
  dw 00668h,base+00000h
  dw 00507h,base+00000h
  dw 00F10h,base+02831h
  dw 00769h,base+00000h
  dw 00608h,base+00000h
  dw 00D0Fh,base+02BDBh
  dw 00769h,base+00000h
  dw 00609h,base+00000h
  dw 00B0Dh,base+035EAh
  dw 0086Ah,base+00000h
  dw 0070Bh,base+00000h
  dw 0080Ah,base+03B71h
  dw 0096Bh,base+00000h
  dw 0080Ch,base+00000h
  dw 00508h,base+00037h
  dw 00A6Ch,base+00000h
  dw 00A14h,base+00000h
  dw 00A6Ch,base+00000h
  dw 00B11h,base+00000h
  dw 00D6Fh,base+00000h
  dw 01E00h,base+00000h

Teleportframe024:
  db 03Ch,014h,062h,049h
  db 062h
  db 000h,000h,0B7h,000h,000h
  db 000h,000h
  dw 00E12h,base+00000h
  dw 00C6Eh,base+00000h
  dw 00C13h,base+00000h
  dw 00B6Dh,base+00000h
  dw 00B0Dh,base+00000h
  dw 00108h,base+0001Eh
  dw 0096Bh,base+00000h
  dw 00A0Ch,base+00000h
  dw 0070Bh,base+03D7Bh
  dw 00769h,base+00000h
  dw 0090Bh,base+00000h
  dw 0090Dh,base+03BF9h
  dw 00668h,base+00000h
  dw 0080Ah,base+00000h
  dw 00B0Dh,base+035F5h
  dw 00769h,base+00000h
  dw 00809h,base+00000h
  dw 00D10h,base+02BE8h
  dw 00567h,base+00000h
  dw 00708h,base+00000h
  dw 00D0Eh,base+02BF5h
  dw 00103h,base+0001Eh
  dw 00567h,base+00000h
  dw 00708h,base+00000h
  dw 00E12h,base+029E3h
  dw 00466h,base+00000h
  dw 00607h,base+00000h
  dw 00F12h,base+02840h
  dw 00567h,base+00000h
  dw 00304h,base+00000h
  dw 00203h,base+00000h
  dw 01112h,base+024B4h
  dw 00567h,base+00000h
  dw 00204h,base+00000h
  dw 00102h,base+00000h
  dw 01214h,base+022ECh
  dw 00466h,base+00000h
  dw 00304h,base+00000h
  dw 00103h,base+00000h
  dw 01214h,base+022FEh
  dw 00365h,base+00000h
  dw 00206h,base+00000h
  dw 01415h,base+01DF1h
  dw 00365h,base+00000h
  dw 00206h,base+00000h
  dw 01516h,base+01B25h
  dw 00264h,base+00000h
  dw 00205h,base+00000h
  dw 01617h,base+017B3h
  dw 00264h,base+00000h
  dw 00205h,base+00000h
  dw 01718h,base+01285h
  dw 00163h,base+00000h
  dw 00102h,base+00000h
  dw 00103h,base+0001Eh
  dw 01516h,base+01B3Ah
  dw 00102h,base+0001Eh
  dw 00163h,base+00000h
  dw 00105h,base+00000h
  dw 01518h,base+01B4Fh
  dw 00165h,base+00000h
  dw 00102h,base+0001Eh
  dw 01600h,base+017C9h

Teleportframe025:
  db 03Ch,015h,062h,05Dh
  db 06Ah
  db 000h,000h,0A3h,000h,000h
  db 000h,000h
  dw 0167Dh,base+017DFh
  dw 00203h,base+0001Eh
  dw 01619h,base+017F5h
  dw 00164h,base+00000h
  dw 01A1Bh,base+00126h
  dw 00265h,base+00000h
  dw 01A1Bh,base+00140h
  dw 00265h,base+00000h
  dw 01A1Bh,base+0015Ah
  dw 00265h,base+00000h
  dw 00D0Eh,base+02C02h
  dw 00C0Dh,base+02FE8h
  dw 00265h,base+00000h
  dw 00D0Eh,base+02C0Fh
  dw 00C0Dh,base+02FF4h
  dw 00265h,base+00000h
  dw 00C0Eh,base+03000h
  dw 00C0Dh,base+0300Ch
  dw 00265h,base+00000h
  dw 00C0Dh,base+03018h
  dw 00102h,base+00000h
  dw 00C0Dh,base+03024h
  dw 00164h,base+00000h
  dw 00B0Ch,base+03600h
  dw 00203h,base+00000h
  dw 00C0Dh,base+03030h
  dw 00165h,base+00000h
  dw 00A0Bh,base+03A4Dh
  dw 00203h,base+00000h
  dw 00C0Dh,base+0303Ch
  dw 00164h,base+00000h
  dw 00A0Ch,base+03A57h
  dw 00203h,base+00000h
  dw 00C0Dh,base+03048h
  dw 00165h,base+00000h
  dw 00A0Eh,base+03A61h
  dw 00C0Dh,base+03054h
  dw 00164h,base+00000h
  dw 00A0Fh,base+03A6Bh
  dw 00C0Dh,base+03060h
  dw 00164h,base+00000h
  dw 00B10h,base+0360Bh
  dw 00C70h,base+0306Ch
  dw 00B0Fh,base+03616h
  dw 00C0Dh,base+03078h
  dw 00163h,base+00000h
  dw 00102h,base+00000h
  dw 00C0Eh,base+03084h
  dw 00D70h,base+02C1Ch
  dw 00102h,base+00000h
  dw 00C0Dh,base+03090h
  dw 00D0Eh,base+02C29h
  dw 00163h,base+00000h
  dw 00203h,base+00000h
  dw 01A7Dh,base+00174h
  dw 00102h,base+00000h
  dw 01A1Bh,base+0018Eh
  dw 00166h,base+00000h
  dw 01A00h,base+001A8h

Teleportframe026:
  db 03Ch,016h,062h,072h
  db 068h
  db 000h,000h,08Eh,000h,000h
  db 000h,000h
  dw 0197Dh,base+00521h
  dw 00304h,base+00000h
  dw 0177Ch,base+0129Ch
  dw 00304h,base+00000h
  dw 01617h,base+0180Bh
  dw 00102h,base+0001Eh
  dw 00163h,base+00000h
  dw 00405h,base+00000h
  dw 01618h,base+01821h
  dw 00163h,base+00000h
  dw 00405h,base+00000h
  dw 01518h,base+01B64h
  dw 00163h,base+00000h
  dw 00304h,base+00000h
  dw 00102h,base+00000h
  dw 01417h,base+01E05h
  dw 00163h,base+00000h
  dw 00206h,base+00000h
  dw 01416h,base+01E19h
  dw 00264h,base+00000h
  dw 00307h,base+00000h
  dw 01315h,base+020D2h
  dw 00264h,base+00000h
  dw 00307h,base+00000h
  dw 01213h,base+02310h
  dw 00466h,base+00000h
  dw 00305h,base+00000h
  dw 00203h,base+00037h
  dw 01112h,base+024C5h
  dw 00466h,base+00000h
  dw 00305h,base+00000h
  dw 01314h,base+020E5h
  dw 00567h,base+00000h
  dw 00506h,base+00000h
  dw 01213h,base+02322h
  dw 00567h,base+00000h
  dw 00406h,base+00000h
  dw 01112h,base+024D6h
  dw 00668h,base+00000h
  dw 00507h,base+00000h
  dw 01011h,base+026AFh
  dw 00668h,base+00000h
  dw 00507h,base+00000h
  dw 00F10h,base+0284Fh
  dw 00769h,base+00000h
  dw 00608h,base+00000h
  dw 00D0Fh,base+02BDBh
  dw 00769h,base+00000h
  dw 00609h,base+00000h
  dw 0090Ah,base+02CB8h
  dw 00103h,base+0001Eh
  dw 0086Ah,base+00000h
  dw 0070Bh,base+00000h
  dw 00508h,base+03DC3h
  dw 00103h,base+0001Eh
  dw 0086Ah,base+00000h
  dw 00815h,base+00000h
  dw 0096Bh,base+00000h
  dw 00B14h,base+00000h
  dw 00A6Ch,base+00000h
  dw 00F12h,base+00000h
  dw 00C6Eh,base+00000h
  dw 01E00h,base+00000h

Teleportframe027:
  db 03Ch,014h,062h,049h
  db 062h
  db 000h,000h,0B7h,000h,000h
  db 000h,000h
  dw 00D12h,base+00000h
  dw 00C6Eh,base+00000h
  dw 00B12h,base+00000h
  dw 00C6Eh,base+00000h
  dw 00B15h,base+00000h
  dw 0096Bh,base+00000h
  dw 0090Ch,base+00000h
  dw 0060Ah,base+00310h
  dw 0086Ah,base+00000h
  dw 0090Ah,base+00000h
  dw 00A0Dh,base+03A75h
  dw 00769h,base+00000h
  dw 00506h,base+00000h
  dw 00203h,base+00000h
  dw 00C0Eh,base+0309Ch
  dw 00769h,base+00000h
  dw 00509h,base+00000h
  dw 00D0Fh,base+02C36h
  dw 00668h,base+00000h
  dw 00508h,base+00000h
  dw 00E0Fh,base+029F1h
  dw 00769h,base+00000h
  dw 00708h,base+00000h
  dw 00F10h,base+0285Eh
  dw 00668h,base+00000h
  dw 00405h,base+00000h
  dw 00102h,base+00000h
  dw 01012h,base+026BFh
  dw 00567h,base+00000h
  dw 00407h,base+00000h
  dw 01213h,base+02334h
  dw 00466h,base+00000h
  dw 00306h,base+00000h
  dw 01314h,base+020F8h
  dw 00466h,base+00000h
  dw 00406h,base+00000h
  dw 01415h,base+01E2Dh
  dw 00365h,base+00000h
  dw 00305h,base+00000h
  dw 01416h,base+01E41h
  dw 00365h,base+00000h
  dw 00305h,base+00000h
  dw 01517h,base+01B79h
  dw 00264h,base+00000h
  dw 00203h,base+00000h
  dw 00102h,base+0001Eh
  dw 01617h,base+01837h
  dw 00264h,base+00000h
  dw 00102h,base+00000h
  dw 00103h,base+00000h
  dw 01618h,base+0184Dh
  dw 00166h,base+00000h
  dw 0181Ah,base+00CABh
  dw 00163h,base+00000h
  dw 00103h,base+00000h
  dw 0171Ah,base+012B3h
  dw 00166h,base+00000h
  dw 01618h,base+01863h
  dw 00100h,base+0001Eh

Teleportframe028:
  db 03Ch,015h,062h,05Dh
  db 068h
  db 000h,000h,0A3h,000h,000h
  db 000h,000h
  dw 01719h,base+012CAh
  dw 00166h,base+0001Eh
  dw 0187Fh,base+00CC3h
  dw 00102h,base+0001Eh
  dw 0187Fh,base+00CDBh
  dw 0197Fh,base+0053Ah
  dw 00E0Fh,base+029FFh
  dw 00C71h,base+030A8h
  dw 00D0Eh,base+02C43h
  dw 00D72h,base+02C50h
  dw 00D0Fh,base+02C5Dh
  dw 00C71h,base+030B4h
  dw 00C0Eh,base+030C0h
  dw 00D72h,base+02C6Ah
  dw 00C0Fh,base+030CCh
  dw 00C0Dh,base+030D8h
  dw 00164h,base+00000h
  dw 00B0Fh,base+03621h
  dw 00C0Dh,base+030E4h
  dw 00164h,base+00000h
  dw 00B0Ch,base+0362Ch
  dw 00104h,base+00000h
  dw 00C70h,base+030F0h
  dw 00B0Ch,base+03637h
  dw 00203h,base+00000h
  dw 00C0Dh,base+030FCh
  dw 00164h,base+00000h
  dw 00B0Ch,base+03642h
  dw 00304h,base+00000h
  dw 00C70h,base+03108h
  dw 00A0Ch,base+03A7Fh
  dw 00203h,base+00000h
  dw 00D71h,base+02C77h
  dw 00B10h,base+0364Dh
  dw 00C70h,base+03114h
  dw 00C0Fh,base+03120h
  dw 00D70h,base+02C84h
  dw 00102h,base+00000h
  dw 00B0Eh,base+03658h
  dw 00D70h,base+02C91h
  dw 00102h,base+00000h
  dw 00B0Dh,base+03663h
  dw 00D71h,base+02C9Eh
  dw 00102h,base+00000h
  dw 0197Eh,base+00553h
  dw 00102h,base+00000h
  dw 01981h,base+0056Ch
  dw 01800h,base+00CF3h

Teleportframe029:
  db 03Ch,016h,062h,072h
  db 068h
  db 000h,000h,08Eh,000h,000h
  db 000h,000h
  dw 0187Dh,base+00D0Bh
  dw 00304h,base+00000h
  dw 0177Ch,base+012E1h
  dw 00104h,base+00000h
  dw 01617h,base+01879h
  dw 00365h,base+00000h
  dw 00104h,base+00000h
  dw 01718h,base+012F8h
  dw 00264h,base+00000h
  dw 00104h,base+00000h
  dw 01617h,base+0188Fh
  dw 00365h,base+00000h
  dw 00203h,base+00000h
  dw 00102h,base+0001Eh
  dw 01516h,base+01B8Eh
  dw 00365h,base+00000h
  dw 00203h,base+00000h
  dw 00103h,base+0001Eh
  dw 01314h,base+0210Bh
  dw 00466h,base+00000h
  dw 00304h,base+00000h
  dw 00203h,base+00036h
  dw 01213h,base+02346h
  dw 00466h,base+00000h
  dw 00304h,base+00000h
  dw 01516h,base+01BA3h
  dw 00466h,base+00000h
  dw 00405h,base+00000h
  dw 01415h,base+01E55h
  dw 00466h,base+00000h
  dw 00406h,base+00000h
  dw 01213h,base+02358h
  dw 00567h,base+00000h
  dw 00407h,base+00000h
  dw 01112h,base+024E7h
  dw 00567h,base+00000h
  dw 00407h,base+00000h
  dw 00F11h,base+0286Dh
  dw 00668h,base+00000h
  dw 00507h,base+00000h
  dw 00F11h,base+0287Ch
  dw 00668h,base+00000h
  dw 00507h,base+00000h
  dw 00E10h,base+02A0Dh
  dw 00769h,base+00000h
  dw 00608h,base+00000h
  dw 00D0Fh,base+02CABh
  dw 00769h,base+00000h
  dw 00609h,base+00000h
  dw 00B0Dh,base+0366Eh
  dw 0086Ah,base+00000h
  dw 0070Ch,base+00000h
  dw 00209h,base+00037h
  dw 0096Bh,base+00000h
  dw 00911h,base+00000h
  dw 00102h,base+0001Eh
  dw 00B6Dh,base+00000h
  dw 00B13h,base+00000h
  dw 00B6Dh,base+00000h
  dw 00F11h,base+00000h
  dw 00D6Fh,base+00000h
  dw 01E00h,base+00000h

Teleportframe030:
  db 03Ch,014h,062h,049h
  db 062h
  db 000h,000h,0B7h,000h,000h
  db 000h,000h
  dw 00D11h,base+00000h
  dw 00D6Fh,base+00000h
  dw 00A12h,base+00000h
  dw 00C6Eh,base+00000h
  dw 00A0Dh,base+00000h
  dw 00107h,base+0001Eh
  dw 00A6Ch,base+00000h
  dw 0090Ch,base+00000h
  dw 0060Ah,base+03DA1h
  dw 0086Ah,base+00000h
  dw 0080Ah,base+00000h
  dw 00809h,base+031BCh
  dw 00105h,base+0001Eh
  dw 00668h,base+00000h
  dw 00709h,base+00000h
  dw 00D0Fh,base+02CB8h
  dw 00668h,base+00000h
  dw 00709h,base+00000h
  dw 00D10h,base+02CC5h
  dw 00567h,base+00000h
  dw 00508h,base+00000h
  dw 00F11h,base+0288Bh
  dw 00567h,base+00000h
  dw 00508h,base+00000h
  dw 01011h,base+026CFh
  dw 00567h,base+00000h
  dw 00406h,base+00000h
  dw 01214h,base+0236Ah
  dw 00466h,base+00000h
  dw 00506h,base+00000h
  dw 01213h,base+0237Ch
  dw 00102h,base+0001Eh
  dw 00365h,base+00000h
  dw 00405h,base+00000h
  dw 01316h,base+0211Eh
  dw 00365h,base+00000h
  dw 00406h,base+00000h
  dw 01316h,base+02131h
  dw 00264h,base+00000h
  dw 00305h,base+00000h
  dw 01516h,base+01BB8h
  dw 00365h,base+00000h
  dw 00304h,base+00000h
  dw 01718h,base+0130Fh
  dw 00264h,base+00000h
  dw 00304h,base+00000h
  dw 01718h,base+01326h
  dw 00264h,base+00000h
  dw 00304h,base+00000h
  dw 01819h,base+00D23h
  dw 00163h,base+00000h
  dw 00203h,base+00000h
  dw 0191Ah,base+00585h
  dw 00163h,base+00000h
  dw 00103h,base+00000h
  dw 0191Ah,base+0059Eh
  dw 00166h,base+00000h
  dw 01800h,base+00D3Bh

Teleportframe031:
  db 03Ah,015h,062h,05Dh
  db 068h
  db 000h,000h,0A3h,000h,000h
  db 000h,000h
  dw 0187Fh,base+00D53h
  dw 0197Fh,base+005B7h
  dw 00102h,base+0001Eh
  dw 0197Fh,base+005D0h
  dw 0197Fh,base+005E9h
  dw 00102h,base+0001Eh
  dw 00B0Ch,base+03679h
  dw 00D72h,base+02CD2h
  dw 00C0Eh,base+0312Ch
  dw 00D72h,base+02CDFh
  dw 00C10h,base+03138h
  dw 00C70h,base+03144h
  dw 00B0Dh,base+03684h
  dw 00102h,base+00000h
  dw 00C71h,base+03150h
  dw 00C0Dh,base+0315Ch
  dw 00103h,base+00000h
  dw 00C70h,base+03168h
  dw 00B0Ch,base+0368Fh
  dw 00203h,base+00000h
  dw 00D71h,base+02CECh
  dw 00B0Ch,base+0369Ah
  dw 00204h,base+00000h
  dw 00C70h,base+03174h
  dw 00B0Ch,base+036A5h
  dw 00204h,base+00000h
  dw 00A0Bh,base+03A89h
  dw 00165h,base+0001Eh
  dw 00B0Dh,base+036B0h
  dw 00203h,base+00000h
  dw 00C70h,base+03180h
  dw 00A0Dh,base+03A93h
  dw 00103h,base+00000h
  dw 00A70h,base+03A9Dh
  dw 00C10h,base+0318Ch
  dw 00B70h,base+036BBh
  dw 00B0Fh,base+036C6h
  dw 00B72h,base+036D1h
  dw 00B0Eh,base+036DCh
  dw 00C72h,base+03198h
  dw 00C0Dh,base+031A4h
  dw 00C73h,base+031B0h
  dw 0197Eh,base+00602h
  dw 00102h,base+00000h
  dw 0181Ah,base+00D6Bh
  dw 00166h,base+00000h
  dw 01900h,base+0061Bh

Teleportframe032:
  db 03Ch,016h,062h,072h
  db 068h
  db 000h,000h,08Eh,000h,000h
  db 000h,000h
  dw 0177Dh,base+0133Dh
  dw 00103h,base+00000h
  dw 01718h,base+01354h
  dw 00365h,base+00000h
  dw 00103h,base+00000h
  dw 01718h,base+0136Bh
  dw 00365h,base+00000h
  dw 00203h,base+00000h
  dw 01718h,base+01382h
  dw 00365h,base+00000h
  dw 00203h,base+00000h
  dw 01718h,base+01399h
  dw 00365h,base+00000h
  dw 00304h,base+00000h
  dw 01617h,base+018A5h
  dw 00365h,base+00000h
  dw 00304h,base+00000h
  dw 01516h,base+01BCDh
  dw 00466h,base+00000h
  dw 00305h,base+00000h
  dw 01415h,base+01E69h
  dw 00466h,base+00000h
  dw 00205h,base+00000h
  dw 01415h,base+01E7Dh
  dw 00466h,base+00000h
  dw 00306h,base+00000h
  dw 01314h,base+02144h
  dw 00466h,base+00000h
  dw 00306h,base+00000h
  dw 01113h,base+024F8h
  dw 00567h,base+00000h
  dw 00408h,base+00000h
  dw 00F11h,base+0289Ah
  dw 00567h,base+00000h
  dw 00406h,base+00000h
  dw 01012h,base+026DFh
  dw 00668h,base+00000h
  dw 00507h,base+00000h
  dw 00F11h,base+028A9h
  dw 00668h,base+00000h
  dw 00507h,base+00000h
  dw 00E0Fh,base+02A1Bh
  dw 0086Ah,base+00000h
  dw 00608h,base+00000h
  dw 00C0Eh,base+031BCh
  dw 0086Ah,base+00000h
  dw 0070Ah,base+00000h
  dw 00102h,base+0001Eh
  dw 00206h,base+00037h
  dw 00102h,base+0001Eh
  dw 00A6Ch,base+00000h
  dw 00814h,base+00000h
  dw 00A6Ch,base+00000h
  dw 00A12h,base+00000h
  dw 00C6Eh,base+00000h
  dw 00C0Eh,base+00000h
  dw 00104h,base+00000h
  dw 00C6Eh,base+00000h
  dw 00F10h,base+00000h
  dw 00E70h,base+00000h
  dw 01E00h,base+00000h

Teleportframe033:
  db 03Ch,014h,062h,049h
  db 062h
  db 000h,000h,0B7h,000h,000h
  db 000h,000h
  dw 00E10h,base+00000h
  dw 00E70h,base+00000h
  dw 00A12h,base+00000h
  dw 00C6Eh,base+00000h
  dw 0080Dh,base+00000h
  dw 00106h,base+0001Eh
  dw 00B6Dh,base+00000h
  dw 0070Ch,base+00000h
  dw 0030Ah,base+00052h
  dw 0086Ah,base+00000h
  dw 0070Ah,base+00000h
  dw 00607h,base+03D18h
  dw 00102h,base+0001Eh
  dw 00104h,base+0001Eh
  dw 00769h,base+00000h
  dw 00609h,base+00000h
  dw 00D0Eh,base+02CF9h
  dw 00769h,base+00000h
  dw 00608h,base+00000h
  dw 00D11h,base+02D06h
  dw 00567h,base+00000h
  dw 00507h,base+00000h
  dw 00E12h,base+02A29h
  dw 00567h,base+00000h
  dw 00507h,base+00000h
  dw 00F13h,base+028B8h
  dw 00466h,base+00000h
  dw 00406h,base+00000h
  dw 01114h,base+02509h
  dw 00466h,base+00000h
  dw 00405h,base+00000h
  dw 01315h,base+02157h
  dw 00466h,base+00000h
  dw 00305h,base+00000h
  dw 01315h,base+0216Ah
  dw 00466h,base+00000h
  dw 00405h,base+00000h
  dw 01516h,base+01BE2h
  dw 00365h,base+00000h
  dw 00304h,base+00000h
  dw 01617h,base+018BBh
  dw 00365h,base+00000h
  dw 00304h,base+00000h
  dw 01718h,base+013B0h
  dw 00264h,base+00000h
  dw 00203h,base+00000h
  dw 01819h,base+00D83h
  dw 00264h,base+00000h
  dw 00102h,base+00000h
  dw 00102h,base+00000h
  dw 01719h,base+013C7h
  dw 00166h,base+00000h
  dw 0181Ah,base+00D9Bh
  dw 00163h,base+00000h
  dw 00103h,base+00000h
  dw 0191Ah,base+00634h
  dw 00165h,base+00000h
  dw 01A00h,base+001C2h

Teleportframe034:
  db 03Ch,015h,062h,05Dh
  db 068h
  db 000h,000h,0A3h,000h,000h
  db 000h,000h
  dw 0197Fh,base+0064Dh
  dw 01A1Bh,base+001DCh
  dw 00166h,base+00000h
  dw 0197Fh,base+00666h
  dw 01A80h,base+001F6h
  dw 00E0Fh,base+02A37h
  dw 00C70h,base+031C8h
  dw 00C10h,base+031D4h
  dw 00C70h,base+031E0h
  dw 00C11h,base+031ECh
  dw 00B6Fh,base+036E7h
  dw 00B11h,base+036F2h
  dw 00B6Fh,base+036FDh
  dw 00B0Eh,base+03708h
  dw 00204h,base+00000h
  dw 0096Dh,base+03C26h
  dw 00C0Dh,base+031F8h
  dw 00305h,base+00000h
  dw 0096Fh,base+03C2Fh
  dw 00B0Ch,base+03713h
  dw 00306h,base+00000h
  dw 0096Dh,base+03C38h
  dw 00C0Dh,base+03204h
  dw 00305h,base+00000h
  dw 0096Fh,base+03C41h
  dw 00B0Eh,base+0371Eh
  dw 00102h,base+00000h
  dw 00A70h,base+03AA7h
  dw 00B0Fh,base+03729h
  dw 00B0Ch,base+03734h
  dw 00165h,base+00000h
  dw 00D10h,base+02D13h
  dw 00A0Bh,base+03AB1h
  dw 00265h,base+00000h
  dw 00C0Fh,base+03210h
  dw 00B0Ch,base+0373Fh
  dw 00266h,base+00000h
  dw 00C0Eh,base+0321Ch
  dw 00B0Dh,base+0374Ah
  dw 00165h,base+00000h
  dw 0191Ah,base+0067Fh
  dw 00265h,base+00000h
  dw 01A1Bh,base+00210h
  dw 00265h,base+00000h
  dw 0191Bh,base+00698h
  dw 00266h,base+00000h
  dw 01900h,base+006B1h

Teleportframe035:
  db 03Ch,016h,062h,072h
  db 066h
  db 000h,000h,08Eh,000h,000h
  db 000h,000h
  dw 0187Eh,base+00DB3h
  dw 00102h,base+00000h
  dw 0191Ah,base+006CAh
  dw 00264h,base+00000h
  dw 00203h,base+00000h
  dw 01719h,base+013DEh
  dw 00264h,base+00000h
  dw 00203h,base+00000h
  dw 01719h,base+013F5h
  dw 00264h,base+00000h
  dw 00203h,base+00000h
  dw 01718h,base+0140Ch
  dw 00365h,base+00000h
  dw 00304h,base+00000h
  dw 01618h,base+018D1h
  dw 00264h,base+00000h
  dw 00304h,base+00000h
  dw 01417h,base+01E91h
  dw 00365h,base+00000h
  dw 00305h,base+00000h
  dw 01315h,base+0217Dh
  dw 00466h,base+00000h
  dw 00205h,base+00000h
  dw 01213h,base+0238Eh
  dw 00102h,base+0001Eh
  dw 00466h,base+00000h
  dw 00307h,base+00000h
  dw 01013h,base+026EFh
  dw 00466h,base+00000h
  dw 00307h,base+00000h
  dw 00F12h,base+028C7h
  dw 00567h,base+00000h
  dw 00408h,base+00000h
  dw 00E11h,base+02A45h
  dw 00567h,base+00000h
  dw 00406h,base+00000h
  dw 00F11h,base+028D6h
  dw 00102h,base+0001Eh
  dw 00567h,base+00000h
  dw 00507h,base+00000h
  dw 00E11h,base+02A53h
  dw 00668h,base+00000h
  dw 00508h,base+00000h
  dw 00A0Bh,base+03ABBh
  dw 00102h,base+0001Fh
  dw 00203h,base+00000h
  dw 00668h,base+00000h
  dw 0070Ah,base+00000h
  dw 00506h,base+03D70h
  dw 00103h,base+0001Eh
  dw 00102h,base+0001Eh
  dw 0096Bh,base+00000h
  dw 00811h,base+00000h
  dw 00203h,base+00037h
  dw 00A6Ch,base+00000h
  dw 00911h,base+00000h
  dw 00103h,base+0001Fh
  dw 00A6Ch,base+00000h
  dw 00A0Bh,base+00000h
  dw 00105h,base+00000h
  dw 00102h,base+0001Eh
  dw 00C6Eh,base+00000h
  dw 00E12h,base+00000h
  dw 00C6Eh,base+00000h
  dw 00D10h,base+00000h
  dw 00E70h,base+00000h
  dw 00E0Fh,base+00000h
  dw 00F00h,base+00000h

Teleportframe036:
  db 03Ch,014h,062h,049h
  db 062h
  db 000h,000h,0B7h,000h,000h
  db 000h,000h
  dw 00F12h,base+00000h
  dw 00C6Eh,base+00000h
  dw 00A11h,base+00000h
  dw 00D6Fh,base+00000h
  dw 0080Eh,base+00000h
  dw 00104h,base+0001Eh
  dw 00C6Eh,base+00000h
  dw 0070Ch,base+00000h
  dw 00109h,base+0001Eh
  dw 0096Bh,base+00000h
  dw 0070Ah,base+00000h
  dw 0030Ch,base+00037h
  dw 0086Ah,base+00000h
  dw 00609h,base+00000h
  dw 0040Dh,base+002C2h
  dw 0086Ah,base+00000h
  dw 00608h,base+00000h
  dw 0080Fh,base+03D20h
  dw 00769h,base+00000h
  dw 00507h,base+00000h
  dw 00D10h,base+02D20h
  dw 00769h,base+00000h
  dw 00507h,base+00000h
  dw 01011h,base+026FFh
  dw 00668h,base+00000h
  dw 00406h,base+00000h
  dw 01113h,base+0251Ah
  dw 00567h,base+00000h
  dw 00406h,base+00000h
  dw 01214h,base+023A0h
  dw 00466h,base+00000h
  dw 00305h,base+00000h
  dw 01415h,base+01EA5h
  dw 00466h,base+00000h
  dw 00405h,base+00000h
  dw 01516h,base+01BF7h
  dw 00365h,base+00000h
  dw 00304h,base+00000h
  dw 01617h,base+018E7h
  dw 00365h,base+00000h
  dw 00304h,base+00000h
  dw 01718h,base+01423h
  dw 00264h,base+00000h
  dw 00203h,base+00000h
  dw 01819h,base+00DCBh
  dw 00264h,base+00000h
  dw 00204h,base+00000h
  dw 01819h,base+00DE3h
  dw 00163h,base+00000h
  dw 00103h,base+00000h
  dw 0191Ah,base+006E3h
  dw 00163h,base+00000h
  dw 00103h,base+00000h
  dw 0191Ah,base+006FCh
  dw 00165h,base+00000h
  dw 01A00h,base+0022Ah

Teleportframe037:
  db 03Ch,015h,062h,05Dh
  db 068h
  db 000h,000h,0A3h,000h,000h
  db 000h,000h
  dw 0197Fh,base+00715h
  dw 01A7Fh,base+00244h
  dw 01C80h,base+0001Eh
  dw 0191Ah,base+0072Eh
  dw 00266h,base+00037h
  dw 00E10h,base+02A61h
  dw 00B6Fh,base+03755h
  dw 00C10h,base+03228h
  dw 00A71h,base+03AC5h
  dw 00B10h,base+03760h
  dw 0090Ch,base+03C4Ah
  dw 00163h,base+0001Eh
  dw 00C0Eh,base+03234h
  dw 00103h,base+00000h
  dw 00970h,base+03C53h
  dw 00B0Dh,base+0376Bh
  dw 00304h,base+00000h
  dw 0090Ah,base+03C5Ch
  dw 00164h,base+00000h
  dw 00B0Dh,base+03776h
  dw 00405h,base+00000h
  dw 00809h,base+03D28h
  dw 00266h,base+00000h
  dw 00B0Ch,base+03781h
  dw 00405h,base+00000h
  dw 0090Ah,base+03C65h
  dw 00265h,base+00000h
  dw 00A0Ch,base+03ACFh
  dw 00405h,base+00000h
  dw 0090Ah,base+03C6Eh
  dw 00165h,base+00000h
  dw 00B0Ch,base+0378Ch
  dw 00406h,base+00000h
  dw 00809h,base+03D30h
  dw 00265h,base+00000h
  dw 00A11h,base+03AD9h
  dw 0090Ah,base+03C77h
  dw 00265h,base+00000h
  dw 00C11h,base+03240h
  dw 0090Ah,base+03C80h
  dw 00265h,base+00000h
  dw 01011h,base+0270Fh
  dw 0090Ah,base+03C89h
  dw 00265h,base+00000h
  dw 01A1Bh,base+0025Eh
  dw 00265h,base+00000h
  dw 01A1Bh,base+00278h
  dw 00264h,base+00000h
  dw 00102h,base+00000h
  dw 0191Ah,base+00747h
  dw 00264h,base+00000h
  dw 00102h,base+00000h
  dw 0191Ah,base+00760h
  dw 00266h,base+00000h
  dw 01900h,base+00779h

Teleportframe038:
  db 03Ch,016h,062h,072h
  db 066h
  db 000h,000h,08Eh,000h,000h
  db 000h,000h
  dw 0197Eh,base+00792h
  dw 00203h,base+00000h
  dw 01819h,base+00DFBh
  dw 00264h,base+00000h
  dw 00203h,base+00000h
  dw 01819h,base+00E13h
  dw 00264h,base+00000h
  dw 00304h,base+00000h
  dw 01518h,base+01C0Ch
  dw 00264h,base+00000h
  dw 00304h,base+00000h
  dw 01415h,base+01EB9h
  dw 00102h,base+0001Eh
  dw 00365h,base+00000h
  dw 00405h,base+00000h
  dw 01314h,base+02190h
  dw 00103h,base+0001Eh
  dw 00264h,base+00000h
  dw 00405h,base+00000h
  dw 01316h,base+021A3h
  dw 00365h,base+00000h
  dw 00506h,base+00000h
  dw 01213h,base+023B2h
  dw 00102h,base+0001Eh
  dw 00365h,base+00000h
  dw 00506h,base+00000h
  dw 01112h,base+0252Bh
  dw 00103h,base+0001Eh
  dw 00365h,base+00000h
  dw 00507h,base+00000h
  dw 01011h,base+0271Fh
  dw 00103h,base+0001Eh
  dw 00365h,base+00000h
  dw 00407h,base+00000h
  dw 00F13h,base+028E5h
  dw 00466h,base+00000h
  dw 00509h,base+00000h
  dw 00D11h,base+02D2Dh
  dw 00466h,base+00000h
  dw 0050Ah,base+00000h
  dw 00607h,base+00310h
  dw 00508h,base+03DC8h
  dw 00567h,base+00000h
  dw 00609h,base+00000h
  dw 00203h,base+00037h
  dw 00708h,base+03D72h
  dw 00205h,base+00376h
  dw 00567h,base+00000h
  dw 0060Bh,base+00000h
  dw 00103h,base+0001Eh
  dw 00105h,base+0001Eh
  dw 00206h,base+002A7h
  dw 00567h,base+00000h
  dw 00813h,base+00000h
  dw 00102h,base+0001Fh
  dw 00304h,base+00000h
  dw 00567h,base+00000h
  dw 00912h,base+00000h
  dw 00102h,base+0001Eh
  dw 00A6Ch,base+00000h
  dw 00A11h,base+00000h
  dw 00103h,base+0001Eh
  dw 00A6Ch,base+00000h
  dw 00F13h,base+00000h
  dw 00B6Dh,base+00000h
  dw 00E12h,base+00000h
  dw 00C6Eh,base+00000h
  dw 00D11h,base+00000h
  dw 00D6Fh,base+00000h
  dw 00E0Fh,base+00000h
  dw 00F00h,base+00000h

Teleportframe039:
  db 03Ch,014h,062h,049h
  db 062h
  db 000h,000h,0B7h,000h,000h
  db 000h,000h
  dw 00F11h,base+00000h
  dw 00D6Fh,base+00000h
  dw 00C11h,base+00000h
  dw 00D6Fh,base+00000h
  dw 0090Ah,base+00000h
  dw 00107h,base+00000h
  dw 00D6Fh,base+00000h
  dw 0080Fh,base+00000h
  dw 00F71h,base+00000h
  dw 0070Ah,base+00000h
  dw 00102h,base+0001Eh
  dw 00107h,base+0001Eh
  dw 00B6Dh,base+00000h
  dw 00609h,base+00000h
  dw 0030Bh,base+00037h
  dw 00A6Ch,base+00000h
  dw 00607h,base+00000h
  dw 0060Ah,base+03DA7h
  dw 00205h,base+00037h
  dw 0086Ah,base+00000h
  dw 00506h,base+00000h
  dw 00F11h,base+028F4h
  dw 00769h,base+00000h
  dw 00506h,base+00000h
  dw 01012h,base+0272Fh
  dw 00668h,base+00000h
  dw 00405h,base+00000h
  dw 01213h,base+023C4h
  dw 00668h,base+00000h
  dw 00405h,base+00000h
  dw 01314h,base+021B6h
  dw 00567h,base+00000h
  dw 00304h,base+00000h
  dw 01416h,base+01ECDh
  dw 00466h,base+00000h
  dw 00305h,base+00000h
  dw 01516h,base+01C21h
  dw 00365h,base+00000h
  dw 00204h,base+00000h
  dw 01617h,base+018FDh
  dw 00365h,base+00000h
  dw 00204h,base+00000h
  dw 01718h,base+0143Ah
  dw 00264h,base+00000h
  dw 00103h,base+00000h
  dw 01819h,base+00E2Bh
  dw 00264h,base+00000h
  dw 00103h,base+00000h
  dw 0191Ah,base+007ABh
  dw 00165h,base+00000h
  dw 01A1Bh,base+00292h
  dw 00163h,base+00000h
  dw 00103h,base+00000h
  dw 0191Ah,base+007C4h
  dw 00165h,base+00000h
  dw 01A00h,base+002ACh

Teleportframe040:
  db 03Ch,015h,062h,05Dh
  db 066h
  db 000h,000h,0A3h,000h,000h
  db 000h,000h
  dw 01617h,base+01913h
  dw 00468h,base+032E7h
  dw 01719h,base+01451h
  dw 00268h,base+0003Bh
  dw 01719h,base+01468h
  dw 00266h,base+00037h
  dw 01881h,base+00E43h
  dw 0187Fh,base+00E5Bh
  dw 00C0Fh,base+0324Ch
  dw 00A71h,base+03AE3h
  dw 00C10h,base+03258h
  dw 0090Ah,base+03C92h
  dw 00166h,base+00000h
  dw 00B0Dh,base+03797h
  dw 00203h,base+00000h
  dw 0090Ah,base+03C9Bh
  dw 00166h,base+00000h
  dw 00B0Dh,base+037A2h
  dw 00304h,base+00000h
  dw 0090Ah,base+03CA4h
  dw 00264h,base+00000h
  dw 00C0Dh,base+03264h
  dw 00405h,base+00000h
  dw 00809h,base+03D38h
  dw 00366h,base+00000h
  dw 00B0Ch,base+037ADh
  dw 00406h,base+00000h
  dw 00809h,base+03D40h
  dw 00265h,base+00000h
  dw 00B0Ch,base+037B8h
  dw 00405h,base+00000h
  dw 0090Ah,base+03CADh
  dw 00265h,base+00000h
  dw 00B0Dh,base+037C3h
  dw 00305h,base+00000h
  dw 00809h,base+03D48h
  dw 00265h,base+00000h
  dw 00B0Dh,base+037CEh
  dw 00204h,base+00000h
  dw 0090Ah,base+03CB6h
  dw 00265h,base+00000h
  dw 00C0Eh,base+03270h
  dw 00103h,base+00000h
  dw 0090Ah,base+03CBFh
  dw 00265h,base+00000h
  dw 00C10h,base+0327Ch
  dw 00A0Bh,base+03AEDh
  dw 00264h,base+00000h
  dw 00102h,base+00000h
  dw 00D0Fh,base+02D3Ah
  dw 00A0Bh,base+03AF7h
  dw 00264h,base+00000h
  dw 00102h,base+00000h
  dw 0191Ah,base+007DDh
  dw 00264h,base+00000h
  dw 00102h,base+00000h
  dw 0191Ah,base+007F6h
  dw 00264h,base+00000h
  dw 00102h,base+00000h
  dw 0191Ah,base+0080Fh
  dw 00267h,base+00000h
  dw 01800h,base+00E73h

Teleportframe041:
  db 03Ch,016h,062h,072h
  db 068h
  db 000h,000h,08Eh,000h,000h
  db 000h,000h
  dw 0187Dh,base+00E8Bh
  dw 00304h,base+00000h
  dw 01718h,base+0147Fh
  dw 00264h,base+00000h
  dw 00304h,base+00000h
  dw 01718h,base+01496h
  dw 00264h,base+00000h
  dw 00304h,base+00000h
  dw 01718h,base+014ADh
  dw 00264h,base+00000h
  dw 00304h,base+00000h
  dw 01617h,base+01929h
  dw 00365h,base+00000h
  dw 00405h,base+00000h
  dw 01516h,base+01C36h
  dw 00365h,base+00000h
  dw 00405h,base+00000h
  dw 01314h,base+021C9h
  dw 00102h,base+0003Ch
  dw 00365h,base+00000h
  dw 00507h,base+00000h
  dw 01112h,base+0253Ch
  dw 00102h,base+0001Eh
  dw 00365h,base+00000h
  dw 00507h,base+00000h
  dw 00D0Eh,base+02D47h
  dw 00203h,base+0253Ah
  dw 00102h,base+0001Eh
  dw 00466h,base+00000h
  dw 00608h,base+00000h
  dw 00C0Dh,base+03288h
  dw 00406h,base+03DCDh
  dw 00365h,base+00000h
  dw 00709h,base+00000h
  dw 00809h,base+03D50h
  dw 00102h,base+0001Eh
  dw 00306h,base+01F78h
  dw 00466h,base+00000h
  dw 0080Ah,base+00000h
  dw 00508h,base+03DC3h
  dw 00102h,base+0001Eh
  dw 00304h,base+02153h
  dw 00102h,base+0001Eh
  dw 00466h,base+00000h
  dw 0080Fh,base+00000h
  dw 00102h,base+0001Eh
  dw 00102h,base+0001Eh
  dw 00306h,base+019AAh
  dw 00567h,base+00000h
  dw 00A10h,base+00000h
  dw 00104h,base+0001Eh
  dw 00205h,base+00036h
  dw 00567h,base+00000h
  dw 00913h,base+00000h
  dw 00205h,base+0003Bh
  dw 00668h,base+00000h
  dw 00A11h,base+00000h
  dw 00102h,base+00000h
  dw 00205h,base+00036h
  dw 00668h,base+00000h
  dw 00B10h,base+00000h
  dw 00102h,base+00000h
  dw 00103h,base+0001Eh
  dw 00102h,base+00000h
  dw 00769h,base+00000h
  dw 00C0Dh,base+00000h
  dw 00405h,base+00000h
  dw 00102h,base+0001Eh
  dw 00A6Ch,base+00000h
  dw 00F13h,base+00000h
  dw 00B6Dh,base+00000h
  dw 00F12h,base+00000h
  dw 00C6Eh,base+00000h
  dw 00E11h,base+00000h
  dw 00D6Fh,base+00000h
  dw 00F10h,base+00000h
  dw 00E00h,base+00000h

Teleportframe042:
  db 03Ch,014h,062h,049h
  db 062h
  db 000h,000h,0B7h,000h,000h
  db 000h,000h
  dw 00F11h,base+00000h
  dw 00D6Fh,base+00000h
  dw 00D11h,base+00000h
  dw 00D6Fh,base+00000h
  dw 0090Ah,base+00000h
  dw 00204h,base+00000h
  dw 00103h,base+0001Eh
  dw 00D6Fh,base+00000h
  dw 0080Ch,base+00000h
  dw 00103h,base+0001Eh
  dw 00F71h,base+00000h
  dw 0070Ch,base+00000h
  dw 00203h,base+00037h
  dw 00F71h,base+00000h
  dw 0060Bh,base+00000h
  dw 00209h,base+00047h
  dw 00A6Ch,base+00000h
  dw 00607h,base+00000h
  dw 0060Ah,base+03DADh
  dw 00205h,base+00037h
  dw 0086Ah,base+00000h
  dw 00506h,base+00000h
  dw 00607h,base+03DB3h
  dw 00709h,base+03D82h
  dw 0086Ah,base+00000h
  dw 00506h,base+00000h
  dw 01012h,base+0273Fh
  dw 00668h,base+00000h
  dw 00405h,base+00000h
  dw 01113h,base+0254Dh
  dw 00668h,base+00000h
  dw 00405h,base+00000h
  dw 01314h,base+021DCh
  dw 00567h,base+00000h
  dw 00304h,base+00000h
  dw 01416h,base+01EE1h
  dw 00466h,base+00000h
  dw 00304h,base+00000h
  dw 01517h,base+01C4Bh
  dw 00365h,base+00000h
  dw 00203h,base+00000h
  dw 01718h,base+014C4h
  dw 00365h,base+00000h
  dw 00203h,base+00000h
  dw 01819h,base+00EA3h
  dw 00264h,base+00000h
  dw 00102h,base+00000h
  dw 0191Ah,base+00828h
  dw 00264h,base+00000h
  dw 00103h,base+00000h
  dw 0191Ah,base+00841h
  dw 00163h,base+00000h
  dw 00102h,base+00000h
  dw 01A1Bh,base+002C6h
  dw 00163h,base+00000h
  dw 00102h,base+00000h
  dw 01A1Bh,base+002E0h
  dw 00164h,base+00000h
  dw 01B00h,base+00055h

Teleportframe043:
  db 03Ch,015h,062h,05Dh
  db 066h
  db 000h,000h,0A3h,000h,000h
  db 000h,000h
  dw 01617h,base+0193Fh
  dw 00468h,base+00036h
  dw 01718h,base+014DBh
  dw 00369h,base+00051h
  dw 01A7Fh,base+002FAh
  dw 01881h,base+00EBBh
  dw 00C0Eh,base+03294h
  dw 00C71h,base+032A0h
  dw 00C0Fh,base+032ACh
  dw 00A71h,base+03B01h
  dw 00C10h,base+032B8h
  dw 00A6Fh,base+03B0Bh
  dw 00C0Eh,base+032C4h
  dw 00103h,base+00000h
  dw 00970h,base+03CC8h
  dw 00B0Dh,base+037D9h
  dw 00204h,base+00000h
  dw 0090Bh,base+03CD1h
  dw 00164h,base+00000h
  dw 00B0Ch,base+037E4h
  dw 00304h,base+00000h
  dw 00A0Bh,base+03B15h
  dw 00265h,base+00000h
  dw 00B0Ch,base+037EFh
  dw 00405h,base+00000h
  dw 00A0Bh,base+03B1Fh
  dw 00164h,base+00000h
  dw 00A0Ch,base+03B29h
  dw 00405h,base+00000h
  dw 0090Ah,base+03CDAh
  dw 00265h,base+00000h
  dw 00B0Ch,base+037FAh
  dw 00405h,base+00000h
  dw 0090Bh,base+03CE3h
  dw 00164h,base+00000h
  dw 00B0Ch,base+03805h
  dw 00305h,base+00000h
  dw 0090Ah,base+03CECh
  dw 00265h,base+00000h
  dw 00C0Dh,base+032D0h
  dw 00204h,base+00000h
  dw 0090Bh,base+03CF5h
  dw 00163h,base+00000h
  dw 00102h,base+00000h
  dw 00B10h,base+03810h
  dw 0090Ah,base+03CFEh
  dw 00264h,base+00000h
  dw 00102h,base+00000h
  dw 00C10h,base+032DCh
  dw 0090Bh,base+03D07h
  dw 00163h,base+00000h
  dw 00102h,base+00000h
  dw 00B0Eh,base+0381Bh
  dw 00B0Ch,base+03826h
  dw 00264h,base+00000h
  dw 00203h,base+00000h
  dw 0181Ah,base+00ED3h
  dw 00163h,base+00000h
  dw 00203h,base+00000h
  dw 01819h,base+00EEBh
  dw 00267h,base+00000h
  dw 01900h,base+0085Ah

Teleportframe044:
  db 03Ch,016h,062h,072h
  db 068h
  db 000h,000h,08Eh,000h,000h
  db 000h,000h
  dw 0187Dh,base+00F03h
  dw 00304h,base+00000h
  dw 01719h,base+014F2h
  dw 00163h,base+00000h
  dw 00304h,base+00000h
  dw 01618h,base+01955h
  dw 00264h,base+00000h
  dw 00305h,base+00000h
  dw 01617h,base+0196Bh
  dw 00264h,base+00000h
  dw 00305h,base+00000h
  dw 01517h,base+01C60h
  dw 00264h,base+00000h
  dw 00506h,base+00000h
  dw 01416h,base+01EF5h
  dw 00264h,base+00000h
  dw 00506h,base+00000h
  dw 01415h,base+01F09h
  dw 00365h,base+00000h
  dw 00607h,base+00000h
  dw 01315h,base+021EFh
  dw 00264h,base+00000h
  dw 00607h,base+00000h
  dw 01214h,base+023D6h
  dw 00365h,base+00000h
  dw 00709h,base+00000h
  dw 01112h,base+0255Eh
  dw 00365h,base+00000h
  dw 00405h,base+00000h
  dw 00204h,base+00000h
  dw 01011h,base+0274Fh
  dw 00466h,base+00000h
  dw 00407h,base+00000h
  dw 00205h,base+00000h
  dw 00709h,base+03D6Ch
  dw 00405h,base+03DD1h
  dw 00466h,base+00000h
  dw 0040Dh,base+00000h
  dw 00304h,base+00037h
  dw 00103h,base+0001Eh
  dw 00203h,base+001C2h
  dw 00103h,base+0001Eh
  dw 00466h,base+00000h
  dw 00507h,base+00000h
  dw 00109h,base+0001Eh
  dw 00104h,base+0001Eh
  dw 00203h,base+006E1h
  dw 00103h,base+0001Eh
  dw 00466h,base+00000h
  dw 00507h,base+00000h
  dw 0010Ch,base+0001Eh
  dw 00206h,base+0003Bh
  dw 00567h,base+00000h
  dw 00610h,base+00000h
  dw 00204h,base+00000h
  dw 00105h,base+0001Eh
  dw 00567h,base+00000h
  dw 0060Eh,base+00000h
  dw 00309h,base+00000h
  dw 00769h,base+00000h
  dw 00809h,base+00000h
  dw 00104h,base+00000h
  dw 00407h,base+00000h
  dw 00103h,base+00000h
  dw 00769h,base+00000h
  dw 01011h,base+00000h
  dw 00102h,base+0001Eh
  dw 00203h,base+00000h
  dw 0086Ah,base+00000h
  dw 01012h,base+00000h
  dw 00C6Eh,base+00000h
  dw 01011h,base+00000h
  dw 00D6Fh,base+00000h
  dw 01E00h,base+00000h


